0.8281192491718807,0.8739911481385056,0.8715888015543584
0.819377990430622,0.7735832682461165,0.8828932261768083
0.81900993743099,0.9352599149527033,0.9006447054667491
0.8732057416267942,0.8666145968931702,0.8835997527157113
0.8620721383879278,0.8239173826260523,0.9176013424004239
0.8991534781008466,0.8495183545951576,0.9454208248697342
0.8743099006256901,0.9457606526078278,1.0003532632694516
0.8981413323518587,0.9127831293933871,0.8795372251170185
0.9274935590725064,0.8776360322832596,0.8994965998410315
0.8780824438719176,0.9041048338106396,0.9142453413406341
0.8896761133603239,0.7808730365356245,0.7989931996820631
0.854066985645933,0.8437906795105441,0.8886337543053962
0.882039013617961,0.8095981949145188,0.9077099708557803
0.8432094221567906,0.8359802134860713,0.8236333127263092
0.8495583364004416,0.8949058404929272,0.9385321911154287
0.853974972396025,0.8717347912869913,0.8824516470899938
0.916083916083916,0.7953657901588128,0.9176896582177868
0.9557416267942583,0.8363273453093812,0.8480967941358297
0.9493006993006993,0.8946454916254447,0.8227501545526804
0.8015274199484725,0.8681766900980648,0.8832464894462598
0.8467979389032021,0.8712140935520264,0.8760045924225028
0.8823150533676849,0.7993578061268767,0.8916364920957344
0.8406330511593669,0.8332031588995921,0.9150401836969001
0.8620721383879278,0.9034105701640198,0.8640819570785128
0.7803643724696356,0.7333159767421679,0.8184226795018988
0.9244571218255428,0.8397986635424802,0.8164797315199153
0.8772543246227457,0.8772889004599497,0.8367923695133799
0.9756164887743836,0.8317278486505251,0.9168065000441579
0.9070666175929334,0.8677427753189274,0.9589331449262563
0.8851674641148325,0.8759871561225375,0.8523359533692484
0.9261133603238867,0.8456131215829211,0.8995849156583944
0.8572874493927125,0.8378894385142758,0.9327916629868409
0.8720095693779905,0.9129566953050421,0.8770643822308576
0.9019138755980861,0.892128785906448,0.8725602755453502
0.9419396393080604,0.8791113425323267,0.9020577585445553
0.8870077291129923,0.9041048338106396,0.8269009979687362
0.8389768126610232,0.8893517313199688,0.9448026141481939
0.8690651453809348,0.8754664583875726,0.9123023933586505
1.0254876702245124,0.9545257311464028,0.8819217521858165
0.9081707765918292,0.8535971535190489,0.9197209220171333
0.93099006256901,0.8826694437212531,0.9011746003709264
0.9319101950680898,0.9054933611038792,0.8883688068533074
0.9830695620169304,0.8374555237351384,0.9298772410138656
0.8597718071402282,0.8953397552720646,0.8610792192881745
0.7953625322046375,0.8254794758309468,0.9142453413406341
0.8834192123665808,0.8212271109954005,0.8317583679236952
0.9015458225984542,0.918597587433828,0.8571933233242074
0.8575634891424365,0.8399722294541352,0.8611675351055375
0.8554471843945528,0.759264080534583,0.8253113132562042
0.7467795362532205,0.8831033585003906,0.8827165945420825
0.8770702981229297,0.9447192571378982,0.9877241013865583
1.0110415899889584,0.8746854117851254,0.8989667049368542
1.0054287817445713,0.8856200642193873,0.9757131502252053
0.9350386455649613,0.899418554195956,0.8733551179016161
0.9261133603238867,0.8880499869825567,0.9077099708557803
0.8932646301067354,0.9780439121756487,0.9654685154111101
0.8938167096061833,0.9001996007984032,0.8848361741587918
0.8365844681634156,0.8260001735659116,0.8424445818246048
0.854527051895473,0.7937169139980907,0.9283758721186964
0.9654030180345969,0.8084700164887616,0.8970237569548706
0.8908722856091277,0.8352859498394515,0.8609909034708116
0.8675009201324991,0.8929966154647228,0.8412964761988873
0.8703533308796466,0.8226156382886401,0.8762695398745916
0.896117040853883,0.8168879632040267,0.8194824693102535
0.780031751631681,0.8051580698835274,0.8551682692307693
0.8035808784618098,0.7834442595673877,0.8273523351648352
0.7621273593226319,0.7300332778702163,0.7676854395604396
0.7578938084318222,0.855324459234609,0.8228880494505495
0.7733286293878991,0.7681364392678869,0.8615212912087912
0.7677720938437114,0.7723793677204659,0.8700206043956044
0.8180455106720762,0.8425956738768718,0.8451236263736264
0.8273946022226142,0.7747088186356074,0.8434065934065934
0.8153113423884283,0.8033277870216307,0.8900240384615384
0.8688481213617922,0.8916805324459235,0.8367101648351648
0.9486681954489328,0.8559900166389351,0.8209134615384616
0.7654789204445228,0.7649750415973378,0.8573145604395604
0.7765037925560063,0.8603993344425956,0.851820054945055
0.7925560063503263,0.8008319467554077,0.8329326923076923
0.7489857117657435,0.8325291181364393,0.8303571428571429
0.8828717586875993,0.8207986688851914,0.7386675824175825
0.8086082201446463,0.8386855241264559,0.8082932692307693
0.8380666784265303,0.8278702163061564,0.8271806318681318
0.7641559357911448,0.8549916805324459,0.7872596153846154
0.7937025930499206,0.8188851913477537,0.8153331043956044
0.808167225260187,0.7182196339434276,0.7679429945054945
0.8968953960134063,0.7697171381031614,0.8898523351648352
0.8773152231434115,0.8757071547420965,0.8447802197802198
0.7991709296172165,0.873044925124792,0.8510473901098901
0.8593226318574705,0.7802828618968386,0.9329498626373627
0.8319809490209914,0.844342762063228,0.909426510989011
0.8588816369730111,0.8053244592346089,0.8854739010989011
0.8718468865761158,0.8492512479201331,0.8700206043956044
0.6594637502204974,0.7437603993344426,0.7614182692307693
0.8234256482624801,0.8721297836938436,0.7891483516483516
0.7963485623566766,0.7681364392678869,0.8434065934065934
0.8774916210971953,0.8430116472545757,0.8218578296703297
0.8152231434115365,0.8561564059900166,0.8411744505494505
0.8180455106720762,0.8470881863560732,0.8191964285714286
0.7750044099488446,0.8029950083194676,0.7539491758241759
0.7847062974069501,0.7771214642262895,0.8241758241758241
0.7397248191920974,0.6817803660565723,0.8631524725274725
0.7755336038101958,0.7556572379367721,0.8059752747252747
0.8063150467454577,0.844675540765391,0.7870879120879121
0.80878461809843,0.8207154742096506,0.8191964285714286
0.7787969659551949,0.7621464226289517,0.8307005494505495
0.7033868407126478,0.657820299500832,0.6923935439560439
0.8277473981301817,0.7604825291181364,0.8190247252747253
0.7742988181337096,0.7675540765391015,0.7903502747252747
0.7792379608396542,0.7504159733777038,0.7708619505494505
0.7242017992591286,0.7702995008319468,0.732915521978022
0.7903510319280297,0.6816139767054908,0.728279532967033
0.7712118539424943,0.8146422628951747,0.8276957417582418
0.7906156288587053,0.820549084858569,0.7583276098901099
0.8591462339036867,0.7936772046589018,0.8119848901098901
0.8125771741047804,0.7698835274542429,0.711195054945055
0.8124007761509966,0.8861896838602329,0.9187843406593407
0.8367436937731523,0.757071547420965,0.8176510989010989
0.8082554242370789,0.8643926788685524,0.7935267857142857
0.7994355265478921,0.8838602329450915,0.8681318681318682
0.8206032810019404,0.8273710482529119,0.8438358516483516
0.8658493561474687,0.8991680532445924,0.7910370879120879
0.8436404071507998,0.8634349521446296,0.8788554109466928
0.8790522624240868,0.837823466855725,0.8264396505615974
0.8581815071422462,0.8825771003190358,0.8713674451773935
0.8454366606791549,0.8482807515065579,0.904617578891068
0.8707552818407321,0.8029067706487061,0.827241932608308
0.8699854589000086,0.8409252038284296,0.9309146015332501
0.8101103412881704,0.8651187522155264,0.9343020146193617
0.8840988794799418,0.8431407302375045,0.8792119807452309
0.8633136600804038,0.9704005671747608,0.9059547156355857
0.8548456077324438,0.9077454803261255,0.868693171688358
0.8521084594987597,0.8660049627791563,0.9290426100909253
0.9027457018219143,0.85900389932648,0.9525762167944375
0.9109571465229663,0.901453385324353,0.9260117668033517
0.7774356342485673,0.8446472881956752,0.8399001604564094
0.9507313317936874,0.793424317617866,0.8612052059190587
0.8941065777093491,0.9167848280751506,0.8289356391513639
0.8233684030450774,0.8886033321517193,0.8367801747192013
0.7799161748353435,0.8390641616448068,0.8398110180067748
0.8960739030023095,0.9099610067352003,0.8342841861294349
0.880164228894021,0.8269230769230769,0.7975574968800143
0.7348387648618595,0.7776497695852534,0.8201996790871813
0.791891198357711,0.7535448422545197,0.8776965591014441
0.8924813959455992,0.8531549096065225,0.8240328044214655
0.7391155589769909,0.7883729174051755,0.8546086646461045
0.8742622530151398,0.8067174760723148,0.8756462827598502
0.8034385424685656,0.8238213399503722,0.8056694597967552
0.9271234282781627,0.8237327188940092,0.7850775539311821
0.8371396800958002,0.8442041829138603,0.8012123373150294
0.8562997177315884,0.8341013824884793,0.8128008557675165
0.8667350953725088,0.815313718539525,0.818416830094491
0.8083996236421178,0.8936547323644097,0.8671777500445712
0.8368830724488923,0.8466855724920241,0.8352647530754145
0.8354289624497476,0.8684863523573201,0.9334997325726511
0.9166025147549397,0.8940978376462247,0.8764485648065609
0.8751176118381662,0.9068592697624955,0.9092529862720627
0.8780258318364554,0.8734491315136477,0.8783205562488857
0.8650243777264562,0.8502304147465438,0.9161169548939205
0.8582670430245488,0.8283410138248848,1.0023177036904973
0.9380720212128988,0.8466855724920241,0.8599572116241754
0.7770934907193567,0.7666607585962425,0.8243893742200036
0.7859892224788299,0.8860333215171925,0.9113032626136566
0.9007783765289539,0.8568769939737682,0.9566767694776253
0.8942776494739543,0.8855015951790145,0.8495275450169371
0.9084766059361903,0.880095710740872,0.9069352825815653
0.7848772560088957,0.7920950017724211,0.8058477446960243
0.8604054400821144,0.8834633108826657,0.8727937243715457
0.9130100076982294,0.8707018787663949,0.9886789088964165
0.8247369771619194,0.8767281105990783,0.9994651453021929
0.9528697288512531,0.8787663948954272,0.9399179889463363
0.8586947224360619,0.9840482098546615,0.9565876270279907
0.7383457360362672,0.7771180432470755,0.8473881262257087
0.747070396031135,0.7185395249911379,0.7201818505972544
0.8840988794799418,0.8337468982630273,0.8464967017293635
0.8545034642032333,0.8234668557249203,0.8615617757175967
0.837396287742708,0.8440269408011344,0.7674273489035479
0.804721580703105,0.7537220843672456,0.7794615796042075
0.747070396031135,0.8295817086139666,0.7884649670172936
0.8030108630570524,0.6923963133640553,0.7691210554466037
0.7903515524762638,0.8642325416518964,0.7640399358174362
0.8556154306731674,0.8490783410138248,0.8722588696737387
0.8744333247797451,0.8333924140375754,0.8535389552504903
0.7887869906400681,0.8583966244725738,0.7851534040314093
0.8531719769310768,0.9194936708860759,0.7455678782481988
0.8828590337524818,0.7219409282700422,0.8644863595887639
0.9097097475654723,0.8086075949367089,0.7812677082490084
0.8038196085846648,0.8588185654008439,0.7707439488383389
0.868488229176515,0.8427004219409283,0.8152675463450174
0.8685827739434623,0.8094514767932489,0.8138913624220837
0.9203933062305002,0.790126582278481,0.7768153484983404
0.7890706249409095,0.8651476793248946,0.8528292722415608
0.900066181336863,0.96,0.7446774062980652
0.8314266805332324,0.8464135021097047,0.8460293046223589
0.8338848444738584,0.8118987341772151,0.8253865457783535
0.8781317954051243,0.7991561181434599,0.8289484335788877
0.8796445116762788,0.8330801687763713,0.7703391888610054
0.8181904131606316,0.8273417721518987,0.7573868695863353
0.9812801361444644,0.8225316455696202,0.7773820124666073
0.9377895433487756,0.8308860759493671,0.73771553468793
0.8370993665500615,0.8604219409282701,0.8250627377964866
0.8608301030537959,0.8573839662447258,0.7896057637820773
0.913302448709464,0.839915611814346,0.8178580101999514
0.9327786707005767,0.839493670886076,0.7991580992471464
0.7936087737543727,0.7349367088607595,0.7259774953452602
0.7843433865935521,0.8718987341772152,0.8109770905852829
0.8492010967192966,0.8308860759493671,0.765239213146604
0.8028741609151934,0.8118987341772151,0.7876629158908767
0.8131795405124327,0.8668354430379747,0.7763296365255403
0.8523210740285525,0.809367088607595,0.7777867724439408
0.7289401531625225,0.839493670886076,0.7285679592001942
0.7745107308310485,0.8067510548523207,0.834048409293289
0.8065614068261322,0.7981434599156119,0.7684772929652716
0.7778197976741987,0.8233755274261604,0.7870152999271433
0.8520374397277111,0.7994936708860759,0.7620011333279365
0.7397182565944975,0.720590717299578,0.781105804258075
0.802023258012669,0.7532489451476794,0.7684772929652716
0.7879360877375438,0.770210970464135,0.8150246903586174
0.8592228420156944,0.8160337552742616,0.7443535983161985
0.8073177649617094,0.8037974683544303,0.7505869019671335
0.8276448898553465,0.8183122362869198,0.7841819800858091
0.8446629479058334,0.7451476793248946,0.7611916133732697
0.8359648293466957,0.8160337552742616,0.8020723710839472
0.8054268696227663,0.8362025316455696,0.7692868129199385
0.8790772430745958,0.8341772151898734,0.7681534849834049
0.7366928240521887,0.6917299578059072,0.8104104266170161
0.6888531719769311,0.7450632911392405,0.7104347122156561
0.7504018152595254,0.7549367088607595,0.7582773415364689
0.7782925215089345,0.8172995780590717,0.723710839472193
0.8014559894109861,0.8161181434599156,0.766291589087671
0.7608962843906589,0.7267510548523207,0.7673439650287379
0.8277394346222936,0.739746835443038,0.7009633287460536
0.812801361444644,0.9046413502109705,0.876143446935967
0.7943651318899498,0.8328270042194093,0.8599530478426293
0.79635057199584,0.8934177215189874,0.8074961547802153
0.8202703980334688,0.7673417721518987,0.7390917186108638
0.7808452302165075,0.7462447257383966,0.784991500040476
0.7891651697078567,0.7279324894514768,0.798996195256213
0.8473102013803536,0.8921518987341772,0.7730915567068728
0.6776023447102203,0.780084388185654,0.6775682020561807
0.7644482610562473,0.8338974655328986,0.8319679430097952
0.7944182052382996,0.7409394865021052,0.8126447016918967
0.809703735508802,0.7110542392470899,0.7577916295636687
0.8057535422928296,0.776768760835466,0.8230632235084595
0.9052812365822241,0.8230000825559316,0.7278717720391807
0.7586947187634178,0.7311153306365062,0.8004452359750668
0.7836839845427221,0.8237430859407249,0.7872662511130899
0.8026620867325032,0.7212911747709073,0.8150489759572573
0.8294547015886646,0.753983323701808,0.8094390026714159
0.8079003864319451,0.7931973912325601,0.8144256455921638
0.7896092743666809,0.7716502930735574,0.8015138023152271
0.8905968226706741,0.8330719062164617,0.7967943009795192
0.815371404036067,0.8014529843969289,0.9242208370436331
0.8312580506655217,0.7635598117724759,0.7992876224398932
0.905968226706741,0.8258895401634607,0.796260017809439
0.8166595105195363,0.9007677701642863,0.8880676758682101
0.8103048518677544,0.8887971600759514,0.8128227960819234
0.8285100901674538,0.7903904895566747,0.7971504897595726
0.9071704594246458,0.7799058862379262,0.897506678539626
0.8120223271790468,0.7814744489391563,0.8372217275155832
0.7727780163160155,0.7656237100635681,0.8221727515583259
0.8438814942035209,0.7761083133823166,0.8023152270703473
0.826449119793903,0.765376042268637,0.8525378450578807
0.7513095749248605,0.8319986791050937,0.8227960819234195
0.8575354229282954,0.7652109304053496,0.882546749777382
0.8913696865607557,0.8836786923140427,0.808993766696349
0.8961786174323744,0.7787501031949146,0.8525378450578807
0.8279948475740662,0.8219268554445637,0.8463045414069457
0.8513525118076428,0.8510690993147858,0.8129118432769368
0.8662945470158866,0.8208536283331958,0.8097951914514693
0.8412194074710176,0.7661190456534303,0.8723063223508459
0.8636324602833835,0.8362090316189218,0.7522707034728406
0.8467153284671532,0.745480062742508,0.8052537845057881
0.7416058394160584,0.7497729711879798,0.8052537845057881
0.8238729068269643,0.7592669033270041,0.8083704363312556
0.8398454272219836,0.7475439610336002,0.7939447907390917
0.8237870330613998,0.8047552216626764,0.8248441674087267
0.8498926577930442,0.8824403533393874,0.7943900267141585
0.9546586517818806,0.8548666721703955,0.8128227960819234
0.8636324602833835,0.7607529100965904,0.9603739982190561
0.6992700729927007,0.7775117642202592,0.673820124666073
0.9766423357664233,0.8270453232064724,0.8140694568121104
0.8270502361528553,0.7956740691818707,0.8162956366874443
0.7872906826964362,0.6962767274828696,0.8886019590382903
0.8050665521683126,0.7450672830842896,0.783526268922529
0.7390296264491198,0.7483695203500371,0.7837043633125557
0.9144697294976385,0.8924296210682737,0.8003561887800534
0.7635895234006012,0.7006521918599852,0.8357079252003562
0.8802060970373551,0.7911334929414678,0.8305431878895815
0.7316444826105625,0.7734665235697185,0.7345503116651826
0.7985401459854015,0.8778172211673408,0.8435440783615316
0.8036925719192787,0.7578634524890613,0.832146037399822
0.7275225418634607,0.795343845455296,0.7631344612644702
0.7322455989695148,0.7310327747048625,0.7923419412288513
0.7929583512237012,0.7477090728968876,0.6904719501335708
0.91412623443538,0.8196978452901841,0.8360641139804096
0.8478316874194933,0.8311731197886568,0.8349955476402493
0.9288965221124946,0.8062412284322629,0.931166518254675
0.9019783367648375,0.8154393695449538,0.8862172606268784
0.8010025960075194,0.8372171849843234,0.7959639330184629
0.8217706561632799,0.8337429031438014,0.8321167883211679
0.8207859636558947,0.8286585882552326,0.8550450837269215
0.741025870557694,0.8524701296500297,0.8592528982395878
0.7545430131590726,0.8423862384543682,0.779647917561185
0.8274102587055769,0.7832387085840183,0.8215543151567196
0.810043863575329,0.8118803491229557,0.849033920137398
0.7939307134544803,0.7866282518430642,0.8506655216831258
0.8368991137767433,0.8993305652063385,0.9198797767282095
0.8696625190224689,0.7962037115498687,0.7578359811077716
0.8543550264076627,0.8995000423692907,0.8017174753112924
0.8616954614627159,0.8743326836708754,0.8766852726492057
0.8420911288156835,0.8808575544445386,0.8672391584370974
0.6769313400769851,0.8008643335310567,0.7580936024044654
0.8514904663861785,0.7585797813744598,0.8510948905109489
0.8371676662787575,0.7919667824760613,0.8875912408759125
0.8672455465043416,0.7724769087365477,0.7858308286818377
0.788917733416883,0.8392509109397509,0.8703306139974238
0.7754005908155044,0.8496737564613168,0.7551738943752684
0.7270611404529586,0.8267943394627574,0.787805925289824
0.8019872885149046,0.7760359291585459,0.743065693430657
0.8420911288156835,0.7670536395220744,0.8751395448690426
0.8430758213230687,0.7856113888653504,0.8278231000429369
0.7966162384746218,0.8160325396152869,0.7817947617003006
0.767075463253066,0.8517074824167443,0.808587376556462
0.77835466833766,0.8106940089822896,0.7955345641906397
0.9536299346522246,0.9200067790865181,0.7813653928724774
0.7733416883000627,0.8098466231675282,0.8375268355517389
0.7944678184585087,0.8481484619947462,0.8114212108200944
0.8750335690627518,0.8717905262265909,0.802490339201374
0.8778981290842359,0.7920515210575375,0.7623014169171318
0.7397726255482947,0.805694432675197,0.7573207385143839
0.8488944588667084,0.8278112024404711,0.7896092743666809
0.8664398889982992,0.7993390390644861,0.8773722627737226
0.809596276071972,0.8378950936361326,0.8827823100042936
0.8451347238385104,0.893229387340056,0.8363246028338343
0.8398531912988989,0.8066265570714346,0.7501073422069557
0.7773699758302748,0.790610965172443,0.8569343065693431
0.781398263360487,0.7551054995339378,0.7567196221554315
0.7322531554918986,0.7990000847385815,0.779647917561185
0.8219496911646227,0.7248538259469537,0.8456848432803779
0.7604511682033838,0.7754427590882129,0.7516530699871189
0.7477396831080476,0.7715447843403102,0.782138256762559
0.7570495031778712,0.7915430895686806,0.755689136968656
0.819443201145824,0.814930938056097,0.8328037784456849
0.8106704860800287,0.8520464367426489,0.8161442679261486
0.8447766538358249,0.7664604694517414,0.7800772863890082
0.8193536836451526,0.8175578340818574,0.8294547015886646
0.765195595738967,0.8295907126514702,0.8163160154572778
0.7228538179214037,0.8323023472587069,0.7964791756118506
0.7120222003401665,0.8414541140581306,0.7528553027050237
0.8044937785337033,0.8110329633081942,0.8085015027908974
0.8219496911646227,0.8630624523345479,0.8954916273078575
0.7747739683108048,0.8692483687823066,0.743065693430657
0.8117446960880852,0.8655198711973562,0.9106054100472306
0.9153164443648734,0.8217947631556648,0.850407900386432
0.776474800823561,0.7571392254893653,0.8135680549592099
0.8507743263808074,0.750021184645369,0.8150279089738085
0.8716319040372393,0.8170494025930006,0.7902962644911979
0.7306974376378754,0.7671683099809722,0.792470958162285
0.7736297301883591,0.8179380729977512,0.7102803738317757
0.8216528084167657,0.8241653693132676,0.8978076687920342
0.8342100797556423,0.8725134059851237,0.8132587998951873
0.7525878160529442,0.8549558899844317,0.8235653768888113
0.8296283726455116,0.8782217609410137,0.8188488077561359
0.7910232479212626,0.827106037017817,0.822691938160538
0.7657390123875785,0.8175921120913336,0.7169185081666521
0.7586119124384864,0.8034077149282131,0.7614638833085859
0.7255218055319871,0.8233004670472237,0.7265263341776574
0.8014593585610046,0.8217436429683446,0.7807668792034239
0.7681995587985746,0.8230409963674105,0.7458293300724954
0.7507211946377057,0.7869745718733783,0.8027775351559088
0.8064652978109622,0.8017644006227296,0.7162197571840335
0.7362124554556253,0.7996021449576198,0.9207791073456197
0.5873918208043442,0.6589690364988756,0.6069525722770548
0.7008314949940607,0.7891368275384881,0.7932570530177308
0.7883081622263702,0.837225393530531,0.7784959385099135
0.7643814695401323,0.8021103615291472,0.7893265787405014
0.7753266587476667,0.8013319494897077,0.7832125076425889
0.7742236551841167,0.8750216225566511,0.8437418115119224
0.793568640760224,0.8226085452343885,0.784085946370862
0.9156626506024096,0.8655941878567722,0.7520307450432352
0.7330731376209062,0.9001902784985296,0.7611145078172766
0.780502290853555,0.832814391973707,0.7537776224997816
0.7961140335991854,0.8036671856080263,0.7544763734824003
0.7950110300356354,0.8470852793634319,0.7109791248143943
0.7752418123197014,0.8742432105172115,0.7938684601275221
0.811980315628712,0.8337657844663553,0.8483710367717705
0.7311216697777023,0.8391281785158277,0.7358721285701808
0.7304428983539794,0.8249437813527072,0.8116866101842956
0.7833870694043781,0.9108285763708701,0.800943313826535
0.782708297980655,0.8566856945165197,0.8655777797187527
0.7887323943661971,0.821830133194949,0.7664424840597432
0.7061768199558799,0.737934613388687,0.7158703816927242
0.7391820804344137,0.8332468431067289,0.7422482312865752
0.8536399117597149,0.8066078533125757,0.8194602148659271
0.727727812659087,0.819840857983048,0.8384138352694559
0.7630239266926863,0.8358415499048607,0.7727312429033103
0.7284914305107755,0.802715793115378,0.8059219145776924
0.7582725267266248,0.7926829268292683,0.8000698750982619
0.759884608857967,0.7865421207403563,0.8097650449820945
0.7679450195146784,0.8797785850198927,0.710367717704603
0.6933650093331071,0.7929423975090815,0.7501965237138615
0.771169183777363,0.9309807991696938,0.9416542929513495
0.8072289156626506,0.8715620134924753,0.8892479692549567
0.8136772441880197,0.8474312402698495,0.7843479779893441
0.8387069404378076,0.87303234734475,0.8695082539959822
0.8373493975903614,0.9166234215533645,0.8543104201240282
0.8141863227558119,0.9036498875627054,0.8578041750371211
0.8781605294417105,0.8162947586922678,0.8074941042885841
0.7279823519429832,0.8315170385746411,0.7455672984540135
0.8446461903953844,0.8706971112264315,0.7218097650449821
0.7356185304598677,0.8111053450960042,0.7768364049261944
0.7542496357455075,0.6974169741697417,0.7531150640199364
0.7321515298688683,0.8124498636290711,0.8148148148148148
0.7365225837785333,0.7512433819990374,0.8386182005671565
0.8383519507851708,0.8422910316059682,0.7958236658932715
0.7754573417516594,0.7267768329857212,0.8023545587350692
0.7162862230856403,0.7587036739932617,0.8560625590788004
0.7320705844260968,0.7749077490774908,0.8313139125204091
0.858345475149749,0.7598267287020696,0.8568359542837501
0.7956127570017808,0.8277715385849511,0.77150468333763
0.7354702930225029,0.8000962618321835,0.8091432499785168
0.7772381414926339,0.7847745868763035,0.8795222136289421
0.8389995143273433,0.7827691320391464,0.8032998195411188
0.8041120284927958,0.7780362586234558,0.8645699063332474
0.7968269386433544,0.782929568426119,0.8633668471255478
0.776671523393233,0.7181934862826889,0.8356964853484575
0.6978306621337219,0.7600673832825284,0.7847383346223253
0.7315849117694674,0.7790790951387775,0.7638566640886827
0.7740003237817711,0.7442643991657308,0.8325169717281086
0.7247854945766553,0.7611904379913365,0.7697860273266306
0.7740003237817711,0.7543718915450024,0.9194809658846782
0.8464464950623279,0.7943205519011712,0.825642347684111
0.7366844746640764,0.8226375742018289,0.8766864312107931
0.8222438076736279,0.7893470239050216,0.8375010741600069
0.8196535535049376,0.7684902935985881,0.8986852281515855
0.7104581512060871,0.7904700786138296,0.7092893357394517
0.7213857859802493,0.6978180651371731,0.8232362292687119
0.7684150882305326,0.7591849831541794,0.8007218355246197
0.7259187307754573,0.7534894914166533,0.8128383604021655
0.783470940586045,0.7258142146638857,0.8697258743662456
0.6894123360854784,0.753970800577571,0.7780355761794276
0.7892990124655982,0.7455478902615114,0.8411102517831056
0.7398413469321677,0.7453874538745388,0.888373292085589
0.8422373320382063,0.7668859297288625,0.8647417719343473
0.7616156710377205,0.7721001123054709,0.7960814642949213
0.7442124008418326,0.7882239691962137,0.8209160436538627
0.7863849765258216,0.770736403016204,0.7392798831313913
0.7263234579893152,0.7341569067864592,0.7566383088424852
0.7247854945766553,0.6950104283651533,0.7754575921629286
0.6629431762991743,0.7042355206160757,0.768325169717281
0.7302897846851222,0.8156585913685224,0.7682392369167311
0.7624251254654363,0.7854965506176801,0.7892068402509238
0.8244293346284605,0.7648002566982192,0.8539142390650512
0.7727861421401975,0.7403337076849029,0.8753974392025436
0.7752145054233447,0.7987325525429168,0.848586405430953
0.7888133398089687,0.7943205519011712,0.8224628340637621
0.7944795208029788,0.7465105085833467,0.8062215347598178
0.7901894123360855,0.8291352478742179,0.8118071667955659
0.740165128703254,0.7871009144874057,0.7861132594311249
0.7220333495224219,0.7201187229263597,0.8104322419867663
0.7821758135016998,0.6942884646237767,0.7639425968892326
0.709729642221143,0.7389699983956362,0.8582108790925497
0.7037396794560467,0.754532327931975,0.7613646128727335
0.7857374129836491,0.6770415530242259,0.7703016241299304
0.7315039663266958,0.6900369003690037,0.865858898341497
0.6787275376396309,0.7258142146638857,0.7134141101658503
0.7544924720738222,0.7003048291352478,0.859843602302999
0.816577626679618,0.7525268730948179,0.8411961845836555
0.8049214829205116,0.774667094497032,0.8472974134227035
0.7519022179051319,0.786619605326488,0.8681790839563461
0.7527116723328476,0.7728220760468474,0.777090315373378
0.7312611299983811,0.7161880314455319,0.8303686517143594
0.7771571960498624,0.7700144392748275,0.8066511987625676
0.6819653553504937,0.7720198941119846,0.8989430265532353
0.684393718633641,0.6755174073479865,0.7295694766692447
0.764934434191355,0.7096101395796567,0.8248689524791613
0.7733527602395985,0.673672388897802,0.7764028529689783
0.7761049052938319,0.7627145836675758,0.7723640113431297
0.7234903674923102,0.727579014920584,0.7858554610294749
0.7517403270195888,0.686427081662121,0.7987453811119705
0.898149009394475,0.7534836584747909,0.8729895104895105
0.7219793507580691,0.8740815809475551,0.879458041958042
0.8287601153381081,0.8617515412549616,0.7310314685314685
0.8485722258394568,0.7587197027278102,0.7996503496503496
0.833038787089573,0.8662275145680264,0.8347902097902098
0.8493163426657986,0.8174985220842834,0.7812937062937063
0.8462468607571388,0.838273794443037,0.8658216783216783
0.9232629522835085,0.8338822734566337,0.9930944055944056
0.8510836201283601,0.8691833460011823,0.9251748251748252
0.8610361826806808,0.901528587112575,0.8436188811188812
0.8675472049111711,0.8552487121020184,0.9276223776223776
0.9105199516324063,0.8750105565408327,0.8454545454545455
0.9367500697609524,0.9017819440925597,0.823076923076923
0.8737791833317831,0.8636939447681784,0.9394230769230769
0.8898707097014231,0.8440165526560257,0.8546328671328671
0.8774067528601991,0.8723080820876615,0.8604020979020979
0.908287601153381,0.8545730934887256,0.8252622377622377
0.8791740303227606,0.8474790980491512,0.851486013986014
0.8118314575388336,0.7752723587534837,0.8361013986013986
0.847177006790066,0.7919939194324803,0.7878496503496504
0.7975072086317552,0.8381048897897138,0.7992132867132867
0.9085666449632592,0.8175829744109451,0.9069055944055944
0.8696865407869036,0.8129380964445571,0.8277097902097902
0.8101571946795647,0.9066801790389325,0.8781468531468531
0.8690354385638546,0.8223967570306562,0.8450174825174825
0.8726630080922705,0.8744193902542015,0.769493006993007
0.7813226676588224,0.8810911240604679,0.7883741258741259
0.960561808203888,0.8494215015623681,1.0185314685314686
0.8259696772393266,0.8593868761084368,0.8686188811188811
0.9469816761231513,0.8729837007009543,0.8477272727272728
0.891544972560692,0.8797398868338823,0.8104020979020979
0.8957306297088643,0.8425808631027785,0.8648601398601399
0.8667100734815366,0.8604847563550376,0.8341783216783217
0.8282020277183518,0.820961067477409,0.8048951048951049
0.8178774067528602,0.7991723671987163,0.8244755244755245
0.8775927820667845,0.894350139346339,0.8967657342657342
0.8947074690726444,0.8964614475128789,0.8793706293706294
0.886615198586178,0.825183683810489,0.9038461538461539
0.9144265649707004,0.9402922050502491,0.8701048951048951
0.8748953585712957,0.9067646313655942,0.9043706293706294
0.8785229280997117,0.8718858204543535,0.8750874125874126
0.8622453725234862,0.8708723925344143,0.9092657342657343
0.8987070970142312,0.8512794527489232,0.8361013986013986
0.9150776671937494,0.9261042141711004,0.8458916083916084
0.8824295414380058,0.8799932438138671,0.8551573426573427
0.8568505255325086,0.9120851279452749,0.8731643356643357
0.9358199237280252,0.8468879317625201,0.9002622377622378
0.9267975072086317,0.8723925344143231,0.9413461538461538
0.8925681331969119,0.9655434507220674,0.8132867132867133
1.0022323504790251,0.8953635672662782,0.9310314685314686
0.9338666170588782,0.9113250570053205,0.823951048951049
0.8929401916100828,0.9118317709652901,0.9323426573426573
0.9542368151799833,0.8554176167553416,0.9622377622377623
0.9455864570737605,0.8966303521662021,0.9481643356643357
0.9448423402474189,0.8543197365087408,0.9683566433566434
1.0010231606362199,0.9043155138924077,0.9079545454545455
0.6659845595758535,0.7323705768093911,0.8089160839160839
0.860013022044461,0.8049151254117051,0.8387237762237763
0.9207515579946052,0.881260028713791,0.7562937062937063
0.7979722816482188,0.9505953889029642,0.9317307692307693
0.8515486931448237,0.9129296512118908,0.8700174825174826
0.8418751744023811,0.9205303606114349,0.8168706293706294
0.8387126778904288,0.902373110379191,0.8993881118881119
0.8960096735187424,0.859978042395068,0.8233391608391608
0.8375965026509162,0.8380204374630521,0.8407342657342657
0.8404799553529905,0.8308419896968161,0.7711538461538462
0.9430750627848572,0.7734144075669285,0.8616258741258741
0.8615012556971444,0.8522084283422008,0.8198426573426574
0.8174123337363967,0.866734228527996,0.9044580419580419
0.9611624834874505,0.7607145595338496,0.842911877394636
0.9218846323205636,0.7634746607375604,0.7957157784743991
0.884368119771026,0.7706049221804799,0.8229710902124695
0.8766182298546895,0.7511308747987426,0.7390282131661442
0.8092470277410833,0.7178563213984512,0.8126088470916057
0.8675473359753413,0.7430805796212527,0.7688958551027516
0.8785557023337737,0.6997623246185694,0.839690003483107
0.912373403786878,0.7641646860384881,0.7600139324277255
0.8332012329370322,0.7894656137391705,0.7995471960989202
0.8532804931748128,0.7189296940887833,0.8466562173458725
0.83778071334214,0.7287433872575327,0.7884883315917799
0.8369000440334654,0.7512075442766235,0.7756879136189481
0.8409511228533686,0.7599478647550411,0.738854057819575
0.9362395420519595,0.7405504868511845,0.8664228491814698
0.9140466754733597,0.7522042474890746,0.8377742946708464
0.9203874944958168,0.8146132024840911,0.7312783002438175
0.8428885953324526,0.7492908073296021,0.8126959247648903
0.9236459709379128,0.7609445679674921,0.8106060606060606
0.7954205195948921,0.7099593651767232,0.741901776384535
0.8274768824306473,0.706355899716323,0.7739463601532567
0.8900044033465434,0.7128728053361957,0.7791710205503309
0.8423601937472479,0.7402438089396611,0.8090386624869383
0.7880228974020256,0.7005290193973779,0.7726401950539882
0.8385733157199472,0.6899486314498198,0.7856147683733891
0.8546014971378247,0.8386107490607989,0.8938523162661094
0.8551298987230295,0.6998389940964502,0.7688958551027516
0.8750330250990753,0.7292800736026988,0.7830895158481366
0.8985468956406869,0.652687265199724,0.7348484848484849
0.935006605019815,0.7047458406808249,0.8854057819575061
0.9002201673271687,0.7175496434869278,0.7971960989202369
0.8370761778952004,0.7342635896649544,0.8156565656565656
0.8686041391457507,0.8779421912136778,0.8672936259143156
0.8959048877146631,0.6631143141915203,0.7846569139672588
0.8723910171730516,0.8422908839990799,0.8264541971438523
0.7237340378687803,0.6531472820670091,0.7085510275165448
0.8280933509467195,0.6562907306601242,0.6673632880529432
0.8617349185380889,0.7525875948784789,0.8510971786833855
0.7747247908410392,0.7852487924557233,0.7790839428770463
0.7812417437252311,0.6722379820593422,0.7607105538140021
0.8637604579480405,0.7402438089396611,0.7598397770811564
0.8209599295464554,0.6069155869048531,0.7702890978753048
0.7929546455306032,0.6655677374837078,0.716388018112156
0.789079700572435,0.717472974009047,0.7766457680250783
0.8913254073095552,0.7010657057425439,0.7607105538140021
0.863848524878908,0.8344705972552326,0.7580111459421804
0.8764420959929546,0.7982826036954689,0.7589690003483107
0.816036098576883,0.7980278217996126,0.7917701606226196
0.8993405067684832,0.9088748019017433,0.7481371087928465
0.9059354390836515,0.793625638316605,0.7746315615168075
0.851874349184311,0.8536714210248283,0.7700778274548766
0.7529503644567859,0.7558549040324001,0.6795827123695977
0.7449670253384242,0.8099137172037331,0.6461334658055969
0.7813259284970496,0.6822503961965135,0.6524258983275377
0.7753384241582784,0.8298996302165874,0.8386322238781255
0.8652377646650469,0.7456418383518225,0.7401059778108958
0.8464074973967373,0.7817397429124846,0.7283490644146382
0.879382158972579,0.7564712097200211,0.7362974002318264
0.8344324887191947,0.8422257439690086,0.7558370591157476
0.7979868101353697,0.7556788166930798,0.6381023348236463
0.7437521693856299,0.6473851030110935,0.6616989567809239
0.8433703575147519,0.8048952280331044,0.7960755091902633
0.73750433877126,0.816252861419264,0.770160622619639
0.8903158625477264,0.7507483711921112,0.7355522437489651
0.845626518569941,0.7735516816340905,0.7932604735883424
0.8818986463033669,0.7966191230850502,0.7483026991223712
0.8739153071850052,0.7989082584962142,0.7415134956118563
0.9402985074626866,0.7765451664025357,0.8473257161781752
0.7834953141270392,0.8289311498503258,0.7410995197880443
0.7854043734814301,0.784293009332629,0.7464812054975989
0.9279763970843458,0.9064976228209192,0.7593144560357675
0.8036272127733426,0.8257615777425603,0.8207484682894519
0.9066296424852481,0.8019897869343194,0.8299387315780759
0.9508851093370357,0.8025180489522803,0.8092399403874814
0.8628080527594585,0.8158126430709632,0.8962576585527405
0.828965636931621,0.8500616305687622,0.7872992217254512
0.9488892745574453,0.838351822503962,0.7871336313959265
0.8934397778549115,0.8442507483711921,0.803030303030303
0.8842415827837556,0.8457474907554147,0.8092399403874814
0.7292606733772995,0.745905969360803,0.7401887729756582
0.9263276640055537,0.8696953689029758,0.7091405861897665
0.8216765012148559,0.7209896108469801,0.7137771154164597
0.8786011801457827,0.8514703292833246,0.7083954297069052
0.7808920513710517,0.857017080471914,0.7949991720483524
0.839378687955571,0.7394787814756119,0.7512833250538169
0.8319160013884068,0.7638668779714739,0.7984765689683723
0.909580006942034,0.8214474379292129,0.7383672793508859
0.8117841027421034,0.7781299524564184,0.7735552243748965
0.783755640402638,0.7265363620355696,0.7171717171717171
0.8493578618535231,0.7729353759464694,0.6972180824639841
0.8029330093717459,0.7456418383518225,0.6848816029143898
0.7279590419993058,0.751188589540412,0.6992051664182811
0.7919125303713989,0.7931854199683043,0.8029475078655407
0.8386844845539743,0.7573516464166227,0.7426726279185295
0.8547379382158973,0.8217115689381933,0.6881106143401226
0.8379902811523776,0.8117626342665962,0.7526080476900149
0.827490454703228,0.76738862475788,0.7541811558205
0.8419819507115585,0.8532312026765275,0.7853949329359166
0.8141270392224922,0.8773551681634091,0.8099850968703428
0.8527421034363069,0.9108117626342666,0.7328200033118066
0.9255466851787574,0.7932734636379645,0.8142076502732241
0.8725269003818119,0.8025180489522803,0.7949991720483524
0.8293127386324193,0.8503257615777425,0.7951647623778771
0.8001561957653592,0.8314844162704702,0.7268587514489154
0.814387365498091,0.8504138052474027,0.6878622288458354
0.7985074626865671,0.7350765979926044,0.7863884749130651
0.8463207219715376,0.8291072371896461,0.7628746481205497
0.6978479694550503,0.7013558725127663,0.6263454214273887
0.765619576535925,0.7558549040324001,0.7035933101506872
0.8365150989239847,0.6921993308681106,0.785063752276867
0.7368101353696633,0.7379820390913894,0.6873654578572611
0.7772474835126693,0.7923930269413629,0.7185792349726776
0.7992016660881638,0.7649234020073956,0.7588176850471933
0.8012842762929538,0.834301813699595,0.8031958933598278
0.8136931620964942,0.7509244585314316,0.70508362311641
0.6662960609911055,0.785607328459438,0.669188323246707
0.5941867852604829,0.6921518541354708,0.7179601281594874
0.6564485387547649,0.7053642209107724,0.7135101459594162
0.7165660736975857,0.8042808068351978,0.7840868636525454
0.7336404066073697,0.7620893155994011,0.7008721965112139
0.7373729351969505,0.6571831234035057,0.6982022071911712
0.6560514612452351,0.8122963093455474,0.8256496974012104
0.7523030495552732,0.7709856425614375,0.6620683517265931
0.7081480304955527,0.8398661146833436,0.7690459238163048
0.7086245235069886,0.6990222848586277,0.7297970808116767
0.7315756035578145,0.8269179952435479,0.8021537913848344
0.7451556543837357,0.7330221086937373,0.7985938056247776
0.7959815756035579,0.8146745353651017,0.6903702385190459
0.7365787801778907,0.7693120761032326,0.8078497686009256
0.7369758576874206,0.8211926363075839,0.6873442506229975
0.7934402795425667,0.7656126134061482,0.7900498398006408
0.7361817026683609,0.8248920990046684,0.7731399074403702
0.7148189326556544,0.6935611732581697,0.7335350658597366
0.5829891994917408,0.7046595613494231,0.6627803488786045
0.7816867852604829,0.738571302739364,0.7763438946244215
0.6714580686149937,0.7532810710825333,0.7379850480598078
0.6957592121982211,0.740773363868581,0.8408686365254538
0.7164866581956798,0.8732493614022725,0.7433250266998932
0.7334021601016518,0.774420857923016,0.703631185475258
0.7298284625158831,0.8728970316215978,0.8891954432182271
0.7795425667090216,0.8157315247071258,0.7945888216447134
0.730225540025413,0.8458557209548137,0.7577429690281239
0.718789707750953,0.8273584074693914,0.785688857244571
0.7976493011435832,0.8307055403858011,0.761747953008188
0.7904224904701398,0.8163481018233066,0.790316838732645
0.7727922490470139,0.7539857306438826,0.7012281950872197
0.7022712833545108,0.7237734519510262,0.7450160199359203
0.7675508259212198,0.7467629701400511,0.6933962264150944
0.7573856416772554,0.7408614463137496,0.8134567461730153
0.7165660736975857,0.8138817933585837,0.7904948380206479
0.7393583227445998,0.7601515018056901,0.7561409754360983
0.724348792884371,0.8105346604421739,0.7673549305802777
0.6785260482846251,0.806659032854752,0.7605909576361695
0.741661372299873,0.7699286532194134,0.8061587753648985
0.752938373570521,0.7937109134149564,0.6928622285510858
0.7846251588310038,0.7870166475821369,0.7985938056247776
0.7798602287166455,0.7894829560468598,0.7631719473122107
0.6238881829733164,0.6468774773187703,0.6354574581701673
0.7178367217280813,0.7143486303179776,0.7437700249199003
0.6901207115628971,0.7914207698405707,0.6605553577785689
0.6606575603557815,0.7234211221703515,0.6478284086863653
0.664787166454892,0.8277988196952347,0.7772338910644357
0.6698697585768743,0.7925658416277636,0.7554289782840868
0.727287166454892,0.7501981855016295,0.7049661801352795
0.6711404066073697,0.6886285563287237,0.7198291206835172
0.784148665819568,0.6570069585131684,0.7146671413314347
0.7059243964421855,0.7793534748524619,0.7233001067995728
0.6499364675984752,0.7705452303355941,0.764684941260235
0.6793996188055909,0.8297366334889457,0.7332680669277323
0.730066709021601,0.7733638685809918,0.7231221075115699
0.8230622617534943,0.7442966616753282,0.7022071911712353
0.7706480304955527,0.8269179952435479,0.7016731933072268
0.7879606099110547,0.8074517748612702,0.7221431114275543
0.8371188055908514,0.7955606447634986,0.7842648629405482
0.7449968233799238,0.7920373469567515,0.822000711997152
0.8284625158831004,0.8007575090284507,0.7666429334282663
0.7381670902160101,0.806394785519246,0.7539159843360627
0.7435673443456162,0.8007575090284507,0.7335350658597366
0.7418996188055909,0.7471152999207258,0.7366500533997864
0.827074841730986,0.765560508502559,0.7576307279753923
0.7909114560749284,0.8070827142149579,0.7839734994873413
0.7811985083687452,0.7725771834241374,0.7726161369193154
0.7989766715809556,0.7188377084365197,0.7251360517390961
0.811551469950568,0.7794287601122668,0.8193863869390331
0.8003642355389818,0.868581806174674,0.8067670951967821
0.8178822305090625,0.8065048703978868,0.7795567473775534
0.7483305871129997,0.728413405976556,0.8033756605410521
0.7875292689272396,0.7484728413405977,0.7431974130451928
0.7803312808949787,0.8131087997358428,0.7765596655887689
0.7726129563784581,0.8263992075284794,0.7300260272892184
0.7900442286011621,0.7632491332342743,0.7991166495780424
0.7472899141444801,0.7949479940564635,0.7303415095827747
0.8442459457115602,0.7717516922568929,0.7655177853142993
0.8424247680166508,0.7736503219415553,0.8131556116412967
0.7347151157748677,0.7898299488195476,0.7742724189604858
0.768797155493886,0.7567277530130427,0.8499092988406026
0.929320960888041,0.7842991579990094,0.8461235113179273
0.8946318619373862,0.8190523361400033,0.7590503982963956
0.8185760124880757,0.8321776456991911,0.8185976812051423
0.8315844245945712,0.7867756315007429,0.8575597444593422
0.8655797415662129,0.8082384018491002,0.784762205221232
0.7927326337698378,0.8662704309063893,0.7866550989825696
0.9007891770011274,0.7976721149083705,0.8633961668901333
0.8481484693435088,0.8505035496120191,0.8267213502642164
0.8426849362587807,0.8200429255406967,0.8547992743907248
0.8597693174919782,0.8051840845302956,0.8406814417540815
0.6750498655797416,0.7048043585933631,0.7914662039593028
0.7224004856473853,0.6827637444279346,0.7129899834371796
0.6967305524239008,0.6370315337625887,0.7116491836895654
0.8820570635677738,0.8561168895492818,0.7777427241896049
0.7322868788483219,0.7547465742116559,0.7856297815285117
0.7532737837134681,0.7227175169225689,0.6510765833267608
0.7145954383834879,0.7400528314347037,0.7407524252701317
0.8488422513225219,0.7188377084365197,0.7808186765517785
0.8029659179602809,0.7202410434208354,0.7194573704550832
0.8315844245945712,0.7798415056958891,0.7777427241896049
0.7484173098603764,0.7668812943701503,0.8062150011830586
0.8047003729078137,0.7317979197622585,0.8085022478113416
0.772873124620588,0.8677563150074294,0.7715119488918685
0.7613389992194953,0.7275879148093115,0.7408312958435208
0.7914317925591883,0.7273402674591382,0.7801088413912769
0.7132945971728384,0.7473997028231798,0.7394904960959067
0.7808516173792386,0.7918111276209344,0.7997476141651549
0.775995143526147,0.8200429255406967,0.8697846833346479
0.7864018732113434,0.8392768697374938,0.7372032494676236
0.784320527274304,0.8049364371801222,0.8226200804479848
0.790998178822305,0.747069506356282,0.7619686095117911
0.826120891509843,0.8049364371801222,0.7575518574020033
0.7948139797068771,0.7547465742116559,0.803217919394274
0.7518862197554419,0.7811622915634803,0.737597602334569
0.7770358164946666,0.7812448406802047,0.7144885243315718
0.7985598876009835,0.8218698137562235,0.7092962641181582
0.7017035475939586,0.7990964410842707,0.7509122502172024
0.8479978925184405,0.795869444956666,0.8170286707211121
0.8074288724973656,0.8177208187350176,0.7645525629887054
0.8026870389884089,0.8058270330075604,0.9134665508253692
0.8482613277133825,0.8149548220542135,0.8055603822762815
0.77019669827889,0.72911672505993,0.7854039965247611
0.7337548296452406,0.7142725428729485,0.7541268462206777
0.7830172110994029,0.7738336713995944,0.7534317984361425
0.71821215314366,0.7907984510418588,0.779496090356212
0.7832806462943449,0.7797344643186428,0.7855777584708948
0.736389181594661,0.8200258159690208,0.7774109470026064
0.8424657534246576,0.7664576802507836,0.7698523023457863
0.8455391640323148,0.8555227733726719,0.7523023457862728
0.7978573937478047,0.8668633597639683,0.773501303214596
0.8371092377941693,0.8018624377650747,0.8836663770634231
0.775465402177731,0.7998340401991517,0.7491746307558644
0.7461362838075167,0.848607781670662,0.8258036490008688
0.7802950474183351,0.7269039277152868,0.8177237185056473
0.7964524060414472,0.7767840678591186,0.7132927888792354
0.815595363540569,0.8061958325650009,0.8728062554300609
0.7622936424306287,0.9067859118569058,0.8386620330147697
0.8409729539866526,0.8141250230499724,0.7261511728931364
0.7744116613979628,0.8106214272542873,0.8464813205907906
0.8366701791359326,0.8488843813387424,0.8110338835794961
0.8319283456269758,0.8593951687257976,0.8380538662033015
0.8518616087109238,0.8378203946155265,0.7451781059947872
0.8015454864769933,0.8459339848792181,0.8688097306689835
0.8363189322093432,0.8053660335607598,0.7990443092962641
0.8283280646294345,0.8950765259081689,0.7689834926151173
0.8139269406392694,0.8439977872026554,0.7788010425716768
0.7962767825781525,0.84030979162825,0.8265855777584709
0.8323674042852125,0.8936013276784068,0.765768896611642
0.8354408148928697,0.8384657938410474,0.8732406602953953
0.8698630136986302,0.799373040752351,0.8052997393570808
0.8625746399719002,0.8099760280287663,0.7955690703735881
0.7808219178082192,0.7807486631016043,0.8083405734144222
0.7698454513523006,0.8058270330075604,0.7263249348392702
0.8298208640674394,0.8170754195094966,0.7439617723718506
0.7053038285914999,0.773649271620874,0.7601216333622937
0.7033719704952581,0.7332657200811359,0.7154648132059079
0.8316649104320337,0.8074866310160428,0.7371850564726324
0.8024236037934668,0.7909828508205791,0.7968722849695916
0.7704601334738321,0.7955006453992255,0.8493483927019982
0.8065507551808921,0.8086852295777245,0.7638575152041703
0.7434141201264489,0.8095150285819657,0.817897480451781
0.8500175623463295,0.9126867047759543,0.7997393570807994
0.8744292237442922,0.7973446431864282,0.7702867072111208
0.8928696873902353,0.8470403835515398,0.7901824500434405
0.8279768177028451,0.8538631753641895,0.8052128583840139
0.815595363540569,0.7617554858934169,0.8539530842745439
0.8450122936424306,0.8605015673981191,0.7794092093831451
0.7860028099754127,0.9092753088696294,0.8783666377063423
0.8066385669125395,0.8421537894154527,0.8104257167680278
0.6950298559887601,0.7760464687442375,0.6838401390095569
0.7423603793466808,0.770145675825189,0.8036490008688097
0.8688970846505093,0.7711598746081505,0.8826238053866203
0.8487003863716193,0.7763230684123179,0.8562119895742832
0.7689673340358272,0.7795500645399226,0.7915725456125109
0.7418143218747448,0.7550565376652333,0.7444803446418955
0.839062627582265,0.6926262143653448,0.7940226171243941
0.8304890993712746,0.7388915432393693,0.8295638126009693
0.8627418959745243,0.7647714604236343,0.7975228863758751
0.8563729893035029,0.8009237139671922,0.8486806677436726
0.8942598187311178,0.8038700430004778,0.7907018488601687
0.8813587000898179,0.7579232361841057,0.7537246454855502
0.8282844778313057,0.7402452619843924,0.7573146652306588
0.8044419041397893,0.8385093167701864,0.8518219350206426
0.8552298522087042,0.7906513776078994,0.7739185065517861
0.8301624887727607,0.6950151297977385,0.7986896427930353
0.8843798481260717,0.7525879917184265,0.7837013103572069
0.8072997468767862,0.7140468227424749,0.8640280021540119
0.8421654282681473,0.7765567765567766,0.7809190450547479
0.841103943822977,0.7960662525879917,0.8408723747980614
0.8198742549195721,0.7909698996655519,0.8442828935559146
0.7115211888625785,0.7018633540372671,0.7371208041644229
0.8185678125255165,0.8014014970536709,0.8342308382696105
0.8860945537682697,0.7590380633858895,0.7994076467420571
0.8798072997468768,0.7300525561395127,0.8622329922814576
0.757981546501184,0.7454212454212454,0.76512295817627
0.7717808442883971,0.7185857620640229,0.7389158140369773
0.8744998775210255,0.76007326007326,0.7946508705797882
0.8099126316648976,0.8121516164994426,0.794381619098905
0.7507961133338776,0.8038700430004778,0.8042541733979537
0.8678043602514902,0.7683548335722249,0.9035182193502064
0.7793745407038458,0.7752030578117535,0.7466343564889607
0.8624152853760104,0.7439878961618092,0.8397953688745288
0.8218339185106557,0.7734511864946647,0.7744570095135523
0.7926022699436597,0.7161172161172161,0.7291330102315563
0.7716991916387687,0.7181079789775442,0.749057619816909
0.8021556299501919,0.6440516005733397,0.6704361873990307
0.7970115130235976,0.6905558209906036,0.7660204631125471
0.7203396750224544,0.7319636884854276,0.709387901633459
0.818486159875888,0.8380315336837076,0.8092802010411058
0.8361231321956397,0.8031533683707597,0.8350385927122599
0.8215889605617702,0.8153368370759675,0.8192425058337821
0.9430881032089491,0.7908902691511387,0.9063902351462934
0.9216951090062873,0.7959866220735786,0.8458086519475857
0.9204703192618601,0.787147634973722,0.9159935379644588
0.8437984812607169,0.8249721293199554,0.8819781008795549
0.8007675349065078,0.8416149068322981,0.8133189732543529
0.7971748183228545,0.8199554069119287,0.80165140908275
0.8654364334122643,0.8113553113553114,0.7837910608508347
0.8729484771780844,0.797579232361841,0.8004846526655897
0.9029966522413653,0.7853161331422202,0.8804523424878837
0.8105658528619254,0.7864309603440038,0.8357565966612817
0.8257532456928227,0.7857142857142857,0.7307485191168551
0.8269780354372499,0.7806179327918459,0.8644767546221505
0.8633134645219237,0.7775919732441472,0.8300125650691079
0.7833755205356414,0.7448638318203535,0.7374798061389337
0.8645757132406731,0.9243248061324538,0.9335079023660339
1.0203913679590344,0.865228630002674,0.9677359019919574
0.8698792977322605,0.8826098582761387,0.8542036846535116
0.7910570592538405,0.8127284071664141,0.7879921443935285
0.973390636430139,0.8523932614315002,0.8780510614420649
0.8928310168251646,0.92949460736251,0.8525203404096138
0.8744513533284565,0.9309207594259737,0.9246235855232395
0.8768288222384785,0.8886710045458597,0.9292060226316282
0.936356986100951,0.8966039753988769,0.9213504161601047
0.9554681784930504,0.895890899367145,0.8897409520246891
0.8875274323335772,0.926731437739549,0.9290189843823062
0.8891733723482077,0.9120242445850789,0.8843168427943514
0.8806693489392831,0.8087173544879223,0.861965772000374
0.9086503291880029,0.8736964078794901,0.8433554661928364
0.9013350402340893,0.8091630270077547,0.8563546245207145
0.8480248719824433,0.923433461092789,0.8699148975965585
0.8938368690563278,0.9406364203583207,0.8151126905452165
0.9038039502560351,0.8329619395668063,0.8703824932198635
0.8762801755669349,0.889829753097424,0.9062938370896848
0.8771945866861741,0.8765487120064177,0.9292995417562891
1.0678493050475493,0.9947410642659774,0.9120920228186664
0.9521762984637894,1.0278990997415098,0.9240624707752736
1.0203913679590344,0.9251270166681522,0.9216309735340877
0.9967995610826628,0.9381406542472591,0.9212568970354438
0.9383686905632772,0.9700508066672608,0.9262134106424764
0.8732626188734455,0.8251181032177556,0.8516786682876648
0.9153255303584492,0.7866119975042339,0.8610305807537642
0.8612838332114119,0.8311792494874766,0.8254933133825867
0.8578090709583028,0.9196898119261966,0.8209108762741981
0.9270299926847111,0.8482930742490418,0.836341531843262
0.889996342355523,0.8993671450218379,0.8536425699055457
0.8952084857351865,0.9575719761119529,0.8455064060600392
0.9376371616678859,0.8492735537926731,0.8902085476479941
0.9458668617410387,0.9285141278188787,0.8519592256616478
0.9194403803950256,0.8702201622247973,0.9208828205367998
0.9111192392099488,0.9141634726802745,0.8583185261385954
0.9694586686174104,0.8842142793475354,0.904142897222482
0.8942940746159473,0.9264640342276496,0.8998410174880763
0.9089246525237746,0.9334165255370354,0.8876835312821472
0.9483357717629847,0.9155004902397719,0.876835312821472
0.9389173372348207,0.8401818343880916,0.9192929954175629
0.9078273591806877,0.8121936001426152,0.8749649303282522
0.8803035844915874,0.8543542205187629,0.9125596184419714
0.9288588149231894,0.8664765130582048,0.7740577948190405
0.9035296269202634,0.8809163027007755,0.8374637613391939
0.9731163130943672,0.8643372849630092,0.972972972972973
0.8567117776152158,0.8880470630180943,0.8719723183391004
0.846104608632041,0.92949460736251,0.9112503506967174
0.9417520117044623,0.9045369462518941,0.9021789956046011
0.8682333577176299,0.8846599518673679,0.931076405124848
0.8984089246525238,0.9190658703984312,0.8558870288974095
0.9371799561082663,0.9009715660932347,0.9097540447021416
0.9453182150694952,0.8829663962920047,0.8545777611521557
0.8203182150694952,0.8722702558160264,0.9175161320490041
0.8589978054133138,0.8190569569480346,0.850369400542411
0.8167520117044623,0.89348426776005,0.8553259141494436
0.9483357717629847,0.9736161868259203,0.8535490507808847
0.8839612289685442,0.9176397183349675,0.8314785373608903
0.8384235552304315,0.816917728852839,0.8499018049191059
0.8951170446232626,0.8638024779392103,0.9499672683063687
0.8699707388441843,0.8829663962920047,0.8703824932198635
0.9191660570592538,0.8551564310544612,0.8773964275694379
0.93983174835406,0.8498974953204386,0.8969419246235856
0.8864301389904902,0.9735270523219538,0.8606565042551202
0.8746342355523044,0.8985649344861396,0.9201346675395118
0.9240124359912216,0.9411712273821197,0.9061067988403628
0.9001463057790783,0.9105980925216152,0.986346207799495
0.8872531089978054,0.9573045726000535,0.8390535864584308
0.917794440380395,0.9003476245654692,0.9062938370896848
0.950256035113387,0.9332382565291024,0.8715982418404564
0.8995062179956108,0.941795168909885,0.8660806134854577
0.9145940014630578,0.8987432034940726,0.9468811371925558
0.8467005896131169,0.8352952435639774,0.9050921861281827
0.7876585090057346,0.8922384917216959,0.8495171202809482
0.8628543736370244,0.9016173796535554,0.813784021071115
0.8180276229706809,0.7563403196478132,0.814486391571554
0.8063161295533479,0.9428653459661211,0.9215100965759438
0.8089007349971731,0.8536702076753756,0.8597014925373134
0.7622970680881996,0.8596994927744281,0.9323090430201931
0.9077618932234875,0.9757871566657096,0.8424056189640036
0.7858008238429852,0.9105177528950139,0.9045654082528534
0.7859623616832243,0.810125370848885,0.8683055311676909
0.8783620062999757,0.9234376495358407,0.8497805092186128
0.7698893465794362,0.814910517752895,0.7608428446005268
0.7308779581616994,0.8481194372667241,0.8611940298507462
0.8075276633551409,0.8356780553162982,0.8713784021071115
0.8275583555447864,0.8255335438797972,0.9989464442493415
0.8224699135772555,0.8543401282419371,0.8617208077260755
0.7394394636943704,0.8558713752512203,0.8259877085162424
0.8130199499232695,0.8233323763039525,0.9408252853380158
0.8934657943623294,0.9648770217245669,0.8823529411764706
0.8804619982230838,1.0042109292755288,0.9121158911325724
0.9218964542444068,0.9483204134366925,0.8950834064969271
0.8583313141103304,0.8798928127093502,0.9208077260755049
0.8891042726758743,0.9059240118671643,0.910359964881475
0.792989257733624,0.8940568475452196,0.8904302019315189
0.8474275098941927,0.8126136472389702,0.7991220368744513
0.8132622566836282,0.9281270935017705,0.8890254609306409
0.8281237379856231,0.8746291511149392,0.8262510974539069
0.7595509248041353,0.8387405493348645,0.8208077260755048
0.773766254745174,0.8396018757775864,0.8014925373134328
0.7589855423632986,0.8305100966599674,0.8136084284460052
0.8631774493175026,0.7807445688582639,0.7589113257243196
0.7870931265648978,0.7739496602545698,0.8299385425812116
0.8058315160326306,0.8169202794525792,0.8559262510974539
0.8941927146434052,0.8948224710498612,0.8506584723441616
0.7946046361360148,0.7785434012824194,0.8199297629499561
0.8005007673047412,0.876447506938463,0.8559262510974539
0.9227849123657217,0.8665901043162025,0.9017559262510975
0.9041272918181084,0.8970236386257058,0.8386303775241439
0.770454729020273,0.9067853383098862,0.9173836698858648
0.8824004523059527,0.8691740836443679,0.9906935908691835
0.8871658185930054,0.8996076179538712,0.8942054433713784
0.8824004523059527,0.9438223753469231,0.9233538191395961
0.8323237218318391,0.9375059814336301,0.9258121158911325
0.8702043453679025,0.9094650205761317,0.9886742756804214
0.8710928034892174,0.9440137812230835,0.9235294117647059
0.7696470398190777,0.7826586276198679,0.7954345917471466
0.9185849285195057,0.9355919226720261,0.8700614574187884
0.8550197883854292,0.9083165853191693,0.871027216856892
0.8544544059445925,0.8492678725236865,0.8818261633011414
0.8017930700266538,0.8944396592975404,0.926953467954346
0.7542201760762458,0.8335725906785338,0.8812993854258121
0.7570470882804297,0.7851469040099531,0.795873573309921
0.8032469105888054,0.9064982294956455,0.884811237928007
0.8156853242872143,0.8400803904679873,0.8926251097453907
0.7418131678731472,0.8766721641927799,0.7497648165569144
0.7748190279214064,0.7932930181418362,0.7676387582314205
0.7842985177524991,0.8842770753161078,0.6989651928504234
0.8516890727335401,0.8357155946490746,0.7616807776732518
0.8402275077559462,0.8717243906908558,0.760975227343995
0.8303171320234402,0.8963716327652557,0.7425525243022891
0.8298000689417442,0.8479017775334433,0.8967544684854186
0.9256290934160635,0.8712662635147517,0.7942928817811226
0.8783178214408824,0.8322338281106835,0.7970366886171214
0.8617718028266115,0.8896829759941359,0.8721386014424585
0.8619441571871769,0.8788711746380795,0.888601442458451
0.7684419165804894,0.7925600146600696,0.8225148949513954
0.6814029644950017,0.7990654205607477,0.6861084979617434
0.7638745260255084,0.8225215319772768,0.6999843211037943
0.734746639089969,0.793384643577057,0.7251489495139543
0.7572388831437435,0.7850467289719626,0.7959391658827218
0.7830920372285419,0.8504672897196262,0.7745374725619316
0.8360910031023785,0.7810152098222467,0.7978206334274067
0.8327300930713547,0.8378229796591534,0.7635622452179367
0.8289382971389176,0.7820230896096756,0.8060520539354029
0.8092037228541882,0.9390690855781565,0.7736751332706178
0.9014994829369183,0.8129924867143119,0.7933521480087802
0.8703895208548776,0.905717427157779,0.790843524615867
0.8013615994484661,0.8769470404984424,0.8178112260896833
0.844364012409514,0.8273776800439802,0.825807463154594
0.8958117890382626,0.9239508887667216,0.7711665098777046
0.85298173043778,0.8257284222100055,0.8474443399184698
0.8040330920372285,0.8309510720175921,0.7888052681091251
0.8592726645984143,0.8296683159245006,0.8166353088742553
0.7475870389520854,0.8667766171889316,0.814989024772656
0.8136849362288866,0.8435953820780648,0.7416117905299467
0.8176490865218891,0.8044713212387758,0.7583098149890247
0.8188555670458463,0.9189114898295767,0.7560363750391973
0.7277662874870734,0.7675462708447865,0.8024459078080903
0.8215270596346087,0.8172072567344695,0.778692380056444
0.7481041020337814,0.8294850650540591,0.7922546252743807
0.7362116511547742,0.8619204691222283,0.7894324239573534
0.7013960703205792,0.7295217152281473,0.7269520225776105
0.7988624612202688,0.8266446765622136,0.7315772969582941
0.84358841778697,0.840021990104453,0.7713232988397617
0.8487590486039297,0.8305845702767088,0.8559109438695516
0.8693553946914857,0.8354407183434122,0.8437597993101286
0.8194588073078248,0.864577606743632,0.8048761367199749
0.8156670113753878,0.8673263698002566,0.8005644402634055
0.8531540847983454,0.9713212387758842,0.8004076513013484
0.8795243019648397,0.923309510720176,0.8053465036061461
0.8776284039986212,0.9616089426424775,0.8033866415804327
0.9034815580834195,0.8305845702767088,0.797271872060207
0.811271975180972,0.8592633315008247,0.8102853559109439
0.7948121337469838,0.8178486347810152,0.7430228911884603
0.7618924508790073,0.8238959135055891,0.7423957353402321
0.8076525336091003,0.7888033718160161,0.6822671683913453
0.7956739055498104,0.8442367601246106,0.7685010975227344
0.7982592209582903,0.8098772219168041,0.7591721542803387
0.7448293691830403,0.9042514201942459,0.7887268736280966
0.7632712857635299,0.7545354590434304,0.7190341799937284
0.8522923129955188,0.8879420927249404,0.8015051740357478
0.827817993795243,0.859538207806487,0.8518344308560677
0.8921923474663909,0.8276525563496426,0.8591251175917215
0.770596346087556,0.8533993036466924,0.8001724678582628
0.8242237618681036,0.8232224904602445,0.7332007622835364
0.7528868360277137,0.7328089712639203,0.7820034799900571
0.7081515695834403,0.6803987228409002,0.7252464992957163
0.7345821572149517,0.7181683669496145,0.7295550584141188
0.7723034813104097,0.7194922513822911,0.7809263402104566
0.6471644855016679,0.7398177712016198,0.7721435081614052
0.8355144983320503,0.804843859512499,0.7699063716960809
0.8000171071764606,0.7144303403161748,0.810920540227028
0.7516893336754769,0.7358461179035901,0.6916065954097274
0.7622957830810024,0.7323417179347402,0.8165548098434005
0.7351809083910701,0.7053189003971654,0.7136465324384788
0.8333761012744847,0.730628455727747,0.740243599304002
0.75211701308699,0.7954209173740363,0.684066616952523
0.8068599777606706,0.7690989798302313,0.7943491590024029
0.893678898297836,0.7695662331594113,0.7352721849366145
0.8601488324352066,0.8120084105599252,0.7249979285773469
0.8532204259686939,0.7229966513511409,0.8564918385947469
0.7412539560345565,0.7246320380032708,0.7542464164388102
0.8082285518775126,0.7652830776419282,0.7303007705692269
0.9172868018133608,0.7018923759831789,0.8488690032314193
0.7107176460525191,0.709524180359785,0.7393321733366476
0.824138225985801,0.743166420060743,0.7116579666915237
0.7392866307415961,0.7813254419437738,0.7281464910100257
0.7501496877940296,0.7321080912701503,0.7296379153202419
0.757847917201266,0.6840588739194767,0.7467892948877289
0.7856470789496194,0.6991667315629624,0.7036208467975805
0.7187580189889659,0.7021260026477688,0.7487778606346839
0.755538448379095,0.8108402772369753,0.7378407490264314
0.7344110854503464,0.7269683046491706,0.7393321733366476
0.7560516636729108,0.7718246242504477,0.7446350153285276
0.8042083654092892,0.7008021182150923,0.716463667246665
0.7733299118980412,0.7529787399735223,0.7574778357776121
0.7495509366179112,0.794642161825403,0.7513464247245007
0.810195877170473,0.7656724554162448,0.7510149971000083
0.8787101188948764,0.8324896814889806,0.7303007705692269
0.7999315712941579,0.7022038782026322,0.8105891126025354
0.8788811906594817,0.7293045712950704,0.7873891788880604
0.7794029595415277,0.7797679308465073,0.7854006131411053
0.800359250705671,0.7999376995561094,0.7385864611815395
0.8331194936275768,0.7318744646055603,0.7416521667080951
0.7066974595842956,0.7660618331905615,0.7574778357776121
0.6808656231289025,0.721127638034421,0.7962548678432347
0.711658540757848,0.710692313682735,0.6423067362664678
0.7437344966213326,0.7462035667004128,0.8910431684480902
0.7117440766401505,0.7530566155283857,0.6742895020299942
0.6307415960995638,0.6901331671988163,0.6302924848786147
0.7878710118894876,0.669184642940581,0.7844891871737509
0.9267812847489522,0.8796822677361577,0.7575606926837352
0.8218287571636301,0.7636476909897983,0.8367718949374431
0.7708493713112651,0.7878669885522934,0.762697820863369
0.816354460696262,0.7687874776107779,0.8164719529372774
0.835043804755945,0.8619172341540073,0.76
0.9026282853566959,0.8892613933996857,0.8061099796334013
0.829453483521068,0.9215295966474594,0.7388187372708758
0.8549019607843137,0.9011000523834468,0.855315682281059
0.8856904463913224,0.9082242011524359,0.8145010183299389
0.8002503128911139,0.8947092718700891,0.8408961303462322
0.8210262828535669,1.0011524358302777,0.7954378818737271
0.798581560283688,0.8485070717653221,0.7605702647657842
0.7465999165623697,0.8160293347302252,0.7512830957230142
0.7570296203587819,0.7549502357255108,0.6912423625254582
0.6772632457238215,0.7465688842325825,0.7601629327902241
0.834209428452232,0.9125196437925616,0.8374745417515275
0.8296203587818106,0.9650078575170247,0.8338900203665988
0.8485607008760951,0.958302776322682,0.7714052953156822
0.8501460158531498,0.927710843373494,0.8020366598778004
0.8303712974551523,0.9268727082242012,0.8610997963340122
0.8417188151856487,0.961760083813515,0.7930753564154787
0.768293700458907,0.8331063383970665,0.810183299389002
0.8097622027534418,0.8893661602933473,0.7485947046843178
0.7496036712557363,0.8636982713462545,0.6910794297352342
0.7919065498539841,0.8546883184913567,0.7404480651731161
0.791322486441385,0.8516500785751703,0.8244399185336049
0.7053817271589486,0.8652697747511786,0.8076578411405295
0.7145598664997914,0.7595599790466213,0.7264358452138493
0.8377138089278264,0.7919329491880566,0.7074541751527494
0.8106800166875261,1.004714510214772,0.869653767820774
0.858072590738423,0.9233106338397067,0.8254175152749491
0.8398831873174801,0.9291775798847565,0.8109979633401222
0.8604088443888194,0.9219486642221059,0.8620773930753565
0.873758865248227,0.9000523834468308,0.8071690427698575
0.8191906549853984,0.9521215295966474,0.7862321792260692
0.862828535669587,0.9075955997904662,0.809857433808554
0.7957446808510639,0.9378732320586695,0.840162932790224
0.8584063412599082,0.910005238344683,0.8311201629327902
0.9131414267834793,0.9735987427972761,0.8255804480651732
0.8827701293283271,1.0105814562598219,0.8135234215885947
0.8244472256987901,0.9193294918805658,0.8391038696537678
0.7032957863996663,0.8450497642744893,0.7188594704684318
0.8271172298706717,0.9402828706128863,0.8239511201629328
0.8126825198164372,0.94248297537978,0.8142566191446029
0.8912807676261995,0.8626506024096385,0.834623217922607
0.8596579057154777,0.8729177579884756,0.7438696537678208
0.8476428869420108,0.9163960188580409,0.809938900203666
0.7991656236962871,0.9351492928234678,0.8376374745417515
0.8654985398414685,0.982084861183866,0.9211405295315682
0.8836879432624114,1.0064955474070194,0.8583299389002037
0.8977054651647893,0.9894185437401781,0.8208553971486762
0.8499791405924072,1.0100576217915138,0.8908350305498982
0.8715894868585732,0.8613933996856993,0.8756008146639511
0.9082186065915728,0.9173389209009953,0.8577596741344196
0.7718815185648727,0.8479832372970142,0.7725458248472505
0.7934084272006675,0.7849135673127292,0.839674134419552
0.8281184814351272,0.9576741749607124,0.8590631364562118
0.8657488527325824,0.8761655316919853,0.6905091649694501
0.8806841885690446,0.7740178103719225,0.8093686354378818
