0.8851674641148325,0.8759871561225375,0.8523359533692484
0.9261133603238867,0.8456131215829211,0.8995849156583944
0.8572874493927125,0.8378894385142758,0.9327916629868409
0.8720095693779905,0.9129566953050421,0.8770643822308576
0.9019138755980861,0.892128785906448,0.8725602755453502
0.9419396393080604,0.8791113425323267,0.9020577585445553
0.8870077291129923,0.9041048338106396,0.8269009979687362
0.8389768126610232,0.8893517313199688,0.9448026141481939
0.8690651453809348,0.8754664583875726,0.9123023933586505
1.0254876702245124,0.9545257311464028,0.8819217521858165
0.9081707765918292,0.8535971535190489,0.9197209220171333
0.93099006256901,0.8826694437212531,0.9011746003709264
0.9319101950680898,0.9054933611038792,0.8883688068533074
0.9830695620169304,0.8374555237351384,0.9298772410138656
0.8597718071402282,0.8953397552720646,0.8610792192881745
0.7953625322046375,0.8254794758309468,0.9142453413406341
0.8834192123665808,0.8212271109954005,0.8317583679236952
0.9015458225984542,0.918597587433828,0.8571933233242074
0.8575634891424365,0.8399722294541352,0.8611675351055375
0.8554471843945528,0.759264080534583,0.8253113132562042
0.7467795362532205,0.8831033585003906,0.8827165945420825
0.8770702981229297,0.9447192571378982,0.9877241013865583
1.0110415899889584,0.8746854117851254,0.8989667049368542
1.0054287817445713,0.8856200642193873,0.9757131502252053
0.9350386455649613,0.899418554195956,0.8733551179016161
0.9261133603238867,0.8880499869825567,0.9077099708557803
0.8932646301067354,0.9780439121756487,0.9654685154111101
0.8938167096061833,0.9001996007984032,0.8848361741587918
0.8365844681634156,0.8260001735659116,0.8424445818246048
0.854527051895473,0.7937169139980907,0.9283758721186964
0.9654030180345969,0.8084700164887616,0.8970237569548706
0.8908722856091277,0.8352859498394515,0.8609909034708116
0.8675009201324991,0.8929966154647228,0.8412964761988873
0.8703533308796466,0.8226156382886401,0.8762695398745916
0.896117040853883,0.8168879632040267,0.8194824693102535
0.7750044099488446,0.8029950083194676,0.7539491758241759
0.7847062974069501,0.7771214642262895,0.8241758241758241
0.7397248191920974,0.6817803660565723,0.8631524725274725
0.7755336038101958,0.7556572379367721,0.8059752747252747
0.8063150467454577,0.844675540765391,0.7870879120879121
0.80878461809843,0.8207154742096506,0.8191964285714286
0.7787969659551949,0.7621464226289517,0.8307005494505495
0.7033868407126478,0.657820299500832,0.6923935439560439
0.8277473981301817,0.7604825291181364,0.8190247252747253
0.7742988181337096,0.7675540765391015,0.7903502747252747
0.7792379608396542,0.7504159733777038,0.7708619505494505
0.7242017992591286,0.7702995008319468,0.732915521978022
0.7903510319280297,0.6816139767054908,0.728279532967033
0.7712118539424943,0.8146422628951747,0.8276957417582418
0.7906156288587053,0.820549084858569,0.7583276098901099
0.8591462339036867,0.7936772046589018,0.8119848901098901
0.8125771741047804,0.7698835274542429,0.711195054945055
0.8124007761509966,0.8861896838602329,0.9187843406593407
0.8367436937731523,0.757071547420965,0.8176510989010989
0.8082554242370789,0.8643926788685524,0.7935267857142857
0.7994355265478921,0.8838602329450915,0.8681318681318682
0.8206032810019404,0.8273710482529119,0.8438358516483516
0.8658493561474687,0.8991680532445924,0.7910370879120879
0.8650243777264562,0.8502304147465438,0.9161169548939205
0.8582670430245488,0.8283410138248848,1.0023177036904973
0.9380720212128988,0.8466855724920241,0.8599572116241754
0.7770934907193567,0.7666607585962425,0.8243893742200036
0.7859892224788299,0.8860333215171925,0.9113032626136566
0.9007783765289539,0.8568769939737682,0.9566767694776253
0.8942776494739543,0.8855015951790145,0.8495275450169371
0.9084766059361903,0.880095710740872,0.9069352825815653
0.7848772560088957,0.7920950017724211,0.8058477446960243
0.8604054400821144,0.8834633108826657,0.8727937243715457
0.9130100076982294,0.8707018787663949,0.9886789088964165
0.8247369771619194,0.8767281105990783,0.9994651453021929
0.9528697288512531,0.8787663948954272,0.9399179889463363
0.8586947224360619,0.9840482098546615,0.9565876270279907
0.7383457360362672,0.7771180432470755,0.8473881262257087
0.747070396031135,0.7185395249911379,0.7201818505972544
0.8840988794799418,0.8337468982630273,0.8464967017293635
0.8545034642032333,0.8234668557249203,0.8615617757175967
0.837396287742708,0.8440269408011344,0.7674273489035479
0.804721580703105,0.7537220843672456,0.7794615796042075
0.747070396031135,0.8295817086139666,0.7884649670172936
0.8030108630570524,0.6923963133640553,0.7691210554466037
0.7903515524762638,0.8642325416518964,0.7640399358174362
0.8556154306731674,0.8490783410138248,0.8722588696737387
0.8744333247797451,0.8333924140375754,0.8535389552504903
0.8276448898553465,0.8183122362869198,0.7841819800858091
0.8446629479058334,0.7451476793248946,0.7611916133732697
0.8359648293466957,0.8160337552742616,0.8020723710839472
0.8054268696227663,0.8362025316455696,0.7692868129199385
0.8790772430745958,0.8341772151898734,0.7681534849834049
0.7366928240521887,0.6917299578059072,0.8104104266170161
0.6888531719769311,0.7450632911392405,0.7104347122156561
0.7504018152595254,0.7549367088607595,0.7582773415364689
0.7782925215089345,0.8172995780590717,0.723710839472193
0.8014559894109861,0.8161181434599156,0.766291589087671
0.7608962843906589,0.7267510548523207,0.7673439650287379
0.8277394346222936,0.739746835443038,0.7009633287460536
0.812801361444644,0.9046413502109705,0.876143446935967
0.7943651318899498,0.8328270042194093,0.8599530478426293
0.79635057199584,0.8934177215189874,0.8074961547802153
0.8202703980334688,0.7673417721518987,0.7390917186108638
0.7808452302165075,0.7462447257383966,0.784991500040476
0.7891651697078567,0.7279324894514768,0.798996195256213
0.8473102013803536,0.8921518987341772,0.7730915567068728
0.6776023447102203,0.780084388185654,0.6775682020561807
0.8238729068269643,0.7592669033270041,0.8083704363312556
0.8398454272219836,0.7475439610336002,0.7939447907390917
0.8237870330613998,0.8047552216626764,0.8248441674087267
0.8498926577930442,0.8824403533393874,0.7943900267141585
0.9546586517818806,0.8548666721703955,0.8128227960819234
0.8636324602833835,0.7607529100965904,0.9603739982190561
0.6992700729927007,0.7775117642202592,0.673820124666073
0.9766423357664233,0.8270453232064724,0.8140694568121104
0.8270502361528553,0.7956740691818707,0.8162956366874443
0.7872906826964362,0.6962767274828696,0.8886019590382903
0.8050665521683126,0.7450672830842896,0.783526268922529
0.7390296264491198,0.7483695203500371,0.7837043633125557
0.9144697294976385,0.8924296210682737,0.8003561887800534
0.7635895234006012,0.7006521918599852,0.8357079252003562
0.8802060970373551,0.7911334929414678,0.8305431878895815
0.7316444826105625,0.7734665235697185,0.7345503116651826
0.7985401459854015,0.8778172211673408,0.8435440783615316
0.8036925719192787,0.7578634524890613,0.832146037399822
0.7275225418634607,0.795343845455296,0.7631344612644702
0.7322455989695148,0.7310327747048625,0.7923419412288513
0.7929583512237012,0.7477090728968876,0.6904719501335708
0.91412623443538,0.8196978452901841,0.8360641139804096
0.8478316874194933,0.8311731197886568,0.8349955476402493
0.9288965221124946,0.8062412284322629,0.931166518254675
0.8398531912988989,0.8066265570714346,0.7501073422069557
0.7773699758302748,0.790610965172443,0.8569343065693431
0.781398263360487,0.7551054995339378,0.7567196221554315
0.7322531554918986,0.7990000847385815,0.779647917561185
0.8219496911646227,0.7248538259469537,0.8456848432803779
0.7604511682033838,0.7754427590882129,0.7516530699871189
0.7477396831080476,0.7715447843403102,0.782138256762559
0.7570495031778712,0.7915430895686806,0.755689136968656
0.819443201145824,0.814930938056097,0.8328037784456849
0.8106704860800287,0.8520464367426489,0.8161442679261486
0.8447766538358249,0.7664604694517414,0.7800772863890082
0.8193536836451526,0.8175578340818574,0.8294547015886646
0.765195595738967,0.8295907126514702,0.8163160154572778
0.7228538179214037,0.8323023472587069,0.7964791756118506
0.7120222003401665,0.8414541140581306,0.7528553027050237
0.8044937785337033,0.8110329633081942,0.8085015027908974
0.8219496911646227,0.8630624523345479,0.8954916273078575
0.7747739683108048,0.8692483687823066,0.743065693430657
0.8117446960880852,0.8655198711973562,0.9106054100472306
0.9153164443648734,0.8217947631556648,0.850407900386432
0.776474800823561,0.7571392254893653,0.8135680549592099
0.8507743263808074,0.750021184645369,0.8150279089738085
0.8716319040372393,0.8170494025930006,0.7902962644911979
0.7950110300356354,0.8470852793634319,0.7109791248143943
0.7752418123197014,0.8742432105172115,0.7938684601275221
0.811980315628712,0.8337657844663553,0.8483710367717705
0.7311216697777023,0.8391281785158277,0.7358721285701808
0.7304428983539794,0.8249437813527072,0.8116866101842956
0.7833870694043781,0.9108285763708701,0.800943313826535
0.782708297980655,0.8566856945165197,0.8655777797187527
0.7887323943661971,0.821830133194949,0.7664424840597432
0.7061768199558799,0.737934613388687,0.7158703816927242
0.7391820804344137,0.8332468431067289,0.7422482312865752
0.8536399117597149,0.8066078533125757,0.8194602148659271
0.727727812659087,0.819840857983048,0.8384138352694559
0.7630239266926863,0.8358415499048607,0.7727312429033103
0.7284914305107755,0.802715793115378,0.8059219145776924
0.7582725267266248,0.7926829268292683,0.8000698750982619
0.759884608857967,0.7865421207403563,0.8097650449820945
0.7679450195146784,0.8797785850198927,0.710367717704603
0.6933650093331071,0.7929423975090815,0.7501965237138615
0.771169183777363,0.9309807991696938,0.9416542929513495
0.8072289156626506,0.8715620134924753,0.8892479692549567
0.8136772441880197,0.8474312402698495,0.7843479779893441
0.8387069404378076,0.87303234734475,0.8695082539959822
0.8373493975903614,0.9166234215533645,0.8543104201240282
0.8141863227558119,0.9036498875627054,0.8578041750371211
0.8781605294417105,0.8162947586922678,0.8074941042885841
0.7279823519429832,0.8315170385746411,0.7455672984540135
0.8446461903953844,0.8706971112264315,0.7218097650449821
0.7356185304598677,0.8111053450960042,0.7768364049261944
0.7302897846851222,0.8156585913685224,0.7682392369167311
0.7624251254654363,0.7854965506176801,0.7892068402509238
0.8244293346284605,0.7648002566982192,0.8539142390650512
0.7727861421401975,0.7403337076849029,0.8753974392025436
0.7752145054233447,0.7987325525429168,0.848586405430953
0.7888133398089687,0.7943205519011712,0.8224628340637621
0.7944795208029788,0.7465105085833467,0.8062215347598178
0.7901894123360855,0.8291352478742179,0.8118071667955659
0.740165128703254,0.7871009144874057,0.7861132594311249
0.7220333495224219,0.7201187229263597,0.8104322419867663
0.7821758135016998,0.6942884646237767,0.7639425968892326
0.709729642221143,0.7389699983956362,0.8582108790925497
0.7037396794560467,0.754532327931975,0.7613646128727335
0.7857374129836491,0.6770415530242259,0.7703016241299304
0.7315039663266958,0.6900369003690037,0.865858898341497
0.6787275376396309,0.7258142146638857,0.7134141101658503
0.7544924720738222,0.7003048291352478,0.859843602302999
0.816577626679618,0.7525268730948179,0.8411961845836555
0.8049214829205116,0.774667094497032,0.8472974134227035
0.7519022179051319,0.786619605326488,0.8681790839563461
0.7527116723328476,0.7728220760468474,0.777090315373378
0.7312611299983811,0.7161880314455319,0.8303686517143594
0.7771571960498624,0.7700144392748275,0.8066511987625676
0.6819653553504937,0.7720198941119846,0.8989430265532353
0.684393718633641,0.6755174073479865,0.7295694766692447
0.764934434191355,0.7096101395796567,0.8248689524791613
0.7733527602395985,0.673672388897802,0.7764028529689783
0.7761049052938319,0.7627145836675758,0.7723640113431297
0.7234903674923102,0.727579014920584,0.7858554610294749
0.7517403270195888,0.686427081662121,0.7987453811119705
0.8178774067528602,0.7991723671987163,0.8244755244755245
0.8775927820667845,0.894350139346339,0.8967657342657342
0.8947074690726444,0.8964614475128789,0.8793706293706294
0.886615198586178,0.825183683810489,0.9038461538461539
0.9144265649707004,0.9402922050502491,0.8701048951048951
0.8748953585712957,0.9067646313655942,0.9043706293706294
0.8785229280997117,0.8718858204543535,0.8750874125874126
0.8622453725234862,0.8708723925344143,0.9092657342657343
0.8987070970142312,0.8512794527489232,0.8361013986013986
0.9150776671937494,0.9261042141711004,0.8458916083916084
0.8824295414380058,0.8799932438138671,0.8551573426573427
0.8568505255325086,0.9120851279452749,0.8731643356643357
0.9358199237280252,0.8468879317625201,0.9002622377622378
0.9267975072086317,0.8723925344143231,0.9413461538461538
0.8925681331969119,0.9655434507220674,0.8132867132867133
1.0022323504790251,0.8953635672662782,0.9310314685314686
0.9338666170588782,0.9113250570053205,0.823951048951049
0.8929401916100828,0.9118317709652901,0.9323426573426573
0.9542368151799833,0.8554176167553416,0.9622377622377623
0.9455864570737605,0.8966303521662021,0.9481643356643357
0.9448423402474189,0.8543197365087408,0.9683566433566434
1.0010231606362199,0.9043155138924077,0.9079545454545455
0.6659845595758535,0.7323705768093911,0.8089160839160839
0.860013022044461,0.8049151254117051,0.8387237762237763
0.9207515579946052,0.881260028713791,0.7562937062937063
0.7979722816482188,0.9505953889029642,0.9317307692307693
0.8515486931448237,0.9129296512118908,0.8700174825174826
0.8418751744023811,0.9205303606114349,0.8168706293706294
0.8387126778904288,0.902373110379191,0.8993881118881119
0.8960096735187424,0.859978042395068,0.8233391608391608
0.8375965026509162,0.8380204374630521,0.8407342657342657
0.8404799553529905,0.8308419896968161,0.7711538461538462
0.9430750627848572,0.7734144075669285,0.8616258741258741
0.8615012556971444,0.8522084283422008,0.8198426573426574
0.8174123337363967,0.866734228527996,0.9044580419580419
0.8750330250990753,0.7292800736026988,0.7830895158481366
0.8985468956406869,0.652687265199724,0.7348484848484849
0.935006605019815,0.7047458406808249,0.8854057819575061
0.9002201673271687,0.7175496434869278,0.7971960989202369
0.8370761778952004,0.7342635896649544,0.8156565656565656
0.8686041391457507,0.8779421912136778,0.8672936259143156
0.8959048877146631,0.6631143141915203,0.7846569139672588
0.8723910171730516,0.8422908839990799,0.8264541971438523
0.7237340378687803,0.6531472820670091,0.7085510275165448
0.8280933509467195,0.6562907306601242,0.6673632880529432
0.8617349185380889,0.7525875948784789,0.8510971786833855
0.7747247908410392,0.7852487924557233,0.7790839428770463
0.7812417437252311,0.6722379820593422,0.7607105538140021
0.8637604579480405,0.7402438089396611,0.7598397770811564
0.8209599295464554,0.6069155869048531,0.7702890978753048
0.7929546455306032,0.6655677374837078,0.716388018112156
0.789079700572435,0.717472974009047,0.7766457680250783
0.8913254073095552,0.7010657057425439,0.7607105538140021
0.863848524878908,0.8344705972552326,0.7580111459421804
0.8764420959929546,0.7982826036954689,0.7589690003483107
0.783755640402638,0.7265363620355696,0.7171717171717171
0.8493578618535231,0.7729353759464694,0.6972180824639841
0.8029330093717459,0.7456418383518225,0.6848816029143898
0.7279590419993058,0.751188589540412,0.6992051664182811
0.7919125303713989,0.7931854199683043,0.8029475078655407
0.8386844845539743,0.7573516464166227,0.7426726279185295
0.8547379382158973,0.8217115689381933,0.6881106143401226
0.8379902811523776,0.8117626342665962,0.7526080476900149
0.827490454703228,0.76738862475788,0.7541811558205
0.8419819507115585,0.8532312026765275,0.7853949329359166
0.8141270392224922,0.8773551681634091,0.8099850968703428
0.8527421034363069,0.9108117626342666,0.7328200033118066
0.9255466851787574,0.7932734636379645,0.8142076502732241
0.8725269003818119,0.8025180489522803,0.7949991720483524
0.8293127386324193,0.8503257615777425,0.7951647623778771
0.8001561957653592,0.8314844162704702,0.7268587514489154
0.814387365498091,0.8504138052474027,0.6878622288458354
0.7985074626865671,0.7350765979926044,0.7863884749130651
0.8463207219715376,0.8291072371896461,0.7628746481205497
0.6978479694550503,0.7013558725127663,0.6263454214273887
0.765619576535925,0.7558549040324001,0.7035933101506872
0.8365150989239847,0.6921993308681106,0.785063752276867
0.7368101353696633,0.7379820390913894,0.6873654578572611
0.7772474835126693,0.7923930269413629,0.7185792349726776
0.7992016660881638,0.7649234020073956,0.7588176850471933
0.8012842762929538,0.834301813699595,0.8031958933598278
0.8136931620964942,0.7509244585314316,0.70508362311641
0.6785260482846251,0.806659032854752,0.7605909576361695
0.741661372299873,0.7699286532194134,0.8061587753648985
0.752938373570521,0.7937109134149564,0.6928622285510858
0.7846251588310038,0.7870166475821369,0.7985938056247776
0.7798602287166455,0.7894829560468598,0.7631719473122107
0.6238881829733164,0.6468774773187703,0.6354574581701673
0.7178367217280813,0.7143486303179776,0.7437700249199003
0.6901207115628971,0.7914207698405707,0.6605553577785689
0.6606575603557815,0.7234211221703515,0.6478284086863653
0.664787166454892,0.8277988196952347,0.7772338910644357
0.6698697585768743,0.7925658416277636,0.7554289782840868
0.727287166454892,0.7501981855016295,0.7049661801352795
0.6711404066073697,0.6886285563287237,0.7198291206835172
0.784148665819568,0.6570069585131684,0.7146671413314347
0.7059243964421855,0.7793534748524619,0.7233001067995728
0.6499364675984752,0.7705452303355941,0.764684941260235
0.6793996188055909,0.8297366334889457,0.7332680669277323
0.730066709021601,0.7733638685809918,0.7231221075115699
0.8230622617534943,0.7442966616753282,0.7022071911712353
0.7706480304955527,0.8269179952435479,0.7016731933072268
0.7879606099110547,0.8074517748612702,0.7221431114275543
0.8371188055908514,0.7955606447634986,0.7842648629405482
0.7449968233799238,0.7920373469567515,0.822000711997152
0.8284625158831004,0.8007575090284507,0.7666429334282663
0.7381670902160101,0.806394785519246,0.7539159843360627
0.7435673443456162,0.8007575090284507,0.7335350658597366
0.7418996188055909,0.7471152999207258,0.7366500533997864
0.8820570635677738,0.8561168895492818,0.7777427241896049
0.7322868788483219,0.7547465742116559,0.7856297815285117
0.7532737837134681,0.7227175169225689,0.6510765833267608
0.7145954383834879,0.7400528314347037,0.7407524252701317
0.8488422513225219,0.7188377084365197,0.7808186765517785
0.8029659179602809,0.7202410434208354,0.7194573704550832
0.8315844245945712,0.7798415056958891,0.7777427241896049
0.7484173098603764,0.7668812943701503,0.8062150011830586
0.8047003729078137,0.7317979197622585,0.8085022478113416
0.772873124620588,0.8677563150074294,0.7715119488918685
0.7613389992194953,0.7275879148093115,0.7408312958435208
0.7914317925591883,0.7273402674591382,0.7801088413912769
0.7132945971728384,0.7473997028231798,0.7394904960959067
0.7808516173792386,0.7918111276209344,0.7997476141651549
0.775995143526147,0.8200429255406967,0.8697846833346479
0.7864018732113434,0.8392768697374938,0.7372032494676236
0.784320527274304,0.8049364371801222,0.8226200804479848
0.790998178822305,0.747069506356282,0.7619686095117911
0.826120891509843,0.8049364371801222,0.7575518574020033
0.7948139797068771,0.7547465742116559,0.803217919394274
0.7518862197554419,0.7811622915634803,0.737597602334569
0.7770358164946666,0.7812448406802047,0.7144885243315718
0.7962767825781525,0.84030979162825,0.8265855777584709
0.8323674042852125,0.8936013276784068,0.765768896611642
0.8354408148928697,0.8384657938410474,0.8732406602953953
0.8698630136986302,0.799373040752351,0.8052997393570808
0.8625746399719002,0.8099760280287663,0.7955690703735881
0.7808219178082192,0.7807486631016043,0.8083405734144222
0.7698454513523006,0.8058270330075604,0.7263249348392702
0.8298208640674394,0.8170754195094966,0.7439617723718506
0.7053038285914999,0.773649271620874,0.7601216333622937
0.7033719704952581,0.7332657200811359,0.7154648132059079
0.8316649104320337,0.8074866310160428,0.7371850564726324
0.8024236037934668,0.7909828508205791,0.7968722849695916
0.7704601334738321,0.7955006453992255,0.8493483927019982
0.8065507551808921,0.8086852295777245,0.7638575152041703
0.7434141201264489,0.8095150285819657,0.817897480451781
0.8500175623463295,0.9126867047759543,0.7997393570807994
0.8744292237442922,0.7973446431864282,0.7702867072111208
0.8928696873902353,0.8470403835515398,0.7901824500434405
0.8279768177028451,0.8538631753641895,0.8052128583840139
0.815595363540569,0.7617554858934169,0.8539530842745439
0.8450122936424306,0.8605015673981191,0.7794092093831451
0.7860028099754127,0.9092753088696294,0.8783666377063423
0.8066385669125395,0.8421537894154527,0.8104257167680278
0.6950298559887601,0.7760464687442375,0.6838401390095569
0.7423603793466808,0.770145675825189,0.8036490008688097
0.8688970846505093,0.7711598746081505,0.8826238053866203
0.8487003863716193,0.7763230684123179,0.8562119895742832
0.7689673340358272,0.7795500645399226,0.7915725456125109
0.7793745407038458,0.7752030578117535,0.7466343564889607
0.8624152853760104,0.7439878961618092,0.8397953688745288
0.8218339185106557,0.7734511864946647,0.7744570095135523
0.7926022699436597,0.7161172161172161,0.7291330102315563
0.7716991916387687,0.7181079789775442,0.749057619816909
0.8021556299501919,0.6440516005733397,0.6704361873990307
0.7970115130235976,0.6905558209906036,0.7660204631125471
0.7203396750224544,0.7319636884854276,0.709387901633459
0.818486159875888,0.8380315336837076,0.8092802010411058
0.8361231321956397,0.8031533683707597,0.8350385927122599
0.8215889605617702,0.8153368370759675,0.8192425058337821
0.9430881032089491,0.7908902691511387,0.9063902351462934
0.9216951090062873,0.7959866220735786,0.8458086519475857
0.9204703192618601,0.787147634973722,0.9159935379644588
0.8437984812607169,0.8249721293199554,0.8819781008795549
0.8007675349065078,0.8416149068322981,0.8133189732543529
0.7971748183228545,0.8199554069119287,0.80165140908275
0.8654364334122643,0.8113553113553114,0.7837910608508347
0.8729484771780844,0.797579232361841,0.8004846526655897
0.9029966522413653,0.7853161331422202,0.8804523424878837
0.8105658528619254,0.7864309603440038,0.8357565966612817
0.8257532456928227,0.7857142857142857,0.7307485191168551
0.8269780354372499,0.7806179327918459,0.8644767546221505
0.8633134645219237,0.7775919732441472,0.8300125650691079
0.7833755205356414,0.7448638318203535,0.7374798061389337
0.9694586686174104,0.8842142793475354,0.904142897222482
0.8942940746159473,0.9264640342276496,0.8998410174880763
0.9089246525237746,0.9334165255370354,0.8876835312821472
0.9483357717629847,0.9155004902397719,0.876835312821472
0.9389173372348207,0.8401818343880916,0.9192929954175629
0.9078273591806877,0.8121936001426152,0.8749649303282522
0.8803035844915874,0.8543542205187629,0.9125596184419714
0.9288588149231894,0.8664765130582048,0.7740577948190405
0.9035296269202634,0.8809163027007755,0.8374637613391939
0.9731163130943672,0.8643372849630092,0.972972972972973
0.8567117776152158,0.8880470630180943,0.8719723183391004
0.846104608632041,0.92949460736251,0.9112503506967174
0.9417520117044623,0.9045369462518941,0.9021789956046011
0.8682333577176299,0.8846599518673679,0.931076405124848
0.8984089246525238,0.9190658703984312,0.8558870288974095
0.9371799561082663,0.9009715660932347,0.9097540447021416
0.9453182150694952,0.8829663962920047,0.8545777611521557
0.8203182150694952,0.8722702558160264,0.9175161320490041
0.8589978054133138,0.8190569569480346,0.850369400542411
0.8167520117044623,0.89348426776005,0.8553259141494436
0.9483357717629847,0.9736161868259203,0.8535490507808847
0.8839612289685442,0.9176397183349675,0.8314785373608903
0.8384235552304315,0.816917728852839,0.8499018049191059
0.8951170446232626,0.8638024779392103,0.9499672683063687
0.8699707388441843,0.8829663962920047,0.8703824932198635
0.9191660570592538,0.8551564310544612,0.8773964275694379
0.93983174835406,0.8498974953204386,0.8969419246235856
0.8864301389904902,0.9735270523219538,0.8606565042551202
0.8746342355523044,0.8985649344861396,0.9201346675395118
0.9240124359912216,0.9411712273821197,0.9061067988403628
0.9001463057790783,0.9105980925216152,0.986346207799495
0.8872531089978054,0.9573045726000535,0.8390535864584308
0.917794440380395,0.9003476245654692,0.9062938370896848
0.950256035113387,0.9332382565291024,0.8715982418404564
0.8995062179956108,0.941795168909885,0.8660806134854577
0.9145940014630578,0.8987432034940726,0.9468811371925558
0.7589855423632986,0.8305100966599674,0.8136084284460052
0.8631774493175026,0.7807445688582639,0.7589113257243196
0.7870931265648978,0.7739496602545698,0.8299385425812116
0.8058315160326306,0.8169202794525792,0.8559262510974539
0.8941927146434052,0.8948224710498612,0.8506584723441616
0.7946046361360148,0.7785434012824194,0.8199297629499561
0.8005007673047412,0.876447506938463,0.8559262510974539
0.9227849123657217,0.8665901043162025,0.9017559262510975
0.9041272918181084,0.8970236386257058,0.8386303775241439
0.770454729020273,0.9067853383098862,0.9173836698858648
0.8824004523059527,0.8691740836443679,0.9906935908691835
0.8871658185930054,0.8996076179538712,0.8942054433713784
0.8824004523059527,0.9438223753469231,0.9233538191395961
0.8323237218318391,0.9375059814336301,0.9258121158911325
0.8702043453679025,0.9094650205761317,0.9886742756804214
0.8710928034892174,0.9440137812230835,0.9235294117647059
0.7696470398190777,0.7826586276198679,0.7954345917471466
0.9185849285195057,0.9355919226720261,0.8700614574187884
0.8550197883854292,0.9083165853191693,0.871027216856892
0.8544544059445925,0.8492678725236865,0.8818261633011414
0.8017930700266538,0.8944396592975404,0.926953467954346
0.7542201760762458,0.8335725906785338,0.8812993854258121
0.7570470882804297,0.7851469040099531,0.795873573309921
0.8032469105888054,0.9064982294956455,0.884811237928007
0.8156853242872143,0.8400803904679873,0.8926251097453907
0.7013960703205792,0.7295217152281473,0.7269520225776105
0.7988624612202688,0.8266446765622136,0.7315772969582941
0.84358841778697,0.840021990104453,0.7713232988397617
0.8487590486039297,0.8305845702767088,0.8559109438695516
0.8693553946914857,0.8354407183434122,0.8437597993101286
0.8194588073078248,0.864577606743632,0.8048761367199749
0.8156670113753878,0.8673263698002566,0.8005644402634055
0.8531540847983454,0.9713212387758842,0.8004076513013484
0.8795243019648397,0.923309510720176,0.8053465036061461
0.8776284039986212,0.9616089426424775,0.8033866415804327
0.9034815580834195,0.8305845702767088,0.797271872060207
0.811271975180972,0.8592633315008247,0.8102853559109439
0.7948121337469838,0.8178486347810152,0.7430228911884603
0.7618924508790073,0.8238959135055891,0.7423957353402321
0.8076525336091003,0.7888033718160161,0.6822671683913453
0.7956739055498104,0.8442367601246106,0.7685010975227344
0.7982592209582903,0.8098772219168041,0.7591721542803387
0.7448293691830403,0.9042514201942459,0.7887268736280966
0.7632712857635299,0.7545354590434304,0.7190341799937284
0.8522923129955188,0.8879420927249404,0.8015051740357478
0.827817993795243,0.859538207806487,0.8518344308560677
0.8921923474663909,0.8276525563496426,0.8591251175917215
0.770596346087556,0.8533993036466924,0.8001724678582628
0.7392866307415961,0.7813254419437738,0.7281464910100257
0.7501496877940296,0.7321080912701503,0.7296379153202419
0.757847917201266,0.6840588739194767,0.7467892948877289
0.7856470789496194,0.6991667315629624,0.7036208467975805
0.7187580189889659,0.7021260026477688,0.7487778606346839
0.755538448379095,0.8108402772369753,0.7378407490264314
0.7344110854503464,0.7269683046491706,0.7393321733366476
0.7560516636729108,0.7718246242504477,0.7446350153285276
0.8042083654092892,0.7008021182150923,0.716463667246665
0.7733299118980412,0.7529787399735223,0.7574778357776121
0.7495509366179112,0.794642161825403,0.7513464247245007
0.810195877170473,0.7656724554162448,0.7510149971000083
0.8787101188948764,0.8324896814889806,0.7303007705692269
0.7999315712941579,0.7022038782026322,0.8105891126025354
0.8788811906594817,0.7293045712950704,0.7873891788880604
0.7794029595415277,0.7797679308465073,0.7854006131411053
0.800359250705671,0.7999376995561094,0.7385864611815395
0.8331194936275768,0.7318744646055603,0.7416521667080951
0.7066974595842956,0.7660618331905615,0.7574778357776121
0.6808656231289025,0.721127638034421,0.7962548678432347
0.711658540757848,0.710692313682735,0.6423067362664678
0.7437344966213326,0.7462035667004128,0.8910431684480902
0.7117440766401505,0.7530566155283857,0.6742895020299942
0.6307415960995638,0.6901331671988163,0.6302924848786147
0.7878710118894876,0.669184642940581,0.7844891871737509
0.9267812847489522,0.8796822677361577,0.7575606926837352
0.8218287571636301,0.7636476909897983,0.8367718949374431
0.7708493713112651,0.7878669885522934,0.762697820863369
0.816354460696262,0.7687874776107779,0.8164719529372774
0.7053817271589486,0.8652697747511786,0.8076578411405295
0.7145598664997914,0.7595599790466213,0.7264358452138493
0.8377138089278264,0.7919329491880566,0.7074541751527494
0.8106800166875261,1.004714510214772,0.869653767820774
0.858072590738423,0.9233106338397067,0.8254175152749491
0.8398831873174801,0.9291775798847565,0.8109979633401222
0.8604088443888194,0.9219486642221059,0.8620773930753565
0.873758865248227,0.9000523834468308,0.8071690427698575
0.8191906549853984,0.9521215295966474,0.7862321792260692
0.862828535669587,0.9075955997904662,0.809857433808554
0.7957446808510639,0.9378732320586695,0.840162932790224
0.8584063412599082,0.910005238344683,0.8311201629327902
0.9131414267834793,0.9735987427972761,0.8255804480651732
0.8827701293283271,1.0105814562598219,0.8135234215885947
0.8244472256987901,0.9193294918805658,0.8391038696537678
0.7032957863996663,0.8450497642744893,0.7188594704684318
0.8271172298706717,0.9402828706128863,0.8239511201629328
0.8126825198164372,0.94248297537978,0.8142566191446029
0.8912807676261995,0.8626506024096385,0.834623217922607
0.8596579057154777,0.8729177579884756,0.7438696537678208
0.8476428869420108,0.9163960188580409,0.809938900203666
0.7991656236962871,0.9351492928234678,0.8376374745417515
0.8654985398414685,0.982084861183866,0.9211405295315682
0.8836879432624114,1.0064955474070194,0.8583299389002037
0.8977054651647893,0.9894185437401781,0.8208553971486762
0.8499791405924072,1.0100576217915138,0.8908350305498982
0.8715894868585732,0.8613933996856993,0.8756008146639511
0.9082186065915728,0.9173389209009953,0.8577596741344196
0.7718815185648727,0.8479832372970142,0.7725458248472505
0.7934084272006675,0.7849135673127292,0.839674134419552
0.8281184814351272,0.9576741749607124,0.8590631364562118
0.8657488527325824,0.8761655316919853,0.6905091649694501
0.8806841885690446,0.7740178103719225,0.8093686354378818
