1.0,0.0,0.9189260796608673
0.8099926389400074,0.8345916861928317,0.8561335335158526
0.9470923813029076,0.8743382799618155,0.0
0.0,1.0,1.0
0.8622561648877438,0.8518614944024994,0.7967853042479908
0.889124033860876,0.8621886661459689,0.863905325443787
0.8023555391976445,0.810726373340276,0.8723836439106244
0.88894000736106,0.9054933611038792,0.8680561688598428
0.8714574898785425,0.8649657207324482,0.9281109246666078
0.8434854619065145,0.8327692441204547,0.8470370043274751
0.9391792418108208,0.7869478434435477,0.9546056698754747
0.7988590357011409,0.8425757181289595,0.8747681709794224
0.8329039381670961,0.9094853770719431,0.8396184756689923
0.860783952889216,0.8843183198819752,0.9748299920515764
0.8778984173721016,0.7598715612253754,0.8959639671465159
0.8676849466323151,0.8773756834157771,0.8940210191645324
0.8647405226352595,0.865833550290723,0.867879537225117
1.0,0.9689683860232945,0.0
0.8433586170400423,0.7895174708818635,0.8666723901098901
0.9413476803669077,0.0,1.0
0.0,1.0,0.9921016483516484
0.7604515787616863,0.824126455906822,0.8474416208791209
0.801464103016405,0.7906821963394343,0.873540521978022
0.7525136708414183,0.7237936772046589,0.7611607142857143
0.8522667137061211,0.8234608985024958,0.8618646978021978
0.8465337802081496,0.8277870216306157,0.8803228021978022
0.7767683894866819,0.7654742096505823,0.7991071428571429
0.8346269183277474,0.7874376039933444,0.8843578296703297
0.7442229670135826,0.8204658901830283,0.7979910714285714
0.7998765214323514,0.7850249584026622,0.803228021978022
0.8040218733462692,0.8897670549084858,0.8165350274725275
0.7571882166166872,0.7105657237936772,0.8285542582417582
0.748015523019933,0.7846921797004992,0.7694883241758241
0.8196330922561298,0.8746256239600666,0.8462396978021978
0.8047274651614041,0.7093178036605657,0.8605769230769231
0.8044628682307285,0.789018302828619,0.8647836538461539
1.0,0.0,0.9927794615796042
0.8479172012659311,0.8023750443105282,0.8612052059190587
0.9893935505944744,0.9516129032258065,0.0
0.7930031648276452,0.8109712867777384,0.935728293813514
0.8775126165426397,0.8319744771357674,0.8042431806026029
0.8645111624326405,0.82612548741581,0.916384382242824
0.9457702506201352,0.8555476781283233,0.9791406667855233
0.9369600547429646,0.923785891527827,0.8613834908183277
0.8077153365836969,0.9180255228642326,0.8972187555714031
0.8928235394748096,0.8564338886919532,0.9202175075771082
0.863484731845009,0.8796526054590571,0.9326083080763059
0.8180651783423146,0.815490960652251,0.84070244250312
0.8877769224189548,0.8217830556540234,0.9042610090925298
0.8251646565734325,0.7355547678128324,0.8603137814227135
0.8110512359934993,0.7703828429634881,0.7752718844713853
0.7613548883756736,0.8021978021978022,0.8234088072740239
0.9273896189845892,0.0,0.8605197118108961
0.7402855251961804,0.8009282700421941,0.7130251760705901
1.0,0.9108016877637131,0.0
0.8303866880968138,0.7509704641350211,0.8030437950295475
0.8118559137751725,0.8789029535864978,0.7068728244151218
0.9234187387728089,0.8536708860759493,0.8257913057556869
0.6841259336295736,0.7566244725738397,0.6890633854124504
0.8752009076297627,0.8374683544303797,0.7411964704929976
0.7726198354921056,0.7644725738396625,0.743948838338865
0.7681762314455894,0.8140084388185654,0.7762486845300737
0.7231729223787463,0.7936708860759494,0.7556059256860682
0.7947433109577385,0.9454008438818565,0.8178580101999514
0.7983360121017302,0.7459915611814346,0.7730915567068728
0.7528599792001512,0.81957805907173,0.7944628835100785
0.796393301846286,0.838272929910014,0.7817453250222618
0.9993988836410477,0.0,1.0
0.7818806354658652,0.7600099067117972,0.8294746215494212
1.0,1.0,0.0
0.0,0.9947989763064476,0.9367764915405165
0.9150708458565908,0.7683480558078097,0.8031166518254675
0.903048518677544,0.8275406587963345,0.8707925200356189
0.8329755259768141,0.7506810864360605,0.8878895814781834
0.7896951481322456,0.751589201684141,0.8465716829919857
0.9450407900386432,0.8495005366135557,0.8420302760463045
0.8180334907685702,0.8620490382233964,0.8133570792520035
0.876170030055818,0.9278461157434161,0.8063223508459484
0.9430656934306569,0.7747048625443738,0.8709706144256456
0.8423357664233576,0.8050854453892512,0.8221727515583259
0.8246457707170459,0.7430859407248411,0.8218165627782725
0.8755689136968656,0.7207132832494014,0.804986642920748
0.7052812365822241,0.6569801040204739,0.6999109528049866
0.8073851438385573,0.8173862792041608,0.851113089937667
0.9015886646629455,0.8570131263931313,0.8435440783615316
0.9940918449556888,0.0,0.9093173035637613
0.7694924357711933,0.775527497669689,0.8425933877200515
1.0,0.9583933564952123,0.0
0.7839047533792857,0.813829336496907,0.8234435379991413
0.7032494852743711,0.7522243877637488,0.6803778445684844
0.7920508459403813,0.7794254724175917,0.7808501502790898
0.8395846387968848,0.8760274553003983,0.8351223701159296
0.7514994181362457,0.7431573595458012,0.7714040360669815
0.7636737982275534,0.8439962715024151,0.7708887934735938
0.7660907707456808,0.790610965172443,0.790983254615715
0.7813087458598156,0.8008643335310567,0.8555603263203091
0.8211440336585802,0.834081857469706,0.7573207385143839
0.7676125682570942,0.8255232607406152,0.8184628595963933
0.9552859324622434,0.0,0.9719626168224299
0.7527575089088749,0.8160352880124546,0.7507205869508254
0.0,0.992302369832209,1.0
0.8029017478364161,0.7773741567202906,0.7903747052144292
0.7752418123197014,0.8100674623767514,0.7627740414009957
0.8162226370269812,0.8195813873032347,0.8273211634203861
0.7571695231630748,0.8677564435218821,0.8187614638833086
0.7575937553029017,0.8050510292336966,0.815617084461525
0.7502969624978788,0.8378308251167618,0.7641715433662328
0.7653147802477516,0.8495934959349594,0.8027775351559088
0.7138129984727642,0.7906936516173673,0.717442571403616
0.7110130663499067,0.7522919910050164,0.7515066818062713
0.8034956728321737,0.8400795710084761,0.7311555594375054
0.8454098082470728,0.8269330565646082,0.8358808629574636
0.7801629051416935,0.8296142535893444,0.6930736308847935
0.7327181479682694,0.749719236322798,0.7689266993211309
1.0,0.0,1.0
0.870082564351627,0.8664367078453393,0.0
0.0,1.0,0.9553149437140156
0.7252711672332848,0.7173110861543398,0.7273352238549454
0.6920835356969403,0.6568265682656826,0.6732834923090143
0.7267281852031731,0.6771217712177122,0.7519120048122369
0.7026064432572446,0.7484357452270175,0.811291569992266
0.7815282499595273,0.7543718915450024,0.7868866546360745
0.7402460741460256,0.7479544360660998,0.7809572913981266
0.7910798122065728,0.7659233114070271,0.8579530806908997
0.7640440343208678,0.8199101556232954,0.877202028014093
0.7982839566132427,0.7405743622653618,0.8851937784652402
0.8382710053423992,0.8018610620888817,0.8120649651972158
0.7184717500404727,0.7821273864912562,0.8498753974392026
0.9779555390196261,0.0,0.9661713286713287
0.8165752023067622,0.8279706105903217,0.7806818181818181
1.0,0.9889367452073304,0.0
0.8467119337736024,0.8405540072629001,0.843006993006993
0.7715561343130871,0.852377332995524,0.7597902097902098
0.8242954143800577,0.8752639135208174,0.8965909090909091
0.8634545623662915,0.7302592686428511,0.7702797202797202
0.9712584875825505,0.8365002955831433,0.8291958041958042
0.8233652683471305,0.7805084030065028,0.8375
0.9046600316249651,0.8680010134279199,0.8349650349650349
0.7922053762440703,0.7919094671058188,0.8990384615384616
0.9090317179797228,0.8584579005151592,0.8432692307692308
0.9360059529346108,0.9351406131238915,0.8381993006993007
0.9170309738628964,0.8513639050755848,0.8451923076923077
0.8632685331597061,0.8900430706865974,0.8518356643356644
0.907636498930332,0.8739971286208935,0.8472027972027972
0.8460608315505534,0.892238831179799,0.8702797202797202
0.8983350386010603,0.894350139346339,0.8677447552447553
0.8335968747093294,0.9018663964192214,0.9005244755244756
0.875453446191052,0.854488641162064,0.79256993006993
0.7926023778071334,0.7439239438779421,0.794932079414838
0.0,0.8807022924173886,0.9094392197840474
0.9940995156318803,1.0,0.0
0.8215763980625275,0.6501571724296558,0.8080808080808081
0.8618229854689564,0.7232231848501112,0.8092128178335075
0.8110964332892999,0.6843517595645173,0.8187913618948102
0.8503742844561867,0.6809016330598788,0.723092998955068
0.8576838397181858,0.7407804952848271,0.8137408568443051
0.9284896521356231,0.739783792072376,0.7969348659003831
0.7912813738441216,0.7605612205780878,0.7865726227795193
0.8367239101717305,0.7351836233995247,0.7603622431208638
0.9104359313077939,0.7447673081346317,0.8363810518982933
0.8417437252311757,0.7290500651690562,0.8241901776384535
0.8967855570233377,0.7453806639576784,0.8047718564959945
0.7784236019374725,0.7457640113470827,0.799373040752351
0.9957480041652204,1.0,0.0
0.0,0.9617890473674943,0.9028812717337308
0.7700451232211037,0.7369255150554676,0.6731246895181321
0.8863241929885456,0.7882549744673358,0.8160291438979964
0.777507809788268,0.7851734460292304,0.6974664679582713
0.7810656022214509,0.7068145800316957,0.8108130485179665
0.8208087469628601,0.7421200915654165,0.7179168736545786
0.819160013884068,0.8456594470857546,0.7198211624441133
0.7177195418257549,0.6821623525268533,0.6597946679913893
0.8207219715376606,0.6770558196865646,0.7513661202185792
0.8760846928149948,0.8187180841697482,0.7301705580394104
0.7526900381811871,0.7147385103011094,0.7401887729756582
0.7480909406456092,0.7329635499207607,0.6703096539162113
0.7026206178410275,0.7559429477020603,0.6675774134790529
0.8569073238458869,0.7449374889945413,0.8330021526742838
0.7248351266921208,0.6576862123613312,0.6497764530551415
0.7691391359593392,0.8050735488417159,0.7885368458526166
0.0,0.9912798379283009,1.0
0.9185196950444727,0.0,0.9328942684229263
0.7695362134688691,0.8514929974456091,0.7771448914204343
0.7079891994917408,0.7702809830000881,0.7295300818796725
0.6835292249047014,0.8439179071611028,0.7461730153079388
0.7325285895806861,0.7420065181009425,0.731933072267711
0.7310196950444727,0.8038403946093543,0.7101281594873621
0.7284783989834815,0.7553950497665816,0.7755428978284087
0.7091804320203303,0.8213688011979212,0.7724279102883589
0.7031448538754765,0.7294107284418215,0.7045211819152724
0.7835133418043202,0.7179600105698934,0.7234781060875757
0.6640724269377383,0.7673742623095217,0.7766998932004272
0.7028271918678526,0.7122346516339294,0.7870238519045923
0.7397450351227127,0.7443453855043751,0.754870257906775
0.9573324082906947,0.9659072147928017,0.0
1.0,0.0,0.9664011357362569
0.8358338392160264,0.7238732045567112,0.7934379682940295
0.8070418870869829,0.8291233283803864,0.8152062465494124
0.7240482178475414,0.7636618788178966,0.8555091095512264
0.7978492758650594,0.7422816575862639,0.8032967899676631
0.8155407163298933,0.801056628694073,0.7342850382522281
0.7976758303703061,0.7469869572395575,0.6938244341036359
0.7721793426415748,0.704969456826812,0.7691458316901963
0.8129390339085942,0.8342413736173023,0.8238031390488209
0.8402566993322348,0.7781905233614,0.8180455871914188
0.7917786835486949,0.7895823014693742,0.7970660146699267
0.862197554418524,0.7634967805844477,0.8229355627415411
0.7980227213598127,0.7898299488195476,0.7588137865762284
0.8333188795421039,0.8041109460128777,0.7779793359097721
0.779550776168589,0.7445930328545485,0.8067670951967821
0.7782499349579395,0.7446755819712729,0.765202303020743
0.9972778363189322,0.998617001659598,0.0
0.0,1.0,0.9864465682015638
0.7550052687038988,0.7711598746081505,0.782102519548219
0.730593607305936,0.7244145307025631,0.6799304952215465
0.6838777660695469,0.7400885118937858,0.6811468288444831
0.7548296452406041,0.8498063802323437,0.798262380538662
0.7031963470319634,0.7391665130001844,0.7550825369244135
0.776255707762557,0.7620320855614974,0.7421372719374457
0.7706357569371268,0.8550617739258712,0.8456993918331885
0.7553565156304882,0.779826664208003,0.7913119026933102
0.8323674042852125,0.8112668264798082,0.7471763683753258
0.84536354056902,0.8160612207265351,0.7894005212858384
0.7360379346680717,0.8509127789046653,0.7721980886185925
0.7773332244631338,0.7664437012263099,0.7066953868246275
0.0,0.853161331422201,0.9124932687129779
0.9483138727851719,0.0,1.0
0.8301624887727607,0.7840420449116101,0.8301023155627356
0.7506328080346207,0.7812549769071508,0.7443008436546401
0.7659018535151466,0.7023411371237458,0.7263507449290971
0.841430554421491,0.8220258002866698,0.7232094776521271
0.8381644484363517,0.7853161331422202,0.7819063004846527
0.7178084428839716,0.7165949992036948,0.7039131215221683
0.8037886829427615,0.7365026278069756,0.8115239633817986
0.8949946925777742,0.7940754897276636,0.7089391491653204
0.8446966604066302,0.7831661092530657,0.8039849219170705
0.8051767779864457,0.7935977066411849,0.7905223478729133
0.8095860210663836,0.7682752030578117,0.7657512116316639
0.7551237037641871,0.7377767160375857,0.7485191168551427
0.9810716898317483,0.0,1.0
0.0,0.9594438006952491,0.9821378471897503
0.9093818580833943,0.8974953204385417,0.8667352473580847
0.8895391367959035,0.9090828059541849,0.8888057607780792
0.9764081931236284,0.8467777876816116,0.8926400448891798
0.9053584491587418,0.8891166770656921,0.8713176844664734
0.7815471836137527,0.8325162670469739,0.8520527447863088
0.8962143379663496,0.9149656832159729,0.9094734873281586
0.8425384052670081,0.9040021392280952,0.8257738707565697
0.8429041697147037,0.8602370977805508,0.8652389413635089
0.8341258229700074,0.886710045458597,0.9001215748620592
0.9219092904169714,0.898654068990106,0.8542972037781726
0.9295903438185809,0.8978518584544077,0.8836622089217245
0.8995976591075348,0.9068544433550227,0.8334424389787711
0.8609180687637161,0.8372403957571977,0.8532684934069017
0.8330285296269203,0.8289508868883144,0.8321331712335173
0.0,1.0,0.9884108867427568
0.9443502140376383,0.9399942578237152,0.0
0.6999434617559164,0.799980859412384,0.7864793678665496
0.7911315725708747,0.9277442817494497,0.973748902546093
0.7916161860915919,0.7875394774619581,0.8259877085162424
0.7858008238429852,0.834625322997416,0.822036874451273
0.7169049349810193,0.9301368552014547,0.8963125548726953
0.8730312575720862,0.8288831467126041,0.861369622475856
0.8687505048057508,0.9097521293903723,0.8546093064091308
0.8454890558113238,0.8674514307589243,0.8624231782265145
0.7720701074226638,0.796152741889176,0.8704126426690079
0.8496082707374203,0.8930998181644176,0.8825285338015804
0.8772312414183022,0.9355919226720261,0.8591747146619843
0.8867619739924077,0.8465881902574409,0.8893766461808604
0.7856392860027461,0.8650588573069193,0.8395961369622476
0.7409740731766417,0.8387405493348645,0.8807726075504829
0.8196430013730717,0.7779691836539382,0.8614574187884109
0.7328971811646878,0.8451526461862379,0.7981562774363476
0.7310410203378146,0.7778999450247389,0.711351520852932
0.9342468114443295,0.9940443467106469,0.0
0.0,1.0,0.9232518030730636
0.7991209927611168,0.7890782481216786,0.7496080275948573
0.7530162013098931,0.8366318490012827,0.8573220445280653
0.7582730093071355,0.8726406450430639,0.8061304484164314
0.7686142709410548,0.7595748579805754,0.7306365631859517
0.7457773181661496,0.7941176470588235,0.7817497648165569
0.8817649086521889,0.8360820963899579,0.6940263405456256
0.8339365735953119,0.861095840205241,0.7523518344308561
0.8121337469837987,0.8883085944658237,0.8863280025086234
0.8164426059979317,0.8505589151548469,0.7970366886171214
0.8416925198207514,0.8265530511269928,0.8066792097836313
0.8249741468459152,0.8226131574124977,0.7821417372216996
0.8214408824543261,0.9070001832508704,0.8750391972405143
0.7714581178903827,0.8427707531610775,0.8014267795547193
0.8528093760772147,0.8055708264614256,0.8348228284728755
0.8370389520854877,0.8314091991936962,0.7801034807149577
0.7780075835918648,0.8046545721092175,0.7828472875509564
0.8794381247845571,0.8058457027670881,0.7410630291627469
0.8162702516373664,0.8095107201759209,0.730087801818752
0.0,0.9350517872439841,1.0
0.8370541442134976,0.7338992290320069,0.7327864777529207
0.9546659823796082,0.0,0.9598972574364073
0.7846206483619879,0.7557822599486022,0.7625321070511227
0.8072876571721838,0.7813254419437738,0.7400778854917557
0.7831665383628432,0.7532902421929756,0.8076891208882261
0.772474553075015,0.7782104197492408,0.752092136879609
0.8261055512787614,0.7324974690444669,0.7496064296959152
0.7722179454281071,0.7473717000233626,0.6930151628138206
0.7461295013258061,0.725878046881084,0.7158836689038032
0.7841074330681721,0.773771513122031,0.7687463750103571
0.867590454195535,0.7377930067751732,0.7526721352224708
0.7896672654178428,0.7786776730784207,0.8185433755903555
0.7638354289624497,0.6790748384082237,0.6614466815809098
0.7528868360277137,0.73771513122031,0.7109122545364156
0.7729022324865281,0.7374815045557199,0.7553235562184109
0.8182728410513141,0.9116815086432687,0.8288391038696538
0.0,1.0,0.949979633401222
0.8606591572799333,0.8705081194342588,0.7990224032586558
0.9409261576971214,0.9733892090099528,0.0
0.7928243637880684,0.927187008905186,0.7427291242362526
0.8049228201919065,0.9210057621791514,0.7072097759674134
0.8481435127242386,0.933787323205867,0.7595926680244399
0.8043387567793074,0.9336825563122053,0.7853360488798371
0.8604922820191907,0.9103195390256679,0.7982892057026476
0.7811430955360867,0.8657936092194867,0.780122199592668
0.7909887359198998,0.8990047145102148,0.8211812627291243
0.9366708385481852,0.9140911471974856,0.8129531568228106
0.8229453483521068,0.8431639601885804,0.7850916496945011
0.7802252816020026,0.832163436354112,0.7587780040733197
0.910221109720484,0.9013095861707701,0.8645213849287169
0.8538172715894868,0.9431115767417496,0.814745417515275
0.8182728410513141,0.9405971712938711,0.794949083503055
