0.6769729093050648,0.647945610404966,0.5028248587570622
0.5886336866902238,0.6860774460537984,0.7242937853107345
0.7977031802120141,0.5719775347324859,0.8681732580037664
0.7776796230859835,0.6266627253916642,0.9065913370998117
0.7146643109540636,0.6423292935264558,0.504708097928437
0.5889281507656066,0.486550399054094,0.3728813559322034
0.6071849234393404,0.5749334909843334,0.39962335216572503
0.6522379269729093,0.5226130653266332,0.4930320150659134
0.624263839811543,0.5119716228199823,0.4391713747645951
0.6769729093050648,0.5022169671888856,0.639924670433145
0.515017667844523,0.5104936446940586,0.5623352165725047
0.6822732626619552,0.543895950339935,0.5627118644067797
0.7070082449941107,0.5234998522021874,0.6975517890772128
0.6042402826855123,0.7227313035767071,0.7717514124293785
0.6557714958775029,0.43629914277268694,0.6256120527306968
0.5482921083627798,0.595329589122081,0.5288135593220339
0.6381036513545347,0.561336092225835,0.4048964218455744
0.6816843345111896,0.4759089565474431,0.4764595103578154
0.6177856301531213,0.5533550103458469,0.5902071563088512
0.6298586572438163,0.5125628140703518,0.6851224105461393
0.6378091872791519,0.6367129766479456,0.5713747645951036
0.7623674911660777,0.5583801359739876,0.7013182674199623
0.5323910482921084,0.5634052616021283,0.5951035781544256
0.7232037691401649,0.5033993496896246,0.8459510357815443
0.6012956419316844,0.43689033402305644,0.6060263653483993
0.7367491166077739,0.6550399054093999,0.512241054613936
0.7723792697290931,0.486550399054094,0.583804143126177
0.4785041224970554,0.6068578185042861,0.6391713747645951
0.7508833922261484,0.632870233520544,0.48662900188323915
0.6322143698468787,0.5566065622228791,0.5032015065913371
0.5273851590106007,0.6562222879101389,0.5902071563088512
0.5627208480565371,0.6183860478864913,0.5487758945386064
0.7853356890459364,0.6089269878805794,0.6806026365348399
0.709658421672556,0.6201596216375997,0.5966101694915255
0.7123085983510011,0.49630505468519065,0.864030131826742
0.6772673733804476,0.6908069760567543,0.6606403013182675
0.6784452296819788,0.6183860478864913,0.6674199623352166
0.6643109540636042,0.6278451078924032,0.7190207156308851
0.7229093050647821,0.7449009754655631,0.5871939736346516
0.7179034157832744,0.6092225835057641,0.784557438794727
0.7102473498233216,0.6544487141590305,0.5935969868173258
0.6389870435806831,0.6875554241797222,0.5717514124293785
0.6522379269729093,0.5914868459946793,0.5883239171374764
0.7688457008244994,0.6296186816435116,0.5137476459510358
0.6113074204946997,0.632870233520544,0.5721280602636535
0.7031802120141343,0.5775938516109962,0.7129943502824859
0.6345700824499411,0.6340526160212829,0.6693032015065913
0.664605418138987,0.6213420041383387,0.8937853107344633
0.694640753828033,0.598876736624298,0.5382297551789077
0.6884570082449941,0.5551285840969553,0.5178907721280602
0.592756183745583,0.7265740467041087,0.5774011299435028
0.6189634864546525,0.4747265740467041,0.6052730696798494
0.6124852767962309,0.6098137747561336,0.43163841807909603
0.5600706713780919,0.5681347916050843,0.6135593220338983
0.6136631330977621,0.6780963641738103,0.5800376647834274
0.6866902237926973,0.7898315104936446,0.64030131826742
0.7143698468786808,0.5634052616021283,0.5570621468926553
0.5942285041224971,0.5666568134791605,0.439924670433145
0.5806831566548881,0.5530594147206621,0.559322033898305
0.6213191990577149,0.5152231746970145,0.5608286252354049
0.6275029446407538,0.6509015666568134,0.5988700564971752
0.6919905771495878,0.5104936446940586,0.4674199623352166
0.5630153121319199,0.47886491279929055,0.703954802259887
0.6213191990577149,0.6452852497783033,0.5416195856873823
0.815959952885748,0.5326633165829145,0.6523540489642184
0.607773851590106,0.6092225835057641,0.5013182674199623
0.6924882629107981,0.5178781925343812,0.5126605504587156
0.5971244131455399,0.524950884086444,0.43669724770642204
0.7121478873239436,0.7233791748526522,0.40440366972477065
0.7150821596244131,0.6829076620825147,0.5581651376146789
0.6616784037558685,0.8554027504911591,0.7174311926605504
0.676349765258216,0.6679764243614931,0.6822018348623853
0.5997652582159625,0.6891944990176817,0.6352293577981651
0.8482981220657277,0.6514734774066797,0.7075229357798165
0.6751760563380281,0.7944990176817289,0.535045871559633
0.6860328638497653,0.6459724950884086,0.7339449541284404
0.8289319248826291,0.6589390962671906,0.5702752293577982
0.7450117370892019,0.7481335952848723,0.548256880733945
0.6860328638497653,0.6656188605108055,0.6264220183486239
0.7338615023474179,0.45618860510805503,0.671559633027523
0.47417840375586856,0.5045186640471513,0.5577981651376147
0.732981220657277,0.7913555992141453,0.3981651376146789
0.8377347417840375,0.7013752455795678,0.5174311926605505
0.7318075117370892,0.693909626719057,0.6803669724770642
0.6681338028169014,0.7717092337917485,0.5889908256880734
0.7846244131455399,0.5650294695481336,0.5772477064220184
0.6998239436619719,0.7210216110019646,0.6132110091743119
0.5921361502347418,0.48840864440078585,0.4796330275229358
0.5484154929577465,0.5988212180746562,0.6686238532110091
0.568368544600939,0.6220039292730845,0.5669724770642202
0.7139084507042254,0.4711198428290766,0.5530275229357798
0.6085680751173709,0.6569744597249508,0.6777981651376147
0.7127347417840375,0.7422396856581532,0.6139449541284404
0.5669014084507042,0.6793713163064833,0.6337614678899083
0.7799295774647887,0.6632612966601179,0.4693577981651376
0.5894953051643192,0.6660117878192534,0.5031192660550459
0.7403169014084507,0.6082514734774067,0.43119266055045874
0.5985915492957746,0.694302554027505,0.5592660550458716
0.7687793427230047,0.5799607072691552,0.5203669724770642
0.7309272300469484,0.6007858546168958,0.6275229357798165
0.7030516431924883,0.630648330058939,0.4143119266055046
0.6047535211267606,0.5984282907662083,0.6979816513761468
0.6963028169014085,0.8388998035363457,0.6018348623853211
0.7617370892018779,0.6954813359528488,0.6811009174311926
0.8116197183098591,0.7359528487229863,0.606605504587156
0.7925469483568075,0.6640471512770137,0.6744954128440367
0.721537558685446,0.7791748526522594,0.7647706422018349
0.7256455399061033,0.805893909626719,0.5119266055045871
0.6150234741784038,0.9642436149312377,0.7552293577981651
0.7291666666666666,0.750098231827112,0.6385321100917432
0.772593896713615,0.730844793713163,0.6598165137614679
0.7200704225352113,0.7218074656188606,0.5706422018348624
0.6496478873239436,0.649901768172888,0.6003669724770642
0.7150821596244131,0.6396856581532416,0.4271559633027523
0.6185446009389671,0.6805500982318271,0.4708256880733945
0.6992370892018779,0.593320235756385,0.4891743119266055
0.7887323943661971,0.5430255402750491,0.5335779816513762
0.6543427230046949,0.5607072691552063,0.6990825688073394
0.6954225352112676,0.5783889980353635,0.6187155963302752
0.6757629107981221,0.6793713163064833,0.45688073394495415
0.6012323943661971,0.8039292730844794,0.7310091743119266
0.5959507042253521,0.5347740667976424,0.6385321100917432
0.7447183098591549,0.7225933202357564,0.5464220183486238
0.5944835680751174,0.656188605108055,0.45357798165137614
0.7356220657276995,0.46011787819253436,0.5695412844036697
0.6065140845070423,0.6326129666011788,0.41211009174311924
0.6487676056338029,0.7469548133595285,0.6451376146788991
0.6801643192488263,0.5760314341846758,0.4873394495412844
0.5484154929577465,0.6117878192534381,0.37137614678899084
0.5102699530516432,0.6612966601178782,0.6880733944954128
0.7224178403755869,0.574459724950884,0.5625688073394496
0.6643192488262911,0.5897838899803536,0.6297247706422018
0.6687206572769953,0.730844793713163,0.516697247706422
0.6355633802816901,0.6047151277013753,0.605137614678899
0.5561980484279002,0.5635910224438903,0.476969696969697
0.7007589447054572,0.5372679412579662,0.6618181818181819
0.6519696422117817,0.5586034912718204,0.6333333333333333
0.4513913986266715,0.5361596009975063,0.5506060606060607
0.5966750993856161,0.45026323081185926,0.5096969696969696
0.5168052041922659,0.5408700471044611,0.42515151515151517
0.6031803397181063,0.7459129952895539,0.5063636363636363
0.7072641850379472,0.5732889997229149,0.6572727272727272
0.8445970365016263,0.6112496536436686,0.6445454545454545
0.8406216118539935,0.6683291770573566,0.6333333333333333
0.6993133357426816,0.717096148517595,0.6172727272727273
0.6707625587278642,0.6993627043502355,0.6196969696969697
0.5251174557282255,0.7442504848988639,0.7509090909090909
0.6960607155764366,0.6090329731227487,0.696060606060606
0.7097940007228045,0.6708229426433915,0.6027272727272728
0.6053487531622697,0.6453311166528124,0.6212121212121212
0.5507770148174919,0.7043502355223054,0.6915151515151515
0.654499457896639,0.5774452756996398,0.6848484848484848
0.6317311167329237,0.6093100581878637,0.5796969696969697
0.5677629201301048,0.7545026323081185,0.7463636363636363
0.600650524033249,0.6652812413410917,0.6684848484848485
0.6353451391398627,0.5591576614020505,0.6072727272727273
0.5063245392121432,0.5924078692158493,0.5990909090909091
0.7802674376581135,0.6511499030202272,0.583030303030303
0.4401879291651608,0.5228595178719867,0.4527272727272727
0.82544271774485,0.6638958160155167,0.696060606060606
0.456451029996386,0.6932668329177057,0.5818181818181818
0.8207444886158294,0.5874203380437795,0.72
0.7871340802312974,0.6342477140482128,0.8006060606060607
0.7932779183230936,0.686339706289831,0.683030303030303
0.607155764365739,0.6458852867830424,0.6527272727272727
0.5507770148174919,0.5261845386533666,0.7403030303030304
0.5157209974701843,0.5810473815461347,0.49272727272727274
0.600650524033249,0.5284012191742865,0.5627272727272727
0.5439103722443079,0.6796896647270713,0.5393939393939394
0.6895554752439466,0.5985037406483791,0.5121212121212121
0.6649801228767618,0.5638681075090053,0.52
0.6111311890133719,0.5239678581324466,0.5766666666666667
0.573545355981207,0.5816015516763646,0.5215151515151515
0.3722443079147091,0.4893322249930729,0.3881818181818182
0.44380195157209973,0.4258797450817401,0.5075757575757576
0.7553306830502349,0.5076198392906622,0.706060606060606
0.5395735453559812,0.6810750900526462,0.6821212121212121
0.6125767979761475,0.49819894707675255,0.7921212121212121
0.7574990964943983,0.6076475477971738,0.6254545454545455
0.6118539934947597,0.7287337212524245,0.5963636363636363
0.6913624864474159,0.6059850374064838,0.6851515151515152
0.6924466931694977,0.5691327237461901,0.6933333333333334
0.8265269244669317,0.5957328899972292,0.6654545454545454
0.6649801228767618,0.6372956497644777,0.5781818181818181
0.4936754607878569,0.5649764477694652,0.6133333333333333
0.5323455005421034,0.5320033250207814,0.5106060606060606
0.8370075894470546,0.6924355777223608,0.6512121212121212
0.7209974701843151,0.7281795511221946,0.6675757575757576
0.6729309721720275,0.8063175394846218,0.7866666666666666
0.9100108420672208,0.6661124965364367,0.6539393939393939
0.8030357788218287,0.8356885563868107,0.6609090909090909
0.7336465486086013,0.6600166251039069,0.7203030303030303
0.6998572448251249,0.8389541492989769,0.8160027008777853
0.7669521770164168,0.6169003410382721,0.5908170155300473
0.7723054960742327,0.7108753315649867,0.7045914922349764
0.6684511063526053,0.8351648351648352,0.8079000675219447
0.7548179871520343,0.7741568776051535,0.7542201215395004
0.5581727337615988,0.5755968169761273,0.5030384875084403
0.7555317630264097,0.7101174687381584,0.5739365293720459
0.6473947180585297,0.6528988253126184,0.7069547602970966
0.8326195574589579,0.6896551724137931,0.5925050641458474
0.8251249107780158,0.7703675634710118,0.7434166103983795
0.6973590292648109,0.7627889352027283,0.8528021607022283
0.7730192719486081,0.9446760136415309,0.7680621201890614
0.6545324768022841,0.7370215990905646,0.6836596893990546
0.6738044254104212,0.6888973095869647,0.8717083051991897
0.7908636688079943,0.7059492231906025,0.6303173531397704
0.7226980728051392,0.8662372110647972,0.6455097906819717
0.8593861527480371,0.6813186813186813,0.7069547602970966
0.7326909350463955,0.7605153467222433,0.6637407157326131
0.8558172733761599,0.6839712012125805,0.7427413909520594
0.7444682369735903,0.6604774535809018,0.6438217420661715
0.6156316916488223,0.7506631299734748,0.6715057393652937
0.7412562455389008,0.7112542629784009,0.7758271438217421
0.7059243397573162,0.9768851837817355,0.7471303173531397
0.7255531763026409,0.8025767336112164,0.6613774476704929
0.7241256245538901,0.5911330049261084,0.6164753544902093
0.5795860099928622,0.7017809776430466,0.5776502363268062
0.8012134189864383,0.5809018567639257,0.6981769074949359
0.6513204853675946,0.6415308829101932,0.5735989196488859
0.7119914346895075,0.64759378552482,0.775489534098582
0.837615988579586,0.8416066691928761,0.7454422687373397
0.8779443254817987,0.9064039408866995,0.575962187711006
0.7905067808708066,0.7877984084880637,0.6596893990546928
0.8236973590292648,0.8840469874952633,0.7491559756920999
0.9450392576730906,1.0128836680560818,0.6728561782579339
1.0339043540328337,0.7692307692307693,0.8639432815665091
0.7573162027123483,0.8647214854111406,0.8024983119513842
0.8458244111349036,0.7968927624100038,0.7542201215395004
0.6755888650963597,0.6002273588480485,0.6147873058744092
0.7519628836545325,0.8836680560818492,0.7525320729237002
0.797644539614561,0.6544145509662751,0.6340310600945307
0.658458244111349,0.8878363016294051,0.7309250506414585
0.7651677373304783,0.7370215990905646,0.7231600270087779
0.7683797287651677,0.8776051534672225,0.6735313977042539
0.9568165596002856,0.845774914740432,0.6637407157326131
0.7619557458957887,0.8177339901477833,0.8180283592167454
0.6641684511063526,0.8465327775672603,0.799122214719784
0.9539614561027837,0.7461159530125048,0.9334908845374746
0.7408993576017131,0.8461538461538461,0.7447670492910196
0.7919343326195575,0.8381962864721485,0.8352464550979068
0.7487508922198429,0.5949223190602501,0.5982444294395679
0.9700970873786408,0.6712898751733704,0.8773960216998191
0.7436893203883496,0.8609570041608876,0.616998191681736
1.1335922330097088,0.6972954230235784,0.8419529837251356
0.9161165048543689,0.7517337031900139,0.7667269439421338
0.8198058252427185,0.8269764216366158,0.776130198915009
0.9293203883495146,0.8339112343966713,0.6896925858951175
0.9009708737864077,0.7839805825242718,0.7808318264014467
0.792621359223301,0.6979889042995839,0.8513562386980108
0.86873786407767,0.6744105409153953,0.6564195298372514
0.8151456310679611,0.5821775312066574,0.7359855334538878
0.7914563106796116,0.782246879334258,0.8130198915009041
0.793009708737864,0.7746185852981969,0.9377938517179023
0.8116504854368932,0.8800277392510403,0.8047016274864376
0.8601941747572815,0.676490984743412,0.6614828209764919
0.8194174757281554,0.7229542302357836,0.7153707052441229
0.6827184466019417,0.6296809986130375,0.6820976491862568
0.7545631067961165,0.6244798890429958,0.8141048824593128
0.8213592233009709,0.625866851595007,0.7909584086799276
0.6469902912621359,0.5,0.4763110307414105
0.6143689320388349,0.6914008321775312,0.6723327305605786
0.8454368932038835,0.49271844660194175,0.583001808318264
0.6194174757281553,0.5436893203883495,0.5985533453887885
0.5829126213592233,0.46879334257975036,0.5497287522603979
0.8038834951456311,0.41400832177531205,0.6603978300180832
0.6174757281553398,0.6546463245492372,0.572875226039783
0.7840776699029126,0.5384882108183079,0.4976491862567812
0.7219417475728155,0.6206657420249653,0.7566003616636529
0.6516504854368932,0.5662274618585298,0.6524412296564195
0.6792233009708738,0.720873786407767,0.603254972875226
0.7033009708737864,0.765256588072122,0.6933092224231465
0.6392233009708738,0.5235783633841886,0.6936708860759494
0.7650485436893204,0.6130374479889042,0.569620253164557
0.6912621359223301,0.6900138696255201,0.6274864376130199
0.9087378640776699,0.6099167822468793,0.8531645569620253
0.7786407766990291,0.5596393897364771,0.6766726943942134
0.6485436893203883,0.7874479889042996,0.7884267631103075
0.6508737864077669,0.5807905686546463,0.5377938517179024
0.709126213592233,0.6730235783633842,0.6188065099457505
0.7405825242718447,0.5405686546463245,0.6216998191681736
0.7533980582524272,0.5312066574202496,0.7609403254972875
0.7436893203883496,0.6178918169209431,0.7171790235081374
0.5976699029126213,0.5561719833564494,0.5783001808318264
0.5398058252427185,0.5055478502080444,0.4835443037974684
0.6796116504854369,0.42857142857142855,0.5092224231464738
0.752621359223301,0.7180998613037448,0.6603978300180832
0.7642718446601942,0.7021497919556172,0.8549728752260398
0.6434951456310679,0.5450762829403606,0.4922242314647378
0.7304854368932039,0.4538834951456311,0.5265822784810127
0.6477669902912622,0.49653259361997226,0.5359855334538879
0.5250485436893204,0.5204576976421637,0.5359855334538879
0.694368932038835,0.6747572815533981,0.7305605786618445
0.6912621359223301,0.7073509015256588,0.7985533453887884
0.7840776699029126,0.5898058252427184,0.7790235081374322
0.7044660194174758,0.6553398058252428,0.7453887884267631
0.8792233009708738,0.5319001386962552,0.5634719710669078
0.7277669902912621,0.6085298196948682,0.5808318264014467
0.5965048543689321,0.5922330097087378,0.6528028933092225
0.6486217203586848,0.7105758374106135,0.8132616487455198
0.7622052474261043,0.6469702672186677,0.6770609318996416
0.7406177349717702,0.6176138502070003,0.7222222222222222
0.7097309863832614,0.7531050056454648,0.7960573476702509
0.7273331119229491,0.7229958599924727,0.7028673835125449
0.7256725340418466,0.6526157320286037,0.7523297491039427
0.5021587512454334,0.5818592397440723,0.6874551971326165
0.6140817004317503,0.6183665788483251,0.5458781362007169
0.7505812022583859,0.5905156191193075,0.6602150537634408
0.6602457655264032,0.7798268724124953,0.7440860215053764
0.791763533709731,0.6917576213774934,0.6501792114695341
0.7429425440053139,0.8581106511102747,0.6817204301075269
0.5127864496844902,0.5525028227324049,0.5727598566308244
0.7558950514779144,0.5355664283025969,0.7430107526881721
0.6363334440385254,0.6958976289047798,0.6612903225806451
0.918963799402192,0.6066992849077908,0.8516129032258064
0.8638326137495849,0.6273993225442228,0.9229390681003584
0.6416472932580538,0.6789612344749718,0.796415770609319
0.5536366655596148,0.4027098231087693,0.5028673835125448
0.6353370973098639,0.6232593150169364,0.5989247311827957
0.6433078711391564,0.5652992096349266,0.6551971326164875
0.9717701760212554,0.8630033872788859,0.5960573476702509
0.7266688807705082,0.6371847948814452,0.682078853046595
0.7196944536698772,0.7425668046669176,0.8637992831541219
0.724011956160744,0.689499435453519,0.8806451612903226
0.938558618399203,0.683853970643583,0.7949820788530466
0.6489538359349053,0.6970267218667671,0.6835125448028674
0.6223845898372634,0.46330447873541586,0.5293906810035842
0.6526071072733312,0.3955589010161837,0.6709677419354839
0.6160743938890734,0.5769665035754611,0.5684587813620071
0.7299900365327134,0.653744824990591,0.8716845878136201
0.7871139156426437,0.689499435453519,0.6709677419354839
0.7270009963467287,0.7531050056454648,0.6064516129032258
0.6781800066423115,0.6582611968385397,0.7419354838709677
0.6193955496512786,0.7587504704554008,0.6996415770609319
0.5665891730322152,0.6898757997741815,0.7724014336917563
0.603786117568914,0.7696650357546104,0.6939068100358423
0.7372965792095649,0.9213398569815582,0.7806451612903226
0.7768183327798074,0.6733157696650357,0.6885304659498208
0.5685818664895383,0.8411742566804666,0.8139784946236559
0.5871803387578878,0.4821226947685359,0.4971326164874552
0.799402191962803,0.683853970643583,0.7462365591397849
0.7910993025572899,0.6977794505080919,0.632258064516129
0.7940883427432747,0.6940158073014678,0.7154121863799283
0.5855197608767851,0.6458411742566804,0.7362007168458782
0.6350049817336433,0.4595408355287919,0.5408602150537635
0.5745599468615078,0.653744824990591,0.6835125448028674
0.7120557954168051,0.6202484004516372,0.7362007168458782
0.49485220856858186,0.5540082800150545,0.5931899641577061
0.4888741281966124,0.622882950696274,0.6688172043010753
0.5617561491668871,0.5737893927747886,0.5998405739338382
0.43850833112933085,0.7063797079169869,0.39936229573535276
0.5294895530282994,0.648347425057648,0.5500199282582702
0.48505686326368685,0.574173712528824,0.420087684336389
0.5017191219254166,0.7574942352036894,0.6273415703467516
0.6728378735784184,0.7482705611068409,0.6695894778796333
0.6924094154985454,0.9273635664873174,0.6245516141889199
0.7445120338534779,0.5449654112221368,0.7325627740135512
0.4993387992594552,0.5814757878554958,0.6962933439617377
0.6212642158159217,0.7175249807840123,0.629732961339179
0.724676011637133,0.7244427363566487,0.6281387006775608
0.6014281935995768,0.681783243658724,0.7058589079314468
0.5443004496165036,0.7029208301306688,0.4842566759665205
0.6016926738957947,0.8132205995388163,0.6233559186927062
0.6167680507802169,0.6979246733282091,0.7413312076524512
0.6582914572864321,0.7198308993082244,0.6580310880829016
0.49325575244644276,0.6568024596464258,0.5679553607014747
0.6053953980428458,0.6544965411222137,0.579912315663611
0.5033060037027242,0.669869331283628,0.6927062574730969
0.5538217402803491,0.6986933128362798,0.5926664009565564
0.5882041787886803,0.6237509607993851,0.639298525308888
0.5913779423432954,0.6275941583397386,0.5970506177760064
0.5818566516794499,0.5368946963873943,0.7628537265842965
0.4371859296482412,0.5545734050730208,0.49222797927461137
0.5395398042845808,0.893543428132206,0.8142686329214827
0.5450938905051573,0.8262874711760184,0.7313670785173376
0.5723353610156043,0.7321291314373559,0.6970904742925468
0.6368685532927797,0.6929285165257494,0.5811080111598246
0.5784184078286168,0.6783243658724059,0.5759266640095656
0.5321343559904788,0.669869331283628,0.6572339577520925
0.5405977254694525,0.5730207532667179,0.4830609804703069
0.6466543242528432,0.7801691006917756,0.6783579115185333
0.62020629463105,0.8370484242890085,0.8082901554404145
0.5448294102089394,0.6810146041506533,0.5436428856117975
0.5305474742131712,0.7475019215987702,0.716221602231965
0.542978048135414,0.6176018447348194,0.4543642885611798
0.5569955038349643,0.5514988470407379,0.37823834196891193
0.4779158952658027,0.7701767870868562,0.7421283379832603
0.550647976725734,0.648347425057648,0.5966520526106018
0.4337476857974081,0.6360491929285165,0.5420486249501794
0.5511769373181697,0.5630284396617986,0.5404543642885612
0.5577889447236181,0.6168332052267487,0.5906735751295337
0.49748743718592964,0.7332820906994619,0.6783579115185333
0.5337212377677863,0.8862413528055342,0.666400956556397
0.6117429251520762,0.7298232129131438,0.6078118772419291
0.6651679449880984,0.6591083781706379,0.5396572339577521
0.6222622262226223,0.7437734561583077,0.5421245421245421
0.6906690669066907,0.5424769703172978,0.6123321123321124
0.555955595559556,0.6506311838962812,0.6929181929181929
0.6813681368136814,0.5878539747526441,0.677960927960928
0.5772577257725773,0.6530194472876152,0.5674603174603174
0.6411641164116412,0.6414193108154214,0.583943833943834
0.6267626762676267,0.7065847833503923,0.5665445665445665
0.6891689168916891,0.7007847151142954,0.5668498168498168
0.48244824482448245,0.4554759467758444,0.46123321123321126
0.45184518451845185,0.4650290003411805,0.514041514041514
0.45424542454245426,0.5667007847151143,0.5293040293040293
0.624062406240624,0.5557830092118731,0.7374847374847375
0.45394539453945393,0.38723984988058685,0.5366300366300366
0.540954095409541,0.43432275673831455,0.5036630036630036
0.4965496549654965,0.5929716820197884,0.5341880341880342
0.5154515451545154,0.6980552712384852,0.6688034188034188
0.7035703570357036,0.48993517570794953,0.5567765567765568
0.5418541854185418,0.5172296144660525,0.5647130647130647
0.5541554155415541,0.526100307062436,0.43192918192918195
0.41974197419741976,0.4448993517570795,0.4877899877899878
0.40504050405040504,0.2579324462640737,0.5592185592185592
0.5136513651365137,0.7243261685431593,0.5006105006105006
0.7368736873687368,0.7400204708290685,0.547924297924298
0.6660666066606661,0.5997952917093142,0.6932234432234432
0.6108610861086109,0.7755032412146026,0.6526251526251526
0.6129612961296129,0.70863186625725,0.5921855921855922
0.6111611161116112,0.6059365404298874,0.6391941391941391
0.7335733573357336,0.5718184919822586,0.7695360195360196
0.5205520552055205,0.6622313203684749,0.42826617826617824
0.6333633363336334,0.6008188331627431,0.6678876678876678
0.6348634863486349,0.6990788126919141,0.5085470085470085
0.5802580258025802,0.6618901398839986,0.5546398046398047
0.7641764176417641,0.5452064141931081,0.7264957264957265
0.6195619561956196,0.588877516206073,0.6193528693528694
0.6306630663066307,0.6601842374616171,0.6083638583638583
0.558055805580558,0.5950187649266462,0.45726495726495725
0.5946594659465947,0.5356533606277721,0.5061050061050061
0.5322532253225323,0.5759126577959741,0.6092796092796092
0.5385538553855386,0.5783009211873081,0.5589133089133089
0.573057305730573,0.5223473217331969,0.5451770451770451
0.6729672967296729,0.5151825315591948,0.681929181929182
0.5298529852985299,0.6489252814738997,0.6083638583638583
0.47644764476447643,0.4817468440805186,0.442002442002442
0.46144614461446143,0.4322756738314568,0.5186202686202687
0.5292529252925292,0.5632889798703514,0.5006105006105006
0.5232523252325233,0.6721255544182873,0.5491452991452992
0.5781578157815782,0.6680313886045718,0.6144688644688645
0.5571557155715572,0.5206414193108154,0.6407203907203908
0.6165616561656165,0.6956670078471512,0.5976800976800977
0.46144614461446143,0.5871716137836915,0.5949328449328449
0.48814881488148815,0.5899010576595018,0.5079365079365079
0.5268526852685268,0.3493688161037189,0.40476190476190477
0.519051905190519,0.5076765609007164,0.5103785103785103
0.519051905190519,0.5725008529512112,0.5641025641025641
0.7065706570657065,0.7782326850904129,0.49786324786324787
0.5127512751275127,0.3991811668372569,0.38125763125763124
0.48004800480048004,0.3961105424769703,0.4554334554334554
0.5214521452145214,0.5315591948140567,0.4444444444444444
0.43864386438643865,0.4363698396451723,0.5082417582417582
0.45184518451845185,0.4223814397816445,0.5631868131868132
0.4734473447344735,0.4646878198567042,0.47466422466422464
0.8071593533487298,0.7447418738049714,0.67267483777938
0.6643571978444958,0.6478648820905035,0.6914203316510454
0.7732871439568899,0.7762906309751434,0.67267483777938
0.7755966127790608,0.6379859783301466,0.6031002162941601
0.6947652040030793,0.7982791586998088,0.9935111751982696
0.8183217859892224,0.6016571064372211,0.7887527036770007
0.6951501154734411,0.8623326959847036,0.7339581831290555
0.7232486528098537,0.7084130019120459,0.8442682047584715
0.7371054657428792,0.8119821542383684,0.6568132660418169
0.7632794457274826,0.7597195666029318,0.6398702235039654
0.6531947652040031,0.6007010834926705,0.601297764960346
0.5685142417244033,0.6583811344805609,0.7249459264599856
0.754041570438799,0.6959847036328872,0.594448449891853
0.649345650500385,0.6201402166985341,0.6550108147080029
0.6308698999230177,0.6867431485022307,0.6506849315068494
0.6747498075442648,0.6816443594646272,0.5915645277577506
0.6505003849114703,0.7549394518801784,0.635183850036049
0.6393379522709777,0.6631612492033142,0.6899783705839942
0.6224018475750578,0.6739961759082218,0.5295602018745494
0.7602001539645882,0.6019757807520714,0.5778658976207642
0.6093148575827559,0.6781389420012747,0.6146359048305696
0.636643571978445,0.6108986615678776,0.5710165825522711
0.8876058506543495,0.6013384321223709,0.8366979091564528
0.4376443418013857,0.6042065009560229,0.39473684210526316
0.4268668206312548,0.5984703632887189,0.5652487382840663
0.7705927636643572,0.5216698534098152,0.6578947368421053
0.5003849114703618,0.5277246653919694,0.5865176640230714
0.6697459584295612,0.6303377947737412,0.7898341744772891
0.693225558121632,0.6679413639260675,0.5962509012256669
0.6674364896073903,0.7938177182919057,0.8222782984859409
0.6682063125481139,0.5583173996175909,0.5684931506849316
0.651270207852194,0.8196303377947738,0.6961067051189618
0.6616628175519631,0.6695347355003187,0.5003604902667628
0.684757505773672,0.5774378585086042,0.635183850036049
0.5538876058506543,0.7007648183556405,0.5598413842826244
0.6670515781370285,0.6564690885914596,0.6384282624369142
0.6370284834488068,0.5863607393244105,0.5227108868060563
0.6959199384141648,0.6927979604843849,0.6687094448449892
0.7286374133949192,0.577119184193754,0.6510454217736121
0.6678214010777521,0.7753346080305927,0.6701514059120404
0.7644341801385681,0.7874442319949012,0.6470800288392213
0.8144726712856043,0.6724028043339707,0.6488824801730353
0.5238645111624326,0.5458891013384322,0.5198269646719539
0.7494226327944573,0.8075207138304653,0.5767844268204758
0.6104695919938414,0.6520076481835564,0.5789473684210527
0.6720554272517321,0.4843849585723391,0.6041816870944484
0.6139337952270978,0.6545570427023581,0.4978370583994232
0.613548883756736,0.507010834926705,0.6204037490987744
0.5415704387990762,0.5691523263224985,0.5504686373467916
0.6370284834488068,0.5796685787125557,0.5010814708002884
0.5989222478829869,0.7472912683237731,0.4383561643835616
0.701693610469592,0.6163161249203314,0.7743330930064888
0.7397998460354118,0.7329509241555131,0.7346791636625811
0.42815884476534294,0.5287974683544304,0.48092868988391374
0.5873646209386282,0.5683544303797469,0.4351575456053068
0.5166064981949459,0.5158227848101266,0.723714759535655
0.4584837545126354,0.5977848101265822,0.44411276948590384
0.6602888086642599,0.5674050632911393,0.6053067993366501
0.4855595667870036,0.48227848101265824,0.6046434494195688
0.5386281588447653,0.5462025316455696,0.39071310116086233
0.6227436823104693,0.5265822784810127,0.5797678275290216
0.4617328519855596,0.45854430379746836,0.5034825870646766
0.4581227436823105,0.4629746835443038,0.5907131011608624
0.5314079422382672,0.6278481012658228,0.5854063018242123
0.5209386281588447,0.5825949367088608,0.603648424543947
0.5306859205776173,0.5424050632911392,0.4766169154228856
0.7144404332129964,0.614240506329114,0.48656716417910445
0.6783393501805054,0.5101265822784811,0.6819237147595356
0.5855595667870036,0.6952531645569621,0.7529021558872305
0.6498194945848376,0.5278481012658228,0.572139303482587
0.6169675090252708,0.6319620253164557,0.6308457711442786
0.604332129963899,0.6835443037974683,0.7522388059701492
0.6779783393501805,0.6066455696202532,0.4444444444444444
0.6599277978339351,0.5490506329113924,0.6096185737976783
0.4375451263537906,0.685126582278481,0.5645107794361526
0.5487364620938628,0.5629746835443038,0.6354892205638474
0.6577617328519856,0.5636075949367089,0.541625207296849
0.5895306859205777,0.5541139240506329,0.6786069651741293
0.5790613718411552,0.6594936708860759,0.4912106135986733
0.4404332129963899,0.5768987341772152,0.5117744610281924
0.48231046931407945,0.5594936708860759,0.6520729684908789
0.5534296028880866,0.45664556962025316,0.512106135986733
0.3916967509025271,0.5199367088607595,0.43283582089552236
0.6938628158844765,0.514873417721519,0.5313432835820896
0.5667870036101083,0.7129746835443038,0.6199004975124378
0.5862815884476534,0.605379746835443,0.6729684908789386
0.49458483754512633,0.4927215189873418,0.6885572139303483
0.7411552346570397,0.6765822784810127,0.5044776119402985
0.44765342960288806,0.5310126582278482,0.512106135986733
0.6288808664259928,0.604746835443038,0.5253731343283582
0.744043321299639,0.5427215189873418,0.5399668325041459
0.5913357400722021,0.6003164556962025,0.5648424543946932
0.6162454873646209,0.5231012658227848,0.5827529021558873
0.5866425992779783,0.6585443037974683,0.5442786069651742
0.36137184115523463,0.5443037974683544,0.5718076285240464
0.6151624548736462,0.5642405063291139,0.454726368159204
0.2779783393501805,0.4651898734177215,0.6819237147595356
0.4963898916967509,0.5382911392405063,0.5747927031509121
0.5787003610108303,0.5901898734177216,0.5708126036484246
0.3458483754512635,0.4120253164556962,0.38872305140961855
0.5530685920577617,0.5370253164556962,0.6262023217247098
0.4732851985559567,0.5984177215189873,0.5436152570480929
0.5891696750902528,0.5949367088607594,0.5761194029850746
0.5552346570397112,0.4481012658227848,0.5807628524046434
0.4750902527075812,0.46044303797468356,0.4845771144278607
0.6433212996389892,0.4243670886075949,0.6925373134328359
0.4855595667870036,0.49335443037974686,0.5595356550580431
0.5003610108303249,0.5563291139240506,0.5422885572139303
0.5992779783393501,0.5009493670886076,0.5744610281923714
0.5667740780522735,0.6004198740377886,0.590227010388611
0.5653419262441819,0.552484254723583,0.5609849942285494
0.6491228070175439,0.5192442267319805,0.7056560215467488
0.6043680630146796,0.7340797760671799,0.6229318968834167
0.857858933046903,0.6662001399580126,0.7422085417468257
0.6895810955961332,0.7312806158152554,0.9519045786841093
0.7443609022556391,0.7053883834849545,0.6383224317045018
0.6741854636591479,0.768369489153254,0.6275490573297422
0.6430361618331543,0.8817354793561931,0.7806848787995383
0.983172216254923,0.7102869139258222,0.6321662177760677
0.7676333691371285,0.7445766270118964,0.804155444401693
0.7926960257787325,0.7424772568229531,0.7903039630627164
0.5717866093805943,0.6672498250524842,0.5579068872643325
0.7432867883995704,0.6581525542337299,0.7803001154290111
0.5470819906910133,0.6773967809657103,0.5886879569065026
0.7207303974221267,0.8219034289713086,0.5829165063485956
0.9215896885069818,0.6941917424772568,0.6948826471719892
0.5843179377013964,0.7004898530440867,0.611388995767603
0.6487647690655209,0.9622113365990203,0.7148903424393998
0.6967418546365914,0.844996501049685,0.6502500961908426
0.8549946294307197,0.6105668299510147,0.8218545594459408
0.7769423558897243,0.7571728481455563,0.8580223162754905
0.8177586824203366,0.8400979706088173,0.7964601769911505
0.8399570354457573,0.6406578026592022,0.6741054251635245
0.698890082348729,0.7967109867039888,0.8549442093112736
0.6072323666308629,0.7207837648705389,0.5863793766833397
0.5993555316863588,0.6081175647305809,0.7741439015005771
0.6867167919799498,0.655703289013296,0.6598691804540208
0.48549946294307195,0.5878236529041287,0.5706040784917276
0.7081990691013247,0.6627011896431071,0.7414390150057715
0.7200143215180809,0.6672498250524842,0.6487110427087341
0.7457930540637308,0.6270118964310707,0.5609849942285494
0.5771571786609381,0.6294611616515046,0.721816083108888
0.631578947368421,0.665850244926522,0.6248557137360523
0.7035445757250268,0.6088173547935619,0.5833012697191228
0.5853920515574651,0.7239328201539538,0.5144286263947672
0.686358754027927,0.6252624212736179,0.7322046941131204
0.7551020408163265,0.7053883834849545,0.5344363216621778
0.5624776226279986,0.7260321903428971,0.7633705271258177
0.7132116004296455,0.5997200839748076,0.6379376683339746
0.6824203365556749,0.6109167249825053,0.6379376683339746
0.6172574292875045,0.7319804058782365,0.7283570604078492
0.6308628714643753,0.6417074877536739,0.6671796844940362
0.6659505907626209,0.6308607417774668,0.5232781839168911
0.4783387039026137,0.6357592722183345,0.6948826471719892
0.6115288220551378,0.5073477956613016,0.6225471335128896
0.4128177586824203,0.572778166550035,0.5548287803001154
0.5492302184031508,0.5871238628411477,0.5983070411696807
0.6996061582527748,0.6473058082575227,0.6848787995382839
0.6509129967776585,0.8047585724282715,0.880723355136591
0.7858933046902972,0.6952414275717285,0.5136590996537129
0.6158252774794128,0.8547935619314205,0.7210465563678338
0.6813462226996062,0.6766969909027292,0.9226625625240477
0.46258503401360546,0.5458362491252624,0.5252020007695267
0.4865735767991407,0.48845346396081174,0.5240477106579453
0.7816265060240963,0.6209523809523809,0.6012340917855765
0.764683734939759,0.7746938775510204,0.6224450443501736
0.8923192771084337,0.7570068027210884,0.8468954878519089
0.7112198795180723,0.6658503401360544,0.8731199382954107
0.8806475903614458,0.8370068027210884,0.8141149247975318
0.8682228915662651,0.8533333333333334,0.7917470111839569
0.8365963855421686,0.8185034013605442,0.8677207867335133
0.9503012048192772,0.7287074829931973,1.002313922097956
0.8554216867469879,0.8794557823129252,0.8615503278056306
0.8878012048192772,0.7689795918367347,0.9699190127265715
0.8911897590361446,0.7858503401360544,0.8580794446586965
0.6927710843373494,0.6024489795918367,0.5834940223679136
0.8810240963855421,0.6424489795918368,0.86579251831855
0.7330572289156626,0.8195918367346938,0.9541072117238719
0.8727409638554217,0.6870748299319728,0.763208638642499
0.8189006024096386,0.73578231292517,0.8835325877362129
0.7409638554216867,0.7194557823129252,0.8546085615117625
0.8753765060240963,0.7899319727891156,0.8071731585036637
0.96875,0.7874829931972789,0.8511376783648283
0.6946536144578314,0.7956462585034013,0.8183571153104512
0.7262801204819277,0.6459863945578231,0.6845352873119939
0.9615963855421686,0.8353741496598639,0.6640956421133822
0.7628012048192772,0.6114285714285714,0.5896644812957964
0.9288403614457831,0.8103401360544218,0.7389124566139607
0.9710090361445783,0.6965986394557823,0.9618202853837254
0.84375,0.7583673469387755,0.757423833397609
0.9721385542168675,0.7406802721088436,0.8252988816043193
0.6976656626506024,0.5989115646258504,0.6209024296182029
0.8298192771084337,0.8250340136054422,0.9433089086000771
0.8573042168674698,0.8340136054421768,0.7311993829541072
0.8407379518072289,0.713469387755102,1.0254531430775164
1.1359186746987953,0.8024489795918367,0.9868877747782492
0.49585843373493976,0.5866666666666667,0.5846509834168916
0.6750753012048193,0.5589115646258503,0.5530273814114924
0.6942771084337349,0.6174149659863946,0.7049749325106055
0.6942771084337349,0.6351020408163265,0.7065175472425762
0.8181475903614458,0.8239455782312926,0.6864635557269572
0.7556475903614458,0.7863945578231293,0.7061318935595835
1.0248493975903614,0.7281632653061224,0.7331276513690705
0.9130271084337349,0.6696598639455782,0.7088314693405322
0.8211596385542169,0.8187755102040817,0.95526417277285
0.8418674698795181,0.8560544217687075,0.7130736598534516
0.8091114457831325,0.7216326530612245,0.7319706903200925
0.7153614457831325,0.8552380952380952,0.8553798688777478
1.0233433734939759,0.747482993197279,0.7728499807173158
0.8460090361445783,0.6854421768707483,0.8924026224450443
0.8411144578313253,0.7872108843537415,0.870420362514462
0.7684487951807228,0.7910204081632654,0.7566525260316236
0.8994728915662651,0.7352380952380952,0.8087157732356344
0.9246987951807228,0.7836734693877551,0.7123023524874662
0.8094879518072289,0.796734693877551,0.8129579637485538
0.8185240963855421,0.651156462585034,0.6968762051677594
0.5806138933764136,0.46044936903662664,0.4446564885496183
0.4555735056542811,0.4927670052323792,0.3848600508905852
0.647172859450727,0.5081563558017852,0.5381679389312977
0.6991922455573506,0.5121575869498307,0.4847328244274809
0.582875605815832,0.5931055709449061,0.5664758269720102
0.6093699515347334,0.5801785164666051,0.5620229007633588
0.5634894991922456,0.6500461680517082,0.4013994910941476
0.5589660743134087,0.556786703601108,0.6157760814249363
0.6655896607431341,0.47460757156048017,0.739821882951654
0.6662358642972537,0.549092028316405,0.4802798982188295
0.6113085621970921,0.4992305324715297,0.4825063613231552
0.5806138933764136,0.600492459218221,0.45038167938931295
0.6332794830371568,0.5607879347491536,0.6001908396946565
0.7437802907915994,0.585103108648815,0.5365776081424937
0.47883683360258483,0.6799015081563557,0.6466284987277354
0.6261712439418416,0.5943367189904586,0.7347328244274809
0.5854604200323101,0.6361957525392429,0.5480279898218829
0.7130856219709208,0.5423207140658665,0.6141857506361323
0.4781906300484653,0.6488150200061558,0.4541984732824427
0.6003231017770597,0.6035703293321022,0.6202290076335878
0.6717285945072697,0.6088027085257002,0.5368956743002544
0.6875605815831987,0.5420129270544783,0.4573791348600509
0.48077544426494345,0.37765466297322253,0.5292620865139949
0.5660743134087237,0.562019082794706,0.3979007633587786
0.522778675282714,0.6306555863342567,0.5992366412213741
0.7117932148626818,0.4986149584487535,0.6030534351145038
0.5231017770597738,0.7279162819329025,0.4917302798982188
0.7974151857835218,0.5952600800246229,0.7169211195928753
0.6911147011308563,0.6374269005847953,0.7891221374045801
0.6403877221324717,0.6669744536780547,0.601145038167939
0.7806138933764136,0.6540473991997537,0.6723918575063613
0.6323101777059774,0.49184364419821486,0.6692111959287532
0.4991922455573506,0.5647891658971992,0.5149491094147582
0.6998384491114701,0.5894121268082487,0.6087786259541985
0.664297253634895,0.7251461988304093,0.523854961832061
0.5008077544426495,0.6155740227762388,0.6924300254452926
0.7712439418416801,0.6072637734687596,0.5951017811704835
0.664297253634895,0.6592797783933518,0.5283078880407125
0.565751211631664,0.6977531548168667,0.6348600508905853
0.6009693053311793,0.6131117266851339,0.5928753180661578
0.7421647819063005,0.7051400430901816,0.556615776081425
0.5489499192245557,0.538627269929209,0.5893765903307888
0.612924071082391,0.4798399507540782,0.6230916030534351
0.5770597738287561,0.5063096337334565,0.5279898218829516
0.6694668820678513,0.566943674976916,0.5423027989821882
0.5463651050080776,0.6611265004616805,0.6075063613231552
0.6310177705977383,0.5155432440751,0.5461195928753181
0.6319870759289176,0.5832563865804863,0.5448473282442748
0.41518578352180935,0.5337026777469991,0.6409033078880407
0.42294022617124394,0.592797783933518,0.40012722646310434
0.47108239095315024,0.682979378270237,0.6180025445292621
0.5841680129240711,0.7417666974453678,0.602735368956743
0.7308562197092084,0.5718682671591259,0.48314249363867684
0.6487883683360258,0.5475530932594644,0.7064249363867684
0.6620355411954766,0.5998768851954448,0.6787531806615776
0.5234248788368336,0.5918744228993537,0.5636132315521628
0.6487883683360258,0.5534010464758388,0.601145038167939
0.531502423263328,0.6072637734687596,0.5
0.35831987075928917,0.4275161588180979,0.3431933842239186
0.3802907915993538,0.2674669128962758,0.4449745547073791
0.4872374798061389,0.49061249615266234,0.419529262086514
0.43909531502423266,0.46321945213911975,0.4551526717557252
0.5176090468497577,0.4755309325946445,0.44561068702290074
0.6818513119533528,0.5976588628762541,0.7301349325337332
0.608600583090379,0.7585284280936455,0.7792353823088456
0.6344752186588921,0.6983277591973244,0.9134182908545727
0.6887755102040817,0.8996655518394648,0.8313343328335832
0.7605685131195336,0.8682274247491639,0.6754122938530734
0.722667638483965,0.6872909698996655,0.7128935532233883
0.5612244897959183,0.6173913043478261,0.7529985007496252
0.6552478134110787,0.5565217391304348,0.4962518740629685
0.6796647230320699,0.9565217391304348,1.0888305847076463
0.8279883381924198,0.7277591973244147,0.6911544227886057
0.7197521865889213,0.7140468227424749,0.7672413793103449
0.7831632653061225,0.7605351170568562,0.7301349325337332
0.7900874635568513,0.6745819397993311,0.760119940029985
0.5940233236151603,0.8157190635451504,0.7762368815592204
0.7397959183673469,0.6963210702341137,0.9002998500749625
0.7197521865889213,0.7093645484949833,0.7668665667166417
0.7212099125364432,0.6090301003344482,0.7455022488755623
0.8309037900874635,0.7341137123745819,0.7001499250374813
0.6333819241982507,0.7936454849498328,0.8144677661169415
0.6417638483965015,0.7501672240802676,0.8658170914542729
0.6960641399416909,0.7822742474916388,0.8511994002998501
0.6949708454810496,0.7143812709030101,0.7286356821589205
0.7175655976676385,0.6963210702341137,0.6915292353823088
0.75,0.6254180602006689,0.888680659670165
0.7051749271137027,0.7046822742474916,0.7938530734632684
0.6403061224489796,0.6354515050167224,0.7653673163418291
0.6745626822157434,0.5351170568561873,0.6225637181409296
0.5969387755102041,0.6615384615384615,0.7833583208395802
0.6807580174927114,0.6063545150501672,0.7275112443778111
0.6443148688046647,0.6153846153846154,0.6975262368815592
0.6228134110787172,0.8354515050167224,0.7736131934032984
0.771865889212828,0.6264214046822743,0.7586206896551724
0.8502186588921283,0.682943143812709,0.7200149925037481
0.6803935860058309,0.717056856187291,0.8755622188905547
0.7091836734693877,0.6612040133779264,0.6255622188905547
0.7809766763848397,0.6204013377926422,0.7432533733133433
0.6308309037900874,0.7481605351170568,0.8403298350824587
0.7459912536443148,0.6331103678929766,0.7919790104947526
0.7645772594752187,0.7949832775919733,0.7136431784107946
0.7441690962099126,0.7899665551839465,0.9062968515742129
0.7536443148688047,0.6635451505016723,0.7968515742128935
0.7346938775510204,0.7237458193979933,0.7687406296851574
0.8866618075801749,0.8963210702341137,0.7537481259370314
0.7026239067055393,0.794314381270903,0.9508995502248876
0.6767492711370262,0.9173913043478261,0.8152173913043478
0.7587463556851312,0.6755852842809364,0.7784857571214393
0.6975218658892128,0.6501672240802676,0.591079460269865
0.7616618075801749,0.8053511705685619,0.5412293853073463
0.6672740524781341,0.7618729096989967,0.972263868065967
0.6731049562682215,0.5809364548494983,0.7784857571214393
0.6993440233236151,0.8183946488294315,0.6124437781109445
0.6767492711370262,0.6979933110367893,0.6937781109445277
0.5947521865889213,0.5812709030100335,0.7331334332833583
0.6701895043731778,0.8826086956521739,0.6562968515742129
0.5222303206997084,0.45016722408026755,0.4943778110944528
0.6953352769679301,0.8244147157190636,0.828335832083958
0.7037172011661808,0.5558528428093645,0.6795352323838081
0.6208074534161491,0.6749819233550253,0.6028101439342015
0.5996894409937888,0.6308749096167752,0.6761480466072652
0.5785714285714286,0.5976138828633406,0.6925976696367375
0.6978260869565217,0.4924078091106291,0.5997258396161754
0.6161490683229813,0.6684743311641359,0.636737491432488
0.6208074534161491,0.6225596529284165,0.6562714187799863
0.7322981366459628,0.6992046276211136,0.6192597669636738
0.5630434782608695,0.6814895155459146,0.8080877313228239
0.7906832298136646,0.646059291395517,0.8307059629883482
0.613664596273292,0.6720896601590745,0.9228923920493489
0.7118012422360248,0.8322487346348517,0.7769019876627827
0.746583850931677,0.6536514822848879,0.6518163125428376
0.6018633540372671,0.6561822125813449,0.5993831391363947
0.5717391304347826,0.5491684743311641,0.6675805346127485
0.7220496894409938,0.6153289949385394,0.5860178204249485
0.6326086956521739,0.898409255242227,0.815284441398218
0.6692546583850931,0.5610990600144613,0.7193283070596299
0.6664596273291925,0.7801879971077368,0.8125428375599726
0.7152173913043478,0.7877801879971077,0.6723783413296779
0.639751552795031,0.8159797541576284,0.7388622344071282
0.6835403726708075,0.6464208242950108,0.7069910897875257
0.5509316770186335,0.4363702096890817,0.6220013708019191
0.731055900621118,0.7581344902386117,0.5493488690884167
0.6074534161490683,0.5780911062906724,0.5479780671692941
0.5611801242236025,0.7057122198120029,0.7028786840301576
0.6074534161490683,0.5838756326825741,0.5414667580534612
0.6807453416149069,0.5195227765726681,0.5514050719671008
0.6239130434782608,0.5300072306579898,0.7227553118574366
0.7959627329192547,0.7208966015907448,0.6312542837559972
0.6059006211180125,0.7324656543745481,0.7272104180945853
0.69472049689441,0.5932754880694143,0.8022618231665525
0.679192546583851,0.6247288503253796,0.6823166552433173
0.662111801242236,0.6048445408532176,0.7587388622344071
0.6565217391304348,0.5936370209689081,0.5445510623714873
0.6422360248447205,0.7321041214750542,0.7981494174091843
0.6527950310559006,0.6431670281995662,0.7244688142563399
0.6201863354037267,0.8477946493130875,0.7440027416038383
0.8313664596273292,0.7631959508315257,0.7230980123372173
0.5677018633540373,0.8177874186550976,0.7583961617546264
0.8698757763975156,0.7158351409978309,0.7021932830705963
0.8046583850931677,0.8109182935647143,0.8379026730637423
0.49782608695652175,0.49493853940708604,0.4407128169979438
0.703416149068323,0.5383224873463485,0.6401644962302947
0.5714285714285714,0.5213304410701374,0.6881425633995888
0.6173913043478261,0.5835140997830802,0.6405071967100754
0.6003105590062112,0.7360809833694866,0.630568882796436
0.5636645962732919,0.6409978308026031,0.6494174091843729
0.5158385093167702,0.6026753434562545,0.6148046607265251
0.7956521739130434,0.7751265365148229,0.6261137765592872
0.5711180124223603,0.7158351409978309,0.6453050034270048
0.7996894409937888,0.7096890817064353,0.9006168608636053
0.6841614906832298,0.6738973246565437,0.9266620973269363
0.484472049689441,0.732827187274042,0.6764907470870459
0.6987577639751553,0.6185827910339841,0.6264564770390678
0.681055900621118,0.6778741865509761,0.7563399588759424
0.603416149068323,0.7288503253796096,0.8156271418779987
0.674223602484472,0.6417208966015907,0.6165181631254284
0.5236024844720497,0.4508315256688359,0.48252227553118576
0.6201863354037267,0.5824295010845987,0.6291980808773132
0.5527950310559007,0.6290672451193059,0.5119945167923236
0.5469678953626635,0.501906941266209,0.7564459930313588
0.5677764565992865,0.5663615560640732,0.645993031358885
0.5636147443519619,0.8237986270022883,0.7156794425087109
0.5472651605231866,0.6948893974065599,0.7261324041811846
0.6052318668252081,0.6380625476735317,0.6358885017421603
0.616230677764566,0.5636918382913806,0.6850174216027874
0.5252675386444708,0.5877192982456141,0.6700348432055749
0.547859690844233,0.6456903127383676,0.5452961672473867
0.5662901307966707,0.5160183066361556,0.6668989547038328
0.6914387633769322,0.5869565217391305,0.6250871080139373
0.6400118906064209,0.6281464530892449,0.6222996515679442
0.6287158145065398,0.47101449275362317,0.5313588850174216
0.5098097502972652,0.5602593440122045,0.7038327526132404
0.5680737217598097,0.658276125095347,0.6470383275261324
0.5413198573127229,0.507627765064836,0.7111498257839721
0.6117717003567182,0.580091533180778,0.6522648083623693
0.7488109393579072,0.6979405034324943,0.6965156794425087
0.5585612366230678,0.7425629290617849,0.6993031358885018
0.6278240190249703,0.7059496567505721,0.8439024390243902
0.7449464922711059,0.7242562929061785,0.697212543554007
0.7678359096313913,0.5869565217391305,0.756794425087108
0.6171224732461356,0.6815408085430968,0.6581881533101045
0.7963733650416172,0.6765827612509535,0.6885017421602787
0.726218787158145,0.6475972540045767,0.7205574912891987
0.4351961950059453,0.2250190694126621,0.3606271777003484
0.6278240190249703,0.6952707856598017,0.7275261324041812
0.6325802615933412,0.35697940503432496,0.6031358885017422
0.7071938168846611,0.6472158657513348,0.6027874564459931
0.5814506539833532,0.6556064073226545,0.7574912891986063
0.6197978596908442,0.5690312738367659,0.7174216027874565
0.5532104637336505,0.5987795575896262,0.4986062717770035
0.5199167657550535,0.5144927536231884,0.5547038327526133
0.6869797859690844,0.7170099160945843,0.645993031358885
0.6967895362663495,0.618230358504958,0.7236933797909407
0.72294887039239,0.6083142639206712,0.6543554006968642
0.5856123662306778,0.8321891685736079,0.8770034843205575
0.654577883472057,0.6361556064073226,0.8289198606271777
0.6536860879904876,0.5976353928299009,0.4609756097560976
0.5383472057074911,0.4744469870327994,0.5306620209059233
0.5835315101070154,0.45308924485125857,0.6132404181184669
0.6468489892984542,0.6807780320366132,0.5721254355400697
0.7410820451843044,0.5434782608695652,0.6010452961672473
0.6349583828775267,0.7543859649122807,0.6024390243902439
0.6197978596908442,0.6163234172387491,0.6376306620209059
0.6251486325802615,0.5816170861937452,0.6804878048780488
0.5121878715814506,0.6567505720823799,0.6139372822299651
0.5514268727705113,0.6361556064073226,0.6442508710801393
0.6747919143876338,0.6578947368421053,0.7355400696864112
0.6105826397146255,0.7974828375286042,0.8686411149825783
0.6807372175980975,0.7490465293668955,0.7226480836236934
0.6884661117717004,0.5789473684210527,0.6198606271777003
0.5725326991676576,0.6258581235697941,0.5407665505226481
0.42717003567181927,0.4843630816170862,0.46689895470383275
0.5713436385255648,0.6403508771929824,0.7362369337979094
0.6403091557669441,0.6796338672768879,0.6717770034843206
0.441141498216409,0.5221205186880244,0.562369337979094
0.477705112960761,0.4935163996948894,0.6672473867595818
0.4994054696789536,0.6613272311212814,0.6578397212543554
0.7100384749912557,0.5317344252705469,0.6045977011494252
0.621545995103183,0.8151506288388418,0.7733990147783252
0.6383350821965722,0.6554548113483475,0.5303776683087028
0.6722630290311298,0.5384615384615384,0.645320197044335
0.5701294158796782,0.5908160280783855,0.6233169129720854
0.5984610003497727,0.5367066393682364,0.638752052545156
0.49457852395942636,0.596958174904943,0.5688013136288999
0.6859041622945086,0.5361216730038023,0.6640394088669951
0.7520111927247289,0.5606902603100322,0.6285714285714286
0.6051066806575726,0.5361216730038023,0.5201970443349754
0.44456103532703745,0.6150921322023983,0.5323481116584565
0.45750262329485836,0.5042410061421468,0.5494252873563218
0.44735921650926896,0.5642000584966365,0.5369458128078818
0.5568380552640784,0.5516232816613045,0.5615763546798029
0.44001399090591115,0.41737350102369114,0.47257799671592776
0.4914305701294159,0.5367066393682364,0.535303776683087
0.7705491430570129,0.5668324071365897,0.7901477832512315
0.6204966771598461,0.6282538754021644,0.5215106732348112
0.5575376005596362,0.6560397777127815,0.7862068965517242
0.6019587268275621,0.6048552208248026,0.5842364532019705
0.6659671213711088,0.5691722725943258,0.5609195402298851
0.527806925498426,0.45451886516525297,0.4857142857142857
0.5019237495627842,0.4627083942673296,0.6853858784893267
0.44945785239594266,0.5293945598128108,0.541871921182266
0.6033578174186779,0.5083357706931851,0.5865353037766831
0.440713536201469,0.6022228721848494,0.5730706075533661
0.7352221056313396,0.4972214097689383,0.6367816091954023
0.45820216859041624,0.45510383152968703,0.4522167487684729
0.564882826162994,0.6531149458906113,0.6545155993431856
0.5103182931094788,0.7484644632933606,0.7467980295566502
0.6051066806575726,0.584966364434045,0.6279146141215107
0.35257082896117525,0.3919274641708102,0.4896551724137931
0.7138859741168241,0.5352442234571512,0.40164203612479477
0.4204267226302903,0.5086282538754021,0.5671592775041051
0.6533753060510669,0.6431705176952325,0.6311986863711002
0.683455753760056,0.6539923954372624,0.6105090311986864
0.6404337180832459,0.622696694940041,0.728407224958949
0.5099685204616999,0.6393682363264113,0.7004926108374384
0.6418328086743617,0.6589646095349517,0.6577996715927751
0.6638684854844351,0.5463585843813981,0.600328407224959
0.515564882826163,0.6323486399532027,0.7382594417077176
0.739069604756908,0.7715706346885054,0.5619047619047619
0.5995103182931095,0.5633226089499854,0.594088669950739
0.769849597761455,0.545481134834747,0.6637110016420361
0.5225603357817419,0.6341035390465048,0.6962233169129721
0.48933193424274224,0.6115823340157941,0.5169129720853859
0.49282966072053164,0.5138929511553085,0.5399014778325123
0.6152500874431619,0.4726528224627084,0.6627257799671593
0.5613850996852047,0.6267914594910793,0.7556650246305419
0.571528506470794,0.4852295992980404,0.5596059113300492
0.6524179620034543,0.48769574944071586,0.5995212038303693
0.6105354058721935,0.6586768935762224,0.5136798905608755
0.6718480138169257,0.6452540747842761,0.5153898768809849
0.6256476683937824,0.5580057526366251,0.7670998632010944
0.6316925734024179,0.6548418024928092,0.6826265389876881
0.667098445595855,0.6641099392777245,0.5690834473324213
0.47797927461139894,0.5701502077341003,0.7458960328317373
0.6183074265975821,0.6861617130073506,0.5796853625170999
0.5414507772020726,0.6375838926174496,0.6477428180574556
0.5777202072538861,0.5890060722275487,0.6901504787961696
0.6278065630397237,0.6014701182486417,0.6241450068399452
0.6208981001727115,0.5771812080536913,0.6446648426812586
0.4995682210708117,0.5998721636305528,0.7069083447332422
0.5621761658031088,0.5218919782678172,0.6053351573187414
0.5211571675302246,0.5439437519974433,0.6508207934336525
0.36053540587219346,0.5170981144135507,0.39363885088919287
0.3855785837651123,0.5260466602748481,0.6713406292749658
0.6377374784110535,0.6340683924576542,0.4729822161422709
0.57426597582038,0.6973473953339725,0.5591655266757866
0.5466321243523317,0.5953978906999041,0.6183310533515732
0.4438687392055268,0.572067753275807,0.6634746922024624
0.3898963730569948,0.47651006711409394,0.5010259917920656
0.18566493955094993,0.46404602109300097,0.31908344733242133
0.6373056994818653,0.559603707254714,0.7048563611491108
0.5716753022452504,0.5918823905401087,0.5858413132694938
0.727979274611399,0.5768616171300736,0.6751025991792066
0.7262521588946459,0.5880472994566954,0.6477428180574556
0.6645077720207254,0.572067753275807,0.6880984952120383
0.5125215889464594,0.5787791626717801,0.4469904240766074
0.3756476683937824,0.432086928731224,0.56703146374829
0.4464594127806563,0.573346116970278,0.4893980848153215
0.4844559585492228,0.36720997123681687,0.511969904240766
0.5142487046632125,0.5349952061361457,0.5017099863201094
0.707685664939551,0.6043464365612017,0.6025991792065664
0.6247841105354058,0.5174177053371685,0.7021203830369357
0.6373056994818653,0.6299137104506232,0.6207250341997264
0.616580310880829,0.7347395333972515,0.8023255813953488
0.4995682210708117,0.7238734419942474,0.841655266757866
0.6696891191709845,0.4940875679130713,0.6963064295485636
0.6329879101899827,0.6621923937360179,0.6641586867305062
0.45768566493955093,0.46915947587088525,0.4736662106703146
0.5332469775474957,0.4566954298497923,0.4524623803009576
0.48704663212435234,0.6021093000958773,0.6778385772913816
0.34628670120898103,0.6033876637903484,0.5078659370725034
0.4952504317789292,0.8104825822946629,0.8040355677154583
0.540587219343696,0.6711409395973155,0.5813953488372093
0.5259067357512953,0.5202940236497283,0.6347469220246238
0.6217616580310881,0.5819750719079578,0.6282489740082079
0.4067357512953368,0.5065516139341643,0.49794801641586867
0.6027633851468048,0.4979226589964845,0.6261969904240766
0.8285837651122625,0.6078619367209971,0.6833105335157319
0.7141623488773747,0.7491211249600511,0.6692886456908345
0.7258203799654577,0.4825822946628316,0.6880984952120383
0.6278065630397237,0.6554809843400448,0.6997264021887825
0.348013816925734,0.4509427932246724,0.33618331053351574
0.6049222797927462,0.44742729306487694,0.649452804377565
0.5414507772020726,0.5011185682326622,0.689124487004104
0.5500863557858376,0.3640140620006392,0.6282489740082079
0.38773747841105355,0.6033876637903484,0.5218878248974008
0.5526770293609672,0.700862895493768,0.6060191518467852
0.5315198618307426,0.5119846596356663,0.6415868673050615
0.5317919075144508,0.7220965309200603,0.7509077705156136
0.5615194054500413,0.5720211161387632,0.6045751633986928
0.6077621800165153,0.6734539969834088,0.8311546840958606
0.9954582989265071,0.701734539969834,0.6931735657225854
0.6127167630057804,0.5901206636500754,0.714960058097313
0.6420313790255987,0.8306938159879337,0.7138707334785767
0.5070189925681255,0.6568627450980392,0.5566448801742919
0.82411230388109,0.5358220211161387,0.7407407407407407
0.8443435177539224,0.8129713423831071,0.6350762527233116
0.435177539223782,0.7598039215686274,0.7312999273783588
0.5875309661436829,0.7579185520361991,0.789760348583878
0.6886870355078447,0.5855957767722474,0.6575889615105301
0.5821635012386458,0.5780542986425339,0.5515613652868555
0.47027250206440957,0.6342383107088989,0.8177196804647785
0.7518579686209744,0.6889140271493213,0.6441539578794481
0.6890999174236169,0.6074660633484162,0.7236746550472041
0.6544178364987614,0.7956259426847662,0.7498184458968773
0.6763005780346821,0.6093514328808446,0.7687000726216412
0.365813377374071,0.5920060331825038,0.6750181554103123
0.6552436003303055,0.6214177978883861,0.6419753086419753
0.6420313790255987,0.5893665158371041,0.7320261437908496
0.5255986787778695,0.4777526395173454,0.7254901960784313
0.6098265895953757,0.4939668174962293,0.4310094408133624
0.5491329479768786,0.6233031674208145,0.5755265068990559
0.6127167630057804,0.6523378582202112,0.46042120551924476
0.5375722543352601,0.5256410256410257,0.5504720406681191
0.48183319570602806,0.6734539969834088,0.7004357298474946
0.5227085053674649,0.6180241327300151,0.6982570806100218
0.48596201486374896,0.44306184012066363,0.5326797385620915
0.6705202312138728,0.4947209653092006,0.6935366739288308
0.7807597027250206,0.8216440422322775,0.6408859840232389
0.3926507018992568,0.6376319758672699,0.635439360929557
0.630057803468208,0.5588235294117647,0.6626724763979666
0.7213047068538398,0.7345399698340875,0.7429193899782135
0.6379025598678778,0.5463800904977375,0.6430646332607117
0.6874483897605285,0.5339366515837104,0.5708061002178649
0.6114781172584641,0.698340874811463,0.6063907044299202
0.6585466556564823,0.5448717948717948,0.6227305737109659
0.7745664739884393,0.69947209653092,0.5214233841684822
0.6251032204789431,0.6866515837104072,0.6387073347857661
0.6213872832369942,0.7654600301659125,0.6122004357298475
0.6189099917423617,0.6817496229260935,0.7327523602033406
0.6412056151940545,0.7405731523378583,0.7011619462599855
0.7436003303055326,0.6300904977375565,0.7371096586782862
0.7778695293146161,0.6892911010558069,0.6365286855482933
0.791494632535095,0.8416289592760181,0.8064633260711692
0.6895127993393889,0.8823529411764706,0.760711692084241
0.7283236994219653,0.7070135746606335,0.8729121278140886
0.8109000825763831,0.6730769230769231,0.70079883805374
0.6754748142031379,0.7733785822021116,0.830791575889615
0.5029744199881023,0.6288445552784705,0.5728335991493886
0.6237358715050565,0.7015793848711555,0.5475810738968634
0.6531826293872695,0.41271820448877805,0.6329080276448698
0.6046995835812017,0.5926849542809642,0.6432748538011696
0.44735276621058895,0.6375727348295926,0.588782562466773
0.7061273051754908,0.6047381546134664,0.6400850611376927
0.5404521118381915,0.7514546965918537,0.6499202551834131
0.6466389054134444,0.6990856192851206,0.6632110579479
0.5636525877453896,0.6916043225270158,0.43434343434343436
0.466686496133254,0.5415627597672485,0.5380116959064327
0.535990481856038,0.7290108063175395,0.5268474215842637
0.5532421177870316,0.6321695760598504,0.532695374800638
0.491076740035693,0.6633416458852868,0.5425305688463583
0.591017251635931,0.5827098919368247,0.5454545454545454
0.5312314098750743,0.6733167082294265,0.48272195640616694
0.6763831052944675,0.514546965918537,0.6150983519404573
0.5362879238548484,0.529093931837074,0.5337586390217969
0.5356930398572278,0.671238570241064,0.5786815523657629
0.5288518738845925,0.7136325852036576,0.6499202551834131
0.6534800713860797,0.37032418952618457,0.7185007974481659
0.48453301606186794,0.6176226101413134,0.5616693248272195
0.5809042236763831,0.857024106400665,0.5542264752791068
0.4955383700178465,0.6774729842061513,0.5550239234449761
0.4036287923854848,0.4322527015793849,0.386762360446571
0.4187983343248067,0.5997506234413965,0.46863370547581074
0.5356930398572278,0.5245220282626767,0.5473152578415736
0.5315288518738845,0.871571072319202,0.5925039872408293
0.6109458655562165,0.6034912718204489,0.6762360446570973
0.446162998215348,0.5523690773067331,0.6347687400318979
0.6737061273051755,0.5457190357439734,0.5372142477405635
0.42028554431885784,0.6928512053200333,0.5925039872408293
0.6002379535990482,0.6454696591853699,0.6140350877192983
0.6466389054134444,0.7963424771404821,0.5749601275917066
0.46103509815585964,0.5868661679135495,0.7185007974481659
0.5835812016656752,0.41562759767248547,0.5893141945773525
0.6635930993456276,0.5099750623441397,0.5518341307814992
0.508923259964307,0.6525353283458022,0.5587453482190324
0.5734681737061273,0.6479634247714048,0.7121212121212122
0.5050565139797739,0.6916043225270158,0.6307814992025519
0.5455086258179654,0.5947630922693267,0.5332270069112174
0.5588935157644259,0.5170407315045719,0.5794790005316321
0.40184414039262345,0.5519534497090607,0.4670388091440723
0.48274836406900656,0.6945137157107232,0.4625199362041467
0.4402141582391434,0.49625935162094764,0.5303030303030303
0.5264723378941106,0.5627597672485453,0.512227538543328
0.5544318857822724,0.6492103075644223,0.6119085592769803
0.4860202260559191,0.7556109725685786,0.6560340244550771
0.5389649018441404,0.7597672485453034,0.7360446570972887
0.5422367638310529,0.6571072319201995,0.5159489633173844
0.46579417013682334,0.4534497090606816,0.5584795321637427
