0.8728668941979523,0.67047437728066,0.7511688311688312
0.7829351535836178,0.7599555767095034,0.7414718614718615
0.0,1.0,1.0
0.7075085324232082,0.6976043154053625,0.7161904761904762
0.9965870307167235,0.9984134539108361,0.0
1.0,0.0,0.9807792207792208
0.783617747440273,0.7074409011581786,0.686060606060606
0.7617747440273037,0.7969221005870221,0.780952380952381
0.683617747440273,0.7396477867682056,0.7149783549783549
0.7494880546075086,0.7085514834205934,0.6618181818181819
0.7619453924914675,0.6544502617801047,0.6611255411255411
0.6279863481228669,0.7555132476598445,0.7603463203463203
0.7160409556313994,0.7139457401237506,0.7425108225108226
0.7068259385665528,0.6560368078692687,0.7212121212121212
0.7892491467576792,0.8029509757258448,0.8467532467532467
0.7351535836177474,0.6850706013009678,0.6664935064935065
0.7243664071558721,0.6146234194612424,0.6686217008797654
0.0,0.9562030419644494,0.9194410902190788
0.8714593341063442,1.0,0.0
1.0,0.0,1.0
0.5993042902103694,0.5583654022356607,0.4481628428497499
0.7233725360278284,0.5902510536925051,0.7381404174573055
0.686930594666225,0.7152281473336999,0.692254614455753
0.8683120755342058,0.6677661718893165,0.7660859065033638
0.7417591518966374,0.7062488546820598,0.7831637053648439
0.6319363922478052,0.7421660252886201,0.703294807659134
0.7179062448235879,0.6738134506138904,0.6708642401242022
0.6587709127049859,0.792376763789628,0.8074866310160428
0.6648997846612555,0.7273227047828478,0.6572365016387787
0.6561205896968693,0.7044163459776434,0.6694842159737795
0.8780851416266358,0.7396005131024372,0.8656201483525962
0.7957594831870134,0.7817482133040132,0.8178368121442126
0.748384959416929,0.830492944841488,0.7731585302742798
0.6347523604439291,0.9072750595565329,0.7469380714162498
0.7362928606923969,0.6105919003115264,0.6938071416249785
0.7059797912870631,0.6587868792376764,0.6974297050198378
0.6296173596157032,0.7652556349642661,0.7928238744178023
0.0,0.9478322171307719,0.9159083249073138
0.8681522748375116,0.7370461755375397,0.8373778227165487
0.981058495821727,1.0,0.0
0.7886722376973073,0.7418047232992597,0.7827772160431412
0.7613741875580315,0.7164258019034191,0.7662622177283451
0.8692664809656453,0.8375044060627423,0.8946747556454331
0.9075208913649025,0.7141346492774057,0.9344455679137176
0.7799442896935933,0.799259781459288,0.7197505898213684
0.9697307335190344,0.798202326401128,0.9509605662285137
0.8319405756731661,0.8516038068382094,0.880350522413212
0.8740947075208914,0.8429679238632358,0.8970340411189754
0.9617455896007429,0.9125837151921043,0.8361981799797775
0.8939647168059425,0.9517095523440254,0.8623188405797102
0.8079851439182916,0.8880860063447303,0.9066397034041119
0.9476323119777159,0.8408530137469158,0.9371418941691945
0.9478180129990715,0.9458935495241452,0.865520728008089
0.8469823584029712,0.8193514275643285,0.8805190428041793
1.0337975858867223,0.8808600634473035,0.8569261880687563
0.8048282265552461,0.7527317589002468,0.7987866531850354
1.039368616527391,0.9668664081776525,0.7856420626895855
0.7665738161559889,0.7448008459640465,0.6604314122008763
0.7099350046425256,0.7114910116320057,0.7686215032018874
0.9554242749731472,0.0,0.9677070178603644
0.7375581811672037,0.7252282718971931,0.8836370196644416
1.0,0.9994927291173487,0.0
0.8822055137844611,0.7729117348664186,0.7954176438751579
0.7414965986394558,0.8025025363544133,0.823380840699982
0.8596491228070176,0.8518769022658099,0.7965000902038607
0.8460436806301468,0.8550896178559351,0.7081003066931265
0.8426423200859291,0.7529590801487994,0.8069637380479885
0.8215180809165772,0.8243151843084207,0.8181490167779181
0.7685284640171858,0.753635441325668,0.7497744903481869
0.9147869674185464,0.8572877916807575,0.7793613566660653
0.8018259935553169,0.786946229286439,0.7892837813458417
0.7121374865735768,0.7270882651335814,0.7591556918636118
0.8659147869674185,0.7965843760568143,0.8670395092909976
0.7175080558539205,0.682786608048698,0.728666786938481
0.8080916577157179,0.8023334460601962,0.8114739310842504
0.6766917293233082,0.8290497125464998,0.72830597149558
1.0,1.0,0.0
0.8348776871756857,0.0,0.9483985765124555
0.0,0.8561151079136691,1.0
0.7537064492216456,0.8330608240680183,0.7530644523527086
0.6758710155670867,0.7594833224329627,0.7926057730328193
0.8354336545589326,0.8497383911052976,0.8384737050217477
0.6540029651593773,0.658600392413342,0.7672993277975484
0.8617494440326168,0.8270111183780249,0.7890470541716094
0.7010748702742773,0.7714192282537606,0.8384737050217477
0.8111564121571534,0.7702746893394375,0.8040727560300513
0.7622312824314307,0.7607913669064749,0.8295769078687228
0.8261675315048184,0.6917920209287116,0.8015025701858443
0.9321719792438844,0.906965336821452,0.9120205614867537
0.8571163825055597,0.8613472858077175,0.9143930407275603
0.9043736100815419,0.8642903858731197,0.9141953341241598
0.7336916234247591,0.7519620667102681,0.7512850929221035
0.7229429206819866,0.8376389797253107,0.8651640964808225
0.0,0.9505533737950732,1.0
0.9143636363636364,0.0,0.9854557207498384
0.754,1.006247768654052,0.8537491919844861
0.8429090909090909,0.8314887540164227,0.8190045248868778
0.9605454545454546,0.8962870403427348,0.7790885585003232
0.8287272727272728,0.8855765797929311,0.807207498383969
0.7214545454545455,0.8370224919671546,0.8133484162895928
0.864,0.7640128525526597,0.7307692307692307
0.772,0.9380578364869689,0.8600517129928895
0.7294545454545455,0.7725812209925027,0.7446670976082741
0.838,0.8616565512317029,0.8034906270200388
0.7052727272727273,0.8629061049625134,0.7739172592113769
0.9885454545454545,0.9298464833987862,0.7579185520361991
0.7552727272727273,0.7347375937165298,0.8236910148674854
0.7998181818181819,0.9635844341306676,0.8162572721396251
0.6925454545454546,0.7982863263120314,0.8372656755009696
0.7869090909090909,0.7961442342020707,0.7637362637362637
0.7394545454545455,0.8318457693680829,0.7276987718164188
0.6072727272727273,0.7847197429489468,0.7083063994828701
0.7818181818181819,0.8496965369510889,0.665158371040724
0.7936363636363636,0.7895394501963584,0.735617323852618
0.7438181818181818,0.8189932167083185,0.7750484809308339
0.8629518072289156,0.8565535345959122,0.7154442877291961
0.7193775100401606,0.8884305269079318,0.8242242595204513
0.9313922356091031,0.7987999249953122,0.9084978843441467
0.0,0.964747796737296,0.9264809590973202
0.9994979919678715,1.0,0.0
0.7078313253012049,0.8507406712919557,0.8489069111424542
0.8898929049531459,0.7369210575660978,0.7547602256699577
0.9241967871485943,0.7909244327770486,0.739950634696756
0.7819611780455153,0.8893680855053441,0.922425952045134
0.8197791164658634,0.8588036752297018,0.9178420310296191
0.8196117804551539,0.7192949559347459,0.8298660084626234
0.7951807228915663,0.9009938121132571,0.8945698166431594
0.715528781793842,0.7121695105944121,0.7350141043723555
0.7655622489959839,0.6649165572848303,0.8386812411847673
0.7938420348058902,0.7736733545846616,0.7914315937940761
0.7536813922356091,0.921432589536846,0.8705923836389281
0.9707161981258366,0.9058691168198012,0.7877291960507757
0.9419344042838019,0.852053253328333,0.8667136812411848
0.8738286479250335,0.9748734295893493,0.7790902679830748
0.8326639892904953,0.9056816051003188,0.8021861777150917
0.6606425702811245,0.6649165572848303,0.7360719322990127
0.6166331994645248,0.7191074442152634,0.6946403385049366
0.8055555555555556,0.9276204762797675,0.9136107193229901
0.8810240963855421,0.9846240390024377,0.8425599435825106
0.9583333333333334,0.875304706544159,0.8441466854724965
0.759014224280516,0.7002310358105507,0.6847662141779789
0.9938802514058882,0.0,1.0
0.6974859411180946,0.7920677705044282,0.6093514328808446
0.0,0.9029649595687331,0.9254901960784314
0.9096923585841878,0.8634963419329996,0.6434389140271494
0.6543169037380085,0.7231420870234886,0.6558069381598793
0.7001323188885213,0.7256449749711206,0.6078431372549019
0.7869665894806483,0.7552945706584521,0.7004524886877828
0.7393317896129673,0.8351944551405468,0.7042232277526396
0.6362884551769765,0.6971505583365422,0.6199095022624435
0.7222957327158452,0.6047362341162881,0.5755656108597285
0.7037710883228581,0.8099730458221024,0.6212669683257919
0.783658617267615,0.7882171736619176,0.7092006033182504
0.716341382732385,0.7793608009241433,0.6579185520361991
0.816242143565994,0.7645360030804774,0.6591251885369532
0.7317234535229904,0.8448209472468232,0.6057315233785822
0.8622229573271585,0.8359645745090489,0.7116138763197587
0.6751487111698612,0.6986151603498543,0.5344513306598615
1.0,0.0,0.9318264673714911
0.9727362855254461,0.8802842565597667,0.0
0.6847323198942499,0.7787900874635568,0.6037185563251914
0.6592861863846662,0.8873906705539358,0.7870944221655122
0.7747851949768672,0.7995626822157434,0.6775428363106089
0.7680105750165235,0.672740524781341,0.6246810061975939
0.7219101123595506,0.7443513119533528,0.7387896463725847
0.7166226040978189,0.8575072886297376,0.6385344513306599
0.8195637805684072,0.8028425655976676,0.6596791833758658
0.8098149372108394,0.9236516034985423,0.6968647466277798
0.7780898876404494,0.7350583090379009,0.7796208530805687
0.734137475214805,0.7467201166180758,0.6718920889537003
0.7756113681427628,0.7306851311953353,0.7094422165512213
0.7737937871777925,0.8540451895043731,0.7160043747721473
0.7528089887640449,0.7073615160349854,0.7511848341232228
0.8274950429610046,0.8607871720116618,0.6997812613926357
0.7128222075346993,0.7966472303206997,0.7931097338680277
0.7936219431592861,0.7919096209912536,0.7911046299671892
0.7813945803040317,0.8928571428571429,0.7763397739701057
0.7762723066754792,0.8644314868804664,0.7962085308056872
0.7143093192333113,0.6157069970845481,0.6642362376959533
0.6394580304031725,0.6381195335276968,0.6604083120670798
0.7267019167217449,0.782798833819242,0.7548304775792928
0.7898215465961665,0.644497084548105,0.6290557783448779
0.0,0.8723062077838534,1.0
0.7390800794176042,0.8369250562881956,0.8590883298657084
0.7772998014559894,0.8205210678674815,0.8118025345186306
0.8414956982131039,0.0,0.9703045205220352
0.8093977498345467,0.686072692183982,0.7870247777567618
0.735109199205824,0.7769379221614667,0.9105352752033289
0.698874917273329,0.6912190414924413,0.7055040665783998
0.8128722700198544,0.7175940816982953,0.791942500472858
0.8385175380542687,0.7864265036989385,0.8205031208624929
0.8380211780277962,0.8914441942746864,0.8223945526763761
0.6722369291859696,0.6690254100997105,0.6192547758653301
0.7187293183322303,0.7103570279832744,0.7317949687913751
0.7190602250165453,0.6855902219363139,0.6790240211840363
0.6662806088682991,0.656963653908009,0.721392093815018
0.7329583057577763,0.8113541331617884,0.7635710232646113
0.807246856386499,0.6897716307494371,0.771893323245697
0.7107875579086698,0.7185590221936314,0.6865897484395688
0.864162806088683,0.8099067224187841,0.7452241346699452
0.7668762409000662,0.699742682534577,0.7501418573860412
0.8275128523311469,0.7252358490566038,0.8247588424437299
0.9531997872717604,0.9494609164420486,0.0
0.6454529338769722,0.7860512129380054,0.7958199356913184
0.7753944336110619,0.751010781671159,0.7715434083601286
0.7665307569579862,0.7398921832884097,0.8736334405144695
0.0,1.0,0.9901929260450161
0.7603261833008332,0.7867250673854448,0.7914790996784566
0.7847899308633222,0.6868261455525606,0.752411575562701
0.7332033327424216,0.7417452830188679,0.7480707395498393
0.6720439638361992,0.6435309973045822,0.6606109324758842
0.8895585889026768,0.8738207547169812,0.7527331189710611
0.6218755539797908,0.7159703504043127,0.7543408360128617
0.5362524375110796,0.6558288409703504,0.5961414790996784
0.6895940436092891,0.7446091644204852,0.695016077170418
0.6814394610884595,0.6706536388140162,0.7858520900321544
0.7149441588370856,0.6253369272237197,0.627491961414791
0.7466761212550966,0.7205188679245284,0.7956591639871383
0.7918808721857826,0.7068733153638814,0.719935691318328
0.7452579329906045,0.7815026954177897,0.670096463022508
0.8626130118773268,0.6987870619946092,0.9128617363344051
0.6624711930508775,0.7378706199460916,0.7567524115755627
0.7262896649530225,0.7269204851752021,0.7254019292604501
0.6911895054068428,0.7102425876010782,0.8355305466237942
0.6988122673284879,0.7474730458221024,0.7016077170418007
0.9131225009087605,0.0,0.950298531547523
0.0,0.9008606949314631,1.0
0.7499091239549255,0.5921262352566146,0.6070679360981119
0.7493638676844784,0.6699075549888428,0.4955623688881717
0.7944383860414395,0.7327064073956009,0.6493464579635307
0.6519447473645947,0.7564552119859739,0.6679038244311764
0.8655034532897128,0.6812240994580809,0.7971599160884298
0.8618684114867321,0.7191584316225693,0.6988865580119412
0.6045074518356961,0.5811284666879184,0.5307406809746652
0.7311886586695747,0.5690149824673255,0.7476198160400194
0.8077062886223192,0.6525342684093083,0.7416491850895595
0.6677571792075608,0.696525342684093,0.6587058253993868
0.4658306070519811,0.500318775900542,0.48813942230111346
0.7728098873137041,0.6657634682817979,0.7619816040019364
0.7995274445656125,0.7378068218042716,0.6974342423753429
0.7966194111232279,0.7610774625438317,0.7045344521542682
0.7219193020719739,0.5623206885559452,0.6291754074552203
0.693384223918575,0.7105514823079375,0.7145392932063902
0.6372228280625227,0.6246413771118904,0.6298208810714861
0.6261359505634315,0.5696525342684093,0.642407616588672
0.9740915208613729,0.0,1.0
0.6159152086137282,0.6646706586826348,0.7307338605848813
0.0,0.860586519269154,0.8710686040095641
0.7002018842530283,0.5874405036081682,0.6556924774691926
0.6906123822341858,0.6688162137263933,0.6945006437373552
0.7215679676985195,0.753109166282819,0.7071914658819202
0.7540376850605652,0.7431291263626593,0.8265587640242781
0.6524226110363391,0.6973744818056196,0.6825455214272577
0.7868438761776582,0.8226623675725472,0.825087364355343
0.7711978465679677,0.6875479809611547,0.945926062166636
0.8142664872139973,0.7134960847535697,0.7840720985837778
0.7284656796769852,0.6938430830646399,0.6808901967997057
0.8400067294751009,0.8203592814371258,0.7724848261909141
0.8945154777927322,0.7219407339167818,0.941144013242597
0.7407469717362046,0.8080761553815446,0.8046716939488688
0.6258411843876177,0.6069399662214033,0.7388265587640243
0.9216016150740243,0.7465069860279441,0.6463123045797314
0.5940444145356663,0.6936895439889452,0.717123413647232
0.8760226557583386,0.995,0.0
0.5679672750157332,0.6567857142857143,0.8252908640091551
0.0,1.0,0.9685294678619111
0.6823473882945249,0.64,0.750143047873355
0.7386721208307111,0.7391071428571429,0.7650200267022697
0.6829767149150409,0.9133928571428571,0.9179858859431623
0.7702957835116425,0.7575,0.764829296204463
0.7385147891755821,0.7841071428571429,0.7390806790005722
0.7619572057898049,0.7696428571428572,0.7871447644478352
0.7695091252359975,0.7908928571428572,0.8060270837306885
0.6154814348646948,0.7576785714285714,0.7436582109479306
0.6768407803650094,0.7360714285714286,0.7463284379172229
0.8170232850849591,0.8217857142857142,0.7579629982834255
0.7353681560730019,0.7451785714285715,0.8432195308029754
0.7473253618628068,0.8494642857142857,0.7247758916650773
0.7965701699181875,0.8621428571428571,0.8060270837306885
0.8101006922592826,0.7019642857142857,0.8312035094411596
0.7336375078665828,0.7955357142857142,0.8249094030135419
0.7197923222152297,0.6898214285714286,0.8582872401296967
0.6637822529893015,0.6710714285714285,0.7264924661453367
0.8461682242990655,0.8255584756898817,0.9221082928584278
0.0,0.9671484888304862,1.0
1.0,0.0,0.9116747616477784
0.8495327102803738,0.9055519053876478,0.7720813095880554
0.994392523364486,1.0,0.0
0.9626168224299065,0.853646517739816,0.8312646159381184
0.7839252336448598,0.8920827858081471,0.9235474006116208
0.8685981308411215,0.8938896189224704,0.8805540564849793
0.7743925233644859,0.71419185282523,0.7787371829465731
0.7482242990654205,0.8295006570302234,0.8166936499370391
0.6919626168224299,0.8713863337713534,0.7328656233135457
0.8114018691588785,0.8051905387647832,0.8069796726029862
0.7547663551401869,0.8222733245729303,0.7634466630688973
0.7712149532710281,0.7342312746386334,0.7215326497571506
0.8097196261682243,0.8426412614980289,0.8564490016189962
0.8878504672897196,0.7923784494086727,0.7558913473646339
0.8392523364485981,0.860545335085414,0.7744198596869941
0.8734579439252337,0.8263797634691196,0.8692210829285842
0.7153271028037383,0.7470433639947438,0.8076992264795827
0.6239252336448599,0.6613009198423128,0.6663068897283684
0.7955140186915888,0.7360381077529566,0.8456556934700485
0.7220560747663551,0.9357752956636005,0.824968519517899
0.7671028037383177,0.751149802890933,0.7695628710199676
0.7835514018691588,0.875,0.7632667745997481
0.7757009345794392,0.8295006570302234,0.7922288181327577
0.0,0.8462295081967213,0.9674000321181949
0.6960378474275577,0.7127868852459016,0.7144692468283282
0.6978119455943229,0.6655737704918033,0.6235747550987635
0.8994677705499704,0.0,1.0
0.7193968066232999,0.7050819672131148,0.6695037738879075
0.7106741573033708,0.77,0.7738879074995986
0.7476345357776464,0.6175409836065574,0.6108880680905733
0.6482850384387936,0.6121311475409836,0.6786574594507788
0.5510053222945003,0.6111475409836066,0.6423638991488678
0.7591661738616203,0.7634426229508197,0.6524811305604625
0.6706091070372561,0.7681967213114754,0.8517745302713987
0.8103193376700177,0.6365573770491804,0.7462662598361972
0.8115020697811945,0.719672131147541,0.7241047053155613
0.6883500887049083,0.6872131147540984,0.7772603179701301
0.6911590774689533,0.759016393442623,0.7379155291472619
0.7334417504435246,0.639672131147541,0.7589529468443873
0.6944115907746895,0.67,0.7881805042556609
0.6870195150798344,0.6904918032786885,0.7642524490123656
0.8330869308101715,0.6473770491803279,0.6155452063594026
0.6778533412182141,0.6365573770491804,0.7962100529950217
0.6476936723832052,0.7034426229508197,0.7944435522723623
0.6431105854523951,0.7486885245901639,0.7732455436004496
0.6469544648137197,0.6398360655737705,0.7335795728280071
0.0,0.9583818877975695,0.9702663261583364
0.9532791140335698,0.0,1.0
0.7279806194843399,0.7790910604294989,0.8221452024808464
0.9418584530195535,0.8413517562843349,0.9091572418825247
0.8818134625367711,0.8037289828533378,0.8088288945640277
0.6916421526215608,0.7464624604627934,0.8325428675665816
0.8269596816058141,0.9240885633427668,0.9372491791317038
0.8439176328084443,0.848510071583153,0.8221452024808464
0.6809136528811213,0.6547361411686365,0.7187157971543232
0.7726250216300398,0.8535042450474446,0.7119664356074425
0.7272884582107632,0.6713833860496088,0.6891645384896024
0.8172694237757397,0.8440153154652905,0.7714337832907698
0.9024052604256791,0.7646079573830531,0.9217438890915725
0.9335525177366326,0.8303645746628933,0.8493250638453119
0.9378785256964873,0.9092725153987015,0.8225100328347319
0.8425333102612909,0.8123855501914433,0.9872309376140095
0.6499394358885621,0.7053437656067921,0.6807734403502371
0.0,0.9719936708860759,1.0
0.7754569190600522,0.8721518987341772,0.7943065440027773
0.8289817232375979,0.7988924050632912,0.7826766186425967
0.8963772845953003,0.7153481012658228,0.8236417288665162
0.741677545691906,0.7261075949367088,0.7543829196320083
0.9546344647519582,0.0,0.939073077590696
0.723074412532637,0.7643987341772152,0.6825203957646242
0.577023498694517,0.6949367088607595,0.6328762367644506
0.7385770234986945,0.7136075949367089,0.7764277035236938
0.79177545691906,0.7308544303797468,0.7698316264537407
0.7003916449086162,0.7411392405063291,0.7193195625759417
0.5848563968668408,0.6041139240506329,0.6793959382051727
0.6948433420365535,0.7754746835443038,0.7694844645026905
0.6972911227154047,0.7183544303797469,0.8040270786321819
0.7880221932114883,0.703006329113924,0.7427529942718278
0.7862271540469974,0.7525316455696203,0.7307759069605971
0.7397193211488251,0.6572784810126582,0.7469189376844297
0.7847584856396866,0.776740506329114,0.6608227738239889
0.643603133159269,0.6786392405063291,0.6642943933344906
0.0,0.9911534535556311,0.9060469765117442
0.9591635106207805,0.0,1.0
0.7073933805368022,0.6976862878530112,0.7146426786606697
0.6764366869751358,0.6753997958489282,0.7213060136598367
0.7159558702453482,0.6883293637291595,0.7074795935365651
0.7037707887370328,0.7589316093909493,0.7526236881559221
0.664745595257698,0.6206192582511059,0.7306346826586707
0.9217849497777046,0.7300102075535897,0.670664667666167
0.699160217355508,0.7048315753657707,0.6936531734132934
0.730610900708052,0.7114664851990473,0.7567882725304015
0.775069981887041,0.734773732562096,0.7367982675329002
0.7067347274822987,0.8009527050017012,0.7737797767782775
0.6678741972665898,0.6939435182034706,0.7916041979010495
0.6985015643010044,0.6852670976522627,0.6541729135432284
0.696196278610242,0.7517863218781898,0.717807762785274
0.720731104890499,0.6942837699897925,0.7158087622855239
0.9750623441396509,0.0,1.0
0.7547797173732336,0.6976127320954907,0.6121789694718139
0.0,0.906498673740053,0.96543369407204
0.6751454696591853,0.6954575596816976,0.7898562429332903
0.7453034081463009,0.7045755968169761,0.6701663705378775
0.5185369908561929,0.7747015915119363,0.6439993539008237
0.6969243557772236,0.5931697612732095,0.6887417218543046
0.6781379883624272,0.6475464190981433,0.6139557422064287
0.659684123025769,0.7118700265251989,0.6700048457438217
0.572734829592685,0.554210875331565,0.6541754159263446
0.7175394846217789,0.6284814323607427,0.7404296559521887
0.7768911055694098,0.8433355437665783,0.7250848005168793
0.658852867830424,0.696949602122016,0.7523824907123243
0.7547797173732336,0.7259615384615384,0.7350993377483444
0.7155444721529509,0.7259615384615384,0.571797770957842
0.7331670822942643,0.7229774535809018,0.7444677758035858
0.7102244389027431,0.5959880636604774,0.6255855273784526
