0.8675767918088737,0.7290179279708076,0.7807792207792208
0.7588737201365188,0.8600666349357449,0.7054545454545454
0.7479522184300341,0.9344756465175313,0.9120346320346321
0.7854948805460751,0.730445819451055,0.7624242424242424
0.8245733788395905,0.8170712359194034,0.7426839826839827
0.7484641638225256,0.77328256385848,0.7648484848484849
0.7020477815699658,0.6891956211327939,0.7634632034632035
0.6704778156996587,0.6945898778359512,0.6451948051948052
0.7658703071672355,0.7991432651118515,0.9026839826839826
0.782764505119454,0.7087101380295098,0.7670995670995671
0.7448805460750854,0.801364429636681,0.7376623376623377
0.7769624573378839,0.7713787085514834,0.7245021645021645
0.781740614334471,0.7302871648421386,0.8036363636363636
0.8790102389078498,0.787561478660955,0.9309090909090909
0.7600682593856656,0.8564175789306679,0.922077922077922
0.7694539249146758,0.7978740282405203,0.7222510822510823
0.909556313993174,0.7934316991908615,0.887099567099567
0.6158703071672355,0.7160082500396636,0.7012987012987013
0.7428327645051195,0.7475805172140251,0.6555844155844156
0.8354948805460751,0.7904172616214501,0.7044155844155844
0.701023890784983,0.7120418848167539,0.8460606060606061
0.8875426621160409,0.7548786292241789,0.7719480519480519
0.813481228668942,0.8476915754402665,0.7653679653679654
0.7295221843003413,0.8029509757258448,0.797056277056277
0.821160409556314,0.7980326828494367,0.7530735930735931
0.8206484641638225,0.836427098207203,0.7864935064935065
0.8735494880546075,0.7264794542281453,0.8301298701298702
0.830716723549488,0.7943836268443598,0.7731601731601732
0.8121160409556314,0.886244645406949,0.8145454545454546
0.8593856655290102,0.7878787878787878,0.9286580086580086
0.8150170648464163,0.8175471997461526,0.8716883116883117
0.8261092150170648,0.8554656512771696,0.7934199134199135
0.7675767918088737,0.8443598286530224,0.7416450216450217
0.6684300341296928,0.7388545137236237,0.7709090909090909
0.8215017064846416,0.7290179279708076,0.858008658008658
0.7767918088737201,0.7583690306203396,0.7378354978354978
0.7464163822525597,0.7436141519911154,0.7783549783549784
0.754778156996587,0.7942249722354434,0.7525541125541125
0.758703071672355,0.7339362208472157,0.7546320346320347
0.8034129692832764,0.8810090433127082,0.7489177489177489
0.8498293515358362,0.8281770585435507,0.7180952380952381
0.7438566552901024,0.7429795335554498,0.8001731601731602
0.7604095563139932,0.7978740282405203,0.7788744588744588
0.7750853242320819,0.7850230049182929,0.7705627705627706
0.8331058020477816,0.771220053942567,0.7714285714285715
0.7088737201365187,0.7240996350943995,0.687965367965368
0.702901023890785,0.6511185149928606,0.7544588744588745
0.7718430034129693,0.8137394891321593,0.8081385281385282
0.8476109215017065,0.7544026653974298,0.7357575757575757
0.7860068259385665,0.8310328415040457,0.7716017316017316
0.8090443686006826,0.7344121846739647,0.8131601731601732
0.7745733788395904,0.7010947168015231,0.8348051948051948
0.7242320819112628,0.714104394732667,0.7321212121212122
0.6474402730375427,0.6680945581469142,0.636017316017316
0.7469283276450512,0.7090274472473426,0.7333333333333333
0.6808873720136519,0.8323020783753768,0.7196536796536797
0.8643344709897611,0.6925273679200381,0.876017316017316
0.6931740614334471,0.7799460574329684,0.8287445887445888
0.7812286689419795,0.7766143106457243,0.7316017316017316
0.5651877133105802,0.5576709503411074,0.6065800865800866
0.7414675767918089,0.7645565603680787,0.7703896103896104
0.7646757679180888,0.7456766619070284,0.7956709956709956
0.6723549488054608,0.7049024274155165,0.695064935064935
0.7604095563139932,0.6772965254640647,0.7440692640692641
0.8402730375426621,0.7881960970966206,0.729004329004329
0.6742320819112628,0.7206092336982389,0.8076190476190476
0.6679180887372014,0.6078058067586863,0.6751515151515152
0.8336922312406825,0.9664650907091809,0.7626358461273073
0.6478383302965048,0.7593916071101338,0.7933413834742108
0.8545635249296007,0.8339747113798791,0.785061238571675
0.8177902931919828,0.840571742715778,0.7802311540451958
0.690409143614378,0.6822429906542056,0.706399861997585
0.7250289879079013,0.7650723840938245,0.6889770570984992
0.6763293026337585,0.7929265164009529,0.7124374676556839
0.686930594666225,0.6939710463624702,0.734690357081249
0.7649494782176578,0.7183434121312077,0.7738485423494911
0.7452377008447905,0.738684258750229,0.8309470415732275
0.7502070564850091,0.6622686457760675,0.7238226668966707
0.7157528573794931,0.8715411398204141,0.8633776091081594
0.7371210866324334,0.6954370533260033,0.7574607555632223
0.6728507536856054,0.7231079347626901,0.7340003450060376
0.8249130362762962,0.8860179585853033,0.698292220113852
0.7339738280602949,0.7881619937694704,0.720545109539417
0.6556236541328474,0.6747297049660986,0.6644816284284975
0.6842802716581083,0.6305662451896646,0.7357253751940659
0.7326486665562365,0.7993402968664101,0.6232534069346214
0.6870962398542322,0.7306212204507971,0.7089874072796274
0.7828391585224449,0.7144951438519332,0.7377954114196998
0.5888686433659103,0.6714311892981492,0.6229084008970157
0.6948815636905747,0.6366135239142386,0.7764360876315336
0.6706973662415107,0.6377130291368884,0.5713299982749698
0.6872618850422395,0.6881070185083379,0.6637916163532862
0.661089945337088,0.6619021440351842,0.6889770570984992
0.783998674838496,0.7152281473336999,0.8983957219251337
0.6985257578267351,0.7736851750045812,0.6848369846472313
0.6874275302302468,0.8257284222100055,0.8478523374159048
0.8182872287560047,0.7003848268279275,0.8130067276177333
0.7377836673844624,0.7243906908557816,0.7096774193548387
0.6937220473745238,0.6948873007146784,0.7310677936863895
0.6887526917343051,0.836540223566062,0.8071416249784371
0.6736789796256418,0.6686824262415246,0.8135242366741418
0.7944343216829551,0.7518783214220267,0.7429705019837847
0.762796090773563,0.8246289169873557,0.7070898740727962
0.742090442272652,0.7839472237493128,0.7879937898913231
0.9045883717078019,0.7144951438519332,0.8064516129032258
0.7424217326486665,0.684075499358622,0.8318095566672417
0.6713599469935398,0.7810152098222467,0.799206486113507
0.6639059135332118,0.727689206523731,0.6907020872865275
0.7016730163988736,0.7000183250870442,0.6843194755908228
0.6501573629286069,0.7308044713212388,0.732620320855615
0.7298326983601127,0.7410665200659703,0.7474555804726583
0.6400530064601623,0.676562213670515,0.7703984819734345
0.8273977140964055,0.6879237676378963,0.7422804899085734
0.7608083485174756,0.7452812900861279,0.6886320510608935
0.6423720390922644,0.680593732820231,0.720545109539417
0.7288388272320689,0.7454645409565696,0.6665516646541314
0.6407155872121915,0.6582371266263515,0.7308952906675866
0.7223786648997846,0.849551035367418,0.7036398136967397
0.7743912539340733,0.6509070918086861,0.8356046230809039
0.7773728673182044,0.7795492028587135,0.7220976367086424
0.6653967202252774,0.676562213670515,0.6636191133344833
0.8523676880222841,0.7830454705675008,0.8276036400404448
0.7240482822655525,0.8468452590764892,0.7495786990225818
0.8417827298050139,0.961402890377159,0.8833838894506235
0.8475394614670381,0.8093056045118082,0.8196831816649814
0.864066852367688,0.8390905886499824,0.8297944051230199
0.8798514391829155,0.8327458583010222,0.8742837883383889
0.9858867223769731,0.8360944659851957,0.8476575665655545
0.8239554317548746,1.0052872752908002,0.9853387259858443
0.8867223769730733,0.7906238984843145,0.8668688911358274
0.9272051996285979,0.7934437786394078,0.8021570610043816
0.8677808727948003,0.8403242862178357,0.8200202224469161
0.8622098421541319,0.7911526260133944,0.8252443545669026
0.793686165273909,0.8094818470215016,0.7362655881361645
0.928133704735376,0.8093056045118082,0.8319851702055949
0.8410399257195914,0.7890377158970744,0.773340074148972
0.7030640668523677,0.6385266126189637,0.7871587462082912
0.8310120705663882,0.8812125484666902,0.8417593528816987
0.8987929433611885,0.7846316531547409,0.7665992585102798
0.9238625812441968,0.7333450828339796,0.8982136838557465
0.9348189415041783,0.8526612618963694,0.7935625210650489
0.7857010213556175,0.7500881212548467,0.8582743511964948
0.8352831940575673,0.8528375044060628,0.8257499157398045
0.8882079851439183,0.8410292562566091,0.8011459386585776
0.774744661095636,0.8761015156855834,0.9118638355240984
0.8519962859795729,0.8228762777581953,0.8808560835861139
0.8518105849582173,0.8234050052872753,0.8193461408830468
0.8479108635097493,0.7587240042298202,0.7743511964947759
0.7441039925719591,0.7338738103630595,0.8538928210313448
0.8421541318477251,0.8583010222065562,0.8178294573643411
0.9888579387186629,0.8456115615086359,0.9298955173576002
0.8157845868152275,0.8771589707437434,0.8105830805527469
0.823769730733519,0.824286217835742,0.8318166498146276
0.9112349117920149,0.8561861120902362,0.801314459049545
0.8843082636954503,0.8380331335918223,0.7703067071115605
0.740761374187558,0.7759957701797674,0.8582743511964948
0.7987000928505107,0.714839619316179,0.7595214020896528
0.8807799442896936,0.8189989425449419,0.7976070104482642
0.942246982358403,0.8165315474092351,0.9202898550724637
0.7522748375116063,0.8279873105393021,0.8658577687900236
0.8467966573816156,0.87222418047233,0.7271654870239299
0.8612813370473538,0.9324991187874515,0.9025952140208965
0.9526462395543176,0.8281635530489955,0.8793394000674082
0.9309192200557103,0.8443778639407825,0.8474890461745871
0.9060352831940576,0.8438491364117024,0.8852376137512639
1.0105849582172701,0.7721184349665139,0.8314796090326929
0.8794800371402043,0.9661614381388791,0.7935625210650489
0.9234911792014856,0.7767007402185407,0.7863161442534546
0.8256267409470752,0.853013746915756,0.7610380856083586
0.8505106778087279,0.8406767712372224,0.8196831816649814
0.8583101207056639,0.7023264011279521,0.7906976744186046
0.8425255338904364,0.7994360239689813,0.9041118975396023
0.7598885793871867,0.8981318293972507,0.8434445567913718
0.9099350046425255,0.8161790623898484,0.8668688911358274
0.9855153203342618,0.825872400422982,0.8129423660262892
0.9637883008356546,0.7915051110327811,0.8200202224469161
0.8726090993500464,0.8175890024673952,0.8948432760364005
0.9435468895078923,0.7832217130771942,0.8859116953151331
0.8644382544103992,0.8577722946774762,0.8110886417256488
0.8193129062209842,0.8343320408882623,0.7360970677451971
0.8219127205199629,0.712724709199859,0.679474216380182
0.6668456856426781,0.8089279675346636,0.8912141439653617
0.7921589688506981,0.868616841393304,0.7209092549161105
0.8963480128893663,0.8104497801826175,0.7728666786938481
0.8671679197994987,0.8403787622590463,0.8623489085332853
0.8082706766917294,0.8598241460940143,0.7627638462926213
0.7787325456498388,0.7044301657084884,0.7062962294786217
0.7488363766559255,0.7282718971931011,0.7187443622587046
0.7504475474400286,0.7517754480892797,0.7344398340248963
0.8122090941639813,0.7274264457220155,0.7084611221360274
0.7400644468313641,0.7811971592830571,0.8913945516868121
0.9781596849266022,0.8542441663848495,0.7719646400865957
0.7830290010741139,0.7299628001352723,0.7909074508388959
0.7742570712495525,0.7683462969225566,0.7905466353959949
0.6761546723952739,0.6861684139330403,0.6178964459678874
0.7291442892946652,0.9166384849509638,0.8919357748511636
0.8498030791263874,0.8241460940142036,0.7313729027602381
0.7973505191550304,0.759722691917484,0.8497203680317518
0.7703186537773004,0.8085897869462293,0.8899512899152083
0.8353025420694593,0.8469732837335137,0.7719646400865957
0.828499820981024,0.7840716942847481,0.7954176438751579
0.8771929824561403,0.7042610754142712,0.789825004510193
0.7391693519513068,0.7786608048698005,0.7764748331228577
0.8455066237021124,0.7722353736895502,0.7633050694569727
0.7730039384174723,0.8983767331755157,0.6970954356846473
0.80343716433942,0.8395333107879608,0.8284322569005953
0.7416756176154672,0.7155901251268177,0.7676348547717843
0.7300393841747225,0.897362191410213,0.8412412051235792
0.8363766559255281,0.793033479878255,0.8405195742377773
0.7491944146079484,0.8165370307744335,0.8374526429731193
0.7968134622269961,0.7965843760568143,0.6949305430272416
0.7690655209452202,0.7898207642881299,0.6303445787479705
0.6682778374507697,0.6890429489347312,0.8020927295688255
0.8845327604726101,0.7815353398714914,0.9123218473750676
0.8619763694951665,0.8349678728440988,0.8621685008118347
0.7930540637307555,0.9900236726411904,0.9247699801551507
0.8689581095596133,0.8611768684477511,0.8028143604546275
0.8208020050125313,0.8875549543456206,0.9372181129352336
0.8861439312567132,0.7967534663510315,0.8733537795417644
0.8741496598639455,0.8214406493067298,0.8755186721991701
0.8582169709989259,0.8227933716604667,0.8654158397979433
0.807733619763695,0.8219479201893811,0.7187443622587046
0.7860723236663086,0.7172810280689889,0.8120151542486018
0.7593984962406015,0.8089279675346636,0.8284322569005953
0.7334407447189402,0.7154210348326006,0.7319141259245896
0.6462585034013606,0.7512681772066283,0.6738228396175356
0.7443609022556391,0.8224551910720325,0.810571892476998
0.7457930540637308,0.6981738248224552,0.8103914847555476
0.8510562119584676,0.7972607372336827,0.7813458416020206
0.7894736842105263,0.8391951301995265,0.8080461843766913
0.826530612244898,0.826344267839026,0.7914486740032474
0.9101324740422485,0.7987825498816368,0.95471766191593
0.7261009667024705,0.8358133243151843,0.847916290817247
0.7996777658431794,0.7882989516401758,0.9043839076312467
0.8311851056211959,0.9156239431856611,0.782608695652174
0.6749015395631937,0.6589448765640852,0.6952913584701426
0.692266380236305,0.8150152181264796,0.7268627097239762
0.809702828499821,0.7411227595536016,0.8464730290456431
0.7300393841747225,0.7693608386878593,0.7398520656684107
0.7708557107053348,0.7578626986810957,0.7378675807324554
0.7522238695329874,0.8613472858077175,0.7955713720838276
0.7653817642698295,0.605624591236102,0.6919731119019376
0.7097850259451446,0.7843361674296926,0.7629497825227363
0.7233135656041513,0.7781229561805101,0.8649663898774219
0.8904744255003706,0.7581752779594506,0.981415579280348
0.7090437361008154,0.7606278613472858,0.7702649268485567
0.7327650111193477,0.8804774362328319,0.8313562672993278
0.8782431430689399,0.9334532374100719,0.8244365361803084
0.7726093402520385,0.7823741007194245,0.8944246737841044
0.9067828020756116,0.8461412688031393,0.8792012653222617
0.8439584877687175,0.8621648136036625,0.8706998813760379
0.8078206078576724,0.8649444081098757,0.8752471332542507
0.778169014084507,0.8345323741007195,0.7835112692763938
0.7449962935507783,0.7607913669064749,0.8187030446816924
0.906412157153447,0.7356115107913669,0.8758402530644523
0.8189399555226093,0.8992805755395683,0.8230525899565045
0.7963306152705708,0.8368214519293656,1.001779359430605
0.8269088213491476,0.8284826684107259,0.9754843811783314
0.8048554484803558,0.8407455853499018,0.9705417160933175
0.8335804299481097,0.7647155003270111,0.9829972321075524
0.7815048183839881,0.8193263570961413,0.9895215500197707
0.859896219421794,0.9466971877043819,0.8301700276789244
0.9197553743513713,0.8471223021582733,0.8912613681296956
0.809488510007413,0.8620013080444735,0.8416370106761566
0.8793550778354337,0.8587311968606932,0.9523527085804666
0.8267234988880652,0.828646173969915,0.9640173981810992
0.8443291326908822,0.7537606278613472,0.8546856465005931
0.7038547071905115,0.7846631785480707,0.7924080664294187
0.7574128984432913,0.7694571615434925,0.7738236457097667
0.7240548554484804,0.7637344669718771,0.82502965599051
0.7792809488510007,0.7267822105951602,0.7793594306049823
0.7720533728687917,0.8234139960758666,0.7542506919731119
0.7564862861378799,0.7956180510137345,0.8973902728351127
0.8541512231282431,0.8044473512099412,0.8446026097271648
0.874351371386212,0.7477109221713538,0.9228944246737841
0.8005930318754633,0.8451602354480052,0.9092526690391459
0.6510378057820608,0.8893067364290386,0.847172795571372
0.7792809488510007,0.8212884238064094,0.8200869909054962
0.850815418828762,0.7773054283845651,0.8459865559509687
0.9251297257227576,0.762589928057554,0.8849347568208779
0.7965159377316531,0.9058207979071289,0.987149070778964
0.8278354336545589,0.8216154349247874,0.9707394226967181
0.8291326908821349,0.8670699803793329,0.9211150652431791
0.7322090437361009,0.7339764551994767,0.72499011466983
0.7766864343958487,0.7972531066056245,0.9489916963226572
0.7994810971089696,0.7836821451929366,0.8232502965599051
0.7787249814677539,0.8243950294310006,0.8900751285092922
0.676056338028169,0.6568018312622629,0.6239620403321471
0.6438102297998517,0.6913015042511446,0.7633451957295374
0.6834692364714603,0.6283518639633747,0.7105575326215896
0.8380281690140845,0.762753433616743,0.8588374851720048
0.7546330615270571,0.8706671026814912,1.0015816528272043
0.8011489992587102,0.894865925441465,0.9260577303281929
0.7283172720533728,0.7815565729234794,0.7319098457888493
0.7188658265381764,0.7137017658600392,0.7953736654804271
0.7501818181818182,0.7927525883612996,0.7503232062055591
0.6412727272727273,0.7720456979650125,0.7574337427278603
0.7238181818181818,0.6297750803284541,0.6908532643826761
0.7307272727272728,0.6781506604784006,0.7680995475113123
0.7245454545454545,0.8289896465548019,0.6923076923076923
0.762,0.7995358800428418,0.6399482870071105
0.7138181818181818,0.7429489468047126,0.7705235940530059
0.6745454545454546,0.7229560871117459,0.6281512605042017
0.8449090909090909,0.7218850410567654,0.7763413057530705
0.8636363636363636,0.7863263120314173,0.8914027149321267
0.9401818181818182,0.8650481970724742,0.7642210730446024
0.7867272727272727,0.8397001071046055,0.813994828700711
0.8574545454545455,0.8921813637986433,0.7656755009696187
0.9125454545454545,0.8421992145662264,0.7866839043309631
0.7623636363636364,0.8802213495180293,0.8779896574014221
0.8010909090909091,0.7486611924312745,0.8421137685843568
0.7685454545454545,0.8637986433416637,0.8110859728506787
0.9418181818181818,0.8131024634059264,0.87879767291532
0.8616363636363636,0.8411281685112459,0.7335164835164835
0.8134545454545454,0.8255980007140307,0.7349709114414997
0.82,0.8132809710817566,0.7535552682611506
0.7096363636363636,0.8611210282042128,0.7362637362637363
0.7769090909090909,0.841306676187076,0.8626373626373627
0.7776363636363637,0.8150660478400571,0.7411118293471235
0.759090909090909,0.8184576936808283,0.7752100840336135
0.777090909090909,0.685290967511603,0.6908532643826761
0.7732727272727272,0.820599785790789,0.8322559793148029
0.7729090909090909,0.8996786861835059,0.8658694246929541
0.8852727272727273,0.8434487682970367,0.7925016160310278
0.7703636363636364,0.8048911103177436,0.7352941176470589
0.771090909090909,0.7877543734380579,0.7819974143503555
0.8221818181818182,0.7477686540521242,0.8419521654815773
0.6785454545454546,0.755980007140307,0.7941176470588235
0.7165454545454546,0.7973937879328811,0.7844214608920491
0.888,0.9393073902177793,0.7792501616031028
0.8725454545454545,0.7504462691895751,0.7808661926308985
0.7907272727272727,0.7333095323098894,0.8146412411118293
0.5429090909090909,0.6574437700821135,0.6205559146735617
0.8009090909090909,0.7927525883612996,0.7186489980607628
0.7810909090909091,0.6747590146376294,0.8020361990950227
0.8576363636363636,0.7247411638700464,0.766321913380737
0.7781818181818182,0.8266690467690111,0.8724951519069166
0.8354545454545454,0.773473759371653,0.7532320620555915
0.7536363636363637,0.9600142806140664,0.7960568842921784
0.8343636363636364,0.9584077115315959,0.8663542340012929
0.8047272727272727,0.8309532309889325,0.7359405300581772
0.9183636363636364,0.8163156015708676,0.8293471234647706
0.7774545454545455,0.8902177793645126,0.8172268907563025
0.8118181818181818,0.8564798286326312,0.6168390433096316
0.7958181818181819,0.7920385576579793,0.8327407886231416
0.8361818181818181,0.8357729382363441,0.7508080155138979
0.856909090909091,0.9459121742234916,0.6711376858435681
0.7649090909090909,0.8953945019635844,0.7462831286360698
0.8605454545454545,0.8272045697965013,0.8585972850678733
0.904,0.7416993930739022,0.78409825468649
0.8298181818181818,0.8639771510174937,0.7070135746606335
0.8018181818181818,0.9018207782934666,0.8191661279896574
0.775090909090909,0.9289539450196358,0.9036845507433743
0.8138181818181818,0.8213138164941093,0.8437297996121526
0.8345046854082999,0.9092443277704857,0.952574047954866
0.8549196787148594,0.7687980498781174,0.7050423131170663
0.8512382864792504,0.9776861053815864,0.8716502115655853
0.8417001338688086,0.9669979373710857,0.8741184767277856
0.8542503346720214,0.7824864054003375,0.7981311706629055
0.7376171352074966,0.820738796174761,0.8027150916784203
0.7598728246318608,0.7436714794674667,0.8229901269393513
0.7520080321285141,0.7592349521845115,0.8660084626234132
0.732095046854083,0.6936058503656478,0.719851904090268
0.7384538152610441,0.7571723232702043,0.7124471086036671
0.6879183400267738,0.6504781548846803,0.7579337094499294
0.7130187416331994,0.6073504594037127,0.6986953455571228
0.6862449799196787,0.7704856553534596,0.7455923836389281
0.8055555555555556,0.8702418901181324,0.5930888575458392
0.7536813922356091,0.710106881680105,0.6533850493653033
0.9275435073627845,0.8756797299831239,0.8159379407616361
0.9011044176706827,0.7830489405587849,0.8527856135401974
0.8303212851405622,0.8644290268141759,0.9502820874471086
0.8443775100401606,0.9816238514907182,0.8515514809590973
0.9093038821954484,0.9428089255578473,0.8471438645980254
0.8734939759036144,0.7972998312394525,0.9462270803949224
0.8438755020080321,0.8571160697543596,0.8868124118476728
0.8840361445783133,0.8426776673542097,0.8513751763046544
0.8080655957161981,0.8663041440090006,0.8614245416078985
0.8818607764390897,0.8079879992499531,0.7395980253878702
0.8592704149933066,0.7699231201950122,0.8214033850493653
0.8232931726907631,0.8248640540033753,0.9097320169252469
0.8249665327978581,0.9255578473654603,0.843441466854725
0.856425702811245,0.9210575660978811,0.7891396332863188
0.8539156626506024,0.8678042377648603,0.8198166431593794
0.8842034805890228,0.8672417026064129,0.7819111424541608
0.8592704149933066,0.8119257453590849,0.8824047954866009
0.9221887550200804,0.8308644290268141,0.8742947813822285
0.7106760374832664,0.85486592912057,0.8868124118476728
0.8378514056224899,0.8833677104819051,0.8573695345557123
0.8140896921017403,0.8524282767672979,0.8644217207334274
0.7178714859437751,0.8346146634164635,0.830394922425952
0.802376171352075,0.6936058503656478,0.6373413258110014
0.8360107095046854,0.7464841552597037,0.8887517630465445
0.7046519410977242,0.7599849990624414,0.6815937940761636
0.7653949129852744,0.6962310144384024,0.6898801128349789
0.7110107095046854,0.6714794674667167,0.7263751763046544
0.768574297188755,0.8717419838739922,0.8152327221438646
0.8316599732262383,0.6823551471966998,0.8822284908321579
0.856760374832664,0.8578661166322895,0.7424188998589563
0.8714859437751004,0.8558034877179824,0.7808533145275035
0.8048862115127176,0.7717982373898369,0.8482016925246827
0.7341030789825971,0.698856178511157,0.6995768688293371
0.6859103078982597,0.8128633039564973,0.8427362482369535
0.8201137884872824,0.7734858428651791,0.8159379407616361
0.7498326639892905,0.7987999249953122,0.7995416078984485
0.7667336010709505,0.8779298706169135,0.7297249647390691
0.874665327978581,0.849615600975061,0.7776798307475318
0.7570281124497992,0.6697918619913744,0.5636459802538787
0.731760374832664,0.8708044252765798,0.8178772919605077
0.8169344042838019,0.7633602100131258,0.7561706629055007
0.8217871485943775,0.8329270579411213,0.7782087447108603
0.8544176706827309,0.8042377648603037,0.7979548660084627
0.7724230254350736,0.7687980498781174,0.8510225669957687
0.8554216867469879,0.8394899681230077,0.7519393511988717
0.8068942436412316,0.8205512844552785,0.6999294781382228
0.8005354752342704,0.6317269829364335,0.7145627644569816
0.8448561032087331,0.6842510589141317,0.7110105580693816
0.7441283493218657,0.8013092029264536,0.676923076923077
0.7247767118756202,0.7988063149788217,0.7615384615384615
0.8379093615613629,0.7822487485560262,0.677526395173454
0.6855772411511744,0.7379668848671544,0.6903469079939668
0.7510750909692359,0.8323065075086639,0.6304675716440422
0.7643069798213695,0.8667693492491336,0.6582202111613876
0.6822692689381409,0.7285329226030035,0.8251885369532428
0.8230234866027125,0.7460531382364266,0.7933634992458521
0.7729077075752564,0.8209472468232576,0.6917043740573152
0.7371816076744956,0.7907200616095494,0.759577677224736
0.7408203771088323,0.7951482479784366,0.7334841628959275
0.9621237181607675,0.98363496341933,0.663499245852187
0.726430697982137,0.7266076241817482,0.6972850678733031
0.8013562686073437,0.8107431651906045,0.6704374057315233
0.6763149189546808,0.7899499422410473,0.5823529411764706
0.7123718160767449,0.6157104351174432,0.6701357466063348
0.6956665564009262,0.8067000385059684,0.6392156862745098
0.646046973205425,0.7135155949172122,0.7066365007541479
0.7727423089646047,0.8267231420870235,0.7809954751131222
0.8483294740324181,0.8696572968810166,0.6441930618401207
0.8154151505127357,0.6936850211782827,0.6514328808446456
0.7920939464108502,0.777820562187139,0.7413273001508296
0.6344690704598082,0.617058144012322,0.6416289592760182
0.6999669202778697,0.7666538313438583,0.6033182503770739
0.6677141912007939,0.7699268386599923,0.6057315233785822
0.7150181938471717,0.7433577204466693,0.7366515837104073
0.7191531591134634,0.6778975741239892,0.6491704374057315
0.7671187562024478,0.8500192529842125,0.6365007541478129
0.7221303341051936,0.6842510589141317,0.6232277526395174
0.7146873966258683,0.7743550250288794,0.5825037707390649
0.687231227257691,0.676742395071236,0.5944193061840121
0.6802844856103208,0.7113977666538314,0.7079939668174963
0.7401587826662256,0.8979591836734694,0.7610859728506787
0.7497519020840225,0.7610704659222179,0.6650075414781297
0.7730731061859081,0.8024643819792068,0.657315233785822
0.7742308964604697,0.8877551020408163,0.6963800904977375
0.7828316242143566,0.7966884867154409,0.6586726998491704
0.7026132980482964,0.7552945706584521,0.7571644042232277
0.7568640423420443,0.9510974201001156,0.6992458521870286
0.775554085345683,0.7277628032345014,0.7521870286576169
0.7699305325835263,0.8706199460916442,0.6849170437405732
0.7507442937479325,0.8086253369272237,0.7034690799396682
0.8096261991399272,0.8802464381979207,0.6336349924585218
0.8814091961627523,0.8779360800924143,0.6840120663650076
0.7730731061859081,0.6857912976511359,0.6512820512820513
0.7729077075752564,0.777820562187139,0.6524886877828054
0.816242143565994,0.9805544859453216,0.6992458521870286
0.7115448230234867,0.8084328070850982,0.702262443438914
0.6434005954349984,0.7366191759722757,0.585369532428356
0.7722461131326497,0.7477859068155565,0.6812971342383107
0.6844194508766126,0.7780130920292645,0.6671191553544494
0.8099569963612305,0.7360415864458991,0.7310708898944193
0.8503142573602381,0.7668463611859838,0.7297134238310709
0.7618260006615944,0.800731613400077,0.7832579185520362
0.8524644392987099,0.8280708509819021,0.6808446455505279
0.8092954019186239,0.8386599922988063,0.6122171945701358
0.7070790605358915,0.8538698498267231,0.6536953242835596
0.7262652993714853,0.6979206777050443,0.6458521870286577
0.7449553423751241,0.8221024258760108,0.598340874811463
0.809153998678123,0.7073615160349854,0.6890266131972294
0.6885327164573695,0.7297740524781341,0.6930368209989063
0.8195637805684072,0.8283527696793003,0.6445497630331753
0.7458691341705221,0.7432580174927114,0.7530076558512577
0.7787508261731659,0.7806122448979592,0.6795479402114473
0.8174157303370787,0.7549198250728864,0.6686110098432373
0.6920026437541309,0.797740524781341,0.7860007291286912
0.7617316589557172,0.7704081632653061,0.7353262850893183
0.721083939193655,0.9232871720116618,0.7663142544659133
0.7463648380700595,0.8053935860058309,0.7770689026613197
0.7430601454064772,0.874271137026239,0.7393364928909952
0.7853602115003304,0.7503644314868805,0.7398833394094058
0.7191011235955056,0.7789723032069971,0.9786729857819905
0.8559153998678123,0.8259839650145773,0.7138169886985053
0.7237276933245208,0.8739067055393586,0.7761574917973022
0.8116325181758096,0.8053935860058309,0.7271235873131607
0.751321877065433,0.7791545189504373,0.8153481589500546
0.7556179775280899,0.8214285714285714,0.7395187750637987
0.6924983476536682,0.6459548104956269,0.6345242435289828
0.650363516192994,0.7939139941690962,0.7287641268683923
0.7134831460674157,0.7489067055393586,0.6368939117754283
0.5579973562458691,0.7215743440233237,0.6815530441122858
0.6244216787838731,0.6299198250728864,0.5216915785636165
0.7569398545935228,0.755466472303207,0.6223113379511483
0.7694976867151355,0.7033527696793003,0.6910317170980678
0.735624586913417,0.8214285714285714,0.7613926358002188
0.8248512888301388,0.73432944606414,0.6988698505286183
0.797752808988764,0.7848032069970845,0.6961356179365658
0.735624586913417,0.8527696793002916,0.7355085672621218
0.7918043621943159,0.7551020408163265,0.7942034269048487
0.7828816920026438,0.8411078717201166,0.7896463725847612
0.7936219431592861,0.7684037900874635,0.7777980313525337
0.8162590879048248,0.7603862973760933,0.7220196864746627
0.6573033707865169,0.7319606413994169,0.7251184834123223
0.7997356245869134,0.6408527696793003,0.7192854538826102
0.7952742894910774,0.7693148688046647,0.5904119577105359
0.7934567085261071,0.8558673469387755,0.6877506379876048
0.685062789160608,0.6667274052478134,0.7211082756106453
0.8339391936549901,0.8177842565597667,0.6868392271235874
0.6658955717118308,0.7909985422740525,0.6565803864382064
0.67911434236616,0.7720481049562682,0.6020780167699599
0.7161269001982815,0.7079081632653061,0.6591323368574553
0.6288830138797092,0.7232142857142857,0.5667152752460809
0.7708195637805684,0.7680393586005831,0.6412686839227124
0.7037343027098479,0.6762026239067055,0.6890266131972294
0.7660277594183741,0.7942784256559767,0.7632154575282537
0.7038995373430271,0.7332361516034985,0.7951148377688662
0.7541308658294779,0.8145043731778425,0.7302223842508203
0.7956047587574355,0.8008381924198251,0.6779074006562158
0.777594183740912,0.8017492711370262,0.7624863288370397
0.6320224719101124,0.6798469387755102,0.6423623769595334
0.6708526107072043,0.6000364431486881,0.556872037914692
0.6384666226040978,0.6778425655976676,0.5284360189573459
0.628552544613351,0.6592565597667639,0.6008020415603355
0.6566424322538004,0.7844387755102041,0.7790740065621582
0.657468605419696,0.6614431486880467,0.5512212905577835
0.6898545935228024,0.7552842565597667,0.7395187750637987
0.7116655651024455,0.6785714285714286,0.6491068173532628
0.7089675711449371,0.6732068189128337,0.6576508416871572
0.6662806088682991,0.6958829205532325,0.9201815774541328
0.6748841826604898,0.800257317465423,0.8435785889918669
0.7210456651224355,0.7036024445159215,0.7117457915642141
0.8980807412309728,0.8690897394660663,0.6822394552676376
0.7476836532097948,0.7589256995818591,0.6871571779837337
0.7948378557246857,0.7692183981987778,0.6977491961414791
0.6310390469887491,0.6831778706979736,0.7030452052203519
0.6211118464592985,0.5485686715985848,0.6260639303953093
0.7079748510919921,0.7857832100353811,0.8409305844524305
0.8084050297816016,0.6506915406883242,0.8575751844146019
0.8491065519523494,0.8446445802508845,0.7544921505579724
0.7660489741892786,0.7267610164039884,1.029317193115188
0.7126075446724024,0.794789321325185,0.7909967845659164
0.8184976836532097,0.7891605017690576,0.8256099867599773
0.8105559232296492,0.752010292698617,0.8494420276149045
0.7473527465254798,0.7153425538758443,0.7868356345753735
0.6442753143613501,0.8343518816339659,0.8464157367126915
0.7385837193911317,0.7077838533290447,0.6455456780783053
0.7253474520185308,0.7746863943390158,0.8624929071306979
0.7256783587028458,0.7246703119974268,0.7894836391148099
0.7413964262078094,0.8259890640077195,0.782863627766219
0.7036730641958967,0.798005789642972,0.8189899754113864
0.842819324950364,0.6727243486651656,1.001324002269718
0.7339510258107214,0.7483113541331617,0.8700586343862303
0.7820979483785573,0.7626246381473143,0.7410629846794023
0.8610191925876902,0.7212930202637504,0.9769245318706261
0.7119457313037724,0.851238340302348,0.8780026480045394
0.8701191264063534,0.7521711161145063,0.8657083412142992
0.7665453342157511,0.7603731103248633,0.8543597503310005
0.7160820648577101,0.7458990028948215,0.8702477775676187
0.8527465254798147,0.8213251849469283,0.842443729903537
0.8365320979483786,0.8959472499195883,0.8466048798940798
0.784910655195235,0.7203280797684143,0.8583317571401551
0.7127729980145598,0.7307816018012222,0.7206355210894647
0.7167438782263402,0.7089096172402701,0.8494420276149045
0.663633355393779,0.7121260855580572,0.7565727255532438
0.8630046326935804,0.6971695078803474,0.9141289956497068
0.7198874917273329,0.6767449340623994,0.6877246075278987
0.6846459298477829,0.6653264715342554,0.7662190278040477
0.6949040370615487,0.80347378578321,0.7964819368261774
0.7271674387822634,0.7534577034416211,0.8290145640249669
0.7754798146922568,0.8567063364425861,0.793833932286741
0.7382528127068166,0.7023158571888067,0.7495744278418763
0.700860357379219,0.6436153103891926,0.8348780026480045
0.7418927862342819,0.6159536828562239,0.6731605825609986
0.6229318332230311,0.5278224509488582,0.5657272555324381
0.613831899404368,0.6293020263750402,0.7569510119160204
0.7043348775645268,0.6217433258282405,0.740306411953849
0.7030112508272667,0.749758764876166,0.7809721959523359
0.7172402382528127,0.7140559665487295,0.6841308870815207
0.7046657842488419,0.7195239626889676,0.6464913939852468
0.6585043017868961,0.6503698938565455,0.6432759599016455
0.6616479152878888,0.6167577999356706,0.7584641573671269
0.7481800132362674,0.7468639433901576,0.729903536977492
0.7048312375909993,0.7761338050820199,0.7416304142235672
0.7314692256783587,0.7319073657124477,0.7350104028749763
0.7374255459960292,0.7055323255065937,0.7300926801588803
0.7054930509596293,0.7048890318430363,0.7389824096841309
0.71409662475182,0.6342875522676101,0.9039152638547381
0.6908349583407197,0.7639824797843666,0.7893890675241158
0.7243396560893458,0.660377358490566,0.672347266881029
0.6218755539797908,0.5513814016172507,0.6122186495176849
0.7293033150150683,0.8490566037735849,0.7483922829581994
0.7087395851799326,0.6553234501347709,0.8191318327974276
0.7730898776812621,0.7392183288409704,0.792443729903537
0.7535897890444957,0.7191711590296496,0.8085209003215434
0.8012763694380429,0.7183288409703504,0.7109324758842444
0.7050168409856409,0.7430929919137467,0.7292604501607717
0.8755539797908173,0.6954177897574124,0.8799035369774919
0.7381669916681439,0.7341644204851752,0.8337620578778135
0.745789753589789,0.7053571428571429,0.7260450160771704
0.7030668321219642,0.6501010781671159,0.7660771704180064
0.700585002659103,0.7587601078167115,0.6866559485530547
0.803403651834781,0.7164757412398922,0.7059485530546624
0.7291260414820068,0.6954177897574124,0.6773311897106109
0.6544938840631094,0.5333557951482479,0.6265273311897106
0.6422620102818649,0.7532008086253369,0.6951768488745981
0.6892394965431661,0.757243935309973,0.780064308681672
0.7594398156355257,0.6913746630727763,0.6212218649517685
0.6927849672043964,0.7213611859838275,0.8429260450160772
0.7697216805530934,0.609332884097035,0.7172025723472669
0.6481120368728949,0.676044474393531,0.6913183279742765
0.7975536252437511,0.6544811320754716,0.7033762057877814
0.7727353306151391,0.7321428571428571,0.7213826366559486
0.7298351356142528,0.820923180592992,0.7323151125401929
0.7805353660698457,0.7338274932614556,0.7569131832797428
0.7615670980322637,0.7811657681940701,0.8038585209003215
0.7356851622052828,0.7077156334231806,0.8096463022508038
0.7989718135082432,0.9078504043126685,0.7091639871382637
0.6617620989186315,0.7425876010781671,0.7217041800643087
0.579861726644212,0.7540431266846361,0.7561093247588424
0.6591029959227087,0.6421832884097035,0.6064308681672026
0.7803580925367842,0.77088948787062,0.730064308681672
0.7970218046445665,0.6875,0.7604501607717041
0.7610352774330792,0.733322102425876,0.7435691318327974
0.8521538734266974,0.7803234501347709,0.7168810289389067
0.7438397447261124,0.7493261455525606,0.7387459807073955
0.68268037581989,0.7109164420485176,0.6906752411575563
0.5706435029250133,0.7860512129380054,0.7522508038585209
0.7340897004077291,0.6128706199460916,0.7244372990353698
0.7239851090232229,0.7024932614555256,0.8334405144694533
0.7968445311115051,0.7660040431266847,0.7340836012861737
0.8627902854103883,0.8512466307277629,0.7128617363344052
0.7801808190037227,0.6559973045822103,0.7971061093247589
0.8494947704307747,0.8242924528301887,0.7106109324758842
0.7987945399751817,0.7036725067385444,0.7776527331189711
0.7722035100159547,0.7725741239892183,0.7395498392282959
0.707853217514625,0.7473045822102425,0.7906752411575563
0.6926076936713349,0.7407345013477089,0.859967845659164
0.8441765644389293,0.8028975741239892,0.8159163987138264
0.6791349051586598,0.8042452830188679,0.7557877813504823
0.9567452579329906,0.7993598382749326,0.8435691318327975
0.7312533238787449,0.6984501347708895,0.7842443729903537
0.8087218578266265,0.7085579514824798,0.6736334405144695
0.6810849140223365,0.6873315363881402,0.7580385852090032
0.7390533593334515,0.7058625336927223,0.6810289389067524
0.7034213791880872,0.6997978436657682,0.7491961414790996
0.6231164687112214,0.7247304582210242,0.614951768488746
0.6670301708469647,0.653649984061205,0.6992092948200742
0.7709923664122137,0.7250557857825949,0.6722607713409714
0.7949836423118866,0.7019445329933057,0.6887203485557528
0.7388222464558343,0.5408033152693656,0.657737614974988
0.6741185023627771,0.7011475932419509,0.7881232854607068
0.7960741548527808,0.6869620656678355,0.636436985638212
0.7370047255543438,0.6689512272872171,0.7455220267871551
0.742457288258815,0.6189034109021359,0.6440213006293368
0.7297346419483824,0.6817022633088938,0.6930772954655479
0.7786259541984732,0.6542875358622888,0.8003872841697596
0.8665939658306071,0.6907873764743385,0.7986122317250283
0.7193747728098873,0.7017851450430348,0.7237372922381797
0.7059251181388586,0.6393050685368186,0.6998547684363402
0.6799345692475464,0.7655403251514186,0.6696788768759077
0.8353326063249727,0.6034427797258527,0.731482975633371
0.6530352599054889,0.6660822441823399,0.6161045667258351
0.7813522355507089,0.6437679311444054,0.7582701307084073
0.9087604507451835,0.6823398151099777,0.8131353880910118
0.6824790985096328,0.6844118584635002,0.5806035178312087
0.7798982188295165,0.68106471150781,0.8686461190898822
0.7377317339149401,0.6845712464137711,0.671453929320639
0.7130134496546711,0.7229837424290724,0.7195417137324512
0.7313704107597238,0.763946445648709,0.672099402936905
0.7093784078516903,0.787217086388269,0.7886073906729062
0.7597237368229734,0.6858463500159387,0.6806519283524286
0.7904398400581607,0.6396238444373605,0.7080845570437309
0.7430025445292621,0.6780363404526618,0.8178150718089399
0.7642675390766994,0.6837743066624163,0.7850572857834436
0.7515448927662668,0.7218680267771757,0.7774729707923189
0.8184296619411123,0.665444692381256,0.7571405518799419
0.7782624500181752,0.6809053235575391,0.6696788768759077
0.7833515085423483,0.66942939113803,0.7585928675165403
0.638495092693566,0.6501434491552439,0.6719380345328385
0.728098873137041,0.6383487408351929,0.7230918186219139
0.7391857506361323,0.5926043991074275,0.6937227690818137
0.5570701563067976,0.5422378068218042,0.582055833467807
0.683387858960378,0.6452024226968441,0.5859286751654026
0.6474009451108688,0.6142811603442779,0.7169598192673875
0.7511813885859687,0.5913292955052598,0.7243827658544457
0.613958560523446,0.696525342684093,0.74116507987736
0.7484551072337332,0.6938157475294868,0.8047442310795546
0.7033805888767721,0.6818616512591648,0.6745199289979023
0.7379134860050891,0.6424928275422378,0.621752460868162
0.75281715739731,0.720592923175008,0.7282556075520413
0.7397310069065794,0.6931781957284029,0.756172341455543
0.871501272264631,0.6501434491552439,0.7616588671938035
0.8135223555070883,0.6477526299011794,0.7629498144263354
0.747364594692839,0.8312081606630539,0.7421332903017589
0.7406397673573246,0.6978004462862608,0.7949007584314991
0.6613958560523446,0.7180427159706726,0.6407939325480071
0.6424936386768448,0.6010519604717883,0.6879135065354204
0.7171937477280989,0.724577621931782,0.6398257221236082
0.8627771719374773,0.7771756455211986,0.7500403421010167
0.7891675754271175,0.75581766018489,0.785541390995643
0.7382769901853872,0.7983742429072362,0.7184121349039858
0.8175209014903672,0.7849856550844756,0.6838792964337582
0.757542711741185,0.6356391456805865,0.681136033564628
0.6403126135950563,0.6687918393369461,0.7048571889624011
0.618684114867321,0.6871214536181065,0.6185250927868323
0.7422611036339165,0.7887302318440043,0.7178591134816995
0.8078734858681023,0.6995240288653463,0.9073018208570903
0.8716352624495289,0.75894365115922,0.7884862975905831
0.7885262449528937,0.776600644864118,0.7689902519771933
0.8553162853297442,0.7515737755258713,0.7976825455214273
0.6029609690444145,0.7481959158605865,0.7149163141438293
0.7289703903095559,0.6138492246276678,0.7702777266875115
0.7163526244952894,0.7432826654383541,0.8322604377414015
0.8134253028263796,0.7170274834945494,0.7980503954386611
0.6736204576043069,0.7503454629203132,0.9216479676292073
0.7316621803499327,0.7076615998771687,0.9179694684568696
0.8095558546433378,0.8320282511899278,0.8909324995401876
0.7039030955585465,0.615691693536005,0.6363803568144197
0.7028936742934051,0.7098111469368954,0.7092146404267059
0.9327052489905787,0.6353446952249348,0.7822328489976089
0.6726110363391655,0.7948717948717948,0.8033842192385506
0.7829744279946165,0.6737294641486258,0.7765311752804855
0.743943472409152,0.6516198372485797,0.7623689534669855
0.8093876177658142,0.7187164133271917,0.7318374103365827
0.7740578734858681,0.6063258099186243,0.767886702225492
0.7651413189771198,0.7868877629356671,0.6750045981239654
0.9345558546433378,0.7343773990480578,0.8353871620378885
0.8070323014804845,0.7988638108398587,0.8274783888173625
0.8085464333781965,0.7701520036849379,0.9981607504138311
0.8569986541049798,0.7509596192230923,0.926981791429097
0.8585127860026918,0.7893443881467833,0.8758506529336031
0.8825706594885598,0.7821280515891295,0.863343755747655
0.7617765814266487,0.7157991708889913,0.7136288394335111
0.7952557200538358,0.6685091355750038,0.9159462939120838
0.7060901749663526,0.7528020881314295,0.7746919256943168
0.7537012113055181,0.7362198679563949,0.8970020231745448
0.6971736204576043,0.7884231536926147,0.7546441052050763
0.7185397039030955,0.7784431137724551,0.7428729078535957
0.8140982503364738,0.7340703208966682,0.8443994850101159
0.8040040376850606,0.7744510978043913,0.7768990251977194
0.7227456258411844,0.701673575925073,0.8052234688247195
0.7735531628532974,0.7151850145862122,0.672429648703329
0.7690107671601615,0.7064332872716106,0.8381460364171418
0.845222072678331,0.7073545217257792,0.7561155048740114
0.7230820995962315,0.6880085981882389,0.8263748390656612
0.7875168236877523,0.689236910793797,0.8028324443627001
0.7814602960969045,0.7340703208966682,0.7989700202317455
0.8026581426648721,0.6387225548902196,0.7936361964318558
0.8379878869448183,0.8350990327038231,0.7717491263564465
0.7429340511440108,0.7687701520036849,0.7956593709766415
0.8082099596231493,0.7944111776447106,0.7824167739562259
0.7720390309555855,0.7848917549516352,0.8002574949420637
0.7727119784656796,0.7465069860279441,0.7800257494942063
0.806864064602961,0.7128819284507907,0.8337318374103366
0.7792732166890982,0.6786427145708582,0.8399852860033107
0.6783310901749664,0.6061722708429296,0.6985469928269266
0.6971736204576043,0.6445570397666206,0.6315983078903807
0.7108008075370121,0.680178105327806,0.6584513518484458
0.778263795423957,0.6586826347305389,0.8317086628655509
0.710464333781965,0.6425610317825887,0.7673349273496414
0.6944818304172274,0.6292031321971442,0.8723560787198823
0.6902759084791387,0.6095501305082144,0.672613573661946
0.7677784770295784,0.7739285714285714,0.7018882319282853
0.6426998112020138,0.7775,0.7674995231737555
0.6235053492762744,0.6210714285714286,0.6431432386038528
0.6571743234738829,0.7330357142857142,0.878123211901583
0.697136563876652,0.7626785714285714,0.6414266641235934
0.6787287602265576,0.6275,0.5313751668891856
0.6659848961611076,0.83375,0.7158115582681671
0.7808370044052864,0.7241071428571428,0.9982834255197406
0.8357457520453115,0.7553571428571428,0.8191874880793439
0.723410950283197,0.7716071428571428,0.7598703032614915
0.7466960352422908,0.7866071428571428,0.729162693114629
0.7350534927627439,0.8782142857142857,0.8945260347129506
0.7718691000629326,0.7208928571428571,0.8109860766736601
0.7481120201384519,0.8853571428571428,0.8737364104520313
0.7517306482064191,0.7621428571428571,0.8132748426473393
0.7405601006922593,0.7891071428571429,0.7184817852374594
0.8359030837004405,0.7005357142857143,0.8535189776845318
0.7646318439269981,0.7889285714285714,0.8901392332633988
0.8141913152926369,0.9167857142857143,0.7779897005531184
0.7805223410950283,0.8032142857142858,0.8502765592218196
0.8215859030837004,0.9103571428571429,0.8151821476254053
0.7723410950283197,0.7996428571428571,0.9237078008773603
0.7918502202643172,0.9205357142857142,0.8420751478161358
0.7048458149779736,0.9542857142857143,0.9351516307457562
0.7989301447451227,0.88,0.8525653251954988
0.7707677784770296,0.835,0.9006294106427618
0.7726557583385777,0.8092857142857143,0.8649628075529278
0.7297042164883575,0.8853571428571428,0.8491321762349799
0.7909062303335431,0.7544642857142857,0.741560175472058
0.7039018250471994,0.7185714285714285,0.7402250619874118
0.7004405286343612,0.8230357142857143,0.8497043677283997
0.7279735682819384,0.7278571428571429,0.730116345603662
0.6382945248584015,0.7121428571428572,0.7264924661453367
0.7320641913152927,0.79375,0.7806599275224109
0.6883259911894273,0.8607142857142858,0.895288956704177
0.7142857142857143,0.7235714285714285,0.879076864390616
0.6329452485840151,0.7319642857142857,0.7449933244325768
0.6005349276274387,0.6567857142857143,0.7747472820904062
0.7341095028319697,0.8444642857142857,0.7989700553118444
0.7721837633731907,0.8232142857142857,0.7461377074194163
0.7023285084959093,0.7758928571428572,0.8230020980354759
0.7625865324103209,0.7501785714285715,0.7182910547396528
0.7910635619886721,0.7246428571428571,0.7160022887659737
0.6812460667086218,0.7808928571428572,0.8498950982262063
0.6903713027061045,0.7716071428571428,0.7665458706847225
0.6960352422907489,0.6289285714285714,0.8212855235552164
0.7816236626809314,0.7926785714285715,0.7610146862483311
0.829137822529893,0.7183928571428572,0.9834064466908259
0.7004405286343612,0.8375,0.8695403395002861
0.7852336448598131,0.8818988173455979,0.72782874617737
0.7360747663551402,0.7633048620236531,0.8753372908796546
0.8392523364485981,0.7547634691195795,0.7663248785752833
0.8327102803738318,0.808311432325887,0.7803561791689153
0.794392523364486,0.8667871222076216,0.8460154704083468
0.8218691588785046,0.8551248357424441,0.8622054326317683
0.8190654205607477,0.8653088042049935,0.8720992984349704
0.8616822429906542,0.7422798948751642,0.729267853930563
0.7506542056074766,0.7291392904073587,0.7638064400071956
0.7538317757009346,0.7977989487516426,0.7922288181327577
0.871588785046729,0.7687253613666228,0.8859507105594532
0.794392523364486,0.798784494086728,0.7013851412124483
0.7727102803738318,0.7705321944809461,0.8398992624572765
0.914018691588785,0.7959921156373193,0.8041014570966001
0.7510280373831776,0.8106110381077529,0.8327037236913114
0.8323364485981308,0.867772667542707,0.72782874617737
0.765233644859813,0.8007555847568988,0.9177909695988488
0.5846728971962617,0.6199080157687253,0.6583917970858068
0.7239252336448598,0.8566031537450722,0.7826947292678539
0.8465420560747664,0.7895860709592641,0.7116387839539485
0.9022429906542057,0.769053876478318,0.9399172513041913
0.7966355140186916,0.7780880420499343,0.8697607483360317
0.7721495327102804,0.859395532194481,0.7893506026263717
0.8158878504672897,0.7432654402102497,0.7717215326497572
0.7699065420560748,0.8125821287779238,0.6774599748156144
0.8016822429906542,0.7529566360052562,0.8796546141392336
0.7532710280373832,0.7585413929040736,0.7346645080050369
0.7895327102803739,0.6747700394218134,0.6569526893326137
0.7545794392523365,0.8735216819973719,0.8593272171253823
0.7700934579439253,0.8104467805519053,0.7846735024284943
0.7622429906542056,0.8615308804204993,0.7706422018348624
0.7528971962616823,0.6800262812089356,0.6711638783953948
0.760373831775701,0.7977989487516426,0.8456556934700485
0.7977570093457944,0.8597240473061761,0.8386400431732326
0.8454205607476636,0.7890932982917214,0.8325238352221622
0.7557009345794392,0.8648160315374507,0.716495772620975
0.7485981308411215,0.7752956636005256,0.7217125382262997
0.7822429906542057,0.7992772667542707,0.6878935060262638
0.722803738317757,0.8065045992115637,0.7886310487497752
0.708411214953271,0.8028909329829172,0.6094621334772441
0.6816822429906542,0.7516425755584757,0.6898722791869041
0.8725233644859813,1.0676741130091985,0.8165137614678899
0.8549532710280374,0.9467805519053877,0.8285662889008815
0.8538317757009346,0.7959921156373193,0.8692210829285842
0.8302803738317757,0.8777923784494087,0.8595071055945314
0.9422429906542056,0.7848226018396847,0.9273250584637525
0.9074766355140187,0.91080814717477,0.7862924986508365
0.8770093457943925,0.859395532194481,0.8661629789530491
0.7932710280373831,0.8958607095926413,0.8917071415722252
0.88,0.8805847568988173,0.8436769203094082
0.697196261682243,0.6189224704336399,0.5518978233495233
0.8977570093457944,0.8234231274638634,0.9257060622414103
0.9177570093457944,0.8620236530880421,0.7665047670444325
0.8478504672897196,0.8249014454664915,0.7697427594891167
0.8299065420560747,0.8354139290407359,0.9391976974275948
0.908411214953271,0.8230946123521682,0.8411584817413204
0.7142056074766355,0.8037122207621551,0.6702644360496492
0.6970093457943926,0.7915571616294349,0.7578701205252744
0.7661682242990654,0.7509855453350854,0.7001259219284044
0.8261682242990654,0.8772996057818659,0.7352041734124842
0.843177570093458,0.8247371879106439,0.7303471847454578
0.7102803738317757,0.7348883048620236,0.7438388199316424
0.7102803738317757,0.6438896189224704,0.7075013491635186
0.6394145476049675,0.6577049180327869,0.6759274128793962
0.6413364872856298,0.6147540983606558,0.7700337241047053
0.7284151389710231,0.6395081967213114,0.6874899630640758
0.7158486102897693,0.5232786885245901,0.6728761843584391
0.59387936132466,0.7095081967213115,0.7236229323911996
0.6927853341218214,0.5965573770491803,0.7236229323911996
0.6460674157303371,0.6604918032786885,0.6690220009635458
0.5921052631578947,0.669016393442623,0.5770033724104705
0.6586339444115907,0.5914754098360656,0.6409185803757829
0.7599053814311059,0.7819672131147541,0.7380761201220492
0.7256061502069782,0.7959016393442623,0.8562710775654409
0.7263453577764636,0.6065573770491803,0.7976553717681066
0.8153459491425192,0.7218032786885246,0.7909105508270435
0.7502956830277943,0.73,0.7417697125421552
0.6803666469544648,0.7272131147540983,0.7277982977356673
0.6927853341218214,0.5845901639344262,0.7986189176168299
0.7566528681253696,0.6511475409836066,0.6035008832503613
0.7823772915434654,0.6463934426229508,0.7790268186927894
0.7489651094027203,0.6744262295081968,0.7263529789625823
0.6933767001774098,0.7322950819672132,0.6979283764252449
0.739946777054997,0.6427868852459017,0.7181628392484343
0.7452690715552928,0.7201639344262295,0.7043520154167335
0.7380248373743347,0.7006557377049181,0.7337401638027943
0.5904790065050266,0.5613114754098361,0.6352978962582303
0.7105263157894737,0.6111475409836066,0.6910229645093946
0.65612063867534,0.6465573770491804,0.6915047374337562
0.6944115907746895,0.6473770491803279,0.7605588565922595
0.810615020697812,0.6552459016393443,0.6658101814678015
0.7349201655824955,0.6240983606557376,0.7713184519030031
0.7565050266114725,0.6957377049180328,0.6756062309298217
0.7674452986398581,0.6708196721311476,0.7459450778866228
0.7368421052631579,0.6936065573770491,0.7075638349124779
0.6713483146067416,0.7488524590163934,0.729083025533965
0.6981076286221171,0.6911475409836065,0.7130239280552433
0.7235363690124187,0.719672131147541,0.645415127669825
0.765966883500887,0.6642622950819672,0.7196081580215192
0.7149615612063868,0.6001639344262295,0.7738879074995986
0.6160555884092254,0.6937704918032787,0.7417697125421552
0.7653755174452986,0.698688524590164,0.6651678175686526
0.6232998225901834,0.5937704918032787,0.6674160912156737
0.7007687758722649,0.7636065573770492,0.7239441143407741
0.726788882318155,0.7039344262295082,0.725389433113859
0.7402424600827913,0.6752459016393443,0.7210534767946042
0.7813424009461857,0.6377049180327868,0.6372249879556768
0.7618273211117682,0.6437704918032787,0.7229805684920507
0.6609994086339445,0.6619672131147541,0.7454633049622611
0.7086043761088113,0.6701639344262295,0.6092821583427012
0.6673565937315198,0.6485245901639344,0.7128633370804561
0.6824364281490243,0.7113114754098361,0.6524811305604625
0.70816085156712,0.5708196721311476,0.6375461699052514
0.637344766410408,0.6975409836065574,0.7061185161393929
0.7068302779420461,0.6321311475409837,0.7573470370965152
0.783264340626848,0.6759016393442623,0.7348643006263048
0.6815493790656416,0.6577049180327869,0.8069696483057652
0.6904198698994678,0.68,0.7857716396338525
0.7306327616794795,0.6265573770491804,0.7876987313312992
0.6428149024246008,0.5980327868852459,0.5864782399229164
0.735659373151981,0.6895081967213115,0.692789465232054
0.7131874630396215,0.7131147540983607,0.716556929500562
0.6837670017740982,0.5778688524590164,0.6574594507788663
0.7191011235955056,0.5795081967213115,0.7748514533483218
0.6481371969248965,0.6316393442622951,0.5998072908302553
0.7586087558401108,0.7667720992175795,0.7821962787303903
0.6907769510295899,0.7865823206259364,0.7661437431594309
0.9557016784910884,0.7779257532878309,0.9275811747537395
0.742169925592663,0.8092225736640586,0.7852973367384166
0.9529330333967815,0.7937406359247544,0.9055089383436702
0.8852742689046548,0.8068919593807224,0.8429405326523167
0.9340716386918152,0.9630431163642417,0.8148485954031376
0.816577262502163,0.780256367571167,0.8931047063115651
0.7975428274788026,0.8063925420342933,0.897117840204305
0.9733517909672954,0.9542200765773264,0.8515140459686246
0.8456480359923862,0.9012818378558348,0.8759576796789493
0.8489358020418758,0.9284168470118196,0.8619117110543597
0.9373594047413047,0.8298651573164642,0.9518423932871215
0.8105208513583665,0.9069419011153654,0.8071871579715433
0.8222875930091711,0.8638255368736474,0.7960598321780372
0.8200380688700467,0.8584984185117364,0.8161255016417366
0.7395743208167503,0.8400199766938572,0.8070047427946005
0.9390898079252465,0.8005660063259531,0.7869390733309012
0.8359577781623119,0.9011153654070252,0.755563662896753
0.8113860529503374,0.7975695022473781,0.9533017147026632
0.9155563246236373,0.8243715665057433,0.9233856256840569
0.9039626232912269,0.8232062593640752,0.9365195184239329
0.8042913998961758,0.8781421674712835,0.7836556001459322
0.790448174424641,0.8390211420009989,0.9257570229843123
0.6610140162657899,0.8273680705843183,0.8248814301349873
0.7658764492126665,0.7416347594473115,0.7606712878511492
0.8513583664993943,0.8769768603296154,0.7382342210871945
0.8579338985983734,0.8536707174962543,0.8097409704487414
0.8517044471361828,0.7637755951390045,0.8644655235315578
0.7205398857933899,0.8686532378891294,0.739146296971908
0.7875064890119398,0.8584984185117364,0.743159430864648
0.81934590759647,0.7987348093890461,0.8431229478292593
0.7781623118186537,0.837689362410521,0.8431229478292593
0.7561861913825921,0.7043449309139338,0.8106530463334549
0.7063505796850666,0.7346429165973032,0.7858445822692448
0.7454576916421526,0.9214250041618112,0.8358263407515505
0.8061948433985119,0.7519560512735143,0.8314483765049252
0.9243813808617408,0.942567005160646,0.808646479387085
0.7952933033396782,0.8456800399533877,0.9979934330536301
0.843571552171656,0.8336940236390877,0.817767238234221
0.7416508046374806,0.7567837522889962,0.7256475738781467
0.7451116110053643,0.7318128849675378,0.7980663991244071
0.9934244679010209,0.8258698185450308,0.9863188617292958
0.8210763107804119,0.8298651573164642,0.7334914264866836
0.8205571898252293,0.7456300982187448,0.7989784750091208
0.8596643017823152,0.839520559347428,0.7721634439985406
0.7736632635404049,0.8295322124188447,0.8562568405691353
0.8299013670185154,0.792242383885467,0.7925939438161255
0.8127703754974909,0.8959547194939238,0.7851149215614739
0.8013497144834747,0.8829698684867654,0.6950018241517695
0.8681432773836304,0.7745963043116364,0.914812112367749
0.7797196746842014,0.77842517063426,0.7632251003283473
0.7800657553209898,0.8058931246878641,0.7980663991244071
0.8210763107804119,0.7729315798235392,0.8102882159795695
0.8082713272192421,0.8243715665057433,0.9328712148850784
0.9809655649766396,0.8217080073247878,0.897117840204305
0.8563765357328258,0.827534543033128,0.8805180591025173
0.9276691469112304,0.855668386881971,0.7681503101058008
0.7973697871604084,0.8320292991509906,0.9000364830353885
0.9238622599065582,0.8871316797070085,0.8520612914994528
0.8210763107804119,0.9330780755784918,0.8799708135716892
0.8487627617234815,0.9327451306808723,0.8153958409339657
0.9736978716040837,0.8336940236390877,0.8122947829259395
0.9200553729018861,0.7967371400033294,0.8690259029551258
0.8447828344004154,0.7512901614782753,0.8836191171105436
0.775566707042741,0.8390211420009989,0.804086099963517
0.6675913838120104,0.775,0.5978128797083839
0.5856723237597912,0.6637658227848101,0.6872070821038014
0.8204960835509139,0.7408227848101265,0.6353063704218018
0.9087793733681462,0.8854430379746835,0.6889428918590522
0.6617167101827677,0.7281645569620253,0.74726609963548
0.7849216710182768,0.8011075949367089,0.7396285367123763
0.7348237597911227,0.7386075949367089,0.6538795348029856
0.6444190600522193,0.700632911392405,0.7111612567262628
0.6540469973890339,0.725,0.5716021524040965
0.7033289817232375,0.6822784810126582,0.6255858357923971
0.6574738903394256,0.6927215189873418,0.6354799513973268
0.7039817232375979,0.734493670886076,0.7892726957125499
0.7046344647519582,0.6963607594936709,0.7963895157090782
0.7715404699738904,0.7545886075949367,0.6452004860267315
0.5912206266318538,0.6713607594936709,0.6328762367644506
0.735313315926893,0.6278481012658228,0.5787189724006249
0.6881527415143603,0.6693037974683544,0.6287102933518487
0.6852154046997389,0.6490506329113924,0.6995313313660823
0.6453981723237598,0.6699367088607595,0.6767922235722965
0.8173955613577023,0.6887658227848101,0.6762714806457212
0.7108355091383812,0.7113924050632912,0.6184690157958688
0.7408616187989556,0.789873417721519,0.7417115084186773
0.695822454308094,0.9476265822784811,0.8342301683735462
0.7336814621409922,0.7721518987341772,0.7892726957125499
0.6310378590078329,0.6185126582278481,0.5370595382746051
0.9007832898172323,0.7556962025316456,0.6944974830758549
0.6786879895561357,0.7018987341772152,0.7095990279465371
0.7039817232375979,0.707120253164557,0.644159000173581
0.6985966057441253,0.7393987341772152,0.7573337962159348
0.7212793733681462,0.6732594936708861,0.70525950355841
0.6535574412532638,0.607753164556962,0.6879014060059018
0.6736292428198434,0.7579113924050633,0.6493664294393334
0.7051240208877284,0.6623417721518987,0.5775039055719493
0.6643276762402088,0.7599683544303798,0.7043915986807846
0.7012075718015666,0.6686708860759494,0.5835792397153272
0.7734986945169713,0.7393987341772152,0.8449921888561014
0.7196475195822454,0.7645569620253164,0.7500433952438813
0.6821148825065274,0.638132911392405,0.6787016143030724
0.7522845953002611,0.7401898734177215,0.6743620899149453
0.633322454308094,0.700632911392405,0.6708904704044437
0.8779373368146214,0.8919303797468354,0.6858184342996008
0.7676240208877284,0.792879746835443,0.6913730255164034
0.7216057441253264,0.6319620253164557,0.7321645547647978
0.7452676240208878,0.7981012658227848,0.7021350459989585
0.7987924281984334,0.6917721518987342,0.7302551640340219
0.6966383812010444,0.714873417721519,0.8113174796042354
0.6816253263707572,0.7335443037974684,0.66325290748134
0.659147044294418,0.7776454576386526,0.7214725970348159
0.7882430429771118,0.7194624021776115,0.8414126270198234
0.863823480981393,0.8445049336509016,0.6771614192903548
0.7569570228881937,0.7526369513439946,0.8224221222721972
0.7080520335913058,0.7551888397414086,0.7657837747792771
0.746418574016137,0.7585913576046274,0.7041479260369815
0.7709534002963939,0.69564477713508,0.7084790937864401
0.8590482463362424,0.8525008506294658,0.6959853406630019
0.643339370986333,0.6076896903708745,0.6560053306679994
0.7208957681541248,0.7329023477373257,0.6353489921705814
0.8443932158735387,0.7215039128955427,0.8555722138930535
0.6794006257204018,0.7327322218441646,0.8030984507746127
0.7963115428947801,0.7281388227288194,0.8017657837747793
0.828091552774576,0.6777815583531813,0.7879393636515076
0.8473571546188046,0.7170806396733583,0.7679493586540064
0.7260003293265272,0.7786662129976183,0.7176411794102948
0.800757451012679,0.773732562095951,0.7966016991504248
0.6901037378560843,0.6488601565158217,0.6966516741629185
0.6686975135847193,0.7371554950663491,0.789272030651341
0.7304462374444262,0.6682545083361687,0.6621689155422289
0.6904330643833361,0.7305205852330725,0.8187572880226553
0.7090400131730611,0.7313712146988771,0.7079793436615026
0.7413140128437345,0.6694453895882954,0.8069298683991337
0.8224930018112959,0.7488941816944539,0.6953190071630851
0.7755639716779187,0.801463082681184,0.7521239380309845
0.7353861353532027,0.8645797890438924,0.8654006330168249
0.8427465832372798,0.7466825450833617,0.7318007662835249
0.815247818211757,0.715209254848588,0.8320839580209896
0.755145726988309,0.8548826131337189,0.9816758287522905
0.8325374608924749,0.8650901667233752,0.8027652840246543
0.7770459410505516,0.7936372915957809,0.8577377977677828
0.828091552774576,0.8443348077577407,0.8159253706480093
0.7546517371974313,0.7579108540319837,0.7056471764117941
0.7534990943520501,0.7412385165022116,0.8009328668998834
0.8226576650749218,0.7281388227288194,0.8250874562718641
0.7732586859871563,0.7374957468526709,0.7872730301515909
0.6810472583566606,0.6332085743450153,0.6006996501749126
0.8458751852461716,0.8303844845185437,0.7481259370314842
0.8341840935287338,0.804525348758081,0.7851074462768616
0.8412646138646468,0.7026199387546784,0.7757787772780277
0.7500411658159065,0.8307247363048657,0.7907712810261536
0.6943849827103573,0.7728819326301463,0.7144760952856904
0.8223283385476701,0.6682545083361687,0.8169248708978843
0.7698007574510127,0.8104797550187138,0.7787772780276528
0.6998188704100116,0.661959850289214,0.8290854572713643
0.6596410340852956,0.7300102075535897,0.6711644177911045
0.7701300839782644,0.7078938414426675,0.8027652840246543
0.8318788078379713,0.8157536577067029,0.6671664167916042
0.7190844722542401,0.7386866281047976,0.6996501749125438
0.6795652889840277,0.6810139503232392,0.6786606696651675
0.6565124320764038,0.7259271861177271,0.7304680992836915
0.7250123497447719,0.6932630146308268,0.6200233216724971
0.6836818705746748,0.5940796189179993,0.7001499250374813
0.6558537790219002,0.7386866281047976,0.6679993336665001
0.7179318294088589,0.7174208914596801,0.757288022655339
0.836654042483122,0.6970057842803675,0.9115442278860569
0.7571216861518195,0.7058523307247363,0.672663668165917
0.6919368246051538,0.6009615384615384,0.7008560814084962
0.6034912718204489,0.5566976127320955,0.5656598287837183
0.684455527847049,0.7836538461538461,0.8434824745598449
0.744970906068163,0.7390583554376657,0.6449685026651591
0.7454696591853699,0.6410809018567639,0.8182846066871264
0.7571072319201995,0.7199933687002652,0.7493135196252625
0.744139650872818,0.6760610079575596,0.7058633500242287
0.829592684954281,0.7151856763925729,0.7131319657567436
0.7358270989193683,0.8033819628647215,0.6966564367630431
0.6435577722360765,0.7412135278514589,0.7338071393958973
0.6545303408146301,0.656498673740053,0.6880956226780811
0.7291770573566084,0.7181697612732095,0.6893878210305282
0.8098088113050707,0.6654509283819628,0.7363915361007914
0.7634247714048212,0.70407824933687,0.6150864157648199
0.7454696591853699,0.6805371352785146,0.7693425940881925
0.7650872817955112,0.6853448275862069,0.6662897754805363
0.7576059850374065,0.6740716180371353,0.7559360361815539
0.6864505403158769,0.6714190981432361,0.656759812631239
0.7471321695760599,0.5913461538461539,0.7533516394766596
0.7022443890274315,0.707393899204244,0.6504603456630593
0.8985868661679135,0.6535145888594165,0.8468744952350186
0.7215295095594347,0.6755636604774535,0.6745275399773866
0.7502909393183708,0.6654509283819628,0.683895978032628
0.7102244389027431,0.6909814323607427,0.6464222258116621
0.802161263507897,0.7639257294429708,0.8294298174769827
0.6989193682460515,0.7662466843501327,0.7541592634469391
0.8026600166251039,0.7370689655172413,0.6900339202067517
0.8088113050706567,0.7461870026525199,0.662413180423195
0.713549459684123,0.679210875331565,0.7530285898885479
0.7052369077306733,0.7949270557029178,0.6921337425294782
0.6,0.7398872679045093,0.7976094330479728
0.856691604322527,0.7211538461538461,0.718300759166532
0.8798004987531172,0.6737400530503979,0.8896785656598288
0.7110556940980881,0.8007294429708223,0.7336456146018414
0.7201995012468828,0.7392241379310345,0.6803424325633984
0.8655029093931838,0.7337533156498673,0.7856565982878372
0.8370739817123857,0.6933023872679045,0.8255532224196415
0.8184538653366583,0.7291114058355438,0.6966564367630431
0.7810473815461346,0.7619363395225465,0.7095784202875142
0.7956774729842061,0.7201591511936339,0.7825876272007753
0.7218620116375727,0.7410477453580901,0.8098853173962203
0.7975062344139651,0.7017572944297082,0.8053626231626555
0.886783042394015,0.7098806366047745,0.7113551930221289
0.744139650872818,0.8095159151193634,0.7552899370053303
0.9015793848711554,0.7057360742705571,0.7761266354385398
0.7812136325852037,0.6631299734748011,0.6973025359392667
0.8698254364089776,0.6359416445623343,0.7896947181392344
0.7310058187863674,0.6518567639257294,0.676788887094169
0.6408977556109726,0.7208222811671088,0.765789048618963
0.7310058187863674,0.6513594164456233,0.6761427879179454
0.7230257689110557,0.789290450928382,0.8287837183007591
0.6601828761429759,0.7314323607427056,0.6104021967371992
0.6392352452202826,0.5750994694960212,0.6430302051364885
0.8550290939318371,0.7130305039787799,0.9384590534647068
0.8709891936824605,0.7650862068965517,0.6981101599095462
0.9054031587697423,0.7508289124668435,0.8184461314811824
0.7295095594347465,0.7617705570291777,0.8187691810692941
0.7803823773898587,0.7889588859416445,0.7632046519140688
0.8081463009143807,0.7438660477453581,0.8625424002584396
0.8182876142975893,0.6923076923076923,0.7207236310773704
0.8475477971737323,0.7306034482758621,0.6989177838798255
0.9060681629260183,0.7493368700265252,0.695364238410596
0.7938487115544473,0.7808355437665783,0.6871264739137457
0.771404821280133,0.7932692307692307,0.7100629946696818
0.6932668329177057,0.8690318302387268,0.7368761104829591
0.7875311720698255,0.7193302387267905,0.7273461476336618
0.7265170407315046,0.6647877984084881,0.7346147633661767
