0.7088737201365187,0.7240996350943995,0.687965367965368
0.702901023890785,0.6511185149928606,0.7544588744588745
0.7718430034129693,0.8137394891321593,0.8081385281385282
0.8476109215017065,0.7544026653974298,0.7357575757575757
0.7860068259385665,0.8310328415040457,0.7716017316017316
0.8090443686006826,0.7344121846739647,0.8131601731601732
0.7745733788395904,0.7010947168015231,0.8348051948051948
0.7242320819112628,0.714104394732667,0.7321212121212122
0.6474402730375427,0.6680945581469142,0.636017316017316
0.7469283276450512,0.7090274472473426,0.7333333333333333
0.6808873720136519,0.8323020783753768,0.7196536796536797
0.8643344709897611,0.6925273679200381,0.876017316017316
0.6931740614334471,0.7799460574329684,0.8287445887445888
0.7812286689419795,0.7766143106457243,0.7316017316017316
0.5651877133105802,0.5576709503411074,0.6065800865800866
0.7414675767918089,0.7645565603680787,0.7703896103896104
0.7646757679180888,0.7456766619070284,0.7956709956709956
0.6723549488054608,0.7049024274155165,0.695064935064935
0.7604095563139932,0.6772965254640647,0.7440692640692641
0.8402730375426621,0.7881960970966206,0.729004329004329
0.6742320819112628,0.7206092336982389,0.8076190476190476
0.6679180887372014,0.6078058067586863,0.6751515151515152
