1.0,0.0,0.9855466202999348
0.9920323462956356,0.9649854105877449,0.0
0.0,1.0,1.0
0.7978356522773219,0.7047728220091705,0.7467941751793088
0.6931858722797003,0.6252605252188412,0.7397304933710063
0.7905815198002141,0.7545852438516049,0.7315800912845034
0.7515756927101914,0.6629845769070446,0.7261464898935014
0.8000951361636341,0.7860566902876198,0.7480982395131494
0.8771554287073374,0.7160275114631096,0.7774396870245599
0.7382566298014033,0.7182159233013756,0.7315800912845034
0.8119871566179094,0.7518757815756565,0.7314714192566834
0.7299322154834106,0.8119007919966653,0.8253640512931971
0.8704958972529433,0.8112755314714465,0.764073027602695
0.7619217505054109,0.6513130471029596,0.7765703108019996
0.7103103817338566,0.6943518132555231,0.7701586611606173
0.9301938399334047,0.8350354314297624,0.7208215605303195
0.7427755975740278,0.7892872030012505,0.7239730493371006
1.0,0.0,0.926817142288953
0.8767055321260233,0.7491781722550953,0.8367306353783435
0.9644008930786405,0.8808897655051501,0.0
0.9637806995782684,0.7346044269121192,0.732226310032813
0.7806995782684197,0.6649134341442033,0.6963309137913891
0.7429918134457951,0.7704361165899627,0.7239733518942031
0.7571322252542794,0.6996493534955074,0.7226807198965894
0.7123542545274125,0.6502301117685733,0.6566570547877101
0.7360456462416274,0.8078018847249616,0.8385204335288854
0.829694864797817,0.6651325882095113,0.6437307348115741
0.8079880922847928,0.7455621301775148,0.7476384607735905
0.6285040932771024,0.6305062458908612,0.6688873421497464
0.9113123294467874,0.7615603769449923,0.7617579795167545
0.8406102704043662,0.655928117466579,0.8137615591130556
0.9058546266435128,0.7875301336839798,0.7736899671870339
0.7310840982386505,0.7823800131492439,0.684896092274038
0.8467134972403412,0.7490080489740393,0.787987987987988
1.0,0.0,0.9554354354354354
0.9529603612644255,0.8926425575331595,0.0
0.734194681384847,0.6503797755356535,0.782942942942943
0.8575012543903663,0.6594490420587235,0.7809009009009009
0.8419468138484696,0.8145334996032196,0.8064864864864865
0.7814851981936779,0.7408457091032763,0.7483483483483484
0.8671600602107375,0.94490420587235,0.9125525525525525
0.8931259407927747,0.8339190567962816,0.9256456456456457
0.9160812844957351,0.7615916562747987,0.8962162162162162
0.7526342197691922,0.7207799569209841,0.8224624624624625
0.7044656297039639,0.7313229792540529,0.7268468468468469
0.7791018564977421,0.7494615123001928,0.7466666666666667
0.8365529352734571,0.7470808298378868,0.7782582582582582
0.8718013045659809,0.7624985829271058,0.7571171171171172
0.0,0.8765278640977833,0.8369664983937586
0.7826279146867057,0.7663144810441268,0.7491968793024323
0.9464029174494419,0.0,1.0
0.7838435186208421,0.6631448104412678,0.7363469481413493
1.0,1.0,0.0
0.7170958116918996,0.6976382846488502,0.6891922900413033
0.852469886175268,0.7697327532628963,0.7491968793024323
0.8244004862415737,0.6993992127615496,0.7626204681046351
0.7565476848270527,0.741350735446447,0.7061725562184489
0.6882528456183004,0.7261238864719287,0.6349242771913722
0.790584594982871,0.686554795939507,0.7318724185406149
0.7870482926290198,0.6856225398798426,0.8116108306562644
0.9370096143220246,0.7299564947172157,0.7457549334557136
0.7014034699966847,0.705821421172571,0.7972693896282699
0.794341916233838,0.7566811684275948,0.7238412115649381
0.7658304785059122,0.7146260617360679,0.7427719137218908
0.7961100674107636,0.7505697120364616,0.7481642955484167
0.6945518841860979,0.627408328154133,0.6882744378155117
0.703506341255462,0.7948550960599153,0.8180346820809249
0.8561227752318022,0.0,0.8641618497109826
0.0,0.9699337892108977,1.0
0.7672386230416711,0.7946380115054814,0.8375722543352602
0.8131727592454439,0.8700748941712797,0.7574566473988439
0.7582862623894276,0.8896125040703354,0.8039306358381503
0.6988170094852393,0.8078801693259524,0.812485549132948
0.8030480656506448,0.8313253012048193,0.8108670520231214
0.7142704891825642,0.7487246282427006,0.7516763005780347
0.7483747202387296,0.7724953869532183,0.7143352601156069
0.7091548545241394,0.8494518615000543,0.8537572254335261
0.7531706277310029,0.8349071963529795,0.7546820809248554
0.7557284450602153,0.8451101704113753,0.7952601156069364
0.7276990301609293,0.755888418539021,0.7697109826589595
0.760630928274539,0.8318680125909041,0.8572254335260115
0.7639347756581051,0.7998480408118962,0.7855491329479769
0.0,1.0,0.9334322904772779
0.7993883792048929,0.8377958403060005,0.783055492121489
0.959388379204893,0.0,1.0
0.7763914373088685,0.780301219220655,0.8040648549897237
1.0,0.9882859191967488,0.0
0.8089296636085627,0.8596700932345207,0.808632107787166
0.828256880733945,0.7226870666985418,0.7233386617949303
0.7345565749235474,0.797752808988764,0.7530258049783055
0.7979204892966361,0.8429356920870189,0.904316053893583
0.7788379204892967,0.8596700932345207,0.7486869148207353
0.6771865443425077,0.6546736791776238,0.6765243206211464
0.8811009174311927,0.8468802295003586,0.7158026946791505
0.6976146788990826,0.7316519244561319,0.7269924640328842
0.6316819571865443,0.5913220176906526,0.5614295501255995
0.7110703363914374,0.830863016973464,0.6378168531628226
0.7006727828746178,0.7432464738226153,0.7852249372002741
0.8508868501529052,0.8350466172603395,0.8345512674126513
0.7683180428134556,0.7384652163519005,0.7064398264443937
0.9595861229458308,0.962929061784897,0.0
0.8060864272671941,0.7720823798627002,0.7983790385255912
1.0,0.0,0.9968913067614078
0.808399269628728,0.7829519450800916,0.8306872432552459
0.8086427267194157,0.8703661327231121,0.7813922504718552
0.8720632988435788,0.7754004576659039,0.7680692794493172
0.8609860012172854,0.7751716247139588,0.8104807372043966
0.7080949482653682,0.7059496567505721,0.7098923059842345
0.7671332927571516,0.7792906178489702,0.6876873542800045
0.8051125989044431,0.7724256292906179,0.7571888531142444
0.7545952525867315,0.7594965675057208,0.7616298434550904
0.695800365185636,0.7938215102974828,0.752414788497835
0.7614120511259891,0.6986270022883295,0.7829465970911513
0.8877662811929398,0.744508009153318,0.7414233374042412
0.676080340839927,0.7151029748283753,0.6607083379593649
0.7493609251369446,0.7371853546910755,0.7994892861108027
0.7541083384053561,0.8322654462242562,0.7545242589097368
0.7536214242239805,0.7648741418764302,0.6373931386699234
0.7544735240413877,0.7366132723112128,0.7578550016653713
0.7227023737066343,0.7409610983981694,0.6649272787831686
0.7439937423175774,0.7534967124925284,0.7322916666666667
0.6882333221589004,0.703765690376569,0.7341666666666666
1.0,0.0,0.9577083333333334
0.8683651804670913,0.9668858338314406,0.0
0.7128170745334674,0.6211595935445308,0.6485416666666667
0.7826572801430327,0.8029886431560072,0.6484375
0.6420829142920996,0.8158995815899581,0.644375
0.735054195999553,0.7677226539151225,0.8496875
0.7048832271762208,0.7432157800358637,0.7479166666666667
0.7084590457034305,0.6834429169157202,0.7541666666666667
0.698737289082579,0.6838015540944411,0.7510416666666667
0.7418706000670466,0.7273161984459056,0.8207291666666666
0.6680075986143703,0.8254632396891811,0.7604166666666666
0.6836518046709129,0.7664076509264793,0.6434375
0.6778410995641971,0.6725642558278542,0.6608333333333334
0.6302380154207174,0.5901972504482965,0.7027083333333334
0.6980668231087273,0.8194859533771668,0.7284375
0.6721421387864566,0.5821876867901973,0.5914583333333333
1.0,0.0,0.9167430142006413
0.9194559557964085,0.9385943871431998,0.0
0.7194772075231113,0.8350923482849604,0.7871049015116812
0.6415896291573691,0.758815063564404,0.6763628034814475
0.6961003081500372,0.8454065723195011,0.8486028401282638
0.7506109871427054,0.8799472295514512,0.7740494732020156
0.7336096057804696,0.8691532741664668,0.7840128263857078
0.696844118584635,0.783761093787479,0.7677508016491067
0.7275528636701732,0.8576397217558167,0.853527256069629
0.7389225374561683,0.8218997361477572,0.7416399450297756
0.779725852725534,0.8773087071240105,0.7380897846999542
0.7534799702475826,0.8093067881986088,0.8952130096197893
0.6963128254170652,0.7577356680259055,0.6836921667430143
0.6827117203272766,0.8064284000959463,0.7912276683463124
0.7709063861438742,1.0147517390261453,0.777370590929913
0.0,1.0,0.9464871194379391
1.0,0.0,1.0
0.8520396912899669,0.76178390137781,0.8180327868852459
0.9520396912899669,0.9876722262509064,0.0
0.735832414553473,0.7691563935218757,0.8161592505854801
0.7906284454244763,0.7576746434614455,0.8706088992974239
0.7115766262403528,0.7471597776166304,0.7310304449648712
0.7284454244762955,0.7018370800096688,0.685480093676815
0.7198456449834619,0.6770606719845299,0.7255269320843092
0.7514884233737597,0.8175006043026347,0.8139344262295082
0.7461962513781698,0.754653130287648,0.7943793911007025
0.8092613009922822,0.7929659173313995,0.7825526932084309
0.7745314222712238,0.7544114092337443,0.7905152224824356
0.7775082690187431,0.8397389412617839,0.7563231850117096
0.7879823594266814,0.7338651196519217,0.7857142857142857
0.7845644983461962,0.9292965917331399,0.8175644028103044
0.7378169790518192,0.8005801305293692,0.7988290398126464
0.8674751929437706,0.7842639593908629,0.7782201405152225
0.7834619625137818,0.8043268068648779,0.7508196721311475
0.7480705622932745,0.7633550882281847,0.8031615925058548
0.7919903709377394,0.7099921498261748,0.8230778603631047
1.0,0.0,0.9441939807481419
0.9394900973848342,0.9675899966356398,0.0
0.7880512091038406,0.7856902545699226,0.8395272328500061
0.6733778312725681,0.6261074352360659,0.7227976117948093
0.7517233833023307,0.7033755747448693,0.7449738028512246
0.7942882153408469,0.7172815969496468,0.7684903131473133
0.78203304519094,0.726813950880341,0.8320945534299988
0.7466900098479046,0.8032970730066166,0.7950530035335689
0.7172557172557172,0.6180329707300661,0.7092725721944682
0.7347631031841558,0.7180666143321744,0.8472036066772267
0.6929642192800087,0.7228888639677021,0.8022419885463629
0.6661560345770872,0.654143770326343,0.7202388205190691
0.7197724039829303,0.7141415274195357,0.7704398684050201
0.7539118065433855,0.6654704497028149,0.6217862800048739
0.0,0.9375750300120048,1.0
0.643323782234957,0.6707683073229291,0.7031071510166781
0.8202865329512894,0.0,0.879597898103724
0.7117478510028653,0.7824129651860744,0.7613662325793923
0.7002865329512894,0.7989195678271308,0.7003655471784327
0.7761604584527221,0.762905162064826,0.8513822252684488
0.6073352435530086,0.7072829131652661,0.6425633995887594
0.6213180515759312,0.6966786714685874,0.644391135480923
0.7664183381088825,0.7551020408163265,0.7152159013022619
0.6475644699140402,0.6698679471788715,0.5443225953849669
0.6137535816618911,0.6562625050020008,0.6720356408498972
0.668080229226361,0.7120848339335735,0.67854694996573
0.6372492836676218,0.7647058823529411,0.6181174320310715
0.6183381088825215,0.6620648259303722,0.6447338359607037
0.7573638968481375,0.7496998799519808,0.7310943568654329
0.7598853868194843,0.7474989995998399,0.6600411240575736
0.7324400711818277,0.7535395909805978,0.760824095377536
0.0,0.9834819087572103,0.9718678100815729
0.9570815450643777,0.0,1.0
0.737674029100806,0.7056895647614053,0.6489228194938298
0.786245158588925,0.8515993707393812,0.7529805480025099
0.7515963571652884,0.9191137912952281,0.7882242208742941
0.8111587982832618,0.7616675406397483,0.7413720978874713
0.7868732335392024,0.9171473518615627,0.8319389249111064
0.7259499633622946,0.8412427897220766,0.8809872411629366
0.8041452946718308,0.8349501835343471,0.7560133863208534
0.7600753689940333,0.8942055584687991,0.876594854632922
0.7998534491782686,0.7661248033560566,0.7964860907759883
0.7102480896053596,0.7307288935500786,0.7760928676009203
0.818591018528211,0.891976927110645,0.73300564735411
0.6839736208520883,0.7254850550603041,0.705396360594018
0.7578771066680624,0.7880178290508653,0.7112528759673709
0.7095153354967026,0.7936549554273729,0.8070487345743568
0.7252172092536376,0.7244362873623492,0.7340514536707802
0.7231236260860463,0.9243576297850026,0.7777661577075926
0.8015283157123416,0.7451494493969586,0.8263961514327547
0.7172615932167905,0.8310173046670163,0.718887262079063
0.7844656128964723,0.8272155217619297,0.8526458899811755
0.7951428870511881,0.7859202936549554,0.8295335703827651
0.7856170836386476,0.9590980597797588,0.8551558251411838
0.8171255103108971,0.7551127425275301,0.8060029282576867
0.7124563445867288,0.8356326794567794,0.6953842940685045
0.9839606777907127,0.8999784436300927,0.0
0.7694994179278231,0.7218150463461953,0.7606516290726817
1.0,0.0,0.8998538011695907
0.6882680119001423,0.7108212976934685,0.6760651629072681
0.6878799637821756,0.6542358266867859,0.6506892230576441
0.705600827835985,0.8203276568225911,0.7060359231411864
0.7843745957832104,0.791873248544945,0.7737050960735171
0.813607554003363,0.7245095925846088,0.7267126148705096
0.737291424136593,0.6902349644319896,0.7172096908939014
0.8051998447807528,0.7422935977581375,0.7331871345029239
0.7002975035571077,0.7443414528993317,0.7851921470342523
0.7732505497348338,0.7512394912696702,0.64578111946533
0.6825766395032984,0.6945462384134512,0.7205513784461153
0.8411589703789937,0.8646259969821082,0.7725563909774437
0.8463464602777145,0.8491004772977604,0.7409117137911136
0.998975643068518,0.0,0.9766878245816503
0.0,0.9477420144413169,1.0
0.7740723878898247,0.854362991065965,0.7342181188690132
0.7551786933758252,0.7265940521356015,0.7126370455856895
0.8221033462326428,0.8265818137314894,0.7616849394114252
0.918165262918279,0.8914453555256394,0.8460473167916908
0.8736626451172319,1.061069636519398,0.92533179457588
0.8181197359435466,0.8366173051034145,0.8849394114252741
0.738902799908946,0.8528943825725126,0.8135025966532026
0.6510357386751651,0.7319789499449272,0.7114829774956722
0.8569314819030276,0.8723534451107575,0.7756491633006347
0.7112451627589347,0.7568229102924978,0.7811886901327179
0.9025722740723879,0.873944437645331,0.7653779572994807
0.7381060778511268,0.7526618528943826,0.8128101557991921
0.8420213976781243,0.8508138538734549,0.7945758799769186
0.8162986569542454,0.9231428221759882,0.7027120600115406
0.7395711085031473,0.7957431370177772,0.785731215927945
0.7090579323589032,0.8335953561494739,0.7427115430196729
1.0,0.9883903736848471,0.0
0.9345993812013229,0.0,0.9483289879118274
0.7859810092819801,0.7788124319748458,0.7037212609623134
0.6406700096020485,0.7571653162413835,0.6729082721023939
0.6933745865784701,0.7548675776998428,0.6654420478786442
0.7924890643337246,0.7586165195307776,0.8022043138184404
0.7364771151178918,0.80493409118394,0.6980327091727898
0.7094846900672144,0.8104970371266175,0.8197440151694715
0.7857676304278246,0.8785826581206917,0.6006162597771983
0.771257868345247,0.7702261458459306,0.7018250770324721
0.7045769764216366,0.780989236908937,0.6406731452950937
0.7371172516803585,0.72100616761398,0.6614126570277317
0.6956150645471034,0.7719192163502238,0.6861815596112822
0.7127920623066254,0.7216108356512275,0.6988622896420953
0.7087378640776699,0.6736001934937719,0.6420952832424746
0.6978555425157367,0.8067480952956827,0.6499170419530694
0.7758455137095914,0.8335953561494739,0.704787864422849
0.6473914435079484,0.7841335107026243,0.784190566484949
0.7247412781393364,0.7110896118031201,0.6361697084617208
0.6916675557452256,0.7434998185995888,0.7236311922256459
0.0,0.9059256055363322,1.0
0.7260378178656813,0.7224264705882353,0.677645409950946
0.9534883720930233,0.0,0.9581873394066807
0.7715713975222778,0.6349480968858131,0.7207428170988087
0.8540534666376874,0.6777681660899654,0.7998131277738846
0.7150619430558575,0.7529195501730104,0.7419995328194348
0.8062377743968703,0.7641652249134948,0.7487736510161177
0.7257118017822213,0.7407006920415224,0.7707311375846765
0.8016735492284286,0.7026384083044983,0.8551740247605699
0.7975440121712671,0.7490268166089965,0.8350852604531651
0.7764616387741795,0.7157223183391004,0.8459472085961224
0.8652466855031515,0.80655276816609,0.8083391730903995
0.7523364485981309,0.7415657439446367,0.8077551973837889
0.7660291241034558,0.7118295847750865,0.8007474889044616
0.7466855031514888,0.826773356401384,0.8945339873861248
0.7521191045424908,0.6716046712802768,0.7054426535856109
0.8865464029558792,0.6998269896193772,0.7589348283111422
0.7514670723755705,0.7520544982698962,0.775052557813595
0.6648554662029994,0.6673875432525952,0.7411819668301799
0.7524451206259509,0.7490268166089965,0.7441018453632329
0.7026550508193321,0.8212977189457511,0.8038310639279944
0.0,1.0,0.9783060235402723
0.7229827836548434,0.7239097033447583,0.778675282714055
0.9672267164488695,0.9375960288381988,0.0
0.6507985895042522,0.6102115589173857,0.7258250634664205
0.6761045426260112,0.7404562108497813,0.7411723978767597
0.726612735946899,0.8009691525824371,0.7370182321717055
0.7119892138560464,0.8182247961233897,0.7820216939764597
0.8291848164281269,0.811133435764094,0.7269789983844911
0.6891723708774113,0.7684670842689989,0.8351027002077083
0.6180253059531218,0.6742701808296891,0.7014770366951304
0.7596971582659199,0.7431745656541779,0.7427879067620586
0.8135241651109728,0.7278099515423708,0.780636972074775
0.6478946276706078,0.6918803923886065,0.6620124624971152
0.6957062850031114,0.752747902139227,0.7335564274174936
0.7417548226509023,0.7151636922349605,0.7408262174013386
0.6886538062642605,0.7880865145963835,0.7080544657281329
0.0,1.0,0.9838220424671386
0.8247579045618948,0.8880798590722255,0.7813447927199191
0.9393302998483257,0.0,1.0
1.0,0.9814445096887845,0.0
0.8601096721502742,0.8022313564298297,0.8356926188068756
0.8083070820207677,0.736699941280094,0.8143326592517695
0.8000233345000584,0.8054022313564299,0.8430232558139535
0.8284914245712286,0.7802701115678214,1.0358948432760364
0.86605996966515,0.8182031708749266,0.8372093023255814
0.8703768521759422,0.7512624779800352,0.7965116279069767
0.8225411270563528,0.8337052260716383,0.8459302325581395
0.8421421071053553,0.7928361714621257,0.8077603640040445
0.7905728619764322,1.0051673517322373,0.9823053589484327
0.8209077120522693,0.8058719906048151,0.862360970677452
0.7353867693384669,0.7466823253082795,0.6914812942366027
0.8666433321666084,0.8677627715795655,0.8722194135490394
1.021234395053086,0.8436876100998238,0.8359453993933266
0.849959164624898,0.833587786259542,0.7331900910010111
1.0,0.0,0.9631256384065373
0.7053305879661405,0.6406378238949466,0.7468845760980592
0.8646762754518417,0.8950638996365342,0.0
0.8693662777396477,0.7832102239418455,0.9293156281920327
0.8317318691374972,0.9803024973619416,0.8627170582226762
0.6520247083047358,0.659397350216907,0.7214504596527068
0.7131091283459162,0.7584710986047603,0.7511746680286007
0.7338137725920842,0.7324422558330402,0.7800817160367722
0.8191489361702128,0.8193223121116192,0.8974463738508682
0.7070464424616792,0.7898933051940439,0.7496424923391215
0.71150766415008,0.7746511900574511,0.809805924412666
0.7312971859986274,0.7666783913706179,0.7489274770173646
0.7961564859299931,0.793645210458436,0.745658835546476
0.8762296957218028,0.8179153476374722,0.7802860061287028
0.7248913292152825,0.812287489740884,0.7881511746680286
0.7739647677876916,0.7354906788603588,0.8710929519918283
0.7375886524822695,0.787665611443311,0.7808988764044944
