0.5451873622336518, 0.07935194893128857, 1.0105263157894737, 
0.5811903012490813, 0.07935194893128857, 0.968421052631579, 
0.8390889052167525, 0.012372134028925036, 0.9789473684210527, 
0.5966201322556947, 0.028365725805187935, 0.9789473684210527, 
0.5473916238060252, 0.028388536455240386, 1.0, 
0.717119764878766, 0.02142175199299367, 0.9789473684210527, 
0.7252020573108012, 0.012374034916429405, 0.9894736842105263, 
0.6914033798677441, 0.021428833958025195, 0.9789473684210527, 
0.5936811168258632, 0.02822768544096052, 0.9894736842105263, 
1.0360029390154295, 0.02222581998924465, 0.968421052631579, 
0.6554004408523146, 0.01442493698541116, 1.0105263157894737, 
0.5841293166789128, 0.027893239352577308, 1.0, 
0.5466568699485671, 0.0274900657492114, 1.0210526315789474, 
0.7869213813372516, 0.012372134028925036, 1.0, 
0.7913299044819982, 0.012372134028925036, 0.9894736842105263, 
0.7692872887582659, 0.02225822363035879, 0.968421052631579, 
0.5686994856722994, 0.02253668046819407, 1.0210526315789474, 
0.7619397501836889, 0.012548366932164042, 0.9789473684210527, 
0.5488611315209404, 0.02825141755782149, 0.9894736842105263, 
0.645113886847906, 0.021893230047964788, 1.0105263157894737, 
0.6899338721528289, 0.0124079031681841, 1.0105263157894737, 
0.6502571638501098, 0.021946941710740707, 1.0, 
0.5804555473916242, 0.028228241798278868, 1.0, 
0.7986774430565764, 0.012374034916429405, 0.9789473684210527, 
0.9706098457016895, 0.01233464945460106, 1.0, 
0.612049963262307, 0.022255998201085366, 1.0105263157894737, 
0.7185892725936812, 0.012374034916429405, 1.0105263157894737, 
0.7200587803085965, 0.022425548093853224, 0.968421052631579, 
0.5437178545187361, 0.02827462229430777, 1.0210526315789474, 
0.6715650257163851, 0.021264013102463352, 1.0, 
0.6987509184423222, 0.012374034916429405, 1.0210526315789474, 
0.6928728875826603, 0.012460038485224685, 0.9894736842105263, 
0.7979426891991183, 0.01233624898189131, 0.9894736842105263, 
0.8986039676708306, 0.01233404673417284, 1.0105263157894737, 
0.618662747979427, 0.02825141755782149, 0.9789473684210527, 
0.645113886847906, 0.021893230047964788, 1.0105263157894737, 
0.645113886847906, 0.021893230047964788, 1.0105263157894737, 
0.6546656869948565, 0.021567308976407573, 1.0210526315789474, 
0.677443056576047, 0.022270162131148418, 0.9894736842105263, 
0.7707567964731812, 0.012341279379311424, 1.0210526315789474, 
0.7024246877296108, 0.012376411025809872, 1.0105263157894737, 
0.7803085966201326, 0.012341279379311424, 1.0105263157894737, 
0.5892725936811165, 0.02837000280207277, 0.9789473684210527, 
0.6238060249816308, 0.022271379162782316, 0.9789473684210527, 
0.684790595150624, 0.021428833958025195, 0.9894736842105263, 
3.6230712711241737, 0.8049006037549514, 0.9052631578947369, 
2.368846436443791, 0.24408846883721774, 0.9157894736842105, 
0.631888317413666, 0.0473109957620995, 0.968421052631579, 
0.6686260102865537, 0.04711192300004884, 0.9368421052631579, 
0.756061719324027, 0.03054934737609372, 0.9368421052631579, 
0.7847171197648793, 0.02768227190287583, 0.9578947368421052, 
0.7024246877296108, 0.030554447318178607, 0.9263157894736842, 
0.6767083027185888, 0.030550390546065623, 0.9368421052631579, 
0.7619397501836889, 0.027683459957566076, 0.9368421052631579, 
0.6576047024246879, 0.030128852283067564, 0.9473684210526315, 
0.8199853049228506, 0.027677340027064182, 0.9578947368421052, 
0.6598089639970613, 0.027695044939643008, 0.9473684210526315, 
0.8302718589272592, 0.030384765058732114, 0.9263157894736842, 
0.6260102865540041, 0.08782772743916904, 0.9578947368421052, 
0.6362968405584127, 0.08782524121740266, 0.9578947368421052, 
