0.46433489396860367, 0.42506391363945445, 0.039886039886039885, 
0.3691131919581383, 0.5538089842603251, 0.02564102564102564, 
0.3787524098044615, 0.5135396655435626, 0.02564102564102564, 
0.46433489396860367, 0.42506391363945445, 0.039886039886039885, 
0.3574084274304597, 0.5551067487902844, 0.02564102564102564, 
0.3152712751308181, 0.5559439355512797, 0.02849002849002849, 
0.30666483062517225, 0.75533841176352, 0.02849002849002849, 
0.38432938584412, 0.8648943053938261, 0.019943019943019943, 
0.5, 0.4443928049012909, 0.03418803418803419, 
0.29282566786009345, 0.7214908421205155, 0.03133903133903134, 
0.43583034976590473, 0.7308209247226087, 0.017094017094017096, 
0.3388185072982648, 0.6971630505972308, 0.02564102564102564, 
0.4182732029743872, 0.49824133420767874, 0.02564102564102564, 
0.30418617460754616, 1.0602158579450922, 0.02849002849002849, 
0.34577251445882656, 0.5530652570165535, 0.03133903133903134, 
0.34315615532911026, 0.5858515406053375, 0.02564102564102564, 
0.31458275957036624, 1.1092775710308165, 0.019943019943019943, 
0.2926191131919581, 1.1107534871659517, 0.02564102564102564, 
0.4503580280914346, 0.7461192560584925, 0.014245014245014245, 
0.31947122004957296, 0.7308209247226087, 0.022792022792022793, 
0.3388185072982648, 0.6971630505972308, 0.02564102564102564, 
0.3690443404020932, 0.9570511490752125, 0.019943019943019943, 
0.49091159460203804, 0.7289592444795517, 0.019943019943019943, 
0.38887358854310117, 0.8633829821481003, 0.017094017094017096, 
0.39892591572569536, 0.5538089842603251, 0.022792022792022793, 
0.36918204351418343, 1.3793415432908127, 0.017094017094017096, 
0.43328284219223356, 0.9080113155160027, 0.014245014245014245, 
0.3653263563756541, 0.684131210802504, 0.022792022792022793, 
0.3665656843844671, 0.9967733535172321, 0.019943019943019943, 
0.5345634811346736, 0.7287201626401474, 0.019943019943019943, 
0.3504544202698979, 0.7162851661427595, 0.022792022792022793, 
0.4164830625172129, 0.7714726629288335, 0.017094017094017096, 
0.38494904984852635, 0.7362154975936653, 0.019943019943019943, 
0.3711098870834479, 0.5156583693786063, 0.03418803418803419, 
0.3729000275406222, 0.51245502705695, 0.03418803418803419, 
0.26204902230790417, 0.5211249478363736, 0.03418803418803419, 
0.3742082071054807, 0.4710623669012635, 0.03418803418803419, 
0.4528366841090607, 0.45573002377279687, 0.03418803418803419, 
0.35155604516662076, 0.4603203950893611, 0.037037037037037035, 
0.26156706141558805, 0.43660279880068564, 0.039886039886039885, 
0.29798953456348093, 0.47058949284496926, 0.037037037037037035, 
0.3205728449462958, 0.4355275069987102, 0.039886039886039885, 
0.25406224180666465, 0.42935716789556794, 0.045584045584045586, 
0.36450013770311207, 0.42935716789556794, 0.039886039886039885, 
0.3231892040760121, 0.42958582465476575, 0.039886039886039885, 
0.2398099697053152, 0.4303965168010125, 0.042735042735042736, 
0.34253649132470393, 0.4617037463687013, 0.037037037037037035, 
0.25716056182869745, 0.546772598488696, 0.03418803418803419, 
0.18824015422748536, 0.5036910675049369, 0.045584045584045586, 
0.19546956761222792, 0.546772598488696, 0.042735042735042736, 
0.19657119250895078, 0.42958582465476575, 0.045584045584045586, 
0.2478656017625998, 0.429450709297058, 0.042735042735042736, 
0.24104929771412825, 0.7821659234586972, 0.03418803418803419, 
0.44312861470669246, 0.4599815726534998, 0.03418803418803419, 
0.21715780776645566, 0.4617037463687013, 0.039886039886039885, 
0.22218397135775256, 0.3740051641020215, 0.04843304843304843, 
0.20283668410906072, 0.6705750670612556, 0.039886039886039885, 
0.5527402919305974, 0.4293987418517858, 0.03418803418803419, 
0.24249518039107662, 0.42958582465476575, 0.042735042735042736, 
0.1809418892866977, 0.7132255115011268, 0.04843304843304843, 
0.20689892591572576, 0.546772598488696, 0.039886039886039885, 
0.29613054255026156, 0.5010341810984128, 0.037037037037037035, 
0.20855136326080984, 0.6003206779944469, 0.037037037037037035, 
0.2286560176259982, 0.7822866332510287, 0.03418803418803419, 
0.34625447535114307, 0.546772598488696, 0.03133903133903134, 
0.27492426328835035, 0.30894615886833054, 0.04843304843304843, 
0.37971633158909374, 0.42935716789556794, 0.037037037037037035, 
0.2420132194987605, 0.6791511729861763, 0.03418803418803419, 
0.2851831451390802, 0.503205334586075, 0.037037037037037035, 
0.20366290278160273, 0.6793400731649568, 0.037037037037037035, 
0.19546956761222792, 0.546772598488696, 0.042735042735042736, 
0.20917102726521614, 0.546772598488696, 0.037037037037037035, 
0.20318094188928662, 0.5988772845713471, 0.039886039886039885, 
0.22996419719085634, 0.429450709297058, 0.045584045584045586, 
0.34253649132470393, 0.4617037463687013, 0.037037037037037035, 
0.34253649132470393, 0.4617037463687013, 0.037037037037037035, 
0.26934728724869184, 0.3102015407085773, 0.045584045584045586, 
0.16145689892591564, 0.4068729733343963, 0.05128205128205128, 
0.1809418892866977, 0.7132255115011268, 0.04843304843304843, 
0.3264252272101347, 0.4293987418517858, 0.039886039886039885, 
0.34880198292481385, 0.3740051641020215, 0.042735042735042736, 
0.23278711098870836, 0.460657156771186, 0.042735042735042736, 
0.18342054530432378, 0.5378617706594617, 0.045584045584045586, 
0.16965023409529045, 0.7826004787110903, 0.045584045584045586, 
0.18775819333516924, 0.48758896122147916, 0.04843304843304843, 
0.2651473423299366, 0.7822866332510287, 0.03133903133903134, 
0.18218121729551073, 0.7832281696312137, 0.042735042735042736, 
0.2424263288350315, 0.670574790575492, 0.03418803418803419, 
0.2765767006334344, 0.42935716789556794, 0.042735042735042736, 
0.23368218121729548, 0.36261371661693775, 0.05698005698005698, 
