0.5833333333333334, 0.06475929999521197, 0.4117647058823529, 
0.3333333333333333, 0.07049247018446839, 0.38235294117647056, 
0.6233333333333334, 0.05861365428591418, 0.4411764705882353, 
0.3333333333333333, 0.07049247018446839, 0.38235294117647056, 
0.6233333333333334, 0.05861365428591418, 0.4411764705882353, 
0.5833333333333334, 0.06475929999521197, 0.4117647058823529, 
0.08333333333333333, 0.21172993636266707, 0.38235294117647056, 
0.29000000000000004, 0.09891753834249566, 0.5, 
0.0, 0.2539246324316816, 0.35294117647058826, 
0.16666666666666666, 0.13788347069680024, 0.35294117647058826, 
0.0, 0.2539246324316816, 0.35294117647058826, 
0.3333333333333333, 0.0968123945821973, 0.35294117647058826, 
0.33000000000000007, 0.0976762313471056, 0.5, 
0.0, 0.2539246324316816, 0.35294117647058826, 
0.08333333333333333, 0.21172993636266707, 0.38235294117647056, 
0.29000000000000004, 0.09891753834249566, 0.5, 
0.3333333333333333, 0.0968123945821973, 0.35294117647058826, 
0.29000000000000004, 0.09891753834249566, 0.5, 
0.0, 0.2539246324316816, 0.35294117647058826, 
0.0, 0.2539246324316816, 0.35294117647058826, 
0.08333333333333333, 0.21172993636266707, 0.38235294117647056, 
0.08333333333333333, 0.21172993636266707, 0.38235294117647056, 
0.29000000000000004, 0.09891753834249566, 0.5, 
0.0, 0.2539246324316816, 0.35294117647058826, 
0.08333333333333333, 0.21172993636266707, 0.38235294117647056, 
0.0, 0.2539246324316816, 0.35294117647058826, 
0.0, 0.2539246324316816, 0.35294117647058826, 
0.08333333333333333, 0.21172993636266707, 0.38235294117647056, 
0.0, 0.2539246324316816, 0.35294117647058826, 
0.0, 0.2539246324316816, 0.35294117647058826, 
0.0, 0.2539246324316816, 0.35294117647058826, 
0.0, 0.2539246324316816, 0.35294117647058826, 
0.0, 0.2539246324316816, 0.35294117647058826, 
0.45999999999999996, 0.8913081410847838, 0.11764705882352941, 
0.37333333333333335, 0.9862553813162988, 0.08823529411764706, 
0.37666666666666665, 0.9335095274717435, 0.11764705882352941, 
0.37666666666666665, 0.9335095274717435, 0.11764705882352941, 
0.45999999999999996, 0.8913081410847838, 0.11764705882352941, 
0.45999999999999996, 0.8913081410847838, 0.11764705882352941, 
0.0, 0.5276819177613556, 0.29411764705882354, 
0.0, 0.5276819177613556, 0.29411764705882354, 
0.0, 0.5276819177613556, 0.29411764705882354, 
0.0, 0.5276819177613556, 0.29411764705882354, 
0.0, 0.5276819177613556, 0.29411764705882354, 
0.0, 0.5276819177613556, 0.29411764705882354, 
0.0, 0.5276819177613556, 0.29411764705882354, 
0.0, 0.5276819177613556, 0.29411764705882354, 
0.0, 0.5276819177613556, 0.29411764705882354, 
0.0, 0.5276819177613556, 0.29411764705882354, 
0.0, 0.5276819177613556, 0.29411764705882354, 
0.0, 0.5276819177613556, 0.29411764705882354, 
0.0, 0.5276819177613556, 0.29411764705882354, 
0.0, 0.5276819177613556, 0.29411764705882354, 
0.0, 0.5276819177613556, 0.29411764705882354, 
0.25, 0.12930708066811827, 0.38235294117647056, 
0.8333333333333334, 0.0017968093581288813, 0.4411764705882353, 
0.5833333333333334, 0.061098554326041596, 0.4411764705882353, 
0.26999999999999985, 0.11925312972552177, 0.47058823529411764, 
0.5833333333333334, 0.06475929999521197, 0.4117647058823529, 
0.6666666666666666, 0.018891288799937577, 0.4117647058823529, 
0.25, 0.12930708066811827, 0.38235294117647056, 
0.4166666666666667, 0.06475929999521197, 0.4411764705882353, 
0.26000000000000006, 0.12421835770708212, 0.47058823529411764, 
0.26999999999999985, 0.11925312972552177, 0.47058823529411764, 
0.6666666666666666, 0.018891288799937577, 0.4117647058823529, 
0.4166666666666667, 0.06475929999521197, 0.4411764705882353, 
0.29000000000000004, 0.11677051573474162, 0.47058823529411764, 
0.6666666666666666, 0.018891288799937577, 0.4117647058823529, 
0.26000000000000006, 0.12421835770708212, 0.47058823529411764, 
0.29000000000000004, 0.11677051573474162, 0.47058823529411764, 
0.26999999999999985, 0.11925312972552177, 0.47058823529411764, 
0.32333333333333325, 0.1155280898720403, 0.4411764705882353, 
0.32333333333333325, 0.1155280898720403, 0.4411764705882353, 
0.5833333333333334, 0.06475929999521197, 0.4117647058823529, 
0.08333333333333333, 0.3347354546187889, 0.29411764705882354, 
0.3333333333333333, 0.17099690057734648, 0.29411764705882354, 
0.08333333333333333, 0.3347354546187889, 0.29411764705882354, 
0.16666666666666666, 0.22124782780493754, 0.3235294117647059, 
0.25, 0.1953238654628885, 0.29411764705882354, 
0.16666666666666666, 0.2375252518498481, 0.29411764705882354, 
0.3333333333333333, 0.17099690057734648, 0.29411764705882354, 
0.16666666666666666, 0.2375252518498481, 0.29411764705882354, 
0.25, 0.1953238654628885, 0.29411764705882354, 
0.08333333333333333, 0.3347354546187889, 0.29411764705882354, 
0.08333333333333333, 0.3347354546187889, 0.29411764705882354, 
0.25, 0.1953238654628885, 0.29411764705882354, 
0.25, 0.1953238654628885, 0.29411764705882354, 
0.16666666666666666, 0.2375252518498481, 0.29411764705882354, 
0.25, 0.1953238654628885, 0.29411764705882354, 
0.16666666666666666, 0.2375252518498481, 0.29411764705882354, 
0.08333333333333333, 0.3347354546187889, 0.29411764705882354, 
0.16666666666666666, 0.2375252518498481, 0.29411764705882354, 
0.16666666666666666, 0.2375252518498481, 0.29411764705882354, 
0.08333333333333333, 0.3347354546187889, 0.29411764705882354, 
0.16666666666666666, 0.2375252518498481, 0.29411764705882354, 
0.16666666666666666, 0.2375252518498481, 0.29411764705882354, 
0.16666666666666666, 0.2375252518498481, 0.29411764705882354, 
0.16666666666666666, 0.2375252518498481, 0.29411764705882354, 
0.25, 0.1953238654628885, 0.29411764705882354, 
0.16666666666666666, 0.2375252518498481, 0.29411764705882354, 
0.08333333333333333, 0.3347354546187889, 0.29411764705882354, 
0.25, 0.123381272042433, 0.5, 
0.26000000000000006, 0.12328290580561507, 0.5, 
0.26000000000000006, 0.12328290580561507, 0.5, 
0.5833333333333334, 0.04046762265893765, 0.5, 
0.08333333333333333, 0.33514398104579785, 0.2647058823529412, 
0.16666666666666666, 0.3291557904817516, 0.23529411764705882, 
0.08333333333333333, 0.37173911748267735, 0.23529411764705882, 
0.08333333333333333, 0.23990647357630956, 0.3235294117647059, 
0.08333333333333333, 0.33514398104579785, 0.2647058823529412, 
0.8333333333333334, 0.29293590434089317, 0.23529411764705882, 
0.4166666666666667, 0.29293590434089317, 0.2647058823529412, 
0.16666666666666666, 0.2929425946588382, 0.2647058823529412, 
0.4166666666666667, 0.29293590434089317, 0.2647058823529412, 
0.08333333333333333, 0.37173911748267735, 0.23529411764705882, 
0.08333333333333333, 0.33514398104579785, 0.2647058823529412, 
0.08333333333333333, 0.23990647357630956, 0.3235294117647059, 
0.8333333333333334, 0.29293590434089317, 0.23529411764705882, 
0.16666666666666666, 0.2929425946588382, 0.2647058823529412, 
0.08333333333333333, 0.33514398104579785, 0.2647058823529412, 
0.16666666666666666, 0.2929425946588382, 0.2647058823529412, 
0.08333333333333333, 0.37173911748267735, 0.23529411764705882, 
0.08333333333333333, 0.23990647357630956, 0.3235294117647059, 
0.8333333333333334, 0.29293590434089317, 0.23529411764705882, 
0.4166666666666667, 0.29293590434089317, 0.2647058823529412, 
0.16666666666666666, 0.2929425946588382, 0.2647058823529412, 
0.4166666666666667, 0.29293590434089317, 0.2647058823529412, 
0.08333333333333333, 0.33514398104579785, 0.2647058823529412, 
0.16666666666666666, 0.2929425946588382, 0.2647058823529412, 
0.4166666666666667, 0.29293590434089317, 0.2647058823529412, 
0.4166666666666667, 0.29293590434089317, 0.2647058823529412, 
0.08333333333333333, 0.37173911748267735, 0.23529411764705882, 
0.08333333333333333, 0.33514398104579785, 0.2647058823529412, 
0.16666666666666666, 0.2929425946588382, 0.2647058823529412, 
0.08333333333333333, 0.33514398104579785, 0.2647058823529412, 
0.08333333333333333, 0.37173911748267735, 0.23529411764705882, 
0.08333333333333333, 0.37173911748267735, 0.23529411764705882, 
0.3333333333333333, 0.12571591074554392, 0.3235294117647059, 
0.6666666666666666, 0.08317965754385744, 0.29411764705882354, 
0.5, 0.07994381699340401, 0.3235294117647059, 
0.75, 0.037636964647960756, 0.38235294117647056, 
0.25, 0.1588555017781306, 0.3235294117647059, 
0.6666666666666666, 0.07175762431086896, 0.3235294117647059, 
0.6666666666666666, 0.08317965754385744, 0.29411764705882354, 
0.25, 0.1588555017781306, 0.3235294117647059, 
0.6666666666666666, 0.06475929999521197, 0.38235294117647056, 
0.6666666666666666, 0.08317965754385744, 0.29411764705882354, 
0.6666666666666666, 0.06475929999521197, 0.38235294117647056, 
0.6666666666666666, 0.06475929999521197, 0.38235294117647056, 
0.6666666666666666, 0.06475929999521197, 0.38235294117647056, 
0.4166666666666667, 0.0831808984694208, 0.3235294117647059, 
0.6666666666666666, 0.06475929999521197, 0.38235294117647056, 
0.5, 0.07994381699340401, 0.3235294117647059, 
0.6666666666666666, 0.06475929999521197, 0.38235294117647056, 
0.6666666666666666, 0.06475929999521197, 0.38235294117647056, 
0.6666666666666666, 0.06475929999521197, 0.38235294117647056, 
0.6666666666666666, 0.06475929999521197, 0.38235294117647056, 
0.6666666666666666, 0.06475929999521197, 0.38235294117647056, 
0.6666666666666666, 0.06475929999521197, 0.38235294117647056, 
0.6666666666666666, 0.08317965754385744, 0.29411764705882354, 
0.6666666666666666, 0.08317965754385744, 0.29411764705882354, 
0.6666666666666666, 0.06475929999521197, 0.38235294117647056, 
0.6666666666666666, 0.06475929999521197, 0.38235294117647056, 
0.6666666666666666, 0.06475929999521197, 0.38235294117647056, 
0.25, 0.1588555017781306, 0.3235294117647059, 
0.25, 0.1588555017781306, 0.3235294117647059, 
0.6666666666666666, 0.06475929999521197, 0.38235294117647056, 
0.6666666666666666, 0.06475929999521197, 0.38235294117647056, 
0.25, 0.1588555017781306, 0.3235294117647059, 
0.010000000000000083, 0.778968909507647, 0.23529411764705882, 
0.010000000000000083, 0.778968909507647, 0.23529411764705882, 
0.16666666666666666, 0.6165645284484258, 0.17647058823529413, 
0.08333333333333333, 0.5279341155390649, 0.20588235294117646, 
0.08333333333333333, 0.6587592245174404, 0.14705882352941177, 
0.08333333333333333, 0.6587592245174404, 0.14705882352941177, 
0.16666666666666666, 0.6165645284484258, 0.17647058823529413, 
0.08333333333333333, 0.6587592245174404, 0.14705882352941177, 
0.16666666666666666, 0.6165645284484258, 0.17647058823529413, 
0.16666666666666666, 0.6165645284484258, 0.17647058823529413, 
0.08333333333333333, 0.6587592245174404, 0.14705882352941177, 
0.08333333333333333, 0.6587592245174404, 0.14705882352941177, 
0.08333333333333333, 0.6587592245174404, 0.14705882352941177, 
0.16666666666666666, 0.6165645284484258, 0.17647058823529413, 
0.08333333333333333, 0.6587592245174404, 0.14705882352941177, 
0.16666666666666666, 0.6165645284484258, 0.17647058823529413, 
0.16666666666666666, 0.6165645284484258, 0.17647058823529413, 
0.16666666666666666, 0.6165645284484258, 0.17647058823529413, 
