0.7707461645746162, 0.34368295119205655, 0.5, 
0.610181311018131, 0.37708631054551506, 0.5555555555555556, 
0.475650860065086, 0.27850699911253485, 0.6111111111111112, 
0.6126220362622039, 0.2764798603694342, 0.5555555555555556, 
0.4589144583914459, 0.49056710530968783, 0.5555555555555556, 
0.27225708972570906, 0.17255370963585925, 0.9444444444444444, 
0.29021385402138566, 0.1460688644844678, 0.9444444444444444, 
0.3257205950720598, 0.16480030929917094, 0.8888888888888888, 
0.40132496513249677, 0.11802773459561329, 0.8888888888888888, 
0.3348442584844258, 0.17204214353634742, 0.7222222222222222, 
0.42939330543933035, 0.2627438927334826, 0.6666666666666666, 
0.2724314272431426, 0.2415143818548405, 0.7777777777777778, 
0.2876569037656903, 0.6370350223135988, 0.7222222222222222, 
0.23070664807066502, 0.4276981427741874, 0.8888888888888888, 
0.32025801952580196, 0.7356505382589911, 0.6666666666666666, 
0.21240120874012122, 0.38461574385986813, 0.9444444444444444, 
0.3526266852626688, 0.29008879231328405, 0.6666666666666666, 
0.510402138540214, 0.4271928557143093, 0.5, 
0.3064853556485355, 0.17265609431364387, 0.8333333333333334, 
0.3422826592282664, 0.16481880102201552, 0.7222222222222222, 
0.6473733147373318, 0.19242448831009554, 0.6111111111111112, 
0.24959321245932145, 0.20571004221836608, 0.8333333333333334, 
0.24331706183170615, 0.3077986204356235, 0.7777777777777778, 
0.2724314272431426, 0.2415143818548405, 0.7777777777777778, 
0.29678056717805695, 0.17356235393661018, 0.7222222222222222, 
0.4996513249651325, 0.4822859627705267, 0.5555555555555556, 
0.3339725708972572, 0.3635624273300138, 0.6666666666666666, 
0.3181078568107857, 0.17193053548046872, 0.7777777777777778, 
0.23396094839609474, 0.290282060306012, 0.9444444444444444, 
0.45571827057182734, 0.20571004221836608, 0.6666666666666666, 
0.3388540213854024, 0.3509453293260066, 0.6666666666666666, 
0.22472105997210637, 0.4284109620322426, 0.8333333333333334, 
0.5048814504881449, 0.17772752327064065, 0.6666666666666666, 
0.32513947001394716, 0.5071934339855111, 0.6666666666666666, 
0.34710599721059976, 0.3509453293260066, 0.6111111111111112, 
0.28411204091120396, 0.18167114449519106, 0.8333333333333334, 
0.239539748953975, 0.2542396548082614, 0.8333333333333334, 
0.21222687122268763, 0.6994771523854955, 0.8333333333333334, 
0.5578800557880055, 0.3862781354063942, 0.5555555555555556, 
0.5661320316132035, 0.4055015641563462, 0.5, 
0.27748721524872144, 0.17785806017088265, 0.8888888888888888, 
0.26813110181311006, 0.650510691172199, 0.7222222222222222, 
0.7770223152022315, 0.32207066393145056, 0.5, 
0.6305206880520686, 0.3754923157272627, 0.5, 
0.665097629009763, 0.5592951671329386, 0.4444444444444444, 
0.6116922361692234, 0.6730095698683394, 0.4444444444444444, 
0.9783240353324034, 0.4913851380718162, 0.3888888888888889, 
0.6307531380753141, 0.5794086334587036, 0.4444444444444444, 
0.9644351464435146, 0.530270666811011, 0.3888888888888889, 
0.9726290097629008, 0.3771350708562773, 0.4444444444444444, 
0.7703974895397491, 0.5573262458727233, 0.3888888888888889, 
0.6970013947001397, 0.4913851380718162, 0.4444444444444444, 
0.7595304509530452, 0.6657915752905923, 0.3888888888888889, 
0.7440144119014415, 0.35320908489617214, 0.5, 
0.5081357508135753, 0.9552957706037155, 0.5, 
