1.4917977716813164, 0.3416597079320009, 0.991869918699187, 
0.8037623873243376, 0.23831715214979124, 1.0032520325203251, 
0.830300655058507, 0.2384842105299917, 1.0, 
0.830300655058507, 0.2384842105299917, 1.0, 
0.8407144056883711, 0.1924996455642657, 1.0097560975609756, 
0.8450814624041203, 0.1924996455642657, 1.0065040650406505, 
0.8076255528805777, 0.19250156903404722, 1.0048780487804878, 
0.8444096075247742, 0.19249943828067595, 1.008130081300813, 
0.8371871675718042, 0.1924999046687529, 1.0065040650406505, 
0.7664184536140193, 0.19250244084443952, 1.0048780487804878, 
0.8286770057667543, 0.1925003802016942, 1.0065040650406505, 
0.7602597838866803, 0.3700090501271187, 1.0048780487804878, 
0.8012989194334024, 0.19250172754502765, 1.0048780487804878, 
0.7997872459548738, 0.19250243743035683, 1.0048780487804878, 
0.8076255528805777, 0.19250243743035683, 1.0032520325203251, 
0.8046581938301328, 0.1924999046687529, 1.0113821138211383, 
0.8263815015956554, 0.19250016072495207, 1.0097560975609756, 
0.8346677117742569, 0.1924999046687529, 1.0097560975609756, 
0.8245339006774535, 0.1924996455642657, 1.0113821138211383, 
0.8411623089412686, 0.19250172413094496, 1.0032520325203251, 
0.8568389227926765, 0.1924994474255402, 1.0048780487804878, 
0.7972677901573259, 0.1925019256837532, 1.0065040650406505, 
0.8012989194334024, 0.19250172754502765, 1.0048780487804878, 
0.8012989194334024, 0.19250172754502765, 1.0048780487804878, 
0.8439057163652651, 0.19249970653002743, 1.0065040650406505, 
0.8441296679917136, 0.19249928891455978, 1.0113821138211383, 
0.9863949386932419, 0.39781720925404257, 0.991869918699187, 
0.9839314708023067, 0.41182779240620815, 0.9934959349593496, 
0.9624321146632325, 0.23574911831672088, 0.9951219512195122, 
0.8889759811880632, 0.2270636149816834, 0.9967479674796748, 
0.8858966463243939, 0.2697709271409216, 0.9967479674796748, 
0.910307373607301, 0.22706056669359856, 0.9967479674796748, 
0.9145064666032138, 0.21812905102481273, 0.9967479674796748, 
0.9832596159229606, 0.46540317948672105, 0.9934959349593496, 
0.9141705391635404, 0.3401007429290037, 0.9951219512195122, 
1.0279939533060858, 0.23574911831672088, 0.9934959349593496, 
0.9367896534348576, 0.16780766696983873, 0.9983739837398374, 
0.8323722076031574, 0.2381212011196707, 1.0, 
1.0568277252113543, 0.1623989720008864, 0.9983739837398374, 
0.8368512401321315, 0.21471672101353212, 0.9983739837398374, 
0.9294552376686634, 0.1680915235562971, 0.9983739837398374, 
0.8361233973461734, 0.21443822941410298, 1.0016260162601627, 
0.9025250545882085, 0.21137503776111066, 0.9983739837398374, 
0.8363473489726219, 0.2147169039108172, 1.0, 
0.9620401993169477, 0.15991022487249124, 1.0, 
0.8813616258888077, 0.16808086674115258, 1.0016260162601627, 
0.8635574715861374, 0.168077538010564, 1.0032520325203251, 
0.8462572084429761, 0.2079319582047401, 1.0, 
0.863389507866301, 0.1735578971350067, 1.0016260162601627, 
0.9888024186775657, 0.15990770064609394, 1.0032520325203251, 
0.8596943060298973, 0.3200958081919865, 0.9967479674796748, 
0.8746990650019596, 0.1680860976035061, 1.0016260162601627, 
0.8140641621409773, 0.25896222275122266, 1.0016260162601627, 
0.8647892055316053, 0.16809768109822842, 1.0, 
0.829628800179161, 0.3259350922645796, 0.9983739837398374, 
0.9263199148983815, 0.15991022487249124, 1.0016260162601627, 
0.894462796036056, 0.16209425866155705, 1.0, 
0.969430602989754, 0.15990770064609394, 1.0048780487804878, 
0.8601422092827948, 0.21442597529600202, 0.9983739837398374, 
0.8297967638989979, 0.303668273874893, 1.0, 
0.9053804378254299, 0.2079319582047401, 0.9983739837398374, 
0.8695481775936394, 0.21439815966722806, 0.9983739837398374, 
0.89507866300879, 0.16179857776561762, 1.0, 
0.9466995129052126, 0.21445773845784583, 0.9967479674796748, 
1.1049213369912099, 0.13344184737370296, 1.0032520325203251, 
1.0373439337103183, 0.1328941910828636, 1.0065040650406505, 
1.0534684508146237, 0.1206789665772893, 1.008130081300813, 
1.0352723811656679, 0.15102554724751238, 1.0097560975609756, 
0.9738536476121153, 0.15908809743034363, 1.0097560975609756, 
