0.8833333333333334, 0.22156584295222928, 1.2647058823529411, 
0.8500000000000002, 0.21004368380928795, 1.2941176470588236, 
0.9333333333333336, 0.16296207538473784, 1.2352941176470589, 
1.64, 0.08312429141211387, 1.2058823529411764, 
1.6000000000000003, 0.0764182508384709, 1.2647058823529411, 
2.41, 0.0418422655803818, 1.2647058823529411, 
1.4299999999999997, 0.08660803735840993, 1.2058823529411764, 
1.5, 0.08126681147403413, 1.2647058823529411, 
2.1199999999999997, 0.04736306712532799, 1.2352941176470589, 
1.8200000000000003, 0.04664654704210349, 1.2647058823529411, 
2.02, 0.04300285392790818, 1.2941176470588236, 
1.9333333333333336, 0.04322332164582341, 1.2647058823529411, 
1.8633333333333333, 0.045949098560774775, 1.2647058823529411, 
1.7666666666666668, 0.04601267056709405, 1.2941176470588236, 
1.2899999999999998, 0.08163536890922996, 1.3235294117647058, 
1.8200000000000003, 0.04664654704210349, 1.2647058823529411, 
1.3133333333333332, 0.08166842635251595, 1.2941176470588236, 
1.6600000000000001, 0.046835800904915986, 1.2647058823529411, 
1.9600000000000002, 0.04306642593422745, 1.2941176470588236, 
2.3233333333333337, 0.04209154921732139, 1.2647058823529411, 
1.89, 0.051695245067961026, 1.2352941176470589, 
1.906666666666667, 0.04506589267698114, 1.2941176470588236, 
1.763333333333333, 0.04682257792760157, 1.2941176470588236, 
0.8633333333333333, 1.3141504321117685, 1.2352941176470589, 
1.6466666666666665, 0.07072074200187936, 1.2647058823529411, 
1.4833333333333332, 0.046835800904915986, 1.2941176470588236, 
1.2566666666666666, 0.08194311590606106, 1.2647058823529411, 
0.9533333333333331, 0.09064895888265107, 1.3235294117647058, 
1.4600000000000002, 0.06825409475620635, 1.3529411764705883, 
1.2466666666666668, 0.0825530257346881, 1.2647058823529411, 
1.0166666666666668, 0.08945075370754547, 1.2647058823529411, 
1.2700000000000002, 0.08172150389203207, 1.3529411764705883, 
0.6833333333333336, 0.24465610345563876, 1.3823529411764706, 
1.22, 0.0818084068246705, 1.2941176470588236, 
1.2133333333333336, 0.0825199682914021, 1.2941176470588236, 
1.2933333333333337, 0.08176931004078414, 1.2647058823529411, 
0.6633333333333334, 0.26072541818066264, 1.411764705882353, 
0.7466666666666667, 0.22732519972232867, 1.2647058823529411, 
1.2933333333333337, 0.08176931004078414, 1.2647058823529411, 
1.2933333333333337, 0.08176931004078414, 1.2647058823529411, 
1.2933333333333337, 0.08176931004078414, 1.2647058823529411, 
1.3999999999999997, 0.06877640236012546, 1.3235294117647058, 
1.1733333333333331, 0.0825530257346881, 1.2941176470588236, 
1.2700000000000002, 0.08809554093411276, 1.2352941176470589, 
1.1499999999999997, 0.08823686150416052, 1.2352941176470589, 
1.2966666666666669, 0.08739198954017739, 1.2352941176470589, 
0.86, 0.09539514824499827, 1.3529411764705883, 
1.1433333333333333, 0.08937271779834842, 1.3235294117647058, 
1.1333333333333335, 0.08179690792016747, 1.3529411764705883, 
0.8500000000000002, 0.09539514824499827, 1.3823529411764706, 
0.86, 0.09539514824499827, 1.3529411764705883, 
1.0866666666666667, 0.08425827360355552, 1.3529411764705883, 
1.0633333333333332, 0.08296459853223985, 1.3823529411764706, 
1.3266666666666669, 0.05879285614308742, 1.3823529411764706, 
1.2733333333333334, 0.06813784444257065, 1.411764705882353, 
1.5399999999999998, 0.04660685013847751, 1.3529411764705883, 
1.3099999999999998, 0.06034611097348618, 1.3823529411764706, 
1.2033333333333331, 0.07047077941591223, 1.3823529411764706, 
1.4799999999999998, 0.057800687840462564, 1.3529411764705883, 
1.2733333333333334, 0.06813784444257065, 1.411764705882353, 
1.47, 0.048054972127705695, 1.3823529411764706, 
1.2733333333333334, 0.06813784444257065, 1.411764705882353, 
1.3099999999999998, 0.05379462666160661, 1.411764705882353, 
1.4233333333333331, 0.04210112316147308, 1.411764705882353, 
1.2733333333333334, 0.06813784444257065, 1.411764705882353, 
0.7599999999999998, 0.12625106498050007, 1.3235294117647058, 
0.8733333333333331, 0.12621800753721402, 1.3235294117647058, 
1.4333333333333336, 0.07959325806463725, 1.2941176470588236, 
1.3066666666666666, 0.07818291310444424, 1.3529411764705883, 
0.9533333333333331, 0.09326102327845905, 1.2941176470588236, 
2.1333333333333333, 0.04165033152178287, 1.2941176470588236, 
1.8366666666666667, 0.03945639801169851, 1.3529411764705883, 
1.9133333333333333, 4.221155790796878E-4, 1.4705882352941178, 
1.7333333333333332, 0.0030000875793387695, 1.5, 
1.8366666666666667, 0.03945639801169851, 1.3529411764705883, 
1.763333333333333, 0.0021507732035540685, 1.4705882352941178, 
2.716666666666667, 0.038899761524366985, 1.2941176470588236, 
2.283333333333333, 4.0785510662216703E-4, 1.3823529411764706, 
1.75, 0.03957693053567984, 1.3529411764705883, 
2.3033333333333332, 3.798834238416785E-4, 1.3823529411764706, 
1.9566666666666663, 5.67802274521452E-4, 1.411764705882353, 
2.0766666666666667, 3.798834238416785E-4, 1.411764705882353, 
2.31, 5.2614735310074034E-5, 1.411764705882353, 
2.626666666666667, 3.37163035595121E-4, 1.3823529411764706, 
1.876666666666667, 8.498076945537189E-4, 1.4411764705882353, 
1.7100000000000002, 0.041982495254801064, 1.3529411764705883, 
2.31, 5.2614735310074034E-5, 1.411764705882353, 
2.08, 2.901197509188743E-4, 1.4411764705882353, 
1.8566666666666667, 0.0012023144695940814, 1.4411764705882353, 
2.5433333333333334, 0.03943986929005551, 1.2941176470588236, 
2.1333333333333333, 5.2614735310074034E-5, 1.4411764705882353, 
2.25, 0.03945639801169851, 1.2941176470588236, 
1.906666666666667, 4.3074102889709533E-4, 1.4411764705882353, 
1.7333333333333332, 0.0030000875793387695, 1.5, 
1.7333333333333332, 0.0030000875793387695, 1.5, 
1.7666666666666668, 0.002531414405711079, 1.4411764705882353, 
1.5333333333333332, 0.004507232362114041, 1.3823529411764706, 
2.09, 9.787800380938853E-5, 1.411764705882353, 
2.143333333333333, 9.533512355663157E-5, 1.411764705882353, 
2.3466666666666662, 0.0010969756551230511, 1.3235294117647058, 
2.08, 2.901197509188743E-4, 1.4411764705882353, 
1.7933333333333337, 8.468198102567289E-4, 1.4705882352941178, 
1.7100000000000002, 0.041982495254801064, 1.3529411764705883, 
1.8399999999999999, 0.0014051727417588743, 1.3235294117647058, 
2.013333333333333, 5.67802274521452E-4, 1.3823529411764706, 
2.0700000000000003, 0.0012892174022325368, 1.3529411764705883, 
1.7266666666666666, 0.03960903439887109, 1.3529411764705883, 
1.8800000000000001, 0.0012023144695940814, 1.411764705882353, 
2.09, 9.787800380938853E-5, 1.411764705882353, 
2.09, 9.787800380938853E-5, 1.411764705882353, 
2.4033333333333338, 8.149702350907611E-4, 1.3235294117647058, 
1.97, 0.0011808907034644934, 1.3823529411764706, 
2.6, 4.3328390914987546E-4, 1.3235294117647058, 
2.09, 9.787800380938853E-5, 1.411764705882353, 
1.626666666666667, 0.04199075961562259, 1.3235294117647058, 
2.283333333333333, 4.0785510662216703E-4, 1.3823529411764706, 
2.283333333333333, 4.0785510662216703E-4, 1.3823529411764706, 
1.7100000000000002, 0.041982495254801064, 1.3529411764705883, 
1.736666666666667, 0.083018441478712, 1.2058823529411764, 
0.9299999999999997, 0.3613324309058177, 1.2058823529411764, 
1.843333333333333, 0.3486843708448781, 1.088235294117647, 
0.9466666666666667, 0.3690268839479522, 1.1764705882352942, 
1.4266666666666665, 0.08496516634214302, 1.2352941176470589, 
1.123333333333333, 0.0907944040044688, 1.1764705882352942, 
2.03, 0.20681297733406484, 1.088235294117647, 
1.513333333333333, 0.08243627701652291, 1.2352941176470589, 
0.9166666666666666, 0.3619950241275217, 1.2352941176470589, 
0.9466666666666667, 0.3690268839479522, 1.1764705882352942, 
0.9466666666666667, 0.3690268839479522, 1.1764705882352942, 
1.39, 0.08061407954195034, 1.3235294117647058, 
1.4733333333333334, 0.08336249317691191, 1.1764705882352942, 
1.3566666666666667, 0.22480385512241857, 1.1176470588235294, 
1.72, 0.08305753826259836, 1.2058823529411764, 
1.1833333333333336, 0.0907944040044688, 1.1470588235294117, 
0.9466666666666667, 0.3690268839479522, 1.1764705882352942, 
0.9466666666666667, 0.3690268839479522, 1.1764705882352942, 
1.1833333333333336, 0.0907944040044688, 1.1470588235294117, 
1.2866666666666664, 0.3701820076458154, 1.1176470588235294, 
0.9666666666666668, 0.13238753343496562, 1.1470588235294117, 
1.7266666666666666, 0.37022828806641583, 1.088235294117647, 
0.9466666666666667, 0.37028613859216636, 1.1176470588235294, 
0.9966666666666667, 0.0908922413221942, 1.1470588235294117, 
1.6000000000000003, 0.08329853973855474, 1.2058823529411764, 
1.1733333333333331, 0.09044564797780132, 1.1764705882352942, 
0.9199999999999999, 0.11498382195425826, 1.3235294117647058, 
0.9433333333333334, 0.1015302994874929, 1.3235294117647058, 
0.89, 0.11498849322528258, 1.2647058823529411, 
1.0633333333333332, 0.08499733377734056, 1.3529411764705883, 
1.0033333333333332, 0.08897660062697306, 1.3823529411764706, 
1.376666666666667, 0.08678271288873324, 1.2352941176470589, 
1.9400000000000002, 0.08271244398349482, 1.2058823529411764, 
1.623333333333333, 0.08163998423688874, 1.2352941176470589, 
1.7666666666666668, 0.07982221137395601, 1.2352941176470589, 
