0.018368846436443792, 0.14806280008504025, 0.16842105263157894, 
0.07347538574577517, 0.13482255970981305, 0.16842105263157894, 
0.09184423218221896, 0.08666990335109259, 0.21052631578947367, 
0.018368846436443792, 0.1808518816084599, 0.14736842105263157, 
0.055106539309331376, 0.1722301031176508, 0.14736842105263157, 
0.018368846436443792, 0.14806280008504025, 0.16842105263157894, 
0.055106539309331376, 0.2732091221466977, 0.10526315789473684, 
0.036737692872887584, 0.2182594250162976, 0.12631578947368421, 
0.07347538574577517, 0.11876250062017325, 0.24210526315789474, 
0.036737692872887584, 0.14521650733944938, 0.16842105263157894, 
0.036737692872887584, 0.2182594250162976, 0.12631578947368421, 
0.055106539309331376, 0.2732091221466977, 0.10526315789473684, 
0.07347538574577517, 0.11876250062017325, 0.24210526315789474, 
0.018368846436443792, 0.14806280008504025, 0.16842105263157894, 
0.036737692872887584, 0.14521650733944938, 0.16842105263157894, 
0.09184423218221896, 0.13036337736206602, 0.16842105263157894, 
0.018368846436443792, 0.14806280008504025, 0.16842105263157894, 
0.09184423218221896, 0.08666990335109259, 0.21052631578947367, 
0.055106539309331376, 0.1722301031176508, 0.14736842105263157, 
0.09184423218221896, 0.13036337736206602, 0.16842105263157894, 
0.055106539309331376, 0.1394410215942311, 0.16842105263157894, 
0.018368846436443792, 0.14806280008504025, 0.16842105263157894, 
0.07347538574577517, 0.11876250062017325, 0.24210526315789474, 
0.055106539309331376, 0.1722301031176508, 0.14736842105263157, 
0.09184423218221896, 0.08666990335109259, 0.21052631578947367, 
0.09184423218221896, 0.13036337736206602, 0.16842105263157894, 
0.018368846436443792, 0.14806280008504025, 0.16842105263157894, 
0.09184423218221896, 0.13036337736206602, 0.16842105263157894, 
0.018368846436443792, 0.14806280008504025, 0.16842105263157894, 
0.018368846436443792, 0.14806280008504025, 0.16842105263157894, 
0.09184423218221896, 0.13036337736206602, 0.16842105263157894, 
0.018368846436443792, 0.14806280008504025, 0.16842105263157894, 
0.09184423218221896, 0.13036337736206602, 0.16842105263157894, 
0.018368846436443792, 0.14806280008504025, 0.16842105263157894, 
0.018368846436443792, 0.1808518816084599, 0.14736842105263157, 
0.018368846436443792, 0.14806280008504025, 0.16842105263157894, 
0.018368846436443792, 0.14806280008504025, 0.16842105263157894, 
0.018368846436443792, 0.14806280008504025, 0.16842105263157894, 
0.018368846436443792, 0.14806280008504025, 0.16842105263157894, 
0.18368846436443792, 0.09450520795039699, 0.18947368421052632, 
0.28508449669360786, 0.03648124788142465, 0.2736842105263158, 
0.2255694342395298, 0.08711754636309883, 0.18947368421052632, 
0.2255694342395298, 0.12870470256621158, 0.16842105263157894, 
0.14695077149155034, 0.0678781328419455, 0.21052631578947367, 
0.16531961792799413, 0.03742925061587543, 0.23157894736842105, 
0.29390154298310067, 0.03646238342746817, 0.25263157894736843, 
0.2755326965466569, 0.03675541821793759, 0.25263157894736843, 
0.11021307861866275, 0.09469872247102175, 0.18947368421052632, 
0.2755326965466569, 0.03675541821793759, 0.25263157894736843, 
0.14695077149155034, 0.0678781328419455, 0.21052631578947367, 
0.14695077149155034, 0.0678781328419455, 0.21052631578947367, 
0.2255694342395298, 0.12870470256621158, 0.16842105263157894, 
0.16531961792799413, 0.03742925061587543, 0.23157894736842105, 
0.14695077149155034, 0.0678781328419455, 0.21052631578947367, 
0.2755326965466569, 0.03675541821793759, 0.25263157894736843, 
0.2755326965466569, 0.03675541821793759, 0.25263157894736843, 
0.2755326965466569, 0.03675541821793759, 0.25263157894736843, 
0.14695077149155034, 0.0678781328419455, 0.21052631578947367, 
0.2755326965466569, 0.03675541821793759, 0.25263157894736843, 
0.2755326965466569, 0.03675541821793759, 0.25263157894736843, 
0.2255694342395298, 0.12870470256621158, 0.16842105263157894, 
0.16531961792799413, 0.03742925061587543, 0.23157894736842105, 
0.29390154298310067, 0.03646238342746817, 0.25263157894736843, 
0.14695077149155034, 0.0678781328419455, 0.21052631578947367, 
0.2755326965466569, 0.03675541821793759, 0.25263157894736843, 
0.2255694342395298, 0.12870470256621158, 0.16842105263157894, 
0.14695077149155034, 0.0678781328419455, 0.21052631578947367, 
0.2755326965466569, 0.03675541821793759, 0.25263157894736843, 
0.14695077149155034, 0.0678781328419455, 0.21052631578947367, 
0.2755326965466569, 0.03675541821793759, 0.25263157894736843, 
0.14695077149155034, 0.0678781328419455, 0.21052631578947367, 
0.2255694342395298, 0.12870470256621158, 0.16842105263157894, 
0.2755326965466569, 0.03675541821793759, 0.25263157894736843, 
0.14695077149155034, 0.0678781328419455, 0.21052631578947367, 
0.14695077149155034, 0.0678781328419455, 0.21052631578947367, 
0.29390154298310067, 0.03646238342746817, 0.25263157894736843, 
0.2755326965466569, 0.03675541821793759, 0.25263157894736843, 
0.14695077149155034, 0.0678781328419455, 0.21052631578947367, 
0.2255694342395298, 0.12870470256621158, 0.16842105263157894, 
0.14695077149155034, 0.0678781328419455, 0.21052631578947367, 
0.14695077149155034, 0.0678781328419455, 0.21052631578947367, 
0.14695077149155034, 0.0678781328419455, 0.21052631578947367, 
0.14695077149155034, 0.0678781328419455, 0.21052631578947367, 
0.14695077149155034, 0.0678781328419455, 0.21052631578947367, 
0.14695077149155034, 0.0678781328419455, 0.21052631578947367, 
0.14695077149155034, 0.0678781328419455, 0.21052631578947367, 
0.14695077149155034, 0.0678781328419455, 0.21052631578947367, 
0.14695077149155034, 0.0678781328419455, 0.21052631578947367, 
0.14695077149155034, 0.0678781328419455, 0.21052631578947367, 
0.14695077149155034, 0.0678781328419455, 0.21052631578947367, 
0.14695077149155034, 0.0678781328419455, 0.21052631578947367, 
0.14695077149155034, 0.0678781328419455, 0.21052631578947367, 
0.14695077149155034, 0.0678781328419455, 0.21052631578947367, 
0.14695077149155034, 0.0678781328419455, 0.21052631578947367, 
0.14695077149155034, 0.0678781328419455, 0.21052631578947367, 
0.14695077149155034, 0.0678781328419455, 0.21052631578947367, 
0.14695077149155034, 0.0678781328419455, 0.21052631578947367, 
0.14695077149155034, 0.0678781328419455, 0.21052631578947367, 
0.14695077149155034, 0.0678781328419455, 0.21052631578947367, 
0.14695077149155034, 0.0678781328419455, 0.21052631578947367, 
0.14695077149155034, 0.0678781328419455, 0.21052631578947367, 
0.14695077149155034, 0.0678781328419455, 0.21052631578947367, 
0.14695077149155034, 0.0678781328419455, 0.21052631578947367, 
0.14695077149155034, 0.0678781328419455, 0.21052631578947367, 
0.14695077149155034, 0.0678781328419455, 0.21052631578947367, 
0.14695077149155034, 0.0678781328419455, 0.21052631578947367, 
0.14695077149155034, 0.0678781328419455, 0.21052631578947367, 
0.14695077149155034, 0.0678781328419455, 0.21052631578947367, 
0.14695077149155034, 0.0678781328419455, 0.21052631578947367, 
0.14695077149155034, 0.0678781328419455, 0.21052631578947367, 
0.14695077149155034, 0.0678781328419455, 0.21052631578947367, 
0.14695077149155034, 0.0678781328419455, 0.21052631578947367, 
0.14695077149155034, 0.0678781328419455, 0.21052631578947367, 
0.14695077149155034, 0.0678781328419455, 0.21052631578947367, 
0.14695077149155034, 0.0678781328419455, 0.21052631578947367, 
0.14695077149155034, 0.0678781328419455, 0.21052631578947367, 
0.14695077149155034, 0.0678781328419455, 0.21052631578947367, 
0.14695077149155034, 0.0678781328419455, 0.21052631578947367, 
0.11021307861866275, 0.0813970097120587, 0.21052631578947367, 
0.07347538574577517, 0.12227460378661792, 0.18947368421052632, 
0.07347538574577517, 0.12227460378661792, 0.18947368421052632, 
0.07347538574577517, 0.12227460378661792, 0.18947368421052632, 
0.07347538574577517, 0.12227460378661792, 0.18947368421052632, 
0.07347538574577517, 0.12227460378661792, 0.18947368421052632, 
0.07347538574577517, 0.12227460378661792, 0.18947368421052632, 
0.07347538574577517, 0.10439632169023098, 0.25263157894736843, 
0.09184423218221896, 0.1116311201634475, 0.18947368421052632, 
0.09184423218221896, 0.1116311201634475, 0.18947368421052632, 
0.09184423218221896, 0.7854992775043024, 0.06315789473684211, 
0.15944158706833225, 0.7414912705924473, 0.08421052631578947, 
0.1381337252020575, 0.7645941494126931, 0.08421052631578947, 
0.3747244673034535, 0.9069941592591049, 0.042105263157894736, 
0.09184423218221896, 0.7854992775043024, 0.06315789473684211, 
0.1381337252020575, 0.7645941494126931, 0.08421052631578947, 
0.1381337252020575, 0.7645941494126931, 0.08421052631578947, 
0.38795003673769296, 0.902201347972786, 0.042105263157894736, 
0.1381337252020575, 0.7645941494126931, 0.08421052631578947, 
0.1381337252020575, 0.7645941494126931, 0.08421052631578947, 
0.1381337252020575, 0.7645941494126931, 0.08421052631578947, 
0.24173401910360023, 0.3110036582007437, 0.08421052631578947, 
0.18589272593681125, 0.2166775326303179, 0.12631578947368421, 
0.3085966201322559, 0.2615335551302628, 0.10526315789473684, 
0.207200587803086, 0.261554919019472, 0.10526315789473684, 
0.18589272593681125, 0.2166775326303179, 0.12631578947368421, 
0.4775900073475386, 0.2526525982781459, 0.10526315789473684, 
0.09184423218221896, 0.26614763570079875, 0.10526315789473684, 
0.4158706833210872, 0.1702180901934063, 0.14736842105263157, 
0.5025716385011024, 0.212084815948991, 0.12631578947368421, 
0.17487141807494508, 0.6555959404180043, 0.08421052631578947, 
