1.2620874012087402, 0.21827684843852965, 41.55555555555556, 
1.0356229660622966, 0.17565832815873014, 41.833333333333336, 
1.0141794514179454, 0.18405017339250246, 41.833333333333336, 
1.1635867038586702, 0.24293757587923692, 41.55555555555556, 
1.0336471408647139, 0.18405017339250246, 41.77777777777778, 
1.1423175267317527, 0.21353306006288128, 41.611111111111114, 
0.9574035332403531, 0.27385895159118323, 41.833333333333336, 
1.1374360762436075, 0.1729968856869267, 41.72222222222222, 
1.0457926545792655, 0.17422638860842568, 41.833333333333336, 
0.9401441190144122, 0.3516640335137612, 41.833333333333336, 
1.2541259879125988, 0.17279975740449757, 41.666666666666664, 
0.9929102742910273, 0.22829223125798506, 41.77777777777778, 
1.010518363551836, 0.18609078095258602, 41.77777777777778, 
0.9731520223152023, 0.1963396339106921, 41.833333333333336, 
0.9944793119479309, 0.29352342210524873, 41.72222222222222, 
1.2924221292422131, 0.1731271301409793, 41.611111111111114, 
0.9869246861924686, 0.2924591938036219, 41.77777777777778, 
1.1436541143654115, 0.1727988613298222, 41.72222222222222, 
1.1233147373314738, 0.2689301250984699, 41.611111111111114, 
1.2142026964202697, 0.1733201853567026, 41.611111111111114, 
1.0918177591817757, 0.17398544341483382, 41.666666666666664, 
0.9862854486285448, 0.306073316789527, 41.77777777777778, 
1.1691073919107393, 0.2061244031146391, 41.611111111111114, 
1.0475360297536027, 0.17421860497795078, 41.77777777777778, 
1.0492794049279406, 0.3263758235906246, 41.666666666666664, 
1.182298930729893, 0.20472941980193798, 41.611111111111114, 
0.9923291492329146, 0.18719138760511206, 41.833333333333336, 
1.0407949790794977, 0.17565832815873014, 41.72222222222222, 
0.9331125058112506, 0.35166763410472907, 41.833333333333336, 
1.330776383077638, 0.1731260181937686, 41.611111111111114, 
1.5666550441655043, 0.1726365659138614, 41.666666666666664, 
0.9977336122733613, 0.21169951971967976, 41.72222222222222, 
1.1675964667596468, 0.2363912231585303, 41.55555555555556, 
0.9886099488609946, 0.32626757500016484, 41.72222222222222, 
1.049686192468619, 0.2711581427667451, 41.666666666666664, 
1.0457926545792655, 0.17422638860842568, 41.833333333333336, 
1.0457926545792655, 0.17422638860842568, 41.833333333333336, 
0.9923291492329146, 0.18719138760511206, 41.833333333333336, 
0.99116689911669, 0.29012985615719894, 41.77777777777778, 
1.062645281264528, 0.17244829655151747, 41.77777777777778, 
1.2035099953509993, 0.17338188417116263, 41.666666666666664, 
1.0624709437470943, 0.17421971692516147, 41.666666666666664, 
1.1853788935378893, 0.18469876478751882, 41.611111111111114, 
0.9517666201766622, 0.32267143116935626, 41.833333333333336, 
1.111808461180846, 0.5867809351910656, 41.611111111111114, 
1.0488145048814503, 0.1742178351683434, 41.833333333333336, 
0.9659460715946071, 0.3893851369991334, 41.77777777777778, 
0.9689098093909808, 0.19634074585790276, 41.833333333333336, 
1.00883310088331, 0.1854172056922415, 41.833333333333336, 
1.1184332868433287, 0.2711581427667451, 41.611111111111114, 
1.3345536959553699, 0.3795216546406375, 41.5, 
1.3091585309158533, 0.3849498475834653, 41.5, 
1.364597861459786, 0.704186806018309, 41.44444444444444, 
1.2959669920966987, 0.4351633412198267, 41.5, 
1.3401906090190605, 0.3298682137044674, 41.5, 
