1.0996797851461626, 0.09284532873406437, 1.0122950819672132, 
1.0982336535481871, 0.28599943396295685, 0.9959016393442623, 
1.1172399545501497, 0.3063160024067014, 0.9938524590163934, 
1.1851048445408532, 0.28873821233137587, 0.9938524590163934, 
1.2385084185518025, 0.254966598270724, 0.9938524590163934, 
1.23076128499122, 0.1175587469822337, 1.0020491803278688, 
1.1885135833075096, 0.1337253130656906, 1.0, 
1.3382914988121062, 0.17651250576842528, 0.9959016393442623, 
1.3382914988121062, 0.17651250576842528, 0.9959016393442623, 
1.176531350067142, 0.13484185989126463, 1.0, 
1.2343766139861585, 0.1175587469822337, 1.0, 
1.277967152153703, 0.05215364903461839, 1.0204918032786885, 
1.2519367833901456, 0.06290999437442797, 1.0184426229508197, 
1.1082532796198739, 0.3529952433545304, 0.9938524590163934, 
1.2754880694143165, 0.24215383886557784, 0.9938524590163934, 
0.9654994318768721, 0.23087899821858884, 1.0020491803278688, 
1.172812725958062, 0.12109505056931173, 1.0020491803278688, 
0.9719037289536205, 0.36946904280630544, 1.0, 
1.0386323726887718, 0.13283832010784313, 1.0040983606557377, 
1.0227249251110422, 0.14660834592413372, 1.0040983606557377, 
1.1509141617601486, 0.20743332439535903, 0.9959016393442623, 
1.1578349344076024, 0.11655866661006138, 1.0040983606557377, 
1.0566057225493233, 0.20743332439535903, 0.9979508196721312, 
0.993802293151534, 0.3363552950154302, 0.9979508196721312, 
0.9997934097717177, 0.20483584649764647, 1.0020491803278688, 
1.184071893399442, 0.0960743317560244, 1.0040983606557377, 
1.0120855283545087, 0.23109562150212165, 0.9979508196721312, 
1.0562958372069, 0.14441194652545866, 1.0, 
1.115587232723892, 0.11955203925368263, 1.0040983606557377, 
1.2495609957649003, 0.06780900106413343, 1.0081967213114753, 
1.2432599938022932, 0.0949907833589334, 1.0020491803278688, 
0.9648796611920255, 0.28797541825868084, 1.0040983606557377, 
1.2111352133044107, 0.09412394464126042, 1.0040983606557377, 
1.0401817994008882, 0.14441194652545866, 1.0020491803278688, 
0.9944220638363807, 0.19460128910820756, 1.0040983606557377, 
0.9413283751678545, 0.8904306549304895, 1.0061475409836065, 
1.2111352133044107, 0.09412394464126042, 1.0040983606557377, 
0.9965912612333435, 0.15425715605720003, 1.0061475409836065, 
1.1042247701683712, 0.185241542856763, 0.9979508196721312, 
1.1611403780601177, 0.11200681298753827, 1.0040983606557377, 
1.1302551389319284, 0.2435951094265087, 0.9959016393442623, 
1.171883069930792, 0.1298597835576679, 1.0020491803278688, 
1.003098853424233, 0.15425715605720003, 1.0020491803278688, 
1.000103295114141, 0.1904403384693207, 1.0020491803278688, 
0.9979340977171781, 0.16213555365639262, 1.0040983606557377, 
1.0507179010432806, 0.13961832841672744, 1.0020491803278688, 
0.9535171986365045, 0.4311432304347938, 1.0040983606557377, 
0.9560995764900321, 0.47009470020999733, 1.0020491803278688, 
1.09286230761285, 0.3516055223386042, 0.9959016393442623, 
1.1441999793409772, 0.237534798042778, 0.9959016393442623, 
1.0249974176221464, 0.13463847437729626, 1.0040983606557377, 
1.0515442619564095, 0.13463847437729626, 1.0020491803278688, 
1.1385187480632166, 0.23970415072952564, 0.9959016393442623, 
0.9424646214234067, 0.36645840538490193, 1.0061475409836065, 
1.061357297799814, 0.13193824297311665, 1.0020491803278688, 
1.141101125916744, 0.3558883007755638, 0.9918032786885246, 
1.0904865199876046, 0.43461686820626866, 0.9959016393442623, 
1.2778638570395622, 0.06143615256467031, 1.0122950819672132, 
1.181592810660056, 0.08978423611553926, 1.0122950819672132, 
1.2022518334882761, 0.08359589082929517, 1.0102459016393444, 
1.2015287676892883, 0.09183454487163499, 1.0102459016393444, 
1.2018386530317116, 0.08995558795507924, 1.0102459016393444, 
1.167544675136866, 0.07974215435964076, 1.014344262295082, 
1.194091519471129, 0.0838502787143265, 1.0122950819672132, 
1.1445098646834007, 0.340501755144413, 0.9918032786885246, 
1.1374857969218055, 0.3908782696132878, 0.9918032786885246, 
1.0760252040078502, 0.9075273447177351, 0.9938524590163934, 
1.195331060840822, 0.3529800232793713, 0.985655737704918, 
1.1625865096580932, 0.3658911060019678, 0.9897540983606558, 
1.128705712219812, 0.39913205253512996, 0.9897540983606558, 
1.0586716248321455, 0.48079764329303576, 0.9959016393442623, 
1.240987501291189, 0.3219482339373069, 0.985655737704918, 
1.172709430843921, 0.340501755144413, 0.9897540983606558, 
1.1753951038115895, 0.3456481708515113, 0.9877049180327869, 
1.19512447061254, 0.4759469991001148, 0.985655737704918, 
1.16320628034294, 0.3605611566354764, 0.9897540983606558, 
1.1916124367317427, 0.33325944245231265, 0.9897540983606558, 
1.2031814895155457, 0.3234028046648306, 0.9918032786885246, 
1.188926763764074, 0.3348543536962595, 0.9897540983606558, 
1.0903832248734635, 0.4658498495667643, 0.9959016393442623, 
1.206177047825638, 0.32221270134231134, 0.985655737704918, 
1.1636194607995043, 0.37254129009360065, 0.9877049180327869, 
1.218675756636711, 0.30509298225181325, 0.9918032786885246, 
1.0810866646007644, 0.4999667303844321, 0.9918032786885246, 
1.1081499845057328, 0.3845808207229938, 0.9938524590163934, 
1.1445098646834007, 0.340501755144413, 0.9918032786885246, 
1.1445098646834007, 0.340501755144413, 0.9918032786885246, 
1.1082532796198739, 0.40020360150368206, 0.9918032786885246, 
1.1729160210722034, 0.32998602234567187, 0.9918032786885246, 
