1.1021816147678538, 0.08001759852747471, 0.9922178988326849, 
1.034309155323513, 0.08104488538126517, 0.9961089494163424, 
1.0318851389147867, 0.14032339188124915, 0.980544747081712, 
0.9653179190751445, 0.15760710468486577, 0.980544747081712, 
0.934178631363043, 0.161888157262608, 0.980544747081712, 
0.9248554913294798, 0.1620429019340156, 0.980544747081712, 
0.8965131456274473, 0.16223633277327526, 0.980544747081712, 
0.9936602647771772, 0.14145789468594352, 0.980544747081712, 
1.0699235502517248, 0.14019617460416034, 0.980544747081712, 
0.8898004848032818, 0.09731276705601943, 0.9922178988326849, 
0.9640126794704458, 0.09496144651992974, 0.9883268482490273, 
0.8758157747529368, 0.10476410572165178, 0.9922178988326849, 
0.9405183665858662, 0.09544791229526028, 0.9922178988326849, 
1.0365467089315683, 0.10196298960805716, 0.9844357976653697, 
0.8769345515569645, 0.11435281804217805, 0.9883268482490273, 
0.9358567965690845, 0.10256910039990333, 0.9844357976653697, 
0.8987506992355027, 0.11110034240706473, 0.9883268482490273, 
0.8881223195972403, 0.2815508126911337, 0.9766536964980544, 
0.9944061159798621, 0.09386351162980276, 0.9883268482490273, 
0.8743240723475667, 0.280471899187588, 0.980544747081712, 
0.8139101249300766, 0.3245091212794798, 0.9766536964980544, 
1.109267201193362, 0.20188456375479297, 0.9727626459143969, 
0.9914227111691218, 0.20662448872434802, 0.9727626459143969, 
0.9742681335073654, 0.24221253957574343, 0.9727626459143969, 
1.1965317919075147, 0.19576076609738122, 0.9727626459143969, 
0.9276524333395488, 0.19796414544846933, 0.9766536964980544, 
0.8584747342905092, 0.28843426810783945, 0.9766536964980544, 
0.91310833488719, 0.32387031283958145, 0.9727626459143969, 
1.004102181614768, 0.2950236987504908, 0.9688715953307393, 
1.2267387656162598, 0.19576076609738122, 0.9688715953307393, 
0.9338057057617006, 0.19576076609738122, 0.9766536964980544, 
0.9662502330785011, 0.31632972708190416, 0.9688715953307393, 
0.8672384859220588, 0.43421009673478733, 0.9727626459143969, 
0.934178631363043, 0.2501181742822452, 0.9727626459143969, 
1.021629684877867, 0.4595123319674548, 0.9649805447470817, 
1.07216110385978, 0.3832692727237675, 0.9649805447470817, 
0.7661756479582325, 0.24406772361940474, 1.0, 
0.7575983591273541, 0.3998485937221644, 1.0038910505836576, 
0.7575983591273541, 0.2549205844242334, 1.0077821011673151, 
1.1277270184598174, 0.07161528951657338, 0.9961089494163424, 
1.1312698116725715, 0.06885776586776844, 0.9922178988326849, 
1.1185903412269251, 0.07443328896670524, 0.9961089494163424, 
1.061532724221518, 0.43531816096694465, 0.9649805447470817, 
0.9058362856610107, 0.2664133259934427, 0.9766536964980544, 
0.9461122506060041, 0.24523877454190673, 0.9727626459143969, 
1.1258623904531047, 0.3158523876127808, 0.9649805447470817, 
1.0359873205295544, 0.24014694897140704, 0.9688715953307393, 
1.0792466902852882, 0.08985547946410685, 0.9922178988326849, 
1.009696065634906, 0.09008756677607875, 0.9922178988326849, 
0.8053328360991983, 0.1231358583350212, 0.9922178988326849, 
1.051650195785941, 0.09004510602605009, 0.9922178988326849, 
0.8985642364348313, 0.08111181822570393, 0.9961089494163424, 
0.8810367331717324, 0.24215535333598148, 0.980544747081712, 
0.7999254148797317, 0.13240158322209836, 0.9922178988326849, 
0.815028901734104, 0.20919386396926484, 0.9844357976653697, 
0.8815961215737461, 0.0882075575957934, 1.0077821011673151, 
0.8823419727764313, 0.2869762004642055, 0.9766536964980544, 
0.8034682080924856, 0.1302453762498399, 0.9922178988326849, 
0.8144695133320904, 0.12124387871405644, 0.9922178988326849, 
0.8724594443408542, 0.11952329283938025, 0.9844357976653697, 
0.8286406861831065, 0.11974460741463276, 1.0, 
0.8558642550811115, 0.11918179873510114, 0.9922178988326849, 
0.8536267014730562, 0.09166044242794942, 1.0038910505836576, 
0.8435577102368077, 0.11952354359833608, 0.9961089494163424, 
0.8344210330039158, 0.12297617767153626, 0.9844357976653697, 
0.8726459071415252, 0.28219201323949206, 0.980544747081712, 
0.7699049039716578, 0.15015265462850563, 0.9883268482490273, 
0.8277083721797502, 0.12100320290784825, 0.9961089494163424, 
0.8200633973522283, 0.17718812586527707, 0.9844357976653697, 
0.8057057617005406, 0.37864493443499603, 0.9844357976653697, 
0.7743800111877681, 0.41634571857441816, 0.9844357976653697, 
0.8112996457206789, 0.46946184683185677, 0.980544747081712, 
0.76580272235689, 0.4297421462484763, 1.0, 
0.76580272235689, 0.4297421462484763, 1.0, 
