0.09979064898813682, 0.4649538821795066, 0.16176470588235295, 
0.14375436147941384, 0.2957157672877079, 0.16176470588235295, 
0.12421493370551293, 0.4511192808864909, 0.14705882352941177, 
0.10886252616887651, 0.3830743696182906, 0.16176470588235295, 
0.02721563154221916, 0.6227924988976218, 0.22058823529411764, 
0.25401256106071185, 0.031677109712198524, 0.29411764705882354, 
0.1521284019539428, 0.04704599371463289, 0.25, 
0.22191207257501744, 0.033636402347786434, 0.3088235294117647, 
0.16120027913468252, 0.0807148081024847, 0.20588235294117646, 
0.2937892533147244, 0.030697516908259212, 0.29411764705882354, 
0.3384508025122121, 0.024552277998446576, 0.27941176470588236, 
0.18562456385205864, 0.034050515696095185, 0.29411764705882354, 
0.2575017445917655, 0.01847540376109313, 0.3088235294117647, 
0.16050244242847173, 0.037667517131021476, 0.25, 
0.16748080949057922, 0.03540301328763185, 0.2647058823529412, 
0.16748080949057922, 0.03540301328763185, 0.2647058823529412, 
0.21074668527564547, 0.03540301328763185, 0.25, 
0.21981856245638523, 0.034050515696095185, 0.23529411764705882, 
0.08025122121423589, 0.1285640476678623, 0.22058823529411764, 
0.15771109560362873, 0.05701711743618581, 0.23529411764705882, 
0.16748080949057922, 0.03540301328763185, 0.2647058823529412, 
0.16748080949057922, 0.03540301328763185, 0.2647058823529412, 
0.10327983251919054, 0.11176059317672263, 0.22058823529411764, 
0.21981856245638523, 0.034050515696095185, 0.23529411764705882, 
0.21981856245638523, 0.034050515696095185, 0.23529411764705882, 
0.07397069085833918, 0.21555633753921086, 0.19117647058823528, 
0.18073970690858338, 0.0376674737414096, 0.22058823529411764, 
0.1256106071179344, 0.1711208017213133, 0.17647058823529413, 
0.16468946266573625, 0.1324397321834639, 0.17647058823529413, 
0.21981856245638523, 0.034050515696095185, 0.23529411764705882, 
0.21981856245638523, 0.034050515696095185, 0.23529411764705882, 
0.11793440334961622, 0.25797050754278217, 0.17647058823529413, 
0.08722958827634333, 0.1290544573096797, 0.19117647058823528, 
0.23377529658060012, 0.03389980911087375, 0.23529411764705882, 
0.16748080949057922, 0.03540301328763185, 0.2647058823529412, 
0.08513607815771114, 0.18195084884355997, 0.20588235294117646, 
0.08513607815771114, 0.3108222453807686, 0.17647058823529413, 
0.13119330076762037, 0.0643288802757874, 0.22058823529411764, 
0.10886252616887651, 0.10464010620943906, 0.20588235294117646, 
0.0704815073272854, 0.6266637779212983, 0.14705882352941177, 
0.11514305652477323, 0.531630117316225, 0.14705882352941177, 
0.06489881367759949, 0.5589234125535177, 0.16176470588235295, 
0.13328681088625263, 0.556940857300687, 0.1323529411764706, 
0.08025122121423589, 0.5183633095914729, 0.16176470588235295, 
0.12002791346824847, 0.6532652084415114, 0.1323529411764706, 
0.08513607815771114, 0.47878500362565035, 0.16176470588235295, 
0.1263084438241452, 0.6532652084415114, 0.11764705882352941, 
0.030006978367062148, 0.4272935764019775, 0.25, 
0.03279832519190514, 0.3302176506528616, 0.23529411764705882, 
0.030006978367062148, 0.5434738701552616, 0.22058823529411764, 
0.0704815073272854, 0.22074973274819415, 0.22058823529411764, 
0.03698534542916959, 0.326652757249148, 0.23529411764705882, 
0.02163293789253318, 0.5485334402306808, 0.27941176470588236, 
0.03349616189811587, 0.49352957764404276, 0.20588235294117646, 
0.04117236566643404, 0.2744993954626621, 0.20588235294117646, 
0.05652477320307052, 0.22088646209311247, 0.25, 
0.05792044661549198, 0.22088641291821906, 0.22058823529411764, 
0.04815073272854155, 0.25896873184605756, 0.25, 
0.04256803907885557, 0.2604616179731134, 0.23529411764705882, 
0.05861828332170271, 0.1950076132425408, 0.2647058823529412, 
0.025819958129797635, 0.6174238472610222, 0.2647058823529412, 
0.0621074668527565, 0.2604616179731134, 0.20588235294117646, 
0.04954640614096301, 0.4327985842328334, 0.17647058823529413, 
0.0621074668527565, 0.19761727855569935, 0.25, 
0.0683879972086532, 0.3964087147202356, 0.19117647058823528, 
0.06908583391486393, 0.24774767489750146, 0.19117647058823528, 
0.03210048848569434, 0.4102580482328008, 0.22058823529411764, 
0.07885554780181436, 0.39990745632169533, 0.17647058823529413, 
0.05652477320307052, 0.22088646209311247, 0.25, 
0.03768318213538032, 0.4058621078076982, 0.19117647058823528, 
0.053733426378227526, 0.4031663719677976, 0.19117647058823528, 
0.04117236566643404, 0.2744993954626621, 0.20588235294117646, 
0.04117236566643404, 0.2744993954626621, 0.20588235294117646, 
0.21702721563154218, 0.23144072194968546, 0.1323529411764706, 
0.15352407536636428, 0.23144072194968546, 0.14705882352941177, 
0.23796231681786462, 0.22583091085032367, 0.16176470588235295, 
0.21702721563154218, 0.23144072194968546, 0.1323529411764706, 
0.1751570132588974, 0.22938748212648102, 0.14705882352941177, 
0.23866015352407535, 0.22583091085032367, 0.14705882352941177, 
0.20376831821353802, 0.3960075401541859, 0.10294117647058823, 
0.15143056524773202, 0.25294284329528977, 0.11764705882352941, 
0.15143056524773202, 0.25294284329528977, 0.11764705882352941, 
0.15143056524773202, 0.25294284329528977, 0.11764705882352941, 
0.1451500348918353, 0.23144072194968546, 0.16176470588235295, 
