0.48129032258064514, 0.079209078567011, 0.7659574468085106, 
0.34967741935483876, 0.081572921620767, 0.7872340425531915, 
0.37290322580645163, 0.07740385731592374, 0.7872340425531915, 
0.24774193548387102, 0.16876235194904857, 0.851063829787234, 
0.3251612903225806, 0.08086063856916033, 0.8085106382978723, 
0.3651612903225807, 0.07947542388236864, 0.7872340425531915, 
0.263225806451613, 0.11371543633007254, 0.8085106382978723, 
0.263225806451613, 0.11371543633007254, 0.8085106382978723, 
0.27870967741935493, 0.060347601741962666, 0.8297872340425532, 
0.263225806451613, 0.11371543633007254, 0.8085106382978723, 
0.4064516129032258, 0.2593158855961406, 0.7446808510638298, 
0.22580645161290328, 0.17085400631226072, 0.8723404255319149, 
0.4335483870967742, 0.18653389305820892, 0.7659574468085106, 
0.352258064516129, 0.25591782479024827, 0.7659574468085106, 
0.3264516129032258, 0.03086505582255837, 0.851063829787234, 
0.31354838709677424, 0.02919912803289344, 0.8936170212765957, 
0.3483870967741935, 0.029750365254967024, 0.851063829787234, 
0.2812903225806452, 0.038118652491804156, 0.9148936170212766, 
0.27741935483870966, 0.03831742802594197, 0.9148936170212766, 
0.2812903225806452, 0.038118652491804156, 0.9148936170212766, 
0.2541935483870968, 0.039155047971237526, 0.8723404255319149, 
0.23870967741935484, 0.0534281304126478, 0.8936170212765957, 
0.29419354838709677, 0.03291810301923622, 0.9148936170212766, 
0.29419354838709677, 0.04265959442931194, 0.8297872340425532, 
0.24645161290322587, 0.041389764538298054, 0.8723404255319149, 
0.2619354838709677, 0.03776436406134311, 0.9361702127659575, 
0.34580645161290324, 0.02899906150031276, 0.8723404255319149, 
0.29161290322580646, 0.04617092022196411, 0.8297872340425532, 
0.27741935483870966, 0.04197818587478651, 0.851063829787234, 
0.3470967741935484, 0.038148935064072215, 0.8297872340425532, 
0.27870967741935493, 0.04014591389140932, 0.851063829787234, 
0.22709677419354843, 0.05012763236884752, 0.9148936170212766, 
0.34580645161290324, 0.02899906150031276, 0.8723404255319149, 
0.22709677419354843, 0.05012763236884752, 0.9148936170212766, 
0.263225806451613, 0.038794390846798095, 0.8723404255319149, 
0.33161290322580644, 0.02558674816428043, 0.9361702127659575, 
0.22709677419354843, 0.05012763236884752, 0.9148936170212766, 
0.27741935483870966, 0.06337592325805767, 0.8297872340425532, 
0.29032258064516137, 0.038148935064072215, 0.851063829787234, 
0.29419354838709677, 0.04265959442931194, 0.8297872340425532, 
0.2658064516129032, 0.07599176796841084, 0.8297872340425532, 
0.295483870967742, 0.03848681582522502, 0.8297872340425532, 
0.3058064516129033, 0.02634874652918485, 0.9787234042553191, 
0.33677419354838706, 0.02095658427606501, 1.0, 
0.295483870967742, 0.03188773162002012, 1.0, 
0.3251612903225806, 0.02498592942013399, 0.9787234042553191, 
0.352258064516129, 0.018704068263447598, 0.9148936170212766, 
0.575483870967742, 0.01215471558865862, 0.8936170212765957, 
0.5445161290322581, 0.012183327218572394, 0.8936170212765957, 
0.39483870967741935, 0.01448327830183633, 0.9148936170212766, 
0.5329032258064517, 0.013074890511545674, 0.8723404255319149, 
0.6077419354838711, 0.009300534645835983, 0.9574468085106383, 
0.4283870967741935, 0.014850956280077675, 0.851063829787234, 
0.3393548387096775, 0.019594981713328498, 0.9148936170212766, 
0.8167741935483871, 0.009499869091367854, 0.9148936170212766, 
0.5096774193548387, 0.012275665172699792, 0.9361702127659575, 
0.48129032258064514, 0.013253818030592076, 0.9361702127659575, 
0.3406451612903226, 0.02082772015917421, 0.8936170212765957, 
0.5096774193548387, 0.012957537652641437, 0.9148936170212766, 
0.5406451612903225, 0.011762161709510461, 0.9361702127659575, 
0.3483870967741935, 0.019094081267688235, 0.8936170212765957, 
0.36645161290322587, 0.016140533987559987, 0.851063829787234, 
0.5096774193548387, 0.012957537652641437, 0.9148936170212766, 
0.3858064516129032, 0.01607744476441732, 0.8297872340425532, 
0.39483870967741935, 0.01448327830183633, 0.9148936170212766, 
0.39483870967741935, 0.01448327830183633, 0.9148936170212766, 
0.5858064516129033, 0.011479748125960535, 0.8723404255319149, 
0.5238709677419355, 0.0129836002990886, 0.8936170212765957, 
0.7135483870967742, 0.010042389033242413, 0.8723404255319149, 
0.6322580645161291, 0.005052505717527454, 0.9361702127659575, 
0.43483870967741944, 0.014301380733433696, 0.851063829787234, 
0.5316129032258066, 0.011903628264767532, 0.9574468085106383, 
0.46709677419354845, 0.01424829863056735, 0.851063829787234, 
0.5406451612903225, 0.011762161709510461, 0.9361702127659575, 
0.5406451612903225, 0.011762161709510461, 0.9361702127659575, 
0.3858064516129032, 0.022939658662119927, 0.7872340425531915, 
0.5561290322580645, 0.010891491856567737, 0.9574468085106383, 
0.39483870967741935, 0.019097671621814458, 0.7872340425531915, 
0.9574193548387097, 0.00920113066164891, 0.9148936170212766, 
0.5470967741935484, 0.011437645012095111, 0.9361702127659575, 
0.5638709677419356, 0.01900242501170676, 0.7872340425531915, 
0.5638709677419356, 0.011624547878184286, 0.9148936170212766, 
0.46709677419354845, 0.01424829863056735, 0.851063829787234, 
0.6090322580645162, 0.005350867678431741, 0.9574468085106383, 
0.6103225806451613, 0.01067923294703737, 0.8723404255319149, 
0.3561290322580645, 0.02018336887803224, 0.851063829787234, 
0.46709677419354845, 0.01424829863056735, 0.851063829787234, 
0.36258064516129035, 0.03523449883950708, 0.8297872340425532, 
0.48129032258064514, 0.013253818030592076, 0.9361702127659575, 
0.4245161290322581, 0.014850956280077675, 0.8723404255319149, 
0.5445161290322581, 0.012183327218572394, 0.8936170212765957, 
0.6064516129032257, 0.010347636319175341, 0.9148936170212766, 
0.4774193548387096, 0.01424829863056735, 0.8297872340425532, 
0.5096774193548387, 0.012957537652641437, 0.9148936170212766, 
0.44903225806451613, 0.013292010502247426, 0.8723404255319149, 
0.35870967741935483, 0.019117395691788417, 0.851063829787234, 
0.6374193548387096, 0.014670951481038565, 0.8085106382978723, 
0.43096774193548393, 0.014400768500502597, 0.851063829787234, 
0.6103225806451613, 0.01067923294703737, 0.8723404255319149, 
0.6103225806451613, 0.01067923294703737, 0.8723404255319149, 
0.535483870967742, 0.013971247121303694, 0.851063829787234, 
0.42580645161290326, 0.015373377420711995, 0.851063829787234, 
0.4451612903225806, 0.015197735605643341, 0.8085106382978723, 
0.6219354838709678, 0.005194765753209258, 0.9361702127659575, 
0.6193548387096776, 0.013574422927431766, 0.8297872340425532, 
0.5406451612903225, 0.011762161709510461, 0.9361702127659575, 
0.5341935483870969, 0.012919224131782609, 0.8723404255319149, 
0.8167741935483871, 0.009499869091367854, 0.9148936170212766, 
0.21677419354838712, 0.10333586560930699, 0.9361702127659575, 
0.5883870967741937, 0.010232783792383205, 1.0, 
0.3470967741935484, 0.06595261772534003, 0.8085106382978723, 
0.5329032258064517, 0.03824187884339981, 0.7659574468085106, 
0.3470967741935484, 0.06595261772534003, 0.8085106382978723, 
0.2619354838709677, 0.06061716963037377, 0.851063829787234, 
0.2748387096774194, 0.05219330227528936, 0.851063829787234, 
0.6000000000000001, 0.011092131200929481, 0.9148936170212766, 
0.2541935483870968, 0.0762187896681208, 0.851063829787234, 
0.2503225806451613, 0.09205156387479713, 0.8297872340425532, 
0.9909677419354839, 0.004910658059993392, 1.0212765957446808, 
0.375483870967742, 0.05862246177876322, 0.8085106382978723, 
1.0774193548387097, 0.00400162893075129, 1.0, 
1.0619354838709678, 0.004512354054088468, 1.0212765957446808, 
