1.0, 0.0, 1.0, 
0.9902302861130495, 0.003644215399489868, 1.0, 
0.8918353105373342, 0.04648978517273811, 0.9852941176470589, 
0.8981158408932309, 0.035084900901901396, 1.0147058823529411, 
0.9881367759944174, 0.04703391693932965, 0.9705882352941176, 
1.0090718771807397, 0.013448453995876204, 0.9705882352941176, 
0.9120725750174458, 0.01885787451178696, 0.9852941176470589, 
0.3831123517096999, 0.17788019166070923, 0.9411764705882353, 
0.3503140265177948, 0.17885981049841568, 0.9117647058823529, 
0.8639218422889045, 0.08665674932485114, 0.8823529411764706, 
0.7404047452896022, 0.14521834892188543, 0.8382352941176471, 
0.7634333565945568, 0.08700835559830286, 0.8823529411764706, 
0.4682484298674111, 0.15737526773089947, 0.8529411764705882, 
0.7508722958827634, 0.09403073576051217, 0.8823529411764706, 
0.6510816468946267, 0.104759482602251, 0.8823529411764706, 
0.5917655268667132, 0.11556493649249087, 0.8970588235294118, 
0.697138869504536, 0.11639795629489938, 0.8529411764705882, 
0.630844382414515, 0.104759482602251, 0.8970588235294118, 
0.6601535240753664, 0.11639799679187042, 0.8676470588235294, 
0.6113049546406141, 0.13259601288748993, 0.8529411764705882, 
0.7641311933007677, 0.10749113347021519, 0.8529411764705882, 
0.528960223307746, 0.09007672431756653, 0.9852941176470589, 
0.3447313328681088, 0.20149061713961927, 0.9852941176470589, 
0.5757152826238661, 0.10491722987515822, 0.9117647058823529, 
0.6552686671318911, 0.07240922355889193, 0.9705882352941176, 
0.7725052337752965, 0.05270267716537528, 0.9411764705882353, 
0.7257501744591766, 0.09615918135164697, 0.9117647058823529, 
0.694347522679693, 0.05310222317465955, 0.9411764705882353, 
0.5575715282623867, 0.1265696268025061, 0.8823529411764706, 
0.5673412421493371, 0.11833280611580164, 0.9117647058823529, 
0.7592463363572924, 0.08688536918978346, 0.9117647058823529, 
0.642009769713887, 0.12853655022450117, 0.8676470588235294, 
0.6531751570132589, 0.09709176874272932, 0.9264705882352942, 
0.4626657362177251, 0.11945697889176664, 0.9117647058823529, 
0.42009769713886946, 0.12253677354215556, 0.8970588235294118, 
0.4347522679692952, 0.13913525839947172, 0.8823529411764706, 
0.6824842986741102, 0.0810774729416812, 0.9264705882352942, 
0.39986043265875787, 0.13913525839947172, 0.8970588235294118, 
0.5666434054431264, 0.12253677354215556, 0.8823529411764706, 
0.5694347522679694, 0.10452122735084315, 0.9264705882352942, 
0.628053035589672, 0.0885875957308984, 0.9411764705882353, 
0.46057222609909276, 0.12153273792353059, 0.8970588235294118, 
0.6755059316120028, 0.09886315832516179, 0.9117647058823529, 
0.6566643405443127, 0.05361552228305772, 0.9411764705882353, 
0.7187718073970691, 0.07567918620017577, 0.9264705882352942, 
0.45917655268667135, 0.19802783106319416, 0.8529411764705882, 
0.44103279832519193, 0.18859253722916197, 0.8676470588235294, 
0.46545708304256805, 0.27911368398524744, 0.8088235294117647, 
0.43545010467550593, 0.20078922406377347, 0.8382352941176471, 
0.36706210746685275, 0.2145256115240055, 0.8382352941176471, 
0.28262386601535244, 0.33843545511900464, 0.8529411764705882, 
0.4347522679692952, 0.20344503567547398, 0.8382352941176471, 
0.38660153524075375, 0.20171241037228438, 0.8676470588235294, 
0.41521284019539434, 0.20078922406377347, 0.8529411764705882, 
0.42009769713886946, 0.20405906521414405, 0.8235294117647058, 
0.37543614794138175, 0.20544680384843989, 0.8676470588235294, 
0.5136078157711095, 0.18577945563028478, 0.8382352941176471, 
0.28681088625261686, 0.5318335856694779, 0.8382352941176471, 
0.2986741102581995, 0.22139855497030073, 0.8382352941176471, 
0.5157013258897418, 0.20098664679777273, 0.8235294117647058, 
0.33914863921842286, 0.5326834493192136, 0.8235294117647058, 
0.5826936496859735, 0.18506873378788735, 0.8382352941176471, 
0.3831123517096999, 0.29517732534555263, 0.8088235294117647, 
0.5380321004884857, 0.19056464715609572, 0.8088235294117647, 
0.4508025122121424, 0.20200586878055146, 0.8235294117647058, 
0.3440334961618981, 0.2218518751718934, 0.8235294117647058, 
0.4891835310537334, 0.2786887550530203, 0.8088235294117647, 
0.37892533147243546, 0.20547283761556065, 0.8235294117647058, 
0.6029309141660851, 0.18306066255063747, 0.8382352941176471, 
0.9490579204466154, 0.00844086178283396, 1.0, 
0.5799023028611305, 0.08740893717299038, 0.9558823529411765, 
0.5729239357990231, 0.08913967647438414, 0.9705882352941176, 
0.586880669923238, 0.08674326821091588, 0.9558823529411765, 
0.4926727145847872, 0.09030729382239217, 0.9558823529411765, 
0.5296580600139568, 0.09253058331978878, 0.9411764705882353, 
0.5101186322400558, 0.11391482666051095, 0.9264705882352942, 
0.3900907187718074, 0.16182201160621787, 0.8970588235294118, 
0.36287508722958833, 0.19995327690888426, 0.8823529411764706, 
0.8457780879274249, 0.04443283409139854, 1.0, 
