0.9689172264602071, 0.17332489977574667, 0.9924433249370277, 
0.9377205966070818, 0.16184989933100222, 1.0050377833753148, 
0.9450074006603665, 0.20169049831822233, 0.9974811083123426, 
1.1390185585790729, 0.08357192418375341, 1.0050377833753148, 
0.9133553455539108, 0.2258007992130396, 0.9949622166246851, 
0.9299783673004668, 0.3632737889511942, 0.9899244332493703, 
0.8805647273141295, 0.26290577223087613, 0.9949622166246851, 
0.9883866560400774, 0.13761774336872099, 1.0025188916876575, 
0.8929750654673801, 0.25814409581475434, 0.9949622166246851, 
1.1293407719458042, 0.04992592538783141, 1.0100755667506298, 
1.0015939883866558, 0.2622466757227964, 0.9899244332493703, 
0.8719116475008539, 0.17751514436921187, 1.0050377833753148, 
0.9861095297734259, 0.27444914994053304, 0.9899244332493703, 
0.9952180348400317, 0.2676026440338164, 0.9899244332493703, 
0.8980985995673458, 0.2175505526020935, 1.0025188916876575, 
0.9014004326539907, 0.2575093535241553, 0.9949622166246851, 
1.0015939883866558, 0.2622466757227964, 0.9899244332493703, 
1.124103381532506, 0.091778151246437, 0.9974811083123426, 
1.1024706819993169, 0.10125669371818373, 0.9924433249370277, 
1.1049755208926335, 0.09504044066801037, 0.9974811083123426, 
1.0182170101332118, 0.11364417250954434, 0.9949622166246851, 
0.9692587954002048, 0.15614787368575933, 0.9974811083123426, 
1.0182170101332118, 0.11364417250954434, 0.9949622166246851, 
1.070249345326198, 0.1093610494685805, 0.9924433249370277, 
1.0257315268131617, 0.2568211579251892, 0.9899244332493703, 
1.1049755208926335, 0.09504044066801037, 0.9974811083123426, 
0.9888420812934076, 0.146839660272103, 0.9924433249370277, 
1.1128316065125812, 0.2970285853148743, 0.9874055415617129, 
0.9264488215871569, 0.19913561143523448, 1.0, 
1.0089946487532733, 0.12654598018174157, 0.9974811083123426, 
1.0569281566662871, 0.10649680453771142, 0.9949622166246851, 
1.0060343846066264, 0.3739391061422721, 0.9874055415617129, 
1.0587498576796084, 0.11739107936646169, 0.9924433249370277, 
1.1168165774792211, 0.09216945983647323, 0.9974811083123426, 
1.0619378344529204, 0.17416837100699828, 0.9899244332493703, 
0.9938517590800408, 0.12963142159304553, 1.0025188916876575, 
1.0136627575999089, 0.12169544586350682, 0.9924433249370277, 
0.964932255493567, 0.15894418224703233, 0.9974811083123426, 
1.0191278606398722, 0.09205404324029734, 1.0, 
0.964704542866902, 0.2346822434562072, 0.9924433249370277, 
0.9717636342935214, 0.16082645183223565, 0.9924433249370277, 
0.9750654673801663, 0.15614787368575933, 0.9949622166246851, 
1.1466469315723555, 0.13258046189061146, 0.9899244332493703, 
0.9454628259136967, 0.15614787368575933, 1.0, 
1.0758283046794945, 0.16651031329027424, 0.9899244332493703, 
0.9747238984401685, 0.39886004556394167, 0.9874055415617129, 
1.0485027894796766, 0.1093610494685805, 0.9949622166246851, 
0.9869065239667539, 0.14161887536394682, 1.0025188916876575, 
1.0978025731526813, 0.34954342000761396, 0.9874055415617129, 
0.995445747466697, 0.14102056292366283, 0.9924433249370277, 
0.915177046567232, 0.17603961121095166, 1.0025188916876575, 
0.9615165660935899, 0.16674339644840772, 0.9949622166246851, 
1.0480473642263464, 0.18387624902668864, 0.9899244332493703, 
0.8648525560742343, 0.22087681383458405, 1.0075566750629723, 
0.7981327564613456, 0.33381212815116457, 1.0075566750629723, 
0.7903905271547308, 0.37445347701313886, 1.0075566750629723, 
0.8288739610611409, 0.33381212815116457, 1.0050377833753148, 
0.8305818057611295, 0.30866265449129354, 1.0050377833753148, 
0.8095183877946031, 0.23827664952199742, 1.0075566750629723, 
0.7879995445747466, 0.5086102236401602, 1.0075566750629723, 
0.8893316634407378, 0.1628575340842522, 1.0100755667506298, 
0.8358191961744277, 0.2970280219486367, 1.0050377833753148, 
0.8156666287145623, 0.3836485657864309, 1.0025188916876575, 
0.7874302630080836, 0.5167982795173011, 1.0075566750629723, 
0.9840601161334396, 0.10298854451792097, 1.0075566750629723, 
0.945121256973699, 0.14701732008962187, 1.0050377833753148, 
1.0009108505066604, 0.09586956180646201, 1.0151133501259446, 
1.118182853239212, 0.08691999573773204, 1.0151133501259446, 
1.0281225093931459, 0.08822317731811662, 1.0151133501259446, 
1.025959239439827, 0.08952416491942645, 1.0151133501259446, 
0.9373790276670841, 0.1387125424262016, 1.0100755667506298, 
1.0265285210064896, 0.0888603760254787, 1.0151133501259446, 
1.0070590914266198, 0.09095786201099133, 1.0151133501259446, 
0.940908573380394, 0.13850040529476929, 1.0100755667506298, 
1.0265285210064896, 0.0888603760254787, 1.0151133501259446, 
0.9338494819537744, 0.17012509151902025, 1.0050377833753148, 
0.9437549812137084, 0.27135619581300335, 0.9924433249370277, 
0.9759763178868267, 0.12502608105747018, 1.022670025188917, 
0.9265626779004894, 0.15190283210296252, 1.0176322418136021, 
0.9181373107138792, 0.1541754794992006, 1.0151133501259446, 
0.8889900945007401, 0.1724541420232429, 1.0176322418136021, 
0.8993510190140043, 0.15226942956026182, 1.0176322418136021, 
0.8647386997609018, 0.22044068088737415, 1.0176322418136021, 
0.9265626779004894, 0.15190283210296252, 1.0176322418136021, 
0.9265626779004894, 0.15190283210296252, 1.0176322418136021, 
0.867926676534214, 0.3907519282066781, 1.0, 
0.8528976431743138, 0.3969884974331005, 1.0, 
0.8534669247409769, 0.32862729720631517, 1.0025188916876575, 
0.905043834680633, 0.21724454675828503, 1.0025188916876575, 
0.853922349994307, 0.2964594699422137, 1.0025188916876575, 
0.865194125014232, 0.27835442219612033, 1.0025188916876575, 
0.8103153819879313, 0.3835371627373027, 1.0050377833753148, 
0.8601844472275988, 0.26521026906497486, 1.0050377833753148, 
0.8362746214277582, 0.2937348173673732, 1.0050377833753148, 
0.8657634065808947, 0.24550701428756969, 1.0025188916876575, 
0.838665604007742, 0.27050192964483666, 1.0050377833753148, 
