0.09161290322580645, 0.14185110135494172, 0.19148936170212766, 
0.25161290322580643, 0.014906096798585998, 0.2978723404255319, 
0.2748387096774194, 0.008863186769571802, 0.40425531914893614, 
0.2851612903225807, 0.013541005238711826, 0.2765957446808511, 
0.31483870967741934, 0.006438168691799955, 0.2765957446808511, 
0.1174193548387097, 0.01947966468193736, 0.2127659574468085, 
0.1664516129032258, 0.01648273313560828, 0.2553191489361702, 
0.28774193548387095, 0.015645651830309075, 0.2553191489361702, 
0.3509677419354839, 0.01354100292198066, 0.2553191489361702, 
0.36774193548387096, 0.0046769821291886985, 0.40425531914893614, 
0.1174193548387097, 0.01947966468193736, 0.2127659574468085, 
0.2374193548387097, 0.03447289663563223, 0.19148936170212766, 
0.1638709677419355, 0.018984002944648717, 0.2978723404255319, 
0.08516129032258066, 0.020509683358833262, 0.2127659574468085, 
0.06838709677419358, 0.035456248238263495, 0.2127659574468085, 
0.36774193548387096, 0.0046769821291886985, 0.40425531914893614, 
0.21419354838709678, 0.015377431700254436, 0.2978723404255319, 
0.2232258064516129, 0.03635975833468275, 0.19148936170212766, 
0.24, 0.018935290196763533, 0.23404255319148937, 
0.08387096774193553, 0.034472911694384815, 0.2127659574468085, 
0.39870967741935487, 0.003611997028787646, 0.425531914893617, 
0.05806451612903228, 0.05733887455889626, 0.2127659574468085, 
0.4, 0.004459240096168574, 0.40425531914893614, 
0.2890322580645161, 0.007640416638755366, 0.40425531914893614, 
0.2890322580645161, 0.007640416638755366, 0.40425531914893614, 
0.2529032258064517, 0.011011787543236992, 0.2978723404255319, 
0.06064516129032261, 0.05152318431010682, 0.2127659574468085, 
0.1974193548387097, 0.03734384781619075, 0.19148936170212766, 
0.28387096774193543, 0.015544006408717826, 0.2765957446808511, 
0.30064516129032265, 0.005693695818991905, 0.40425531914893614, 
0.2980645161290323, 0.013439357500389408, 0.2765957446808511, 
0.06064516129032261, 0.05152318431010682, 0.2127659574468085, 
0.2038709677419355, 0.012454918771657966, 0.3404255319148936, 
0.3961290322580645, 0.0038967626736549727, 0.44680851063829785, 
0.3961290322580645, 0.0038967626736549727, 0.44680851063829785, 
0.04258064516129033, 0.05584668191454946, 0.3829787234042553, 
0.06322580645161294, 0.04563740425577051, 0.3404255319148936, 
0.2683870967741936, 0.010010816620897072, 0.3829787234042553, 
0.22838709677419355, 0.008840991905808124, 0.425531914893617, 
0.18322580645161296, 0.013490176736088282, 0.425531914893617, 
0.1974193548387097, 0.013449391842256941, 0.3617021276595745, 
0.12258064516129034, 0.016411709687401063, 0.3829787234042553, 
0.04258064516129033, 0.05584668191454946, 0.3829787234042553, 
0.22193548387096776, 0.010502484892836419, 0.3829787234042553, 
0.05419354838709682, 0.07614493112014785, 0.3404255319148936, 
0.17548387096774198, 0.015919664946647066, 0.3829787234042553, 
0.19096774193548388, 0.012959868284195547, 0.3829787234042553, 
0.21419354838709678, 0.011290674482767788, 0.425531914893617, 
0.24258064516129035, 0.010158973316581962, 0.40425531914893614, 
0.127741935483871, 0.019234831953014668, 0.3404255319148936, 
0.24258064516129035, 0.010158973316581962, 0.40425531914893614, 
0.047741935483870984, 0.1082448034964088, 0.3617021276595745, 
0.12129032258064515, 0.01688828098068996, 0.425531914893617, 
0.08258064516129034, 0.022515692804259753, 0.3404255319148936, 
0.047741935483870984, 0.1082448034964088, 0.3617021276595745, 
0.12129032258064515, 0.01688828098068996, 0.425531914893617, 
0.12129032258064515, 0.01688828098068996, 0.425531914893617, 
0.12129032258064515, 0.01688828098068996, 0.425531914893617, 
0.08258064516129034, 0.022515692804259753, 0.3404255319148936, 
0.08258064516129034, 0.022515692804259753, 0.3404255319148936, 
0.047741935483870984, 0.1082448034964088, 0.3617021276595745, 
0.08258064516129034, 0.022515692804259753, 0.3404255319148936, 
0.12129032258064515, 0.01688828098068996, 0.425531914893617, 
0.12129032258064515, 0.01688828098068996, 0.425531914893617, 
0.09806451612903229, 0.01882261308053731, 0.3617021276595745, 
0.08258064516129034, 0.022515692804259753, 0.3404255319148936, 
0.047741935483870984, 0.1082448034964088, 0.3617021276595745, 
0.12129032258064515, 0.01688828098068996, 0.425531914893617, 
0.11354838709677424, 0.017380325721443955, 0.3617021276595745, 
0.08258064516129034, 0.022515692804259753, 0.3404255319148936, 
0.047741935483870984, 0.1082448034964088, 0.3617021276595745, 
0.047741935483870984, 0.1082448034964088, 0.3617021276595745, 
0.15225806451612905, 0.015808568420259603, 0.425531914893617, 
0.08258064516129034, 0.022515692804259753, 0.3404255319148936, 
0.11354838709677424, 0.017380325721443955, 0.3617021276595745, 
0.0516129032258065, 0.10824478496255947, 0.3404255319148936, 
0.08258064516129034, 0.022515692804259753, 0.3404255319148936, 
0.12129032258064515, 0.01688828098068996, 0.425531914893617, 
0.08258064516129034, 0.022515692804259753, 0.3404255319148936, 
0.12129032258064515, 0.01688828098068996, 0.425531914893617, 
0.08258064516129034, 0.022515692804259753, 0.3404255319148936, 
0.0516129032258065, 0.10053622804753436, 0.3617021276595745, 
0.13806451612903228, 0.016260330997845525, 0.425531914893617, 
0.12129032258064515, 0.01688828098068996, 0.425531914893617, 
0.08258064516129034, 0.022515692804259753, 0.3404255319148936, 
0.12129032258064515, 0.01688828098068996, 0.425531914893617, 
0.08258064516129034, 0.022515692804259753, 0.3404255319148936, 
0.1638709677419355, 0.05978092871930543, 0.19148936170212766, 
0.32, 0.06757913965540084, 0.14893617021276595, 
0.20774193548387102, 0.0758576448717707, 0.1702127659574468, 
0.20000000000000004, 0.09837880631995041, 0.14893617021276595, 
0.17161290322580647, 0.055233253202660454, 0.19148936170212766, 
0.05290322580645163, 0.08259344865007126, 0.2127659574468085, 
0.31096774193548393, 0.09648140407327233, 0.14893617021276595, 
0.05677419354838709, 0.061840981711032625, 0.2127659574468085, 
0.04000000000000001, 0.20035287649865127, 0.425531914893617, 
0.1780645161290323, 0.04603681334244215, 0.19148936170212766, 
0.05290322580645163, 0.08259344865007126, 0.2127659574468085, 
0.05290322580645163, 0.08259344865007126, 0.2127659574468085, 
0.05290322580645163, 0.08259344865007126, 0.2127659574468085, 
0.05290322580645163, 0.08259344865007126, 0.2127659574468085, 
0.05290322580645163, 0.08259344865007126, 0.2127659574468085, 
0.05290322580645163, 0.08259344865007126, 0.2127659574468085, 
0.10451612903225807, 0.13948044595318881, 0.1702127659574468, 
0.10064516129032261, 0.16510855124389887, 0.14893617021276595, 
0.10064516129032261, 0.16510855124389887, 0.14893617021276595, 
0.10064516129032261, 0.16510855124389887, 0.14893617021276595, 
0.09548387096774197, 0.1390234220791224, 0.19148936170212766, 
