0.3292015287676893, 0.31865180372649937, 0.020491803278688523, 
0.2681541163102986, 0.2517032432847419, 0.02459016393442623, 
0.23334366284474747, 0.2534107331672436, 0.02459016393442623, 
0.27972316909410183, 0.2531611450536279, 0.022540983606557378, 
0.26939365767999174, 0.8660823312950543, 0.01639344262295082, 
0.33963433529594045, 0.9409068750509824, 0.014344262295081968, 
0.15432290052680506, 0.4900817643460546, 0.02459016393442623, 
0.34986055159590956, 0.2879696057354964, 0.020491803278688523, 
0.3627724408635472, 0.36857144235362943, 0.01639344262295082, 
0.284991219915298, 0.4262414206785817, 0.01639344262295082, 
0.4262989360603243, 0.287128613786897, 0.018442622950819672, 
0.31339737630410086, 0.31928744705462153, 0.020491803278688523, 
0.3794029542402645, 0.2879696057354964, 0.018442622950819672, 
0.20235512860241714, 0.3651638542366059, 0.020491803278688523, 
0.20235512860241714, 0.3651638542366059, 0.020491803278688523, 
0.20235512860241714, 0.3651638542366059, 0.020491803278688523, 
0.2846813345728747, 0.8237218526704885, 0.01639344262295082, 
0.32754880694143174, 0.24758535139522508, 0.02459016393442623, 
0.32754880694143174, 0.24758535139522508, 0.02459016393442623, 
0.2846813345728747, 0.249184995213788, 0.02459016393442623, 
0.31794236132630926, 0.12027036824398275, 0.03278688524590164, 
0.28778018799710775, 0.1051330123454201, 0.0389344262295082, 
0.2714595599628138, 0.13031623701952827, 0.028688524590163935, 
0.17849395723582276, 0.23709321427276353, 0.030737704918032786, 
0.28778018799710775, 0.1051330123454201, 0.0389344262295082, 
0.2459456667699618, 0.13223812309162594, 0.030737704918032786, 
0.2350996797851462, 0.13518269165949243, 0.030737704918032786, 
0.14988121061873777, 0.2621636875165457, 0.028688524590163935, 
0.1449230451399649, 0.2843103992015485, 0.030737704918032786, 
0.16589195331060844, 0.24193198863097337, 0.028688524590163935, 
0.1421340770581552, 0.30662473330370116, 0.028688524590163935, 
0.1787005474641049, 0.20260264725152735, 0.03278688524590164, 
0.13387046792686713, 0.3273227059834502, 0.028688524590163935, 
0.18417518851358328, 0.16402326535601064, 0.02663934426229508, 
0.21526701787005478, 0.13896699463584755, 0.028688524590163935, 
0.12818923664910645, 0.2891785241619654, 0.03278688524590164, 
0.1238508418551802, 0.6498655692021322, 0.028688524590163935, 
0.16506559239747964, 0.2377025836521561, 0.030737704918032786, 
0.17177977481665113, 0.2373051721784801, 0.02663934426229508, 
0.25534552215680195, 0.12392925319324595, 0.03483606557377049, 
0.14843507902076236, 0.2621636875165457, 0.03278688524590164, 
0.09802706331990492, 0.3027067566934192, 0.03278688524590164, 
0.30265468443342625, 0.11361083899740355, 0.03483606557377049, 
0.17694453052370618, 0.22878760821894617, 0.03278688524590164, 
0.13087490961677514, 0.3276970881538737, 0.028688524590163935, 
0.18004338394793934, 0.21274216436716423, 0.02663934426229508, 
0.14244396240057852, 0.2856724207366348, 0.02663934426229508, 
0.13046172916021068, 0.2891785241619654, 0.030737704918032786, 
0.24346658403057542, 0.13896693223881917, 0.02663934426229508, 
0.1879971077368041, 0.1392165827494631, 0.03278688524590164, 
0.152256998243983, 0.2377025836521561, 0.03278688524590164, 
0.19997934097717177, 0.3888145070979138, 0.018442622950819672, 
0.13480012395413693, 0.8122019884925001, 0.02663934426229508, 
0.2251833488276004, 0.32795094326427787, 0.018442622950819672, 
0.16899080673484143, 0.3890828143200509, 0.022540983606557378, 
0.1714698894742278, 0.7359163991174084, 0.020491803278688523, 
0.17229625038735674, 0.3279511160560489, 0.022540983606557378, 
0.18210928623076122, 0.5058581426118163, 0.018442622950819672, 
0.1703336432186757, 0.38818794973708165, 0.022540983606557378, 
0.1621733292015288, 0.7678334055018962, 0.022540983606557378, 
0.16620183865303173, 0.5152045982962106, 0.022540983606557378, 
0.2014254725751472, 0.3201764367173778, 0.022540983606557378, 
0.2036979650862514, 0.3279511160560489, 0.020491803278688523, 
0.20080570189030056, 0.3878909638807361, 0.018442622950819672, 
0.17456874289846097, 0.6961562302556901, 0.018442622950819672, 
0.19212891230244802, 0.3201764367173778, 0.02459016393442623, 
0.20855283545088316, 0.3230591794296389, 0.020491803278688523, 
0.13480012395413693, 0.8122019884925001, 0.02663934426229508, 
0.22611300485487038, 0.32017626392560683, 0.018442622950819672, 
0.15174052267327753, 1.0443481791623155, 0.02459016393442623, 
0.17384567709947318, 0.3890828143200509, 0.020491803278688523, 
0.15762834417932037, 1.2871507887308375, 0.022540983606557378, 
0.18458836897014774, 0.3230591794296389, 0.02459016393442623, 
