0.15383181055379452, 0.3563568713429342, 0.08171206225680934, 
0.15420473615513713, 0.33721939656289246, 0.08171206225680934, 
0.27260861458139096, 0.14524608383552232, 0.07003891050583658, 
0.2897631922431475, 0.14449116740016904, 0.06614785992217899, 
0.21797501398471003, 0.1976426922638945, 0.0622568093385214, 
0.20771955994779046, 0.219011981140828, 0.06614785992217899, 
0.14655976132761514, 0.36399453051164526, 0.07392996108949416, 
0.20417676673503643, 0.1751682855725342, 0.07003891050583658, 
0.24724967369009881, 0.1452461399263414, 0.07003891050583658, 
0.23009509602834244, 0.17553709590569583, 0.0622568093385214, 
0.1491702405370129, 0.5317632987364389, 0.058365758754863814, 
0.18814096587730755, 0.2556569677930773, 0.06614785992217899, 
0.24743613649077018, 0.21342017850652406, 0.058365758754863814, 
0.280253589408913, 0.1612862796778709, 0.06614785992217899, 
0.196158866306172, 0.23053447723981874, 0.0622568093385214, 
0.1963453291068432, 0.2532420171719534, 0.058365758754863814, 
0.28733917583442115, 0.14563213054743512, 0.06614785992217899, 
0.15886630617191877, 0.25671644417808853, 0.07392996108949416, 
0.17042699981353723, 0.2744225670416688, 0.058365758754863814, 
0.210889427559202, 0.1976426922638945, 0.06614785992217899, 
0.17807197464105906, 0.28834847225089677, 0.054474708171206226, 
0.2897631922431475, 0.14449116740016904, 0.06614785992217899, 
0.14506805892224506, 0.6105835199505126, 0.06614785992217899, 
0.2744732425881037, 0.5098005557960071, 0.05058365758754864, 
0.20716017154577662, 0.26538926931093804, 0.054474708171206226, 
0.14357635651687495, 0.38400564619423144, 0.07392996108949416, 
0.16818944620548207, 0.29620362192078425, 0.058365758754863814, 
0.20977065075517437, 0.22365444336307566, 0.0622568093385214, 
0.29293305985455903, 0.1440022435271796, 0.07003891050583658, 
0.17322394182360618, 0.2649625600546664, 0.058365758754863814, 
0.15905276897259, 0.3006840839592059, 0.058365758754863814, 
0.21349990676859973, 0.1671586551880346, 0.06614785992217899, 
0.25247063210889426, 0.17553709590569583, 0.058365758754863814, 
0.14562744732425886, 0.38138268442035234, 0.0622568093385214, 
0.17024053701286598, 0.22387175239395526, 0.07003891050583658, 
0.2897631922431475, 0.12154794374472261, 0.08949416342412451, 
0.20417676673503643, 0.17185294862655404, 0.0933852140077821, 
0.2897631922431475, 0.12154794374472261, 0.08949416342412451, 
0.19671825470818569, 0.20081095578283847, 0.08560311284046693, 
0.43445832556404995, 0.1434447733738386, 0.08560311284046693, 
0.43445832556404995, 0.1434447733738386, 0.08560311284046693, 
0.43445832556404995, 0.1434447733738386, 0.08560311284046693, 
0.46951333209024804, 0.1236613039301388, 0.08560311284046693, 
0.4491888868170801, 0.13103032107015025, 0.08560311284046693, 
0.14376281931754617, 0.3018012085083714, 0.08560311284046693, 
0.1277270184598173, 0.42965661104886915, 0.08171206225680934, 
0.1982099571135559, 0.21340536063191223, 0.07392996108949416, 
0.18702218907327992, 0.21990790989529907, 0.07782101167315175, 
0.5165019578594071, 0.12141373821147083, 0.10894941634241245, 
0.11747156442289759, 0.4399534138692132, 0.07782101167315175, 
0.14208465411150473, 0.4300528068995718, 0.07782101167315175, 
0.13984710050344956, 0.3571611312017609, 0.08171206225680934, 
0.13816893529740826, 0.4200250783371802, 0.08171206225680934, 
0.1144881596121574, 0.6895982245315684, 0.07782101167315175, 
0.3736714525452172, 0.3702233334817979, 0.04669260700389105, 
0.38243520417676674, 0.3389757980752685, 0.04669260700389105, 
0.36807756852507933, 0.29018649250392553, 0.05058365758754864, 
0.3382435204176767, 0.6981529256989367, 0.03501945525291829, 
0.32724221517807195, 0.4516785627980089, 0.042801556420233464, 
0.3270557523774007, 0.4716265136194133, 0.038910505836575876, 
0.3168002983404811, 0.4731535729704916, 0.05058365758754864, 
0.3455155696438561, 0.38348143459713324, 0.04669260700389105, 
0.2951706134626142, 0.5305265060745384, 0.038910505836575876, 
0.3608055192988999, 0.37643006636438037, 0.05058365758754864, 
0.3395487600223756, 0.54844504816936, 0.03501945525291829, 
0.38877493939958985, 0.3258307265592598, 0.04669260700389105, 
0.33041208278948353, 0.4150678344383657, 0.038910505836575876, 
0.3567033376841321, 0.5262537054461179, 0.03501945525291829, 
0.3816893529740817, 0.37653278185191963, 0.042801556420233464, 
0.2903225806451613, 0.7317229476610991, 0.042801556420233464, 
0.3794517993660265, 0.4234271019942883, 0.03501945525291829, 
0.3656535521163528, 0.5490005122510547, 0.0311284046692607, 
0.2903225806451613, 0.7317229476610991, 0.042801556420233464, 
0.2961029274659706, 0.7317229047681196, 0.03501945525291829, 
