0.5175380542686963, 0.15218225525799267, 1.146341463414634, 
0.6968894771674388, 0.14918829366012137, 0.8292682926829268, 
0.29450694904037056, 0.2505736497318855, 0.8536585365853658, 
0.5320979483785571, 0.1625138141463589, 0.8780487804878049, 
0.6518861681005956, 0.15347818713529604, 0.8780487804878049, 
0.3170086035737921, 0.23019504957694062, 0.9512195121951219, 
0.3375248180013236, 0.3383673236712237, 0.7804878048780488, 
0.28855062872270015, 0.2854591813581607, 0.9512195121951219, 
0.3487756452680344, 0.25521404036336265, 0.8048780487804879, 
0.35804103242885504, 0.23764777962549938, 0.9024390243902439, 
0.29450694904037056, 0.2505736497318855, 0.8536585365853658, 
0.48775645268034407, 0.1707663548428315, 0.9024390243902439, 
0.557246856386499, 0.156832537720765, 0.8780487804878049, 
0.5909993381866312, 0.15630286584708591, 0.8780487804878049, 
0.38517538054268696, 0.2338040383350273, 0.9024390243902439, 
0.4910655195234943, 0.16526466104518311, 0.7804878048780488, 
0.38848444738583715, 0.23291193792090636, 0.9024390243902439, 
0.7107875579086698, 0.15893460285979988, 0.6829268292682927, 
0.6770350761085373, 0.15569936216044125, 0.8292682926829268, 
0.5393778954334878, 0.15124477479308485, 0.926829268292683, 
0.3838517538054268, 0.23426599705427387, 0.8536585365853658, 
0.6968894771674388, 0.14918829366012137, 0.8292682926829268, 
0.2700198544010589, 0.4243747572294755, 0.8536585365853658, 
0.38517538054268696, 0.2338040383350273, 0.9024390243902439, 
0.2468563864990072, 0.4406144927973701, 0.8292682926829268, 
0.27663798808735934, 0.30641008004123166, 0.9024390243902439, 
0.5380542686962275, 0.16238083530090694, 0.8780487804878049, 
0.2865651886168101, 0.2939547347760382, 0.9512195121951219, 
0.2177365982792852, 0.5001225261371247, 0.9512195121951219, 
0.20780939774983453, 0.6075308857135544, 0.9024390243902439, 
0.25545996029119783, 0.43698857575067535, 0.8536585365853658, 
0.301786896095301, 0.4111372434484719, 0.7560975609756098, 
0.30906684315023164, 0.39873788390885606, 0.7073170731707317, 
0.27465254798146926, 0.4537488052044493, 0.7073170731707317, 
0.7954996690933155, 0.09596024748342127, 1.0, 
0.6790205162144275, 0.13440581859951858, 1.0, 
0.4771674387822633, 0.17631169507134917, 0.7560975609756098, 
0.8676373262739907, 0.09320940058459708, 0.975609756097561, 
0.5665122435473194, 0.1743894165155443, 0.6585365853658537, 
0.4592984778292521, 0.19576902920649875, 0.7560975609756098, 
0.587690271343481, 0.2531972285332219, 0.5853658536585366, 
0.5704831237590999, 0.16866847078712768, 0.6585365853658537, 
0.5102581072137656, 0.18399438470310886, 0.7073170731707317, 
0.5479814692256784, 0.17246917751258375, 0.7073170731707317, 
0.5254798146922567, 0.2011605871505519, 0.6097560975609756, 
0.4592984778292521, 0.19576902920649875, 0.7560975609756098, 
0.5201853077432164, 0.1851190961191287, 0.6585365853658537, 
0.8689609530112509, 0.09221450670712046, 1.0, 
0.5102581072137656, 0.18399438470310886, 0.7073170731707317, 
0.5102581072137656, 0.18399438470310886, 0.7073170731707317, 
0.7213765718067505, 0.133587448020721, 0.9512195121951219, 
0.42223692918596945, 0.2708908593462152, 0.6341463414634146, 
0.7372600926538715, 0.1144946839565, 0.9512195121951219, 
0.46657842488418255, 0.2027013673468201, 0.6097560975609756, 
0.6101919258769025, 0.15735313358428668, 0.7073170731707317, 
0.5704831237590999, 0.16866847078712768, 0.6585365853658537, 
0.5704831237590999, 0.16866847078712768, 0.6585365853658537, 
0.7637326273990732, 0.10095970139314711, 0.9512195121951219, 
0.4242223692918597, 0.19624577468386678, 0.8048780487804879, 
0.5314361350099271, 0.1767076742560807, 0.6097560975609756, 
0.24950363997352745, 0.45997576399355056, 0.7073170731707317, 
0.5043017868960952, 0.16405908135888472, 0.7560975609756098, 
0.5301125082726671, 0.1847217912250482, 0.6585365853658537, 
0.42223692918596945, 0.2708908593462152, 0.6341463414634146, 
0.42223692918596945, 0.2708908593462152, 0.6341463414634146, 
0.27332892124420904, 0.4459837176377777, 0.7560975609756098, 
0.39113170086035737, 0.2542863497521076, 0.7073170731707317, 
0.47253474520185296, 0.17578283901880784, 0.8048780487804879, 
0.3739245532759762, 0.2908110699993912, 0.7073170731707317, 
0.3917935142289874, 0.20848309174999854, 0.6585365853658537, 
0.3891462607544672, 0.2556124670115075, 0.7073170731707317, 
0.5056254136333552, 0.1855824825253662, 0.7073170731707317, 
0.4619457313037722, 0.18664203022800874, 0.6585365853658537, 
0.3898080741230972, 0.2720512629370111, 0.6585365853658537, 
0.41164791528788874, 0.20327968255583714, 0.6585365853658537, 
0.5784248841826605, 0.2551174675361825, 0.5853658536585366, 
0.35870284579748507, 0.3035776510286332, 0.6097560975609756, 
0.3256121773659828, 0.36485234504216835, 0.6097560975609756, 
0.3547319655857048, 0.32184643574373467, 0.5609756097560976, 
0.3103904698874917, 0.4606984795439479, 0.5609756097560976, 
0.36995367306419585, 0.30357438774408224, 0.6097560975609756, 
0.40569159497021834, 0.2842208668487104, 0.6341463414634146, 
0.444076770350761, 0.6340596554930105, 0.43902439024390244, 
0.386499007279947, 0.2998042743112915, 0.6585365853658537, 
0.35009927200529445, 0.2713232445492185, 0.7560975609756098, 
0.401058901389808, 0.28898159109800453, 0.6097560975609756, 
0.5195234943745863, 0.46158486921010466, 0.43902439024390244, 
0.37921906022501645, 0.40104094698070203, 0.5121951219512195, 
0.38517538054268696, 0.40024552137140346, 0.5121951219512195, 
0.3223031105228325, 0.4078370429910205, 0.6097560975609756, 
0.3534083388484447, 0.3135111911794235, 0.7073170731707317, 
0.4963600264725347, 0.28568210448404874, 0.5609756097560976, 
0.1614824619457313, 0.8675798900497459, 1.048780487804878, 
0.2786234281932494, 0.4293157779502107, 0.7560975609756098, 
0.630046326935804, 0.15513175460385717, 0.8780487804878049, 
0.4500330906684314, 0.41360754985355497, 0.4634146341463415, 
0.42885506287226993, 0.297870472281916, 0.5609756097560976, 
0.5003309066843149, 0.5740182790844571, 0.43902439024390244, 
0.6651224354731965, 0.14895731430049813, 0.8536585365853658, 
0.5215089344804764, 0.26472529109772913, 0.4878048780487805, 
0.5201853077432164, 0.2847564534256381, 0.5853658536585366, 
0.4381204500330906, 0.26115128067092314, 0.6341463414634146, 
0.9139642620780939, 0.09159540044121646, 1.048780487804878, 
0.301786896095301, 0.4663287671484328, 0.5121951219512195, 
0.2131039046988749, 0.6771714175840661, 0.7560975609756098, 
0.3282594308405029, 0.3146947436950028, 0.8048780487804879, 
0.3540701522170748, 0.3637306929554151, 0.6585365853658537, 
0.16611515552614164, 0.7316570520445957, 0.5609756097560976, 
0.3706154864328259, 0.4650034657101708, 0.5121951219512195, 
0.22369291859695567, 0.46748458174532903, 0.6829268292682927, 
0.27332892124420904, 0.3409029977449684, 0.8048780487804879, 
0.3401720714758437, 0.4760068533054676, 0.4634146341463415, 
0.2183984116479153, 0.6771714175840661, 0.6097560975609756, 
0.16214427531436132, 0.7371587458422442, 0.5609756097560976, 
0.2680344142951687, 0.47660831743926796, 0.4634146341463415, 
0.23759099933818664, 0.48575611985677036, 0.5121951219512195, 
0.23494374586366645, 0.5605426475088748, 0.6097560975609756, 
0.19258769027134345, 0.5943602692658457, 0.9512195121951219, 
0.272667107875579, 0.41699657283737795, 1.0, 
0.1886168100595632, 0.6964431524103794, 0.9512195121951219, 
0.19192587690271343, 0.6854397648150826, 0.9512195121951219, 
0.19258769027134345, 0.5943602692658457, 0.9512195121951219, 
0.1886168100595632, 0.6964431524103794, 0.9512195121951219, 
0.3196558570483124, 0.3870983597814048, 0.7073170731707317, 
0.2097948378557247, 0.6716115965303535, 0.8536585365853658, 
0.34414295168762404, 0.2482513128856603, 0.9024390243902439, 
0.22104566512243548, 0.5998575780248787, 0.8536585365853658, 
0.3077432164129716, 0.40743565899125145, 0.7560975609756098, 
0.3838517538054268, 0.25028535893733583, 0.7560975609756098, 
0.3898080741230972, 0.24813964736743194, 0.8048780487804879, 
0.31899404367968237, 0.38968512465390065, 0.7560975609756098, 
0.700198544010589, 0.1295959411266755, 1.048780487804878, 
0.6227663798808735, 0.14420189288859936, 0.9024390243902439, 
0.5241561879549966, 0.15428003733605442, 0.9024390243902439, 
0.5598941098610192, 0.14455391970953507, 0.9512195121951219, 
0.6538716082064856, 0.15104408279320025, 0.8536585365853658, 
0.5684976836532096, 0.14918900750361694, 0.9024390243902439, 
0.6551952349437459, 0.13825639239201915, 1.048780487804878, 
0.6618133686300463, 0.1368045366997649, 1.0, 
