0.8683760683760684, 0.027689140716192284, 1.1764705882352942, 
0.8683760683760684, 0.027689140716192284, 1.1764705882352942, 
0.8256410256410257, 0.03999991768767242, 1.1764705882352942, 
0.7760683760683761, 0.07978001304166203, 1.0588235294117647, 
0.8205128205128205, 0.07670153198977826, 1.0588235294117647, 
0.7760683760683761, 0.07978001304166203, 1.0588235294117647, 
0.7760683760683761, 0.07978001304166203, 1.0588235294117647, 
0.982905982905983, 0.10218833375276308, 0.8529411764705882, 
0.9606837606837607, 0.10549704722681898, 0.7941176470588235, 
0.47692307692307695, 0.2566159441157398, 0.8823529411764706, 
0.49230769230769234, 0.23831960835794536, 0.8235294117647058, 
0.47692307692307695, 0.2566159441157398, 0.8823529411764706, 
0.505982905982906, 0.25373719150580354, 0.7647058823529411, 
0.47692307692307695, 0.24295984477831778, 0.9411764705882353, 
1.0, 0.0, 1.0, 
0.9504273504273504, 0.1581742738388303, 0.7058823529411765, 
0.7350427350427351, 0.17070426790629029, 0.6764705882352942, 
0.888888888888889, 0.1616014928551084, 0.7058823529411765, 
0.894017094017094, 0.04331359411089192, 0.9411764705882353, 
0.994871794871795, 0.1511319700233029, 0.6176470588235294, 
0.994871794871795, 0.1511319700233029, 0.6176470588235294, 
0.9111111111111112, 0.02860656002620436, 0.8823529411764706, 
0.9931623931623932, 0.13793343038925135, 0.6470588235294118, 
0.3418803418803419, 0.27443922608497023, 0.7647058823529411, 
0.06153846153846152, 1.2083444848380087, 0.8235294117647058, 
0.13846153846153847, 0.6567105064544364, 0.8529411764705882, 
0.09743589743589745, 0.9616813116033631, 0.9411764705882353, 
0.17094017094017094, 0.5471322203496167, 0.8823529411764706, 
0.08205128205128205, 1.0563370990012728, 0.8823529411764706, 
0.15042735042735042, 0.7616161153980097, 0.8235294117647058, 
0.11794871794871795, 0.9240682093207332, 0.9411764705882353, 
0.08888888888888889, 1.0757139051062332, 0.7941176470588235, 
0.056410256410256425, 1.1422525276844804, 0.8529411764705882, 
0.08717948717948719, 1.1732523186353778, 0.8235294117647058, 
0.7504273504273504, 0.11445819665552907, 0.9411764705882353, 
0.7504273504273504, 0.11445819665552907, 0.9411764705882353, 
0.7504273504273504, 0.11445819665552907, 0.9411764705882353, 
0.6649572649572649, 0.11513388402701441, 0.7352941176470589, 
0.5692307692307693, 0.14790750563748656, 0.7352941176470589, 
0.8461538461538463, 0.11374958435300755, 0.9411764705882353, 
0.7504273504273504, 0.11445819665552907, 0.9411764705882353, 
0.6649572649572649, 0.11513388402701441, 0.7352941176470589, 
0.5487179487179488, 0.148617570510495, 0.7352941176470589, 
0.5162393162393162, 0.25748288660133245, 0.6764705882352942, 
0.5162393162393162, 0.25748288660133245, 0.6764705882352942, 
0.541880341880342, 0.21609782190686916, 0.6176470588235294, 
0.5914529914529915, 0.19661994110552963, 0.6176470588235294, 
0.41538461538461546, 0.26326290666375185, 0.6764705882352942, 
0.8307692307692309, 0.17038119202049773, 0.6764705882352942, 
0.1452991452991453, 0.791847496561342, 0.38235294117647056, 
0.5162393162393162, 0.25748288660133245, 0.6764705882352942, 
0.5299145299145299, 0.200009272241608, 0.6764705882352942, 
0.17777777777777778, 0.5094614994376736, 0.29411764705882354, 
0.4461538461538462, 0.26326242247358955, 0.6764705882352942, 
0.411965811965812, 0.3309960263723855, 0.23529411764705882, 
0.9965811965811967, 0.098825633075611, 0.7352941176470589, 
0.38803418803418804, 0.3034698156458062, 0.3235294117647059, 
0.5743589743589744, 0.328557160524896, 0.17647058823529413, 
0.2615384615384615, 0.2827767385846419, 0.4117647058823529, 
0.19316239316239314, 0.3459877642725036, 0.29411764705882354, 
0.12478632478632479, 0.8670657119889236, 0.38235294117647056, 
0.5726495726495726, 0.27628883250494446, 0.4117647058823529, 
0.3760683760683761, 0.2633415875651251, 0.5588235294117647, 
0.5504273504273505, 0.27732984135388283, 0.4117647058823529, 
0.35555555555555557, 0.30386297805759127, 0.3235294117647059, 
0.19316239316239314, 0.8685589544494473, 0.23529411764705882, 
0.305982905982906, 0.28226833891423014, 0.47058823529411764, 
0.3350427350427351, 0.2808888811418463, 0.47058823529411764, 
0.5726495726495726, 0.27628883250494446, 0.4117647058823529, 
0.6170940170940172, 0.209956111793214, 0.5588235294117647, 
0.16239316239316243, 0.6122134305393503, 0.38235294117647056, 
0.15555555555555559, 0.6244101807276095, 0.3235294117647059, 
0.5863247863247864, 0.2574826445062513, 0.5588235294117647, 
0.5316239316239317, 0.2562237500842794, 0.6176470588235294, 
0.3572649572649573, 0.3337861721826216, 0.17647058823529413, 
0.5128205128205129, 0.2775477269269165, 0.35294117647058826, 
0.2717948717948718, 0.3310747072737589, 0.23529411764705882, 
0.6871794871794872, 0.1942597561594133, 0.5588235294117647, 
0.45128205128205134, 0.26082404081626226, 0.5, 
0.3128205128205129, 0.32049515222757136, 0.2647058823529412, 
0.6273504273504273, 0.19488896127531816, 0.5, 
0.5333333333333334, 0.2581120917172373, 0.4411764705882353, 
0.5264957264957265, 0.27546425665855284, 0.4411764705882353, 
0.45811965811965816, 0.260551199659808, 0.5, 
0.4341880341880342, 0.3300094889167057, 0.23529411764705882, 
0.4444444444444445, 0.30306454847996367, 0.2647058823529412, 
0.2, 0.6207104836974988, 0.17647058823529413, 
0.5162393162393162, 0.25748288660133245, 0.6764705882352942, 
0.5965811965811967, 0.2562237500842794, 0.5588235294117647, 
0.5743589743589744, 0.20882153319541175, 0.6176470588235294, 
0.34529914529914535, 0.27998659277440596, 0.4117647058823529, 
0.1299145299145299, 0.8517195468900042, 0.3235294117647059, 
0.6752136752136753, 0.1770281545685097, 0.6176470588235294, 
0.3829059829059829, 0.2800652736757792, 0.35294117647058826, 
0.41538461538461546, 0.2633415875651251, 0.5, 
0.24957264957264957, 0.3337861721826216, 0.23529411764705882, 
0.34017094017094013, 0.2826980576832687, 0.4117647058823529, 
0.17606837606837605, 0.4604396664559228, 0.3235294117647059, 
0.6034188034188035, 0.2756589011037962, 0.4117647058823529, 
0.423931623931624, 0.27912061866913795, 0.35294117647058826, 
0.4085470085470086, 0.3017025215534224, 0.3235294117647059, 
0.7128205128205128, 0.3272193431064696, 0.23529411764705882, 
0.9863247863247863, 0.09929747638876932, 0.7352941176470589, 
0.6205128205128205, 0.1866349715786427, 0.6176470588235294, 
0.3435897435897436, 0.3044139864622851, 0.3235294117647059, 
0.4717948717948718, 0.3312686254337587, 0.17647058823529413, 
0.4341880341880342, 0.3300094889167057, 0.23529411764705882, 
0.4341880341880342, 0.3300094889167057, 0.23529411764705882, 
0.2222222222222222, 0.35917565172298466, 0.23529411764705882, 
0.7623931623931625, 0.2755320432812744, 0.4117647058823529, 
0.6444444444444444, 0.2800652736757792, 0.29411764705882354, 
0.5658119658119658, 0.3309960263723855, 0.17647058823529413, 
0.3350427350427351, 0.3082935601376891, 0.2647058823529412, 
0.2923076923076923, 0.3082935601376891, 0.3235294117647059, 
0.4017094017094017, 0.2667309187012034, 0.5, 
0.4666666666666666, 0.2775477269269165, 0.4117647058823529, 
0.38803418803418804, 0.3057760133888264, 0.2647058823529412, 
0.11965811965811966, 0.9098686065261329, 0.38235294117647056, 
0.1606837606837607, 0.6767622736456383, 0.29411764705882354, 
0.3128205128205129, 0.3055578857207116, 0.3235294117647059, 
0.47692307692307695, 0.25811257590739956, 0.5, 
0.27521367521367524, 0.30821487923631596, 0.38235294117647056, 
0.2478632478632479, 0.31998675255715947, 0.38235294117647056, 
0.5623931623931624, 0.3289866371988534, 0.23529411764705882, 
0.22905982905982905, 0.35618529328063886, 0.17647058823529413, 
0.5264957264957265, 0.27546425665855284, 0.4411764705882353, 
0.5264957264957265, 0.27546425665855284, 0.4411764705882353, 
0.6034188034188035, 0.2195428349116117, 0.5294117647058824, 
0.34871794871794876, 0.26977865367778137, 0.8529411764705882, 
0.49230769230769234, 0.23225440028993308, 1.0588235294117647, 
0.36239316239316244, 0.26879865278929244, 0.7941176470588235, 
0.4717948717948718, 0.26054853661391536, 0.8235294117647058, 
0.11794871794871795, 1.0033788000000483, 0.8235294117647058, 
