1.1165518252455655, 0.01647913733210723, 1.0384615384615385, 
0.9092508429848996, 0.01729481657652279, 0.9230769230769231, 
0.9426770268289107, 0.5397800553400235, 0.5769230769230769, 
0.9332942383814692, 0.6599872924768732, 0.5961538461538461, 
0.9768362410203785, 0.21584225472699284, 0.5769230769230769, 
0.613986219029468, 0.2957891775150594, 0.8461538461538461, 
0.6781996774666472, 0.9828956864251545, 0.6346153846153846, 
0.6877290719835804, 0.8790134894641954, 0.6346153846153846, 
0.6793725260225772, 0.9335539966949142, 0.6153846153846154, 
0.6025509456091483, 1.0600619558444173, 0.6538461538461539, 
0.5661926403753115, 0.5729186330923172, 0.7307692307692307, 
0.6019645213311834, 0.3049681582235702, 0.8846153846153846, 
0.6311391291599472, 0.7774896694490461, 0.6538461538461539, 
0.6131065826125203, 0.559752898462371, 0.6923076923076923, 
0.5367248204075649, 1.2054833793977124, 0.7307692307692307, 
0.5720568831549626, 0.3071085708618595, 0.7307692307692307, 
0.6205834921565753, 0.5586076835478375, 0.6923076923076923, 
0.5761618531007184, 0.6103764819493698, 0.6923076923076923, 
0.5568098519278699, 0.793198164078321, 0.6923076923076923, 
0.5664858525142942, 0.6854472183501781, 0.6923076923076923, 
0.5672188828617507, 0.5553430835092033, 0.7307692307692307, 
0.6037237941650784, 0.5713801722781099, 0.6923076923076923, 
0.6101744612226946, 0.7956452018115673, 0.6538461538461539, 
0.5543175487465184, 0.7457450275813511, 0.7307692307692307, 
0.6550359184870254, 0.664403698143443, 0.6538461538461539, 
0.5990323999413576, 1.2355417401648903, 0.6538461538461539, 
0.6535698577921126, 0.6614681630096838, 0.6730769230769231, 
0.7271661046767338, 0.02747652725267813, 0.8076923076923077, 
0.8161559888579388, 0.025225014017034867, 0.8076923076923077, 
0.7588330156868496, 0.025329210057491426, 0.8461538461538461, 
0.7292185896496115, 0.08280368320449263, 0.75, 
0.7796510775546107, 0.033389338705078396, 0.6730769230769231, 
0.7878610174461222, 0.03256926565172796, 0.7115384615384616, 
0.7223281043835215, 0.15936109624277547, 0.7307692307692307, 
0.8577921125934616, 0.03134590370685262, 0.6923076923076923, 
0.7383081659580707, 0.03930497474893682, 0.7115384615384616, 
0.6994575575428823, 0.16052796635848804, 0.6923076923076923, 
0.8950300542442458, 0.021657241161892334, 0.8653846153846154, 
0.6968186482920395, 0.16052796635848804, 0.7307692307692307, 
0.7419733176953527, 0.03461364218044027, 0.7307692307692307, 
0.8900454478815423, 0.02900117895309016, 0.7307692307692307, 
0.8094121096613399, 0.031656294923753964, 0.7115384615384616, 
0.695499193666618, 0.16415317257327952, 0.6730769230769231, 
0.6399354933294238, 0.1779249389927474, 0.8269230769230769, 
0.6652983433514149, 0.1815401022156877, 0.6730769230769231, 
0.686116405219176, 0.17068048958957563, 0.6730769230769231, 
0.8406392024629818, 0.023289541181209624, 0.7884615384615384, 
0.8525142940917754, 0.02124987230492782, 0.9615384615384616, 
0.6578214338073596, 0.17649695108890326, 0.7884615384615384, 
0.7792112593461369, 0.03848960934801653, 0.6346153846153846, 
0.729951619997068, 0.03736950191311122, 0.7692307692307693, 
0.7642574402580269, 0.04220834092442286, 0.6346153846153846, 
0.7831696232224015, 0.02818487202168406, 0.75, 
0.7576601671309192, 0.03369659148702631, 0.6730769230769231, 
0.8014953819088111, 0.02492121351353601, 0.8846153846153846, 
0.7295118017885942, 0.1530377774984569, 0.7307692307692307, 
0.9335874505204516, 0.023185345140753065, 0.7884615384615384, 
0.8909250842984899, 0.028488986368678543, 0.6923076923076923, 
0.8510482333968626, 0.03134590370685262, 0.7307692307692307, 
0.8875531447001908, 0.02277734859679765, 0.8269230769230769, 
0.654742706348043, 0.4534220945506882, 0.6730769230769231, 
0.7325905292479111, 0.15456556763382237, 0.6730769230769231, 
0.5464008209939891, 0.5992196595331609, 0.9230769230769231, 
0.5447881542295853, 1.0257888338564318, 0.7884615384615384, 
0.5886233690074768, 2.326993694727257, 0.6730769230769231, 
0.7391878023750185, 0.6735227347443423, 0.5961538461538461, 
0.6356839173141768, 2.3172363004568153, 0.6346153846153846, 
0.6264477349362265, 2.322711300233202, 0.6346153846153846, 
0.6507843424717784, 0.15824663799078648, 0.8076923076923077, 
0.6056296730684654, 1.0292517829841277, 0.6730769230769231, 
0.6324585837853688, 0.15824663799078648, 0.8846153846153846, 
0.6129599765430291, 0.30537238864558164, 0.8461538461538461, 
0.5223574255974199, 1.0743401087436328, 0.8461538461538461, 
0.5305673654889315, 1.80112789075359, 0.7884615384615384, 
0.5628207007770122, 2.4700272400461794, 0.6730769230769231, 
0.7257000439818211, 0.9811008154752462, 0.5961538461538461, 
0.6142794311684503, 2.7361161522222557, 0.6346153846153846, 
0.5480134877583934, 1.0292517829841277, 0.75, 
0.7257000439818211, 0.9811008154752462, 0.5961538461538461, 
0.7257000439818211, 0.9811008154752462, 0.5961538461538461, 
0.5524116698431315, 0.4450211318671507, 0.8076923076923077, 
0.6579680398768512, 1.3141796217338506, 0.6346153846153846, 
0.5159067585398037, 2.3893132837554765, 0.8461538461538461, 
0.70605483066999, 1.3425300461993315, 0.5961538461538461, 
0.5616478522210823, 0.2885233867542038, 0.9038461538461539, 
0.5543175487465184, 0.2924778147956179, 0.9038461538461539, 
0.6762937985632608, 0.14152945036745584, 0.8461538461538461, 
0.6849435566632461, 0.14152945036745584, 0.8076923076923077, 
0.5260225773347018, 0.6686074748419132, 0.8076923076923077, 
0.6849435566632461, 0.05985230838952302, 0.8461538461538461, 
0.5409763964228118, 0.641271392553404, 0.8076923076923077, 
0.5365782143380737, 0.641271392553404, 0.8461538461538461, 
0.686116405219176, 0.163132239682905, 0.7692307692307693, 
0.703562527488638, 0.15721691748254185, 0.7692307692307693, 
0.6727752528954699, 0.4394450744852614, 0.6538461538461539, 
0.68538337487172, 0.17802505506776437, 0.6923076923076923, 
0.6436006450667057, 0.16394760508382528, 0.8076923076923077, 
0.6724820407564872, 0.17190510690843278, 0.7307692307692307, 
0.7148511948394665, 0.16048088983418551, 0.6153846153846154, 
0.6441870693446711, 0.42771799843800073, 0.6923076923076923, 
0.6752675560768219, 0.4317982777210505, 0.6538461538461539, 
0.66588476762938, 0.17496445330110766, 0.7692307692307693, 
0.6694033132971707, 0.5854042688678393, 0.6538461538461539, 
0.6708693739920835, 0.16333686564187344, 0.7692307692307693, 
0.6126667644040464, 0.5637795105077154, 0.6923076923076923, 
0.7240873772174169, 0.16007257944673448, 0.6923076923076923, 
0.6906611933734057, 0.16639778125202503, 0.6923076923076923, 
0.6620730098226069, 0.1808797755014708, 0.7692307692307693, 
0.6153056736548895, 0.22760008743679758, 0.7692307692307693, 
0.6246884621023311, 0.4415908224629714, 0.6923076923076923, 
