0.7147895084857836, 0.12396869604715925, 0.45454545454545453, 
0.5781353317169938, 0.14565213013516057, 0.5272727272727272, 
0.5660127837778267, 0.14584659718997486, 0.5636363636363636, 
0.5512453162882961, 0.1462718747136466, 0.5636363636363636, 
0.6037028873705093, 0.12222719114145372, 0.5272727272727272, 
0.5223716111968263, 0.22400352614527327, 0.5636363636363636, 
0.5666740136654177, 0.12222719114145372, 0.5636363636363636, 
0.528763500110205, 0.27937980738467194, 0.5272727272727272, 
0.7698919991183601, 0.12350457277601844, 0.45454545454545453, 
0.49790610535596225, 0.2908827958261555, 0.5272727272727272, 
0.6142825655719638, 0.2832921461167301, 0.38181818181818183, 
0.44236279479832485, 0.4749869729713434, 0.5636363636363636, 
0.9810447432223937, 0.10463721706205326, 0.6, 
0.9667180956579239, 0.1049472680893981, 0.6, 
0.4897509367423408, 0.1265546789047454, 0.6545454545454545, 
0.48842847696715896, 0.12748387871690348, 0.6545454545454545, 
0.48997134670487125, 0.10591614776016736, 0.6727272727272727, 
0.5444126074498569, 0.10556677435041507, 0.6727272727272727, 
0.5155389023583867, 0.10576147972269856, 0.6727272727272727, 
0.4763059290279922, 0.1068454667310601, 0.6727272727272727, 
0.6766585849680408, 0.10289749953736621, 0.8181818181818182, 
0.41062376019396074, 0.12996238039590965, 0.6909090909090909, 
0.41679523914480937, 0.12748423619310723, 0.6545454545454545, 
0.4059951509808243, 0.2688777523135562, 0.6363636363636364, 
0.42583204760855187, 0.10591626691890191, 0.7454545454545455, 
0.4295790169715671, 0.18588512359203524, 0.6363636363636364, 
0.37271324663874805, 0.29067951102498313, 0.6363636363636364, 
0.4134890897068548, 0.12748423619310723, 0.6909090909090909, 
0.5715230328410844, 0.10343752692242664, 0.7090909090909091, 
0.46682830063918884, 0.1284131976877962, 0.6363636363636364, 
0.5347145690985232, 0.10762023682321857, 0.6363636363636364, 
0.5532290059510689, 0.10339808538128477, 0.7454545454545455, 
0.40268900154286974, 0.23534779515231286, 0.6727272727272727, 
0.4571302622878554, 0.1046768969206642, 0.7454545454545455, 
0.5419880978620235, 0.10591626691890191, 0.6363636363636364, 
0.4895305267798104, 0.12763890423057603, 0.6181818181818182, 
0.37006832708838444, 0.32228803359132396, 0.6727272727272727, 
0.4430240246859158, 0.13011728675084755, 0.6363636363636364, 
0.4165748291822791, 0.18735744891635267, 0.6545454545454545, 
0.42428917787083986, 0.21303889686656619, 0.6363636363636364, 
0.370509147013445, 0.28417332495885744, 0.6909090909090909, 
0.6607890676658588, 0.10312842916495824, 0.8545454545454545, 
0.4042318712805819, 0.18789926368243157, 0.6727272727272727, 
0.45735067225038584, 0.13337234590303082, 0.6181818181818182, 
0.463301741238704, 0.2688777523135562, 0.6, 
0.3837337447652634, 0.2877361711224288, 0.6727272727272727, 
0.4313422966718095, 0.29067951102498313, 0.6181818181818182, 
0.39409301300418775, 0.18735744891635267, 0.6909090909090909, 
0.5031959444566895, 0.1265546789047454, 0.6181818181818182, 
0.36742340753802066, 0.10746533046828069, 0.7090909090909091, 
0.42737491734626415, 0.10746533046828069, 0.6727272727272727, 
0.7026669605466167, 0.10669127532852958, 0.5818181818181818, 
0.7326427154507384, 0.10483227991054037, 0.6181818181818182, 
0.5349349790610536, 0.10963413859614567, 0.5818181818181818, 
0.7414591139519507, 0.10533655967523053, 0.5818181818181818, 
0.7981044743222394, 0.10549158518890296, 0.509090909090909, 
0.6905444126074499, 0.10436768000446127, 0.6909090909090909, 
0.6184703548600399, 0.10622655626371595, 0.6181818181818182, 
0.7513775622658146, 0.1023535399140651, 0.7454545454545455, 
0.5962089486444788, 0.10885948766272174, 0.5636363636363636, 
0.5975314084196607, 0.10839476859790796, 0.6, 
0.5060612739695834, 0.1096742950896949, 0.6, 
0.7011240908089048, 0.10312819084748916, 0.7454545454545455, 
0.5970905884946002, 0.1049472680893981, 0.6363636363636364, 
0.8432885166409522, 0.10219827608292346, 0.7090909090909091, 
0.5757108221291601, 0.10932444504500445, 0.6, 
0.7134670487106016, 0.1023537782315343, 0.7454545454545455, 
0.7154507383733745, 0.10510217444433598, 0.6, 
0.712805818823011, 0.10634154444257368, 0.5818181818181818, 
0.6228785541106457, 0.10680626350738731, 0.5818181818181818, 
0.6616707075159798, 0.1057615988814331, 0.6181818181818182, 
0.5851884505179634, 0.10909303878247414, 0.5454545454545454, 
0.6134009257218427, 0.10820220808284683, 0.5454545454545454, 
0.7573286312541329, 0.10851023341170399, 0.4727272727272727, 
0.6704871060171922, 0.10773570163701458, 0.5454545454545454, 
0.6466828300639191, 0.10804551434689035, 0.509090909090909, 
0.649548159576813, 0.10591638607763644, 0.6181818181818182, 
0.9953713907868637, 0.10053422435468695, 0.7818181818181819, 
0.8368966277275734, 0.09987479991758982, 0.8909090909090909, 
0.8022922636103151, 0.10080459552342085, 0.8181818181818182, 
1.0011020498126517, 0.09863602571302507, 0.9272727272727272, 
0.721622217324223, 0.10188905916672053, 0.8181818181818182, 
0.6502093894644039, 0.10099906257823513, 0.8909090909090909, 
0.6466828300639191, 0.10192861986659707, 0.9272727272727272, 
0.6365439717875249, 0.10281813982014419, 0.8909090909090909, 
0.7765042979942696, 0.10165455477709157, 0.7818181818181819, 
0.8223495702005733, 0.10002982543126224, 0.8181818181818182, 
0.721401807361693, 0.10386304276356748, 0.6727272727272727, 
0.6557196385276616, 0.10328285888495783, 0.8181818181818182, 
0.8267577694511792, 0.10138442192582674, 0.7818181818181819, 
0.7081772096098744, 0.10417297463217791, 0.6363636363636364, 
0.8007493938726031, 0.10324329818508142, 0.6727272727272727, 
0.7081772096098744, 0.10417297463217791, 0.6363636363636364, 
0.7399162442142385, 0.10169435379443717, 0.8181818181818182, 
0.6361031518624644, 0.12392925450601738, 0.4909090909090909, 
0.6204540445228124, 0.12899350072514051, 0.45454545454545453, 
0.6647564469914041, 0.10820030154309368, 0.4909090909090909, 
0.601498787745206, 0.12899350072514051, 0.4909090909090909, 
0.6275071633237823, 0.18832466036483786, 0.41818181818181815, 
0.6363235618249944, 0.1093648398560229, 0.5272727272727272, 
0.5530085959885389, 0.15870453960222672, 0.4909090909090909, 
0.5787965616045845, 0.13395026576568372, 0.4909090909090909, 
0.5858496804055544, 0.6873614407339607, 0.43636363636363634, 
0.5810006612298877, 0.34625192754148015, 0.45454545454545453, 
0.6517522592021159, 0.12392925450601738, 0.4727272727272727, 
0.5203879215340534, 0.7945963182095878, 0.4727272727272727, 
0.6076702666960546, 0.6294259873522536, 0.43636363636363634, 
0.7097200793475867, 0.12697995642841717, 0.45454545454545453, 
0.7055322900595107, 0.10727086341346641, 0.5636363636363636, 
0.5713026228785543, 0.6873614407339607, 0.4727272727272727, 
0.7337447652633898, 0.10618675724637033, 0.5272727272727272, 
0.6839321137315408, 0.18685281167545875, 0.41818181818181815, 
0.6191315847476307, 0.10820030154309368, 0.5636363636363636, 
0.5600617147895085, 0.7910710070474052, 0.4727272727272727, 
0.5884945999559182, 0.13038920698313083, 0.4909090909090909, 
0.5821027110425392, 0.18832466036483786, 0.45454545454545453, 
0.5380207185364779, 0.10947947055867686, 0.6, 
0.4525016530747191, 0.1057612414052295, 0.7818181818181819, 
0.4130482697817941, 0.16559691912708596, 0.6727272727272727, 
0.4525016530747191, 0.1057612414052295, 0.7818181818181819, 
0.33810888252148996, 0.26899691104812384, 0.8181818181818182, 
0.49482036588053796, 0.27132014889598843, 0.5636363636363636, 
0.4178972889574608, 0.10982860565095995, 0.6727272727272727, 
0.4029094115054, 0.10711988929676923, 0.7454545454545455, 
0.4165748291822791, 0.2654338265670833, 0.6363636363636364, 
0.4987877452060833, 0.11254173087832979, 0.6363636363636364, 
0.33965175225920213, 0.2679128048810278, 0.8181818181818182, 
0.3511130703107781, 0.26682846039646263, 0.7090909090909091, 
0.4165748291822791, 0.2654338265670833, 0.6363636363636364, 
0.4165748291822791, 0.2654338265670833, 0.6363636363636364, 
0.5283226801851445, 0.10405965467560412, 0.8909090909090909, 
0.365439717875248, 0.11013865667830493, 0.8181818181818182, 
0.3528763500110205, 0.16025288819919814, 0.7090909090909091, 
0.38527661450297557, 0.2758131481415944, 0.6727272727272727, 
0.35419880978620244, 0.11029344387450826, 0.7090909090909091, 
0.6859158033943134, 0.1062261987875122, 0.6, 
0.5521269561384176, 0.27565800346918745, 0.5272727272727272, 
0.47476305929027984, 0.28704934017638123, 0.5454545454545454, 
0.528763500110205, 0.5303316771460816, 0.509090909090909, 
0.6920872823451619, 0.20382137295408922, 0.4, 
0.7679083094555876, 0.17203137163500196, 0.43636363636363634, 
0.5256777606347807, 0.1981214148860479, 0.5454545454545454, 
0.7425611637646022, 0.10766003584056419, 0.509090909090909, 
