0.13504273504273506, 0.8476638490430647, 0.5588235294117647, 
0.15213675213675218, 0.8461870690480591, 0.5588235294117647, 
0.15384615384615383, 0.8318853021292142, 0.5588235294117647, 
0.13504273504273506, 0.8476638490430647, 0.5588235294117647, 
0.16239316239316243, 0.7272215461717081, 0.6176470588235294, 
0.23760683760683765, 0.7997048134675556, 0.5588235294117647, 
0.5777777777777778, 0.22796907525852425, 1.1764705882352942, 
1.1623931623931625, 0.10498029527610761, 0.9411764705882353, 
0.92991452991453, 0.1285608403701295, 1.0294117647058822, 
1.1846153846153848, 0.11227462007111058, 0.8235294117647058, 
1.0136752136752136, 0.11250993648998692, 0.8235294117647058, 
0.9316239316239318, 0.1978283587030821, 0.7941176470588235, 
1.0923076923076924, 0.12638876330206555, 0.7941176470588235, 
0.6991452991452992, 0.20726595125149236, 0.8529411764705882, 
0.8786324786324786, 0.20742742867061836, 0.7941176470588235, 
0.894017094017094, 0.19021495259112547, 0.8235294117647058, 
0.19658119658119658, 0.7109609879512909, 0.8823529411764706, 
0.22905982905982905, 0.5550275461835708, 0.7647058823529411, 
0.11282051282051281, 1.0536966889987274, 0.7941176470588235, 
0.23931623931623933, 0.5406289412322665, 0.8823529411764706, 
0.29914529914529914, 0.4604051679068592, 0.7647058823529411, 
0.27692307692307694, 0.4672530693722244, 0.8235294117647058, 
0.3435897435897436, 0.3886133241627717, 0.8235294117647058, 
0.29743589743589743, 0.4689833229171925, 0.7647058823529411, 
0.3760683760683761, 0.35310427023040303, 0.7647058823529411, 
0.3435897435897436, 0.3886133241627717, 0.8235294117647058, 
0.28205128205128205, 0.45891192544633563, 0.8235294117647058, 
0.3435897435897436, 0.3886133241627717, 0.8235294117647058, 
0.3230769230769231, 0.45914651557996833, 0.7647058823529411, 
0.3350427350427351, 0.45253828824494025, 0.7058823529411765, 
0.3384615384615385, 0.3886934576346318, 0.8823529411764706, 
0.305982905982906, 0.4769281571952414, 0.7058823529411765, 
0.347008547008547, 0.35945926611055, 0.7647058823529411, 
0.35384615384615387, 0.35522841247239967, 0.8235294117647058, 
0.3128205128205129, 0.4593840108545751, 0.7647058823529411, 
0.2905982905982906, 0.4787402388776375, 0.7058823529411765, 
0.3435897435897436, 0.3886133241627717, 0.8235294117647058, 
0.305982905982906, 0.4769281571952414, 0.7058823529411765, 
0.32991452991452996, 0.4530292570695092, 0.8235294117647058, 
1.6034188034188033, 0.06495229455902199, 1.3529411764705883, 
1.3367521367521367, 0.07166789106253961, 1.3529411764705883, 
1.3367521367521367, 0.07166789106253961, 1.3529411764705883, 
1.3025641025641026, 0.07505722219861793, 1.3529411764705883, 
1.0547008547008547, 0.08545556907656583, 1.2941176470588236, 
0.523076923076923, 0.5649683333581481, 0.5294117647058824, 
0.5914529914529915, 0.6189434317001962, 0.47058823529411764, 
0.45982905982905986, 0.6225627531633656, 0.5294117647058824, 
1.1897435897435897, 0.08717311262977356, 1.1176470588235294, 
0.7162393162393164, 0.21103682423546072, 0.8235294117647058, 
0.31794871794871793, 0.4193412423375394, 0.8529411764705882, 
0.4324786324786325, 0.27379198488551987, 0.8529411764705882, 
0.6188034188034188, 0.23404493551010705, 0.7941176470588235, 
0.4427350427350427, 0.3654491826083251, 0.5588235294117647, 
0.4, 0.347828776317097, 0.6176470588235294, 
0.48547008547008547, 0.2797535762588006, 0.7647058823529411, 
0.5521367521367521, 0.22988949448973436, 0.8823529411764706, 
0.47008547008547014, 0.28299353472981037, 0.7352941176470589, 
0.44102564102564107, 0.4219748736778129, 0.5588235294117647, 
0.6444444444444444, 0.21149753117488626, 1.0588235294117647, 
0.5076923076923077, 0.24696179751724234, 0.8529411764705882, 
0.5111111111111112, 0.2630889613479467, 0.7352941176470589, 
0.6068376068376068, 0.2260252938519833, 0.8823529411764706, 
0.5196581196581197, 0.2617810426720421, 0.7941176470588235, 
0.4, 0.347828776317097, 0.6176470588235294, 
0.33333333333333337, 0.41886915692929994, 0.7941176470588235, 
0.5042735042735044, 0.3215004520520403, 0.6176470588235294, 
0.5076923076923077, 0.23817568283220253, 0.8823529411764706, 
0.7435897435897436, 0.21073372119386283, 0.8235294117647058, 
0.5025641025641027, 0.32252378796005476, 0.6176470588235294, 
0.7914529914529915, 0.21636969468299888, 0.7352941176470589, 
0.5264957264957265, 0.2605554363237281, 0.7647058823529411, 
0.5076923076923077, 0.23817568283220253, 0.8823529411764706, 
0.7948717948717949, 0.20912790452060515, 0.8235294117647058, 
0.5452991452991454, 0.24263737413022798, 0.7941176470588235, 
0.3572649572649573, 0.41107611626713103, 0.6176470588235294, 
0.5162393162393162, 0.23532477115659836, 0.8823529411764706, 
0.517948717948718, 0.2875845048011691, 0.6176470588235294, 
0.705982905982906, 0.22359623285528024, 0.7941176470588235, 
0.6991452991452992, 0.20342971259561393, 0.8823529411764706, 
0.558974358974359, 0.25612969614525316, 0.6176470588235294, 
0.35213675213675216, 0.545618520854736, 0.5588235294117647, 
0.4427350427350427, 0.3654491826083251, 0.5588235294117647, 
0.6923076923076923, 0.23544666602995662, 0.7352941176470589, 
0.6256410256410257, 0.22102348842791567, 0.8235294117647058, 
0.46837606837606843, 0.3548299239688293, 0.5588235294117647, 
0.5452991452991454, 0.24263737413022798, 0.7941176470588235, 
0.611965811965812, 0.21534563248974092, 0.8823529411764706, 
0.35555555555555557, 0.4406615877539593, 0.5588235294117647, 
1.1418803418803418, 0.09698849455231597, 1.1176470588235294, 
1.1094017094017095, 0.09915221934008031, 1.2058823529411764, 
0.8068376068376069, 0.10399291048764364, 1.1470588235294117, 
0.7196581196581197, 0.5089043176084105, 0.5294117647058824, 
0.46837606837606843, 0.5949758976189586, 0.5294117647058824, 
0.5384615384615385, 0.5135389858419166, 0.5294117647058824, 
0.28205128205128205, 0.7730874276756076, 0.5588235294117647, 
0.20683760683760685, 0.6101748689085398, 0.5882352941176471, 
0.2358974358974359, 0.5794188677043587, 0.5882352941176471, 
0.2923076923076923, 0.5346494348229807, 0.5882352941176471, 
0.20854700854700853, 0.5843009571107985, 0.5882352941176471, 
0.3316239316239316, 0.6087971058017239, 0.5588235294117647, 
0.3094017094017094, 0.6200182128129548, 0.5588235294117647, 
0.16581196581196578, 0.7752473999896141, 0.5882352941176471, 
0.15555555555555559, 0.8111261331108963, 0.5882352941176471, 
0.347008547008547, 0.5704008259315788, 0.5588235294117647, 
0.25982905982905985, 0.5418366325445755, 0.5882352941176471, 
0.2478632478632479, 0.5583596218329575, 0.5882352941176471, 
0.20683760683760685, 0.5583596218329575, 0.6470588235294118, 
0.26495726495726496, 0.49288198094784347, 0.6176470588235294, 
0.19829059829059834, 0.7145139753622256, 0.6176470588235294, 
0.32991452991452996, 0.5242121106369678, 0.5882352941176471, 
0.7880341880341881, 0.18907892142283636, 0.8823529411764706, 
0.35384615384615387, 0.4239013452860517, 0.6764705882352942, 
0.6666666666666667, 0.21198486857323803, 0.8823529411764706, 
0.6820512820512822, 0.21236616832604685, 0.8235294117647058, 
0.8188034188034189, 0.18432780545529792, 0.8823529411764706, 
0.7247863247863249, 0.19781322776051033, 0.8823529411764706, 
0.6393162393162394, 0.2501729466735954, 0.7352941176470589, 
0.6444444444444444, 0.22614827815320673, 0.7647058823529411, 
0.7042735042735043, 0.2026127627442785, 0.8823529411764706, 
0.3863247863247863, 0.4082864546470575, 0.6764705882352942, 
0.35897435897435903, 0.4013213791624164, 0.7352941176470589, 
0.8444444444444446, 0.20546319022972037, 0.8235294117647058, 
