0.921429901321914, 0.01059603811626893, 0.6938775510204082, 
0.8534723515174082, 0.008152052519984068, 0.8775510204081632, 
0.8113945261590019, 0.006928492260581691, 0.9591836734693877, 
0.7829082107614967, 0.008558651970776857, 0.9591836734693877, 
0.813442561906535, 0.00937373182587444, 0.9183673469387755, 
0.7538633401601189, 0.009374358810378559, 0.9591836734693877, 
0.7670824799851048, 0.009780331276667584, 0.9183673469387755, 
0.9057903556134798, 0.008151112043228066, 0.9183673469387755, 
0.7810463600819211, 0.009780958261171348, 0.8775510204081632, 
0.5835040029789608, 0.01701165705264313, 0.7551020408163265, 
0.6058462111338668, 0.018658431852192313, 0.7142857142857143, 
0.6244647179296218, 0.018658431852192313, 0.673469387755102, 
0.5803388568236827, 0.018658431852192313, 0.7551020408163265, 
0.7810463600819211, 0.009780958261171348, 0.8775510204081632, 
0.5734500093092533, 0.020378877330952283, 0.7551020408163265, 
0.717929622044312, 0.01436923086086711, 0.7755102040816326, 
0.73934090485943, 0.01436860387636299, 0.7755102040816326, 
0.8043194935766148, 0.013146297585968499, 0.7755102040816326, 
0.679389312977099, 0.015183370239208691, 0.7755102040816326, 
0.8117668962949169, 0.010293518093126959, 0.7755102040816326, 
0.4976726866505304, 0.028434374237332128, 0.8163265306122449, 
0.45391919568050626, 0.024965582469387924, 0.9183673469387755, 
0.9009495438465831, 0.009478751730281258, 0.8367346938775511, 
0.6218581269782161, 0.015591223659009721, 0.7959183673469388, 
0.7506981940048406, 0.015183370239208691, 0.6938775510204082, 
0.6890709365108916, 0.018036463224302468, 0.6326530612244898, 
0.7400856451312604, 0.015590910166757482, 0.6326530612244898, 
0.5144293427667099, 0.1529359411499807, 0.6530612244897959, 
0.49450754049525225, 0.03515878304188736, 0.673469387755102, 
0.4343697635449636, 0.4302684293082024, 0.6530612244897959, 
0.5499906907466019, 0.023742335702237785, 0.6938775510204082, 
0.632284490783839, 0.01762892329675368, 0.673469387755102, 
0.67398994600633, 0.015591223659009721, 0.7346938775510204, 
0.6023086948426735, 0.019772896807912336, 0.6938775510204082, 
0.6749208713461179, 0.019154376594793906, 0.5918367346938775, 
0.7281698007819771, 0.01569812451692819, 0.7142857142857143, 
0.5008378328058087, 0.23934098912761861, 0.6326530612244898, 
0.6172035002792774, 0.2206947834732529, 0.4897959183673469, 
0.45615341649599694, 0.15028849908217312, 0.6938775510204082, 
0.4431204617389684, 0.5830990370615244, 0.6122448979591837, 
0.5300688884751442, 0.45420826512917534, 0.5102040816326531, 
0.5259728169800781, 0.8736714002429252, 0.5102040816326531, 
0.760379817538633, 0.019771015854400335, 0.5102040816326531, 
0.5911375907652205, 0.16750298562183483, 0.5306122448979592, 
0.5144293427667099, 0.44075882053556076, 0.5306122448979592, 
0.5674920871346115, 0.4432050005776095, 0.4897959183673469, 
0.5211320052131817, 0.02395143503429542, 0.6938775510204082, 
0.45615341649599694, 0.15028849908217312, 0.6938775510204082, 
0.87078756283746, 0.1536466280851752, 0.4897959183673469, 
0.4779370694470303, 0.44646500650574794, 0.5714285714285714, 
0.6613293613852167, 0.020378250346448162, 0.5102040816326531, 
0.5144293427667099, 0.44075882053556076, 0.5306122448979592, 
0.4636008192142988, 0.4293489565332021, 0.5918367346938775, 
0.5471979147272388, 0.15415856093262706, 0.6122448979591837, 
0.7508843790727983, 0.1626131334757531, 0.4489795918367347, 
0.690560417054552, 0.018748090636253, 0.5306122448979592, 
0.5645131260472908, 0.4309791162433973, 0.5102040816326531, 
0.5056786445727052, 0.16302192737230942, 0.5510204081632653, 
0.5276484825916958, 0.15649940757801675, 0.5714285714285714, 
0.6918637125302549, 0.16995010614063924, 0.46938775510204084, 
0.5766151554645317, 0.15405385452047213, 0.5510204081632653, 
0.5918823310370506, 0.22517709569178584, 0.5102040816326531, 
0.6758517966859057, 0.44605809356270326, 0.4489795918367347, 
0.6499720722398062, 0.025985686257267965, 0.5102040816326531, 
0.45429156581642127, 0.4355658213818333, 0.6122448979591837, 
0.47924036492273303, 0.24045890249811006, 0.5918367346938775, 
0.42841184137032184, 0.4477910787315414, 0.6530612244897959, 
0.5682368274064419, 0.15935469500887442, 0.5510204081632653, 
0.5431018432321727, 0.02292725584713985, 0.8163265306122449, 
0.40085645131260467, 0.574329091312926, 0.6530612244897959, 
0.45615341649599694, 0.15028849908217312, 0.6938775510204082, 
0.7292869111897226, 0.1644470631497225, 0.46938775510204084, 
0.4673245205734498, 0.5770771643936126, 0.5714285714285714, 
0.5470117296592811, 0.018957816952814753, 0.7755102040816326, 
0.6436417799292494, 0.17646855053565635, 0.5102040816326531, 
0.5416123626885121, 0.43179325562173887, 0.5306122448979592, 
0.556134797989201, 0.022821922450481147, 0.6122448979591837, 
0.5829454477750884, 0.2259924890391353, 0.5102040816326531, 
0.6598398808415563, 0.4362765083170278, 0.46938775510204084, 
0.7938931297709922, 0.15548212522040472, 0.4897959183673469, 
0.5067957549804505, 0.15874213114854316, 0.5714285714285714, 
0.49711413144665767, 0.16822056938657254, 0.6530612244897959, 
0.48966672872835587, 0.034344016679042015, 0.6938775510204082, 
0.5421709178923848, 0.4497256394183905, 0.46938775510204084, 
0.5861105939303665, 0.0268985756949773, 0.5510204081632653, 
0.5959784025321166, 0.16240936351197852, 0.5306122448979592, 
0.576056600260659, 0.4493177859985895, 0.46938775510204084, 
0.5911375907652205, 0.16750298562183483, 0.5306122448979592, 
0.5831316328430458, 0.44075944752006485, 0.46938775510204084, 
0.5362129957177433, 0.14947310573482367, 0.6530612244897959, 
0.6829268292682924, 0.013752591601260683, 0.8367346938775511, 
0.7924036492273319, 0.013751964616756563, 0.8367346938775511, 
0.560230869484267, 0.014159818036557236, 0.8367346938775511, 
0.8771178551480168, 0.012321499471060437, 0.6326530612244898, 
0.6481102215602308, 0.016093124754398495, 0.673469387755102, 
0.780301619810091, 0.014463905520959332, 0.5510204081632653, 
0.8596164587600071, 0.013345051673711536, 0.6326530612244898, 
0.859802643827965, 0.01120233213156076, 0.7142857142857143, 
0.8335505492459501, 0.012426519375467257, 0.673469387755102, 
0.6358220070750323, 0.015079604303809757, 0.7959183673469388, 
0.718674362316142, 0.013752591601260683, 0.7959183673469388, 
0.5717743436976352, 0.02058139332571862, 0.7142857142857143, 
0.780301619810091, 0.014463905520959332, 0.5510204081632653, 
0.9573636194377207, 0.005402411978037342, 1.0408163265306123, 
0.5159188233103703, 0.032603821188408495, 0.7959183673469388, 
0.4647179296220441, 0.03504874726144936, 0.7959183673469388, 
0.43846583504002967, 0.03382644097105487, 0.8367346938775511, 
0.4308322472537702, 0.4408650944089755, 0.8367346938775511, 
0.48612921243716245, 0.031788114348806795, 0.8163265306122449, 
0.6631912120647921, 0.0139620044255702, 0.9183673469387755, 
0.46192515360268105, 0.03575912070439201, 0.7959183673469388, 
0.7287283559858498, 0.013552583544509762, 0.8775510204081632, 
1.0798733941537888, 0.004180105687642851, 0.9591836734693877, 
0.9415378886613291, 0.006928805752833573, 0.8775510204081632, 
1.0323962018246133, 0.007341675048665783, 0.7959183673469388, 
1.0323962018246133, 0.007341675048665783, 0.7959183673469388, 
1.156209272016384, 0.007336345680382364, 0.7959183673469388, 
1.156209272016384, 0.007336345680382364, 0.7959183673469388, 
0.979519642524669, 0.004482939203037061, 0.8367346938775511, 
0.7933345745671196, 0.01416107200556512, 0.7142857142857143, 
0.7953826103146526, 0.012225884334212215, 0.8367346938775511, 
0.8292682926829266, 0.008663358382931793, 0.9183673469387755, 
0.7421336808787934, 0.01110891144047678, 1.0, 
0.5010240178737664, 0.015183997223712812, 0.8775510204081632, 
0.5295103332712715, 0.022519402427339172, 0.8367346938775511, 
0.5295103332712715, 0.022519402427339172, 0.8367346938775511, 
0.5520387264941349, 0.015999390571062276, 0.8367346938775511, 
1.1102215602308692, 0.004179478703139086, 1.163265306122449, 
0.7214671383355054, 0.594826155222867, 0.40816326530612246, 
0.7601936324706757, 0.5907495019783712, 0.40816326530612246, 
0.9175200148948053, 0.3138264347012099, 0.40816326530612246, 
