0.628060886829914, 0.12339855585381755, 0.9512195121951219, 
0.1767041694242224, 0.6379259338424127, 0.9512195121951219, 
0.2217074784910655, 0.413413180467488, 0.8780487804878049, 
0.15751158173395105, 0.6850544932827839, 0.8780487804878049, 
0.18994043679682326, 0.5927820632748835, 0.926829268292683, 
0.21244209133024483, 0.39591381706291945, 0.926829268292683, 
0.5810721376571807, 0.12448502565400557, 0.926829268292683, 
0.4645929847782925, 0.24493224656439874, 0.3902439024390244, 
0.5698213103904697, 0.5459645356432765, 0.2682926829268293, 
0.20185307743216413, 0.9113047417258147, 0.4634146341463415, 
0.45797485109199204, 0.2514480060362606, 0.34146341463414637, 
0.3196558570483124, 0.5443475781482715, 0.34146341463414637, 
0.4321641297154202, 0.26362291278535516, 0.3902439024390244, 
0.28855062872270015, 0.38604340107266205, 0.36585365853658536, 
0.4904037061548643, 0.24225492554561354, 0.3170731707317073, 
0.38252812706816675, 0.5181395280535905, 0.2926829268292683, 
0.5440105890138979, 0.23719683449161236, 0.34146341463414637, 
0.47518199867637323, 0.27857956565886577, 0.2926829268292683, 
0.2739907346128391, 0.5761631748332233, 0.36585365853658536, 
0.45466578424884174, 0.26276324126145933, 0.3902439024390244, 
0.24288550628722702, 0.6649408310423208, 0.36585365853658536, 
0.22634017207147586, 0.6340095844706816, 0.3902439024390244, 
0.5810721376571807, 0.3769376134437533, 0.2682926829268293, 
0.32296492389146253, 0.43784518794530447, 0.34146341463414637, 
0.500992720052945, 0.23773772390593537, 0.36585365853658536, 
0.2839179351422898, 0.5587509003351087, 0.3902439024390244, 
0.4017207147584381, 0.3778796829025611, 0.2926829268292683, 
0.5559232296492389, 0.5634677741982493, 0.2682926829268293, 
0.24156187954996688, 0.41599423459201956, 0.4146341463414634, 
0.38252812706816675, 0.5181395280535905, 0.2926829268292683, 
0.32627399073461283, 0.6674637579107883, 0.3170731707317073, 
0.34083388484447386, 0.6511073599201965, 0.3170731707317073, 
0.3196558570483124, 0.5443475781482715, 0.34146341463414637, 
0.29715420251489083, 0.720798880611817, 0.34146341463414637, 
0.4672402382528126, 0.24225492554561354, 0.34146341463414637, 
0.34811383189940437, 0.5409201095933326, 0.3170731707317073, 
0.7332892124420913, 0.22889952561020616, 0.36585365853658536, 
0.6697551290536068, 0.23674140234146782, 0.3170731707317073, 
0.45532759761747177, 0.377614133122226, 0.2926829268292683, 
0.38120450033090664, 0.2993048897973511, 0.3170731707317073, 
0.18663136995367305, 0.6722134685747229, 0.8048780487804879, 
0.5916611515552613, 0.20736755832177847, 0.4878048780487805, 
0.4904037061548643, 0.21369017213927982, 0.43902439024390244, 
0.19920582395764394, 0.48513527997094863, 0.6341463414634146, 
0.371939113170086, 0.20277621893620804, 0.5609756097560976, 
0.43481138318994045, 0.20277642289149242, 0.5121951219512195, 
0.28855062872270015, 0.2115468060551468, 0.6341463414634146, 
0.3362011912640635, 0.21707358635278085, 0.5365853658536586, 
0.3375248180013236, 0.21528224708958354, 0.5365853658536586, 
0.4745201853077432, 0.2089596332720822, 0.4878048780487805, 
0.20780939774983453, 0.48513527997094863, 0.5853658536585366, 
0.19788219722038383, 0.5344516677474597, 0.6341463414634146, 
0.3633355393778954, 0.2152808194025925, 0.43902439024390244, 
0.25876902713434813, 0.36494901984699074, 0.4634146341463415, 
0.31502316346790205, 0.34893261531555303, 0.4634146341463415, 
0.28855062872270015, 0.21522024468311518, 0.5853658536585366, 
0.40569159497021834, 0.2017156514571432, 0.6097560975609756, 
0.32296492389146253, 0.22753333113741475, 0.4146341463414634, 
0.5082726671078756, 0.2017156514571432, 0.5609756097560976, 
0.29185969556585045, 0.3591898325027424, 0.4878048780487805, 
0.31502316346790205, 0.20942485527587962, 0.5853658536585366, 
0.5585704831237591, 0.20783298428086025, 0.4878048780487805, 
0.41429516876240896, 0.21028432284449095, 0.4878048780487805, 
0.4844473858371939, 0.2078372673418335, 0.4878048780487805, 
0.16280608868299137, 0.8236539384632235, 0.5853658536585366, 
0.3130377233620118, 0.20436666224423625, 0.6097560975609756, 
0.343481138318994, 0.2089596332720822, 0.5365853658536586, 
0.3130377233620118, 0.21707379030806523, 0.5365853658536586, 
0.4791528788881535, 0.2025104652005885, 0.5609756097560976, 
0.4679020516214427, 0.2144211478786968, 0.43902439024390244, 
0.23229649238914626, 0.22859532630347063, 0.5121951219512195, 
0.23560555923229648, 0.5715605159293666, 0.4634146341463415, 
0.22832561217736594, 0.5478896695730635, 0.5365853658536586, 
0.19258769027134345, 0.5509353338355392, 0.5365853658536586, 
0.2872270019854401, 0.4148531047756028, 0.43902439024390244, 
0.6505625413633356, 0.13783716230486198, 0.8048780487804879, 
0.6505625413633356, 0.13783716230486198, 0.8048780487804879, 
0.6657842488418264, 0.11235040007358703, 0.8536585365853658, 
0.659166115155526, 0.1373050429677697, 0.8048780487804879, 
0.7319655857048311, 0.15834099100445018, 0.5609756097560976, 
0.5711449371277298, 0.139703353157447, 0.6585365853658537, 
0.6419589675711448, 0.11357647726597125, 0.9024390243902439, 
0.6763732627399072, 0.13399240123796777, 0.7560975609756098, 
0.8060886829913962, 0.11059363123110168, 0.8536585365853658, 
0.6287227001985439, 0.13889711791807344, 0.8048780487804879, 
0.6181336863004632, 0.1466070355803053, 0.6097560975609756, 
0.7630708140304433, 0.10184558117109282, 1.146341463414634, 
0.5234943745863666, 0.1589145132642829, 0.8048780487804879, 
0.5241561879549966, 0.14940672976975183, 0.8048780487804879, 
0.4672402382528126, 0.15916231893487212, 0.7804878048780488, 
0.4672402382528126, 0.15916231893487212, 0.7804878048780488, 
0.5552614162806088, 0.1666970390077739, 0.6585365853658537, 
0.5380542686962275, 0.1536489996860108, 0.7560975609756098, 
0.5704831237590999, 0.1483865454370053, 0.7804878048780488, 
0.18795499669093316, 0.7263230094907532, 0.6341463414634146, 
0.14758438120450032, 1.0298692514055836, 0.8780487804878049, 
0.6677696889477166, 0.1130245742662887, 0.8048780487804879, 
0.6856386499007279, 0.1130245742662887, 0.7560975609756098, 
0.7478491065519522, 0.11150000851513311, 0.7560975609756098, 
0.6518861681005956, 0.1166262206341357, 0.8536585365853658, 
0.6823295830575775, 0.1166262206341357, 0.6585365853658537, 
0.9113170086035736, 0.056992550839168904, 1.0, 
0.8272667107875578, 0.09922271621325203, 0.8048780487804879, 
0.8643282594308405, 0.007225625839339699, 1.048780487804878, 
0.830575777630708, 0.06770795357284279, 1.0, 
0.8285903375248178, 0.06797737850358208, 1.0, 
0.9205823957643943, 0.047950601214288555, 1.0, 
0.6446062210456651, 0.11328869635963273, 0.9024390243902439, 
0.830575777630708, 0.06770795357284279, 1.0, 
0.9596293845135669, 0.045611845967666376, 1.0, 
0.9854401058901389, 0.041832146636507105, 1.0, 
0.42025148908007937, 0.1268590651648351, 0.8292682926829268, 
0.1614824619457313, 0.9790970308087715, 0.7073170731707317, 
