0.3334802733083535, 0.36942949300222455, 0.8727272727272727, 
0.3132025567555653, 0.5041020394374898, 0.8727272727272727, 
0.35419880978620244, 0.37709807252405725, 0.8, 
0.357504959224157, 0.36024753797201603, 0.8, 
0.3627947983248842, 0.4419531927808396, 0.6909090909090909, 
0.4311218867092794, 0.2841533062914501, 0.6545454545454545, 
0.3317169936081111, 0.589981109765809, 0.7636363636363637, 
0.33899052237161115, 0.35076846063716327, 0.8363636363636363, 
0.3436191315847476, 0.4296131142290186, 0.7636363636363637, 
0.4313422966718095, 0.5128468010705698, 0.6181818181818182, 
0.38307251487767247, 0.3794842261837736, 0.6909090909090909, 
0.8313863786643158, 0.10641899762004255, 0.7818181818181819, 
0.5904782896186908, 0.11013722677349007, 0.8181818181818182, 
0.7780471677319816, 0.10734867406713904, 0.7454545454545455, 
0.6491073396517525, 0.10766027415803327, 0.7454545454545455, 
0.7407978840643599, 0.10998220125981764, 0.6727272727272727, 
0.6647564469914041, 0.11044703948336582, 0.6909090909090909, 
0.7542428917787085, 0.10734855490840449, 0.7818181818181819, 
0.5944456689442363, 0.11029213312842795, 0.7818181818181819, 
0.7509367423407538, 0.10766027415803327, 0.6363636363636364, 
0.795679964734406, 0.10719376771220115, 0.7454545454545455, 
0.6396297112629491, 0.11060182667956917, 0.6909090909090909, 
0.8673132025567556, 0.10603411490738922, 0.9454545454545454, 
0.861141723605907, 0.1059943158900436, 0.9818181818181818, 
0.6768789949305709, 0.11044703948336582, 0.6545454545454545, 
0.7357284549261627, 0.11287305173979503, 0.5818181818181818, 
0.6577033281904344, 0.11566148528741152, 0.5454545454545454, 
0.6892219528322681, 0.10796841864562509, 0.7272727272727273, 
0.6105355962089488, 0.11060182667956917, 0.7272727272727273, 
0.6960546616707076, 0.1076584867770148, 0.7454545454545455, 
0.6012783777826759, 0.10967215023247268, 0.8181818181818182, 
0.8983910072735287, 0.10540853155090932, 0.9272727272727272, 
0.9012563367864229, 0.10478878697242328, 0.8909090909090909, 
0.7652633899052238, 0.106810195745628, 0.8181818181818182, 
0.5651311439277057, 0.2431744387355495, 0.5454545454545454, 
0.6193519947101609, 0.24270971967073587, 0.5454545454545454, 
0.6257438836235399, 0.2102626770892429, 0.5454545454545454, 
0.4046726912056426, 0.1614463820846273, 0.8181818181818182, 
0.4297994269340975, 0.11202958663715824, 0.7818181818181819, 
0.5056204540445228, 0.11156510588981368, 0.7090909090909091, 
0.37690103592682384, 0.27239770133268315, 0.7090909090909091, 
0.5267798104474322, 0.11141031869361033, 0.7090909090909091, 
0.5001102049812652, 0.11110050598373458, 0.8545454545454545, 
0.6707075159797222, 0.11079045495638974, 0.6545454545454545, 
0.44390566453603714, 0.1627635627365375, 0.6909090909090909, 
0.42362794798324893, 0.16245386918539628, 0.7454545454545455, 
0.3890235838659908, 0.26810012241176806, 0.7454545454545455, 
0.4357504959224157, 0.35476415090405145, 0.6181818181818182, 
0.8152964513996033, 0.10676932429967141, 0.9454545454545454, 
0.36918668723826326, 0.28812665429560685, 0.7090909090909091, 
0.6325765924619795, 0.11605727102427776, 0.5818181818181818, 
0.44831386378664334, 0.11156510588981368, 0.7454545454545455, 
0.4009257218426273, 0.2569404302845737, 0.7090909090909091, 
0.3744765263389905, 0.17903421130680555, 0.7818181818181819, 
0.5095878333700682, 0.1118747994409549, 0.6727272727272727, 
0.43156270663433993, 0.1614463820846273, 0.7090909090909091, 
0.3709499669385057, 0.2685646031591126, 0.7454545454545455, 
0.4187789288075822, 0.2017917422281992, 0.6727272727272727, 
0.6707075159797222, 0.11079045495638974, 0.6545454545454545, 
0.6707075159797222, 0.11079045495638974, 0.6545454545454545, 
0.5135552126956139, 0.11156510588981368, 0.6727272727272727, 
0.5173021820586291, 0.11156510588981368, 0.6363636363636364, 
0.5296451399603264, 0.1111002676662655, 0.7272727272727273, 
0.6638748071412827, 0.1111002676662655, 0.6545454545454545, 
0.6753361251928589, 0.11385176200616597, 0.6, 
0.6775402248181618, 0.11110050598373458, 0.6363636363636364, 
0.40445228124311217, 0.1683399531968322, 0.7454545454545455, 
0.5025347145690986, 0.11079045495638974, 0.7454545454545455, 
0.4357504959224157, 0.35476415090405145, 0.6181818181818182, 
0.6246418338108884, 0.1111002676662655, 0.6909090909090909, 
0.5781353317169938, 0.11079033579765507, 0.7090909090909091, 
0.46991404011461313, 0.18244227027417356, 0.6545454545454545, 
0.6438175005510249, 0.11605727102427776, 0.5454545454545454, 
0.4637425611637645, 0.11295902476678552, 0.6727272727272727, 
0.41282785981926384, 0.16229908198919307, 0.8, 
0.4860039673793256, 0.11543764560452625, 0.6363636363636364, 
0.6233193740357066, 0.11156498673107913, 0.6909090909090909, 
0.4090808904562486, 0.19838427905450404, 0.7090909090909091, 
0.6563808684152526, 0.11125529317993792, 0.6181818181818182, 
0.43200352655940044, 0.11652175177162233, 0.7090909090909091, 
0.7599735508044966, 0.10692363486093634, 0.8909090909090909, 
0.4976856953934318, 0.28122039277817046, 0.5636363636363636, 
0.386378664315627, 0.2873988327448679, 0.6363636363636364, 
0.46418338108882534, 0.29386110881730554, 0.6, 
0.5175225920211596, 0.1931137690658444, 0.5636363636363636, 
0.5375798986114174, 0.1725158114703866, 0.5636363636363636, 
0.3561824994489751, 0.49602683073394516, 0.7454545454545455, 
0.42781573727132466, 0.1387221560295452, 0.7636363636363637, 
0.42517081772096105, 0.16131912055610909, 0.7272727272727273, 
0.5798986114172362, 0.12893129986569613, 0.5636363636363636, 
0.6228785541106457, 0.10897912303222752, 0.7454545454545455, 
0.6757769451179194, 0.10758317845676814, 0.7636363636363637, 
0.4280361472338551, 0.13403373645924824, 0.7636363636363637, 
0.627286753361252, 0.10851225911019166, 0.7818181818181819, 
0.46197928146352213, 0.1341888811316553, 0.6909090909090909, 
0.5869517302182059, 0.12541111252910012, 0.6, 
0.5497024465505842, 0.13728653159547474, 0.6, 
0.6098743663213579, 0.12877651266949292, 0.5636363636363636, 
0.6651972669164646, 0.2816298817695119, 0.5272727272727272, 
0.6689442362794799, 0.10913236116488147, 0.6909090909090909, 
0.6554992285651312, 0.10920766948512825, 0.7090909090909091, 
0.8644478730438617, 0.10583929037637119, 0.9636363636363636, 
0.5091470134450077, 0.217662851561462, 0.6, 
0.35419880978620244, 0.5501277560372666, 0.6727272727272727, 
0.446770994048931, 0.35204590185109524, 0.6, 
0.4421423848357947, 0.3559186798832769, 0.6, 
0.46109764161340105, 0.32241708250086065, 0.6, 
0.5058408640070533, 0.26820581620932954, 0.6, 
0.44236279479832485, 0.1829638280553759, 0.6363636363636364, 
0.4560282124752039, 0.3285369559495182, 0.6, 
0.6096539563588275, 0.11888502695430159, 0.6, 
0.49482036588053796, 0.312688427196456, 0.5636363636363636, 
0.4227463081331277, 0.5622068173810174, 0.5454545454545454, 
0.44126074498567336, 0.561198019534168, 0.5454545454545454, 
0.4714569098523254, 0.35846432750921187, 0.5636363636363636, 
0.6480052898391007, 0.31392779719469355, 0.509090909090909, 
0.5503636764381751, 0.3087131130731788, 0.5454545454545454, 
0.6422746308133129, 0.8337577767458632, 0.5272727272727272, 
