0.7495810835970952, 0.024913699501688636, 0.8775510204081632, 
0.8867994786818095, 0.024098933138842933, 0.9387755102040817, 
0.5568795382610313, 0.050805808321745964, 0.7959183673469388, 
0.6252094582014521, 0.04071950860716499, 0.7755102040816326, 
0.593371811580711, 0.06864524166569111, 0.6326530612244898, 
0.5641407559113758, 0.06787718564838757, 0.7142857142857143, 
0.45224353006888823, 0.7851222220080024, 0.5918367346938775, 
0.559486129212437, 0.14234272446397941, 0.6326530612244898, 
0.5423571029603425, 0.14601027031966665, 0.6326530612244898, 
0.45094023459318555, 0.5642564285113051, 0.6326530612244898, 
0.563209830571588, 0.1472341440713209, 0.5918367346938775, 
0.3960156395457083, 0.7774839832889822, 0.673469387755102, 
0.3930366784583876, 0.5606881029533635, 0.8367346938775511, 
0.3747905417985476, 0.8364399631772002, 0.6326530612244898, 
0.44070005585552036, 0.41524274567173025, 0.673469387755102, 
0.45131260472910056, 0.277286404797184, 0.6326530612244898, 
0.6499720722398062, 0.07710592730773026, 0.5918367346938775, 
0.5669335319307388, 0.08444070552685286, 0.5918367346938775, 
0.6522062930552969, 0.07561981728731085, 0.5918367346938775, 
0.46546266989387447, 0.3053643383440369, 0.5918367346938775, 
0.5671197169986965, 0.07955053988851925, 0.6326530612244898, 
0.49748650158257296, 0.2142471883271789, 0.5918367346938775, 
0.6497858871718486, 0.06130889598530874, 0.6326530612244898, 
0.46304226401042614, 0.5677217718644779, 0.5510204081632653, 
0.4334388382051759, 0.7029709503972181, 0.673469387755102, 
0.4563396015639543, 0.7032700220055886, 0.5918367346938775, 
0.5589275740085644, 0.2141453033452916, 0.5918367346938775, 
0.46378700428225644, 0.5642564285113051, 0.5918367346938775, 
0.41444796127350564, 0.7115239595074596, 0.7142857142857143, 
0.5879724446099421, 0.30414109157688646, 0.5510204081632653, 
0.43269409793334557, 0.1529400165492562, 0.7142857142857143, 
0.3960156395457083, 0.7774839832889822, 0.673469387755102, 
0.44293427667101076, 0.15253184963720332, 0.673469387755102, 
0.5756842301247439, 0.3053643383440369, 0.5510204081632653, 
0.5671197169986965, 0.07955053988851925, 0.6326530612244898, 
0.477564699311115, 0.15171676978210571, 0.6326530612244898, 
0.40737292869111885, 0.2894699676773815, 0.7551020408163265, 
0.41966114317631703, 0.7029709503972181, 0.7142857142857143, 
0.5894619251536025, 0.13429616208677997, 0.5510204081632653, 
0.913796313535654, 0.018904993508359107, 1.0204081632653061, 
0.5559486129212436, 0.10542979552624622, 0.7755102040816326, 
0.6268851238130702, 0.03173811233461915, 0.8979591836734694, 
0.5466393595233662, 0.10950456781723036, 0.7755102040816326, 
0.7938931297709922, 0.025415914089329292, 0.673469387755102, 
0.63600819214299, 0.038154044763245236, 0.8571428571428571, 
0.6261403835412398, 0.03927164464148479, 0.6938775510204082, 
0.6529510333271269, 0.032752573261963895, 0.6326530612244898, 
0.6851610500837831, 0.025415914089329292, 0.6938775510204082, 
0.6488549618320608, 0.03815247730198547, 0.6530612244897959, 
0.6961459690932786, 0.03438273297215906, 0.6122448979591837, 
0.8091603053435112, 0.9174582737893988, 0.4897959183673469, 
0.6324706758517966, 0.039072577061489866, 0.7959183673469388, 
0.6527648482591696, 0.033567026132557354, 0.7346938775510204, 
0.7093651089182645, 0.02623068045217499, 0.5918367346938775, 
0.6406628188419288, 0.038256870221888166, 0.6938775510204082, 
0.596723142803947, 0.0414146776758878, 0.7755102040816326, 
0.7637311487618691, 0.44447103903715257, 0.5306122448979592, 
0.8095326754794262, 0.09707773494951122, 0.5714285714285714, 
0.8169800781977283, 0.3806653340111037, 0.5102040816326531, 
0.7024762614038351, 0.02908408692952065, 0.6530612244897959, 
0.6555576242785327, 0.02908408692952065, 0.673469387755102, 
0.8745112641966113, 0.019720386855708927, 1.1224489795918366, 
0.8800968162353374, 0.018498080565314434, 1.1224489795918366, 
0.9681623533792588, 0.01646038092757048, 1.163265306122449, 
0.9830571588158625, 0.01594813458786675, 1.0816326530612246, 
0.919568050642338, 0.02196122947272334, 0.9183673469387755, 
0.839508471420592, 0.01972101384021269, 1.163265306122449, 
0.9467510705641405, 0.019512228000406938, 0.9591836734693877, 
0.7847700614410722, 0.022772233928545386, 0.9591836734693877, 
1.0188046918637124, 0.01869652116080559, 0.9591836734693877, 
0.7998510519456338, 0.022060920008846737, 0.9591836734693877, 
0.8244274809160305, 0.02124678063050516, 1.0, 
0.9044870601377765, 0.019919767927955728, 0.9591836734693877, 
0.834481474585738, 0.020023533863354665, 1.0, 
0.7164401415006514, 0.02389986555884766, 1.0, 
0.6240923477937068, 0.03841298936336457, 0.8367346938775511, 
0.9303667845838762, 0.02154898716139525, 0.8775510204081632, 
1.0243902439024386, 0.014621435377569204, 0.9591836734693877, 
1.0078197728542169, 0.009427809239337614, 1.0816326530612246, 
0.9433997393409045, 0.017171381355016887, 1.0408163265306123, 
0.8594302736920497, 0.024403020623244672, 0.9183673469387755, 
