0.8366808385867177, 0.024679397100368268, 0.5384615384615384, 
0.5984459756633926, 0.013464199794024323, 1.0384615384615385, 
0.6694033132971707, 0.010200855129371546, 0.9615384615384616, 
0.6370033719395984, 0.010200855129371546, 1.0, 
0.9469286028441577, 0.024271086712917583, 0.5192307692307693, 
1.0186189708253923, 0.017136482533118686, 0.5192307692307693, 
0.9076381762204958, 0.026310441745704113, 0.5192307692307693, 
0.7692420466207304, 0.10931922167440844, 0.5576923076923077, 
0.7415334994868787, 0.5306779662878731, 0.4807692307692308, 
0.9469286028441577, 0.024271086712917583, 0.5192307692307693, 
0.7924058056003519, 0.23508541172265057, 0.4807692307692308, 
0.7406538630699311, 0.5543417658372882, 0.4807692307692308, 
0.7045887699750772, 0.013871568650989194, 0.7307692307692307, 
0.7259932561208035, 0.011937978876135577, 0.8269230769230769, 
0.6947661633191615, 0.011937978876135577, 0.8653846153846154, 
0.6946195572496704, 0.014280506725430424, 0.6538461538461539, 
1.1410350388506085, 0.0023494324061922476, 1.0769230769230769, 
0.6652983433514149, 0.017141504029044102, 0.6153846153846154, 
0.6175047646972583, 0.1554520185864395, 0.5769230769230769, 
0.7105996188242196, 0.14423399668863704, 0.5769230769230769, 
0.7583931974783757, 0.013871568650989194, 0.5769230769230769, 
0.4936226359771295, 0.022952944032446326, 0.6346153846153846, 
0.5969799149684799, 0.01928160282383813, 0.6346153846153846, 
0.46708693739920837, 0.1447455615860581, 0.6730769230769231, 
0.542442457117725, 0.015608692397753227, 0.7115384615384616, 
0.49435566632458605, 0.4262616076978277, 0.5961538461538461, 
0.6390558569124761, 0.019281288980342863, 0.6346153846153846, 
0.38073596246884645, 0.8535399113988428, 0.6346153846153846, 
0.7158774373259054, 0.013160713134020736, 0.6346153846153846, 
0.5827591262278261, 0.017655265830932788, 0.6730769230769231, 
0.5488931241753411, 0.01887360627988272, 0.6730769230769231, 
0.7232077408004692, 0.01479332699683294, 0.5961538461538461, 
0.5398035478668819, 0.019795992312717364, 0.5961538461538461, 
0.5827591262278261, 0.017655265830932788, 0.6730769230769231, 
0.5356985779211261, 0.01928160282383813, 0.6730769230769231, 
0.49670136343644644, 0.02091296131266925, 0.5961538461538461, 
0.5919953086057764, 0.01388067011235421, 0.6730769230769231, 
0.4599032399941357, 0.4336064870195114, 0.5961538461538461, 
0.39011875091628795, 0.14576555294594684, 0.6346153846153846, 
0.4736842105263161, 0.024993554439213944, 0.7115384615384616, 
0.7013634364462688, 0.14759212208888572, 0.5, 
0.8825685383374873, 0.01029563586496746, 0.5384615384615384, 
0.8193813223867469, 0.0030565218012167336, 0.6538461538461539, 
0.8105849582172704, 0.011216138836830118, 0.5961538461538461, 
0.8060401700630407, 0.007951224954700627, 0.6730769230769231, 
0.7646972584665007, 0.011215197306343946, 0.6730769230769231, 
0.8041342911596542, 0.01896681779800156, 0.5576923076923077, 
0.6927136783462838, 0.15534342873704807, 0.5384615384615384, 
0.7695352587597126, 0.011216138836830118, 0.6346153846153846, 
0.7885940477935788, 0.030189547348234164, 0.5, 
0.52924791086351, 0.47185459379785616, 0.5384615384615384, 
0.7792112593461369, 0.1464720146539804, 0.5384615384615384, 
0.8003225333528807, 0.02059943166081412, 0.5576923076923077, 
0.5736695499193668, 0.16023907342101779, 0.5, 
0.6933001026242488, 0.14922348057771684, 0.5, 
0.7822899868054538, 0.009176156117052687, 0.6346153846153846, 
0.8444509602697554, 0.017440283036617543, 0.5384615384615384, 
0.5510922152177099, 0.4262534477669485, 0.5, 
0.8133704735376046, 0.010295949708462732, 0.6153846153846154, 
0.8717196891951327, 0.00713585955378034, 0.5961538461538461, 
0.7498900454478815, 0.00908074769446623, 0.7692307692307693, 
0.7406538630699311, 0.009488744238421646, 0.7692307692307693, 
0.7353760445682453, 0.010305365013323376, 0.7692307692307693, 
0.7500366515173731, 0.009488744238421646, 0.7307692307692307, 
0.7125054977276061, 0.012346289263586621, 0.8076923076923077, 
