0.31563565513882125, 0.10454036734688044, 0.9304347826086956, 
0.2805650267900633, 0.10458241346929029, 0.9130434782608695, 
0.1358986848514369, 0.35139819755000606, 0.8347826086956521, 
0.29810034096444227, 0.10458241346929029, 0.9043478260869565, 
0.3239162201656113, 0.10477162102013479, 0.8782608695652174, 
0.3195323916220165, 0.10559152040712756, 0.8869565217391304, 
0.26497808085728203, 0.11271838020172549, 0.8782608695652174, 
0.3307355090112031, 0.10463497112230263, 0.8869565217391304, 
0.3594739405747686, 0.09661887788485804, 0.8695652173913043, 
0.2240623477837311, 0.15935337436530325, 0.8608695652173913, 
0.2805650267900633, 0.10458241346929029, 0.9130434782608695, 
0.3170969313200195, 0.10454036734688044, 0.8956521739130435, 
0.33268387725280074, 0.12241047392455057, 0.8695652173913043, 
0.3058938139308329, 0.12713082390301877, 0.8521739130434782, 
0.24744276668290305, 0.5164083731320904, 0.7565217391304347, 
0.1792498782269849, 0.48343050612683486, 0.7739130434782608, 
0.17486604968339015, 0.6559795514570117, 0.7565217391304347, 
0.2893326838772528, 0.49661570760722834, 0.7478260869565218, 
0.2805650267900633, 0.4966682652602407, 0.7478260869565218, 
0.11056989771066732, 0.7064140434721587, 0.8782608695652174, 
0.11544081831466146, 0.5678045440589964, 0.8434782608695652, 
0.09059912323429127, 1.6853221948109534, 0.9565217391304348, 
0.34242571846078906, 0.0802647862967987, 0.9217391304347826, 
0.3779834388699464, 0.07613795938226846, 0.9304347826086956, 
0.3614223088163663, 0.07907277872647843, 0.9130434782608695, 
0.1734047735021919, 0.2528147566416685, 0.8347826086956521, 
0.3580126643935703, 0.07718911244251558, 0.9304347826086956, 
0.20944958597174865, 0.20395085548302036, 0.8521739130434782, 
0.3521675596687774, 0.09342101799885179, 0.8956521739130435, 
0.20603994154895275, 0.20495996242085765, 0.8347826086956521, 
0.12128592303945446, 0.35751952432717166, 0.8695652173913043, 
0.195811008280565, 0.22304395762322685, 0.8347826086956521, 
0.359961032635168, 0.09342101799885179, 0.8869565217391304, 
0.359961032635168, 0.09154399500222969, 0.8956521739130435, 
0.23818801753531416, 0.8124520096070345, 0.7304347826086957, 
0.11105698977106672, 1.1742281992747379, 0.7913043478260869, 
0.11105698977106672, 1.1742281992747379, 0.7913043478260869, 
0.1544081831466147, 0.8594681518702578, 0.7565217391304347, 
0.13395031660983925, 1.1594628624680587, 0.7913043478260869, 
0.15830491962981003, 0.7765316708632901, 0.7652173913043478, 
0.18168533852898197, 0.5883123720799284, 0.7391304347826086, 
0.2820263029712616, 0.398752811098629, 0.7652173913043478, 
0.21237213833414514, 0.5822325027794589, 0.7478260869565218, 
0.25669751583049194, 0.5553728511383105, 0.7391304347826086, 
0.24257184607890891, 0.5832836558397061, 0.7391304347826086, 
0.16609839259620068, 0.7760691635167815, 0.7739130434782608, 
0.18460789089137847, 0.5832836558397061, 0.7565217391304347, 
0.21529469069654164, 0.5795604717003107, 0.7565217391304347, 
0.23039454456892353, 0.5564240041985576, 0.7478260869565218, 
0.20360448124695565, 0.5827370562483776, 0.7652173913043478, 
0.23039454456892353, 0.40301628791099137, 0.7652173913043478, 
0.403312226010716, 0.07727530699345585, 0.8782608695652174, 
0.39016074037993176, 0.08030683241920857, 0.8782608695652174, 
0.4242571846078909, 0.07714269352337506, 0.8608695652173913, 
0.3794447150511446, 0.07263955381327636, 0.9130434782608695, 
0.40185094982951775, 0.0802647862967987, 0.8695652173913043, 
0.49001461276181196, 0.06631287377426091, 0.8869565217391304, 
0.45932781295664876, 0.07169725816394841, 0.8782608695652174, 
0.5104724792985874, 0.06537600207472387, 0.8695652173913043, 
0.41597661958110077, 0.07571329354592862, 0.8695652173913043, 
0.3472966390647832, 0.0987646596959241, 0.8521739130434782, 
0.45104724792985873, 0.0641571270321837, 0.8956521739130435, 
0.472479298587433, 0.07169725816394841, 0.8695652173913043, 
0.5021919142717973, 0.042923877261314025, 0.8956521739130435, 
0.37359961032635164, 0.08197177477439521, 0.8782608695652174, 
0.41597661958110077, 0.07222872115120937, 0.9043478260869565, 
0.4335119337554798, 0.07213411737578712, 0.8782608695652174, 
0.40136385776911837, 0.09069962477199438, 0.8434782608695652, 
0.16609839259620068, 0.26288328929842936, 0.8521739130434782, 
0.1885046273745738, 0.22527870902931227, 0.8782608695652174, 
0.16950803701899658, 0.28880522831759253, 0.8173913043478261, 
0.21529469069654164, 0.25249865389339105, 0.8, 
0.14320506575742814, 0.37565805335030655, 0.8, 
0.1738918655625913, 0.35080728134565753, 0.808695652173913, 
0.11738918655625913, 0.5474984533333871, 0.8521739130434782, 
0.14271797369702874, 0.37565805335030655, 0.8173913043478261, 
0.17730150998538724, 0.24200394173988365, 0.8260869565217391, 
0.2294203604481247, 0.22644023316088538, 0.8, 
0.19629810034096445, 0.22644023316088538, 0.8260869565217391, 
0.18996590355577206, 0.22990508592419437, 0.8260869565217391, 
0.1631758402338042, 0.3631451273211247, 0.8, 
0.15343399902581586, 0.28880522831759253, 0.8260869565217391, 
0.16950803701899658, 0.2304578242493947, 0.8608695652173913, 
0.18460789089137847, 0.22990508592419437, 0.8695652173913043, 
0.11933755479785679, 0.43477666739574644, 0.8260869565217391, 
0.1290793960058451, 0.702743248801286, 0.8173913043478261, 
0.24013638577691182, 0.22251775040126714, 0.808695652173913, 
0.19678519240136386, 0.24200394173988365, 0.8173913043478261, 
0.11544081831466146, 0.7095210837337595, 0.8173913043478261, 
0.12956648806624452, 0.43051319058338405, 0.8608695652173913, 
0.1602532878714077, 0.26496036774547765, 0.8521739130434782, 
0.25426205552849485, 0.23856255071287935, 0.782608695652174, 
0.15781782756941062, 0.43287870543016416, 0.7913043478260869, 
0.14417924987822697, 0.28880522831759253, 0.8608695652173913, 
0.16220165611300535, 0.23381949582830988, 0.8608695652173913, 
0.2104237700925475, 0.17700315926154564, 0.8782608695652174, 
0.23331709693132, 0.22469851458617826, 0.8, 
0.15976619581100826, 0.446583302660687, 0.782608695652174, 
0.1889917194349732, 0.28880522831759253, 0.7913043478260869, 
0.1889917194349732, 0.25249865389339105, 0.8173913043478261, 
0.20311738918655625, 0.23856255071287935, 0.808695652173913, 
0.14564052605942523, 0.6706773621911007, 0.782608695652174, 
0.18412079883097907, 0.22990508592419437, 0.8782608695652174, 
0.15343399902581586, 0.29465392803705237, 0.8173913043478261, 
0.17535314174378958, 0.35080728134565753, 0.782608695652174, 
0.13395031660983925, 0.35553536781064915, 0.8260869565217391, 
0.15343399902581586, 0.2691145246395743, 0.8521739130434782, 
0.21870433511933754, 0.28880522831759253, 0.782608695652174, 
0.18119824646858257, 0.26288328929842936, 0.808695652173913, 
0.15294690696541646, 0.28880522831759253, 0.8521739130434782, 
0.34096444227959083, 0.18913220419312524, 0.782608695652174, 
0.3813930832927423, 0.17744338216317715, 0.7913043478260869, 
0.14758889430102287, 0.2972657490689096, 0.8347826086956521, 
0.3721383341451534, 0.17725417461233264, 0.808695652173913, 
0.25426205552849485, 0.17791850334640885, 0.8, 
0.2177301509985387, 0.1674622213487841, 0.8434782608695652, 
0.2644909887968826, 0.15616123275194477, 0.8608695652173913, 
0.26497808085728203, 0.15772038706314814, 0.8173913043478261, 
0.3044325377496347, 0.14722567490964075, 0.8434782608695652, 
0.3263516804676084, 0.14407642034114035, 0.8260869565217391, 
0.41841207988309786, 0.13775604722048643, 0.8347826086956521, 
0.2576716999512908, 0.14501825348312178, 0.9478260869565217, 
0.3930832927423283, 0.14401082839018095, 0.8347826086956521, 
0.23721383341451532, 0.2221304215216273, 0.8173913043478261, 
0.2800779347296639, 0.15436510649483928, 0.8434782608695652, 
0.2717973697028738, 0.210598936081737, 0.782608695652174, 
0.2493911349245007, 0.18305645541265197, 0.8173913043478261, 
0.2679006332196785, 0.18300818646412545, 0.7913043478260869, 
0.26984900146127616, 0.2167209355968611, 0.782608695652174, 
0.32245494398441304, 0.17772441844536482, 0.7913043478260869, 
0.2177301509985387, 0.1674622213487841, 0.8434782608695652, 
0.3219678519240136, 0.14480381825883137, 0.8260869565217391, 
0.3019970774476376, 0.09728345889566868, 0.9478260869565217, 
0.3127131027764247, 0.09627435195783142, 0.9478260869565217, 
0.30491962981003407, 0.10103708442768877, 0.9391304347826087, 
0.10618606916707257, 0.8046076327335117, 0.9304347826086956, 
0.31417437895762296, 0.09208824001070326, 0.9478260869565217, 
0.10910862152946907, 0.8043360988749888, 0.9478260869565217, 
0.0944958597174866, 0.805646171957036, 0.9304347826086956, 
0.30491962981003407, 0.10103708442768877, 0.9391304347826087, 
0.3438869946419873, 0.09764051456717343, 0.8869565217391304, 
0.27715538236726744, 0.13678410905485952, 0.8695652173913043, 
0.27131027764247445, 0.15259378744995564, 0.8521739130434782, 
0.31904529956161715, 0.08988578002662864, 0.9043478260869565, 
0.30102289332683874, 0.13678410905485952, 0.8608695652173913, 
0.10472479298587432, 0.8153517624851546, 0.8956521739130435, 
0.11397954213346322, 0.6740248221806414, 0.9043478260869565, 
