0.34958366096090643, 0.04292084011039183, 0.9995951417004049, 
0.0, 1.0, 0.0, 
0.0, 1.0, 0.0, 
0.0, 1.0, 0.0, 
0.46388032016774533, 0.04244833632575665, 0.9987854251012146, 
0.806629165910603, 0.029642851801542164, 1.0, 
0.4351700639125789, 0.04732960000918651, 0.9983805668016195, 
0.3286961430674005, 0.044030381749626625, 0.9987854251012146, 
0.010484082340369764, 0.4012681331226861, 0.1854251012145749, 
0.12732111534506746, 0.11974145529845667, 0.8182186234817814, 
0.017601161313736166, 0.3535795924332083, 0.2757085020242915, 
5.040424202100848E-4, 0.49703722419195734, 0.0, 
0.064073872457106, 0.20054182188219358, 0.6522267206477733, 
0.016552753079699188, 0.2710029528348305, 0.4534412955465587, 
0.21823020625415834, 0.07089505710139325, 0.9712550607287449, 
0.015464021452045404, 0.31069410760668803, 0.3639676113360324, 
0.01016149519143531, 0.4480604674052213, 0.09433198380566801, 
0.08155406358999173, 0.1595882815938274, 0.7368421052631579, 
0.20990342547228774, 0.07712647764844432, 0.9259109311740891, 
0.03125063005302526, 0.22982672516001965, 0.5368421052631579, 
0.24895663219016512, 0.06122218186541475, 0.9712550607287449, 
0.01614951914353112, 0.2882473803863474, 0.4080971659919028, 
0.010726022702070606, 0.4690042715317032, 0.048582995951417005, 
0.008286457388253796, 0.46901570290093936, 0.04777327935222672, 
0.08105002116978165, 0.17080047912880233, 0.6947368421052632, 
0.01348817516482187, 0.3802921486133734, 0.22591093117408906, 
0.01681485513820843, 0.3420178538230612, 0.30242914979757085, 
0.012318796749934474, 0.42368940074256184, 0.14008097165991903, 
0.016552753079699188, 0.33222442724946993, 0.32753036437246963, 
0.07689671162725055, 0.18322306454829618, 0.6902834008097166, 
0.03663380310086897, 0.2210626135822465, 0.559919028340081, 
0.02576664852113954, 0.32841694443132474, 0.33157894736842103, 
0.015605153329704228, 0.33824721020992615, 0.31700404858299597, 
0.09040504848888083, 0.17765492224039706, 0.691497975708502, 
0.01735922095203532, 0.28618028686775215, 0.4202429149797571, 
0.0112905502127059, 0.44180690882537027, 0.10688259109311742, 
0.20292747837658018, 0.09064792823967883, 0.9453441295546559, 
0.013951894191415149, 0.41006524900462, 0.1700404858299595, 
0.009355027319099174, 0.469928478322688, 0.046153846153846156, 
0.10974011572813967, 0.1361807132793933, 0.8510121457489879, 
0.21823020625415834, 0.07089505710139325, 0.9712550607287449, 
0.030242545212605092, 0.23140075568425159, 0.5534412955465587, 
0.053730921994395046, 0.21254693369718275, 0.6234817813765182, 
0.01836730579245549, 0.32322064515291893, 0.33643724696356275, 
0.19427811044577512, 0.09292344365865693, 0.9178137651821863, 
0.07296518074961188, 0.17564266047061725, 0.6923076923076923, 
0.012782515776527751, 0.3574075568140453, 0.2704453441295547, 
0.011613137361640356, 0.4006012356688968, 0.18299595141700406, 
0.018931833303090787, 0.26319385235284043, 0.46275303643724697, 
0.008084840420169761, 0.4887795308987948, 0.021052631578947368, 
0.15117240266940865, 0.1042976582055022, 0.8696356275303644, 
0.05917458013266397, 0.1955014853036872, 0.6538461538461539, 
0.03108933647855804, 0.2464389979927767, 0.49757085020242914, 
0.012379281840359685, 0.4625348153673613, 0.06072874493927125, 
0.018972156696707595, 0.26555618578587403, 0.45546558704453444, 
0.008649367930805056, 0.4723687434978425, 0.045344129554655874, 
0.053730921994395046, 0.21254693369718275, 0.6234817813765182, 
0.04481945200508075, 0.22331996390844966, 0.5554655870445344, 
0.010141333494626906, 0.3721440239159083, 0.24331983805668017, 
0.010544567430794976, 0.4049729536176421, 0.17732793522267207, 
0.0979656847920321, 0.14591466006630047, 0.7748987854251013, 
0.01651242968608238, 0.32565294287940205, 0.33522267206477735, 
0.06334805137200347, 0.20504968528167947, 0.6238866396761134, 
0.22256497106796508, 0.07579330823088049, 0.928744939271255, 
0.009516320893566401, 0.4640909655046182, 0.05668016194331984, 
0.007883223452085728, 0.4765963658020728, 0.03643724696356275, 
0.011633299058448758, 0.4466917183901255, 0.09392712550607288, 
0.09848988890905058, 0.15319114501637013, 0.7663967611336032, 
0.053730921994395046, 0.21254693369718275, 0.6234817813765182, 
0.01330671989354624, 0.3671084540026872, 0.25425101214574897, 
0.022540777031794995, 0.26932361136072597, 0.4546558704453441, 
0.013266396499929434, 0.3893933993091286, 0.21012145748987854, 
0.03237968507429585, 0.2380141392578632, 0.5186234817813765, 
0.07669509465916652, 0.19260007006609736, 0.6421052631578947, 
0.1354059557652372, 0.11804962774953924, 0.8449392712550607, 
0.19333051069578017, 0.09828207700766474, 0.9465587044534413, 
0.0647593701485917, 0.19975986014802485, 0.6449392712550607, 
0.01288332426056977, 0.467993570255981, 0.05425101214574899, 
0.00854855944676304, 0.4720046651719813, 0.046153846153846156, 
0.01550434484566221, 0.30237259707711794, 0.3785425101214575, 
0.013508336861630273, 0.36802613844262105, 0.2465587044534413, 
0.008286457388253796, 0.46901570290093936, 0.04777327935222672, 
0.018387467489263894, 0.2639602027189844, 0.46153846153846156, 
0.03641202443597653, 0.2389390621270718, 0.5133603238866397, 
0.07322728280812113, 0.16145164870087514, 0.7323886639676114, 
0.015161595999919352, 0.4104642728105499, 0.16680161943319838, 
0.01756083792011936, 0.35055984311226507, 0.2846153846153846, 
0.5202121010504244, 0.03578234257131327, 0.9995951417004049, 
0.01739954434565213, 0.32178299302053653, 0.3595141700404858, 
0.009496159196758, 0.43177932467258, 0.12591093117408908, 
0.14538599568539687, 0.14535972963888621, 0.8072874493927126, 
0.9865118248351782, 0.0028040070305250207, 1.0, 
0.06250126010605052, 0.19043970520198344, 0.7546558704453441, 
0.09453819633460352, 0.20973435098286847, 0.6186234817813765, 
0.22573035746688438, 0.06787252542831519, 0.9846153846153847, 
5.040424202100848E-4, 0.49703722419195734, 0.0, 
0.14538599568539687, 0.14535972963888621, 0.8072874493927126, 
0.8476178955220872, 0.029987949740747113, 0.9991902834008097, 
0.27595314421661726, 0.05094677856875711, 0.9842105263157894, 
0.01586725538821347, 0.27782899007230444, 0.43724696356275305, 
0.9530434081332284, 0.009417002368955001, 1.0, 
0.06012217988265892, 0.21514049569065635, 0.6206477732793523, 
0.028569124377507613, 0.23339874334052105, 0.565587044534413, 
0.22196012016371297, 0.07418801183335658, 0.9477732793522268, 
0.011754269239299179, 0.42316533069836104, 0.16194331983805668, 
0.0106856993084538, 0.4614825082213437, 0.06963562753036437, 
0.27595314421661726, 0.05094677856875711, 0.9842105263157894, 
0.27595314421661726, 0.05094677856875711, 0.9842105263157894, 
0.14538599568539687, 0.14535972963888621, 0.8072874493927126, 
0.038287062239158044, 0.2169790782950828, 0.6012145748987854, 
0.06098913284542027, 0.20464385873262292, 0.6473684210526316, 
0.06957801568580012, 0.18481110173513562, 0.7732793522267206, 
0.5775721284703321, 0.04776384105981234, 0.9963562753036437, 
0.014798685457368092, 0.4179345259397589, 0.16194331983805668, 
0.07078771749430432, 0.18643080597162134, 0.7449392712550608, 
0.019617330994576503, 0.30805745582178046, 0.37327935222672065, 
0.06250126010605052, 0.19043970520198344, 0.7546558704453441, 
0.1460714933768826, 0.10926210559031528, 0.8647773279352227, 
0.7911853061553661, 0.031071360995397736, 1.0, 
0.07498135043045222, 0.18782951811528867, 0.6672064777327935, 
0.24510574809976005, 0.0644658048469687, 0.9842105263157894, 
0.07100949615919676, 0.18857203515500628, 0.7433198380566801, 
0.025867457005181553, 0.2530712023452476, 0.5267206477732793, 
0.20885501723825078, 0.08375248317918234, 0.9129554655870445, 
0.07417488255811609, 0.19849034404534738, 0.6417004048582996, 
0.014697876973326073, 0.4210843858112309, 0.15668016194331985, 
0.012742192382910945, 0.389718002744469, 0.22834008097165992, 
0.2208512268392508, 0.07339443755353359, 0.968421052631579, 
0.01276235407971935, 0.4228646856874499, 0.16194331983805668, 
0.19345148087663058, 0.09384535123462175, 0.9336032388663967, 
0.016371297808423554, 0.33369065349121846, 0.3174089068825911, 
0.008044517026552955, 0.4837998021458612, 0.029959514170040485, 
0.07498135043045222, 0.18782951811528867, 0.6672064777327935, 
0.0101010101010101, 0.44755748284510594, 0.10647773279352227, 
0.1817375350309482, 0.10072080218326555, 0.9279352226720647, 
0.0231657896328555, 0.28355714135344023, 0.4319838056680162, 
0.028569124377507613, 0.23339874334052105, 0.565587044534413, 
0.013205911409504225, 0.3946270079884867, 0.20647773279352227, 
0.0038307223935966457, 0.4856739082694046, 0.025910931174089068, 
0.0967761446803363, 0.1516994332918113, 0.7919028340080971, 
0.13867215064819854, 0.10526029380887957, 0.8668016194331983, 
0.023327083207322727, 0.25876605598897434, 0.48785425101214575, 
0.013407528377588258, 0.34170615705064705, 0.3044534412955466, 
0.019839109659468942, 0.2988124934029676, 0.397165991902834, 
0.06383193209540514, 0.1932369612540728, 0.7004048582995951, 
5.040424202100848E-4, 0.49703722419195734, 0.0, 
0.009173572047823545, 0.45276713310003475, 0.1076923076923077, 
0.19232242585536, 0.09874489648138099, 0.9368421052631579, 
0.11838948365894474, 0.11561450884740312, 0.8469635627530364, 
0.1104256134196254, 0.13665235647604257, 0.8360323886639676, 
0.008810661505272283, 0.489566354200182, 0.01862348178137652, 
0.017661646404161374, 0.3313172682966819, 0.3331983805668016, 
0.025686001733905926, 0.24140432964792172, 0.5481781376518219, 
0.050242948446541265, 0.20562315178215326, 0.6578947368421053, 
0.029738502792395007, 0.2561748449752116, 0.4959514170040486, 
0.7541885925119458, 0.03200330013708282, 1.0, 
0.013427690074396662, 0.4204679503036018, 0.16477732793522268, 
0.11387326357386236, 0.1262468728249259, 0.8190283400809717, 
0.010846992882921028, 0.4414530022612671, 0.11376518218623481, 
0.08568721143571442, 0.17017607185877762, 0.7319838056680162, 
0.01996007984031936, 0.2746555729527575, 0.4445344129554656, 
0.006996108792515977, 0.4833843991289917, 0.03076923076923077, 
0.09750196576543882, 0.15215879747241126, 0.7765182186234818, 
0.016472106292465573, 0.3316328301660151, 0.3396761133603239, 
0.13752293393011955, 0.111606580204995, 0.8582995951417004, 
0.20131454263190787, 0.09178137222492783, 0.9364372469635628, 
0.19232242585536, 0.09874489648138099, 0.9368421052631579, 
0.011169580031855478, 0.43098342529539163, 0.14777327935222673, 
0.10145365833988589, 0.14578549853510453, 0.7902834008097166, 
0.022460130244561383, 0.2712268653189594, 0.44817813765182185, 
0.11072803887175145, 0.12611063678597625, 0.8259109311740891, 
0.00826629569144539, 0.4807966304671725, 0.0340080971659919, 
0.009455835803141193, 0.4576004281699151, 0.09190283400809716, 
0.012217988265892458, 0.43045779799674005, 0.1437246963562753, 
0.012863162563761368, 0.3326924922118621, 0.348582995951417, 
0.01856892276053953, 0.25965279377121, 0.4757085020242915, 
0.0160285489626807, 0.3998696194103338, 0.19959514170040485, 
0.019435875723300872, 0.3097114886757686, 0.3753036437246964, 
0.03756124115405552, 0.22779846378703345, 0.5530364372469636, 
0.008467912659529427, 0.47595902598677636, 0.04129554655870445, 
0.02548438476582189, 0.25601279992413367, 0.5161943319838057, 
0.04917437851569588, 0.21312315235372173, 0.6441295546558704, 
0.017318897558418516, 0.3250902434346314, 0.35465587044534413, 
0.009657452771225225, 0.4550939559551241, 0.08906882591093117, 
0.3510756265247283, 0.04270840860332786, 0.9995951417004049, 
0.0, 1.0, 0.0, 
1.0, 0.0, 1.0, 
0.5994475695074497, 0.0333066574064236, 0.9987854251012146, 
0.8876187019899595, 0.0212461099212254, 1.0, 
0.7168289683259743, 0.03317707097339002, 0.9995951417004049, 
0.20514526502550454, 0.08744664877526531, 0.9574898785425101, 
0.0, 1.0, 0.0, 
0.4319845158168511, 0.036929379101642686, 0.9991902834008097, 
0.9972378475372488, 0.0012794333547053918, 0.9991902834008097, 
0.0, 1.0, 0.0, 
0.9370350208673561, 0.0279415879808496, 0.9991902834008097, 
0.8311861126232384, 0.027144161545280245, 1.0, 
0.8560051613943829, 0.02663433973224429, 1.0, 
0.3717615274501502, 0.0400803519139686, 0.9991902834008097, 
