0.19094008767657086, 0.21409809848093242, 0.8434782608695652, 
0.2581587920116902, 0.16049837437076925, 0.7913043478260869, 
0.21967851924013637, 0.21866128005383245, 0.7739130434782608, 
0.19288845591816853, 0.2750678771577124, 0.7565217391304347, 
0.19094008767657086, 0.21409809848093242, 0.8434782608695652, 
0.1446663419386264, 0.4789019705588005, 0.7565217391304347, 
0.13005358012664392, 0.48174008382146777, 0.7565217391304347, 
0.1734047735021919, 0.2277121283637844, 0.8347826086956521, 
0.20311738918655625, 0.2639092146852305, 0.7652173913043478, 
0.1734047735021919, 0.2277121283637844, 0.8347826086956521, 
0.2859230394544569, 0.15747567863072262, 0.7913043478260869, 
0.1631758402338042, 0.2277121283637844, 0.8434782608695652, 
0.19045299561617146, 0.29185979501842585, 0.7565217391304347, 
0.1826595226497808, 0.22625943483452285, 0.8521739130434782, 
0.18996590355577206, 0.2799189485307529, 0.7652173913043478, 
0.3161227471992206, 0.14760324908888153, 0.8, 
0.20847540185094984, 0.2603941588517641, 0.782608695652174, 
0.19045299561617146, 0.29185979501842585, 0.7565217391304347, 
0.15586945932781296, 0.22885393286394723, 0.8347826086956521, 
0.2581587920116902, 0.22625943483452285, 0.7565217391304347, 
0.24549439844130538, 0.21533189989692814, 0.7739130434782608, 
0.2206527033609352, 0.21788174494435322, 0.782608695652174, 
0.2985874330248417, 0.14971160985100285, 0.782608695652174, 
0.12177301509985386, 0.4940385746263592, 0.7565217391304347, 
0.19094008767657086, 0.2750678771577124, 0.7739130434782608, 
0.14758889430102287, 0.29332939108889616, 0.7565217391304347, 
0.18996590355577206, 0.2799189485307529, 0.7652173913043478, 
0.18996590355577206, 0.29332939108889616, 0.7478260869565218, 
0.12664393570384802, 0.4858395807564316, 0.7652173913043478, 
0.1943497320993668, 0.19981158291625684, 0.8608695652173913, 
0.22601071602532877, 0.22049272505376227, 0.7652173913043478, 
0.1938626400389674, 0.21842758770547832, 0.8173913043478261, 
0.22844617632732586, 0.26079359701465804, 0.7391304347826086, 
0.12859230394544569, 0.4858395807564316, 0.7565217391304347, 
0.2109108621529469, 0.29332939108889616, 0.7391304347826086, 
0.1953239162201656, 0.2667515325601387, 0.7739130434782608, 
0.27812956648806625, 0.4084952340299787, 0.7304347826086957, 
0.2269849001461276, 0.14662340625224154, 0.8173913043478261, 
0.29810034096444227, 0.11321658470616026, 0.9304347826086956, 
0.29663906478324403, 0.126310924516026, 0.9217391304347826, 
0.3273258645884072, 0.10504492081579903, 0.9391304347826087, 
0.20750121773015098, 0.6378595227277372, 0.7304347826086957, 
0.2493911349245007, 0.14085787376290845, 0.8434782608695652, 
0.28981977593765224, 0.14142667370686937, 0.8260869565217391, 
0.31320019483682415, 0.13216694026078518, 0.8434782608695652, 
0.354115927910375, 0.12544914719111297, 0.8608695652173913, 
0.16658548465660009, 0.261166167705332, 0.8, 
0.18704335119337553, 0.21713546831770017, 0.8260869565217391, 
0.21626887481734047, 0.17198461818294655, 0.8695652173913043, 
0.29761324890404284, 0.2048047281369203, 0.7739130434782608, 
0.19142717973697027, 0.17207901172775672, 0.8956521739130435, 
0.3029712615684364, 0.11379598027296844, 0.8782608695652174, 
0.27277155382367263, 0.2068096554379133, 0.782608695652174, 
0.27277155382367263, 0.2068096554379133, 0.782608695652174, 
0.27277155382367263, 0.2068096554379133, 0.782608695652174, 
0.3209936678032148, 0.11321658470616026, 0.8695652173913043, 
0.17827569410618607, 0.20496004651310243, 0.8608695652173913, 
0.18460789089137847, 0.2715653090226017, 0.7913043478260869, 
0.24111056989771065, 0.20601040069702378, 0.8, 
0.20263029712615685, 0.17207901172775672, 0.8869565217391304, 
0.2167559668777399, 0.17153241213642823, 0.8869565217391304, 
0.34096444227959083, 0.100480814228206, 0.8956521739130435, 
0.24403312226010715, 0.205279849320152, 0.8, 
0.20409157330735508, 0.17207901172775672, 0.8695652173913043, 
0.24500730638090598, 0.20332024773911692, 0.7913043478260869, 
0.1797369702873843, 0.2602203401817217, 0.8, 
0.20750121773015098, 0.228875040017397, 0.7913043478260869, 
0.20944958597174865, 0.210262062548989, 0.7913043478260869, 
0.0910862152946907, 0.7398363379912868, 0.808695652173913, 
0.09547004383828543, 0.4059733076078338, 0.8173913043478261, 
0.1763273258645884, 0.2308665966514636, 0.8173913043478261, 
0.12031173891865563, 0.3046911783787402, 0.8173913043478261, 
0.1836337067705796, 0.23226395748363374, 0.808695652173913, 
0.12177301509985386, 0.29912023534392007, 0.808695652173913, 
0.10131514856307842, 0.3504365186382472, 0.8173913043478261, 
0.17730150998538724, 0.2291765107150759, 0.8173913043478261, 
0.15002435460301997, 0.23226395748363374, 0.8260869565217391, 
0.17437895762299074, 0.2170087833508792, 0.8782608695652174, 
0.1417437895762299, 0.34234676059434044, 0.7913043478260869, 
0.13784705309303458, 0.23392570433351725, 0.8173913043478261, 
0.17048222113979541, 0.23904179241610723, 0.808695652173913, 
0.1261568436434486, 0.2602203401817217, 0.8173913043478261, 
0.14320506575742814, 0.285224412348677, 0.808695652173913, 
0.10423770092547492, 0.3450278736359291, 0.782608695652174, 
0.1768144179249878, 0.2170087833508792, 0.8608695652173913, 
0.195811008280565, 0.18387635479964476, 0.8782608695652174, 
0.1539210910862153, 0.2781549455111686, 0.808695652173913, 
0.18022406234778374, 0.19099619289180028, 0.8869565217391304, 
0.13784705309303458, 0.23392570433351725, 0.8173913043478261, 
0.13784705309303458, 0.23392570433351725, 0.8173913043478261, 
0.15294690696541646, 0.2296622275211549, 0.8260869565217391, 
0.1568436434486118, 0.26773314133391996, 0.808695652173913, 
0.20798830979055039, 0.1705118266071731, 0.9043478260869565, 
0.0910862152946907, 0.7064139593799139, 0.8260869565217391, 
0.3214807598636142, 0.10343959986218962, 0.9478260869565217, 
0.28153921091086215, 0.11810217594569929, 0.9391304347826087, 
0.32927423283000484, 0.09363133270314604, 0.9652173913043478, 
0.18022406234778374, 0.2594004407947289, 0.8, 
0.1738918655625913, 0.2846777286651037, 0.782608695652174, 
0.15489527520701413, 0.2846777286651037, 0.8, 
0.15586945932781296, 0.23226395748363374, 0.8173913043478261, 
0.19873356064296152, 0.21350886412148032, 0.8, 
0.29469069654164637, 0.12760594508625048, 0.8956521739130435, 
0.3930832927423283, 0.08251240381634152, 0.9043478260869565, 
0.3906478324403312, 0.0703297080325669, 0.9130434782608695, 
0.3122260107160253, 0.13500345577080086, 0.8695652173913043, 
0.24549439844130538, 0.1702534111388419, 0.808695652173913, 
0.4262055528494885, 0.06488347379681447, 0.9130434782608695, 
0.4057476863127131, 0.0755639457191287, 0.9043478260869565, 
0.24549439844130538, 0.1702534111388419, 0.808695652173913, 
0.3745737944471505, 0.08680775158949058, 0.8521739130434782, 
0.201656113005358, 0.17800259559122858, 0.808695652173913, 
0.34827082318558206, 0.08786294107748906, 0.8695652173913043, 
0.2576716999512908, 0.1905276309036645, 0.8, 
0.19629810034096445, 0.17800259559122858, 0.8260869565217391, 
