0.0, 1.0, 0.0, 
0.6459501177999838, 0.06285069216941537, 0.9959677419354839, 
0.0, 1.0, 0.0, 
0.0, 1.0, 0.0, 
0.0, 1.0, 0.0, 
1.2186205215695843E-4, 0.9999108167828725, 0.0013440860215053765, 
0.6978227313347957, 0.05331319570284992, 0.9973118279569892, 
0.32451864489398, 0.06515861419838435, 1.0, 
0.009748964172556667, 0.29408259535197073, 0.4206989247311828, 
0.1982695588593712, 0.10676241833283362, 0.8360215053763441, 
0.02863758225688521, 0.21816557995715474, 0.5860215053763441, 
0.003818344300918027, 0.45512088366190756, 0.08602150537634409, 
0.007027378341051263, 0.3751337173971043, 0.24865591397849462, 
0.012104963847591195, 0.25062694675589875, 0.5067204301075269, 
0.24173369079535298, 0.06833939219187242, 0.9583333333333334, 
0.001015517101307986, 0.49474374387163783, 0.0, 
0.005565033715167764, 0.4198666318137453, 0.17204301075268819, 
0.009017791859614916, 0.3355724926996555, 0.33602150537634407, 
0.32451864489398, 0.06515861419838435, 1.0, 
0.14761556584612887, 0.10251265786859515, 0.918010752688172, 
0.09159964253798034, 0.13868784804707626, 0.7661290322580645, 
0.007880412706149972, 0.39099111498236333, 0.22446236559139784, 
0.17475018279307825, 0.09696372764515689, 0.9139784946236559, 
0.32451864489398, 0.06515861419838435, 1.0, 
0.027134616946949384, 0.22887120991258306, 0.5524193548387096, 
0.15074335851815743, 0.10304015407688961, 0.8911290322580645, 
0.2069217645625152, 0.08156279048448944, 0.9825268817204301, 
0.005443171663010804, 0.45768060414476924, 0.08333333333333333, 
0.17475018279307825, 0.09696372764515689, 0.9139784946236559, 
0.01892923876838086, 0.2556883195380259, 0.4946236559139785, 
0.001015517101307986, 0.49474374387163783, 0.0, 
0.14761556584612887, 0.10251265786859515, 0.918010752688172, 
0.19879762775205134, 0.08167662069980484, 0.9166666666666666, 
0.2691120318466163, 0.06536794702747518, 1.0, 
0.19112031846616295, 0.09863730476498812, 0.8508064516129032, 
0.001015517101307986, 0.49474374387163783, 0.0, 
0.01454220489073036, 0.28650694949409383, 0.4489247311827957, 
0.14964660004874483, 0.12069014333481613, 0.821236559139785, 
0.01226744658380047, 0.34045370637477945, 0.32661290322580644, 
0.007514826549679097, 0.48491200584739214, 0.021505376344086023, 
0.035177512389308635, 0.2269200387689354, 0.5497311827956989, 
0.21992038345925746, 0.07930144641755657, 0.9489247311827957, 
0.0, 1.0, 0.0, 
0.33987326346575675, 0.06416910838754374, 0.9986559139784946, 
9.34275733203347E-4, 0.9226648002931478, 0.08333333333333333, 
0.3081891299049476, 0.06680927393393558, 0.9959677419354839, 
0.3462507108619709, 0.06386956988727052, 0.9986559139784946, 
0.0, 1.0, 0.0, 
0.5452920627183362, 0.055385264156139896, 0.9973118279569892, 
0.7341782435616216, 0.04300540847566487, 0.9986559139784946, 
0.7736209277764237, 0.05354915737939819, 0.9959677419354839, 
0.8076610610122674, 0.04690176017312282, 0.9973118279569892, 
0.48200503696482244, 0.0595697407037599, 0.9973118279569892, 
0.964781866926639, 0.009808703530690598, 1.0, 
0.8938987732553416, 0.028367694981290124, 1.0, 
0.9211146315703956, 0.02514064080735927, 1.0, 
0.9066536680477698, 0.02787131380652681, 1.0, 
0.1608985295312373, 0.14785760337328044, 0.7459677419354839, 
0.001015517101307986, 0.49474374387163783, 0.0, 
0.07782923064424405, 0.19449062478545917, 0.6276881720430108, 
0.013079860264846858, 0.2967846846796286, 0.41801075268817206, 
0.13843529125030465, 0.11352474027572551, 0.8225806451612904, 
0.09419936631732878, 0.17019895415471864, 0.6895161290322581, 
0.12767080997644, 0.10570784931131594, 0.8548387096774194, 
0.09419936631732878, 0.17019895415471864, 0.6895161290322581, 
0.03144040945649525, 0.2299283778591655, 0.5362903225806451, 
0.00934275733203347, 0.4600790831727457, 0.0739247311827957, 
0.4651880737671622, 0.06086020383878259, 1.0, 
0.13843529125030465, 0.11352474027572551, 0.8225806451612904, 
0.054431716630108054, 0.20321270288269797, 0.6115591397849462, 
0.06548054269233894, 0.17661895667833344, 0.6733870967741935, 
0.21000893655049152, 0.08960438712243711, 0.8844086021505376, 
0.022016410756357137, 0.2665245128224882, 0.4583333333333333, 
0.027215858315054024, 0.27533637319583815, 0.45026881720430106, 
0.08924364286294581, 0.18119147931292132, 0.6599462365591398, 
0.043748476724348034, 0.1965002469699484, 0.6290322580645161, 
0.1044763993825656, 0.15887035690664067, 0.7043010752688172, 
0.054147371841741815, 0.2132565573334175, 0.581989247311828, 
0.083800471199935, 0.17630690550244507, 0.7016129032258065, 
0.09497115931432284, 0.1591325510607925, 0.7540322580645161, 
0.023641238118449915, 0.24013304586549622, 0.5080645161290323, 
0.11609391502152895, 0.12711077644683488, 0.7903225806451613, 
0.058737509139653914, 0.18701502628206887, 0.635752688172043, 
0.0215289625477293, 0.2608650269392321, 0.4731182795698925, 
0.078966609797709, 0.1823381187456159, 0.6491935483870968, 
0.058250060931026075, 0.1870735899279826, 0.635752688172043, 
0.07612316191404662, 0.1780309071735764, 0.6626344086021505, 
0.02315378990982208, 0.2460876651386038, 0.5080645161290323, 
0.0188073767162239, 0.3085682829905634, 0.3790322580645161, 
0.013323584369160778, 0.2967220672511182, 0.41801075268817206, 
0.0839629539361443, 0.17904879396679682, 0.6612903225806451, 
0.07023316272646031, 0.19761505970505597, 0.625, 
0.034649443496628476, 0.2633612471698179, 0.46236559139784944, 
0.13189536111788122, 0.12080567613882216, 0.8333333333333334, 
0.019091721504590136, 0.28896941522825775, 0.4112903225806452, 
0.07173612803639613, 0.18532019382882228, 0.6720430107526881, 
0.05256316516370135, 0.2046340266241451, 0.5887096774193549, 
0.12214639694532456, 0.12894723004719874, 0.7876344086021505, 
0.058046957510764476, 0.18764070510485548, 0.6478494623655914, 
0.11056950199041352, 0.13872548516638522, 0.7540322580645161, 
0.07384840360711674, 0.1858578785440431, 0.657258064516129, 
0.022178893492566413, 0.28473317638108075, 0.4314516129032258, 
0.012673653424323666, 0.2738385095347624, 0.45161290322580644, 
0.06405881875050776, 0.19211360828423082, 0.6303763440860215, 
0.01616703225282314, 0.2611442064424641, 0.4731182795698925, 
0.02238199691282801, 0.2552721041662138, 0.48655913978494625, 
0.08518157445771386, 0.16561196402046338, 0.7298387096774194, 
0.059265578032334065, 0.18655331846111603, 0.6384408602150538, 
0.16041108132260948, 0.11258737962168713, 0.8104838709677419, 
0.019538549029165648, 0.2500333198408434, 0.4932795698924731, 
0.02977496141035015, 0.21664232160021213, 0.5591397849462365, 
0.1186936388008774, 0.12905079067993583, 0.7849462365591398, 
0.027947030627995778, 0.2644552640002044, 0.4650537634408602, 
0.17210983832967747, 0.09906328074445249, 0.8897849462365591, 
0.010886343326021609, 0.3627683652499198, 0.27419354838709675, 
0.0219351693882525, 0.2965008478306133, 0.4018817204301075, 
0.013079860264846858, 0.2967846846796286, 0.41801075268817206, 
0.1049232269071411, 0.14629247394631673, 0.7526881720430108, 
0.019010480136485496, 0.2857039131784986, 0.4206989247311828, 
0.6514745308310992, 0.051606589263261324, 1.0, 
0.47400276220651555, 0.06643866812053928, 0.9865591397849462, 
0.0, 1.0, 0.0, 
0.2974246486310829, 0.06518337380164445, 0.9986559139784946, 
0.5098302055406613, 0.06390604492223508, 0.9865591397849462, 
0.001015517101307986, 0.49474374387163783, 0.0, 
0.022828824437403524, 0.24593178368515195, 0.5094086021505376, 
0.036111788122511985, 0.20474046093832293, 0.5887096774193549, 
0.006418068080266472, 0.4581922815925308, 0.08064516129032258, 
0.001015517101307986, 0.49474374387163783, 0.0, 
0.0072304817613128595, 0.48602994900350494, 0.021505376344086023, 
0.732837760987895, 0.050303460309725385, 1.0, 
0.17076935575595092, 0.1318909788680547, 0.7728494623655914, 
0.001015517101307986, 0.49474374387163783, 0.0, 
0.0319684783491754, 0.22302922724102628, 0.5577956989247311, 
0.23746851896985946, 0.08023692881899179, 0.9260752688172043, 
0.8336582988057518, 0.04067693376893059, 0.9973118279569892, 
0.0062962060281095125, 0.4609920941059865, 0.0793010752688172, 
0.0407425461044764, 0.21380336756368376, 0.5779569892473119, 
0.006499309448371111, 0.4824238931819998, 0.024193548387096774, 
0.966812901129255, 0.007865067918469927, 0.9973118279569892, 
0.12612722398245185, 0.15754988226779373, 0.7338709677419355, 
0.03810220164107564, 0.2584863483871391, 0.48118279569892475, 
0.012145584531643513, 0.4250837869568607, 0.15591397849462366, 
0.008733447071248679, 0.4615388863194413, 0.07258064516129033, 
0.12064343163538874, 0.15230258950317316, 0.7352150537634409, 
0.0031684133560809153, 0.4905174773296487, 0.012096774193548387, 
0.01454220489073036, 0.29665441412378213, 0.40725806451612906, 
0.01372979120968397, 0.39020467215019733, 0.22446236559139784, 
0.016776342513607927, 0.3534226127001784, 0.29973118279569894, 
0.029449995937931593, 0.30452953542309186, 0.39919354838709675, 
0.6243805345682022, 0.06383837377808746, 0.9959677419354839, 
0.007717929969940693, 0.4553713083339202, 0.0793010752688172, 
0.01742627345844504, 0.2472997821686409, 0.5134408602150538, 
0.013364205053213096, 0.2911404680441534, 0.41263440860215056, 
0.008814688439353319, 0.3120498246275094, 0.35618279569892475, 
0.057315785197822725, 0.2361973094180099, 0.532258064516129, 
0.013079860264846858, 0.32827299952067174, 0.3225806451612903, 
0.011455032902754084, 0.3682107305372965, 0.25268817204301075, 
0.9264359411812494, 0.010557833546155419, 1.0, 
0.025712893005118205, 0.2188287067227291, 0.581989247311828, 
0.00576813713542936, 0.41226622184840533, 0.15994623655913978, 
0.001015517101307986, 0.49474374387163783, 0.0, 
0.01291737752863758, 0.407067074508425, 0.17338709677419356, 
0.013973515313997889, 0.35494729438523276, 0.2782258064516129, 
0.007880412706149972, 0.4780453755740843, 0.036290322580645164, 
0.6811276301892923, 0.051096907177377936, 1.0, 
0.006539930132423429, 0.4435302363941701, 0.09946236559139784, 
0.008367860914777805, 0.4407164878769874, 0.10483870967741936, 
0.009992688276870582, 0.3134416053022323, 0.3481182795698925, 
0.8314647818669266, 0.030925492169519855, 1.0, 
0.09996750345275814, 0.16733466848116377, 0.7137096774193549, 
0.00946461938419043, 0.4311941975993625, 0.1303763440860215, 
0.018076204403282153, 0.37014846564373755, 0.239247311827957, 
0.006702412868632707, 0.4328868500184127, 0.1196236559139785, 
0.014989032415305874, 0.31030573421151, 0.364247311827957, 
0.0038589649849703474, 0.4797826376185097, 0.030913978494623656, 
0.008814688439353319, 0.3120498246275094, 0.35618279569892475, 
0.011820619059224957, 0.31064496374760775, 0.3897849462365591, 
1.0, 0.0, 1.0, 
0.014379722154521083, 0.34320124310954925, 0.30510752688172044, 
0.01742627345844504, 0.35185696979408576, 0.27553763440860213, 
0.027256478999106347, 0.27053234354135547, 0.45026881720430106, 
0.00288406856771468, 0.48623218771305154, 0.01881720430107527, 
0.008367860914777805, 0.4407164878769874, 0.10483870967741936, 
0.006824274920789667, 0.46206091442543307, 0.07258064516129033, 
0.004387033877650499, 0.42678366411733887, 0.13306451612903225, 
0.01905110082053782, 0.23673382304048055, 0.5268817204301075, 
0.08583150540255097, 0.167690914895762, 0.7096774193548387, 
0.02254447964903729, 0.248920817761816, 0.5120967741935484, 
0.013242343001056136, 0.3084419941500674, 0.38306451612903225, 
0.00808351612641157, 0.48901757776886884, 0.01747311827956989, 
0.09757088309367129, 0.15518326597102736, 0.7419354838709677, 
0.04622633845153953, 0.2366517744807233, 0.5241935483870968, 
0.008774067755300999, 0.39436971756657047, 0.20026881720430106, 
0.014867170363148916, 0.3323466276352864, 0.32123655913978494, 
0.004752620034121374, 0.43851752702001495, 0.11021505376344086, 
0.010805101957916972, 0.3632228303126332, 0.26344086021505375, 
0.024534893167600942, 0.22795064543110372, 0.5551075268817204, 
0.008530343650987083, 0.4362717674950649, 0.11424731182795698, 
0.00796165407425461, 0.4015124464683369, 0.17473118279569894, 
0.02238199691282801, 0.2689820239334784, 0.4529569892473118, 
0.01177999837517264, 0.3798775078422, 0.2271505376344086, 
0.011292550166544806, 0.3130155347345074, 0.35080645161290325, 
0.012836136160532944, 0.3358062788462102, 0.30913978494623656, 
0.33694857421398977, 0.06566558475413084, 0.9946236559139785, 
0.0, 1.0, 0.0, 
8.530343650987081E-4, 0.9931464229066533, 0.009408602150537635, 
0.46925014217239414, 0.06519858449478784, 0.9973118279569892, 
0.5783166788528719, 0.053776020566118306, 1.0, 
0.0, 1.0, 0.0, 
4.8744820862783373E-4, 0.9952732985006508, 0.006720430107526882, 
4.8744820862783373E-4, 0.9952732985006508, 0.006720430107526882, 
0.0, 1.0, 0.0, 
