0.32701421800947866, 0.32965885674549006, 0.9041666666666667, 
0.2673416630762602, 0.30713875934866747, 0.9375, 
0.34058595433003014, 0.27276162926700903, 0.9166666666666666, 
0.21542438604049977, 0.3764060596393437, 0.9041666666666667, 
0.27466609220163724, 0.2960731332067841, 0.95, 
0.16803102111158985, 0.5808391333402563, 0.9041666666666667, 
0.22167169323567426, 0.40597005932531477, 0.8916666666666667, 
0.2673416630762602, 0.30400156336085477, 0.9416666666666667, 
0.23395088323998275, 0.4003717071986323, 0.8958333333333334, 
0.23675140025850927, 0.3788223260140074, 0.9, 
0.24515295131408876, 0.31034368900291553, 0.9416666666666667, 
0.2925463162429987, 0.2768054488592363, 0.925, 
0.25829383886255924, 0.3360219309441803, 0.9125, 
0.2727272727272727, 0.30289458177553386, 0.9125, 
0.1940973718224903, 0.3764060596393437, 0.9083333333333333, 
0.25764756570443775, 0.34247837585241914, 0.8958333333333334, 
0.24859974149073671, 0.37459979528272425, 0.9, 
0.2966393795777682, 0.2765354119887792, 0.9083333333333333, 
0.2641102972856527, 0.3103780047337753, 0.9166666666666666, 
0.24946143903489873, 0.3405580914947164, 0.9041666666666667, 
0.25937096079276173, 0.3405580914947164, 0.9, 
0.22404136148211978, 0.37459979528272425, 0.9083333333333333, 
0.2722964239551917, 0.3360219309441803, 0.8916666666666667, 
0.25075398535114174, 0.37405443452513654, 0.8916666666666667, 
0.22274881516587677, 0.34134366236832214, 0.9125, 
0.2755277897457992, 0.28072711841530756, 0.9083333333333333, 
0.22770357604480826, 0.37459979528272425, 0.9041666666666667, 
0.1996984058595433, 0.3925215847443433, 0.9, 
0.22834984920292975, 0.33104360621621476, 0.9375, 
0.27445066781559674, 0.29041951679261235, 0.9791666666666666, 
0.24579922447221025, 0.32713191216330056, 0.9333333333333333, 
0.1678155967255493, 0.7107716081618369, 0.9041666666666667, 
0.15036622145626885, 0.616839028397963, 0.95, 
0.28694528220594573, 0.24069213233063563, 0.9333333333333333, 
0.25915553640672123, 0.3149741180582843, 0.9375, 
0.21951744937526926, 0.3290674091633176, 0.9416666666666667, 
0.23093494183541577, 0.31542760443179674, 0.9375, 
0.23998276604911675, 0.310093403628709, 0.9458333333333333, 
0.25915553640672123, 0.3149741180582843, 0.9375, 
0.25915553640672123, 0.3149741180582843, 0.9375, 
0.24666092201637224, 0.31542760443179674, 0.9333333333333333, 
0.25915553640672123, 0.3149741180582843, 0.9375, 
0.24579922447221025, 0.30895869014461186, 0.9458333333333333, 
0.42438604049978457, 0.2178752138373795, 0.975, 
0.40758293838862564, 0.219047335458315, 0.9583333333333334, 
0.36859112451529513, 0.21876178668044882, 0.9916666666666667, 
0.33972425678586815, 0.23071164142215958, 0.9625, 
0.35501938819474366, 0.230073707995276, 0.9833333333333333, 
0.15381301163291683, 0.639371994193858, 0.9125, 
0.15424386040499785, 0.5826194613886678, 0.9125, 
0.15381301163291683, 0.4670730088122597, 0.925, 
0.419431279620853, 0.2189013439696138, 0.9666666666666667, 
0.13765618267987936, 0.645960814028989, 0.9166666666666666, 
0.15424386040499785, 0.639371994193858, 0.9083333333333333, 
0.16803102111158985, 0.5451057837269018, 0.9083333333333333, 
0.2518311072813442, 0.3024998511156154, 0.9625, 
0.26195605342524775, 0.29721453027799627, 0.9625, 
0.27100387763894873, 0.29714300592036136, 0.9833333333333333, 
0.23912106850495474, 0.41871765505448266, 0.8833333333333333, 
0.24666092201637224, 0.40394792508038013, 0.8916666666666667, 
0.26281775096940974, 0.36908693321809627, 0.8791666666666667, 
0.26540284360189575, 0.39475240651532034, 0.875, 
0.15725980180956484, 0.43134414817532585, 0.9125, 
0.2057302886686773, 0.42598570689956666, 0.8791666666666667, 
0.1796639379577768, 0.43134414817532585, 0.875, 
0.22468763464024127, 0.4263148985037443, 0.875, 
0.17750969409737183, 0.43134414817532585, 0.8875, 
0.2574321413183972, 0.37829152949102884, 0.8791666666666667, 
0.24041361482119775, 0.4141132620623535, 0.8875, 
0.19280482550624728, 0.4267263880089664, 0.875, 
0.19474364498061178, 0.6676319961071596, 0.8708333333333333, 
0.20163722533390777, 0.43134414817532585, 0.8708333333333333, 
0.25118483412322273, 0.40394792508038013, 0.8791666666666667, 
0.17578629900904783, 0.8290236665819747, 0.8916666666666667, 
0.15725980180956484, 0.43134414817532585, 0.9125, 
0.14562688496337783, 0.7229080546900974, 0.8958333333333334, 
0.23653597587246877, 0.39591604895857246, 0.8958333333333334, 
0.37182249030590264, 0.2198965999195775, 0.9583333333333334, 
0.17901766479965533, 0.3860569599235158, 0.925, 
0.2115467470917708, 0.34321646333099803, 0.9166666666666666, 
0.23265833692373977, 0.3407965060201663, 0.9208333333333333, 
0.1979750107712193, 0.3507438782581614, 0.9208333333333333, 
0.3655751831107281, 0.22318093457895447, 0.975, 
0.1986212839293408, 0.3539859167841531, 0.9166666666666666, 
0.23352003446790176, 0.34800061489001455, 0.9083333333333333, 
0.2115467470917708, 0.34321646333099803, 0.9166666666666666, 
0.24450667815596724, 0.3407965060201663, 0.9166666666666666, 
0.19452822059457128, 0.3407965060201663, 0.9291666666666667, 
0.22705730288668674, 0.3678411923838629, 0.9083333333333333, 
0.16975441619991385, 0.39514005456799733, 0.9166666666666666, 
0.23890564411891424, 0.3372897176403905, 0.9208333333333333, 
0.2272727272727273, 0.36772697287271644, 0.9083333333333333, 
0.24342955622576476, 0.36046999383613654, 0.9041666666666667, 
0.22985781990521326, 0.36046999383613654, 0.9083333333333333, 
0.19129685480396383, 0.3539859167841531, 0.925, 
0.1949590693666523, 0.3678411923838629, 0.9125, 
0.19000430848772082, 0.4276430369940537, 0.9083333333333333, 
0.1839724256785868, 0.3684601723547484, 0.9125, 
0.13679448513571735, 0.8055529536118154, 0.95, 
0.3657906074967686, 0.23497317637078624, 0.95, 
0.36729857819905215, 0.2334778484475673, 0.9458333333333333, 
0.3657906074967686, 0.23497317637078624, 0.95, 
0.33283067643257214, 0.2329897470781003, 0.9625, 
0.36729857819905215, 0.2334778484475673, 0.9458333333333333, 
0.36902197328737607, 0.23006024106601414, 0.95, 
