0.3213283087584411, 0.14927822308067232, 0.9773299748110831, 
0.32408508055337765, 0.09338193626041857, 0.9781696053736356, 
0.2832140418321151, 0.09912189433600731, 0.9848866498740554, 
0.30868256657983256, 0.12880348310355674, 0.979009235936188, 
0.2782063279293862, 0.10146531803184675, 0.9848866498740554, 
0.30220794658438505, 0.29313791098567166, 0.979009235936188, 
0.29707377525987, 0.13947572685509907, 0.9815281276238456, 
0.29922355143023344, 0.10517334238624819, 0.9815281276238456, 
0.28887933432813173, 0.09301029439097552, 0.9848866498740554, 
0.3241862464908066, 0.14482030246481467, 0.9773299748110831, 
0.31444902501327804, 0.08684384840758634, 0.984047019311503, 
0.34689799944358735, 0.08127389834384083, 0.9832073887489504, 
0.32876400515946286, 0.0858351643723212, 0.9832073887489504, 
0.32196059586737147, 0.08612688465802334, 0.982367758186398, 
0.32866283922203393, 0.08469060968510217, 0.9899244332493703, 
0.3428513619464327, 0.08290639384322449, 0.9815281276238456, 
0.33005387086168086, 0.08419569998687564, 0.982367758186398, 
0.3164470522774982, 0.08715164464636314, 0.982367758186398, 
0.297655479400086, 0.09091029524285396, 0.984047019311503, 
0.31591593110599664, 0.08746557259982429, 0.982367758186398, 
0.3209489364930828, 0.08684384840758634, 0.9832073887489504, 
0.3075444497837578, 0.08957619477393956, 0.980688497061293, 
0.300336376741951, 0.0885003164224979, 0.984047019311503, 
0.32891575406560614, 0.08423783572735877, 0.984047019311503, 
0.3149801461847796, 0.0893629423351943, 0.980688497061293, 
0.31012418118819396, 0.08812076102091149, 0.984047019311503, 
0.3149801461847796, 0.0893629423351943, 0.980688497061293, 
0.3203166493841524, 0.08897488511887487, 0.980688497061293, 
0.3298262475024659, 0.08686490779298287, 0.980688497061293, 
0.3378942310124181, 0.0861895706932004, 0.980688497061293, 
0.3174334201674296, 0.08798215824885378, 0.9815281276238456, 
0.3059257947848959, 0.09307615375819862, 0.9815281276238456, 
0.3244644528187359, 0.14235282467788443, 0.9773299748110831, 
0.30590050330053875, 0.08926031530611855, 0.982367758186398, 
0.340676294291712, 0.08612688465802334, 0.980688497061293, 
0.3276511798477453, 0.1328486556040201, 0.9773299748110831, 
0.3013733276005969, 0.0920155481278342, 0.9832073887489504, 
0.32737297351981587, 0.09246556733922034, 0.979009235936188, 
0.30896077290776197, 0.09477147670684338, 0.9798488664987406, 
0.3330888489845469, 0.09146406148286153, 0.9773299748110831, 
0.32059485571208174, 0.08718650038979943, 0.980688497061293, 
0.31093350868762487, 0.08852463964495426, 0.9815281276238456, 
0.3105035534535522, 0.08827603368519685, 0.9832073887489504, 
0.3303573686739675, 0.08897488511887487, 0.9798488664987406, 
0.3313690280482562, 0.09160944647439019, 0.979009235936188, 
0.3366802397632717, 0.08622520704238065, 0.980688497061293, 
0.3243127039125926, 0.08927102318056271, 0.9798488664987406, 
0.3100230152507651, 0.0885003164224979, 0.982367758186398, 
0.3184703710260755, 0.1007330080258828, 0.979009235936188, 
0.31295682743620223, 0.1107773279917425, 0.9781696053736356, 
0.33822302030906193, 0.08645017422384851, 0.979009235936188, 
0.30954247704797794, 0.11634292815826267, 0.979009235936188, 
0.31083234275019606, 0.08816389231654631, 0.982367758186398, 
0.340094590151496, 0.08956317336508038, 0.9773299748110831, 
0.3324818533599737, 0.09290241241453653, 0.9781696053736356, 
0.32325046156958953, 0.08957619477393956, 0.9798488664987406, 
0.3208224790712967, 0.09904599456881676, 0.9781696053736356, 
0.30668453931561246, 0.09334856819314648, 0.980688497061293, 
0.2929006803409292, 0.10441040774624266, 0.982367758186398, 
0.298818887680518, 0.1492098804821333, 0.9798488664987406, 
0.30668453931561246, 0.10032655000894698, 0.9798488664987406, 
0.29527807987050764, 0.15325478712411866, 0.9815281276238456, 
0.2929006803409292, 0.10441040774624266, 0.982367758186398, 
0.2880700068287008, 0.11180999585566229, 0.9832073887489504, 
0.2943422949492906, 0.16295098521099427, 0.9815281276238456, 
0.28877816839070286, 0.10971999751156464, 0.9832073887489504, 
0.29788310275930097, 0.1959327770842391, 0.980688497061293, 
0.28420040972204663, 0.11645950992915231, 0.9832073887489504, 
0.2981613090872303, 0.11557638463083224, 0.980688497061293, 
0.2844027415969043, 0.11196650165076054, 0.9832073887489504, 
0.3054199650977516, 0.14647281654193622, 0.979009235936188, 
0.3426490300715749, 0.08068766908669908, 0.9874055415617129, 
0.30939072814183466, 0.0862776094453657, 0.9865659109991604, 
0.3181415817294317, 0.08585852597900602, 0.9848866498740554, 
0.33341763828119075, 0.08401410733326717, 0.9857262804366079, 
0.2935329674498596, 0.08972514905694963, 0.9865659109991604, 
0.2885758365158451, 0.09438294433920157, 0.984047019311503, 
0.2882470472192013, 0.09724708297532472, 0.984047019311503, 
0.31073117681276713, 0.08501547177554196, 0.9865659109991604, 
0.3426490300715749, 0.08068766908669908, 0.9874055415617129, 
0.3181415817294317, 0.08585852597900602, 0.9848866498740554, 
0.3399175497609955, 0.08386774375627687, 0.9857262804366079, 
0.29186372948228334, 0.09237675929443784, 0.9848866498740554, 
0.2935329674498596, 0.09438294433920157, 0.982367758186398, 
0.33341763828119075, 0.08401410733326717, 0.9857262804366079, 
0.291357899795139, 0.1378950963851811, 0.982367758186398, 
0.2912567338577101, 0.1405337757188239, 0.982367758186398, 
0.28683072409519716, 0.14437320204012327, 0.982367758186398, 
0.29985583853916387, 0.10147553944184177, 0.9798488664987406, 
0.3211512683679405, 0.09247052814528878, 0.979009235936188, 
0.31432256759149196, 0.10186710372744559, 0.979009235936188, 
0.3035736867396748, 0.10001756023530081, 0.980688497061293, 
0.33147019398568506, 0.08332568660242855, 0.9890848026868178, 
0.28531323503376416, 0.09354774144568387, 0.9848866498740554, 
0.3194820304003642, 0.08490901525307017, 0.9848866498740554, 
0.3160929714964972, 0.08422215007715608, 0.9966414777497901, 
0.27651179847745266, 0.09708402687985333, 0.9958018471872376, 
0.2652823794228483, 0.12467521568730643, 0.9865659109991604, 
0.27130175269986595, 0.11604694848034897, 0.9865659109991604, 
0.2718328738713675, 0.11593480711169843, 0.984047019311503, 
0.29221781026328436, 0.11414634319073594, 0.982367758186398, 
0.27729583449252637, 0.11465076722853726, 0.984047019311503, 
0.26854498090492934, 0.10629747122316721, 0.9882451721242653, 
0.29532866283922204, 0.08948059885312272, 0.9932829554995802, 
0.29770606236880043, 0.08697206007274816, 0.9899244332493703, 
0.30908723032954805, 0.08809442406189827, 0.9874055415617129, 
0.30729153494018563, 0.08809442406189827, 0.9882451721242653, 
