0.9993930043754268, 0.014684800507660724, 1.0, 
0.7007764485697665, 0.06636969105649704, 1.0, 
0.48048761981840715, 0.0907596157080185, 1.0, 
0.7013075697412682, 0.0739589607051327, 0.9991603694374476, 
0.5093957864387061, 0.116387411372541, 0.9949622166246851, 
0.9403373884013253, 0.05497198739722209, 0.998320738874895, 
0.35835504185740663, 0.09559646384692941, 1.0, 
0.64485697665596, 0.08035242720249014, 1.0, 
0.6236121297958978, 0.08190694697592939, 1.0, 
0.2845291990186904, 0.11976565808294111, 0.9974811083123426, 
0.015503679910973978, 0.5243884709147374, 0.5205709487825357, 
0.13485419459268064, 0.21154194489369182, 0.8975650713685979, 
0.0, 1.0, 0.0, 
0.1834644275272516, 0.2038182583298863, 0.855583543240974, 
0.03545866106881813, 0.44261616145994903, 0.6188077246011755, 
0.06732593135891146, 0.45033936155930543, 0.600335852225021, 
0.244138698500215, 0.12824654353150314, 0.9857262804366079, 
0.2266875742937353, 0.14163577607987102, 0.9605373635600336, 
0.2845291990186904, 0.11976565808294111, 0.9974811083123426, 
0.14287159513391842, 0.23842658934129465, 0.8572628043660789, 
0.06707301651533928, 0.4006849057423655, 0.6557514693534845, 
0.1573130327018893, 0.24634550087641097, 0.8488664987405542, 
0.45979918561420374, 0.09256343719850871, 1.0, 
0.12744378967601608, 0.25505004684030425, 0.8018471872376155, 
0.10162118414729761, 0.33193739342822504, 0.7371956339210747, 
0.16429348238448113, 0.21088439202911932, 0.8547439126784215, 
0.06345633425225726, 0.4009041032292041, 0.6675062972292192, 
0.15131895090922887, 0.22276137064548843, 0.8824517212426533, 
0.056324135663522096, 0.4304299554942726, 0.6188077246011755, 
0.324818533599737, 0.11294607701096512, 0.9974811083123426, 
0.0605225220668201, 0.44803872410873574, 0.6020151133501259, 
0.23713295733326592, 0.16141769451985238, 0.9311502938706969, 
0.6310731176812767, 0.08195527665329384, 0.9966414777497901, 
0.0049065479653000845, 0.9706035189955827, 0.03190596137699412, 
0.12172791421128507, 0.27821556875618947, 0.8841309823677582, 
0.03378942310124181, 0.4720964387940103, 0.5566750629722922, 
0.2845291990186904, 0.11976565808294111, 0.9974811083123426, 
0.20774425251017983, 0.18135004360588128, 0.9546599496221663, 
0.1718303447229318, 0.18237954945088172, 0.9235936188077246, 
0.20900882672804066, 0.16718906349179, 0.9538203190596137, 
0.051442879182579226, 0.4298311064442703, 0.6641477749790092, 
0.12048863147778144, 0.29678311354737535, 0.7808564231738035, 
0.03621740559953464, 0.46529273569539126, 0.5684298908480269, 
0.13391840967146362, 0.24725789323356573, 0.8572628043660789, 
0.0025038569513644764, 0.9941426512649609, 0.006717044500419815, 
0.04254027668883887, 0.45792592171409074, 0.5793450881612091, 
0.16082854902754243, 0.20320596362877272, 0.892527287993283, 
0.03212018513366549, 0.46885514879572954, 0.5709487825356843, 
0.5024659197248287, 0.09484362051596161, 0.9966414777497901, 
0.0037178482005108884, 0.959311921151851, 0.03946263643996641, 
0.010420091555173374, 0.8971906259477218, 0.0982367758186398, 
0.12724145780115836, 0.2659216505109749, 0.7917716204869857, 
0.0, 1.0, 0.0, 
0.12724145780115836, 0.2659216505109749, 0.7917716204869857, 
0.997774349376565, 0.014825230349684332, 1.0, 
0.01201345506967804, 0.6592276032870652, 0.32913518052057095, 
0.009281974759098612, 0.8311804434322564, 0.163727959697733, 
0.012696325147322897, 0.8068584880460921, 0.19395465994962216, 
0.010217759680315639, 0.7474703424403136, 0.24769101595298068, 
0.008143857963023849, 0.9025734229560741, 0.10075566750629723, 
0.13154101014188524, 0.22105471760042966, 0.8984047019311503, 
0.011634082804319785, 0.6635050965013668, 0.32073887489504616, 
0.9999494170312856, 5.802389565414497E-4, 1.0, 
0.13154101014188524, 0.22105471760042966, 0.8984047019311503, 
0.006550494448519183, 0.8916596835449202, 0.1015952980688497, 
0.010015427805457902, 0.8276173741705681, 0.16876574307304787, 
0.008573813197096537, 0.9030146235851789, 0.09991603694374475, 
0.01775462201876628, 0.6405632181311228, 0.3509655751469353, 
0.010850046789246061, 0.7616807269788081, 0.2258606213266163, 
0.00854852171273932, 0.7858936125102275, 0.21914357682619648, 
0.010647714914388326, 0.6980536206683493, 0.28883291351805207, 
0.009029059915526444, 0.7744899581462957, 0.21326616288832914, 
0.011785831710463088, 0.7506520575132664, 0.2367758186397985, 
0.004501884215584614, 0.9827814890050041, 0.017632241813602016, 
0.012367535850679076, 0.7041485111252099, 0.28211586901763225, 
0.01168466577303422, 0.746821523309572, 0.2409739714525609, 
0.00961076405574243, 0.8808206333963976, 0.12258606213266163, 
0.004173094918940794, 0.9627952215570093, 0.036943744752308987, 
0.0316902298995928, 0.5282093210819562, 0.47523089840470195, 
0.01656592225397709, 0.7806306780795148, 0.2073887489504618, 
0.012645742178608463, 0.7686676914172274, 0.2225020990764064, 
0.005791749917802676, 0.9119185973469609, 0.08648194794290512, 
0.011836414679177521, 0.7342357263948811, 0.25356842989084805, 
0.01292394850653785, 0.8082634765670583, 0.18639798488664988, 
0.011659374288677004, 0.6415802908498537, 0.34005037783375314, 
0.01029363413338729, 0.725258172056887, 0.25440806045340053, 
0.010875338273603277, 0.8515456893123748, 0.13937867338371115, 
0.0113558764763904, 0.7747835677241608, 0.21158690176322417, 
0.08943068868711905, 0.3558976907792802, 0.8001679261125105, 
0.01241811881939351, 0.825175481019724, 0.17968094038623006, 
0.011785831710463088, 0.6985762418704861, 0.2879932829554996, 
0.010344217102101722, 0.6451591984889554, 0.33921074727120065, 
0.010571840461316675, 0.7429626723496876, 0.2518891687657431, 
0.011558208351248135, 0.7162778120634653, 0.2594458438287154, 
0.014011482333898175, 0.7460781943181789, 0.2401343408900084, 
0.011406459445104832, 0.7915575180914148, 0.2073887489504618, 
0.015250765067401804, 0.6695971699896732, 0.3148614609571788, 
0.009914261868029035, 0.7107197068433997, 0.2678421494542401, 
0.010850046789246061, 0.8495976480824086, 0.14441645675902604, 
0.021346012797491085, 0.5771266588140745, 0.42065491183879095, 
0.011785831710463088, 0.8504454877384768, 0.13937867338371115, 
0.013758567490326008, 0.8443539799065066, 0.14693534844668346, 
0.01545309694225954, 0.6488873828351789, 0.32997481108312343, 
0.008852019525025925, 0.7205734854724123, 0.2653232577665827, 
0.009231391790384178, 0.7547237083868269, 0.22837951301427373, 
0.09155517337312528, 0.35018545552072833, 0.7581863979848866, 
0.010597131945673893, 0.807000999503433, 0.19059613769941225, 
0.012671033662965679, 0.703893411430713, 0.2795969773299748, 
0.013556235615468273, 0.8233155577338102, 0.1670864819479429, 
0.010622423430031109, 0.7503591380361314, 0.2409739714525609, 
0.009787804446242951, 0.7002127082773498, 0.2863140218303946, 
0.008852019525025925, 0.7205734854724123, 0.2653232577665827, 
0.01201345506967804, 0.845646493321584, 0.14777497900923595, 
0.012772199600394546, 0.7980432770765857, 0.19059613769941225, 
0.012898657022180631, 0.6630282595230818, 0.3266162888329135, 
0.0113558764763904, 0.79838153956563, 0.1998320738874895, 
0.011406459445104832, 0.6886190386369637, 0.2955499580184719, 
0.06659247831255216, 0.4569834816923573, 0.5919395465994962, 
0.010571840461316675, 0.7747677067204939, 0.21242653232577666, 
0.012544576241179595, 0.6731149980575927, 0.3123425692695214, 
0.009686638508814082, 0.8383919960623983, 0.15869017632241814, 
0.009104934368598092, 0.7944541876234326, 0.20486985726280438, 
0.01585776069197501, 0.6575221607465659, 0.3232577665827036, 
0.013151571865752802, 0.7963338636286064, 0.19731318219983207, 
0.012266369913250209, 0.6829619096186839, 0.30142737195633923, 
0.01274690811603733, 0.8177800900803189, 0.1704450041981528, 
0.0037178482005108884, 0.959311921151851, 0.03946263643996641, 
0.015351931004830675, 0.7732579586460644, 0.21074727120067172, 
0.011280002023318749, 0.8827392831231352, 0.11418975650713686, 
0.013379195224967754, 0.6513373083059969, 0.3333333333333333, 
0.015099016161258506, 0.7953326179741621, 0.19815281276238456, 
0.013530944131111054, 0.7403945360177316, 0.24433249370277077, 
0.011836414679177521, 0.7342357263948811, 0.25356842989084805, 
0.012089329522749692, 0.8260652244971776, 0.16204869857262805, 
0.6741950985103315, 0.07950699158585069, 0.9966414777497901, 
0.8623637421280256, 0.06611453479636649, 0.9974811083123426, 
0.5735855737373227, 0.10842728046020622, 0.9958018471872376, 
0.33655378234148564, 0.10001848225512881, 1.0, 
0.0, 1.0, 0.0, 
0.17992361971724122, 0.22601610063831715, 0.8505457598656591, 
0.15190065504944486, 0.3067960452431396, 0.7531486146095718, 
0.1262550899112269, 0.2386393100630839, 0.8740554156171285, 
0.07630440830572346, 0.3797527477689864, 0.6540722082283795, 
0.37363109840916564, 0.10945262307457229, 0.9966414777497901, 
0.0076633197602367295, 0.9225144492103001, 0.08228379513014274, 
0.029236955916942767, 0.44946594292371445, 0.6213266162888329, 
0.008750853587597055, 0.8475974872776253, 0.16876574307304787, 
0.6912162674827386, 0.0893029375110508, 0.9949622166246851, 
0.3191532411037204, 0.11934775118176073, 0.9966414777497901, 
0.09582943422949493, 0.2981919032789208, 0.7934508816120907, 
0.007460987885378994, 0.9343377640100546, 0.07304785894206549, 
0.9631755987758922, 0.01758485266456886, 1.0, 
0.05908090745845874, 0.3601642159172231, 0.72544080604534, 
0.007638028275879511, 0.7570333737125223, 0.2434928631402183, 
0.15281114848630467, 0.24756391896801022, 0.837951301427372, 
0.7962518020182604, 0.07395545929241167, 0.998320738874895, 
0.34181441108778676, 0.09907601960714195, 1.0, 
0.37363109840916564, 0.10945262307457229, 0.9966414777497901, 
0.02617668630971952, 0.463076279220774, 0.5885810243492863, 
0.0673765143276259, 0.41791247855186725, 0.6498740554156172, 
0.007460987885378994, 0.9343377640100546, 0.07304785894206549, 
0.14084827638534106, 0.23897285497828427, 0.8513853904282116, 
0.00609524773008928, 0.9707398421726056, 0.030226700251889168, 
0.10796934672095905, 0.34126130479743433, 0.7111670864819479, 
0.009838387414957383, 0.8274104231434081, 0.18387909319899245, 
0.1395331191987658, 0.3212140935357778, 0.7212426532325776, 
0.004324843825084094, 0.9756672405778143, 0.0218303946263644, 
0.05285920230658337, 0.42166813116977625, 0.6255247691015953, 
0.6573003869597106, 0.09309441880129435, 0.9949622166246851, 
0.09140342446698198, 0.35631146273264297, 0.7766582703610412, 
0.1275955385821594, 0.3394927123835623, 0.7027707808564232, 
0.16983231745871166, 0.18690585226122192, 0.9017632241813602, 
0.23794228483269683, 0.15215392938887065, 0.9504617968094039, 
0.006069956245732063, 0.9561849955516221, 0.047019311502938706, 
0.14193581021270138, 0.2293238552561007, 0.869857262804366, 
0.02673309896557829, 0.4610382533808459, 0.5835432409739715, 
0.1279243278788032, 0.28192604805909, 0.7900923593618808, 
0.003464933356938719, 0.9855775169616862, 0.014273719563392108, 
0.007309238979235691, 0.8868737331631401, 0.12678421494542402, 
0.1383697109183338, 0.3635376658618923, 0.6851385390428212, 
0.13444953084296518, 0.25132667622950183, 0.8455079764903443, 
0.004021346012797491, 0.9731121822203511, 0.02518891687657431, 
0.03515516325653152, 0.4595335057084284, 0.6129303106633082, 
0.8796631174283619, 0.043488224782958516, 1.0, 
0.9933736310984091, 0.01994909251358025, 0.998320738874895, 
0.2756013050405928, 0.13988732103156754, 0.9764903442485307, 
0.9749614304863553, 0.017021968044421854, 1.0, 
0.31320974227977444, 0.1033613301920099, 0.998320738874895, 
0.6749791345254053, 0.07928759611929434, 1.0, 
0.495156680745593, 0.08520364866890373, 0.9974811083123426, 
0.5147828726067933, 0.08520364866890373, 0.9966414777497901, 
0.3420673259313589, 0.12036493703175886, 0.9890848026868178, 
0.0, 1.0, 0.0, 
1.0, 0.0, 1.0, 
0.009079642884240876, 0.5815303725832347, 0.4433249370277078, 
0.0047547990591567816, 0.9927607641487648, 0.011754827875734676, 
0.012367535850679076, 0.5886552440364181, 0.4282115869017632, 
0.013960899365183741, 0.5809069853613683, 0.4441645675902603, 
0.9168163079491136, 0.04067260249079075, 1.0, 
0.999747085156428, 0.008450849097110101, 1.0, 
0.012544576241179595, 0.6170077270805018, 0.39378673383711166, 
0.8270568299653507, 0.05639733954629134, 1.0, 
0.011886997647891955, 0.6262890049316522, 0.38371116708648195, 
0.012797491084751764, 0.5576082909742528, 0.46767422334172964, 
0.011381167960747616, 0.5809754863436815, 0.4433249370277078, 
0.008447355775310453, 0.631123024788882, 0.38371116708648195, 
0.019449151470699814, 0.47604600406053, 0.5424013434089001, 
0.023141708186853488, 0.49249990041620195, 0.5306465155331654, 
0.013353903740610537, 0.5878243740704358, 0.4324097397145256, 
0.013606818584182705, 0.5863112546842426, 0.4332493702770781, 
0.014517312021042516, 0.5782918769272547, 0.43073047858942065, 
0.022332380687422545, 0.503789925735319, 0.5130142737195634, 
0.015604845848402844, 0.5576160517791854, 0.44584382871536526, 
0.018133994284124537, 0.5093570022648767, 0.5163727959697733, 
0.011962872100963607, 0.594353224755298, 0.4105793450881612, 
0.012266369913250209, 0.8216864674855703, 0.18723761544920234, 
0.017729330534409064, 0.5314154498823791, 0.489504617968094, 
0.01646475631654822, 0.541828040405918, 0.4819479429051218, 
0.01507372467690129, 0.6050831032309351, 0.40470193115029385, 
0.012974531475252283, 0.5879940709712941, 0.43073047858942065, 
0.04458888692177344, 0.44326871392250955, 0.6028547439126785, 
0.014340271630541997, 0.5820032499671665, 0.4424853064651553, 
0.013682693037254357, 0.5510703558486314, 0.4659949622166247, 
0.12155087382078456, 0.3777357304053845, 0.6977329974811083, 
0.017602873112622982, 0.5530681182705491, 0.4617968094038623, 
0.04479121879663118, 0.43765547983591846, 0.6196473551637279, 
0.01745112420647968, 0.5694987944336204, 0.43157010915197314, 
0.0147955183489719, 0.49923426536113025, 0.5222502099076406, 
0.01573130327018893, 0.6387356730138926, 0.3702770780856423, 
0.016161258504261616, 0.6154169770187292, 0.3963056255247691, 
0.013202154834467236, 0.5550162726317827, 0.45424013434089, 
0.009585472571385215, 0.6746280608781523, 0.33585222502099077, 
0.016161258504261616, 0.5463323844372873, 0.47439126784214947, 
0.018665115455626092, 0.540881776547352, 0.48614609571788414, 
0.010799463820531626, 0.5889025716128558, 0.42149454240134343, 
0.009560181087027999, 0.7025958636742435, 0.3232577665827036, 
0.014593186474114166, 0.5447101160044621, 0.47774979009235935, 
