0.2602326583369237, 0.3400193145692123, 0.9458333333333333, 
0.24235243429556225, 0.34271489503226926, 0.9541666666666667, 
0.21714778112882377, 0.3681388613980648, 0.95, 
0.1986212839293408, 0.36891495554367143, 0.9416666666666667, 
0.24407582938388625, 0.34750842356425327, 0.9375, 
0.22080999569151227, 0.34494970700450894, 0.9458333333333333, 
0.17707884532529083, 0.37993220049524373, 0.95, 
0.2115467470917708, 0.36891495554367143, 0.9333333333333333, 
0.2003446790176648, 0.37098886264999037, 0.9375, 
0.27035760448082724, 0.3371204333518179, 0.95, 
0.21779405428694526, 0.3512716821301929, 0.9458333333333333, 
0.23718224903059024, 0.36579362060587817, 0.9333333333333333, 
0.3171046962516157, 0.22780458029217648, 0.9708333333333333, 
0.3746230073244291, 0.21707881954284863, 0.975, 
0.17707884532529083, 0.40364905900579945, 0.9291666666666667, 
0.3007324429125377, 0.22800828006664034, 0.9791666666666666, 
0.25312365359758726, 0.33802331614254866, 0.95, 
0.2255493321844033, 0.36774782167431436, 0.9416666666666667, 
0.33089185695820766, 0.23408615463007487, 0.9666666666666667, 
0.2893149504523912, 0.27236714799466943, 0.9875, 
0.3377854373115036, 0.25884814660637867, 0.9583333333333334, 
0.32313657906074966, 0.22722679914932897, 0.975, 
0.17643257216716932, 0.411156522926649, 0.9291666666666667, 
0.3175355450236967, 0.2550075778909731, 0.9625, 
0.17535545023696683, 0.411156522926649, 0.9375, 
0.25764756570443775, 0.3423050514850681, 0.9458333333333333, 
0.25032313657906075, 0.3423050514850681, 0.95, 
0.22985781990521326, 0.36881200835109224, 0.9333333333333333, 
0.25312365359758726, 0.33802331614254866, 0.95, 
0.31301163291684614, 0.22800828006664034, 0.9708333333333333, 
0.2931925894011202, 0.23492509444556997, 0.9875, 
0.24558380008616976, 0.35647490457683056, 0.9333333333333333, 
0.25355450236966826, 0.3347164368460372, 0.9541666666666667, 
0.20486859112451528, 0.3804587075518649, 0.9333333333333333, 
0.3140887548470487, 0.26288752709970126, 0.9583333333333334, 
0.3347694959069366, 0.22640721180995826, 0.9708333333333333, 
0.2236105127100388, 0.3704006072288281, 0.925, 
0.3097802671262387, 0.22780458029217648, 0.9791666666666666, 
0.2570012925463162, 0.32156333691354133, 0.9541666666666667, 
0.2934080137871607, 0.23242164217331499, 0.9708333333333333, 
0.16286083584661784, 0.3804587075518649, 0.9416666666666667, 
0.2563550193881947, 0.369388093658403, 0.9291666666666667, 
0.3720379146919431, 0.2666987678358255, 0.9333333333333333, 
0.2716501507970702, 0.3009140453787634, 0.9208333333333333, 
0.2516156828953037, 0.37098886264999037, 0.9208333333333333, 
0.32292115467470917, 0.2752254289142153, 0.95, 
0.39185695820766914, 0.21024170943414255, 0.975, 
0.3724687634640241, 0.2163036231925261, 0.9916666666666667, 
0.24687634640241277, 0.31790671647634905, 0.9708333333333333, 
0.2908229211546747, 0.2715174845132807, 0.975, 
0.2888841016803102, 0.2789080854146472, 0.9625, 
0.2608789314950452, 0.27535805322868634, 0.9708333333333333, 
0.2888841016803102, 0.2789080854146472, 0.9625, 
0.2888841016803102, 0.2789080854146472, 0.9625, 
0.2888841016803102, 0.2789080854146472, 0.9625, 
0.2888841016803102, 0.2789080854146472, 0.9625, 
0.27401981904351574, 0.28050521334758227, 0.9625, 
0.32335200344679016, 0.21636158086586768, 0.9791666666666666, 
0.2834984920292977, 0.6339005304673314, 0.8666666666666667, 
0.20551486428263677, 0.6328444239481106, 0.875, 
0.20465316673847478, 0.7899968048463388, 0.8666666666666667, 
0.32658336923739767, 0.2237892407614621, 0.975, 
0.1676001723395088, 0.7359329694070271, 0.9, 
0.16523050409306334, 0.7542900898264133, 0.9125, 
0.1747091770788453, 0.7315634995142428, 0.8958333333333334, 
0.1749246014648858, 0.7178443895326247, 0.8875, 
0.34274019819043516, 0.22062690650569391, 0.9708333333333333, 
0.2972856527358897, 0.44652865957069227, 0.8833333333333333, 
0.1992675570874623, 0.5092730781021046, 0.8916666666666667, 
0.1936665230504093, 0.7229080546900974, 0.875, 
0.21994829814735029, 0.34532847685937645, 0.9625, 
0.2884532529082292, 0.49493279353890646, 0.875, 
0.1865575183110728, 0.5591231612529112, 0.9083333333333333, 
0.2005601034037053, 0.7141794894278121, 0.8708333333333333, 
0.21951744937526926, 0.5311219238914996, 0.8791666666666667, 
0.22296423955191727, 0.5422528895790607, 0.875, 
0.25032313657906075, 0.44652865957069227, 0.8958333333333334, 
0.18612666953899182, 0.7113579183598836, 0.8875, 
0.2595863851788022, 0.4262725026153275, 0.8916666666666667, 
0.1826798793623438, 0.7223832434690131, 0.8833333333333333, 
0.34424816889271864, 0.22062690650569391, 0.9666666666666667, 
0.29039207238259374, 0.29001919985092606, 0.9458333333333333, 
0.31107281344248167, 0.45433399201580676, 0.8791666666666667, 
0.18978888410168032, 0.6458921825672694, 0.8875, 
0.2518311072813442, 0.4849261668121594, 0.8791666666666667, 
0.2806979750107712, 0.4802652127171305, 0.8791666666666667, 
0.2598018095648427, 0.44652865957069227, 0.8875, 
0.2001292546316243, 0.45701041951280236, 0.9166666666666666, 
0.1874192158552348, 0.6501716734215787, 0.8875, 
0.21994829814735029, 0.41837190411506464, 0.9208333333333333, 
0.2134855665661353, 0.4603900202273278, 0.8875, 
0.21219302024989228, 0.46837152005819305, 0.8833333333333333, 
0.23416630762602325, 0.45234188403537434, 0.8916666666666667, 
0.2113313227057303, 0.4579107086727124, 0.8958333333333334, 
0.1949590693666523, 0.5164300028420209, 0.8958333333333334, 
0.3087031451960362, 0.46323992172422185, 0.8791666666666667, 
0.24816889271865572, 0.49493279353890646, 0.8791666666666667, 
0.2257647565704438, 0.6458921825672694, 0.8708333333333333, 
0.23265833692373977, 0.5261695853492578, 0.875, 
0.24752261956053426, 0.5187398305980006, 0.875, 
0.23201206376561825, 0.45234188403537434, 0.9, 
0.22059457130547178, 0.5277277589423652, 0.8791666666666667, 
0.20336062042223177, 0.6458921825672694, 0.8833333333333333, 
0.30676432572167167, 0.2721931752196131, 0.9666666666666667, 
0.3748384317104696, 0.2530289368398025, 0.9583333333333334, 
0.33455407152089617, 0.2339739302195598, 0.9625, 
0.3352003446790176, 0.28864058531464276, 0.9333333333333333, 
0.3741921585523481, 0.3025967132512688, 0.8791666666666667, 
0.32313657906074966, 0.3560764829807442, 0.8916666666666667, 
0.3298147350280052, 0.2953719550898858, 0.9333333333333333, 
0.3543731150366221, 0.27265563954596694, 0.925, 
0.35501938819474366, 0.4926651621612805, 0.8708333333333333, 
0.3356311934510986, 0.27418358736450893, 0.9416666666666667, 
0.3089185695820767, 0.295643388530785, 0.925, 
0.2800517018526497, 0.344961278588171, 0.9041666666666667, 
0.38302455838000865, 0.21694165637444124, 0.95, 
0.3140887548470487, 0.35647490457683056, 0.875, 
0.3724687634640241, 0.2644788193632895, 0.9375, 
0.2811288237828522, 0.37321724042269394, 0.8875, 
0.4187850064627316, 0.23518266193708112, 0.9333333333333333, 
0.2862990090478242, 0.33815299768358836, 0.9083333333333333, 
0.25096940973718224, 0.445784187770093, 0.8916666666666667, 
0.31581214993537265, 0.2941690590417112, 0.9416666666666667, 
0.2998707453683757, 0.3035951613622427, 0.8958333333333334, 
0.2539853511417492, 0.4992370236410447, 0.8708333333333333, 
0.27057302886686774, 0.354829545086132, 0.9166666666666666, 
0.2722964239551917, 0.3496586432697225, 0.9041666666666667, 
0.33089185695820766, 0.2935186063583658, 0.8916666666666667, 
0.3242137009909522, 0.5960894830564583, 0.8625, 
0.2539853511417492, 0.4992370236410447, 0.8708333333333333, 
0.2800517018526497, 0.344961278588171, 0.9041666666666667, 
0.2800517018526497, 0.344961278588171, 0.9041666666666667, 
0.2860835846617837, 0.2948306842885925, 0.9583333333333334, 
0.31968978888410166, 0.27928106947768366, 0.9458333333333333, 
0.24472210254200774, 0.44915820220285047, 0.8958333333333334, 
0.14002585092632486, 0.7637128503533871, 0.9375, 
0.16092201637225334, 0.8357148350794953, 0.9125, 
0.14541146057733734, 0.635657416083324, 0.9416666666666667, 
0.16221456268849632, 0.7930530496260333, 0.9041666666666667, 
0.21908660060318827, 0.42155319182683076, 0.9041666666666667, 
0.17880224041361484, 0.6054498966887015, 0.9083333333333333, 
0.1708315381301163, 0.49959634126475616, 0.9333333333333333, 
0.1852649719948298, 0.49959634126475616, 0.9208333333333333, 
0.15467470917707885, 0.5435342429595642, 0.9166666666666666, 
0.22748815165876776, 0.38845936034879147, 0.9083333333333333, 
0.1835415769065058, 0.5414304093437744, 0.925, 
0.26303317535545023, 0.3622786523135137, 0.9291666666666667, 
0.18418785006462732, 0.570357872173304, 0.9041666666666667, 
0.18828091339939682, 0.5307765719722078, 0.9166666666666666, 
0.15273588970271434, 0.5841689562940288, 0.9291666666666667, 
0.21520896165445927, 0.44666183253783676, 0.9083333333333333, 
0.1999138302455838, 0.46891648179565437, 0.9083333333333333, 
0.19151227919000433, 0.5523148803483285, 0.9041666666666667, 
0.1988367083153813, 0.46891648179565437, 0.9125, 
0.19172770357604482, 0.4886157064097695, 0.9208333333333333, 
0.20400689358035332, 0.44454951974436374, 0.9208333333333333, 
0.15273588970271434, 0.5841689562940288, 0.9291666666666667, 
0.22124084446359327, 0.38845936034879147, 0.9125, 
0.2027143472641103, 0.45853707051593395, 0.9041666666666667, 
0.1940973718224903, 0.5509738734589469, 0.9, 
0.2027143472641103, 0.45853707051593395, 0.9041666666666667, 
0.2007755277897458, 0.4541509415328777, 0.9208333333333333, 
0.25937096079276173, 0.3656229397468636, 0.9291666666666667, 
0.26303317535545023, 0.3622786523135137, 0.9291666666666667, 
0.13205514864282636, 0.8009149930515632, 0.9291666666666667, 
0.21520896165445927, 0.44666183253783676, 0.9083333333333333, 
0.1934510986643688, 0.4712690047051456, 0.9125, 
0.2093925032313658, 0.4541509415328777, 0.9166666666666666, 
0.26497199482981476, 0.3097426649377124, 0.9583333333333334, 
0.27078845325290823, 0.3097426649377124, 0.9541666666666667, 
