0.3446665041839304, 0.07101331223468613, 0.9583333333333334, 
0.3112356812088716, 0.07295230401373212, 0.9583333333333334, 
0.3051425786010237, 0.07345130663457464, 0.9583333333333334, 
0.31667885287188235, 0.07139136349545169, 0.956989247311828, 
0.27232106588674954, 0.08097224444420763, 0.9637096774193549, 
0.28072954748557966, 0.0790683178846231, 0.9610215053763441, 
0.2745145828255748, 0.08097224444420763, 0.9596774193548387, 
0.3162320253473068, 0.07414810682091892, 0.956989247311828, 
0.2872694776180031, 0.07829539666951851, 0.9610215053763441, 
0.2908034771305549, 0.09587494019432015, 0.956989247311828, 
0.3463725729141279, 0.07320829588051099, 0.9543010752688172, 
0.328458851247055, 0.09494656092083491, 0.9516129032258065, 
0.2760175481355106, 0.07310069047358297, 0.967741935483871, 
0.3116012673653424, 0.07501298584212825, 0.956989247311828, 
0.3383702981558209, 0.07414810682091892, 0.9529569892473119, 
0.2950280282719961, 0.11196084500035236, 0.9529569892473119, 
0.30380209602729713, 0.07445552767624128, 0.9583333333333334, 
0.27158989357380775, 0.10835518554870105, 0.9596774193548387, 
0.3072954748557966, 0.0986298458050102, 0.9516129032258065, 
0.32090340401332357, 0.07784452596070751, 0.9556451612903226, 
0.2799983751726379, 0.13434597663383496, 0.9529569892473119, 
0.29340320090990335, 0.07829539666951851, 0.9543010752688172, 
0.31253554309854575, 0.07829539666951851, 0.9529569892473119, 
0.30469575107644814, 0.07631837590551256, 0.956989247311828, 
0.29697782110650744, 0.10267662887042889, 0.9529569892473119, 
0.33028678202940936, 0.07345130663457464, 0.9543010752688172, 
0.2398651393289463, 0.06873928433242844, 0.989247311827957, 
0.23754976033796407, 0.11262258897564094, 0.9865591397849462, 
0.23730603623365018, 0.08387222592562787, 0.989247311827957, 
0.2707368592087091, 0.06460229109162446, 0.9865591397849462, 
0.26468437728491345, 0.06517392848819412, 0.9852150537634409, 
0.27934844422780075, 0.06451005852914372, 0.9852150537634409, 
0.25018279307823543, 0.06639541876443535, 0.9852150537634409, 
0.25940368835811195, 0.0665922163968966, 0.9825268817204301, 
0.24360224226175967, 0.06853579795868264, 0.9865591397849462, 
0.23503127792672027, 0.11202092205843549, 0.989247311827957, 
0.26366886018360547, 0.06462023133171632, 0.9879032258064516, 
0.27934844422780075, 0.06451005852914372, 0.9852150537634409, 
0.2971403038427167, 0.0630199601138421, 0.9905913978494624, 
0.27735803070923715, 0.06451005852914372, 0.9865591397849462, 
0.2519701031765375, 0.06639541876443535, 0.9838709677419355, 
0.28621333983264274, 0.06347765469002423, 0.9879032258064516, 
0.24421155252254445, 0.0665922163968966, 0.9838709677419355, 
0.23949955317247543, 0.07312163501699927, 0.9865591397849462, 
0.2812982370623121, 0.06349407701374375, 0.9852150537634409, 
0.2838573401576082, 0.06451005852914372, 0.9825268817204301, 
0.2784141684945975, 0.06349407701374375, 0.9865591397849462, 
0.27195547973027867, 0.06832218163264797, 0.978494623655914, 
0.2597692745145828, 0.06568964170174081, 0.9811827956989247, 
0.25944430904216426, 0.06832218163264797, 0.9811827956989247, 
0.25002031034202615, 0.07939389067757292, 0.9811827956989247, 
0.2820700300593062, 0.06568964170174081, 0.978494623655914, 
0.2782923064424405, 0.0687011022045704, 0.9758064516129032, 
0.2537980339588919, 0.07221908284285793, 0.9811827956989247, 
0.2511576894954911, 0.07564328147287219, 0.9811827956989247, 
0.2625721017141929, 0.07037176510513489, 0.978494623655914, 
0.2579819644162808, 0.0722760339841387, 0.978494623655914, 
0.26533430822975057, 0.06493030516253809, 0.9838709677419355, 
0.25436672353562434, 0.07575571538529316, 0.978494623655914, 
0.25591030952961247, 0.07008712650800601, 0.9811827956989247, 
0.2796734097002193, 0.06578594606362982, 0.978494623655914, 
0.2709399626289707, 0.06510085680478712, 0.9811827956989247, 
0.276951823868714, 0.06688869203920787, 0.978494623655914, 
0.35721829555609713, 0.059238789892565126, 0.9798387096774194, 
0.32671216183280527, 0.05891749158815338, 0.9811827956989247, 
0.2996181655699082, 0.06397597717623107, 0.9731182795698925, 
0.28702575351368914, 0.06464662596062375, 0.978494623655914, 
0.3207409212771143, 0.06155111703195587, 0.9744623655913979, 
0.2868632707774799, 0.06324712057795265, 0.9825268817204301, 
0.30047119993500687, 0.06108263038566076, 0.9758064516129032, 
0.30376147534324477, 0.06323767526450234, 0.9717741935483871, 
0.2838573401576082, 0.06933286170125202, 0.9690860215053764, 
0.27496141035015026, 0.07180583123654431, 0.9704301075268817, 
0.2949467869038915, 0.06402009133928897, 0.9650537634408602, 
0.2846697538386546, 0.07194724519032883, 0.9637096774193549, 
0.2882443740352587, 0.0660296774901551, 0.9650537634408602, 
0.28012023722479484, 0.0677757947974529, 0.9731182795698925, 
0.3018116825087334, 0.06384734615023482, 0.9623655913978495, 
0.2900723048176131, 0.06702291728518757, 0.9610215053763441, 
0.2729303761475343, 0.06752213610776857, 0.978494623655914, 
0.3043707856040296, 0.06531677928269902, 0.9610215053763441, 
0.35656836461126007, 0.05999760844843606, 0.9717741935483871, 
0.3427573320334714, 0.05999760844843606, 0.9744623655913979, 
0.2604598261434723, 0.07397478509389548, 0.967741935483871, 
0.25168575838817125, 0.07943776161367501, 0.967741935483871, 
0.2503046551303924, 0.11252569906737686, 0.9758064516129032, 
0.26557803233406446, 0.07057045450280794, 0.9771505376344086, 
0.27914534080753917, 0.07768582938045239, 0.9637096774193549, 
0.28483223657486395, 0.06559270675144789, 0.9798387096774194, 
0.27565196197903974, 0.07261477706632492, 0.9690860215053764, 
0.2736615484604761, 0.07798596243550647, 0.9650537634408602, 
0.2766674790803477, 0.07768582938045239, 0.9663978494623656, 
0.25168575838817125, 0.07943776161367501, 0.967741935483871, 
0.25814444715249, 0.0780085735339903, 0.967741935483871, 
0.27317410025184824, 0.07871090938568051, 0.9637096774193549, 
0.2940125111706881, 0.06595630402515479, 0.9717741935483871, 
0.2615565846128849, 0.07943776161367501, 0.9650537634408602, 
0.28779754651068323, 0.06658949135415103, 0.9771505376344086, 
0.28012023722479484, 0.0766223330288162, 0.9650537634408602, 
0.2833292712649281, 0.07338237881782204, 0.9650537634408602, 
0.2829230644244049, 0.07261477706632492, 0.967741935483871, 
0.25960679177837354, 0.08435362161739204, 0.9650537634408602, 
0.31501340482573725, 0.061019103108167536, 0.9825268817204301, 
0.3165976115037777, 0.06066716271152762, 0.9825268817204301, 
0.3214314729060037, 0.055730849122508766, 0.9865591397849462, 
0.30664554391095944, 0.05912000955827886, 0.989247311827957, 
0.31363230156795835, 0.058747782231843876, 0.9838709677419355, 
0.3351206434316354, 0.05699503473789904, 0.9825268817204301, 
0.3211471281176375, 0.0560220593516472, 0.9838709677419355, 
0.29860264846860024, 0.06215067598221104, 0.9838709677419355, 
0.3339020229100658, 0.05925836065410143, 0.9798387096774194, 
0.2733365829880575, 0.0737525116899154, 0.9731182795698925, 
0.2741896173531562, 0.0688978818202201, 0.9744623655913979, 
0.32695588593711916, 0.06266698375053859, 0.9690860215053764, 
0.3404013323584369, 0.062479131465007394, 0.9717741935483871, 
0.29449995937931595, 0.06420450241381584, 0.9744623655913979, 
0.29449995937931595, 0.06420450241381584, 0.9744623655913979, 
0.29449995937931595, 0.06420450241381584, 0.9744623655913979, 
0.3204565764887481, 0.06282168510283452, 0.9717741935483871, 
0.3111138191567146, 0.06231134990753277, 0.9731182795698925, 
0.29888699325696644, 0.06288609520409323, 0.9758064516129032, 
