0.7328737613097803, 0.12758628635659408, 0.9958333333333333, 
0.6820336062042223, 0.0949407539904257, 1.0, 
0.6622145626884963, 0.09863677766508783, 1.0, 
0.3746230073244291, 0.23179667690053532, 0.9166666666666666, 
0.3772080999569151, 0.21539465534486957, 0.95, 
0.3772080999569151, 0.21539465534486957, 0.95, 
0.7647565704437742, 0.10113798544913255, 0.9958333333333333, 
0.8845325290822922, 0.030996531816817448, 1.0, 
0.43041792330891854, 0.19032656505419643, 0.9833333333333333, 
0.013787160706591984, 0.6487201379572185, 0.225, 
0.0855234812580784, 0.3390645591620657, 0.5625, 
0.010555794915984488, 0.75797115024634, 0.15, 
0.02089616544592848, 0.5064818824412889, 0.38333333333333336, 
0.05428694528220594, 0.5198324474587754, 0.31666666666666665, 
0.03791469194312796, 0.6092771979849084, 0.2375, 
0.022834984920292976, 0.4513489224511367, 0.44583333333333336, 
0.08423093494183542, 0.35834531141874887, 0.5166666666666667, 
0.06699698405859543, 0.3884796106201999, 0.4708333333333333, 
0.028005170185264973, 0.4550973175173726, 0.3958333333333333, 
0.0, 1.0, 0.0, 
0.07173632055148643, 0.3594589765911849, 0.5291666666666667, 
0.03813011632916846, 0.6228937597940737, 0.23333333333333334, 
0.0012925463162429998, 0.9598041090494072, 0.03333333333333333, 
0.08616975441619991, 0.4176743171793028, 0.42916666666666664, 
0.028005170185264973, 0.4550973175173726, 0.3958333333333333, 
0.03640672124084446, 0.4326187680911984, 0.4625, 
0.04330030159414045, 0.5153587335580017, 0.32083333333333336, 
0.10168031021111588, 0.3382615311579355, 0.575, 
0.016372253339077984, 0.5065463740691982, 0.3333333333333333, 
0.06764325721671693, 0.340256631789315, 0.5375, 
0.05148642826367945, 0.4381160184933858, 0.3958333333333333, 
0.05708746230073244, 0.41333996105763077, 0.4375, 
0.006678155967255494, 0.9140067735661536, 0.058333333333333334, 
0.035975872468763465, 0.6069231787499437, 0.25, 
0.04136148211977596, 0.492106134964368, 0.3458333333333333, 
0.018741921585523482, 0.6078110982859393, 0.25, 
0.07173632055148643, 0.3594589765911849, 0.5291666666666667, 
0.04373115036622145, 0.4335176108031507, 0.42916666666666664, 
0.030374838431710467, 0.5209298525610658, 0.3125, 
0.01120206807410599, 0.8808683515890029, 0.075, 
0.013140887548470488, 0.7494869848113985, 0.15833333333333333, 
0.03231365790607497, 0.5212341054073512, 0.30416666666666664, 
0.02391210685049548, 0.5306512796525572, 0.325, 
0.04566996984058595, 0.4216345919325912, 0.45416666666666666, 
0.006031882809133995, 0.8484531535907271, 0.08333333333333333, 
0.031236535975872465, 0.44599731439504015, 0.4625, 
0.08423093494183542, 0.35834531141874887, 0.5166666666666667, 
0.021327014218009477, 0.7170916380644052, 0.16666666666666666, 
0.0855234812580784, 0.3390645591620657, 0.5625, 
0.039207238259370954, 0.5694005231353365, 0.2708333333333333, 
0.010555794915984488, 0.9081312022067409, 0.05, 
0.04825506247307196, 0.4410317583111154, 0.3958333333333333, 
0.03791469194312796, 0.4279941747051765, 0.44583333333333336, 
0.0924170616113744, 0.34017184001248135, 0.5416666666666666, 
0.006031882809133995, 0.8484531535907271, 0.08333333333333333, 
0.06182679879362344, 0.3965815147741691, 0.49583333333333335, 
0.014433433864713484, 0.594378285244924, 0.2791666666666667, 
0.02391210685049548, 0.7483097756838532, 0.15833333333333333, 
0.07281344248168892, 0.4121277379140046, 0.44166666666666665, 
0.04480827229642396, 0.5019367938154274, 0.32083333333333336, 
0.023481258078414478, 0.44926154841555593, 0.4041666666666667, 
0.006678155967255494, 0.9140067735661536, 0.058333333333333334, 
0.04071520896165446, 0.5667322755509295, 0.2875, 
0.017880224041361484, 0.6788859597486452, 0.2, 
0.04200775527789746, 0.5912666265451929, 0.2625, 
0.05644118914261095, 0.4033298429047787, 0.45416666666666666, 
0.5437311503662214, 0.13865530416955082, 0.9875, 
0.26518741921585526, 0.23257147423073155, 0.9375, 
0.04373115036622145, 0.6211929365058225, 0.23333333333333334, 
0.4592847910383455, 0.19611091043723924, 0.9708333333333333, 
0.0, 1.0, 0.0, 
0.03360620422231796, 0.4226487015835213, 0.5625, 
0.01120206807410599, 0.6636585536897042, 0.21666666666666667, 
0.005385609651012494, 0.86275303736614, 0.08333333333333333, 
0.013787160706591984, 0.5774660167027829, 0.2833333333333333, 
0.7955622576475657, 0.07688629033681986, 1.0, 
0.44571305471779404, 0.1919574101878018, 0.975, 
0.05536406721240844, 0.40006885092278893, 0.4791666666666667, 
0.44571305471779404, 0.1919574101878018, 0.975, 
0.2574321413183972, 0.25984449986168967, 0.9333333333333333, 
0.7184403274450668, 0.08649125342895451, 1.0, 
0.511202068074106, 0.1613163554259804, 1.0, 
0.007324429125376992, 0.9305661088066035, 0.05, 
0.0, 1.0, 0.0, 
0.046531667384747954, 0.5638791818930253, 0.2875, 
0.020249892287806978, 0.7104381769688176, 0.19166666666666668, 
0.04330030159414045, 0.4177493329630427, 0.5458333333333333, 
0.5256355019388195, 0.1362447238316865, 0.9958333333333333, 
0.021111589831968976, 0.5688622449849904, 0.30416666666666664, 
0.05019388194743645, 0.41925498553202906, 0.49166666666666664, 
0.040499784575613956, 0.5575746638978659, 0.29583333333333334, 
0.014433433864713484, 0.6272877694246239, 0.25833333333333336, 
0.02218871176217148, 0.5027348340679793, 0.37083333333333335, 
0.04093063334769496, 0.5160768700302666, 0.32916666666666666, 
0.003877638948728997, 0.957888812443283, 0.03333333333333333, 
0.0, 1.0, 0.0, 
0.010555794915984488, 0.8180133047275804, 0.11666666666666667, 
0.013140887548470488, 0.6518976349777851, 0.23333333333333334, 
0.2871607065919862, 0.22716076131843033, 0.9458333333333333, 
0.005385609651012494, 0.886928469756818, 0.06666666666666667, 
0.015079707022834983, 0.6356676908515757, 0.25, 
0.007970702283498492, 0.7719515186556373, 0.15, 
0.03791469194312796, 0.4583095292889252, 0.375, 
0.0, 1.0, 0.0, 
0.007970702283498492, 0.6774247480462229, 0.225, 
0.034037052994398964, 0.5287407712879482, 0.3, 
0.18224903059026282, 0.30575016930922727, 0.7291666666666666, 
0.15295131408875484, 0.2922582015344917, 0.7333333333333333, 
0.015079707022834983, 0.5130645673419784, 0.36666666666666664, 
0.2257647565704438, 0.2769681493157253, 0.8458333333333333, 
0.015725980180956483, 0.5512801214058636, 0.3416666666666667, 
0.07669108143041792, 0.3761684431541464, 0.5041666666666667, 
0.13227057302886686, 0.3152474468447833, 0.6958333333333333, 
0.0012925463162429998, 0.9995012248421551, 0.008333333333333333, 
0.1891426109435588, 0.28212807807866225, 0.7625, 
0.023050409306333477, 0.47176274223389614, 0.4375, 
0.021111589831968976, 0.6175369145988197, 0.2375, 
0.017018526497199482, 0.7861916491671401, 0.13333333333333333, 
0.034037052994398964, 0.5287407712879482, 0.3, 
0.06613528651443343, 0.43764537425444333, 0.425, 
0.015725980180956483, 0.5659040095238124, 0.325, 
0.00926324859974149, 0.8236492645011645, 0.1, 
0.003877638948728997, 0.9368305252790721, 0.041666666666666664, 
0.013140887548470488, 0.6860284200089839, 0.2, 
0.18591124515295132, 0.28297469903158806, 0.7458333333333333, 
0.020249892287806978, 0.5607467741467279, 0.30833333333333335, 
0.1958207669108143, 0.28091116644855224, 0.75, 
0.0, 1.0, 0.0, 
0.10857389056441188, 0.3363991047185426, 0.6375, 
0.019603619129685477, 0.6178860572093111, 0.2375, 
0.04803963808703145, 0.4447744673405518, 0.4083333333333333, 
0.029297716501507972, 0.8151603108247077, 0.11666666666666667, 
0.021327014218009477, 0.8478995131655194, 0.09166666666666666, 
0.027574321413183972, 0.47247933250317187, 0.37083333333333335, 
0.017018526497199482, 0.7249974238263097, 0.1875, 
0.013140887548470488, 0.6860284200089839, 0.2, 
0.03511417492460146, 0.44018224446227394, 0.4625, 
0.019819043515725977, 0.5571404302454462, 0.31666666666666665, 
0.005385609651012494, 0.94494060934563, 0.03333333333333333, 
0.030805687203791468, 0.46819006565576915, 0.35833333333333334, 
0.015725980180956483, 0.7937528810500054, 0.125, 
0.005816458423093494, 0.9680736016564122, 0.025, 
0.0969409737182249, 0.32079771704624954, 0.6416666666666667, 
0.010555794915984488, 0.7003429677740373, 0.19583333333333333, 
0.011848341232227489, 0.7421700530008458, 0.175, 
0.026066350710900472, 0.5276482541822047, 0.30833333333333335, 
0.017018526497199482, 0.679429425160633, 0.2125, 
0.020249892287806978, 0.5607467741467279, 0.30833333333333335, 
6.462731581214999E-4, 0.9995411268547827, 0.008333333333333333, 
0.015079707022834983, 0.5130645673419784, 0.36666666666666664, 
1.0, 0.0, 1.0, 
0.8612666953899181, 0.05915064376410846, 1.0, 
0.011848341232227489, 0.5837203579170631, 0.2875, 
0.011848341232227489, 0.751531863203531, 0.15, 
0.15725980180956484, 0.312260581689545, 0.6875, 
0.04437742352434296, 0.3948154516952719, 0.5458333333333333, 
0.0, 1.0, 0.0, 
0.0, 1.0, 0.0, 
0.07841447651874191, 0.3397308230179149, 0.6, 
0.021542438604049977, 0.5935557052546063, 0.25833333333333336, 
0.06505816458423093, 0.3718869571992059, 0.5833333333333334, 
0.03662214562688497, 0.517657987280635, 0.325, 
0.05493321844032744, 0.3831391252501233, 0.5625, 
0.33433864713485567, 0.26401116777529415, 0.8833333333333333, 
0.01895734597156398, 0.4997774964020854, 0.39166666666666666, 
0.010555794915984488, 0.788156823289049, 0.13333333333333333, 
0.02735889702714347, 0.4489172938016114, 0.45, 
0.0, 1.0, 0.0, 
0.013140887548470488, 0.726907632925824, 0.175, 
0.05708746230073244, 0.4821753220616133, 0.3416666666666667, 
0.022619560534252476, 0.7733780156070736, 0.14166666666666666, 
0.05708746230073244, 0.4821753220616133, 0.3416666666666667, 
0.05385609651012494, 0.41073785105915406, 0.5083333333333333, 
0.02520465316673847, 0.6111472058067005, 0.24166666666666667, 
0.06225764756570444, 0.5000363607090069, 0.32916666666666666, 
0.0, 1.0, 0.0, 
0.06742783283067642, 0.3758943163273948, 0.5416666666666666, 
0.03576044808272297, 0.6964324707815018, 0.19166666666666668, 
0.03877638948728995, 0.4390612971725334, 0.4375, 
0.049116760017233946, 0.4838993882722199, 0.3458333333333333, 
0.011848341232227489, 0.7878625459459206, 0.14166666666666666, 
6.462731581214999E-4, 0.9680785894079907, 0.016666666666666666, 
0.03619129685480397, 0.5695350926729231, 0.2916666666666667, 
0.006031882809133995, 0.9426761701290142, 0.03333333333333333, 
0.018311072813442485, 0.5943289065042974, 0.25416666666666665, 
0.919431279620853, 0.0243236683675897, 1.0, 
0.946574752261956, 0.004189711325896997, 1.0, 
0.8166738474795345, 0.07302966106133169, 1.0, 
0.8649289099526065, 0.04783283690241873, 1.0, 
