0.2830449264765619, 0.0672174898414235, 0.9731182795698925, 
0.2966122349500365, 0.06848542295361429, 0.9663978494623656, 
0.3247623689982939, 0.12445908014105687, 0.9623655913978495, 
0.29616540742546105, 0.06974141992815923, 0.9663978494623656, 
0.2741896173531562, 0.09369994169669703, 0.9717741935483871, 
0.2750426517182549, 0.06914462205427271, 0.9690860215053764, 
0.28840685677146805, 0.06762737230397896, 0.9717741935483871, 
0.2837760987895036, 0.06700897227305491, 0.9731182795698925, 
0.34344788366236084, 0.06385468800093774, 0.967741935483871, 
0.30368023397514016, 0.0648116239207153, 0.9704301075268817, 
0.2908440978146072, 0.07125708419903738, 0.9663978494623656, 
0.31923795596717847, 0.06823907008100981, 0.9637096774193549, 
0.29616540742546105, 0.06974141992815923, 0.9663978494623656, 
0.29616540742546105, 0.06974141992815923, 0.9663978494623656, 
0.2913721667072874, 0.07026130403357765, 0.9663978494623656, 
0.28373547810545124, 0.1552191374428053, 0.9663978494623656, 
0.29730278657892595, 0.06974141992815923, 0.9650537634408602, 
0.31245430173044114, 0.06813366272508976, 0.9650537634408602, 
0.2924283044926476, 0.07318784679941208, 0.9650537634408602, 
0.2966122349500365, 0.06848542295361429, 0.9663978494623656, 
0.3101389227394589, 0.06422461367969837, 0.9690860215053764, 
0.29600292468925177, 0.06656390297756007, 0.967741935483871, 
0.3348362986432692, 0.07149986073455099, 0.9623655913978495, 
0.28491347794296856, 0.07310236603705628, 0.9663978494623656, 
0.33650174668941424, 0.05674537127617391, 0.9919354838709677, 
0.33650174668941424, 0.05674537127617391, 0.9919354838709677, 
0.33650174668941424, 0.05674537127617391, 0.9919354838709677, 
0.2906409943943456, 0.0631419969868144, 0.9932795698924731, 
0.35685270939962627, 0.05713406596835727, 0.989247311827957, 
0.3023397514014136, 0.06640852599483137, 0.9704301075268817, 
0.33479567795921683, 0.06181533807740605, 0.9731182795698925, 
0.3508814688439353, 0.06362918958769184, 0.9690860215053764, 
0.28519782273133476, 0.06515647470201387, 0.9865591397849462, 
0.3019335445608904, 0.062479131465007394, 0.989247311827957, 
0.2861727191485905, 0.06385663832078704, 0.9852150537634409, 
0.2922658217564384, 0.06368097440826327, 0.989247311827957, 
0.35075960679177837, 0.059172780799282156, 0.9758064516129032, 
0.3768787066374198, 0.05585815140865387, 0.9973118279569892, 
0.3768787066374198, 0.05585815140865387, 0.9973118279569892, 
0.30376147534324477, 0.06217712466155307, 0.989247311827957, 
0.3057112681777561, 0.06009055267497267, 0.9811827956989247, 
0.30392395807945405, 0.061022138940912185, 0.978494623655914, 
0.2916565114956536, 0.06561320087457567, 0.9798387096774194, 
0.28865058087578194, 0.06648273724156832, 0.978494623655914, 
0.2947436834836299, 0.06540791732387867, 0.9771505376344086, 
0.2985214071004955, 0.06539070226045134, 0.9771505376344086, 
0.2728085140953773, 0.06658668523575353, 0.9811827956989247, 
0.2920627183361768, 0.06579666606649666, 0.9758064516129032, 
0.2931594768055894, 0.06327581685453443, 0.9798387096774194, 
0.2667154114875294, 0.07221908284285793, 0.978494623655914, 
0.30030871719879765, 0.06534091280175806, 0.9771505376344086, 
0.28154196116662605, 0.06539070226045134, 0.9811827956989247, 
0.2645625152327565, 0.07577547532335065, 0.978494623655914, 
0.2695588593711918, 0.0676938183049418, 0.978494623655914, 
0.2978308554716061, 0.06269366664843065, 0.9811827956989247, 
0.2762206515557722, 0.06748594934178867, 0.978494623655914, 
0.31383540498822, 0.05891749158815338, 0.9838709677419355, 
0.31237306036233653, 0.060585339361914625, 0.9771505376344086, 
0.26964010073929645, 0.07373484620619955, 0.9758064516129032, 
0.26403444634007633, 0.06709857438105069, 0.9798387096774194, 
0.2695588593711918, 0.0676938183049418, 0.978494623655914, 
0.2695588593711918, 0.0676938183049418, 0.978494623655914, 
0.3044926476561865, 0.060019854706486186, 0.9838709677419355, 
0.2802827199610041, 0.0665155143259641, 0.9798387096774194, 
0.2812169956942075, 0.06634807058370587, 0.9811827956989247, 
0.2700056868957673, 0.06690140289974997, 0.9798387096774194, 
0.3161914046632545, 0.058386099244363214, 0.9771505376344086, 
0.28003899585669023, 0.06639541876443535, 0.9919354838709677, 
0.25363555122268255, 0.10997142867000627, 0.9865591397849462, 
0.2703712730522382, 0.0665922163968966, 0.9946236559139785, 
0.30952961247867417, 0.06264016572655995, 0.9771505376344086, 
0.29685595905435047, 0.06577714485119208, 0.9731182795698925, 
0.3121699569420749, 0.06308835193045137, 0.9731182795698925, 
0.30298968234625073, 0.06648657932662942, 0.9690860215053764, 
0.3007149240393208, 0.06302834243541151, 0.9758064516129032, 
0.31416037046063855, 0.06296660783066663, 0.9758064516129032, 
0.30388333739540174, 0.06317594065975744, 0.9731182795698925, 
0.3162320253473068, 0.06317594065975744, 0.9704301075268817, 
0.30579250954586074, 0.07013422245337392, 0.9637096774193549, 
0.29449995937931595, 0.06857089020336143, 0.9704301075268817, 
0.2938094077504265, 0.0721038878540683, 0.9637096774193549, 
0.27077747989276135, 0.07347006213538872, 0.9744623655913979, 
0.31143878462913316, 0.06650435291121451, 0.9663978494623656, 
0.33057112681777556, 0.06578661268565683, 0.9650537634408602, 
0.2863352018847997, 0.0634594351893535, 0.9919354838709677, 
0.28584775367617193, 0.06442058704303161, 0.9919354838709677, 
0.31667885287188235, 0.05643508574781655, 0.9946236559139785, 
0.303030303030303, 0.059500556147442846, 0.9946236559139785, 
0.3016491997725242, 0.059852073149011566, 0.9946236559139785, 
0.2971403038427167, 0.06286162386981779, 0.9919354838709677, 
0.3134698188317491, 0.05927941780258985, 0.9946236559139785, 
0.29198147696807214, 0.06286162386981779, 0.9946236559139785, 
0.265902997806483, 0.07483004313774196, 0.9771505376344086, 
0.26200341213746037, 0.07784744468417715, 0.9758064516129032, 
0.27240230725485415, 0.0730541350325613, 0.9758064516129032, 
0.2648062393370704, 0.0769125793585372, 0.9758064516129032, 
0.2680965147453083, 0.0730541350325613, 0.9771505376344086, 
0.25757575757575757, 0.07878838167530637, 0.9758064516129032, 
0.27228044520269723, 0.07822096471684019, 0.9731182795698925, 
0.27134616946949386, 0.10058702105110384, 0.9731182795698925, 
0.26188155008530345, 0.07211310795737434, 0.9973118279569892, 
0.29320009748964176, 0.06181533807740605, 0.9946236559139785, 
