0.31930079235468456, 0.04004310937574203, 0.9919028340080972, 
0.32702272223230305, 0.03975316887153263, 0.9906882591093117, 
0.30615536603560556, 0.05639136718697241, 0.9906882591093117, 
0.29887699348777197, 0.0665130466066112, 0.9910931174089069, 
0.2937962458920543, 0.07061270659498424, 0.9910931174089069, 
0.3035545071473215, 0.058810378642796146, 0.9906882591093117, 
0.3076674932962358, 0.06659873442491579, 0.9898785425101214, 
0.3360551624024678, 0.03855488961095552, 0.9914979757085021, 
0.3424262585939233, 0.04165579086916492, 0.9898785425101214, 
0.32045000907276355, 0.04307691065339727, 0.9898785425101214, 
0.3135547087642896, 0.05652672538303919, 0.9902834008097166, 
0.325268654609972, 0.04260270941827362, 0.9898785425101214, 
0.3325268654609972, 0.03855488961095552, 0.9919028340080972, 
0.29315107159418535, 0.055339607883933245, 0.9914979757085021, 
0.308776386620698, 0.056731088068912125, 0.9902834008097166, 
0.30978447146111815, 0.043588039524877956, 0.9914979757085021, 
0.3211153450674409, 0.04252535355833871, 0.9910931174089069, 
0.3238371741365753, 0.04291825834643415, 0.9898785425101214, 
0.3267606201737938, 0.04223862893555028, 0.9906882591093117, 
0.3200064517429787, 0.05484479351752847, 0.9894736842105263, 
0.31700235891852657, 0.04869753804412525, 0.9902834008097166, 
0.31157886247706607, 0.04316500337296569, 0.9906882591093117, 
0.31734510776426944, 0.059583797046107445, 0.9898785425101214, 
0.2731103449666324, 0.051016048352604024, 0.9963562753036437, 
0.2683320228230408, 0.05109469617294884, 0.9963562753036437, 
0.2720820984294038, 0.05109469617294884, 0.9959514170040485, 
0.2655295469666727, 0.052560667904967225, 0.9955465587044534, 
0.2731708300570576, 0.05385497929457659, 0.9947368421052631, 
0.27871529667936856, 0.053383760999764954, 0.9951417004048583, 
0.2784733563176677, 0.06816600534326356, 0.9935222672064777, 
0.2926268674771668, 0.05586446733967006, 0.9919028340080972, 
0.28712272424847274, 0.05166260228287722, 0.9923076923076923, 
0.27242484727514665, 0.06816600534326356, 0.9951417004048583, 
0.2863162563761366, 0.06448711895843887, 0.9923076923076923, 
0.2737151958708845, 0.04960567189859156, 0.9955465587044534, 
0.2683723462166576, 0.07799215582893994, 0.9947368421052631, 
0.26643682332305085, 0.051662606596601456, 0.9967611336032388, 
0.2740781064134357, 0.05928801575927701, 0.994331983805668, 
0.34871670799814514, 0.033663592204943284, 0.9975708502024292, 
0.33964394443436363, 0.03389631331397038, 0.9971659919028341, 
0.31401842779088285, 0.03506791866070906, 0.9963562753036437, 
0.27885642855702736, 0.049391844901735926, 0.9951417004048583, 
0.32807113046634007, 0.03431235907575162, 0.9979757085020243, 
0.33244621867376356, 0.033805449026577714, 0.9979757085020243, 
0.2987761850037299, 0.035305350356606306, 0.9959514170040485, 
0.2796628964293635, 0.047097694194040786, 0.9947368421052631, 
0.3362769410673602, 0.03658390802529097, 0.9919028340080972, 
0.2999052400250005, 0.03642969238370876, 0.9939271255060729, 
0.27899756043468615, 0.05401241728816613, 0.994331983805668, 
0.2797032198229803, 0.043750188105337644, 0.994331983805668, 
0.29805036391862744, 0.037529961672689544, 0.9935222672064777, 
0.29474384564204925, 0.04035272908993459, 0.9939271255060729, 
0.34407951773221235, 0.03375275688498536, 0.9975708502024292, 
0.30010685699308454, 0.03518332372530344, 0.9947368421052631, 
0.306377144700498, 0.037616829294573786, 0.9931174089068826, 
0.2892598641101635, 0.04979799066638624, 0.9931174089068826, 
0.3117199943547249, 0.03567724083706628, 0.9935222672064777, 
0.28653803504102904, 0.04035272908993459, 0.994331983805668, 
0.27881610516341054, 0.05928801575927701, 0.9939271255060729, 
0.28653803504102904, 0.04035272908993459, 0.994331983805668, 
0.28653803504102904, 0.04035272908993459, 0.994331983805668, 
0.29436077340268957, 0.0448495493553659, 0.9927125506072875, 
0.30704248069517526, 0.04013877268135176, 0.9919028340080972, 
0.2820823000463719, 0.04242573672446297, 0.9939271255060729, 
0.3346841670194964, 0.0345627901796463, 0.9975708502024292, 
0.3145627936047098, 0.03635052907331726, 0.9927125506072875, 
0.28057017278574164, 0.0663590380237925, 0.9931174089068826, 
0.32488558237061227, 0.03400215700878666, 0.9983805668016195, 
0.27881610516341054, 0.05928801575927701, 0.9939271255060729, 
0.27881610516341054, 0.05928801575927701, 0.9939271255060729, 
0.33861569789713497, 0.033514274797235656, 0.9983805668016195, 
0.28885663017399543, 0.03774946121692085, 0.994331983805668, 
0.2916591060303635, 0.03735689505617826, 0.9955465587044534, 
0.2903889191314341, 0.042641388426672144, 0.9935222672064777, 
0.31988548156212826, 0.0345684109623311, 0.9971659919028341, 
0.2864977116474122, 0.04035272908993459, 0.9947368421052631, 
0.273190991753866, 0.061671618009676195, 0.9939271255060729, 
0.2940381862537551, 0.049486513893908325, 0.9927125506072875, 
0.2957922538760862, 0.050690485113620204, 0.9923076923076923, 
0.2984737595516038, 0.04041517887575797, 0.9919028340080972, 
0.2833524869453013, 0.04205324663633363, 0.9947368421052631, 
0.2923244420250408, 0.042083097608074854, 0.9931174089068826, 
0.32563156515252323, 0.03912858905253831, 0.9923076923076923, 
0.28653803504102904, 0.04035272908993459, 0.994331983805668, 
0.28653803504102904, 0.04035272908993459, 0.994331983805668, 
0.31089336478558033, 0.050690485113620204, 0.9910931174089069, 
0.30555051513135345, 0.03623226400955173, 0.9939271255060729, 
0.2944010967963064, 0.04094978087769095, 0.9935222672064777, 
0.3130103429504627, 0.036832581286557815, 0.9931174089068826, 
0.2827073126474324, 0.10969959918901812, 0.9927125506072875, 
0.3246033186152947, 0.03939633113180835, 0.9919028340080972, 
0.30982479485473496, 0.04013877268135176, 0.9914979757085021, 
0.315873303897256, 0.03486646558183606, 0.9947368421052631, 
0.28137664065807777, 0.05770408955163837, 0.9939271255060729, 
0.28228391701445593, 0.049854375355928085, 0.9931174089068826, 
0.3029496562430694, 0.053987048275910325, 0.9910931174089069, 
0.30268755418456017, 0.04842337498632388, 0.9914979757085021, 
0.3724873485352527, 0.033204340181173575, 1.0, 
