0.013638577691183634, 0.4274370962678768, 0.05217391304347826, 
0.012177301509985387, 0.44373400512945876, 0.0, 
0.016561130053580123, 0.4158112593292988, 0.05217391304347826, 
0.6668290306867998, 0.013917602886651304, 0.9478260869565217, 
0.013638577691183634, 0.4279542635735184, 0.034782608695652174, 
0.013638577691183634, 0.4430612671709006, 0.017391304347826087, 
0.09059912323429127, 0.29169177871327595, 0.22608695652173913, 
0.015099853872381882, 0.41502945372920935, 0.06956521739130435, 
0.012177301509985387, 0.44373400512945876, 0.0, 
0.07793472966390648, 0.2710472167022671, 0.2608695652173913, 
0.013638577691183634, 0.4430612671709006, 0.017391304347826087, 
0.013638577691183634, 0.4279542635735184, 0.034782608695652174, 
0.015099853872381882, 0.4158617146761906, 0.05217391304347826, 
0.016561130053580123, 0.4005571783957268, 0.08695652173913043, 
0.7798343886994642, 0.04281169820672445, 0.9217391304347826, 
0.013638577691183634, 0.4430612671709006, 0.017391304347826087, 
0.04042864101315149, 0.2682178490330611, 0.30434782608695654, 
0.01948368241597662, 0.3903440911701209, 0.0782608695652174, 
0.04335119337554797, 0.2917969781115455, 0.23478260869565218, 
0.015099853872381882, 0.4164839972878569, 0.034782608695652174, 
0.06527033609352167, 0.19710313989510167, 0.6173913043478261, 
0.9357038480272771, 0.001051153060247132, 0.991304347826087, 
0.6492937165124208, 0.02670685603231092, 0.9478260869565217, 
0.041889917194349736, 0.25663002178914157, 0.2782608695652174, 
0.020944958597174868, 0.3652051350424746, 0.1565217391304348, 
0.6853385289819776, 0.011827742418390349, 0.9739130434782609, 
0.6614710180224062, 0.01816089756025692, 0.9739130434782609, 
0.08085728202630296, 0.2713500328758631, 0.25217391304347825, 
0.041889917194349736, 0.22731596979843843, 0.4, 
0.015099853872381882, 0.41502945372920935, 0.06956521739130435, 
0.041889917194349736, 0.23515286246217215, 0.34782608695652173, 
0.0628348757915246, 0.2561883693193481, 0.28695652173913044, 
0.031660983925962005, 0.32828451904659917, 0.1826086956521739, 
0.04042864101315149, 0.2897789324203606, 0.25217391304347825, 
0.44033122260107155, 0.06560860122389534, 0.9217391304347826, 
0.6385776911836336, 0.021592071379515614, 0.9739130434782609, 
0.5051144666341938, 0.04363807269656834, 0.9217391304347826, 
0.9264490988796882, 0.0, 1.0, 
0.012177301509985387, 0.44373400512945876, 0.0, 
0.5051144666341938, 0.04363807269656834, 0.9217391304347826, 
0.23526546517291766, 0.09533150970891217, 0.7652173913043478, 
0.03604481246955674, 0.3173651410567519, 0.17391304347826086, 
0.013638577691183634, 0.4430612671709006, 0.017391304347826087, 
0.013638577691183634, 0.4430612671709006, 0.017391304347826087, 
0.5051144666341938, 0.04363807269656834, 0.9217391304347826, 
0.013638577691183634, 0.4430612671709006, 0.017391304347826087, 
0.016561130053580123, 0.4011794610073931, 0.06956521739130435, 
0.6264003896736483, 0.06253654333613948, 0.8869565217391304, 
0.47442766682903065, 0.059853580265164706, 0.9130434782608695, 
0.01948368241597662, 0.37833142990537183, 0.10434782608695652, 
0.5051144666341938, 0.04363807269656834, 0.9217391304347826, 
0.012177301509985387, 0.44373400512945876, 0.0, 
0.013638577691183634, 0.4430612671709006, 0.017391304347826087, 
0.5051144666341938, 0.04363807269656834, 0.9217391304347826, 
0.5898684851436921, 0.02215443826674782, 0.991304347826087, 
0.012177301509985387, 0.44373400512945876, 0.0, 
0.17145640526059425, 0.1328215142944623, 0.6086956521739131, 
0.5051144666341938, 0.04363807269656834, 0.9217391304347826, 
0.5557720409157331, 0.025555296831748994, 0.9565217391304348, 
0.7827569410618607, 0.00847212548110223, 0.9826086956521739, 
0.05406721870433512, 0.2073187498880522, 0.40869565217391307, 
0.031660983925962005, 0.281146947581856, 0.2782608695652174, 
0.06916707257671699, 0.19260248090622512, 0.6086956521739131, 
0.01802240623477837, 0.3901591723237622, 0.08695652173913043, 
0.43935703848027274, 0.06642429599864713, 0.9130434782608695, 
0.024354603019970774, 0.38938535548693065, 0.08695652173913043, 
0.024354603019970774, 0.36318650070557595, 0.12173913043478261, 
0.0599123234291281, 0.19737097369485262, 0.5130434782608696, 
0.024354603019970774, 0.3899067274048132, 0.06956521739130435, 
0.013638577691183634, 0.4430612671709006, 0.017391304347826087, 
0.2620555284948855, 0.09180144340974541, 0.7043478260869566, 
0.06332196785192401, 0.3390185577288636, 0.1565217391304348, 
0.012177301509985387, 0.44373400512945876, 0.0, 
0.05065757428153921, 0.31379517298741816, 0.2, 
0.024354603019970774, 0.36370366801121756, 0.10434782608695652, 
0.07208962493911349, 0.1906075185362433, 0.48695652173913045, 
0.05065757428153921, 0.27145094356964683, 0.25217391304347825, 
0.19678519240136386, 0.132450247033583, 0.5478260869565217, 
0.030199707744763757, 0.3173102288208846, 0.19130434782608696, 
0.03896736483195324, 0.3147497881506122, 0.19130434782608696, 
0.21188504627374571, 0.10652889666013353, 0.6869565217391305, 
0.047735021919142716, 0.2712197739886373, 0.26956521739130435, 
0.06332196785192401, 0.3390185577288636, 0.1565217391304348, 
0.030199707744763757, 0.3173102288208846, 0.19130434782608696, 
0.07647345348270823, 0.18593274655446745, 0.48695652173913045, 
0.024354603019970774, 0.3899067274048132, 0.06956521739130435, 
0.1768144179249878, 0.13209293908534375, 0.5565217391304348, 
0.004383828543594741, 0.896356644628612, 0.06956521739130435, 
0.0, 1.0, 0.0, 
0.7545056015586946, 0.003947920663676177, 0.991304347826087, 
0.010228933268387726, 0.8030145051554013, 0.16521739130434782, 
0.004383828543594741, 0.896356644628612, 0.06956521739130435, 
0.0, 1.0, 0.0, 
0.007306380905991233, 0.8593057697455108, 0.12173913043478261, 
0.7545056015586946, 0.003947920663676177, 0.991304347826087, 
0.0014612761811982477, 0.9477200195800384, 0.034782608695652174, 
0.004383828543594741, 0.896356644628612, 0.06956521739130435, 
0.008767657087189478, 0.8034181479305361, 0.1565217391304348, 
0.0, 1.0, 0.0, 
0.0, 1.0, 0.0, 
0.004383828543594741, 0.892051037601595, 0.08695652173913043, 
0.0, 1.0, 0.0, 
0.0, 1.0, 0.0, 
0.0, 1.0, 0.0, 
0.0, 1.0, 0.0, 
0.011690209449585971, 0.894170246263298, 0.06956521739130435, 
0.0, 1.0, 0.0, 
0.7773989283974672, 0.010406120973589715, 0.9739130434782609, 
0.6814417924987822, 0.012978712973238563, 0.9739130434782609, 
0.0014612761811982477, 0.9477200195800384, 0.034782608695652174, 
0.011690209449585971, 0.8454557770236947, 0.10434782608695652, 
0.0, 1.0, 0.0, 
0.004383828543594741, 0.8953138167006021, 0.0782608695652174, 
0.0, 1.0, 0.0, 
0.010228933268387726, 0.8834906993556767, 0.10434782608695652, 
0.12664393570384802, 0.13907259540538472, 0.5652173913043478, 
0.013638577691183634, 0.4430612671709006, 0.017391304347826087, 
0.04335119337554797, 0.21555541708365905, 0.40869565217391307, 
0.024354603019970774, 0.2922678105902914, 0.20869565217391303, 
0.024354603019970774, 0.3899067274048132, 0.06956521739130435, 
0.01802240623477837, 0.3853239523388702, 0.10434782608695652, 
0.025815879201169022, 0.3892339894462551, 0.08695652173913043, 
0.015099853872381882, 0.4164839972878569, 0.034782608695652174, 
0.012177301509985387, 0.44373400512945876, 0.0, 
0.015099853872381882, 0.4164839972878569, 0.034782608695652174, 
0.024354603019970774, 0.38938535548693065, 0.08695652173913043, 
0.012177301509985387, 0.44373400512945876, 0.0, 
0.024354603019970774, 0.33909844536144235, 0.1391304347826087, 
0.024354603019970774, 0.2922678105902914, 0.20869565217391303, 
0.08426692644909888, 0.23966029087675667, 0.3130434782608696, 
0.05065757428153921, 0.21899933087800796, 0.3826086956521739, 
0.12372138334145152, 0.1395015499462104, 0.5565217391304348, 
0.013638577691183634, 0.4430612671709006, 0.017391304347826087, 
0.047735021919142716, 0.2914268040498489, 0.23478260869565218, 
0.06624452021432051, 0.1940003462918642, 0.40869565217391307, 
0.025815879201169022, 0.29207027790720974, 0.22608695652173913, 
0.013638577691183634, 0.4430612671709006, 0.017391304347826087, 
0.024354603019970774, 0.38938535548693065, 0.08695652173913043, 
0.025815879201169022, 0.3892339894462551, 0.08695652173913043, 
0.041889917194349736, 0.33852653400442306, 0.16521739130434782, 
0.03896736483195324, 0.2703896153477765, 0.28695652173913044, 
0.025815879201169022, 0.3630309300526594, 0.12173913043478261, 
0.06867998051631757, 0.22810155954954475, 0.3391304347826087, 
0.013638577691183634, 0.4430612671709006, 0.017391304347826087, 
0.04481246955674622, 0.2196720688365661, 0.3652173913043478, 
0.049196298100340964, 0.2145632126870306, 0.4, 
0.05942523136872869, 0.2481826194280163, 0.3130434782608696, 
0.024354603019970774, 0.38938535548693065, 0.08695652173913043, 
0.03750608865075499, 0.2716484762527285, 0.2608695652173913, 
0.03896736483195324, 0.31495993467041683, 0.1826086956521739, 
0.012177301509985387, 0.44373400512945876, 0.0, 
0.024354603019970774, 0.36370366801121756, 0.10434782608695652, 
0.060399415489527514, 0.20305207757038668, 0.4, 
0.039454456892352656, 0.2703896153477765, 0.2782608695652174, 
0.012177301509985387, 0.44373400512945876, 0.0, 
0.07208962493911349, 0.3388756850049148, 0.1565217391304348, 
0.020944958597174868, 0.3730928194220794, 0.12173913043478261, 
0.023867510959571358, 0.36414103177652524, 0.10434782608695652, 
0.02240623477837311, 0.3697457798937629, 0.13043478260869565, 
0.07208962493911349, 0.3388756850049148, 0.1565217391304348, 
0.02240623477837311, 0.37019987801578963, 0.11304347826086956, 
0.02240623477837311, 0.3902809378942612, 0.0782608695652174, 
0.03896736483195324, 0.31400128307947145, 0.2, 
0.047735021919142716, 0.28234938259053394, 0.25217391304347825, 
0.0754992693619094, 0.17585664559567288, 0.6608695652173913, 
0.012177301509985387, 0.44373400512945876, 0.0, 
0.5660009741841208, 0.02474279756230036, 0.991304347826087, 
0.3209936678032148, 0.08184429093124844, 0.8434782608695652, 
0.012177301509985387, 0.44373400512945876, 0.0, 
0.18022406234778374, 0.13084702838609408, 0.8, 
0.013638577691183634, 0.4430612671709006, 0.017391304347826087, 
0.01802240623477837, 0.3908192964455974, 0.06956521739130435, 
0.7408670238675109, 0.010857570189904667, 1.0, 
0.22503653190452994, 0.12323466201602913, 0.6782608695652174, 
0.013638577691183634, 0.4430612671709006, 0.017391304347826087, 
0.013638577691183634, 0.4430612671709006, 0.017391304347826087, 
0.5270336093521676, 0.041808645910514225, 0.991304347826087, 
0.01802240623477837, 0.3908192964455974, 0.06956521739130435, 
0.9006332196785191, 0.0034591344906612516, 1.0, 
0.013638577691183634, 0.4430612671709006, 0.017391304347826087, 
0.01802240623477837, 0.3908192964455974, 0.06956521739130435, 
0.024354603019970774, 0.33362437659265454, 0.17391304347826086, 
0.013638577691183634, 0.4430612671709006, 0.017391304347826087, 
0.2576716999512908, 0.06686544391497164, 0.8521739130434782, 
0.0, 1.0, 0.0, 
0.0014612761811982477, 0.9986545240828838, 0.017391304347826087, 
0.011690209449585971, 0.6427440207680934, 0.20869565217391303, 
0.9410618606916706, 4.372796730627916E-4, 0.9826086956521739, 
0.0014612761811982477, 0.9986545240828838, 0.017391304347826087, 
0.0, 1.0, 0.0, 
0.0014612761811982477, 0.9986545240828838, 0.017391304347826087, 
0.0014612761811982477, 0.9451047507661434, 0.05217391304347826, 
0.0014612761811982477, 0.9986545240828838, 0.017391304347826087, 
0.010228933268387726, 0.8543199405501466, 0.12173913043478261, 
1.0, 0.0, 0.991304347826087, 
0.0, 1.0, 0.0, 
0.0, 1.0, 0.0, 
0.016561130053580123, 0.4158112593292988, 0.05217391304347826, 
0.09887968826108133, 0.16768229075347746, 0.46956521739130436, 
0.012177301509985387, 0.44373400512945876, 0.0, 
0.013638577691183634, 0.4430612671709006, 0.017391304347826087, 
0.020944958597174868, 0.3903440911701209, 0.06956521739130435, 
0.49829517778860205, 0.05583043908849724, 0.9739130434782609, 
0.020944958597174868, 0.3903440911701209, 0.06956521739130435, 
0.016561130053580123, 0.4158112593292988, 0.05217391304347826, 
0.08426692644909888, 0.1680019253760374, 0.4434782608695652, 
0.012177301509985387, 0.44373400512945876, 0.0, 
0.9030686799805162, 0.003383451470323455, 1.0, 
0.016561130053580123, 0.4158112593292988, 0.05217391304347826, 
0.02240623477837311, 0.35426464989917755, 0.14782608695652175, 
0.03604481246955674, 0.27895651278879063, 0.2956521739130435, 
0.4461763273258646, 0.056879489842623886, 0.9565217391304348, 
0.9064783244033121, 0.003383451470323455, 0.991304347826087, 
0.0915733073550901, 0.14300441240417794, 0.5130434782608696, 
0.012177301509985387, 0.44373400512945876, 0.0, 
0.012177301509985387, 0.44373400512945876, 0.0, 
