0.2926470291739753, 0.04313466279352322, 0.994331983805668, 
0.30260690739732654, 0.0527259698178464, 0.9902834008097166, 
0.29801004052501057, 0.055523493320838606, 0.9898785425101214, 
0.28891711526442065, 0.06875920713213565, 0.9919028340080972, 
0.28911873223250467, 0.061276256555626046, 0.9910931174089069, 
0.29647775156757195, 0.054168449007653406, 0.9910931174089069, 
0.29647775156757195, 0.05512443069139048, 0.9906882591093117, 
0.29178007621121393, 0.07548415655576797, 0.9906882591093117, 
0.2932922034718442, 0.06624362001802542, 0.9906882591093117, 
0.29817133409947777, 0.05116348281968087, 0.9910931174089069, 
0.29415915643460555, 0.055132296767542235, 0.9910931174089069, 
0.30186092461541564, 0.054168449007653406, 0.9902834008097166, 
0.2982923042803282, 0.054168449007653406, 0.9906882591093117, 
0.29607451763140386, 0.05765313152719051, 0.9902834008097166, 
0.2981108490090526, 0.05400118435024501, 0.9910931174089069, 
0.29216314845057356, 0.0747484508866254, 0.9906882591093117, 
0.2986350531260711, 0.053871953799461234, 0.9906882591093117, 
0.2934938204399282, 0.0446327976534755, 0.9927125506072875, 
0.30629649791326435, 0.04287810188748341, 0.9927125506072875, 
0.2974656747111837, 0.043028219491037564, 0.9914979757085021, 
0.3085344462589972, 0.04126649882512054, 0.9927125506072875, 
0.3074457146313434, 0.042056188596265344, 0.9919028340080972, 
0.30246577551966775, 0.049768320871063094, 0.9910931174089069, 
0.28274763604104924, 0.062756577891329, 0.994331983805668, 
0.2969616322909736, 0.04500250538947, 0.9923076923076923, 
0.30367547732817196, 0.040787869552064475, 0.9931174089068826, 
0.2973648662271417, 0.044979897160727846, 0.9923076923076923, 
0.28188068307828784, 0.07199500070419391, 0.994331983805668, 
0.3121837133813182, 0.04146975288386377, 0.9906882591093117, 
0.31932095405149297, 0.039095705532656316, 0.9902834008097166, 
0.35484586382789973, 0.03834172261390863, 0.9923076923076923, 
0.3576483396842678, 0.03781969943185966, 0.9914979757085021, 
0.3205508175568056, 0.04050785492733146, 0.9894736842105263, 
0.33778906832799044, 0.040532320214358965, 0.9882591093117409, 
0.33470432871630473, 0.040201026192722214, 0.988663967611336, 
0.31700235891852657, 0.040231405595682855, 0.9902834008097166, 
0.30921994395048286, 0.04606824115904697, 0.9902834008097166, 
0.3079497570515535, 0.07041784704361218, 0.988663967611336, 
0.3214580939131837, 0.04029959694846975, 0.9898785425101214, 
0.3315389423173854, 0.040380867513152514, 0.988663967611336, 
0.35875723300873, 0.040350371639637395, 0.9878542510121457, 
0.3632936147906208, 0.03720256294404156, 0.9906882591093117, 
0.313574870461098, 0.04058320490549474, 0.9898785425101214, 
0.32161938748765095, 0.040201026192722214, 0.9894736842105263, 
0.3069618339079417, 0.06081335727801136, 0.9890688259109311, 
0.3244621867376358, 0.04111271671282445, 0.9882591093117409, 
0.31345390028024755, 0.06964553511056845, 0.9866396761133603, 
0.31573217201959713, 0.040377011043681896, 0.9902834008097166, 
0.3155507167483215, 0.050834554875789785, 0.9882591093117409, 
0.3130305046472711, 0.06033513133817175, 0.9882591093117409, 
0.3109135264823888, 0.04583058299262713, 0.988663967611336, 
0.31333293009939717, 0.07070104303997224, 0.9878542510121457, 
0.31700235891852657, 0.041133713765562956, 0.9882591093117409, 
0.3440190326417871, 0.038405589458144866, 0.9898785425101214, 
0.3162765378334241, 0.043091478100155955, 0.988663967611336, 
0.31768785661001225, 0.04526944080230715, 0.9874493927125506, 
0.31292969616322913, 0.06917210387522166, 0.9882591093117409, 
0.3104901308494123, 0.04195623744876099, 0.9906882591093117, 
0.32319199983870645, 0.044812183875998474, 0.9878542510121457, 
0.32325248492913167, 0.04409388192730246, 0.9874493927125506, 
0.31480473396641057, 0.04050695982955164, 0.9898785425101214, 
0.32567188854614004, 0.04080327817504997, 0.988663967611336, 
0.33647855803544424, 0.03957259637484364, 0.9894736842105263, 
0.31254662392386945, 0.043942778637759444, 0.988663967611336, 
0.34329321155668463, 0.0400882977940188, 0.9882591093117409, 
0.3390995786205367, 0.040148366404061664, 0.9890688259109311, 
0.32567188854614004, 0.04080327817504997, 0.988663967611336, 
0.32567188854614004, 0.04080327817504997, 0.988663967611336, 
0.32680094356741063, 0.04040538887859515, 0.9890688259109311, 
0.3284743644025081, 0.04087968501565207, 0.9870445344129555, 
0.32567188854614004, 0.04080327817504997, 0.988663967611336, 
0.34583358535454345, 0.03982997041790269, 0.988663967611336, 
0.32585334381741565, 0.04179784180839016, 0.9866396761133603, 
0.3247444504929535, 0.050436984794928724, 0.9862348178137652, 
0.3028690094558358, 0.046090167819359214, 0.9906882591093117, 
0.30883687171112323, 0.04644626575537632, 0.9898785425101214, 
0.305127119498377, 0.046090167819359214, 0.9902834008097166, 
0.3025867457005182, 0.05132697296837921, 0.9906882591093117, 
0.3073852295409182, 0.04267000351641859, 0.9927125506072875, 
0.30252626061009297, 0.0521114711724011, 0.9906882591093117, 
0.3074457146313434, 0.05061643788017742, 0.9894736842105263, 
0.30833282929091316, 0.05978924463362675, 0.9890688259109311, 
0.3226476340248795, 0.03733309623954584, 0.9967611336032388, 
0.32585334381741565, 0.03723793763967219, 0.9963562753036437, 
0.3123450069557854, 0.0393690619240248, 0.9935222672064777, 
0.3094820460089921, 0.04013521817257795, 0.9939271255060729, 
0.3077481400834694, 0.04130618724499122, 0.9927125506072875, 
0.31482489566321903, 0.0394261950447223, 0.9931174089068826, 
0.3057722937962459, 0.04057048157584868, 0.9931174089068826, 
0.31641766971108287, 0.03923089765033986, 0.9923076923076923, 
0.3389382850460695, 0.03668182740867826, 0.9927125506072875, 
0.3201879070142543, 0.03907498240140706, 0.9927125506072875, 
0.3094820460089921, 0.04013521817257795, 0.9939271255060729, 
0.2851670396580576, 0.08881232210497804, 0.9919028340080972, 
0.31317163652492996, 0.03852658942307859, 0.9939271255060729, 
0.30419968144519044, 0.04065009135669902, 0.9931174089068826, 
0.3062561745196476, 0.043002994988543805, 0.9927125506072875, 
0.32240569366317867, 0.03850801668336301, 0.9935222672064777, 
0.31450230851428457, 0.0394890675755212, 0.9919028340080972, 
0.29740518962075846, 0.04947896056276398, 0.9914979757085021, 
0.2912961954878122, 0.04947896056276398, 0.9919028340080972, 
0.30419968144519044, 0.04065009135669902, 0.9931174089068826, 
0.30419968144519044, 0.04065009135669902, 0.9931174089068826, 
0.3354301498014073, 0.038423081609938306, 0.9935222672064777, 
0.2911147402165366, 0.04947896056276398, 0.9927125506072875, 
0.2912961954878122, 0.04947896056276398, 0.9919028340080972, 
0.2952478880622593, 0.048256287191609314, 0.9923076923076923, 
0.28946148107824754, 0.04999177610042253, 0.9931174089068826, 
0.28954212786548117, 0.05391553966918282, 0.9927125506072875, 
0.2853283332325249, 0.04499714558710174, 0.9947368421052631, 
0.31214338998770136, 0.04051081845588438, 0.9935222672064777, 
0.305328736466461, 0.04018675423607397, 0.9939271255060729, 
0.28393717615274505, 0.04871400352954957, 0.9947368421052631, 
0.3326881590354644, 0.03846837787132108, 0.9935222672064777, 
0.326417871328051, 0.03761176282545384, 0.9939271255060729, 
0.29726405774309966, 0.04088407207320421, 0.9939271255060729, 
0.2970221173813988, 0.0415325628656612, 0.994331983805668, 
0.3064174680941148, 0.037419284449862276, 0.994331983805668, 
0.2840581463335954, 0.05926227145301232, 0.994331983805668, 
0.301578660860098, 0.03772702553714829, 0.9975708502024292, 
0.28337264864210976, 0.05439441913824481, 0.9947368421052631, 
0.2986955382164963, 0.03871436799611061, 0.9947368421052631, 
0.29909877215266434, 0.038626221354989186, 0.9951417004048583, 
0.2850662311740156, 0.04908015244304602, 0.9935222672064777, 
0.30859493134942234, 0.04078750935609043, 0.9923076923076923, 
0.29002600858888283, 0.04402248763426731, 0.994331983805668, 
0.2948043307324744, 0.04189146472243434, 0.994331983805668, 
0.2955906369080022, 0.039644471648131556, 0.9947368421052631, 
0.2891388939293131, 0.04030199106542298, 0.9955465587044534, 
0.2903284340410089, 0.04516360357807724, 0.9939271255060729, 
0.28889695356761225, 0.04516360357807724, 0.994331983805668, 
0.2897235831367568, 0.04895514502829326, 0.9935222672064777, 
0.297082602471824, 0.03958517088100342, 0.9947368421052631, 
0.2903889191314341, 0.03871436799611061, 0.9951417004048583, 
0.3113974072057904, 0.039418492890091666, 0.9939271255060729, 
0.285086392870824, 0.04783275711827156, 0.9939271255060729, 
0.2894211576846308, 0.04030199106542298, 0.9951417004048583, 
0.29956249117925765, 0.03992626568411359, 0.994331983805668, 
0.3107119095143047, 0.039644471648131556, 0.9939271255060729, 
0.3035746688441299, 0.04078750935609043, 0.9935222672064777, 
0.29490513921651645, 0.04204104095359637, 0.9931174089068826, 
0.2903082723442005, 0.04030199106542298, 0.9947368421052631, 
0.27829190104639207, 0.058862969411868866, 0.9951417004048583, 
0.2881912941793181, 0.04595797374002251, 0.994331983805668, 
0.28409846972721225, 0.055531465083234234, 0.9931174089068826, 
0.27998548357829794, 0.07785714488767448, 0.9947368421052631, 
0.2821629468336055, 0.06873434713934018, 0.9939271255060729, 
0.28813080908889294, 0.0554655837297779, 0.9931174089068826, 
0.2844815419665719, 0.054201367037329314, 0.994331983805668, 
0.30684086372709124, 0.0677674452626894, 0.9894736842105263, 
0.3032924050888123, 0.04547159917509341, 0.9906882591093117, 
0.2874453113974072, 0.05554723821591802, 0.9927125506072875, 
0.30671989354624085, 0.04873329450435112, 0.9898785425101214, 
0.30742555293453494, 0.056726446501629814, 0.9894736842105263, 
0.3353495030141737, 0.035763457086590275, 0.9979757085020243, 
0.34180124599286277, 0.03506295572097087, 0.9947368421052631, 
0.32458315691848627, 0.0359095542991527, 0.9979757085020243, 
0.3254299481844392, 0.03617407186955329, 0.9971659919028341, 
0.3366196899131031, 0.03719182177068381, 0.9939271255060729, 
0.33532934131736525, 0.03656513038367398, 0.9963562753036437, 
0.336216455976935, 0.035208798423803124, 0.9951417004048583, 
0.3336760821790762, 0.036679131331028215, 0.9955465587044534, 
0.33655920482267787, 0.034858593035097946, 0.9951417004048583, 
0.32595415230145763, 0.03555909440071735, 0.9983805668016195, 
