0.29525930639516385, 0.025151035439621647, 0.9262295081967213, 
0.26248806872414887, 0.021140057674145313, 0.9754098360655737, 
0.2717149220489979, 0.021347538753946797, 0.9590163934426229, 
0.26694241170855865, 0.021584941959800215, 0.9508196721311475, 
0.29144129812281244, 0.020954608401213604, 0.9754098360655737, 
0.27362392618517317, 0.021390082275853418, 0.9426229508196722, 
0.29048679605472455, 0.02137590062993958, 0.9508196721311475, 
0.2962138084632517, 0.02081080861480565, 0.9836065573770492, 
0.5828825962456249, 0.01976023440668653, 0.9180327868852459, 
0.307031498568247, 0.020886292951482022, 0.9344262295081968, 
0.307031498568247, 0.020886292951482022, 0.9344262295081968, 
0.43175310213172097, 0.01634459925609272, 0.9590163934426229, 
0.3118040089086858, 0.01992577498153628, 0.9426229508196722, 
0.323576201081769, 0.01953822557369444, 0.9426229508196722, 
0.3407572383073494, 0.019532076345301755, 0.9508196721311475, 
0.4766146993318486, 0.019530821400731823, 0.9262295081967213, 
0.5606108813235762, 0.019774141251917624, 0.9180327868852459, 
0.48425071587655094, 0.019482486727949815, 0.9344262295081968, 
0.2993954820235442, 0.02086788709778965, 0.9426229508196722, 
0.42220808145084293, 0.01953043526394107, 0.9344262295081968, 
0.431434934775692, 0.019532076345301755, 0.9262295081967213, 
0.29430480432707595, 0.02093197293382763, 0.9426229508196722, 
0.28157811008590494, 0.02589288440239074, 0.9262295081967213, 
0.3254852052179447, 0.019537388943981146, 0.9426229508196722, 
0.3057588291441297, 0.02086576334544053, 0.9426229508196722, 
0.5714285714285711, 0.0195036663309224, 0.9262295081967213, 
0.46706967865097054, 0.016325228961409324, 0.9672131147540983, 
0.307031498568247, 0.020886292951482022, 0.9344262295081968, 
0.4702513522112631, 0.019497346558780472, 0.9344262295081968, 
0.29780464524339795, 0.021023087315519932, 0.9344262295081968, 
0.3452115812917592, 0.020696520104904283, 0.9262295081967213, 
0.34139357301940826, 0.019552272844005094, 0.9344262295081968, 
0.3993000318167354, 0.019776060094343118, 0.9262295081967213, 
0.42252624880687234, 0.019512161340318877, 0.9344262295081968, 
0.38911867642379894, 0.0194771805648836, 0.9426229508196722, 
0.3706649697741013, 0.01948287286474056, 0.9508196721311475, 
0.42316258351893077, 0.01949742378613862, 0.9344262295081968, 
0.6286986955138403, 0.16421766711555055, 0.8688524590163934, 
0.3595291123130765, 0.019511298968152874, 0.9426229508196722, 
0.40248170537702843, 0.019474403597796803, 0.9754098360655737, 
0.29048679605472455, 0.022447675421130252, 0.9344262295081968, 
0.6026089723194398, 0.019473491671409316, 0.9344262295081968, 
0.37034680241807183, 0.01949144317081124, 0.9672131147540983, 
0.500477251034044, 0.019481289961323024, 0.9344262295081968, 
0.5042952593063948, 0.019470412230503092, 0.9508196721311475, 
0.42634425707922374, 0.019471501136253, 0.9754098360655737, 
0.35730194082087186, 0.01949515201468638, 0.9754098360655737, 
0.36111994909322276, 0.019491464408334727, 0.9672131147540983, 
0.5415208399618197, 0.01947684784368224, 0.9344262295081968, 
0.30798600063633486, 0.0387475004430762, 0.9180327868852459, 
0.32898504613426666, 0.021067764243195442, 0.9016393442622951, 
0.32643970728603255, 0.02102446543772611, 0.9098360655737705, 
0.3137130130448615, 0.021047434141162502, 0.9098360655737705, 
0.369392300349984, 0.020786566689657903, 0.9180327868852459, 
0.40979955456570133, 0.020778277619883156, 0.9180327868852459, 
0.36621062678969146, 0.022067511394260532, 0.8852459016393442, 
0.3550747693286667, 0.022140950879205347, 0.8934426229508197, 
0.316894686605154, 0.02462240683648721, 0.9016393442622951, 
0.4587973273942093, 0.02079388771449824, 0.8934426229508197, 
0.3299395482023545, 0.020786914212769573, 0.9016393442622951, 
0.44797963728921397, 0.020798931561971268, 0.8852459016393442, 
0.36430162265351573, 0.021038640390602246, 0.8934426229508197, 
0.3967546929685013, 0.02103639706456026, 0.8934426229508197, 
0.41711740375437467, 0.020778843953842923, 0.9098360655737705, 
0.3118040089086858, 0.02463194930628473, 0.9180327868852459, 
0.35857461024498866, 0.02105269576978551, 0.8934426229508197, 
0.4066178810054088, 0.020786495897912934, 0.9098360655737705, 
0.34139357301940826, 0.02462198852163057, 0.8852459016393442, 
0.4677060133630289, 0.02077364397839417, 0.9180327868852459, 
0.40629971364937933, 0.021036162679528278, 0.8934426229508197, 
0.3907095132039452, 0.0210445932040807, 0.8852459016393442, 
0.4327076041998088, 0.02103574436467163, 0.8934426229508197, 
0.36461979000954475, 0.024636468651283657, 0.8770491803278688, 
0.4543429844097995, 0.02079818026848874, 0.8934426229508197, 
0.32293986636971056, 0.021068600872908724, 0.9016393442622951, 
