0.5433732113535069, 0.15394961251001843, 0.9830795262267343, 
0.5528970208773166, 0.1498300158270416, 0.9813874788494078, 
0.5340839784189537, 0.1730530723380287, 0.9898477157360406, 
0.5513019000703729, 0.14514247196367297, 0.9830795262267343, 
0.5676753460004692, 0.13759824680932292, 0.9813874788494078, 
0.5799202439596529, 0.13759736077721382, 0.9813874788494078, 
0.5777152240206428, 0.1402056940171464, 0.9780033840947546, 
0.5364297443115177, 0.18187287739180646, 0.9864636209813875, 
0.5769176636171712, 0.15013558672418495, 0.9780033840947546, 
0.5439361951677223, 0.1376699522408931, 0.9864636209813875, 
0.5478301665493783, 0.17225108135524445, 0.9796954314720813, 
0.543748533896317, 0.14887330967427187, 0.9830795262267343, 
0.6022519352568615, 0.1376024209680959, 0.9796954314720813, 
0.5340839784189537, 0.1730530723380287, 0.9898477157360406, 
0.5451559934318555, 0.1414600286951815, 0.9847715736040609, 
0.5624677457189773, 0.20586741339742598, 0.9780033840947546, 
0.5824067558057706, 0.13690896097264985, 0.9813874788494078, 
0.5809523809523809, 0.1377173873745399, 0.9780033840947546, 
0.5571663148017828, 0.13678930341684012, 0.9864636209813875, 
0.5740089139103919, 0.1376641456552324, 0.9796954314720813, 
0.5397138165611074, 0.17182651784196049, 0.9847715736040609, 
0.5420126671358197, 0.2396086780948004, 0.9813874788494078, 
0.6233169129720855, 0.13769961519953317, 0.9780033840947546, 
0.5549143795449214, 0.1377173873745399, 0.9796954314720813, 
0.5387285948862304, 0.13779027806107033, 0.9864636209813875, 
0.6062397372742202, 0.13759824680932292, 0.9796954314720813, 
0.5373211353506919, 0.1555397721752028, 0.9864636209813875, 
0.5381186957541637, 0.13781225764183352, 0.988155668358714, 
0.6082101806239737, 0.22082670622375736, 0.9763113367174281, 
0.6173117522871218, 0.2110117637651288, 0.9763113367174281, 
0.6775979357260147, 0.4630734017951999, 0.9746192893401016, 
0.524841660802252, 0.1888354290161747, 0.9830795262267343, 
0.5136288998357965, 0.2314345700210711, 0.9847715736040609, 
0.5178043631245602, 0.19559344852301588, 0.9830795262267343, 
0.5150363593713346, 0.19556842351856804, 0.9847715736040609, 
0.5350222847759795, 0.18460508417102695, 0.9830795262267343, 
0.5189772460708422, 0.1917848503072317, 0.9830795262267343, 
0.6351395730706076, 0.1950614015683485, 0.9763113367174281, 
0.7328172648369693, 0.22321144060011422, 0.9746192893401016, 
0.6529673938540934, 0.1891812778358482, 0.9763113367174281, 
0.6861834388927985, 0.23635201730699437, 0.9729272419627749, 
0.836547032606146, 0.2231693366202647, 0.9746192893401016, 
0.5234811165845649, 0.15653392606778896, 0.9966159052453468, 
0.5225897255453905, 0.15658632331371666, 0.9966159052453468, 
0.5895847994370164, 0.1338360121104148, 0.9949238578680203, 
0.5970912502932207, 0.1337916423486427, 0.9932318104906938, 
