0.4377982818962775, 0.030356353477011995, 0.9016393442622951, 
0.39325485205217936, 0.030373781117501136, 0.9016393442622951, 
0.3942093541202672, 0.021599873612073953, 0.9098360655737705, 
0.3118040089086858, 0.01960568663142035, 0.9590163934426229, 
0.3614381164492522, 0.01952960185203437, 0.9426229508196722, 
0.3280305440661788, 0.019604013371993776, 0.9590163934426229, 
0.31053133948456896, 0.019599888401370467, 0.9672131147540983, 
0.33153038498250076, 0.0195340681675807, 0.9590163934426229, 
0.3544384346166083, 0.019521261297354195, 0.9590163934426229, 
0.4794782055361117, 0.0195149209312501, 0.9262295081967213, 
0.35730194082087186, 0.019499251500281502, 0.9754098360655737, 
0.2984409799554564, 0.030406120717287686, 0.9262295081967213, 
0.34139357301940826, 0.030406120717287686, 0.9098360655737705, 
0.3216671969455933, 0.019533646634917468, 0.9672131147540983, 
0.34489341393573025, 0.019549896558194824, 0.9508196721311475, 
0.36589245943366205, 0.019529144923498654, 0.9426229508196722, 
0.43238943684377984, 0.019518640715667647, 0.9262295081967213, 
0.35380209990454986, 0.019530753826793444, 0.9344262295081968, 
0.41329939548202327, 0.01951928196016482, 0.9262295081967213, 
0.47693286668787754, 0.019515184791390444, 0.9262295081967213, 
0.4276169265033406, 0.01951928196016482, 0.9180327868852459, 
0.3378937321030863, 0.01955144432316441, 0.9508196721311475, 
0.385618835507477, 0.03039913164137513, 0.9098360655737705, 
0.4960229080496341, 0.019515184791390444, 0.9180327868852459, 
0.356665606108813, 0.019538476562608424, 0.9262295081967213, 
0.3630289532293985, 0.03040064079266563, 0.9098360655737705, 
0.4463888005090677, 0.01951792636260476, 0.9180327868852459, 
0.3452115812917592, 0.01954935918449437, 0.9426229508196722, 
0.3232580337257396, 0.02461877727936643, 0.9180327868852459, 
0.320394527521476, 0.024616441151782405, 0.9262295081967213, 
0.25548838689150494, 0.02125797085010145, 0.9508196721311475, 
0.5399300031816734, 0.0210213926898576, 0.9098360655737705, 
0.278078269169583, 0.021103361679085535, 0.9508196721311475, 
0.31530384982500775, 0.021048852035458133, 0.9508196721311475, 
0.28507795100222694, 0.024787294196599276, 0.9426229508196722, 
0.2927139675469297, 0.021075881610810566, 0.9590163934426229, 
0.28921412663060775, 0.02108984689140932, 0.9344262295081968, 
0.2936684696150176, 0.021067579669809464, 0.9508196721311475, 
0.49952274896595605, 0.021034933091274268, 0.9098360655737705, 
0.5281578110085903, 0.021022969415086492, 0.9098360655737705, 
0.5615653833916641, 0.021020877840803268, 0.9098360655737705, 
0.3184855233853008, 0.020912637134030874, 0.9344262295081968, 
0.38530066815144753, 0.02088533726292492, 0.9180327868852459, 
0.33121221762647135, 0.02117185578143897, 0.9180327868852459, 
0.32866687877823725, 0.021124394421365374, 0.9262295081967213, 
0.42698059179128217, 0.019480704063099187, 0.9344262295081968, 
0.3267578746420615, 0.021124555311694854, 0.9262295081967213, 
0.3840279987273303, 0.019477775859102674, 0.9426229508196722, 
0.4365256124721602, 0.019479944660744052, 0.9344262295081968, 
0.3471205854279349, 0.020916266819863916, 0.9180327868852459, 
0.3760738148265985, 0.019478303579383367, 0.9426229508196722, 
0.39770919503658914, 0.019481231783379883, 0.9344262295081968, 
0.3394845688832326, 0.020899662937861704, 0.9426229508196722, 
0.343302577155584, 0.02089673473386519, 0.9262295081967213, 
0.3197581928094176, 0.0246886935235202, 0.9262295081967213, 
0.3092586700604517, 0.024705976491425065, 0.9262295081967213, 
0.3048043270760419, 0.024706555696611194, 0.9262295081967213, 
0.3133948456888321, 0.024689556539247523, 0.9180327868852459, 
0.3197581928094176, 0.0246886935235202, 0.9262295081967213, 
0.31021317212853955, 0.03275693707355164, 0.9180327868852459, 
0.31021317212853955, 0.024697348007411253, 0.9262295081967213, 
0.3178491886732419, 0.1306451778628569, 0.9098360655737705, 
0.4731148584155266, 0.12258931862069063, 0.8934426229508197, 
0.3907095132039452, 0.13064288356675854, 0.8934426229508197, 
0.29048679605472455, 0.13064441202488858, 0.9180327868852459, 
0.46325167037861914, 0.12259421290451337, 0.8934426229508197, 
0.30766783328030545, 0.07433425643310371, 0.9180327868852459, 
0.36843779828189616, 0.12259146167987929, 0.9016393442622951, 
0.44479796372892144, 0.01640922568363775, 0.9672131147540983, 
0.3763919821826279, 0.01878138974109053, 0.9590163934426229, 
0.464206172446707, 0.01880900495724227, 0.9508196721311475, 
0.45688832325803364, 0.018843435487750724, 0.9508196721311475, 
0.36589245943366205, 0.018981672458838875, 0.9590163934426229, 
0.39198218262806206, 0.022116078778815097, 0.9098360655737705, 
0.457524657970092, 0.018810043150360323, 0.9508196721311475, 
0.45211581291759434, 0.01888207825579719, 0.9426229508196722, 
0.42252624880687234, 0.018859267997157276, 0.9508196721311475, 
0.39993636652879383, 0.018882989667335627, 0.9508196721311475, 
0.5001590836780145, 0.018807331697815684, 0.9426229508196722, 
0.49315940184537055, 0.01882299057437867, 0.9426229508196722, 
0.6490614062997137, 0.11638198384889145, 0.8934426229508197, 
0.5844734330257716, 0.11638214473922093, 0.8934426229508197, 
0.2860324530703148, 0.11572436483497238, 0.9344262295081968, 
0.2806236080178171, 0.03165818985525357, 0.9426229508196722, 
