0.3012863913337847, 0.07196209025342322, 0.7924528301886793, 
0.28503723764387273, 0.07232961422478953, 0.7924528301886793, 
0.2491536899119838, 0.07373076189376686, 0.7924528301886793, 
0.22681110358835482, 0.09085999699316494, 0.7924528301886793, 
0.30331753554502366, 0.07138359140126714, 0.7924528301886793, 
0.2714962762356127, 0.07234850004061018, 0.7924528301886793, 
0.26743398781313477, 0.07290631442781988, 0.7924528301886793, 
0.28909952606635075, 0.07225556983577855, 0.7924528301886793, 
0.21394719025050773, 0.0488168814470671, 0.8679245283018868, 
0.2918077183480027, 0.048876319472844126, 0.8113207547169812, 
0.2064996614759648, 0.049494555147352945, 0.8490566037735849, 
0.23628977657413672, 0.06305673594717136, 0.8113207547169812, 
0.23628977657413672, 0.06305673594717136, 0.8113207547169812, 
0.23628977657413672, 0.06305673594717136, 0.8113207547169812, 
0.2051455653351388, 0.04913009554116387, 0.8679245283018868, 
0.2640487474610697, 0.060827976522118375, 0.8113207547169812, 
0.19972918077183482, 0.06375950813059153, 0.8113207547169812, 
0.18551117129316178, 0.06711840276834644, 0.8490566037735849, 
0.17535545023696675, 0.07081109604019308, 0.8490566037735849, 
0.1794177386594448, 0.06875636058122304, 0.8679245283018868, 
0.19363574813811785, 0.06201185004136767, 0.8301886792452831, 
0.20717670954637776, 0.04942627309720785, 0.8301886792452831, 
0.25050778605280977, 0.0630407812632594, 0.8113207547169812, 
0.3087339201083277, 0.01341865126424709, 0.8867924528301887, 
0.2654028436018957, 0.026824270982494763, 0.9245283018867925, 
0.3087339201083277, 0.01341865126424709, 0.8867924528301887, 
0.32092078537576163, 0.011283717371590554, 0.8490566037735849, 
0.33716993906567366, 0.0031369999582726675, 0.8679245283018868, 
0.4177386594448205, 9.823462095342197E-4, 0.9245283018867925, 
0.35206499661475965, 0.001668785326559671, 0.9056603773584906, 
0.4570074475287745, 2.6202054297920735E-4, 0.9622641509433962, 
0.49153689911983744, 2.5695767877332584E-4, 0.9622641509433962, 
0.30941096817874064, 0.03204279694538271, 0.8490566037735849, 
0.2491536899119838, 0.030641337510556917, 0.9245283018867925, 
0.3615436696005416, 0.011107674921488663, 0.8301886792452831, 
0.2816519972918077, 0.013889963951833952, 0.8679245283018868, 
0.2654028436018957, 0.026824270982494763, 0.9245283018867925, 
0.2654028436018957, 0.026824270982494763, 0.9245283018867925, 
0.46445497630331756, 3.2673860318989915E-4, 0.9433962264150944, 
0.31482735274204465, 0.012296182293819012, 0.8301886792452831, 
0.2437373053486798, 0.03149492975400486, 0.9056603773584906, 
0.4454976303317535, 8.759141452651318E-4, 0.9245283018867925, 
0.5226811103588355, 2.5646338334690344E-4, 0.9433962264150944, 
0.33107650643195663, 0.003202613346048194, 0.8867924528301887, 
0.2545700744752877, 0.03696462307781382, 0.8490566037735849, 
0.2613405551794178, 0.030641337510556917, 0.8867924528301887, 
0.2335815842924848, 0.03165860682445024, 0.9056603773584906, 
0.25050778605280977, 0.031460972590842955, 0.8867924528301887, 
0.25050778605280977, 0.031460972590842955, 0.8867924528301887, 
0.3615436696005416, 0.011107674921488663, 0.8301886792452831, 
0.31211916046039273, 0.01341865126424709, 0.8301886792452831, 
0.2897765741367637, 0.03509382813710683, 0.8490566037735849, 
0.38050101557210564, 0.0013593963596037126, 0.8867924528301887, 
0.2613405551794178, 0.036022480007072345, 0.8679245283018868, 
0.22951929587000675, 0.0405435004976469, 0.8867924528301887, 
0.3236289776574137, 0.001691846673017461, 0.9056603773584906, 
0.24238320920785372, 0.0370462004758301, 0.8867924528301887, 
0.3182125930941097, 0.005784214436270444, 0.8679245283018868, 
0.37576167907921465, 0.0013782821754243374, 0.8679245283018868, 
0.25050778605280977, 0.031245683616816716, 0.9056603773584906, 
0.3392010832769126, 0.0021447731695408635, 0.8867924528301887, 
0.25050778605280977, 0.031460972590842955, 0.8867924528301887, 
0.3628977657413677, 0.0013286407918856782, 0.9056603773584906, 
0.4211238997968856, 9.515906418161854E-4, 0.8679245283018868, 
0.3540961408259986, 0.0017999534794725413, 0.8679245283018868, 
0.3168584969532837, 0.010019634759993255, 0.8867924528301887, 
0.32092078537576163, 0.004678744698579958, 0.8679245283018868, 
0.5247122545700744, 1.0870768849636067E-4, 0.9433962264150944, 
0.22951929587000675, 0.0405435004976469, 0.8867924528301887, 
0.48612051455653355, 9.510963463897751E-4, 0.8679245283018868, 
0.37576167907921465, 0.0013782821754243374, 0.8679245283018868, 
0.37576167907921465, 0.0013782821754243374, 0.8679245283018868, 
0.25660121868652674, 0.030127956418417257, 0.9056603773584906, 
0.3595125253893026, 0.004198304199762972, 0.8490566037735849, 
0.3825321597833446, 0.001088333274686261, 0.8867924528301887, 
0.4096140825998646, 0.0015779042493987599, 0.8490566037735849, 
0.3425863236289776, 0.0027147131165236346, 0.8679245283018868, 
0.2897765741367637, 0.03509382813710683, 0.8490566037735849, 
0.25050778605280977, 0.031460972590842955, 0.8867924528301887, 
0.3568043331076507, 0.00449231671519259, 0.8490566037735849, 
0.37440758293838866, 0.0032467855039118054, 0.8490566037735849, 
0.38320920785375756, 0.002537285040428576, 0.8301886792452831, 
0.4895057549085985, 8.585938203502886E-4, 0.8867924528301887, 
0.4468517264725796, 0.0012524699999082144, 0.8490566037735849, 
0.34867975626269465, 0.0018584881836886287, 0.8679245283018868, 
0.2999322951929588, 0.007995153911651415, 0.9245283018867925, 
0.2897765741367637, 0.03509382813710683, 0.8490566037735849, 
0.3270142180094786, 0.004479122624605536, 0.8867924528301887, 
0.3283683141503047, 0.009220728111632239, 0.8490566037735849, 
0.22951929587000675, 0.0405435004976469, 0.8867924528301887, 
0.3026404874746107, 0.04393442707783281, 0.8113207547169812, 
0.30060934326337174, 0.04450253373504, 0.8113207547169812, 
0.2924847664184157, 0.042718844040662486, 0.8301886792452831, 
0.2924847664184157, 0.042718844040662486, 0.8301886792452831, 
0.35748138117806366, 0.042110786055540174, 0.8113207547169812, 
0.2924847664184157, 0.042718844040662486, 0.8301886792452831, 
0.16993906567366276, 0.28102332162164495, 0.8867924528301887, 
0.15301286391333777, 0.3023445083585603, 0.8867924528301887, 
0.30331753554502366, 0.03924937511631847, 0.8301886792452831, 
0.26743398781313477, 0.035952976207854405, 0.8490566037735849, 
0.2742044685172647, 0.025106810213593622, 0.8679245283018868, 
0.49018280297901146, 6.452660400374644E-4, 0.9056603773584906, 
0.2004062288422478, 0.048894191383490895, 0.9245283018867925, 
0.18348002708192282, 0.05610490511508325, 0.8679245283018868, 
0.15978334461746788, 0.17372952322406895, 0.9245283018867925, 
0.18483412322274878, 0.0503129924605545, 0.9245283018867925, 
0.18686526743398774, 0.05443043339262075, 0.8867924528301887, 
0.2058226134055518, 0.05305604829030228, 0.8490566037735849, 
0.19769803656059573, 0.05079103342820443, 0.8679245283018868, 
0.18686526743398774, 0.0503129924605545, 0.9056603773584906, 
0.19363574813811785, 0.04968080060116236, 0.8867924528301887, 
0.19769803656059573, 0.049663480276247514, 0.8867924528301887, 
0.21530128639133383, 0.04786642994969722, 0.8679245283018868, 
0.20176032498307378, 0.04917677914614014, 0.8867924528301887, 
0.19905213270142183, 0.04930103915407737, 0.8679245283018868, 
0.2064996614759648, 0.04801092142946768, 0.8867924528301887, 
0.1509817197020988, 0.1752601736301019, 0.9245283018867925, 
0.20379146919431274, 0.049095373619040324, 0.8867924528301887, 
0.19905213270142183, 0.04930103915407737, 0.8679245283018868, 
0.1645226811103589, 0.08968612929238569, 0.9056603773584906, 
0.22951929587000675, 0.04336380364418223, 0.8301886792452831, 
0.20243737305348675, 0.058439439764391254, 0.8490566037735849, 
0.2213947190250508, 0.043350813400496103, 0.8679245283018868, 
0.2213947190250508, 0.043350813400496103, 0.8679245283018868, 
0.2112389979688558, 0.04530477254744809, 0.8867924528301887, 
0.22274881516587677, 0.045492061217750436, 0.8490566037735849, 
0.22342586323628977, 0.043301606357413, 0.8679245283018868, 
0.21056194989844282, 0.04882579075573676, 0.8490566037735849, 
0.3967501692620176, 0.027403066944839783, 0.8113207547169812, 
0.4766418415707515, 0.45612135302855544, 0.7547169811320755, 
0.3080568720379147, 0.07759038312781212, 0.7735849056603774, 
0.27623561272850367, 0.05659299053885113, 0.8113207547169812, 
0.27217332430602575, 0.05823202887353588, 0.8113207547169812, 
0.2897765741367637, 0.05604620120461607, 0.8113207547169812, 
0.2999322951929588, 0.09346035732760268, 0.7735849056603774, 
0.3141503046716317, 0.0555229235452866, 0.7924528301886793, 
