0.604872311158071, 0.0861371656231412, 0.993517017828201, 
0.623930942365583, 0.08403207500343997, 0.9910858995137763, 
0.5510057614481371, 0.12801710410467643, 0.9918962722852512, 
0.5623492354618131, 0.1271185824774804, 0.9910858995137763, 
0.6185682103626324, 0.08434244816879782, 0.9910858995137763, 
0.684755088614661, 0.09577227692874694, 0.9902755267423015, 
0.5674129303642274, 0.121316573987691, 0.9886547811993517, 
0.5604553338250833, 0.12804935170198928, 0.9910858995137763, 
0.5555909969896934, 0.16217431208039754, 0.9910858995137763, 
0.6006459201371585, 0.10507428296005294, 0.9886547811993517, 
0.5973166404178546, 0.08682928305022568, 0.993517017828201, 
0.5609736647993462, 0.12712772364141603, 0.9910858995137763, 
0.5636251270907678, 0.09513710452898058, 0.9918962722852512, 
0.5477960965690477, 0.16280544621518167, 0.9918962722852512, 
0.5695261258746835, 0.11826170858059906, 0.9894651539708266, 
0.5674528019776321, 0.12125672447809331, 0.9886547811993517, 
0.5766033372540421, 0.1138561261647156, 0.9902755267423015, 
0.5713402842846037, 0.10519343350051336, 0.9910858995137763, 
0.570064392655649, 0.10872221937066585, 0.9910858995137763, 
0.562728015789159, 0.12669763695709096, 0.9910858995137763, 
0.5936085803712048, 0.1136768838585413, 0.9878444084278768, 
0.5701441358824586, 0.10521012619274595, 0.9910858995137763, 
0.5491317956181099, 0.12805211555742005, 0.9918962722852512, 
0.6045134666374277, 0.08612348163356999, 0.9943273905996759, 
0.5169554036004067, 0.10462273588053148, 0.9959481361426256, 
0.5269033711449134, 0.10333371770422611, 0.9951377633711507, 
0.5266242698510796, 0.10333323285174642, 0.9959481361426256, 
0.5180518729690399, 0.10333339446923966, 0.9967585089141004, 
0.5266242698510796, 0.10333323285174642, 0.9959481361426256, 
0.6817447818025958, 0.124451285005829, 0.9870340356564019, 
0.6349155718586155, 0.12682444691043251, 0.9870340356564019, 
0.6720161081318158, 0.1266436284999951, 0.9870340356564019, 
0.7378840134766055, 0.124451285005829, 0.986223662884927, 
0.6359322980004387, 0.09662501275196374, 0.9902755267423015, 
0.6541137537130441, 0.0966227422551965, 0.9902755267423015, 
0.6353142879926637, 0.09662513641879054, 0.9902755267423015, 
0.5913159626004267, 0.09667796701806487, 0.9902755267423015, 
0.5459620023524253, 0.09658239219060169, 0.9943273905996759, 
0.535455832220251, 0.09884624547119272, 0.9943273905996759, 
0.5938677458583362, 0.09661402930564256, 0.9910858995137763, 
0.5408385000299037, 0.12085103789993175, 0.9927066450567261, 
0.5514044775821856, 0.1041731697996246, 0.9918962722852512, 
0.5521620382368774, 0.10018210555309176, 0.993517017828201, 
0.6077630031299218, 0.09077232345037506, 0.9910858995137763, 
0.604633081477642, 0.08857168346941648, 0.9918962722852512, 
0.5676920316580611, 0.09256140810977022, 0.9918962722852512, 
0.5540360040669046, 0.10274322551392097, 0.9927066450567261, 
0.586272203504715, 0.08857317205159095, 0.9918962722852512, 
0.5732341859213334, 0.08977951792035041, 0.9918962722852512, 
0.5554913179561812, 0.09599158398902312, 0.9918962722852512, 
0.5791750563186541, 0.1029899941475348, 0.9902755267423015, 
0.5746097565838003, 0.10192081159268393, 0.9910858995137763, 
0.5143039413089852, 0.10674107327195378, 0.9959481361426256, 
0.5273818305057715, 0.09793880106651669, 0.9951377633711507, 
0.5128286916130063, 0.11342843681090223, 0.9951377633711507, 
0.540280297442236, 0.08432670877113299, 0.9959481361426256, 
0.5334622515500091, 0.0897412093398806, 0.9951377633711507, 
0.5555112537628836, 0.08670112299538281, 0.9951377633711507, 
0.5315484141065769, 0.0874641621829456, 0.9967585089141004, 
0.5228962739977273, 0.10581005616416093, 0.9951377633711507, 
0.5349973086660953, 0.128828141227478, 0.9927066450567261, 
0.5215207033352606, 0.10810715221323003, 0.9951377633711507, 
0.538605689679233, 0.12852987602594684, 0.9927066450567261, 
0.54789577560256, 0.11591360474202342, 0.9927066450567261, 
0.5255278004824466, 0.1058653555197185, 0.993517017828201, 
0.5546340782679773, 0.09651887646341713, 0.9943273905996759, 
0.5585813679950561, 0.09188887163001633, 0.9943273905996759, 
0.5665158190626184, 0.12170624779252506, 0.9902755267423015, 
0.5585614321883535, 0.13788567696987467, 0.9910858995137763, 
0.5610334722194534, 0.15464123879992292, 0.9902755267423015, 
0.5649807619465322, 0.136326021336949, 0.9902755267423015, 
0.5453439923446503, 0.11999150492914791, 0.9927066450567261, 
0.5686090787663725, 0.115650258969413, 0.9910858995137763, 
