0.2701421800947867, 0.02880821161187437, 0.9245283018867925, 
0.3595125253893026, 0.0019883240039157363, 0.9056603773584906, 
0.2755585646580907, 0.02825083023278756, 0.8867924528301887, 
0.34732566012186866, 0.006518688143615515, 0.9811320754716981, 
0.3053486797562626, 0.013318430534959015, 0.9245283018867925, 
0.3222748815165876, 0.010909090734676436, 0.9056603773584906, 
0.5436696005416386, 3.984021136914393E-4, 0.9245283018867925, 
0.3500338524035206, 0.0030118219731149636, 0.8867924528301887, 
0.3446174678402166, 0.006831070862116393, 0.9622641509433962, 
0.4394041976980365, 0.0010284955491035083, 0.9056603773584906, 
0.27217332430602575, 0.030852343034998446, 0.8679245283018868, 
0.2714962762356127, 0.02718058470664314, 0.9245283018867925, 
0.3012863913337847, 0.013318430534959015, 0.9433962264150944, 
0.31347325660121866, 0.033195649762709487, 0.8490566037735849, 
0.41706161137440756, 0.0012788235404325068, 0.8867924528301887, 
0.3182125930941097, 0.010909090734676436, 0.9245283018867925, 
0.2714962762356127, 0.02880821161187437, 0.8867924528301887, 
0.31211916046039273, 0.012203634468468214, 0.8679245283018868, 
0.3669600541638456, 0.0014975925674339577, 0.8867924528301887, 
0.45971563981042657, 0.0012103749487016964, 0.8867924528301887, 
0.3331076506431956, 0.011193859525932277, 0.8679245283018868, 
0.34732566012186866, 0.008047773058742732, 0.9056603773584906, 
0.4150304671631686, 0.0014144430168484827, 0.9245283018867925, 
0.32498307379823965, 0.0077976275969916875, 0.9245283018867925, 
0.2884224779959376, 0.018149809930684765, 0.9056603773584906, 
0.27826675693974273, 0.025788363666660395, 0.9245283018867925, 
0.27352742044685174, 0.02762918112193783, 0.9056603773584906, 
0.4908598510494245, 8.372764973781571E-4, 0.9056603773584906, 
0.4610697359512525, 9.443134406865787E-4, 0.8679245283018868, 
0.41029113067027756, 0.00600670999779396, 0.8679245283018868, 
0.35883547731888965, 0.010902878067362747, 0.8679245283018868, 
0.42721733243060256, 0.0047654209337846185, 0.8679245283018868, 
0.4807041299932296, 4.6213691238004015E-4, 0.9433962264150944, 
0.49289099526066354, 4.8703554561148663E-4, 0.8867924528301887, 
0.42315504400812454, 0.005161956449383329, 0.8679245283018868, 
0.43263371699390657, 0.0010091927131522461, 0.9245283018867925, 
0.4536222071767096, 9.007408325315473E-4, 0.9245283018867925, 
0.3669600541638456, 0.006141187665098247, 0.8679245283018868, 
0.32904536222071773, 0.011200072193245968, 0.8867924528301887, 
0.4719025050778605, 6.972483321049972E-4, 0.9433962264150944, 
0.5504400812457684, 3.7909927774017703E-4, 0.9245283018867925, 
0.29925524712254564, 0.01853830082152686, 0.8679245283018868, 
0.4807041299932296, 4.6213691238004015E-4, 0.9433962264150944, 
0.4807041299932296, 4.6213691238004015E-4, 0.9433962264150944, 
0.4380501015572106, 0.0014945122142644832, 0.8679245283018868, 
0.33039945836154366, 0.00952151553876896, 0.8867924528301887, 
0.46310088016249146, 8.30260433454954E-4, 0.9622641509433962, 
0.36492890995260663, 0.0094518345393038, 0.8679245283018868, 
0.18280297901150983, 0.1873797938640716, 0.8490566037735849, 
0.19769803656059573, 0.08195272945717633, 0.8113207547169812, 
0.20176032498307378, 0.07753085050641438, 0.8113207547169812, 
0.19363574813811785, 0.08422515608600505, 0.8301886792452831, 
0.22884224779959378, 0.15835406028858962, 0.7735849056603774, 
0.2802979011509817, 0.04553961883296859, 0.8113207547169812, 
0.1645226811103589, 0.19302007107096886, 0.8867924528301887, 
0.18754231550440084, 0.10814712683915219, 0.8301886792452831, 
0.28232904536222064, 0.04725685443764585, 0.7924528301886793, 
0.18483412322274878, 0.18125792502291685, 0.8301886792452831, 
0.32904536222071773, 0.04477690366968349, 0.7735849056603774, 
0.21259309410968177, 0.054288398734322854, 0.7924528301886793, 
0.16926201760324977, 0.3591727595383972, 0.8301886792452831, 
0.3188896411645227, 0.12418548524076695, 0.7358490566037735, 
0.3012863913337847, 0.04459578503204887, 0.8113207547169812, 
0.3026404874746107, 0.12457878984960263, 0.7358490566037735, 
0.16655382532159785, 0.19390262822700519, 0.8490566037735849, 
0.3229519295870007, 0.038131176272148244, 0.8301886792452831, 
0.2654028436018957, 0.05337172053820426, 0.7735849056603774, 
0.2166553825321598, 0.3320129778743095, 0.7735849056603774, 
0.1685849695328368, 0.18459237535288614, 0.8679245283018868, 
0.19363574813811785, 0.08422515608600505, 0.8301886792452831, 
0.18280297901150983, 0.1873797938640716, 0.8490566037735849, 
0.2545700744752877, 0.050112076691542204, 0.8113207547169812, 
0.18483412322274878, 0.18125792502291685, 0.8301886792452831, 
0.22681110358835482, 0.052344623938420785, 0.7924528301886793, 
0.2532159783344617, 0.05343894471619686, 0.7547169811320755, 
0.22884224779959378, 0.15835406028858962, 0.7735849056603774, 
0.33175355450236965, 0.043491190636932915, 0.7924528301886793, 
0.33039945836154366, 0.04461008362643243, 0.7924528301886793, 
0.27217332430602575, 0.04906889350691089, 0.7547169811320755, 
0.19566689234935677, 0.10563194919497841, 0.7924528301886793, 
0.22884224779959378, 0.15835406028858962, 0.7735849056603774, 
0.4251861882193636, 0.03541296311765912, 0.8113207547169812, 
0.24238320920785372, 0.051626905646931814, 0.7924528301886793, 
0.2572782667569397, 0.04895974215163019, 0.7924528301886793, 
0.24509140148950576, 0.3305716856891776, 0.7547169811320755, 
0.15030467163168584, 0.20325629915868776, 0.9245283018867925, 
0.15436696005416387, 0.20325629915868776, 0.9056603773584906, 
0.15436696005416387, 0.20325629915868776, 0.9056603773584906, 
0.15436696005416387, 0.20325629915868776, 0.9056603773584906, 
0.15436696005416387, 0.20325629915868776, 0.9056603773584906, 
0.1624915368991198, 0.19662348073254485, 0.9056603773584906, 
0.38862559241706157, 0.022317080105198363, 0.8490566037735849, 
0.21936357481381175, 0.048454910638335014, 0.8679245283018868, 
0.28503723764387273, 0.026364946624414364, 0.8867924528301887, 
0.20717670954637776, 0.04806923629879061, 0.8867924528301887, 
0.21936357481381175, 0.048454910638335014, 0.8679245283018868, 
0.3771157752200406, 0.03534212032409201, 0.8301886792452831, 
0.21056194989844282, 0.0478875194437801, 0.8867924528301887, 
0.2051455653351388, 0.04845562610098727, 0.9245283018867925, 
0.3039945836154367, 0.04174437324963378, 0.8301886792452831, 
0.41841570751523366, 0.02119682147469598, 0.8490566037735849, 
0.22410291130670276, 0.04713866853442301, 0.9245283018867925, 
0.47596479350033855, 0.02143249913581238, 0.8301886792452831, 
0.2830060934326338, 0.03694640342833608, 0.8490566037735849, 
0.3127962085308057, 0.041577498580742604, 0.8301886792452831, 
0.49830737982396756, 0.02064213806929782, 0.8490566037735849, 
0.38456330399458366, 0.022584545891864274, 0.8490566037735849, 
0.5301286391333784, 0.020626050152117287, 0.8490566037735849, 
0.23425863236289776, 0.04251053116057886, 0.8301886792452831, 
0.1943127962085308, 0.04863662749334555, 0.8301886792452831, 
0.2322274881516588, 0.0428872482274769, 0.8301886792452831, 
0.25660121868652674, 0.04222734384822102, 0.8301886792452831, 
0.2830060934326338, 0.02374246024106424, 0.9056603773584906, 
0.3114421123899797, 0.04602482508580252, 0.7924528301886793, 
0.2559241706161138, 0.04189219556111861, 0.8490566037735849, 
0.2383209207853758, 0.04222734384822102, 0.8490566037735849, 
0.2322274881516588, 0.0428872482274769, 0.8301886792452831, 
0.2322274881516588, 0.0428872482274769, 0.8301886792452831, 
0.2322274881516588, 0.042447311974639655, 0.8490566037735849, 
0.3466486120514557, 0.0415581797567991, 0.8113207547169812, 
0.40555179417738657, 0.021893719403304628, 0.8301886792452831, 
0.40555179417738657, 0.021773143295243522, 0.8490566037735849, 
0.25930941096817867, 0.04185943350037584, 0.8867924528301887, 
0.4962762356127285, 0.02070159341539976, 0.8490566037735849, 
0.3229519295870007, 0.02368407475810898, 0.8490566037735849, 
0.34800270819228163, 0.023107752937561413, 0.8490566037735849, 
0.28503723764387273, 0.041763692073577253, 0.8301886792452831, 
0.2532159783344617, 0.04207940162679447, 0.8679245283018868, 
0.4394041976980365, 0.02079419053705992, 0.8490566037735849, 
0.40758293838862564, 0.021854981830466202, 0.8301886792452831, 
0.3669600541638456, 0.03598685742805322, 0.8301886792452831, 
0.43331076506431954, 0.04339087930902222, 0.7924528301886793, 
0.18280297901150983, 0.07400979099581245, 0.9056603773584906, 
0.1794177386594448, 0.12473398262550514, 0.8867924528301887, 
