0.17748064743138642, 0.43183656885987814, 0.43485617597292725, 
0.013933849401829694, 0.8166802051109555, 0.14890016920473773, 
0.009289232934553084, 0.8708960321753709, 0.077834179357022, 
0.16420361247947457, 0.4424838448282729, 0.5397631133671743, 
0.2604269293924466, 0.32509589720344334, 0.739424703891709, 
0.0805066854327938, 0.6274184896563201, 0.22842639593908629, 
0.0, 1.0, 0.0, 
0.4244428806005162, 0.8694581482825019, 0.0727580372250423, 
0.1062631949331457, 0.5159740550610951, 0.42978003384094754, 
0.24541402768003756, 0.46776148445918236, 0.36548223350253806, 
0.33103448275862074, 0.3348652121004216, 0.6598984771573604, 
0.15871452029087504, 0.6521791837773879, 0.17428087986463622, 
0.07731644381890683, 0.8063309491178093, 0.09644670050761421, 
0.3542575650950035, 0.2841644288118777, 0.8071065989847716, 
0.03598404879193051, 0.717641490676629, 0.23181049069373943, 
0.8186722965048089, 0.17977813012053123, 0.9780033840947546, 
0.4198920947689421, 0.8573263862575148, 0.07614213197969544, 
0.07694112127609667, 0.7093683403046399, 0.15397631133671744, 
0.15514895613417778, 0.4502225932287683, 0.5126903553299492, 
0.3340370631011025, 0.8825004678518837, 0.06598984771573604, 
0.23847056063804828, 0.3616436167079153, 0.700507614213198, 
0.01684259910860898, 0.836155025365937, 0.1116751269035533, 
0.20609899132066625, 0.4002427020217206, 0.5363790186125211, 
0.32845414027680037, 0.30373596753396315, 0.7715736040609137, 
0.17518179685667373, 0.6172626305680139, 0.18612521150592218, 
0.10992258972554543, 0.6179566463200354, 0.23011844331641285, 
0.15003518648838843, 0.5216872059927611, 0.3062605752961083, 
0.12010321369927279, 0.5485016053804002, 0.26903553299492383, 
0.3268121041520058, 0.33486914781182925, 0.6565143824027073, 
0.09209476894205958, 0.7166739638941295, 0.14382402707275804, 
0.9012901712409103, 0.06325178166265562, 1.0, 
0.04555477363359141, 0.7550626434123343, 0.1319796954314721, 
0.0022988505747126866, 0.9681167050715406, 0.01692047377326565, 
0.1386816795683791, 0.6016086142943712, 0.25042301184433163, 
0.396950504339667, 0.28410638157358137, 0.8240270727580372, 
0.02228477597935726, 0.807201663011772, 0.14890016920473773, 
0.0806005160684964, 0.7050954954415757, 0.16412859560067683, 
0.03631245601688956, 0.9175798431756892, 0.03722504230118443, 
0.26047384471029783, 0.36085568793574785, 0.6802030456852792, 
0.19183673469387752, 0.6025429042004969, 0.18612521150592218, 
0.22458362655406994, 0.44524433322046475, 0.39086294416243655, 
0.23143326296035652, 0.36073905352814384, 0.7021996615905245, 
0.1439361951677223, 0.5122684999525717, 0.35194585448392557, 
0.035655641566971596, 0.8664507602773425, 0.07445008460236886, 
0.06544686840253339, 0.7686724795471782, 0.10829103214890017, 
0.26460239268121033, 0.3189346688959375, 0.7445008460236887, 
0.037344593009617684, 0.7322412653190266, 0.2233502538071066, 
0.034904996481351154, 0.772520989037759, 0.12521150592216582, 
0.2130893736805068, 0.7444819661388509, 0.13367174280879865, 
0.18658221909453443, 0.42895386927757123, 0.5465313028764806, 
0.005770584095707201, 0.9546531917701301, 0.0338409475465313, 
0.11710063335679104, 0.6643312188819713, 0.21489001692047377, 
0.10344827586206903, 0.5854802033966878, 0.3096446700507614, 
0.02786769880365939, 0.805032928169488, 0.10490693739424704, 
0.015998123387285935, 0.8166810190636046, 0.14382402707275804, 
0.7944639924935492, 0.17525171197751024, 0.9966159052453468, 
0.017640159512080655, 0.794396955643517, 0.15397631133671744, 
0.3425287356321839, 0.77979051152325, 0.10152284263959391, 
0.050762373915083245, 0.8976480050320529, 0.043993231810490696, 
0.06572836030964106, 0.7098724422387964, 0.16412859560067683, 
0.0, 1.0, 0.0, 
0.2312925170068028, 0.5869880747829979, 0.19796954314720813, 
0.15247478301665496, 0.4836158440629066, 0.32148900169204736, 
0.029556650246305476, 0.7147322926500613, 0.233502538071066, 
0.1775744780670889, 0.6874445338829526, 0.16243654822335024, 
0.08341543513957309, 0.565702607717426, 0.32148900169204736, 
0.0752521698334506, 0.6261165585302745, 0.23181049069373943, 
0.235561810931269, 0.5604450519694989, 0.22673434856175972, 
0.1876612714051138, 0.40635446067967396, 0.5025380710659898, 
0.22472437250762364, 0.8077970704716559, 0.09137055837563451, 
0.009429978888106925, 0.9012805886638757, 0.07614213197969544, 
0.12319962467745715, 0.49050725818067603, 0.3925549915397631, 
0.15665024630541868, 0.5379131337506091, 0.23011844331641285, 
0.1795918367346939, 0.44497896982874063, 0.3993231810490694, 
0.16608022519352572, 0.4617826271599108, 0.3688663282571912, 
0.05526624442880602, 0.7477294340027432, 0.1844331641285956, 
0.13075299085151307, 0.4646990560729105, 0.38071065989847713, 
0.01651419188365006, 0.8624192228181343, 0.09644670050761421, 
0.36082570959418264, 0.2917629149050601, 0.805414551607445, 
0.04156697161623277, 0.6913620280049653, 0.2233502538071066, 
0.018719211822660144, 0.9482077320088246, 0.023688663282571912, 
0.13741496598639452, 0.6238673922531425, 0.17766497461928935, 
0.33478770818672304, 0.533004317714061, 0.25549915397631134, 
0.06896551724137927, 0.7518378225291511, 0.11844331641285956, 
0.06038001407459538, 0.639676746213289, 0.24873096446700507, 
0.23401360544217686, 0.7165039638889577, 0.12859560067681894, 
0.23363828289936672, 0.586983832135439, 0.20135363790186125, 
0.33549143795449216, 0.32051079520888676, 0.6954314720812182, 
0.35153647665962945, 0.2925936494344039, 0.7563451776649747, 
0.2078817733990148, 0.39872041141868536, 0.48392554991539766, 
0.17485338963171482, 0.5679673053893738, 0.22504230118443316, 
0.035327234342012674, 0.8962383967676981, 0.05752961082910321, 
0.04564860426929388, 0.6833525151737893, 0.21996615905245348, 
0.04940182969739621, 0.8839401512044853, 0.050761421319796954, 
0.10068027210884359, 0.5813633877573832, 0.3164128595600677, 
0.007787942763312206, 0.953885763021468, 0.02707275803722504, 
0.14548440065681442, 0.535893723611895, 0.3079526226734349, 
0.4273985456251468, 0.29439322865667145, 0.7461928934010152, 
0.05840957072484161, 0.6746636718496783, 0.19627749576988154, 
0.2240675580577058, 0.4905496038660953, 0.30456852791878175, 
0.12512315270935956, 0.4786714723058766, 0.38071065989847713, 
0.05770584095707254, 0.6998068945914122, 0.21658206429780033, 
0.16561107201501296, 0.46071978187428675, 0.4179357021996616, 
0.047102979122683526, 0.7347535448320424, 0.2131979695431472, 
0.06497771522402063, 0.6694063909213166, 0.22673434856175972, 
0.13103448275862073, 0.6261627328053206, 0.1793570219966159, 
0.06948158573774339, 0.5739449929267795, 0.31810490693739424, 
0.0640394088669951, 0.7878559327477828, 0.10152284263959391, 
0.11480178278207835, 0.49525858678077017, 0.3739424703891709, 
0.16359371334740797, 0.4981975940527051, 0.2707275803722504, 
0.22312925170068032, 0.4011527339313069, 0.4703891708967851, 
0.8783954961294864, 0.23369099404819776, 0.8697123519458545, 
0.38343889279849885, 0.24903864428984085, 0.9086294416243654, 
0.9541168191414499, 0.22790721342435824, 0.8663282571912013, 
0.07163969035890223, 0.645041076842888, 0.24027072758037224, 
0.05259207131128318, 0.6285407846709907, 0.3011844331641286, 
0.48214872155758853, 0.27026959022568786, 0.7597292724196277, 
0.0, 1.0, 0.0, 
0.18761435608726254, 0.39482021929283934, 0.5651438240270727, 
0.15167722261318328, 0.6663930688615619, 0.17258883248730963, 
0.5939479239971852, 0.19652050661179415, 0.8917089678510999, 
0.7253577292986162, 0.23358822017500888, 0.8764805414551607, 
0.25296739385409345, 0.32902435458474494, 0.7597292724196277, 
0.2612714051137697, 0.3259973702755844, 0.7208121827411168, 
0.8058644147314098, 0.23355807633200013, 0.8815566835871405, 
0.001172882946281961, 0.9999981428235041, 0.00338409475465313, 
0.04259910860896089, 0.7243068092153531, 0.22165820642978004, 
0.15904292751583396, 0.4819114828713796, 0.3570219966159052, 
0.1220267417311752, 0.6818207159334855, 0.17766497461928935, 
0.5939479239971852, 0.19652050661179415, 0.8917089678510999, 
0.11907107670654468, 0.5532110607347099, 0.3197969543147208, 
0.5305653295801078, 0.23953089105852238, 0.8341793570219966, 
0.2353272343420128, 0.4902178919962575, 0.2876480541455161, 
0.9341308937368052, 0.2283704722372658, 0.8697123519458545, 
0.8928454140276801, 0.22787656356226127, 0.8849407783417935, 
0.03664086324184848, 0.7488179250139962, 0.2131979695431472, 
0.11137696457893508, 0.5444039255743758, 0.32825719120135366, 
0.3957307060755338, 0.24002749892312586, 0.9086294416243654, 
0.12892329345531311, 0.65663126552205, 0.1793570219966159, 
0.2548440065681445, 0.3425970213235179, 0.6988155668358714, 
0.12854797091250297, 0.5193428633766057, 0.3587140439932318, 
0.14632887637813746, 0.5516239486210172, 0.2571912013536379, 
0.02547501759324423, 0.9197341101941581, 0.05922165820642978, 
0.23504574243490514, 0.36526684550301525, 0.6632825719120136, 
0.10372976776917671, 0.618141962678534, 0.2859560067681895, 
0.9447806708890454, 0.2278972908621456, 0.8730964467005076, 
0.04747830166549381, 0.7321952695802815, 0.2182741116751269, 
0.2528266479005395, 0.3290280994584675, 0.7563451776649747, 
0.02383298146844951, 0.770723102884877, 0.20304568527918782, 
0.3788881069669247, 0.3151939156049925, 0.727580372250423, 
0.014074595355383534, 0.9400692332497145, 0.050761421319796954, 
0.11344123856439131, 0.6744999742756785, 0.19627749576988154, 
0.07694112127609667, 0.6096984174601976, 0.2927241962774958, 
0.09373680506685429, 0.6878469392126783, 0.15905245346869712, 
1.0, 0.0, 1.0, 
1.0, 0.0, 1.0, 
0.8653999530846821, 0.11388715623232012, 1.0, 
0.8360309641097818, 0.16152696037060096, 1.0, 
0.9087497067792635, 0.17081459563101764, 0.9983079526226735, 
0.9599812338728596, 0.060923428983711836, 1.0, 
0.2517475955899603, 0.34614532903880774, 0.7461928934010152, 
0.7376964578935024, 0.3093083814578864, 0.688663282571912, 
0.05160684963640629, 0.5909650841971086, 0.4077834179357022, 
0.0798029556650246, 0.566822470183305, 0.3299492385786802, 
0.23119868637110005, 0.44745468956237416, 0.38071065989847713, 
0.0, 1.0, 0.0, 
0.1756509500351865, 0.43797728404456704, 0.43824027072758037, 
0.06905934787708187, 0.7117000697467054, 0.14890016920473773, 
0.037579169598873995, 0.7017166259904253, 0.34517766497461927, 
0.1941355852685902, 0.3922626453529474, 0.5820642978003384, 
0.29176636171710063, 0.8068564292612923, 0.08967851099830795, 
0.061083743842364584, 0.8082835007696836, 0.08121827411167512, 
0.16392212057236688, 0.4789638843129437, 0.32148900169204736, 
0.11991555242786772, 0.4879914435159093, 0.5803722504230119, 
0.028477597935725987, 0.8361490159736773, 0.08460236886632826, 
0.4613183204316209, 0.32681167514311343, 0.5871404399323181, 
0.09688013136289002, 0.5310598926223532, 0.4450084602368866, 
0.07328172648369696, 0.6300585481652766, 0.233502538071066, 
0.353178512784424, 0.25793680191108526, 0.8324873096446701, 
0.29917898193760256, 0.382453366052493, 0.47377326565143824, 
0.21782782078348586, 0.7005160778167687, 0.15736040609137056, 
0.2453201970443351, 0.3462258874771327, 0.7123519458544839, 
0.15618109312690592, 0.5495092622693415, 0.2521150592216582, 
0.05704902650715458, 0.5944426344188205, 0.4010152284263959, 
0.26849636406286664, 0.3451782781536294, 0.4754653130287648, 
0.3132535772929861, 0.4190612835426211, 0.4179357021996616, 
0.030354210649777152, 0.8986367201171093, 0.05414551607445008, 
0.7376964578935024, 0.3093096115962743, 0.6852791878172588, 
0.3464227070138399, 0.30197016777883934, 0.7918781725888325, 
0.17400891391039178, 0.44788963391429076, 0.4027072758037225, 
0.45137227304714983, 0.28158835159581286, 0.8257191201353637, 
0.05001172882946281, 0.8330515073652809, 0.08121827411167512, 
0.24311517710532488, 0.3938561900929995, 0.4500846023688663, 
0.05925404644616466, 0.6281945987933989, 0.3096446700507614, 
0.03607787942763312, 0.7249831601136304, 0.22842639593908629, 
0.23119868637110005, 0.44744813179436926, 0.3824027072758037, 
0.2861365235749473, 0.3078519169563608, 0.7715736040609137, 
0.028196106028618304, 0.9059505442080562, 0.047377326565143825, 
0.16260849167253108, 0.42736429994582514, 0.6023688663282571, 
0.13417780905465634, 0.5197887832227011, 0.33671742808798644, 
0.11123621862538123, 0.7438991637407929, 0.1353637901861252, 
0.028477597935725987, 0.8361490159736773, 0.08460236886632826, 
