0.02979011509817194, 0.2325411447948959, 0.1509433962264151, 
0.25795531482735273, 0.022466645107836178, 0.7358490566037735, 
0.01489505754908597, 0.44861769797701284, 0.0, 
0.28503723764387273, 0.02094675728523875, 0.8679245283018868, 
0.2911306702775897, 0.022169915966060293, 0.8301886792452831, 
0.02979011509817194, 0.2325411447948959, 0.1509433962264151, 
0.01489505754908597, 0.44861769797701284, 0.0, 
0.02166553825321594, 0.23258111477546864, 0.1509433962264151, 
0.01489505754908597, 0.44861769797701284, 0.0, 
1.0, 0.0, 1.0, 
0.03182125930941095, 0.2059385526539883, 0.1509433962264151, 
0.01489505754908597, 0.26669955814132434, 0.11320754716981132, 
0.4725795531482735, 0.0013764741999697542, 0.9245283018867925, 
0.01489505754908597, 0.44861769797701284, 0.0, 
0.01489505754908597, 0.26669955814132434, 0.11320754716981132, 
0.01489505754908597, 0.44861769797701284, 0.0, 
0.03182125930941095, 0.16896505357582192, 0.2641509433962264, 
0.04807041299932295, 0.1689971241559008, 0.22641509433962265, 
0.014218009478672983, 0.9997975840243836, 0.07547169811320754, 
0.5890318212593094, 1.3118414090509538E-4, 0.9622641509433962, 
0.9634394041976981, 5.078852198106619E-6, 0.9811320754716981, 
0.0020311442112389546, 0.9999586963544089, 0.07547169811320754, 
0.00406228842247797, 0.9996100915071802, 0.18867924528301888, 
0.0, 1.0, 0.03773584905660377, 
0.0020311442112389546, 0.9996534762564266, 0.1509433962264151, 
0.0, 1.0, 0.03773584905660377, 
0.11645226811103587, 0.0463346803691985, 0.5283018867924528, 
0.41029113067027756, 0.0030091013497706566, 0.9056603773584906, 
0.5558564658090726, 5.771758457991206E-4, 0.9433962264150944, 
0.01489505754908597, 0.26669955814132434, 0.11320754716981132, 
0.01489505754908597, 0.44861769797701284, 0.0, 
0.04874746106973594, 0.12831493182266457, 0.22641509433962265, 
0.16046039268788084, 0.041498827000313966, 0.4528301886792453, 
0.12863913337846983, 0.04658128848766887, 0.41509433962264153, 
0.16046039268788084, 0.04132441399308677, 0.4716981132075472, 
0.04874746106973594, 0.12831493182266457, 0.22641509433962265, 
0.16655382532159785, 0.046980404731679866, 0.3584905660377358, 
0.01489505754908597, 0.44861769797701284, 0.0, 
0.12457684495599188, 0.046429068145988336, 0.4339622641509434, 
0.09952606635071089, 0.08916016831502711, 0.22641509433962265, 
0.06296547054840892, 0.128411687154637, 0.18867924528301888, 
0.01489505754908597, 0.3058400936682106, 0.07547169811320754, 
0.12389979688557888, 0.046703939037721666, 0.49056603773584906, 
0.06567366283006092, 0.18510824657481548, 0.16981132075471697, 
0.06567366283006092, 0.07804786886678618, 0.24528301886792453, 
0.08463100880162491, 0.053064346058269166, 0.37735849056603776, 
0.11645226811103587, 0.04703192470430545, 0.32075471698113206, 
0.02166553825321594, 0.23055675650173388, 0.16981132075471697, 
0.01489505754908597, 0.44861769797701284, 0.0, 
0.01489505754908597, 0.1748638739373886, 0.22641509433962265, 
0.023019634394041966, 0.30579492759016336, 0.09433962264150944, 
0.08666215301286387, 0.05295436199505986, 0.39622641509433965, 
0.06296547054840892, 0.128411687154637, 0.18867924528301888, 
0.01489505754908597, 0.44861769797701284, 0.0, 
0.03182125930941095, 0.24505670499175375, 0.11320754716981132, 
0.04874746106973594, 0.13478573060022322, 0.18867924528301888, 
0.06499661475964794, 0.12821903184827638, 0.22641509433962265, 
0.12389979688557888, 0.12821903184827638, 0.20754716981132076, 
0.01489505754908597, 0.26656619163948, 0.1320754716981132, 
0.11577522004062289, 0.047011336167312436, 0.33962264150943394, 
0.08463100880162491, 0.053064346058269166, 0.37735849056603776, 
0.01489505754908597, 0.17479050104405122, 0.2830188679245283, 
0.01489505754908597, 0.1747997887352036, 0.24528301886792453, 
0.03182125930941095, 0.12446910289658229, 0.2830188679245283, 
0.07921462423832092, 0.1282226291465279, 0.20754716981132076, 
0.03182125930941095, 0.17475793217154784, 0.18867924528301888, 
0.03182125930941095, 0.20580158885389235, 0.16981132075471697, 
0.06567366283006092, 0.18529730458292457, 0.1509433962264151, 
0.06499661475964794, 0.12826393145978646, 0.20754716981132076, 
0.0907244414353419, 0.05293029740208969, 0.41509433962264153, 
0.02166553825321594, 0.23055675650173388, 0.16981132075471697, 
0.01489505754908597, 0.1749056878663984, 0.18867924528301888, 
0.04874746106973594, 0.2013735372057973, 0.1509433962264151, 
0.016926201760324982, 0.17464248287966155, 0.2641509433962264, 
0.023019634394041966, 0.30579492759016336, 0.09433962264150944, 
0.11645226811103587, 0.04680411047070038, 0.41509433962264153, 
0.09952606635071089, 0.0471967435838625, 0.32075471698113206, 
0.01489505754908597, 0.26656619163948, 0.1320754716981132, 
0.06567366283006092, 0.18529730458292457, 0.1509433962264151, 
0.0907244414353419, 0.05293029740208969, 0.41509433962264153, 
0.01489505754908597, 0.1748638739373886, 0.22641509433962265, 
0.02166553825321594, 0.23055675650173388, 0.16981132075471697, 
0.01489505754908597, 0.44861769797701284, 0.0, 
0.18144888287068386, 0.04310787319390962, 0.3584905660377358, 
0.29451591062965476, 0.012209575339913993, 0.9433962264150944, 
0.03182125930941095, 0.11811599439448738, 0.32075471698113206, 
0.06567366283006092, 0.06537305494399967, 0.3018867924528302, 
0.840893703452945, 3.1323141442151948E-6, 1.0, 
0.04874746106973594, 0.07914071608461179, 0.2830188679245283, 
0.1685849695328368, 0.04243096958191615, 0.37735849056603776, 
0.056872037914691934, 0.07889274765446928, 0.4528301886792453, 
0.0961408259986459, 0.18527478816053522, 0.1509433962264151, 
0.07176709546377791, 0.058281159973655905, 0.4528301886792453, 
0.13202437373053488, 0.046848916818922434, 0.37735849056603776, 
0.0825998645903859, 0.10467393537728417, 0.22641509433962265, 
0.13270142180094788, 0.03543072977402371, 0.49056603773584906, 
0.3527420446851727, 0.0042524968317561645, 0.7735849056603774, 
0.01489505754908597, 0.44861769797701284, 0.0, 
0.3466486120514557, 0.008024431922420947, 0.7547169811320755, 
0.06567366283006092, 0.06549209753713946, 0.2641509433962264, 
0.18415707515233581, 0.042939619560688674, 0.3584905660377358, 
0.1733243060257278, 0.03534987450032312, 0.4716981132075472, 
0.05890318212593095, 0.07889274765446928, 0.4339622641509434, 
0.04807041299932295, 0.11804563657001786, 0.33962264150943394, 
0.09952606635071089, 0.04703745921428208, 0.33962264150943394, 
0.0961408259986459, 0.18527478816053522, 0.1509433962264151, 
0.3188896411645227, 0.0058800144857071865, 0.7735849056603774, 
0.0636425186188219, 0.0614123562907494, 0.32075471698113206, 
0.01489505754908597, 0.3684882271626483, 0.03773584905660377, 
0.04807041299932295, 0.11823057500546254, 0.3018867924528302, 
0.03114421123899797, 0.2151084496089935, 0.16981132075471697, 
0.1523358158429248, 0.0428833951213497, 0.37735849056603776, 
0.03994583615436695, 0.11804752315310088, 0.33962264150943394, 
0.052809749492213905, 0.11512736833343142, 0.24528301886792453, 
0.09952606635071089, 0.046925160889197605, 0.37735849056603776, 
0.023019634394041966, 0.17072282007313266, 0.22641509433962265, 
0.0690589031821259, 0.05873412910482525, 0.32075471698113206, 
0.44278943805010157, 7.24686391435497E-4, 0.9622641509433962, 
0.04874746106973594, 0.12524790064771713, 0.24528301886792453, 
0.12051455653351384, 0.04677361204319069, 0.4716981132075472, 
0.06567366283006092, 0.10474361637674931, 0.22641509433962265, 
0.0690589031821259, 0.05873412910482525, 0.32075471698113206, 
0.04807041299932295, 0.11823057500546254, 0.3018867924528302, 
0.13337846987136084, 0.046797288927349315, 0.37735849056603776, 
0.023019634394041966, 0.17084252217095186, 0.20754716981132076, 
0.052809749492213905, 0.07909890215560196, 0.32075471698113206, 
0.03182125930941095, 0.11791742219866934, 0.3584905660377358, 
0.04874746106973594, 0.07895824512930114, 0.39622641509433965, 
0.09749492213947188, 0.09643289813614345, 0.22641509433962265, 
0.018957345971563937, 0.1716910262358729, 0.22641509433962265, 
0.09952606635071089, 0.04688519090862486, 0.41509433962264153, 
0.052809749492213905, 0.11512736833343142, 0.24528301886792453, 
0.14556533513879483, 0.04291359910333583, 0.4339622641509434, 
0.08056872037914689, 0.06145725590225945, 0.3018867924528302, 
0.09952606635071089, 0.04703745921428208, 0.33962264150943394, 
0.08666215301286387, 0.05876677125562631, 0.2830188679245283, 
0.014218009478672983, 0.9995065759191603, 0.09433962264150944, 
0.7224102911306701, 1.2758817498623163E-4, 1.0188679245283019, 
0.014218009478672983, 0.9995065759191603, 0.09433962264150944, 
0.014218009478672983, 0.9995065759191603, 0.09433962264150944, 
0.8930264048747459, 0.0018268213004135343, 0.9056603773584906, 
0.7603249830737983, 7.544999999440432E-6, 0.9811320754716981, 
0.0060934326337169845, 0.9998286153849675, 0.07547169811320754, 
