0.5127489483861967, 0.18210197918589444, 0.9943273905996759, 
0.5537569027730708, 0.08506917835724546, 0.9918962722852512, 
0.5508861466079227, 0.08506924706103815, 0.9918962722852512, 
0.5445266242698512, 0.08526372917706986, 0.9927066450567261, 
0.5879268754610156, 0.08506895850510893, 0.993517017828201, 
0.5301130360240027, 0.09582361454880406, 0.9927066450567261, 
0.5466398197803076, 0.08507049747006469, 0.9927066450567261, 
0.5951436374872909, 0.08506895850510893, 0.9918962722852512, 
0.5270628575985328, 0.11309174823467852, 0.9918962722852512, 
0.5169155319870019, 0.13344684304377344, 0.9943273905996759, 
0.5298738063435737, 0.09700563176334441, 0.9927066450567261, 
0.529315603755906, 0.11062963949489811, 0.9927066450567261, 
0.5318673870138155, 0.08651142161640585, 0.9927066450567261, 
0.5368114670760153, 0.12876189433478155, 0.9910858995137763, 
0.519826159765555, 0.12921053195917756, 0.9918962722852512, 
0.5205039771934373, 0.11607053951560803, 0.9943273905996759, 
0.5494308327186461, 0.08517390497483088, 0.9918962722852512, 
0.5466398197803076, 0.08507049747006469, 0.9927066450567261, 
0.5946053707063257, 0.08506895850510893, 0.9927066450567261, 
0.5445066884631488, 0.085799701073567, 0.9918962722852512, 
0.5556906760232054, 0.08506912339421134, 0.9918962722852512, 
0.5540160682602022, 0.08506978295062095, 0.9910858995137763, 
0.5174338629612647, 0.10116682384844675, 0.9951377633711507, 
0.5224975578636791, 0.12887468923787632, 0.993517017828201, 
0.5300532286038956, 0.11012501602664822, 0.9918962722852512, 
0.5424333645660974, 0.08580629925495047, 0.9918962722852512, 
0.5485536572237396, 0.08756226729911736, 0.9910858995137763, 
0.5447459181435778, 0.1202325076264066, 0.9910858995137763, 
0.5368513386894201, 0.08558528561863728, 0.9927066450567261, 
0.5215805107553678, 0.10730271010489424, 0.9943273905996759, 
0.5149020155100577, 0.11699942274903276, 0.9959481361426256, 
0.5390243416199838, 0.08558396650581804, 0.9927066450567261, 
0.5471382149478681, 0.0942249505251197, 0.9910858995137763, 
0.5462012320328543, 0.1046651279265359, 0.9910858995137763, 
0.5646219174258889, 0.10507502613879306, 0.9902755267423015, 
0.532605011861805, 0.09779745828497394, 0.9918962722852512, 
0.5598971312374157, 0.11963298197353985, 0.9886547811993517, 
0.5860728454376908, 0.08754820129028604, 0.9902755267423015, 
0.5413169593907619, 0.08704357782203617, 0.9918962722852512, 
0.532605011861805, 0.09779745828497394, 0.9918962722852512, 
0.5750483443312536, 0.0888474476946507, 0.9894651539708266, 
0.5750084727178485, 0.09527624941730693, 0.9902755267423015, 
0.5701441358824586, 0.09804185018612746, 0.9902755267423015, 
0.5567672095851359, 0.10969495384013266, 0.9894651539708266, 
0.5369908893363371, 0.08708562977772365, 0.9918962722852512, 
0.5636849345108751, 0.10571591644769188, 0.9902755267423015, 
