0.5398076471968098, 0.150782397810649, 0.9898477157360406, 
0.5091719446399249, 0.15114461870836193, 0.9915397631133672, 
0.5281726483696927, 0.15090446411041017, 0.988155668358714, 
0.5458128078817733, 0.1508608257822741, 0.988155668358714, 
0.48599577762139334, 0.16884136315854203, 0.9932318104906938, 
0.5043396669012433, 0.15808812493124497, 0.9847715736040609, 
0.5475017593244195, 0.15148909981362998, 0.9847715736040609, 
0.5236218625381188, 0.1554812541596207, 0.9847715736040609, 
0.5466103682852451, 0.1514968962312506, 0.9847715736040609, 
0.5284072249589491, 0.15189717435248068, 0.9847715736040609, 
0.5655641566971618, 0.1448313686354945, 0.988155668358714, 
0.5108608960825709, 0.1511302410503661, 0.9864636209813875, 
0.5359136758151538, 0.1508637648156117, 0.9898477157360406, 
0.5154585972319963, 0.15093015904157467, 0.988155668358714, 
0.5331456720619282, 0.15088545847231719, 0.988155668358714, 
0.5431386347642505, 0.15089152438444883, 0.9864636209813875, 
0.4917194463992494, 0.16885230806549598, 0.9915397631133672, 
0.5089373680506687, 0.15149960253570394, 0.9864636209813875, 
0.5064508562045508, 0.15148384845259302, 0.988155668358714, 
0.5382125263898665, 0.15082434719202545, 0.9898477157360406, 
0.5373680506685434, 0.15190611114163383, 0.9830795262267343, 
0.5528031902416138, 0.14515185293252508, 0.988155668358714, 
0.5399953084682151, 0.1451055532498573, 0.9898477157360406, 
0.5314567206192822, 0.15191661386370778, 0.9830795262267343, 
0.535116115411682, 0.15149960253570394, 0.9847715736040609, 
0.5550551254984754, 0.14495220479686777, 0.9864636209813875, 
0.48543279380717824, 0.28101760096328204, 0.9898477157360406, 
0.5697865353037767, 0.14482205948012664, 0.988155668358714, 
0.5157870044569552, 0.14453686685603526, 0.9915397631133672, 
0.5286418015482056, 0.15087573705435445, 0.9898477157360406, 
0.62054890921886, 0.14473234914466548, 0.988155668358714, 
0.49528501055594654, 0.15152060797985187, 0.9864636209813875, 
0.5182266009852217, 0.15091124483268617, 0.9864636209813875, 
0.6889983579638753, 0.1760430664523591, 0.9763113367174281, 
0.730752990851513, 0.1754903719240737, 0.9763113367174281, 
0.6568144499178983, 0.2660338322396816, 0.9746192893401016, 
0.6298381421534132, 0.18252714438028653, 0.9763113367174281, 
0.6581280788177339, 0.189044167010097, 0.9746192893401016, 
0.6162796152943938, 0.34706428058210376, 0.9746192893401016, 
0.6172179216514193, 0.2483656330510517, 0.9763113367174281, 
0.6700445695519588, 0.189044167010097, 0.9729272419627749, 
0.6242083040112598, 0.302986923635719, 0.9746192893401016, 
0.8688247712878255, 0.17532837599718107, 0.9746192893401016, 
0.6237860661505982, 0.21405573316020976, 0.9763113367174281, 
0.6042692939244665, 0.30131373508185694, 0.9763113367174281, 
0.7862538118695754, 0.15746887732290965, 0.9796954314720813, 
0.5875205254515601, 0.14304696233906708, 0.9932318104906938, 
0.5718977246070842, 0.14953440014064867, 0.9847715736040609, 
0.5513488153882242, 0.14954128226622418, 0.9830795262267343, 
0.5934787708186724, 0.14875808473928454, 0.9847715736040609, 
0.590898428336852, 0.14953272449268246, 0.9813874788494078, 
0.5779028852920479, 0.16559220395410726, 0.9780033840947546, 
0.5971850809289234, 0.3112546713728963, 0.9763113367174281, 
0.5289232934553133, 0.22141113632763146, 0.9796954314720813, 
0.5282664790053955, 0.24392840971576632, 0.9796954314720813, 
0.5273750879662211, 0.16888988799531862, 0.9830795262267343, 
0.5090781140042224, 0.1735209176387981, 0.9813874788494078, 
0.504621158808351, 0.24392878208198104, 0.9796954314720813, 
0.5067792634295097, 0.21466943470624672, 0.9830795262267343, 
0.5080928923293456, 0.1771415662020059, 0.9830795262267343, 
0.5453905700211119, 0.17397301510688948, 0.9796954314720813, 
0.5492376260849168, 0.17351682161043627, 0.9796954314720813, 
0.5413089373680507, 0.18910383483935497, 0.9780033840947546, 
0.48716866056767527, 0.22137420890310613, 0.9830795262267343, 
0.5892563922120574, 0.16284398223594362, 0.9796954314720813, 
0.5667370396434437, 0.17397540224030164, 0.9780033840947546, 
0.5324419422941591, 0.1625141740218845, 0.9813874788494078, 
0.5350222847759795, 0.21607162703145952, 0.9796954314720813, 
0.4904996481351162, 0.19092616869606407, 0.9847715736040609, 
0.5058409570724842, 0.22134392090117713, 0.9830795262267343, 
0.6116819141449684, 0.16214682145227502, 0.9796954314720813, 
0.5090781140042224, 0.1735209176387981, 0.9813874788494078, 
0.5090781140042224, 0.1735209176387981, 0.9813874788494078, 
0.6957541637344594, 0.13582308490313963, 0.9847715736040609, 
