0.06172446706967857, 0.30014867240795673, 0.13114754098360656, 
0.21603563474387522, 0.24100241558282273, 0.16393442622950818, 
0.9455933821189944, 0.02887618535659032, 0.9672131147540983, 
0.2841234489341395, 0.13979168034178155, 0.32786885245901637, 
0.8657333757556471, 0.0041812355160741384, 1.0, 
0.027362392618517316, 0.29114014767362134, 0.1721311475409836, 
0.007954183900731783, 0.480774368311806, 0.0, 
0.48425071587655094, 0.041059818189028895, 0.9508196721311475, 
0.31530384982500775, 0.17442979361272604, 0.2459016393442623, 
0.0, 0.34906941601694125, 0.09836065573770492, 
0.01845370664969768, 0.2899203231457915, 0.2459016393442623, 
0.04104358892777597, 0.2711658498419737, 0.27049180327868855, 
0.09990454979319122, 0.16807822645260098, 0.6967213114754098, 
0.2920776328348713, 0.1243523848410763, 0.4098360655737705, 
0.10117721921730827, 0.25468344196920606, 0.18032786885245902, 
0.055679287305122484, 0.3060400658100604, 0.13114754098360656, 
0.0, 0.4291419393176969, 0.03278688524590164, 
0.30162265351574935, 0.22386393955019993, 0.18032786885245902, 
0.489977728285078, 0.041059818189028895, 0.9426229508196722, 
0.1603563474387527, 0.29011109158172804, 0.13114754098360656, 
0.059815462933503094, 0.30352011845035404, 0.13114754098360656, 
0.303531657651925, 0.17442994279023952, 0.22950819672131148, 
0.5259306395163855, 0.04098444802013033, 0.9508196721311475, 
0.604199809099586, 0.07491929395802699, 0.9180327868852459, 
0.007954183900731783, 0.40358731460537023, 0.04918032786885246, 
0.01145402481705375, 0.30874393115289855, 0.13934426229508196, 
0.03499840916321989, 0.3459792396069491, 0.09836065573770492, 
0.06172446706967857, 0.30014867240795673, 0.13114754098360656, 
0.5937002863506202, 0.03146283269840802, 0.9754098360655737, 
0.7228762328985044, 0.012592137755202116, 1.0, 
0.7021953547566016, 0.030344644908530637, 0.9918032786885246, 
0.5517021953547566, 0.0304452818096196, 1.0, 
0.5933821189945913, 0.030443525788207536, 1.0, 
0.35348393254852045, 0.06362132892418046, 0.9262295081967213, 
0.0, 1.0, 0.0, 
0.0, 1.0, 0.0, 
0.0, 1.0, 0.0, 
0.007954183900731783, 0.480774368311806, 0.0, 
0.0, 0.36760827465559726, 0.08196721311475409, 
0.17626471524021628, 0.2752475659368313, 0.13114754098360656, 
0.23512567610563154, 0.11582298005253724, 0.5737704918032787, 
0.0, 0.45587082802048845, 0.01639344262295082, 
0.2713967546929685, 0.24969108776790905, 0.1557377049180328, 
0.20903595291123128, 0.13056114947741163, 0.47540983606557374, 
0.042952593063951675, 0.2240168551252516, 0.3360655737704918, 
0.027362392618517316, 0.27056827394060573, 0.2786885245901639, 
0.1307667833280305, 0.2985644000067774, 0.12295081967213115, 
0.007954183900731783, 0.480774368311806, 0.0, 
0.054406617881005426, 0.32416742387673014, 0.11475409836065574, 
0.23289850461342662, 0.3160070713853457, 0.09836065573770492, 
0.10913140311804005, 0.17785012521639343, 0.5409836065573771, 
0.0, 0.45587082802048845, 0.01639344262295082, 
0.18549156856506513, 0.3696627487872537, 0.06557377049180328, 
1.0, 0.0, 0.9918032786885246, 
0.8440979955456569, 0.06344314584466478, 0.9180327868852459, 
0.9980909958638243, 5.663339595060124E-9, 1.0, 
0.9907731466751509, 1.3110875721866028E-4, 1.0, 
0.8313713013044859, 0.010761421270063057, 1.0, 
0.9793191218580972, 0.001148600180941305, 0.9836065573770492, 
0.8880050906776962, 0.01073818870648632, 0.9836065573770492, 
0.7833280305440662, 0.016192596508414366, 0.9918032786885246, 
0.0, 1.0, 0.0, 
0.06267896913776641, 0.19348918009078328, 0.4098360655737705, 
0.3216671969455933, 0.14356980771159192, 0.319672131147541, 
0.007954183900731783, 0.29908380238614596, 0.1721311475409836, 
0.007954183900731783, 0.480774368311806, 0.0, 
0.24180719058224626, 0.14565683549152927, 0.4098360655737705, 
0.19440025453388476, 0.16599226775672496, 0.3360655737704918, 
0.041998090995863824, 0.2471270422995765, 0.29508196721311475, 
0.2936684696150176, 0.22005831949831275, 0.1885245901639344, 
0.03149856824689792, 0.25293325250980603, 0.3442622950819672, 
0.11740375437480105, 0.16849943527578015, 0.5327868852459017, 
0.3678014635698377, 0.14357218000732205, 0.29508196721311475, 
0.051224944320712666, 0.38492272442173125, 0.06557377049180328, 
0.041998090995863824, 0.2471270422995765, 0.29508196721311475, 
0.10022271714922042, 0.37835842716698365, 0.06557377049180328, 
0.15431116767419664, 0.25088260229078835, 0.19672131147540983, 
0.1310849506840597, 0.168490462357749, 0.4918032786885246, 
0.1266306076996499, 0.17351623322305423, 0.45081967213114754, 
0.2503977091950367, 0.22979481260748785, 0.18032786885245902, 
0.041998090995863824, 0.24268727288533654, 0.36885245901639346, 
0.11454024817053772, 0.16850372963174234, 0.5327868852459017, 
0.24180719058224626, 0.14565683549152927, 0.4098360655737705, 
0.3254852052179447, 0.1635386586976693, 0.2786885245901639, 
0.2968501431753101, 0.14357024533328813, 0.3114754098360656, 
0.041998090995863824, 0.24712576804816705, 0.3114754098360656, 
0.007954183900731783, 0.29908405685029105, 0.1557377049180328, 
0.12376710149538657, 0.29924616402550974, 0.13114754098360656, 
0.08335984727966901, 0.23179177771363862, 0.23770491803278687, 
0.04104358892777597, 0.24712215728303674, 0.32786885245901637, 
0.06522430798600053, 0.3224897385502555, 0.09836065573770492, 
0.26789691377664654, 0.228140893614347, 0.18032786885245902, 
0.2503977091950367, 0.14565576717974155, 0.4180327868852459, 
0.1492204899777282, 0.15111739329412358, 0.36885245901639346, 
0.1266306076996499, 0.17352114617015518, 0.4426229508196721, 
0.2825326121539928, 0.12557785069870675, 0.39344262295081966, 
0.0, 1.0, 0.0, 
0.19980909958638243, 0.1370989038178755, 0.5819672131147541, 
0.8460069996818326, 0.009710282916092649, 0.9918032786885246, 
0.20203627107858735, 0.14170224734100223, 0.45081967213114754, 
0.21921730830416797, 0.12377580203861101, 0.5163934426229508, 
0.11358574610244987, 0.42024411897157116, 0.03278688524590164, 
0.02608972319440026, 0.2422380534419319, 0.3770491803278688, 
0.31148584155265685, 0.25975758187346765, 0.14754098360655737, 
0.008908685968819633, 0.2944454323947304, 0.22950819672131148, 
0.10276805599745453, 0.18841734683899736, 0.5081967213114754, 
0.05186127903277131, 0.31267635363580176, 0.13114754098360656, 
0.17976455615653825, 0.34219634100224, 0.08196721311475409, 
0.070314985682469, 0.2576633478800291, 0.22131147540983606, 
0.007954183900731783, 0.480774368311806, 0.0, 
0.5319758192809416, 0.11504718310153589, 0.3524590163934426, 
0.08590518612790335, 0.29379787005610186, 0.13934426229508196, 
0.0372255806554248, 0.25004965799574197, 0.36885245901639346, 
0.5179764556156538, 0.1332489409753491, 0.3770491803278688, 
0.14953865733375762, 0.30431651528429277, 0.11475409836065574, 
0.26821508113267595, 0.27006273721854396, 0.13114754098360656, 
0.0, 0.45587082802048845, 0.01639344262295082, 
0.0687241489023225, 0.4255314374039818, 0.03278688524590164, 
0.11326757874642067, 0.18174319791478624, 0.4098360655737705, 
0.17499204581609923, 0.250878839130338, 0.20491803278688525, 
0.20489977728285066, 0.14066646049870934, 0.5327868852459017, 
0.05154311167674187, 0.2659424569988329, 0.21311475409836064, 
0.36175628380528163, 0.11504348931699558, 0.4016393442622951, 
0.04995227489659561, 0.42840442023547476, 0.03278688524590164, 
0.010817690104995333, 0.29444417011356144, 0.2786885245901639, 
0.047088768692332056, 0.330879215603412, 0.11475409836065574, 
0.0353165765192491, 0.2500499201826229, 0.3360655737704918, 
0.5338848234171173, 0.1150431930213648, 0.4098360655737705, 
0.05186127903277131, 0.31267635363580176, 0.13114754098360656, 
0.053452115812917575, 0.261938549784132, 0.21311475409836064, 
0.07667833280305428, 0.19177423282142586, 0.45081967213114754, 
0.007954183900731783, 0.31267635363580176, 0.13934426229508196, 
0.05377028316894678, 0.34939570392194497, 0.09016393442622951, 
0.2974864778873685, 0.07941986846141848, 0.5, 
0.7111040407254212, 0.027410906928244445, 0.9836065573770492, 
0.4202990773146672, 0.11176126944738383, 0.4180327868852459, 
0.2628062360801783, 0.11978922966285718, 0.45901639344262296, 
0.2860324530703148, 0.07948802392180641, 0.45081967213114754, 
0.25580655424753435, 0.07942656149912479, 0.4918032786885246, 
0.3299395482023545, 0.11982162280694536, 0.4180327868852459, 
0.5160674514794781, 0.0905379442059833, 0.4426229508196721, 
0.41139039134584804, 0.07946961806811405, 0.45901639344262296, 
0.2936684696150176, 0.07947262993508189, 0.4672131147540984, 
0.4158447343302574, 0.07946455568607506, 0.45901639344262296, 
0.2920776328348713, 0.11248329620671207, 0.4262295081967213, 
0.526566974228444, 0.09056100004762212, 0.4262295081967213, 
0.2717149220489979, 0.07947564141591296, 0.45901639344262296, 
0.2672605790645881, 0.11972940574729096, 0.45081967213114754, 
0.42316258351893077, 0.09255569672883952, 0.4180327868852459, 
0.3133948456888321, 0.07944493826384558, 0.48360655737704916, 
0.7171492204899778, 0.025718956550309133, 0.9754098360655737, 
0.44447979637289203, 0.079435262448143, 0.48360655737704916, 
0.24212535793827547, 0.11981459511735375, 0.4262295081967213, 
0.415208399618199, 0.09359403374721073, 0.4262295081967213, 
0.3133948456888321, 0.07944493826384558, 0.48360655737704916, 
0.4692968501431752, 0.07848915600421386, 0.639344262295082, 
0.3254852052179447, 0.07942153477038282, 0.4918032786885246, 
0.22335348393254856, 0.11919851824393063, 0.5, 
0.36175628380528163, 0.09855157449901515, 0.4262295081967213, 
0.35857461024498866, 0.11249032389630371, 0.4180327868852459, 
0.32007636016544705, 0.07943749920985954, 0.47540983606557374, 
0.22303531657651915, 0.11924394723736224, 0.4918032786885246, 
0.25548838689150494, 0.11919048659868306, 0.5, 
0.2974864778873685, 0.07941986846141848, 0.5, 
0.14476614699331836, 0.15705414811572047, 0.5901639344262295, 
0.06586064269805918, 0.3471385964004703, 0.08196721311475409, 
0.28157811008590494, 0.1989762639463549, 0.21311475409836064, 
0.007954183900731783, 0.3629090937829783, 0.08196721311475409, 
0.21794463888005092, 0.12540618676662932, 0.6229508196721312, 
0.11072223989818632, 0.21930415920753193, 0.26229508196721313, 
0.007954183900731783, 0.480774368311806, 0.0, 
0.11358574610244987, 0.1821187437456386, 0.3360655737704918, 
0.06745147947820544, 0.2862140011300275, 0.14754098360655737, 
0.13808463251670386, 0.15705574993984076, 0.5409836065573771, 
0.2783964365256124, 0.14133977597317238, 0.4098360655737705, 
0.1654470251352212, 0.2222056306965973, 0.21311475409836064, 
0.12344893413935736, 0.18212208164077012, 0.28688524590163933, 
0.026407890550429466, 0.272802548035233, 0.22950819672131148, 
0.10404072542157182, 0.2532564333007668, 0.18032786885245902, 
0.0687241489023225, 0.32203174955419617, 0.09836065573770492, 
0.06649697741011781, 0.277696913461552, 0.16393442622950818, 
0.14699331848552327, 0.21085830721262422, 0.2540983606557377, 
0.15908367801463566, 0.2107392676756495, 0.2459016393442623, 
0.1530384982500796, 0.14032073047757923, 0.5737704918032787, 
0.25930639516385634, 0.16862225895330424, 0.26229508196721313, 
0.03945275214762971, 0.2809003636139595, 0.1721311475409836, 
0.2803054406617881, 0.11809629322027056, 0.4344262295081967, 
0.05917912822144445, 0.2752011925815218, 0.20491803278688525, 
0.12503977091950363, 0.15707354247959715, 0.5491803278688525, 
0.16512885777919176, 0.2032323762772213, 0.22950819672131148, 
0.007954183900731783, 0.4504349776952993, 0.01639344262295082, 
0.04517976455615658, 0.20032369355487642, 0.2786885245901639, 
0.07508749602290801, 0.24234962509337352, 0.21311475409836064, 
0.09195036589245943, 0.18957836981277065, 0.3442622950819672, 
0.20999045497931912, 0.15546183969307661, 0.3360655737704918, 
0.27298759147311474, 0.3005294752337906, 0.11475409836065574, 
0.3719376391982181, 0.22943336952193177, 0.16393442622950818, 
0.021317212853961234, 0.27805958858089513, 0.21311475409836064, 
0.06586064269805918, 0.4256799692967604, 0.03278688524590164, 
0.3000318167356031, 0.1952094651864238, 0.19672131147540983, 
0.2573973910276806, 0.15586302449198566, 0.28688524590163933, 
0.020362710785873383, 0.23826913356699167, 0.38524590163934425, 
0.17912822144447985, 0.16739161281320136, 0.27049180327868855, 
0.45561565383391633, 0.049408297425852114, 0.9344262295081968, 
0.186446070633153, 0.20231739052794256, 0.19672131147540983, 
0.3095768374164811, 0.1373035408715009, 0.3770491803278688, 
0.007954183900731783, 0.480774368311806, 0.0, 
9.545020680878501E-4, 0.3166403080490375, 0.12295081967213115, 
0.5125676105631561, 0.16986241487028966, 0.2459016393442623, 
0.32898504613426666, 0.2564626611925346, 0.14754098360655737, 
0.0143175310213173, 0.25342963006719127, 0.28688524590163933, 
0.12376710149538657, 0.17639702361174384, 0.4098360655737705, 
0.04136175628380518, 0.2759333706196543, 0.21311475409836064, 
0.2564428889595928, 0.3035200909059296, 0.11475409836065574, 
0.2367165128857778, 0.2372550625429615, 0.1885245901639344, 
0.09481387209672276, 0.18958140497665818, 0.3114754098360656, 
0.03372573973910283, 0.23826579683027055, 0.4344262295081967, 
0.20871778555520207, 0.15585598985193178, 0.32786885245901637, 
0.049315940184536965, 0.25729138810155244, 0.23770491803278687, 
0.2405345211581292, 0.2372560842609098, 0.16393442622950818, 
0.2796691059497297, 0.1549242834786278, 0.32786885245901637, 
0.43716194718421864, 0.18342111994311364, 0.22131147540983606, 
0.44829780464524344, 0.04940755733033652, 0.9426229508196722, 
0.22780782691695817, 0.18102399600350685, 0.22950819672131148, 
0.03277123767101498, 0.23826389909665627, 0.4426229508196721, 
0.019408208717785532, 0.347906050608683, 0.11475409836065574, 
0.020362710785873383, 0.27805828549793865, 0.22950819672131148, 
0.1721285396118357, 0.17569995789297999, 0.29508196721311475, 
0.10690423162583515, 0.31791885445803275, 0.09836065573770492, 
0.1326757874642062, 0.20784496687550058, 0.26229508196721313, 
0.0687241489023225, 0.26102410385408675, 0.14754098360655737, 
0.11422208081450852, 0.22363562188560832, 0.22131147540983606, 
0.023226216990136706, 0.2780579217570817, 0.2540983606557377, 
0.28666878778237365, 0.1805703855412301, 0.2540983606557377, 
0.2672605790645881, 0.22855471242291253, 0.1885245901639344, 
0.09576837416481061, 0.1895795359458787, 0.3360655737704918, 
0.0, 0.45587082802048845, 0.01639344262295082, 
0.3216671969455933, 0.2162098750743598, 0.1885245901639344, 
0.0, 1.0, 0.0, 
