0.7267997049500611, 0.13895262095886388, 0.993517017828201, 
0.6057096150395728, 0.13565055941044402, 0.9943273905996759, 
0.6016227746655769, 0.15745292405755387, 0.9813614262560778, 
0.7050497398377226, 0.12723660119820365, 0.9991896272285251, 
0.7050497398377226, 0.12723660119820365, 0.9991896272285251, 
0.6752855804310123, 0.16565038156969522, 0.979740680713128, 
0.733378521161859, 0.12311155207150763, 0.9983792544570502, 
0.59422659037898, 0.16818944426295016, 0.9716369529983793, 
0.7395984928530135, 0.13271953754939564, 0.9959481361426256, 
0.861127170510955, 0.0, 1.0, 
0.7326608321205719, 0.11433846445200971, 0.9991896272285251, 
0.44552540818564235, 0.1709119012223237, 0.9181523500810372, 
0.0367815633659617, 0.77202449664376, 0.24716369529983792, 
0.10360638743246753, 0.5468574923642353, 0.4327390599675851, 
0.024361555790355115, 0.83149964113346, 0.17423014586709887, 
0.2893682342856004, 0.6721320758035578, 0.2406807131280389, 
0.44648232690735845, 0.3597964921109969, 0.6580226904376013, 
0.289248619445386, 0.34125770384346027, 0.6936790923824959, 
1.0, 0.1638411632965748, 0.9635332252836305, 
0.40657084188911724, 0.28338426634039743, 0.7965964343598055, 
0.06985506668527336, 0.765422562305804, 0.17098865478119935, 
0.34343414206255857, 0.23331562171805295, 0.8549432739059968, 
0.11600645920137172, 0.7049275172638337, 0.1952998379254457, 
0.19255995693865763, 0.4346774242211991, 0.6166936790923825, 
0.6451625765036584, 0.40686377645281696, 0.5680713128038898, 
0.25224776220569767, 0.5887178122095023, 0.29902755267423015, 
0.0, 1.0, 0.0, 
0.16927493471023303, 0.48655649653897076, 0.4878444084278768, 
0.4356771196746477, 0.46829283228201213, 0.44327390599675853, 
0.31161659456549906, 0.2755463422399874, 0.8047001620745543, 
0.07497856900779494, 0.6842639451999841, 0.260129659643436, 
0.689340324156217, 0.17063167823872324, 0.9708265802269044, 
0.12647275772014127, 0.5072678613950774, 0.5551053484602917, 
0.15338609676840587, 0.5310618603964559, 0.34764991896272285, 
0.24247921692151278, 0.49589667586316394, 0.39222042139384117, 
0.08187635812683172, 0.6312082792628433, 0.3581847649918963, 
0.2597236897191045, 0.4225896768977087, 0.5210696920583469, 
0.3167799685014254, 0.6600753096505553, 0.23905996758508913, 
0.014553138892765207, 0.9038642644875254, 0.09157212317666126, 
0.8645361934570683, 0.35205140418709646, 0.6717990275526742, 
0.13683937720539863, 0.6085607872991589, 0.2747163695299838, 
0.06237913917186653, 0.8406364028179523, 0.10048622366288493, 
0.11359422659037904, 0.6922459509684464, 0.23581847649918963, 
0.13067921293435134, 0.6187996600754622, 0.3038897893030794, 
0.2975219792268895, 0.5886340475770852, 0.3079416531604538, 
0.03885488726301312, 0.7683276603545183, 0.24149108589951376, 
0.4350790454735752, 0.4218671809305464, 0.5405186385737439, 
0.9885767827595148, 0.34106536101958146, 0.6807131280388979, 
0.31161659456549906, 0.2755463422399874, 0.8047001620745543, 
0.22509519347700402, 0.4844522287420634, 0.43111831442463533, 
0.1526484719204164, 0.5591026156050913, 0.34764991896272285, 
0.028249038097326533, 0.8704494406173122, 0.11183144246353323, 
0.183329678435438, 0.4815449375635956, 0.5372771474878444, 
0.05847172105819271, 0.8458018758770746, 0.1272285251215559, 
0.2550985825641436, 0.3693930352797474, 0.5988654781199352, 
0.16750064791371783, 0.46646897614894955, 0.580226904376013, 
0.10835110942764306, 0.699395995239358, 0.20826580226904376, 
0.8833157233707465, 0.16612971442593708, 0.9611021069692058, 
0.021012340264348728, 0.9504247892096876, 0.03079416531604538, 
0.09780506768206366, 0.7290832379908883, 0.17990275526742303, 
0.0854648033332669, 0.6462909764758412, 0.3492706645056726, 
0.5312892486194455, 0.2865129882460888, 0.7682333873581848, 
0.12101034668367867, 0.5141697696567773, 0.5453808752025932, 
0.35104962022288244, 0.2656879959539575, 0.8241491085899514, 
0.30896513227407757, 0.6639144368598515, 0.23905996758508913, 
0.2140108849504596, 0.4475622215960458, 0.5170178282009724, 
0.034130101074539995, 0.8390354055349502, 0.1393841166936791, 
0.1232232212276469, 0.5237367176918964, 0.4821717990275527, 
0.4597994457845737, 0.2127848561269147, 0.906807131280389, 
0.4478379617631228, 0.46221696746476765, 0.44327390599675853, 
0.13992942724427357, 0.5980728215025284, 0.293354943273906, 
0.3014293973405635, 0.6260161340304178, 0.2633711507293355, 
0.07938438228902944, 0.7508289982506273, 0.20583468395461912, 
0.689340324156217, 0.17063167823872324, 0.9708265802269044, 
0.11293634496919916, 0.6007358193992296, 0.3119935170178282, 
0.3752716253663205, 0.21819526283949697, 0.8614262560777958, 
0.12996152389306448, 0.5210040489410281, 0.4181523500810373, 
0.00964893044397048, 0.9699388374195909, 0.014586709886547812, 
0.049440800621997086, 0.7588446073974173, 0.22690437601296595, 
0.13317118877215361, 0.5763006767093649, 0.31523500810372773, 
0.3102609597097347, 0.3599670129090876, 0.6620745542949756, 
0.5491716672315147, 0.25442975537422197, 0.8144246353322528, 
0.23085664161400288, 0.39000737875985103, 0.5753646677471637, 
0.9809014971790835, 0.305034519612761, 0.7641815235008104, 
0.8655529195988917, 0.1486600989769424, 0.9805510534846029, 
0.0720480054225394, 0.7314477027020075, 0.2706645056726094, 
0.03267478718526343, 0.842883977434995, 0.1393841166936791, 
0.2122565339606468, 0.42856143709570405, 0.520259319286872, 
0.03600406690456719, 0.8546458411295862, 0.12560777957860617, 
0.23934929526923301, 0.48877421298500456, 0.40032414910858993, 
0.31103845617112896, 0.658530360031734, 0.24149108589951376, 
0.16405175335419944, 0.5032093908237295, 0.4165316045380875, 
0.029544865532983897, 0.8997041441030702, 0.09238249594813615, 
0.14575068280137962, 0.46925852711223986, 0.5769854132901134, 
0.51557983293794, 0.1883474027125764, 0.9027552674230146, 
0.1051414445485537, 0.6249683563319259, 0.2852512155591572, 
0.15145232351827126, 0.49420728527508456, 0.5640194489465153, 
0.19806223958852504, 0.44588439575380573, 0.6029173419773096, 
0.4433125336416739, 0.4729543502495525, 0.42949756888168555, 
0.22946113514483374, 0.44734646135270806, 0.513776337115073, 
0.15153206674508085, 0.5128070314210614, 0.40923824959481364, 
0.658160722473635, 0.14367004892127103, 0.9910858995137763, 
0.6839775921532667, 0.12845971092323846, 0.9991896272285251, 
0.7163533422379939, 0.12638328959794498, 0.9991896272285251, 
0.8120452144096013, 0.09221362066485364, 1.0, 
0.7003847610693569, 0.11234163546286646, 1.0, 
0.845019038695401, 0.12406946015782518, 0.9918962722852512, 
0.6465580829728277, 0.13167531855032674, 0.9975688816855753, 
0.5777596140427822, 0.13327511784856758, 0.9975688816855753, 
0.5777596140427822, 0.13327511784856758, 0.9975688816855753, 
