0.33186402047003677, 0.062103562873014675, 0.991889699918897, 
0.32906874233986283, 0.060413758048634615, 0.9935117599351176, 
0.33442277506611906, 0.06472723308713739, 0.9910786699107867, 
0.342099038854366, 0.06404222116664533, 0.9902676399026764, 
0.3346808007396736, 0.06404222116664533, 0.9910786699107867, 
0.3553228546240351, 0.07305497238233857, 0.9886455798864558, 
0.3898767927408777, 0.08042272928829491, 0.9870235198702352, 
0.3353473670630228, 0.06005120513429271, 0.9935117599351176, 
0.342271055970069, 0.05921025819122666, 0.9927007299270073, 
0.35345216849076483, 0.060499351470908166, 0.9902676399026764, 
0.3240157395660868, 0.06261063253854265, 0.991889699918897, 
0.3346377964607478, 0.06455356117492181, 0.9910786699107867, 
0.31229707355881914, 0.06595363160299947, 0.9927007299270073, 
0.327821618251016, 0.0596037792954918, 0.9943227899432279, 
0.3392607564452663, 0.06045506056933272, 0.9927007299270073, 
0.3315844926570194, 0.07198235818875666, 0.9894566098945661, 
0.3398843184896897, 0.06472600949638235, 0.9902676399026764, 
0.3409809276022965, 0.06037456944341376, 0.9927007299270073, 
0.33846517728513986, 0.0606962967180629, 0.9927007299270073, 
0.3533661599329133, 0.06112626739045818, 0.9894566098945661, 
0.33812114305373386, 0.05397064543795137, 0.9935117599351176, 
0.34506633410024296, 0.057744234789707874, 0.9927007299270073, 
0.31403874685531213, 0.06796689302894457, 0.991889699918897, 
0.34996882189777884, 0.06567107046619819, 0.9894566098945661, 
0.3310039348915217, 0.061139758827676235, 0.9927007299270073, 
0.361429462231492, 0.06576335189676973, 0.9886455798864558, 
0.3533661599329133, 0.06112626739045818, 0.9894566098945661, 
0.3410454340206851, 0.06673228445039794, 0.9894566098945661, 
0.3503343582686477, 0.06483009158421953, 0.9894566098945661, 
0.35837615842776355, 0.06698077888221725, 0.9886455798864558, 
0.3459694239576838, 0.06117131821788509, 0.9902676399026764, 
0.31539338164147335, 0.06337853761144939, 0.991889699918897, 
0.33033736856817253, 0.06595363160299947, 0.9910786699107867, 
0.3364869804545553, 0.06521470151160151, 0.9902676399026764, 
0.33203603758573974, 0.06569820268258425, 0.9902676399026764, 
0.36181650074182387, 0.07306739617880241, 0.9878345498783455, 
0.3413894682520911, 0.060869883166153736, 0.991889699918897, 
0.3286386995506053, 0.0683059538818631, 0.9902676399026764, 
0.36231104994947, 0.06727733080461494, 0.9878345498783455, 
0.3466144881415701, 0.059230401953267946, 0.9910786699107867, 
0.35078590319736813, 0.05867349679093754, 0.991889699918897, 
0.31767260842453826, 0.06599881811573784, 0.9910786699107867, 
0.33812114305373386, 0.05397064543795137, 0.9935117599351176, 
0.3315844926570194, 0.07198235818875666, 0.9894566098945661, 
0.3110499494699723, 0.06971453702135572, 0.991889699918897, 
0.35250607435439824, 0.07404157222080573, 0.9886455798864558, 
0.3468725138151246, 0.05704772728363256, 0.9927007299270073, 
0.352721095749027, 0.07355299738835555, 0.9886455798864558, 
0.3509149160341454, 0.058544371071329836, 0.991889699918897, 
0.32171501064355906, 0.07198235818875666, 0.9902676399026764, 
0.33979830993183824, 0.061428404437461594, 0.9910786699107867, 
0.3533661599329133, 0.06112626739045818, 0.9894566098945661, 
0.309179263336702, 0.06845915779700744, 0.9935117599351176, 
0.31261960565076224, 0.06587374291105262, 0.9935117599351176, 
0.3139097340185349, 0.06533714825391411, 0.9943227899432279, 
0.3104693917044746, 0.06781220957120769, 0.9959448499594485, 
0.3100178467757542, 0.06629949456322791, 0.9967558799675588, 
0.30782462855054077, 0.07489606765059581, 0.9983779399837794, 
0.30782462855054077, 0.07489606765059581, 0.9983779399837794, 
0.4085406497946546, 0.07471907717522712, 0.9870235198702352, 
0.34153998322833123, 0.06033378301148957, 0.9910786699107867, 
