0.13675213675213677, 0.49703448932269945, 0.9166666666666666, 
0.14102564102564102, 0.3591213851263737, 0.9333333333333333, 
0.11490978157644825, 0.6336495267346327, 0.8833333333333333, 
0.12535612535612534, 0.6016037217572895, 0.8666666666666667, 
0.12725546058879392, 0.8538619607756381, 0.8333333333333334, 
0.11490978157644825, 1.0322258842598917, 0.8333333333333334, 
0.1495726495726496, 1.1315862439687674, 0.8, 
0.12440645773979109, 0.5958718137049817, 0.8833333333333333, 
0.12108262108262108, 0.6256482335247116, 0.85, 
0.11965811965811965, 0.8676070780849157, 0.85, 
0.12867996201329535, 1.0322258842598917, 0.8166666666666667, 
0.1291547958214625, 0.8645027420678368, 0.8166666666666667, 
0.1381766381766382, 0.7449321696319257, 0.8333333333333334, 
0.14102564102564102, 0.6313212577635023, 0.8333333333333334, 
0.2388414055080722, 0.6697204322161451, 0.7833333333333333, 
0.18091168091168092, 0.2644377234120328, 0.9166666666666666, 
0.1999050332383666, 0.2502549140930111, 0.8833333333333333, 
0.17188983855650525, 0.24769206405602007, 0.9333333333333333, 
0.16381766381766383, 0.41807647333702613, 0.8166666666666667, 
0.14434947768281103, 0.4393007303623352, 0.8166666666666667, 
0.14767331433998104, 0.325520913614497, 0.8333333333333334, 
0.1519468186134853, 0.46768214963354254, 0.8, 
0.157644824311491, 0.2956721066353348, 0.85, 
0.1737891737891738, 0.42618602846965675, 0.8, 
0.17094017094017094, 0.34510750782008104, 0.8166666666666667, 
0.15954415954415957, 0.2956721066353348, 0.8333333333333334, 
0.16999050332383667, 0.2885670132189299, 0.85, 
0.1714150047483381, 0.32984886260245583, 0.8166666666666667, 
0.1590693257359924, 0.32250504576759215, 0.8333333333333334, 
0.1623931623931624, 0.4212345242713123, 0.8166666666666667, 
0.16381766381766383, 0.2903943379032511, 0.85, 
0.1415004748338082, 0.5036669158876627, 0.8333333333333334, 
0.14197530864197533, 0.38853041987505477, 0.8666666666666667, 
0.21272554605887942, 1.5170907114485612, 0.75, 
0.1875593542260209, 0.7658109065150203, 0.7666666666666667, 
0.1704653371320038, 1.8444450049986119, 0.7666666666666667, 
0.16666666666666666, 1.0716304791391869, 0.7833333333333333, 
0.36277302943969614, 0.12548290798163012, 1.0, 
0.2991452991452992, 0.13545521033995964, 1.0, 
0.3228869895536563, 0.1320328130943962, 1.0, 
0.3703703703703704, 0.12285640319008359, 1.0, 
0.38936372269705605, 0.12363375906844529, 0.9833333333333333, 
0.3195631528964863, 0.14963427978387353, 0.95, 
0.3793922127255461, 0.2327945496805755, 0.8666666666666667, 
0.45109211775878444, 0.1249988903605144, 0.9666666666666667, 
0.355650522317189, 0.12907733948215225, 0.95, 
0.12820512820512822, 0.8422771753129406, 0.8333333333333334, 
0.1267806267806268, 1.1904657704222539, 0.8166666666666667, 
0.22127255460588796, 0.27016241852504574, 0.85, 
0.21272554605887942, 0.24823576592341476, 0.8833333333333333, 
0.21272554605887942, 0.26458529246223556, 0.8666666666666667, 
0.1495726495726496, 0.2809795663579991, 0.8666666666666667, 
0.19325735992402662, 0.28154831679639997, 0.85, 
0.1647673314339981, 0.2802520543773861, 0.8833333333333333, 
0.17426400759734093, 0.2685984995304512, 0.9, 
0.2331433998100665, 0.26017735898693495, 0.85, 
0.21415004748338082, 0.24166610323586518, 0.8833333333333333, 
0.26970560303893637, 0.17594395747858774, 0.9, 
0.2924976258309592, 0.1733174526870412, 0.9, 
0.2801519468186135, 0.17161570097973736, 0.9333333333333333, 
0.2402659069325736, 0.18142749621932314, 0.9166666666666666, 
0.21320037986704657, 0.21816604402419076, 0.9166666666666666, 
0.2540360873694207, 0.17219146990201645, 0.9333333333333333, 
0.25213675213675213, 0.2173901216892501, 0.8833333333333333, 
0.2526115859449193, 0.17303691683176645, 0.9166666666666666, 
0.2811016144349478, 0.1682761417417007, 0.9333333333333333, 
0.22934472934472935, 0.25044002208308064, 0.8666666666666667, 
0.2502374169040836, 0.17808793698128644, 0.9166666666666666, 
0.22934472934472935, 0.25044002208308064, 0.8666666666666667, 
0.24074074074074076, 0.18265177847861414, 0.9, 
0.25308641975308643, 0.2155392905105996, 0.8833333333333333, 
0.19610636277302945, 0.23861434705902615, 0.9, 
0.22127255460588796, 0.1879162292757613, 0.9166666666666666, 
0.23979107312440645, 0.17808793698128644, 0.9333333333333333, 
0.2502374169040836, 0.17808793698128644, 0.9166666666666666, 
0.22127255460588796, 0.22930469901650188, 0.8833333333333333, 
0.30341880341880345, 0.16905207764329838, 0.9, 
0.2402659069325736, 0.18142749621932314, 0.9166666666666666, 
0.21415004748338082, 0.21280898270427143, 0.9, 
0.28537511870845206, 0.20334544354939127, 0.8833333333333333, 
0.2298195631528965, 0.25006918655893945, 0.8666666666666667, 
0.2402659069325736, 0.18142749621932314, 0.9166666666666666, 
0.28395061728395066, 0.1708881211658394, 0.9166666666666666, 
0.13295346628679963, 0.5264759302926894, 0.9, 
0.13485280151946819, 0.5249237645452594, 0.8666666666666667, 
0.1277302943969611, 0.5343946477837854, 0.85, 
0.1277302943969611, 0.5343946477837854, 0.85, 
0.12250712250712252, 1.2320533172875356, 0.8, 
0.41405508072174746, 0.10747907233496848, 0.9833333333333333, 
0.1362773029439696, 0.4104766446404905, 0.9333333333333333, 
0.1381766381766382, 0.4058499669102452, 0.9333333333333333, 
0.13675213675213677, 0.39430678586228984, 0.95, 
0.11680911680911682, 0.5772019456449264, 0.9333333333333333, 
0.19373219373219375, 0.24289318927093229, 0.95, 
0.38793922127255465, 0.11489187109836227, 1.0, 
0.40265906932573603, 0.1069333309468076, 1.0, 
