0.17521367521367523, 0.13027665457037899, 0.6166666666666667, 
0.016619183285849957, 0.2476269757580436, 0.36666666666666664, 
0.011870845204178538, 0.468098863069375, 0.0, 
0.0056980056980057035, 0.36708250746497384, 0.16666666666666666, 
0.016619183285849957, 0.2577112618253143, 0.21666666666666667, 
0.011396011396011397, 0.34582181492123243, 0.2, 
0.05935422602089269, 0.18823793541275483, 0.45, 
0.9040835707502375, 6.392156547608499E-4, 0.9833333333333333, 
0.7996201329534663, 0.02934288372924102, 0.9666666666666667, 
0.9040835707502375, 6.392156547608499E-4, 0.9833333333333333, 
0.7996201329534663, 0.02934288372924102, 0.9666666666666667, 
0.9287749287749287, 0.02556012894094483, 0.9666666666666667, 
0.010921177587844255, 0.40582586348300875, 0.06666666666666667, 
0.011870845204178538, 0.3255152246630029, 0.15, 
0.050807217473884135, 0.2060259843356936, 0.35, 
0.011870845204178538, 0.468098863069375, 0.0, 
0.08879392212725547, 0.15138984137498357, 0.65, 
0.0056980056980057035, 0.38477949698625524, 0.08333333333333333, 
0.2402659069325736, 0.0948524942382521, 0.95, 
0.11965811965811965, 0.130022171218727, 0.8, 
0.06267806267806267, 0.20969589167122074, 0.2833333333333333, 
0.34662867996201335, 0.08849279365636142, 0.9666666666666667, 
0.06552706552706553, 0.1865154357647078, 0.35, 
0.05555555555555555, 0.19638358237517423, 0.4166666666666667, 
0.02469135802469136, 0.43526932588488887, 0.03333333333333333, 
0.045109211775878455, 0.21886165174980318, 0.3, 
0.3100664767331434, 0.08932752744931531, 0.95, 
0.023266856600189945, 0.28555300852625043, 0.18333333333333332, 
0.050807217473884135, 0.2100123113342106, 0.3333333333333333, 
0.2701804368471035, 0.09363087104372934, 0.95, 
0.045109211775878455, 0.20414241229152866, 0.38333333333333336, 
0.9453941120607788, 0.008856024255265257, 0.9666666666666667, 
0.010921177587844255, 0.40582586348300875, 0.06666666666666667, 
0.023266856600189945, 0.2952350386918117, 0.16666666666666666, 
0.0949667616334283, 0.13150884619069003, 0.7, 
0.062203228869895544, 0.18733712295586483, 0.35, 
0.2844254510921178, 0.09300117013773128, 0.9666666666666667, 
0.023266856600189945, 0.4361114715947734, 0.016666666666666666, 
0.06125356125356126, 0.18384923945705348, 0.48333333333333334, 
0.01471984805318139, 0.46725671735949037, 0.016666666666666666, 
0.03513770180436848, 0.32101328329926115, 0.13333333333333333, 
0.011870845204178538, 0.468098863069375, 0.0, 
0.05840455840455841, 0.19628990008650052, 0.4, 
0.010921177587844255, 0.25032870314033145, 0.26666666666666666, 
0.20607787274453943, 0.10063110324610802, 0.9, 
0.023266856600189945, 0.31813995579503795, 0.15, 
0.06125356125356126, 0.1874303982448291, 0.43333333333333335, 
0.050807217473884135, 0.21179094076440755, 0.3, 
0.011870845204178538, 0.468098863069375, 0.0, 
0.023266856600189945, 0.28555300852625043, 0.18333333333333332, 
0.10873694207027541, 0.15158827634442754, 0.48333333333333334, 
0.062203228869895544, 0.18733712295586483, 0.35, 
0.011870845204178538, 0.3255152246630029, 0.15, 
0.7431149097815765, 0.016719936974376546, 0.9833333333333333, 
0.07454890788224121, 0.18679183831182233, 0.3333333333333333, 
0.011870845204178538, 0.33643221404689944, 0.13333333333333333, 
0.24074074074074076, 0.09493331985832666, 0.8833333333333333, 
0.013770180436847105, 0.24851312718095595, 0.2833333333333333, 
0.3817663817663817, 0.071419056356793, 0.9333333333333333, 
0.0, 0.3872946511795197, 0.08333333333333333, 
0.011870845204178538, 0.468098863069375, 0.0, 
0.11443494776828111, 0.1460366148967709, 0.4666666666666667, 
0.023266856600189945, 0.2174274842625761, 0.4166666666666667, 
0.8898385565052231, 0.0010524876819389868, 1.0, 
0.8376068376068377, 0.016385613846390586, 0.9833333333333333, 
0.6334283000949668, 0.07130765149188298, 0.9166666666666666, 
0.8898385565052231, 0.0010524876819389868, 1.0, 
0.013295346628679953, 0.4672730109145247, 0.016666666666666666, 
0.11728395061728394, 0.14483732694185808, 0.5166666666666667, 
0.1728395061728395, 0.10424840813030034, 0.8, 
0.028490028490028498, 0.21652306759714815, 0.4166666666666667, 
0.1590693257359924, 0.11612223121998086, 0.6666666666666666, 
0.06600189933523268, 0.18454697714781193, 0.4, 
0.028490028490028498, 0.21652306759714815, 0.4166666666666667, 
0.37749287749287747, 0.07392346123550939, 0.9333333333333333, 
0.022317188983855662, 0.234474282703599, 0.38333333333333336, 
0.17568850902184238, 0.10300770569384315, 0.7833333333333333, 
0.6918328584995252, 0.024002287808677792, 1.0, 
0.15527065527065526, 0.1253387305956727, 0.7833333333333333, 
0.013295346628679953, 0.35969766958161814, 0.11666666666666667, 
0.6339031339031339, 0.04250618590944484, 0.9833333333333333, 
0.06600189933523268, 0.18454697714781193, 0.4, 
0.011870845204178538, 0.468098863069375, 0.0, 
0.36087369420702753, 0.08902509953189199, 0.9166666666666666, 
0.2849002849002849, 0.09197416968204082, 0.9, 
0.18850902184235518, 0.11529963958502505, 0.6833333333333333, 
0.0028490028490028517, 0.3864783906511551, 0.08333333333333333, 
0.023266856600189945, 0.32957741640735844, 0.13333333333333333, 
0.2787274453941121, 0.0936200674625534, 0.8833333333333333, 
0.07644824311490978, 0.20180193785133424, 0.3, 
0.07454890788224121, 0.1801355706083242, 0.35, 
0.011870845204178538, 0.468098863069375, 0.0, 
0.005223171889838562, 0.2598767399571092, 0.31666666666666665, 
0.09971509971509973, 0.15416226460680013, 0.45, 
0.010921177587844255, 0.25962691449102065, 0.21666666666666667, 
0.05840455840455841, 0.28040137804855836, 0.16666666666666666, 
0.016619183285849957, 0.23621529631620625, 0.4, 
0.045584045584045586, 0.2438018116000244, 0.21666666666666667, 
0.04605887939221274, 0.22886456500850114, 0.25, 
0.04890788224121557, 0.2679371792692491, 0.18333333333333332, 
0.06457739791073125, 0.16793902840459562, 0.45, 
0.045584045584045586, 0.2159882247567621, 0.2833333333333333, 
0.022792022792022793, 0.3518199143501671, 0.1, 
0.045584045584045586, 0.2383180377039013, 0.23333333333333334, 
0.02516619183285849, 0.25503676272358755, 0.2, 
0.022317188983855662, 0.2301778988042163, 0.45, 
0.010921177587844255, 0.2511704328060686, 0.25, 
0.03988603988603988, 0.21278004502493073, 0.35, 
0.050807217473884135, 0.22505491658384935, 0.26666666666666666, 
0.04890788224121557, 0.2679371792692491, 0.18333333333333332, 
0.033713200379867046, 0.22127540422657166, 0.2833333333333333, 
0.11728395061728394, 0.1454964991490382, 0.4666666666666667, 
0.0, 0.41492500223137585, 0.05, 
0.07169990503323836, 0.17547399943632344, 0.36666666666666664, 
0.05175688509021842, 0.22670248306317056, 0.25, 
0.028490028490028498, 0.211953813003685, 0.45, 
0.053181386514719854, 0.22587627365301985, 0.25, 
0.011870845204178538, 0.36019547997066464, 0.1, 
0.04605887939221274, 0.2687633886793998, 0.18333333333333332, 
0.045584045584045586, 0.2104514323651568, 0.3333333333333333, 
0.05128205128205129, 0.2085579747502716, 0.31666666666666665, 
0.045584045584045586, 0.2251595516869258, 0.26666666666666666, 
0.022317188983855662, 0.2470604592958256, 0.21666666666666667, 
0.06885090218423554, 0.16344330961418915, 0.4, 
0.03133903133903135, 0.21271091838539286, 0.4166666666666667, 
0.011396011396011397, 0.3620955581141566, 0.11666666666666667, 
0.023741690408357077, 0.2579104158275783, 0.2, 
0.01756885090218424, 0.44355372357047324, 0.03333333333333333, 
0.07502374169040836, 0.15761657967402112, 0.4, 
0.06315289648622982, 0.2130011815337231, 0.26666666666666666, 
0.10446343779677114, 0.17559085357512094, 0.35, 
0.03988603988603988, 0.22565188114655194, 0.26666666666666666, 
0.057454890788224126, 0.20461251052258175, 0.3, 
0.06980056980056981, 0.22580936290078893, 0.25, 
0.05460588793922127, 0.2065758680764527, 0.3333333333333333, 
0.033713200379867046, 0.24551970310691681, 0.23333333333333334, 
0.03133903133903135, 0.2153646514575005, 0.3333333333333333, 
0.028015194681861342, 0.2546889995607523, 0.2, 
0.024216524216524208, 0.23398928828318064, 0.31666666666666665, 
0.011870845204178538, 0.468098863069375, 0.0, 
0.04605887939221274, 0.2932913030461544, 0.16666666666666666, 
0.03561253561253561, 0.22917526406446395, 0.25, 
0.01756885090218424, 0.305349836170633, 0.18333333333333332, 
0.057454890788224126, 0.1979709942974411, 0.35, 
0.018993352326685656, 0.30041382961678004, 0.2, 
0.010921177587844255, 0.2511704328060686, 0.25, 
0.03466286799620133, 0.32197477489060866, 0.11666666666666667, 
0.04605887939221274, 0.2932913030461544, 0.16666666666666666, 
0.022317188983855662, 0.24623370721939564, 0.23333333333333334, 
0.07454890788224121, 0.16124149093056092, 0.36666666666666664, 
0.03466286799620133, 0.2941026795780058, 0.15, 
0.026115859449192775, 0.32230570635434935, 0.13333333333333333, 
0.03466286799620133, 0.2941026795780058, 0.15, 
0.022317188983855662, 0.2470604592958256, 0.21666666666666667, 
0.9677113010446344, 1.492332267858028E-7, 1.0, 
0.7497625830959165, 0.016299705252167087, 1.0, 
0.0, 1.0, 0.0, 
0.008547008547008544, 0.9377961180087336, 0.03333333333333333, 
0.865622032288699, 0.0039684054446449445, 0.9833333333333333, 
0.8309591642924977, 0.0039684054446449445, 1.0, 
0.008547008547008544, 0.9377961180087336, 0.03333333333333333, 
0.8926875593542261, 7.874675600316288E-4, 1.0, 
1.0, 0.0, 0.9833333333333333, 
0.6737891737891738, 0.054296284636675796, 0.95, 
0.011870845204178538, 0.468098863069375, 0.0, 
0.6984805318138653, 0.0315711393051065, 0.9833333333333333, 
0.45109211775878444, 0.05615370016618113, 0.9333333333333333, 
0.1737891737891738, 0.14360628396517147, 0.5, 
0.5550807217473884, 0.049485819404307164, 0.9833333333333333, 
0.03466286799620133, 0.277317536727959, 0.18333333333333332, 
0.04131054131054132, 0.19281332213517344, 0.45, 
0.14245014245014245, 0.12603024571309576, 0.8833333333333333, 
0.08831908831908832, 0.15441147505110547, 0.48333333333333334, 
0.1016144349477683, 0.1477747659447551, 0.55, 
0.10066476733143401, 0.15395246982324393, 0.5166666666666667, 
0.14482431149097816, 0.13976647233983167, 0.5666666666666667, 
0.022792022792022793, 0.23334043125752518, 0.35, 
0.011870845204178538, 0.468098863069375, 0.0, 
0.6386514719848053, 0.03821727723805872, 0.9833333333333333, 
0.028015194681861342, 0.2243596887246324, 0.3, 
0.6999050332383665, 0.0413370611552201, 0.9666666666666667, 
0.1291547958214625, 0.1262339038454775, 0.7, 
0.14814814814814817, 0.1427560073055362, 0.5166666666666667, 
0.0, 0.40819918732197347, 0.06666666666666667, 
0.14102564102564102, 0.12933671135253647, 0.65, 
0.38651471984805325, 0.07608536229208017, 0.9, 
0.028015194681861342, 0.23462094731000296, 0.2833333333333333, 
0.1291547958214625, 0.1262339038454775, 0.7, 
0.1737891737891738, 0.14360628396517147, 0.5, 
0.3561253561253562, 0.09115110321409071, 0.9, 
0.011396011396011397, 0.4061427986789639, 0.05, 
0.06457739791073125, 0.18612259964516226, 0.43333333333333335, 
0.011870845204178538, 0.468098863069375, 0.0, 
0.022792022792022793, 0.24093106628284658, 0.3, 
0.14719848053181386, 0.12779225146627182, 0.6333333333333333, 
0.022792022792022793, 0.24093106628284658, 0.3, 
0.0, 1.0, 0.0, 
0.0, 1.0, 0.0, 
0.011396011396011397, 0.9546431700368043, 0.016666666666666666, 
0.011396011396011397, 0.9376576657520221, 0.03333333333333333, 
0.7630579297245964, 0.03425526621107089, 0.9666666666666667, 
0.0, 1.0, 0.0, 
0.0, 1.0, 0.0, 
0.0014245014245014259, 0.9994862804445335, 0.03333333333333333, 
0.0, 1.0, 0.0, 
0.0, 1.0, 0.0, 
0.0, 1.0, 0.0, 
0.4358974358974359, 0.08638075006419628, 0.8833333333333333, 
