0.3429161201539553, 0.059994984057654334, 0.9910786699107867, 
0.3501623411529447, 0.05947492186274992, 0.9910786699107867, 
0.3508289074762939, 0.05946355601523234, 0.9910786699107867, 
0.3489367192035608, 0.05995383506400506, 0.9902676399026764, 
0.3474100673016965, 0.059637243125964946, 0.9910786699107867, 
0.3475820844173996, 0.05951221880327152, 0.9910786699107867, 
0.3764379555765799, 0.05877794232157325, 0.9927007299270073, 
0.352549078633324, 0.058799766290685555, 0.9927007299270073, 
0.30786763282946655, 0.066915281864287, 0.9951338199513382, 
0.30524437181499564, 0.07028705128094362, 0.9943227899432279, 
0.3047068183284237, 0.07153846303154217, 0.9935117599351176, 
0.30879222482637025, 0.06706129423765611, 0.9927007299270073, 
0.3092867740340164, 0.06663915278394619, 0.9927007299270073, 
0.34919474487711527, 0.058969011910151796, 0.9927007299270073, 
0.30517986539660696, 0.07128762119978109, 0.9935117599351176, 
0.3025351022426731, 0.07280156949032386, 0.9935117599351176, 
0.3748682993957899, 0.07823484637322245, 0.9870235198702352, 
0.37822263315199867, 0.07244030933100291, 0.9870235198702352, 
0.3640957275248888, 0.07349487495520995, 0.9878345498783455, 
0.3888231879071968, 0.06877549003864789, 0.9878345498783455, 
0.3883286386995506, 0.07224531147644321, 0.9878345498783455, 
0.3332401573956609, 0.057241250000966984, 0.9951338199513382, 
0.32928376373449153, 0.05725336476091789, 0.9951338199513382, 
0.33943277356096935, 0.05535673367089877, 0.9959448499594485, 
0.30780312641107793, 0.07572013366687791, 0.9927007299270073, 
0.34231406024899474, 0.06252360605030108, 0.9910786699107867, 
0.3178661276797042, 0.06254887083150781, 0.9910786699107867, 
0.32644548132539186, 0.05917637342791232, 0.991889699918897, 
0.311974541466876, 0.06003167327776313, 0.991889699918897, 
0.3158879308491195, 0.05922257229404585, 0.9935117599351176, 
0.30780312641107793, 0.07572013366687791, 0.9927007299270073, 
0.30780312641107793, 0.07572013366687791, 0.9927007299270073, 
0.3090932547788505, 0.07313700186250294, 0.991889699918897, 
0.30997484249682844, 0.05942430749701681, 0.9927007299270073, 
0.33171350549379663, 0.06486648674606407, 0.9902676399026764, 
0.309523297568108, 0.06005302455096898, 0.991889699918897, 
0.3240157395660868, 0.059290009876251874, 0.9927007299270073, 
0.36611692863439915, 0.06640144092901992, 0.9886455798864558, 
0.3496247876663728, 0.06541314502415962, 0.9894566098945661, 
0.3606338830713656, 0.06705665208191128, 0.9886455798864558, 
0.33809964091427097, 0.06567959727478836, 0.9894566098945661, 
0.32423076096071557, 0.066092045378659, 0.9894566098945661, 
0.37258907261272495, 0.06616905890766696, 0.9886455798864558, 
0.3542477476508913, 0.06336286397556162, 0.9894566098945661, 
0.35222654654138086, 0.08266356449750265, 0.9878345498783455, 
0.3542477476508913, 0.06336286397556162, 0.9894566098945661, 
0.3542477476508913, 0.06336286397556162, 0.9894566098945661, 
0.33222955684090566, 0.0657846091153847, 0.9894566098945661, 
0.3124475885350593, 0.07493752237673255, 0.9910786699107867, 
0.31313565699787127, 0.07177705706126124, 0.9910786699107867, 
0.3220160405960393, 0.07613562081334932, 0.9886455798864558, 
0.3101898638914572, 0.08577304892068528, 0.9902676399026764, 
0.33966929709506094, 0.06782405846724476, 0.9886455798864558, 
0.33622895478100073, 0.06479872316668119, 0.9902676399026764, 
0.3158449265701937, 0.07070511843074785, 0.9910786699107867, 
0.3308964241942073, 0.06961645900855022, 0.9886455798864558, 
0.3393682671425807, 0.06900353894076895, 0.9886455798864558, 
0.32289762831401725, 0.07195864960353272, 0.9886455798864558, 
0.3167265142881717, 0.06782405846724476, 0.9894566098945661, 
0.3287247081084568, 0.07048511989674835, 0.9886455798864558, 
0.3236071989162922, 0.06758224433433074, 0.9902676399026764, 
0.3496892940847614, 0.05785789458649388, 0.9935117599351176, 
0.33840067086675124, 0.05687230864330043, 0.9967558799675588, 
0.3404648762551874, 0.05824227873880405, 0.9943227899432279, 
0.3428731158750296, 0.05675099231822544, 0.9943227899432279, 
0.34646397316532995, 0.0566655737890319, 0.9951338199513382, 
0.37749156041026083, 0.057341795900508676, 0.9927007299270073, 
0.3482271486012858, 0.05822699762113869, 0.9935117599351176, 
0.34095942546283353, 0.057609179445775094, 0.9943227899432279, 
0.3232416625454233, 0.058256131636405376, 0.9943227899432279, 
0.3676865848151891, 0.05652466811738466, 0.9935117599351176, 
0.326595996301632, 0.058256131636405376, 0.9935117599351176, 
0.3608919087449201, 0.05722897444511127, 0.9935117599351176, 
