0.35579370395177495, 0.0669060950868843, 0.9929078014184397, 
0.30842598794373743, 0.0782864726433211, 0.9898682877406282, 
0.2901272605492297, 0.07841802416517278, 0.9918946301925026, 
0.3007635632953784, 0.07528002327118632, 0.9918946301925026, 
0.3055324849296718, 0.07497573181259307, 0.9918946301925026, 
0.2835632953784327, 0.0888028174385736, 0.9918946301925026, 
0.2981647689216343, 0.07540454821225956, 0.9908814589665653, 
0.2909310113864702, 0.0782322801255276, 0.9918946301925026, 
0.2981647689216343, 0.07540454821225956, 0.9908814589665653, 
0.2802411252511721, 0.11897058684117931, 0.9918946301925026, 
0.2842866711319491, 0.08144234382090286, 0.9918946301925026, 
0.28584058941728063, 0.07812566121294959, 0.9929078014184397, 
0.29248492967180173, 0.0778088517279325, 0.9908814589665653, 
0.29730743469524445, 0.09012614752122962, 0.9898682877406282, 
0.29411922304085736, 0.07588560145042318, 0.9918946301925026, 
0.2785532484929672, 0.10437211192311344, 0.9929078014184397, 
0.29902210314802413, 0.07531231553871483, 0.9908814589665653, 
0.3090421969189551, 0.07463841314966567, 0.9918946301925026, 
0.2831614199598125, 0.08900265363421192, 0.9918946301925026, 
0.2821165438713999, 0.07835276264337512, 0.9929078014184397, 
0.27938379102478234, 0.09305020841941264, 0.9929078014184397, 
0.2921098459477562, 0.09160174492000091, 0.9908814589665653, 
0.2932886805090422, 0.07716792130109945, 0.9918946301925026, 
0.3034695244474213, 0.07509677758340881, 0.9908814589665653, 
0.37452109845947756, 0.06639494789253639, 0.9918946301925026, 
0.3396115204286671, 0.08011650292982314, 0.9868287740628167, 
0.33320830542531815, 0.0680266681823082, 0.9918946301925026, 
0.33393168117883454, 0.0678813838490253, 0.9888551165146909, 
0.33594105827193566, 0.06730650187337721, 0.9888551165146909, 
0.33594105827193566, 0.06730650187337721, 0.9888551165146909, 
0.31975887474882786, 0.0704478473526571, 0.9888551165146909, 
0.31263228399196247, 0.07249302456692379, 0.9888551165146909, 
0.32125920964501004, 0.0682746733385165, 0.9888551165146909, 
0.31916945746818487, 0.07001563870783062, 0.9898682877406282, 
0.31611520428667117, 0.07046700607741721, 0.9888551165146909, 
0.3121232417950435, 0.07413270215884507, 0.9918946301925026, 
0.31777628935030144, 0.0704478473526571, 0.9898682877406282, 
0.31916945746818487, 0.07001563870783062, 0.9898682877406282, 
0.31600803750837236, 0.06944726744906461, 0.9908814589665653, 
0.3834695244474213, 0.06484694676185371, 0.9969604863221885, 
0.3500870730073677, 0.07101317839936826, 0.9878419452887538, 
0.37575351640991295, 0.07454138713920253, 0.9858156028368794, 
0.35962491627595444, 0.08171106016786489, 0.9848024316109423, 
0.3686537173476222, 0.07800185144066916, 0.9848024316109423, 
0.3416744809109176, 0.07633368408034419, 0.9878419452887538, 
0.3556329537843269, 0.07779108840824223, 0.9858156028368794, 
0.3653583389149364, 0.07087491631414866, 0.9878419452887538, 
0.37543201607501675, 0.07580343611130116, 0.9858156028368794, 
0.3653583389149364, 0.07087491631414866, 0.9878419452887538, 
0.3156329537843269, 0.0895740569811919, 0.9878419452887538, 
0.3426389819156061, 0.07950819486925333, 0.9868287740628167, 
0.3343067649028801, 0.07740635603115269, 0.9878419452887538, 
0.3215539182853316, 0.08503503013188911, 0.9878419452887538, 
0.3453717347622237, 0.0860688514384205, 0.9848024316109423, 
0.35657066309444074, 0.076567145395006, 0.9858156028368794, 
0.3527394507702612, 0.07998819634081669, 0.9858156028368794, 
0.3453717347622237, 0.0860688514384205, 0.9848024316109423, 
0.3453717347622237, 0.0860688514384205, 0.9848024316109423, 
0.33283322170127255, 0.07929275412924326, 0.9878419452887538, 
0.3333958472873409, 0.0776714369593175, 0.9878419452887538, 
0.33674480910917615, 0.07728961643759681, 0.9878419452887538, 
0.3427997320830542, 0.09056033188416, 0.9848024316109423, 
0.32983255190890826, 0.08489931541237719, 0.9858156028368794, 
0.3216878767582049, 0.08341879740318026, 0.9878419452887538, 
0.3420495646349631, 0.08054124007818524, 0.9858156028368794, 
0.3336101808439384, 0.0812281249065623, 0.9868287740628167, 
0.3182585398526457, 0.08872728034123183, 0.9878419452887538, 
0.329939718687207, 0.08372884270747956, 0.9858156028368794, 
0.35158740790354986, 0.1005087522318953, 0.983789260385005, 
0.3299933020763563, 0.0834365637016122, 0.9868287740628167, 
0.31014065639651706, 0.13358177015434045, 0.9868287740628167, 
0.34298727394507705, 0.0776714369593175, 0.9868287740628167, 
0.31354320160750165, 0.08989106279236377, 0.9868287740628167, 
0.322438044206296, 0.08501575686097249, 0.9858156028368794, 
0.38135298057602146, 0.06569290262308944, 0.9979736575481256, 
0.38204956463496315, 0.0707224402153226, 0.9878419452887538, 
0.3239651707970529, 0.08270587972667864, 0.9878419452887538, 
0.33942397856664436, 0.08278351954483683, 0.9858156028368794, 
0.3053717347622237, 0.0851390764948527, 0.9888551165146909, 
0.31137307434695244, 0.07984766662081065, 0.9888551165146909, 
0.3239651707970529, 0.08270587972667864, 0.9878419452887538, 
0.3053717347622237, 0.0851390764948527, 0.9888551165146909, 
0.3185532484929672, 0.08533234266957046, 0.9878419452887538, 
0.3290020093770931, 0.08031952800380457, 0.9878419452887538, 
0.3440589417280643, 0.07444756598396955, 0.9868287740628167, 
0.30815807099799064, 0.08170066056834989, 0.9888551165146909, 
0.3032551908908238, 0.08001794232581631, 0.9898682877406282, 
0.34175485599464167, 0.07610315168111709, 0.9878419452887538, 
