0.02376423308774279, 0.2963847425178093, 0.42958459979736574, 
0.07220361687876758, 0.342656905931776, 0.2735562310030395, 
0.2212458137977227, 0.15514331312120277, 0.7345491388044579, 
0.08198258539852646, 0.30117855061900484, 0.3586626139817629, 
0.09532484929671801, 0.4031597373676191, 0.17831813576494426, 
0.01907568653717347, 0.4611388055615095, 0.07497467071935157, 
0.08760884125920965, 0.2738486386849496, 0.4397163120567376, 
0.03263228399196249, 0.4142058665313947, 0.1651469098277609, 
0.12139316811788346, 0.18818526845483513, 0.6474164133738601, 
6.697923643670462E-4, 0.4980950286352826, 0.0, 
0.28959142665773613, 0.16127907358552113, 0.729483282674772, 
0.0701138647019424, 0.4479095585315522, 0.09827760891590678, 
0.0879571332886805, 0.22214270835432445, 0.5339412360688957, 
0.2868586738111185, 0.1614100913710265, 0.7284701114488349, 
0.15887474882786334, 0.18697817889110974, 0.6534954407294833, 
0.0314266577361018, 0.2957813891877969, 0.3718338399189463, 
0.20417950435365034, 0.18227446743489492, 0.6919959473150963, 
0.046054922973878094, 0.385153931587823, 0.21580547112462006, 
0.048787675820495646, 0.3281795545026037, 0.3130699088145897, 
0.3056932350971199, 0.14904624353229073, 0.7649442755825735, 
0.061352980576021426, 0.26739379406016556, 0.45491388044579534, 
0.05310113864701942, 0.3156598591710735, 0.3353596757852077, 
0.07978566644340254, 0.20936819521361755, 0.5866261398176292, 
0.0360080375083724, 0.38481356892171503, 0.22289766970618036, 
0.04227729403884796, 0.2466338426594514, 0.5005065856129686, 
0.0355793703951775, 0.42091429387074575, 0.1519756838905775, 
0.033757535164099135, 0.482424148499184, 0.030395136778115502, 
0.02957803081044876, 0.3046679051942309, 0.3698074974670719, 
0.039249832551908906, 0.4451598089917331, 0.10840932117527863, 
0.06494306764902881, 0.38785323776241826, 0.2137791286727457, 
0.0538780977896852, 0.4266073393976123, 0.1347517730496454, 
0.04980576021433356, 0.24545351356919942, 0.48936170212765956, 
0.035874079035498996, 0.3419503841552053, 0.3080040526849038, 
0.05310113864701942, 0.3156598591710735, 0.3353596757852077, 
0.07279303415941059, 0.2238315189359344, 0.5420466058763931, 
0.20053583389149363, 0.18316827840564764, 0.6757852077001013, 
0.7044340254521099, 0.0765239463294964, 0.9969604863221885, 
0.04961821835231079, 0.3755775029975131, 0.23100303951367782, 
0.03649028801071667, 0.4310516205985891, 0.13677811550151975, 
0.09090421969189551, 0.2417890666637054, 0.49240121580547114, 
0.05202947086403215, 0.2763239646087883, 0.41236068895643363, 
0.25883456128600135, 0.18308062730756888, 0.6788247213779128, 
0.05848626925653047, 0.324520717650832, 0.3140830800405269, 
0.04423308774279973, 0.4584709789995593, 0.0800405268490375, 
0.05985264567983926, 0.3030893354042614, 0.364741641337386, 
0.04570663094440724, 0.42003382739182976, 0.1580547112462006, 
0.2740790354989953, 0.1688285053050869, 0.7152988855116514, 
0.022049564634963152, 0.4899095876408988, 0.019250253292806486, 
0.2604688546550569, 0.13842961046286928, 0.8936170212765957, 
0.06049564634963161, 0.3901830954833753, 0.21479229989868287, 
0.05918285331547221, 0.4354458754581743, 0.12056737588652482, 
0.0344005358338915, 0.4595586833055464, 0.0800405268490375, 
0.029738780977896857, 0.3046542303328647, 0.3718338399189463, 
0.029256530475552583, 0.3354681055905383, 0.3171225937183384, 
0.07729403884795713, 0.3886498624122477, 0.2066869300911854, 
0.05310113864701942, 0.3156598591710735, 0.3353596757852077, 
0.06148693904889485, 0.3458548623962817, 0.26443768996960487, 
0.03389149363697253, 0.39006444868277373, 0.21580547112462006, 
0.08147354320160749, 0.23999914025933475, 0.5146909827760892, 
0.7168117883456129, 0.07391293276561536, 0.9989868287740629, 
1.0, 0.0, 0.9989868287740629, 
0.08241125251172136, 0.2650999585328832, 0.4457953394123607, 
0.3698861352980576, 0.08267491408236709, 0.9929078014184397, 
0.08822505023442732, 0.4371178250080219, 0.1033434650455927, 
0.0020093770931011385, 0.4956134302938945, 0.0060790273556231, 
0.04484929671801742, 0.4790087831588159, 0.03242147922998987, 
0.08527796383121232, 0.3950144002553667, 0.17933130699088146, 
0.2805626255860683, 0.1277019412777845, 0.8297872340425532, 
6.697923643670462E-4, 0.4980950286352826, 0.0, 
0.21141326188881446, 0.1621461446631974, 0.7669706180344478, 
0.026175485599464175, 0.2834832810942924, 0.41742654508611954, 
0.027729403884795716, 0.3686552919108983, 0.23910840932117527, 
0.025532484929671806, 0.3259215526958875, 0.3302938196555218, 
0.0934494306764903, 0.20823441275291027, 0.6930091185410334, 
0.19488278633623576, 0.20191854944405915, 0.6322188449848024, 
0.0308640321500335, 0.2584025243750213, 0.47315096251266464, 
0.5776289350301407, 0.07169550710698082, 1.0, 
0.07290020093770931, 0.3084883081811926, 0.3515704154002026, 
0.034722036168787676, 0.410393060148047, 0.16717325227963525, 
0.01998660415271266, 0.4572392081240384, 0.08409321175278622, 
0.24077695914266578, 0.14995135178697658, 0.795339412360689, 
0.03319490957803081, 0.45161656759343016, 0.08713272543059777, 
0.05797722705961152, 0.36280441044578277, 0.23809523809523808, 
0.0013127930341594065, 0.4967230565137222, 0.004052684903748734, 
0.04275954454119223, 0.39640090863622207, 0.2006079027355623, 
0.04793034159410583, 0.2824070828549492, 0.414387031408308, 
0.0391158740790355, 0.35883504004687433, 0.2553191489361702, 
0.04241125251172136, 0.4395773053802092, 0.11955420466058764, 
0.04230408573342263, 0.3372312252155425, 0.303951367781155, 
0.11490957803081045, 0.2381917107689769, 0.5329280648429585, 
0.1160080375083724, 0.20270520587032467, 0.5997973657548126, 
0.05950435365036839, 0.4547777861538789, 0.07396149949341439, 
0.20270596115204287, 0.16389386960971947, 0.7304964539007093, 
0.1586872069658406, 0.17987645475081065, 0.7061803444782169, 
0.04024112525117215, 0.4638343720613495, 0.06382978723404255, 
0.033302076356329535, 0.3198688706904069, 0.3667679837892604, 
0.04996651038178165, 0.3009943214048905, 0.3698074974670719, 
0.8349095780308105, 0.04107103080496774, 1.0, 
0.01955793703951774, 0.4817056529935289, 0.040526849037487336, 
0.06070997990622906, 0.3923083445229673, 0.19756838905775076, 
0.05945077026121902, 0.24222849198718713, 0.49645390070921985, 
0.40308104487608837, 0.08083096332370932, 0.9979736575481256, 
0.6755525787006027, 0.06643618017616708, 1.0, 
0.04211654387139986, 0.2908982472702801, 0.3941236068895643, 
0.03841929002009378, 0.3661984878026941, 0.25329280648429586, 
0.05369055592766242, 0.27583978721221397, 0.4204660587639311, 
0.09653047555257871, 0.36215720381027455, 0.24620060790273557, 
0.03137307434695245, 0.3431851194202661, 0.3110435663627153, 
0.6503148024112526, 0.07654367101517166, 0.9989868287740629, 
0.06853315472203617, 0.2889355264994339, 0.39918946301925023, 
0.03871399866041528, 0.34520077134721056, 0.2826747720364742, 
0.0020093770931011385, 0.4956134302938945, 0.0060790273556231, 
0.04656396517079706, 0.4731069210717991, 0.04356636271529889, 
0.07308774279973208, 0.38730311860776934, 0.21479229989868287, 
0.09395847287340925, 0.20896216510446217, 0.690982776089159, 
0.03748158070997991, 0.4768908872784061, 0.03951367781155015, 
0.047019423978566635, 0.44799713624426823, 0.0911854103343465, 
0.04112525117213664, 0.44198649755253366, 0.11448834853090173, 
0.7943469524447422, 0.0544512967874906, 1.0, 
0.048894842598794376, 0.2838587698944252, 0.4133738601823708, 
0.19957133288680506, 0.17779127628560248, 0.7659574468085106, 
0.06475552578700604, 0.23992988966086656, 0.5542046605876393, 
0.16964501004688545, 0.1553844815237147, 0.8459979736575481, 
0.0813395847287341, 0.39660107628456864, 0.18439716312056736, 
0.04434025452109845, 0.4737363990493381, 0.0425531914893617, 
0.03265907568653717, 0.2478676163325458, 0.48632218844984804, 
0.11828533154722037, 0.1894759398847386, 0.6676798378926039, 
0.031185532484929675, 0.45347356144942785, 0.08611955420466058, 
0.08144675150703282, 0.2651728773163069, 0.4447821681864235, 
0.3551507032819826, 0.12252919905553568, 0.8632218844984803, 
0.2413127930341594, 0.11295738047413484, 0.9402228976697061, 
0.09125251172136638, 0.30886618268259947, 0.3495440729483283, 
0.07472203616878768, 0.4467492793514057, 0.09422492401215805, 
0.5625452109845948, 0.0748963540340743, 1.0, 
6.697923643670462E-4, 0.4980950286352826, 0.0, 
0.17146684527796383, 0.1936232521865036, 0.6332320162107397, 
0.38301406563965174, 0.08197424499156652, 0.9969604863221885, 
0.21425318151373074, 0.15929966427913408, 0.7598784194528876, 
0.531707970529136, 0.08078537395341587, 0.9979736575481256, 
0.04434025452109845, 0.4737363990493381, 0.0425531914893617, 
0.07091761553918285, 0.442700468349609, 0.10435663627152988, 
0.0732217012726055, 0.40902831337057216, 0.1661600810536981, 
0.040750167448091096, 0.4502527553284521, 0.09219858156028368, 
0.29998660415271267, 0.11912308081245533, 0.8763931104356636, 
0.050046885465505696, 0.31799102753836045, 0.364741641337386, 
0.032525117213663766, 0.25007631265335184, 0.48125633232016213, 
0.31914266577361017, 0.09697051298571703, 0.9189463019250254, 
0.04230408573342263, 0.4871058191626865, 0.0243161094224924, 
0.046671131949095786, 0.28277251244450025, 0.41742654508611954, 
0.261808439383791, 0.1348148034747353, 0.8186423505572442, 
0.5741728064300067, 0.07761029909915443, 0.9989868287740629, 
0.04664434025452109, 0.466148398582774, 0.057750759878419454, 
0.3551507032819826, 0.12252919905553568, 0.8632218844984803, 
0.03466845277963831, 0.2587101671887755, 0.47213779128672745, 
0.004554588077695912, 0.4820262403353535, 0.031408308004052685, 
0.29427997320830546, 0.11366746347175603, 0.9260385005065856, 
0.04699263228399196, 0.2599814093700173, 0.45896656534954405, 
0.03764233087742799, 0.43114088942418327, 0.13069908814589665, 
0.22387139986604154, 0.13973229001278353, 0.8156028368794326, 
0.046671131949095786, 0.44426410164572244, 0.10739614994934144, 
0.3154989953114534, 0.09286887752093237, 0.922998986828774, 
0.04200937709310114, 0.4469224425402575, 0.09929078014184398, 
0.04519758874748827, 0.4406770305335578, 0.1094224924012158, 
0.25259209645010045, 0.11243656022244194, 0.9412360688956434, 
0.03882116543871401, 0.4053382766370766, 0.17426545086119555, 
0.05018084393837909, 0.27477285908770777, 0.42350557244174264, 
0.30164768921634294, 0.0873141241374967, 0.9311043566362716, 
0.047019423978566635, 0.4054065529162277, 0.171225937183384, 
0.03812458137977226, 0.345367014919189, 0.2988855116514691, 
0.043375753516409904, 0.3880344357007027, 0.2188449848024316, 
0.5620361687876758, 0.0761833870664389, 1.0, 
0.0349631614199598, 0.4843937046697531, 0.028368794326241134, 
0.05398526456798392, 0.35861158161749757, 0.27152988855116517, 
0.045251172136637645, 0.42574198136718444, 0.1408308004052685, 
0.033221701272605486, 0.3332537347668722, 0.3282674772036474, 
0.07501674480910918, 0.2668313106904802, 0.44984802431610943, 
0.04798392498325518, 0.32102357312457874, 0.3454913880445795, 
0.8287742799732082, 0.06340436329847646, 0.9989868287740629, 
0.20329537843268586, 0.20211053990496286, 0.6180344478216818, 
0.04300066979236436, 0.42967817237513944, 0.1276595744680851, 
0.09085063630274615, 0.2638998365166925, 0.44782168186423504, 
0.38818486269256525, 0.08074997431674784, 0.9989868287740629, 
0.034105827193569985, 0.41196545825609415, 0.16717325227963525, 
0.29720026791694576, 0.13620967399581105, 0.8145896656534954, 
0.2436704621567314, 0.11930653122102321, 0.8996960486322189, 
0.06971198928332217, 0.3094040949539306, 0.353596757852077, 
6.697923643670462E-4, 0.4980950286352826, 0.0, 
0.03177494976557267, 0.2570854837699805, 0.49240121580547114, 
0.08683188211654386, 0.3882846852033536, 0.20871327254305977, 
0.03584728734092432, 0.359211838680953, 0.2786220871327254, 
0.24894842598794376, 0.13187929554315214, 0.8956433637284701, 
0.03951774949765573, 0.4198780018334057, 0.1590678824721378, 
0.02529135967849966, 0.4725040305299226, 0.05673758865248227, 
0.10472873409243136, 0.216845498599478, 0.5673758865248227, 
0.058861352980576015, 0.28708517198779904, 0.4093211752786221, 
0.07402545210984596, 0.3244700183846202, 0.3252279635258359, 
0.7672873409243134, 0.06506332282674464, 0.9989868287740629, 
0.04125920964501004, 0.4230464641519792, 0.1458966565349544, 
0.05736101808439383, 0.2427592108682069, 0.48834853090172237, 
0.024594775619557935, 0.47947733028552236, 0.03850050658561297, 
0.05902210314802411, 0.3573927490417691, 0.2695035460992908, 
0.027702612190221042, 0.4583953027137437, 0.08105369807497467, 
0.2197990622906899, 0.15813432557088278, 0.7852077001013171, 
0.040830542531815145, 0.3439831811775485, 0.303951367781155, 
0.04324179504353651, 0.42965185600496786, 0.13171225937183384, 
0.038231748158071004, 0.37692562027269094, 0.22695035460992907, 
0.27456128600133956, 0.11238270619801877, 0.9361702127659575, 
0.04300066979236436, 0.42967817237513944, 0.1276595744680851, 
0.05827193569993302, 0.28988710312399724, 0.41033434650455924, 
0.0025720026791694597, 0.490006239142297, 0.017223910840932118, 
0.06802411252511721, 0.2765000724191672, 0.41134751773049644, 
0.6050100468854654, 0.07940043564020938, 0.9979736575481256, 
0.043536503683858, 0.2490786594988365, 0.47619047619047616, 
0.043027461486939055, 0.4224512899049725, 0.14387031408308004, 
0.9980709979906228, 5.145099229415948E-9, 1.0, 
0.7234025452109846, 0.07227200572696554, 0.9989868287740629, 
0.0, 1.0, 0.0, 
0.7128198258539853, 0.056842970980119575, 1.0, 
0.9110515740120563, 0.015174471213889044, 1.0, 
0.8796784996651037, 0.0334239302083299, 1.0, 
0.0, 1.0, 0.0, 
0.711078365706631, 0.06584293100865604, 1.0, 
0.0, 1.0, 0.0, 
