0.2815764482431149, 0.15243234851960344, 0.9333333333333333, 
0.17901234567901234, 1.476620803874261, 0.75, 
0.15052231718898387, 0.6222250855907951, 0.8333333333333334, 
0.24501424501424504, 0.5993738427048052, 0.8, 
0.1381766381766382, 0.7213576792178336, 0.8166666666666667, 
0.19278252611585944, 0.7160137685107479, 0.8, 
0.1590693257359924, 0.6842971901205848, 0.8166666666666667, 
0.1761633428300095, 1.0791374983353146, 0.8, 
0.17996201329534664, 1.0791374983353146, 0.7833333333333333, 
0.15289648622981955, 1.4984550449307552, 0.7666666666666667, 
0.15622032288698956, 1.234113495550062, 0.7666666666666667, 
0.154320987654321, 1.322444533955237, 0.8, 
0.19278252611585944, 1.2080966405796283, 0.7666666666666667, 
0.16904083570750236, 1.2110124995534872, 0.7833333333333333, 
0.24216524216524216, 1.0454249571923357, 0.7666666666666667, 
0.19325735992402662, 0.6852874927691412, 0.7833333333333333, 
0.16761633428300096, 0.2633179677225624, 0.95, 
0.16191832858499527, 1.2186966676342557, 0.8, 
0.4235517568850902, 0.12086629218864586, 1.0, 
0.4097815764482432, 0.12100772910989312, 1.0, 
0.3262108262108262, 0.1243293034829918, 1.0, 
0.301994301994302, 0.13086526659460027, 1.0, 
0.3561253561253562, 0.12109116405032706, 0.9833333333333333, 
0.32905982905982906, 0.12257377806963371, 1.0, 
0.28774928774928776, 0.13270819745666876, 0.9833333333333333, 
0.3214624881291548, 0.1305662348636412, 1.0, 
0.26258309591642925, 0.15559559096129433, 0.9833333333333333, 
0.2711301044634378, 0.15373179005856988, 0.9833333333333333, 
0.2402659069325736, 0.615958529153518, 0.8, 
0.1415004748338082, 0.49903039328666815, 0.9, 
0.2298195631528965, 0.19814610366131555, 0.9166666666666666, 
0.2226970560303894, 0.2625589720533152, 0.8333333333333334, 
0.20560303893637227, 0.24388676600604023, 0.9, 
0.254985754985755, 0.256405240457712, 0.8333333333333334, 
0.1989553656220323, 0.2370650031762483, 0.9166666666666666, 
0.24264007597340934, 0.17946154291174976, 0.95, 
0.2226970560303894, 0.2625589720533152, 0.8333333333333334, 
0.25213675213675213, 0.25980025566726855, 0.8333333333333334, 
0.16999050332383667, 0.291528881248831, 0.85, 
0.2250712250712251, 0.24524786347876693, 0.8666666666666667, 
0.15954415954415957, 0.2786175254554237, 0.8666666666666667, 
0.22174738841405509, 0.2411236721120077, 0.8833333333333333, 
0.18233618233618235, 0.2692037261872553, 0.8333333333333334, 
0.24501424501424504, 0.26020922254196466, 0.85, 
0.25641025641025644, 0.19943878448288643, 0.8833333333333333, 
0.29772079772079774, 0.17850733209298209, 0.9, 
0.19753086419753088, 0.30036382291914754, 0.8166666666666667, 
0.1647673314339981, 0.31062670498113687, 0.8333333333333334, 
0.1761633428300095, 0.23993028113066267, 0.9166666666666666, 
0.20465337132003797, 0.26323431119339774, 0.8166666666666667, 
0.21462488129154794, 0.24834716626610578, 0.8666666666666667, 
0.25213675213675213, 0.25980025566726855, 0.8333333333333334, 
0.14577397910731246, 0.3935778674715697, 0.8666666666666667, 
0.22174738841405509, 0.2411236721120077, 0.8833333333333333, 
0.32098765432098764, 0.1771331427962686, 0.9, 
0.15859449192782527, 0.3046299938734333, 0.8666666666666667, 
0.24216524216524216, 0.2614698634419651, 0.85, 
0.22317188983855651, 0.18377370483320157, 0.95, 
0.32241215574548904, 0.17677342288641393, 0.9, 
0.21462488129154794, 0.21865292420992952, 0.9, 
0.36087369420702753, 0.16937393301351866, 0.9, 
0.27682811016144354, 0.18652942751027435, 0.8833333333333333, 
0.33048433048433057, 0.17562037009849285, 0.9, 
0.22839506172839505, 0.20442012628215134, 0.8833333333333333, 
0.14719848053181386, 0.3162852174191769, 0.8666666666666667, 
0.2226970560303894, 0.2625589720533152, 0.8333333333333334, 
0.18803418803418803, 0.24497137048727255, 0.8833333333333333, 
0.14102564102564102, 0.5592033150723266, 0.85, 
0.19610636277302945, 0.21042801179298837, 0.95, 
0.30009496676163344, 0.17767255307783827, 0.9, 
0.32098765432098764, 0.1771331427962686, 0.9, 
0.24833808167141505, 0.17821081019356455, 0.95, 
0.32241215574548904, 0.17677342288641393, 0.9, 
0.15289648622981955, 0.4218137798244356, 0.85, 
0.3941120607787275, 0.12555814866124748, 0.95, 
0.39316239316239315, 0.1286147707457237, 0.95, 
0.3575498575498575, 0.12407378906540922, 0.9666666666666667, 
0.4292497625830959, 0.12378380177243757, 0.9666666666666667, 
0.32526115859449195, 0.1315475337741812, 0.9666666666666667, 
0.3509021842355176, 0.128035818181273, 0.9666666666666667, 
0.11633428300094968, 0.9315780759368208, 0.9, 
0.10541310541310543, 1.079332089418614, 0.8666666666666667, 
0.11158594491927824, 1.2844640265370322, 0.85, 
0.1111111111111111, 1.5099780297486847, 0.85, 
0.13770180436847107, 0.5175458863569351, 0.8666666666666667, 
0.15954415954415957, 0.577151893725104, 0.8333333333333334, 
0.12630579297245964, 0.6721135136298932, 0.8666666666666667, 
0.12488129154795821, 0.834153216912815, 0.85, 
0.15954415954415957, 0.577151893725104, 0.8333333333333334, 
0.12630579297245964, 0.7939357712582764, 0.85, 
0.13105413105413105, 0.5571111285437628, 0.8666666666666667, 
0.15004748338081672, 0.6248237651688734, 0.8333333333333334, 
0.12630579297245964, 0.6721135136298932, 0.8666666666666667, 
0.15954415954415957, 0.577151893725104, 0.8333333333333334, 
0.16761633428300096, 0.4080046052831121, 0.8166666666666667, 
0.14292497625830958, 0.49199037007936386, 0.8666666666666667, 
0.14339981006647673, 0.40291350922886987, 0.8666666666666667, 
0.12820512820512822, 0.6613724340426332, 0.8333333333333334, 
0.15527065527065526, 0.40291350922886987, 0.85, 
0.11965811965811965, 0.9712136160179059, 0.8833333333333333, 
0.21889838556505226, 0.21121063605647775, 0.9333333333333333, 
0.22792022792022792, 0.23561228102449003, 0.8833333333333333, 
0.20560303893637227, 0.2121379125389189, 0.9333333333333333, 
0.21320037986704657, 0.24024777255955404, 0.9, 
0.22459639126305797, 0.2056020534383473, 0.9166666666666666, 
0.19183285849952517, 0.2334576833515941, 0.95, 
0.30484330484330485, 0.2029652560763711, 0.8333333333333334, 
0.2815764482431149, 0.20579299961313768, 0.8333333333333334, 
0.23409306742640076, 0.20334492349420696, 0.8833333333333333, 
0.20370370370370372, 0.22507144981649035, 0.9166666666666666, 
0.25213675213675213, 0.1997542635243256, 0.8833333333333333, 
0.22792022792022792, 0.23561228102449003, 0.8833333333333333, 
0.21035137701804368, 0.21151338957366864, 0.9333333333333333, 
0.2654320987654321, 0.22931454840947021, 0.85, 
0.24169040835707503, 0.17436532770560662, 0.9666666666666667, 
0.2621082621082621, 0.1696309849855591, 0.9166666666666666, 
0.27492877492877493, 0.16426630824885438, 0.9666666666666667, 
0.28584995251661915, 0.1609184778722782, 0.9166666666666666, 
0.25071225071225073, 0.1831700790419212, 0.9, 
0.22934472934472935, 0.19531517648237734, 0.9333333333333333, 
0.2492877492877493, 0.171885555353749, 0.9333333333333333, 
0.26828110161443497, 0.16462217522812633, 0.9166666666666666, 
0.3148148148148149, 0.13471713897799628, 0.9166666666666666, 
0.23694207027540362, 0.18250659716004008, 0.9166666666666666, 
0.30151946818613484, 0.13238469147651571, 0.9333333333333333, 
0.2730294396961064, 0.18148714428785015, 0.9, 
0.30341880341880345, 0.16065625248170895, 0.9166666666666666, 
0.12013295346628682, 0.7862225479204735, 0.9, 
0.12535612535612534, 0.698189220758311, 0.9166666666666666, 
0.1353276353276353, 0.5342991520852952, 0.9333333333333333, 
0.13675213675213677, 0.5312068542151777, 0.9166666666666666, 
0.12155745489078822, 0.7064710046013171, 0.9, 
0.12440645773979109, 0.49141865758752207, 0.95, 
0.10826210826210828, 0.8564197685384513, 0.9333333333333333, 
0.11965811965811965, 0.8564197685384513, 0.9166666666666666, 
0.12440645773979109, 0.49141865758752207, 0.95, 
0.13865147198480532, 0.4510868404924137, 0.9333333333333333, 
0.13485280151946819, 0.39726537528342043, 0.95, 
0.11585944919278256, 0.5777324471550785, 0.95, 
0.13057929724596393, 0.48142161869129696, 0.95, 
0.1633428300094967, 0.26994049515014845, 0.95, 
0.12108262108262108, 0.7136238119503244, 0.8666666666666667, 
0.12108262108262108, 0.7136238119503244, 0.8666666666666667, 
0.12155745489078822, 1.5099189017353423, 0.8333333333333334, 
0.11918328584995251, 1.180507414587301, 0.85, 
0.10351377018043686, 1.3826763847766026, 0.8666666666666667, 
0.12108262108262108, 0.7136238119503244, 0.8666666666666667, 
