0.33279370952821463, 0.5599575807328314, 0.9243697478991597, 
0.24606845513413506, 0.6298720982542694, 0.9159663865546218, 
0.20513413506012948, 1.011008810538324, 0.8991596638655462, 
0.1956521739130435, 0.8685260701733445, 0.907563025210084, 
0.290009250693802, 0.6252837417327821, 0.907563025210084, 
0.2139222941720629, 1.0400314427604884, 0.8907563025210085, 
0.2150786308973173, 1.0182155468612026, 0.8907563025210085, 
0.27636447733580016, 0.6600508033397183, 0.8907563025210085, 
0.25277520814061055, 0.6706890869492496, 0.8991596638655462, 
0.2923219241443108, 0.8064589474587422, 0.8823529411764706, 
0.29417206290471787, 0.6018402107863056, 0.9159663865546218, 
0.2201665124884366, 0.9574481300895717, 0.8907563025210085, 
0.25670675300647544, 1.0246424606339832, 0.8823529411764706, 
0.2277983348751156, 1.1628066713271707, 0.8823529411764706, 
0.20675300647548564, 0.9343611299340093, 0.8991596638655462, 
0.242368177613321, 0.4877330961289284, 0.9411764705882353, 
0.20860314523589268, 0.8250571536048303, 0.8991596638655462, 
0.20143385753931545, 1.0475378518337561, 0.8907563025210085, 
0.22386679000925067, 1.520283821565615, 0.8823529411764706, 
0.20698427382053652, 0.6635391934316227, 0.9159663865546218, 
0.190795559666975, 0.9671847394319307, 0.907563025210084, 
0.19033302497687327, 1.011008810538324, 0.9159663865546218, 
0.2548566142460684, 1.1506509849523032, 0.8823529411764706, 
0.21484736355226638, 0.6517834736122831, 0.9159663865546218, 
0.29509713228492135, 0.3772355326148, 0.9411764705882353, 
0.2740518038852914, 0.41400839922656824, 0.9327731092436975, 
0.263413506012951, 0.526175444005637, 0.9327731092436975, 
0.26595744680851063, 0.4692538266842606, 0.9411764705882353, 
0.2668825161887141, 0.3995091570696972, 0.9411764705882353, 
0.17715078630897316, 1.148707558235411, 0.9327731092436975, 
0.2800647548566142, 0.6040503208081375, 0.9159663865546218, 
0.21230342275670674, 0.4632670244125553, 0.957983193277311, 
0.23913043478260868, 0.5916796240974573, 0.9327731092436975, 
0.2125346901017576, 0.44130486480969955, 0.957983193277311, 
0.23519888991674373, 0.4330818951201339, 0.9663865546218487, 
0.24167437557816834, 0.546210900143427, 0.9411764705882353, 
0.21739130434782608, 0.49465683724742415, 0.9495798319327731, 
0.16396854764107308, 0.9825573791884459, 0.9411764705882353, 
0.14107308048103606, 1.3708562087578609, 0.9663865546218487, 
0.14315448658649396, 0.9269140622508398, 0.957983193277311, 
0.22201665124884365, 0.6241868477500123, 0.9327731092436975, 
0.2224791859389454, 0.61207226614292, 0.9327731092436975, 
0.24768732654949122, 0.6018214663215343, 0.9243697478991597, 
0.22826086956521735, 0.6431360593611758, 0.9159663865546218, 
0.26040703052728953, 0.6658523700783618, 0.907563025210084, 
0.2511563367252544, 0.6718535442913574, 0.907563025210084, 
0.25693802035152635, 0.5834905884402953, 0.9243697478991597, 
0.2537002775208141, 0.4100730569958081, 0.9747899159663865, 
0.34019426456984275, 0.3713265318061929, 0.9747899159663865, 
0.3589269195189639, 0.33651918813624787, 0.9747899159663865, 
0.263413506012951, 0.46306877287754067, 0.9495798319327731, 
0.27220166512488436, 0.39496169202215675, 0.9915966386554622, 
0.38783533765032374, 0.33052013162626226, 0.9831932773109243, 
0.3448196114708603, 0.33234379385854346, 0.9915966386554622, 
0.35753931544865863, 0.3316891849425283, 0.9915966386554622, 
0.3658649398704903, 0.330757294049675, 0.9831932773109243, 
0.3496762257169288, 0.3342187481781152, 0.9831932773109243, 
0.3589269195189639, 0.3318245249550327, 0.9831932773109243, 
0.3614708603145235, 0.33140073043182494, 0.9831932773109243, 
0.330018501387604, 0.3326402468878095, 1.0, 
0.3628584643848289, 0.330757294049675, 0.9915966386554622, 
0.3633209990749306, 0.3310537470789411, 0.9831932773109243, 
0.3172987974098057, 0.3348621845602651, 0.9831932773109243, 
0.35753931544865863, 0.3316891849425283, 0.9915966386554622, 
0.35753931544865863, 0.3316891849425283, 0.9915966386554622, 
0.2846901017576318, 0.33626716116436983, 0.9831932773109243, 
0.18940795559666973, 0.995559095533412, 0.9243697478991597, 
0.17206290471785382, 1.196722111618651, 0.9327731092436975, 
0.17923219241443109, 0.9781687367882247, 0.9327731092436975, 
0.19819611470860315, 0.7221805176360885, 0.9327731092436975, 
0.204209065679926, 0.6570623485893133, 0.9411764705882353, 
0.20143385753931545, 0.704061460840086, 0.9327731092436975, 
0.18131359851988899, 0.9066579130202395, 0.9411764705882353, 
0.20559666975023128, 0.6574186914785216, 0.9327731092436975, 
0.18709528214616095, 0.7301728557561281, 0.9327731092436975, 
0.2028214616096207, 0.6927513575339627, 0.9327731092436975, 
0.17830712303422758, 1.0166232881189692, 0.9243697478991597, 
0.17183163737280294, 1.546882079958534, 0.9327731092436975, 
0.16211840888066603, 1.3513391074071748, 0.9411764705882353, 
0.19750231267345048, 0.5045313816771989, 0.9663865546218487, 
0.18617021276595747, 0.5263505277681548, 0.9663865546218487, 
0.20860314523589268, 0.4793528679467845, 0.9831932773109243, 
0.18362627197039777, 0.5336291796601543, 0.9663865546218487, 
0.20698427382053652, 0.6310957649474386, 0.9411764705882353, 
0.1567992599444958, 0.6032468581920655, 0.9831932773109243, 
0.23589269195189635, 0.48178900848555983, 0.9495798319327731, 
0.15101757631822385, 0.6454266217836866, 0.957983193277311, 
0.16743755781683625, 0.5897890028383519, 0.9663865546218487, 
0.20467160037002774, 0.47953276605571327, 0.957983193277311, 
0.16674375578168363, 0.5915088112899308, 0.9663865546218487, 
0.2553191489361702, 0.4637148144914509, 0.9495798319327731, 
0.18246993524514338, 0.6622497459061094, 0.9411764705882353, 
0.1567992599444958, 0.6032468581920655, 0.9831932773109243, 
0.1581868640148011, 0.5663091509999643, 0.9831932773109243, 
0.20004625346901017, 0.4897342239048105, 0.9831932773109243, 
0.15078630897317297, 0.9753182171252356, 0.9495798319327731, 
0.18085106382978725, 0.5288922792225038, 0.9831932773109243, 
0.17252543940795562, 0.5820573554823604, 0.9747899159663865, 
0.1505550416281221, 0.6497133808319053, 0.957983193277311, 
0.19125809435707677, 0.5141402077026862, 0.9747899159663865, 
0.22687326549491213, 0.48795067614753007, 0.9495798319327731, 
0.19125809435707677, 0.5141402077026862, 0.9747899159663865, 
0.21785383903792782, 0.6034055284866503, 0.9411764705882353, 
0.16975023126734504, 0.5885970204355396, 0.9747899159663865, 
0.19703977798334874, 0.5457721293464154, 0.957983193277311, 
0.16026827012025902, 0.601695292865224, 0.957983193277311, 
0.18270120259019426, 0.5663091509999643, 0.957983193277311, 
0.24306197964847362, 0.47205638570642094, 0.9495798319327731, 
0.2062904717853839, 0.6435922491541681, 0.9411764705882353, 
0.20814061054579092, 0.6036421830676146, 0.9411764705882353, 
0.17738205365402404, 0.5820346803170384, 0.9495798319327731, 
0.1669750231267345, 0.591957413916744, 0.9495798319327731, 
0.1574930619796485, 0.6400196232353441, 0.9495798319327731, 
0.19542090656799257, 0.5230795653421174, 0.9663865546218487, 
0.17368177613320998, 0.583837013166486, 0.9495798319327731, 
0.17946345975948194, 0.5787167576997956, 0.9495798319327731, 
0.1491674375578168, 0.8057022114263496, 0.957983193277311, 
0.2129972247918594, 0.5692701162386361, 0.9495798319327731, 
