5.375534865719139E-4, 0.4984431449742733, 0.0, 
0.07837529834218505, 0.41053028032090183, 0.16950527169505272, 
0.08063302298578709, 0.2327096588683249, 0.5815085158150851, 
0.07248371212935686, 0.31333122440766875, 0.3560421735604217, 
0.08314877330294365, 0.34714159032034525, 0.2822384428223844, 
0.38149095835035585, 0.06836164675496763, 0.9927007299270073, 
0.03171565570774292, 0.29253403384534765, 0.41849148418491483, 
0.2548003526350872, 0.1226178086703432, 0.8913219789132197, 
0.031135097942245248, 0.36797900034382486, 0.25060827250608275, 
0.06923688907046252, 0.4486364031052504, 0.09245742092457421, 
0.8040510030748059, 0.04776243251600725, 0.9991889699918897, 
0.004558453566129824, 0.49086845673466883, 0.07948094079480941, 
0.030791063710839228, 0.30402237920750397, 0.4095701540957015, 
0.05379835293611715, 0.44079697630287934, 0.09975669099756691, 
0.041198099210871475, 0.3018056312248357, 0.35766423357664234, 
0.8083299288279184, 0.044895992644812935, 1.0, 
0.04250972971810696, 0.4713776132931513, 0.046228710462287104, 
0.03236071989162921, 0.4804007530256367, 0.030008110300081103, 
0.03266174984410949, 0.37931222853983804, 0.23682076236820762, 
0.03279076268088675, 0.3929298817324358, 0.1922141119221411, 
0.030791063710839228, 0.30402237920750397, 0.4095701540957015, 
0.06442040983077817, 0.3589447504953911, 0.25141930251419303, 
0.06674264089276882, 0.44526150786025803, 0.09732360097323602, 
0.04620809770572173, 0.348118768179596, 0.30413625304136255, 
0.04728320467886555, 0.41458088092779194, 0.1549067315490673, 
0.08207366632979982, 0.24080321016186698, 0.5141930251419302, 
0.043541832412325024, 0.4463746774242517, 0.09651257096512571, 
0.029694454598232528, 0.4751014140652666, 0.038929440389294405, 
0.5658287999655965, 0.0641940206507088, 0.9991889699918897, 
0.0715376179929903, 0.3945603768771951, 0.18491484184914841, 
0.03818779968606876, 0.3823504195831248, 0.22060016220600162, 
0.0399939794009504, 0.31475501201143646, 0.3519870235198702, 
0.7425118799320533, 0.04985745755820288, 1.0, 
0.040617541445373814, 0.3967386316418636, 0.18329278183292783, 
0.03418840174597372, 0.3039451621505288, 0.40551500405515006, 
0.04820779667576924, 0.31815529825140737, 0.32684509326845096, 
0.07783774485561314, 0.3765896684037247, 0.22627737226277372, 
0.860472617025394, 0.03460672018651014, 1.0, 
0.0011826176704582045, 0.49438030912063785, 0.0056772100567721, 
0.03365084825940181, 0.45401575080382495, 0.0770478507704785, 
0.057604231621046297, 0.40424755567801385, 0.17274939172749393, 
0.06461392908594404, 0.43557461320562724, 0.11273317112733171, 
0.5658287999655965, 0.0641940206507088, 0.9991889699918897, 
0.08560001720171158, 0.21549857954483628, 0.6528791565287916, 
0.7081944653493023, 0.057425741274892174, 0.9991889699918897, 
0.06943040832562841, 0.41581437472815475, 0.154095701540957, 
0.028683854043477335, 0.45915251585316785, 0.07218167072181671, 
0.03636011783172425, 0.41592624396342, 0.16058394160583941, 
0.09015847076784142, 0.4022864330951404, 0.17437145174371452, 
0.7706796826284216, 0.05862605561123813, 0.9983779399837794, 
0.0839228503236072, 0.35183244585829637, 0.2635847526358475, 
5.375534865719139E-4, 0.4984431449742733, 0.0, 
0.032382222031092096, 0.3687415456266609, 0.24087591240875914, 
0.0384243232201604, 0.33301783752408903, 0.31792376317923765, 
0.34377620573247036, 0.11803261057955959, 0.8661800486618005, 
0.059517922033242306, 0.2716457367639018, 0.45985401459854014, 
0.0479712731416776, 0.38595546531068714, 0.19464720194647203, 
0.16057797750876213, 0.21890007682026555, 0.583941605839416, 
0.04306878534414175, 0.44980208861175264, 0.08921330089213302, 
0.287763132431677, 0.18043217778782217, 0.7055961070559611, 
0.0462295998451846, 0.3691589702536511, 0.2360097323600973, 
0.30126647601436346, 0.13339338146998247, 0.8256285482562855, 
0.2237727653901563, 0.17019279545287577, 0.7274939172749392, 
0.018448835659148084, 0.49254667786612055, 0.012165450121654502, 
0.0384243232201604, 0.33301783752408903, 0.31792376317923765, 
0.24697357387060015, 0.13166376974708735, 0.870235198702352, 
0.043692347388565166, 0.35896753285214966, 0.26682887266828875, 
0.042445223299718324, 0.2969528608187988, 0.39416058394160586, 
0.2857419313221665, 0.18024471134912137, 0.7064071370640713, 
0.06334530285763433, 0.4591078273671977, 0.07380373073803731, 
0.033285311888532905, 0.47960339697128923, 0.0373073803730738, 
0.040768056421613956, 0.448972093852219, 0.09002433090024331, 
0.06257122583697078, 0.3476654580917528, 0.2935928629359286, 
0.21588148020728065, 0.18063423083804056, 0.7039740470397404, 
0.21218311221966588, 0.2276907153662137, 0.5523114355231143, 
0.049003375835895674, 0.38166368736671974, 0.22060016220600162, 
0.0384243232201604, 0.33301783752408903, 0.31792376317923765, 
0.9921087148171243, 0.014535135241787886, 1.0, 
0.07512847528329068, 0.2698671347139121, 0.45985401459854014, 
0.05483045563033522, 0.4500205045175658, 0.08759124087591241, 
0.07039800460145784, 0.35588137837287537, 0.2708840227088402, 
0.03909088954350958, 0.4402617970902398, 0.1111111111111111, 
0.03259724342572085, 0.3593922426349692, 0.2635847526358475, 
0.03896187670673232, 0.47817474165697327, 0.0340632603406326, 
0.131163050723547, 0.19140957654099786, 0.6536901865369019, 
0.02494248177693681, 0.46774792482223865, 0.08353609083536091, 
0.15053647837959877, 0.2024002367712209, 0.6180048661800487, 
0.04317629604145612, 0.26218227374597225, 0.49959448499594483, 
5.375534865719139E-4, 0.4984431449742733, 0.0, 
0.25802567355451866, 0.11023737732014767, 0.9407948094079481, 
0.03614509643709549, 0.4166092184015567, 0.17193836171938362, 
0.19941084137871717, 0.2070947802623695, 0.6017842660178426, 
0.042918270367901606, 0.4357394386998583, 0.12489862124898621, 
0.2476616423334122, 0.13147799210592373, 0.8475263584752636, 
0.3489582213430236, 0.07992518556865054, 0.9472830494728305, 
0.025243511729417082, 0.48469534181418106, 0.025952960259529603, 
0.15277270088373793, 0.23983872636836112, 0.5312246553122466, 
0.13720515191261531, 0.20377128331821326, 0.6090835360908353, 
0.12486292386092415, 0.20750477766043623, 0.6098945660989457, 
0.15053647837959877, 0.2024002367712209, 0.6180048661800487, 
0.30453480121272064, 0.10657932687457976, 0.9529602595296026, 
0.048960371556969924, 0.46302265609717097, 0.06326034063260341, 
0.046186595566258835, 0.47379432243739694, 0.0413625304136253, 
0.11862730341668996, 0.2263841818983752, 0.5733982157339822, 
0.2217085600017202, 0.14783461058175523, 0.8045417680454177, 
0.16212613155008926, 0.20593851739588867, 0.6058394160583942, 
0.0601629862171286, 0.4474266172293064, 0.09407948094079481, 
0.13167910207065603, 0.19016765923790704, 0.6536901865369019, 
0.04545552282452104, 0.4504656025603092, 0.0867802108678021, 
0.3144902917840325, 0.08295865758253387, 0.943227899432279, 
0.1335282860644634, 0.23903908216626152, 0.5417680454176804, 
0.03313479691229276, 0.387356218350421, 0.2360097323600973, 
0.21284967854301506, 0.18869100370278694, 0.721816707218167, 
0.30361020921581694, 0.13175726771982632, 0.8467153284671532, 
0.04382136022534243, 0.43508552404655004, 0.11597729115977291, 
0.08121358075128475, 0.48345475669414806, 0.0267639902676399, 
0.3720515191261531, 0.06861284608228144, 0.9991889699918897, 
0.0313716214763369, 0.45664434820095384, 0.0827250608272506, 
0.2639387619068097, 0.11868553006040496, 0.9042984590429846, 
0.026705657212892687, 0.30605271671800244, 0.4306569343065693, 
0.551486872943858, 0.06657277469256496, 0.9983779399837794, 
5.375534865719139E-4, 0.4984431449742733, 0.0, 
0.03644612638957577, 0.4108561283760812, 0.1630170316301703, 
0.7880534113144257, 0.04899123041514471, 1.0, 
0.9575762788397445, 0.014618867396396252, 1.0, 
0.03891887242780657, 0.453567086175752, 0.08921330089213302, 
0.036059087879243994, 0.3851532496957209, 0.2360097323600973, 
0.0016126604597157417, 0.4969242895451453, 0.0016220600162206002, 
0.04614359128733309, 0.2770183935906897, 0.4720194647201946, 
0.23826520738813511, 0.13409349520969263, 0.8564476885644768, 
0.042165695486700926, 0.2667430896708787, 0.4906731549067315, 
0.3497107962242243, 0.1010830391427612, 0.9310624493106245, 
0.0015481540413271096, 0.493802063257983, 0.008110300081103, 
0.021029092394693274, 0.4802295340219086, 0.035685320356853206, 
0.23826520738813511, 0.13409349520969263, 0.8564476885644768, 
0.07848280903949943, 0.30971133898024, 0.35117599351175993, 
0.07957941815210615, 0.26871011830936237, 0.4468775344687753, 
0.18367127529189156, 0.20017563225659032, 0.616382806163828, 
0.2627131399574258, 0.12071847951314883, 0.878345498783455, 
5.375534865719139E-4, 0.4984431449742733, 0.0, 
0.09312576601371837, 0.2325010072387638, 0.5563665855636658, 
0.11798223923280368, 0.2030371251206258, 0.6455798864557989, 
0.033457329004235925, 0.2880372089635754, 0.41362530413625304, 
0.15060098479798742, 0.25121954816978076, 0.4931062449310625, 
0.030361020921581692, 0.3273841717184526, 0.3333333333333333, 
0.05566903906938741, 0.45298357369654385, 0.0827250608272506, 
0.050272002064205394, 0.2776428718002692, 0.41281427412814276, 
0.2746468273593222, 0.11963901519375394, 0.8775344687753447, 
0.1446663943062335, 0.2016629688248882, 0.6334144363341444, 
0.2037757756896811, 0.16554825420168026, 0.7388483373884833, 
0.06306577504461694, 0.2724955362924666, 0.45174371451743717, 
0.06893585911798225, 0.35517615925305357, 0.28304947283049475, 
0.03483346592986003, 0.3484656586917367, 0.29683698296836986, 
0.050272002064205394, 0.2776428718002692, 0.41281427412814276, 
0.17902681316791022, 0.18321981026446235, 0.7250608272506083, 
0.6731889823037392, 0.06368640868447176, 0.9975669099756691, 
0.050272002064205394, 0.2776428718002692, 0.41281427412814276, 
0.2564560173737287, 0.19007500070789846, 0.6942416869424168, 
0.2037757756896811, 0.16554825420168026, 0.7388483373884833, 
0.002107209667361896, 0.49267832896250713, 0.008921330089213302, 
0.05055152987722278, 0.3434348440464837, 0.31062449310624496, 
0.07125809017997291, 0.2585257508615, 0.4606650446066504, 
0.035844066484615224, 0.30614923126596916, 0.37875101378751014, 
0.11862730341668996, 0.20295694743658702, 0.6455798864557989, 
0.04263874255488421, 0.464305981649774, 0.06731549067315491, 
0.04358483669125079, 0.41652396573444034, 0.1573398215733982, 
0.0, 1.0, 0.0, 
5.375534865719139E-4, 0.4984431449742733, 0.0, 
0.03730621196809083, 0.4154604243947198, 0.16220600162206, 
0.060076977659277095, 0.4000279693683256, 0.17842660178426603, 
0.3168340249854861, 0.11718975743408235, 0.916463909164639, 
0.5583675575719784, 0.06541617041012192, 0.9991889699918897, 
0.09471692433397122, 0.22636275088802205, 0.6050283860502839, 
0.3168340249854861, 0.11718975743408235, 0.916463909164639, 
0.04665964263444213, 0.40191417779995636, 0.17680454176804541, 
0.09342679596619864, 0.3300125239568938, 0.32035685320356855, 
0.03264024770464661, 0.4892166261760258, 0.016220600162206, 
0.03722020341023932, 0.43142957628277284, 0.15085158150851583, 
0.27972133227256113, 0.131220285170101, 0.8759124087591241, 
5.375534865719139E-4, 0.4984431449742733, 0.0, 
0.03496247876663728, 0.4067570420769156, 0.1735604217356042, 
0.029715956737695403, 0.29184766727442474, 0.42903487429034876, 
0.03178016212613155, 0.3682351444756139, 0.2441200324412003, 
0.02917840325112349, 0.45698472669921836, 0.0770478507704785, 
0.02988797385339841, 0.25811680678674387, 0.5028386050283861, 
0.03788676973358849, 0.39020237635131055, 0.22708840227088403, 
0.7000451544928721, 0.06034600856642694, 0.9991889699918897, 
0.03281226482034962, 0.3490874284815279, 0.29521492295214924, 
0.041735652697443386, 0.43597260179282554, 0.1151662611516626, 
0.038574838196400535, 0.4306453072529296, 0.1273317112733171, 
0.024662953963919407, 0.4857835021082687, 0.0267639902676399, 
0.16025544541681896, 0.22610611820100443, 0.5831305758313058, 
0.04812178811791774, 0.2839618653912299, 0.43552311435523117, 
0.8934784011009095, 0.026099817468541803, 1.0, 
0.061625131700604206, 0.35665380819848963, 0.2781832927818329, 
0.2752703894037457, 0.13465325725268784, 0.8450932684509327, 
0.022835272109574898, 0.4868123522821989, 0.023519870235198703, 
0.04921839723052444, 0.4711231764614419, 0.05596107055961071, 
0.055174489861741234, 0.4529893513356987, 0.08434712084347121, 
0.9926032640247705, 0.006819464456877594, 1.0, 
0.043262304599307626, 0.3769601073659896, 0.2303325223033252, 
0.07663362504569204, 0.3471254820949778, 0.28872668288726683, 
0.039671447309007256, 0.4155560017008031, 0.16058394160583941, 
0.09331928526888426, 0.23953590010165066, 0.5352798053527981, 
0.027995785580665282, 0.32247767962088936, 0.3422546634225466, 
0.04848732448878663, 0.24868676046185778, 0.5141930251419302, 
0.03126411077902251, 0.3491520814310921, 0.29764801297648014, 
0.03915539596189821, 0.4155991533744064, 0.15896188158961883, 
0.9555335755907712, 0.02101763227626646, 1.0, 
0.7000451544928721, 0.06034600856642694, 0.9991889699918897, 
0.37445975874599524, 0.0673141101144841, 1.0, 
1.0, 0.0, 1.0, 
0.0, 1.0, 0.0, 
0.5292536607392435, 0.06249959349473656, 1.0, 
0.33938976928204356, 0.11576095365888983, 0.8832116788321168, 
0.2855054077880749, 0.17275941263675404, 0.7242497972424979, 
0.03098458296600511, 0.45471732272009646, 0.09407948094079481, 
0.21844023480336294, 0.16433238781758275, 0.7753446877534469, 
0.35375319844324515, 0.07117398276902626, 0.9797242497972425, 
5.375534865719139E-4, 0.4984431449742733, 0.0, 
0.17879028963381857, 0.20047786732301517, 0.624493106244931, 
0.2268045670544219, 0.12199494524813095, 0.8929440389294404, 
0.12458339604790676, 0.19346627973398003, 0.6731549067315491, 
0.09648009976992712, 0.23423769001663974, 0.551500405515004, 
0.27167953211344525, 0.1886648794344288, 0.6796431467964315, 
0.021179607370933412, 0.48391182764401686, 0.0340632603406326, 
0.06362483067065174, 0.34834566111334947, 0.28386050283860503, 
0.07994495452297505, 0.2431518026365443, 0.5693430656934306, 
0.32289762831401725, 0.10876285464358404, 0.9197080291970803, 
0.308663211989593, 0.09769950232936171, 0.9391727493917275, 
0.29399875287591115, 0.08487203501536733, 0.9537712895377128, 
0.59014771969811, 0.060914165256994675, 0.9991889699918897, 
0.28427978583869096, 0.13050161426136642, 0.851581508515815, 
0.0943943922420281, 0.21687011684974083, 0.6374695863746959, 
0.0179757885909648, 0.48681439306857965, 0.0202757502027575, 
0.03937041735652698, 0.363059734223101, 0.2570965125709651, 
0.22345023329821315, 0.18892446283643374, 0.7015409570154095, 
0.2800438643645043, 0.13635630813532984, 0.8353609083536091, 
0.23347023028791367, 0.13674912658351784, 0.8588807785888077, 
0.04541251854559528, 0.43902511820935175, 0.11435523114355231, 
0.03947792805384136, 0.44653862030315317, 0.10948905109489052, 
0.2724966134130346, 0.11559797907971091, 0.9391727493917275, 
0.03005999096910142, 0.374259391463678, 0.25060827250608275, 
0.02907089255380911, 0.32987214648878044, 0.32684509326845096, 
5.375534865719139E-4, 0.4984431449742733, 0.0, 
0.0473262089577913, 0.25262206071319615, 0.48580697485806973, 
0.0736448276603522, 0.357728722214047, 0.2684509326845093, 
0.03554303653213495, 0.4168610567273908, 0.1630170316301703, 
0.08031049089384393, 0.3067648716480303, 0.35523114355231145, 
0.12340077837744856, 0.19527577728533327, 0.6480129764801298, 
0.09286774034016385, 0.22650724979747072, 0.5652879156528792, 
0.035865568624078095, 0.2859951723395265, 0.41849148418491483, 
0.04794977100221472, 0.25422582937589355, 0.48418491484184917, 
0.03330681402799579, 0.45685848671543094, 0.0786699107866991, 
0.06459242694648118, 0.27040761490496945, 0.43876723438767234, 
0.13834476530414777, 0.20309713701578697, 0.6447688564476886, 
0.6423334121745115, 0.06501507031203148, 0.9983779399837794, 
0.04023050293504204, 0.43076355501944313, 0.12570965125709652, 
0.23832971380652376, 0.135304115682463, 0.8483373884833739, 
0.08013847377814091, 0.34652524574032845, 0.2911597729115977, 
0.0386178424753263, 0.3813256454752473, 0.22303325223033252, 
0.041176597071408604, 0.29703595397488686, 0.3909164639091646, 
0.048229298815232115, 0.25945455470453516, 0.4793187347931874, 
0.09190014406433439, 0.40855569097086697, 0.1654501216545012, 
0.04794977100221472, 0.25422582937589355, 0.48418491484184917, 
0.03233921775216634, 0.4838293118113075, 0.025952960259529603, 
0.172275141376567, 0.23396124705388202, 0.5506893755068938, 
0.04775625174704883, 0.2955308234674414, 0.3957826439578264, 
0.049841959274947854, 0.27997844465256144, 0.4257907542579075, 
0.27664652632936976, 0.11773325287875727, 0.9383617193836172, 
0.04481045864063475, 0.46426616395810916, 0.06001622060016221, 
0.0013116305072354687, 0.4975370939720361, 0.0024330900243309003, 
0.06130259960866106, 0.3673995833142853, 0.2546634225466342, 
0.13989291934547488, 0.1971332261579141, 0.6415247364152473, 
0.026576644376115423, 0.49156213158959927, 0.017842660178426603, 
0.04425140301459995, 0.4779620108776025, 0.0340632603406326, 
0.04648762551873911, 0.2685892231373969, 0.47039740470397406, 
0.2955684090567012, 0.14164834321705966, 0.8142741281427412, 
0.15677209882383297, 0.22595283631085966, 0.5855636658556367, 
0.02947943320360376, 0.4643185832028066, 0.0575831305758313, 
0.05037951276151977, 0.42549891669640305, 0.14193025141930252, 
0.8521942933321865, 0.03678124030108839, 1.0, 
0.03463994667469413, 0.36793967385060894, 0.24493106244931062, 
0.349237749156041, 0.10575204736315359, 0.9197080291970803, 
0.04648762551873911, 0.4853615963417069, 0.025141930251419302, 
0.0335648397015503, 0.42438125409834626, 0.16139497161394972, 
0.2878276388500656, 0.17685757138584415, 0.7145174371451744, 
0.03352183542262456, 0.3247646524616257, 0.33738848337388483, 
0.7672608424538241, 0.05331310274444037, 0.9991889699918897, 
0.08157911712215365, 0.22905266659197163, 0.5652879156528792, 
0.7090545509278173, 0.051602630800389133, 1.0, 
0.027092695723224463, 0.4600081610838115, 0.0746147607461476, 
0.1180467456511923, 0.19960647092202013, 0.6463909164639091, 
0.07181714580600772, 0.44521557089320785, 0.09732360097323602, 
0.052465220289418794, 0.25025542759880504, 0.49878345498783455, 
0.03713419485238782, 0.2875396165646228, 0.40308191403081917, 
5.375534865719139E-4, 0.4984431449742733, 0.0, 
0.7672608424538241, 0.05331310274444037, 0.9991889699918897, 
0.10376932504784227, 0.22408677053992834, 0.5944849959448499, 
0.6945621089298385, 0.05356248177400446, 1.0, 
0.037628744060033976, 0.2907016001899186, 0.39740470397404704, 
0.27344270754940114, 0.1599553576470357, 0.7380373073803731, 
0.03984346442471026, 0.43946834969798926, 0.10218978102189781, 
0.7672608424538241, 0.05331310274444037, 0.9991889699918897, 
0.055282000559055626, 0.24451171395699484, 0.49635036496350365, 
0.07635409723267467, 0.3675994662805939, 0.25060827250608275, 
0.29053690842238805, 0.1313268983616945, 0.8499594484995945, 
0.06618358526673404, 0.4166310474368413, 0.1516626115166261, 
0.04229470832347819, 0.4261056150640103, 0.13381995133819952, 
0.09460941363665686, 0.20448287480176927, 0.6236820762368208, 
0.04859483518610102, 0.3761037378929693, 0.22708840227088403, 
0.056701141763605474, 0.3311602633188098, 0.31873479318734793, 
0.06282925151052529, 0.2712974219965277, 0.4630981346309814, 
0.04835831165200938, 0.4288545538784407, 0.1192214111922141, 
0.04562753994022405, 0.2963042035307726, 0.38767234387672345, 
0.04425140301459995, 0.462514974966668, 0.07137064071370641, 
0.1024576945406068, 0.21975192572567726, 0.6050283860502839, 
0.039219902380286845, 0.40263116013142214, 0.1792376317923763, 
0.7090545509278173, 0.051602630800389133, 1.0, 
0.09953340357365559, 0.20946711282064656, 0.6188158961881589, 
0.05586255832455329, 0.24447151498079409, 0.49635036496350365, 
0.300470896854237, 0.1452387611429205, 0.7639902676399026, 
0.06110908035349518, 0.3286387685495764, 0.3236009732360097, 
0.04014449437719053, 0.41996360181607356, 0.1435523114355231, 
0.035435525834820555, 0.29072849958264524, 0.3982157339821573, 
0.030855570129227863, 0.3345681056446963, 0.31305758313057586, 
0.04764874104973444, 0.45992806225584654, 0.06731549067315491, 
0.05751822306319479, 0.34777787865873, 0.28548256285482565, 
0.2792697873438407, 0.152763373132402, 0.7437145174371452, 
0.04633711054249897, 0.264484292678031, 0.4882400648824006, 
0.506719418582149, 0.06805906983204381, 0.9967558799675588, 
0.0, 1.0, 0.0, 
0.4832605844281506, 0.0666265023313371, 0.9975669099756691, 
0.888532909024448, 0.04688193220331164, 0.9991889699918897, 
