0.7052512704686619, 0.21251631773719193, 0.9937205651491365, 
0.5929288103201147, 0.22410473490485797, 0.9984301412872841, 
0.4858619641228337, 0.23414710311897452, 0.9921507064364207, 
0.06606437041219651, 0.4440801097054967, 0.5180533751962323, 
0.6162098770794423, 0.21260104621805498, 0.9921507064364207, 
0.24614515918863747, 0.25949866214967515, 0.8649921507064364, 
0.07918168787734003, 0.849297962939526, 0.11930926216640503, 
0.07392607392607395, 0.6776479076963609, 0.260596546310832, 
0.0, 1.0, 0.0, 
0.035442818051513704, 0.4756174258297523, 0.478806907378336, 
0.10402640837423448, 0.375608020178926, 0.5808477237048666, 
0.02449724188854624, 0.7902406152552945, 0.17582417582417584, 
0.02601746080006949, 0.7151565790194422, 0.24175824175824176, 
0.02462754636667681, 0.6209945575237779, 0.3092621664050236, 
0.06324110671936758, 0.5087106361307715, 0.41915227629513346, 
0.214220562046649, 0.31707467027077374, 0.7456828885400314, 
0.12726404030751856, 0.3898397106116199, 0.5698587127158555, 
0.20301437692742041, 0.2752545577222507, 0.8555729984301413, 
0.0718846371020284, 0.7938842853170041, 0.16483516483516483, 
0.026191200104243587, 0.5312251734720357, 0.3814756671899529, 
0.01724362593927811, 0.8990427911683949, 0.07849293563579278, 
0.06028753854840811, 0.5859937625356603, 0.32653061224489793, 
0.07766146896581681, 0.4593596212358836, 0.5007849293563579, 
0.034096338444164535, 0.7540322984415729, 0.20408163265306123, 
0.03366199018372931, 0.5683319254960768, 0.3469387755102041, 
0.05333796638144465, 0.5210176955604975, 0.41601255886970173, 
0.036963036963036974, 0.8670228027114478, 0.10361067503924647, 
0.1833818355557486, 0.2806783091650123, 0.8430141287284144, 
0.029665986187725313, 0.5394088958820146, 0.36891679748822603, 
0.0036919602136993505, 0.9777387053423453, 0.018838304552590265, 
0.11219215567041654, 0.38224904087027495, 0.5729984301412873, 
0.12213873083438301, 0.35460190513492346, 0.783359497645212, 
0.06406636841419451, 0.8024036915995758, 0.16012558869701726, 
0.09238587499457067, 0.6466135993040973, 0.2904238618524333, 
0.037484254875559224, 0.8339408138855365, 0.13657770800627944, 
0.8409851018546671, 0.13696785287652977, 0.9984301412872841, 
0.03279329366285889, 0.6024885829046065, 0.32653061224489793, 
0.04404291360813101, 0.8462801324129482, 0.12401883830455258, 
0.032011466794075495, 0.48482043634041616, 0.46153846153846156, 
0.0804412978326022, 0.45641196193422245, 0.49921507064364207, 
0.030969030969030965, 0.9433401421472077, 0.06436420722135008, 
0.01993658515397646, 0.9483102432554386, 0.03924646781789639, 
0.04821265690830909, 0.4835669325469316, 0.4521193092621664, 
0.03561655735568779, 0.7456103901780817, 0.2119309262166405, 
0.19788906745428486, 0.27543062192658313, 0.8492935635792779, 
0.05060157234070277, 0.5654593159767817, 0.34850863422291994, 
0.024193198106241588, 0.6260208805483587, 0.30612244897959184, 
0.04565000217174131, 0.5267340934878871, 0.37676609105180536, 
0.19827998088867654, 0.3061711763126883, 0.8053375196232339, 
0.054032923598141, 0.5094646274491542, 0.4097331240188383, 
0.06949572166963472, 0.7139698146319716, 0.23547880690737832, 
0.692698605742084, 0.18003131737838401, 0.9984301412872841, 
0.03765799417973332, 0.796924788756502, 0.16483516483516483, 
0.11518915866741955, 0.39144026777477586, 0.5698587127158555, 
0.03175085783781435, 0.5823797188951585, 0.3469387755102041, 
0.20301437692742041, 0.2752545577222507, 0.8555729984301413, 
0.04630152456239413, 0.4620393343381846, 0.46467817896389324, 
0.05086218129696391, 0.8195471821304592, 0.14285714285714285, 
0.5925813317117665, 0.23319601173584792, 0.9984301412872841, 
0.07970290578986232, 0.8492524118213097, 0.12244897959183673, 
0.035529687703600744, 0.7506355519350595, 0.2119309262166405, 
0.20301437692742041, 0.2752545577222507, 0.8555729984301413, 
0.018633540372670804, 0.9643276125904912, 0.029827315541601257, 
0.09195152673413544, 0.4143785946612428, 0.5635792778649922, 
0.05151370368761673, 0.5051694580674855, 0.44427001569858715, 
0.036311514572384136, 0.6135980318131797, 0.3218210361067504, 
0.04287017330495592, 0.693435723149606, 0.2543171114599686, 
0.02705989662511402, 0.5476850201260848, 0.36577708006279436, 
0.03479129566086089, 0.9148859368818335, 0.061224489795918366, 
0.06693306693306694, 0.4223249462196312, 0.6153846153846154, 
0.0468227424749164, 0.6487126442426415, 0.28885400313971743, 
0.03175085783781435, 0.7554761866839665, 0.20722135007849293, 
0.02892759414498545, 0.5573968103445126, 0.3563579277864992, 
0.018546670720583764, 0.9592363361154588, 0.03296703296703297, 
0.07579377144594537, 0.8084069578682395, 0.152276295133438, 
0.05789862311601442, 0.5040642855048334, 0.4207221350078493, 
0.040654997176736304, 0.4956475536048989, 0.4521193092621664, 
0.02249923989054424, 0.5845695171612043, 0.423861852433281, 
0.08057160231073274, 0.4397587580566872, 0.5227629513343799, 
0.0, 1.0, 0.0, 
0.21834687052078355, 0.3250691809535277, 0.7378335949764521, 
0.1305216522607827, 0.32608607250802135, 0.7786499215070644, 
0.02992659514398645, 0.5199136349247915, 0.4850863422291994, 
0.19245971419884464, 0.3356970535968586, 0.7378335949764521, 
0.21487208443730182, 0.27069609514138243, 0.8540031397174255, 
0.024106328454154544, 0.6786877787807137, 0.31711145996860285, 
0.036441819050514704, 0.8554162255387999, 0.15698587127158556, 
0.040654997176736304, 0.4956475536048989, 0.4521193092621664, 
0.04113278026321504, 0.4947899627665623, 0.4489795918367347, 
0.17890804847326586, 0.2874207143332544, 0.8351648351648352, 
0.033097337445163535, 0.6476030063505417, 0.30141287284144425, 
0.04521565391130609, 0.8122527210929525, 0.16012558869701726, 
0.040654997176736304, 0.4956475536048989, 0.4521193092621664, 
0.1585371150588542, 0.31314738570789497, 0.8131868131868132, 
0.03891760413499545, 0.9474321108443425, 0.054945054945054944, 
0.26425748164878604, 0.2969663542950503, 0.8053375196232339, 
0.1411631846414455, 0.3280845444472616, 0.7394034536891679, 
0.037484254875559224, 0.7149627098866409, 0.2543171114599686, 
0.22047517699691616, 0.33462470402511363, 0.7362637362637363, 
0.07088563610302741, 0.4430418880088167, 0.5463108320251178, 
0.032011466794075495, 0.6845874790105837, 0.2668759811616955, 
0.0, 1.0, 0.0, 
0.20266689831907223, 0.31963889539806206, 0.7425431711145997, 
0.07066846197280982, 0.7869674662131856, 0.1726844583987441, 
0.04995004995004995, 0.4556798285268381, 0.6153846153846154, 
0.5960561177952483, 0.20679117329728688, 1.0, 
0.8043261086739348, 0.15145712620847238, 0.9984301412872841, 
1.0, 0.0, 1.0, 
0.07939886200755766, 0.40130517879208627, 0.6781789638932496, 
0.3050862181296964, 0.24250652055944244, 0.902668759811617, 
0.020544672718585764, 0.8893401016579122, 0.08634222919937205, 
0.043261086739347615, 0.8545095751091096, 0.11145996860282574, 
0.6293271945445859, 0.2388514721898229, 0.9843014128728415, 
0.03149024888155323, 0.8073914892630472, 0.16797488226059654, 
0.03166398818572731, 0.508591282843942, 0.48665620094191525, 
0.6023976023976024, 0.22405697843549585, 0.9984301412872841, 
0.07570690179385832, 0.7505792357428117, 0.20094191522762953, 
0.9671632715110976, 0.022149583886142892, 1.0, 
0.046692437996785824, 0.7316586586325323, 0.22291993720565148, 
0.04287017330495592, 0.8523543364488766, 0.11773940345368916, 
0.045345958389436655, 0.8061108049352029, 0.15855572998430142, 
0.06267645398080181, 0.45026659281157433, 0.6483516483516484, 
0.18490205446727187, 0.3625213554623137, 0.6671899529042387, 
0.03935195239543065, 0.8888515789330476, 0.09105180533751962, 
0.022064891630109017, 0.6041970798033555, 0.3814756671899529, 
0.04591061112800244, 0.6748017685583994, 0.27629513343799056, 
0.49185597011683974, 0.2413795544048625, 0.989010989010989, 
0.028189202102245577, 0.8673165893176832, 0.10361067503924647, 
0.048820744472918384, 0.7186550633171953, 0.2370486656200942, 
0.7980280588976241, 0.15450629069541935, 1.0, 
0.03526907874733962, 0.7787731840215509, 0.19623233908948196, 
0.05524909872735959, 0.776023471505549, 0.17896389324960754, 
0.1356903965599618, 0.3431256110856875, 0.7613814756671899, 
0.02975285583981237, 0.6562280474551635, 0.29827315541601257, 
0.002779828866785391, 0.9808212602377535, 0.0141287284144427, 
0.04069843200277983, 0.8578667327871411, 0.11145996860282574, 
0.03796203796203796, 0.8594126980377905, 0.11616954474097331, 
0.002649524388654821, 0.991402764117697, 0.007849293563579277, 
0.5576162967467315, 0.2389002269264037, 0.9843014128728415, 
0.1629240324892499, 0.32341248469583883, 0.7959183673469388, 
0.047387395213482175, 0.6747311867487307, 0.2857142857142857, 
0.04795204795204795, 0.7948217516301662, 0.16797488226059654, 
0.03978630065586588, 0.8525456248891062, 0.11616954474097331, 
0.029318507579377148, 0.679672479080925, 0.271585557299843, 
0.05967945098379881, 0.6681992697038273, 0.27472527472527475, 
0.06358858532771577, 0.4491515071823049, 0.5996860282574569, 
0.5241714806932198, 0.23364141072659836, 0.9984301412872841, 
0.6030491247882552, 0.23298542581227863, 0.9937205651491365, 
0.031446814055509704, 0.8197715534811278, 0.1664050235478807, 
0.023889154323936932, 0.7322992633592355, 0.24175824175824176, 
0.06380575945793338, 0.7953229557849324, 0.1664050235478807, 
0.02275984884680536, 0.6331349547875569, 0.3218210361067504, 
0.10863049993484776, 0.3740284803734352, 0.673469387755102, 
0.8402467098119272, 0.14767396129892799, 1.0, 
0.23919558702167396, 0.25685557655536007, 0.9120879120879121, 
0.08869391478087131, 0.4384779970746083, 0.5259026687598116, 
0.01828606176432264, 0.9216006363901534, 0.07221350078492936, 
0.0, 1.0, 0.0, 
0.9163010902141338, 0.055521896661476264, 1.0, 
0.1743473917386961, 0.3715360071342502, 0.6970172684458399, 
0.03648525387655822, 0.7833976864284055, 0.17739403453689168, 
0.8741693089519177, 0.1194975245479658, 0.9984301412872841, 
0.0031707423011770857, 0.9910885055442717, 0.009419152276295133, 
0.025800286669851895, 0.6557636479060981, 0.30141287284144425, 
0.0454328280415237, 0.7328930182511468, 0.22919937205651492, 
0.04382573947791339, 0.753123905229395, 0.20094191522762953, 
0.08087564609303739, 0.4362238356838272, 0.5368916797488226, 
0.8891108891108891, 0.10969546295452422, 1.0, 
0.022238630934283115, 0.8708961984661806, 0.11145996860282574, 
0.18724753507362205, 0.26353587857716865, 0.880690737833595, 
0.08395951874212744, 0.7102942273328421, 0.2370486656200942, 
0.029361942405420675, 0.7570701489396805, 0.21978021978021978, 
0.042262085740346615, 0.7703287358886965, 0.18681318681318682, 
0.03809234244016853, 0.8295609644825783, 0.14442700156985872, 
0.04230552056639013, 0.7779467095160433, 0.18210361067503925, 
0.030143769274204063, 0.5126184143936021, 0.46781789638932497, 
0.040741866828823345, 0.7056802256750718, 0.24489795918367346, 
0.04538939321548017, 0.7866412531034646, 0.17582417582417584, 
0.02284671849889242, 0.6181341827252229, 0.3390894819466248, 
0.9163010902141338, 0.055521896661476264, 1.0, 
0.05060157234070277, 0.6948705609057946, 0.24175824175824176, 
0.0348347304869044, 0.799848013860009, 0.16169544740973313, 
0.06880076445293837, 0.8440897561563503, 0.12558869701726844, 
0.004256612952265129, 0.9741662417782639, 0.02511773940345369, 
0.6849672067063372, 0.19684596036090216, 1.0, 
0.02571341701776485, 0.6706353430478643, 0.28728414442700156, 
0.664552838465882, 0.2109500734765643, 0.9968602825745683, 
0.04187117230595492, 0.7631149098196981, 0.1978021978021978, 
