0.3319490957803081, 0.07784317874680868, 0.9888551165146909, 
0.3460147354320161, 0.07481111030084524, 0.9888551165146909, 
0.32841259209645013, 0.07813888655512002, 0.9888551165146909, 
0.3504353650368386, 0.07442384680572982, 0.9888551165146909, 
0.3127662424648359, 0.0784514865365838, 0.9908814589665653, 
0.3127662424648359, 0.0784514865365838, 0.9908814589665653, 
0.4077160080375084, 0.06746870491769279, 1.0, 
0.33896851975887476, 0.06999843214203583, 0.993920972644377, 
0.33347622237106495, 0.0715655998505248, 0.993920972644377, 
0.3258673811118553, 0.07889495699123818, 0.9898682877406282, 
0.3187407903549899, 0.07593101480416407, 0.9908814589665653, 
0.3286537173476222, 0.07158798130296504, 0.993920972644377, 
0.3358606831882117, 0.07132454491099059, 0.993920972644377, 
0.33398526456798394, 0.0746095036494828, 0.9898682877406282, 
0.31643670462156737, 0.07544028552991383, 0.9929078014184397, 
0.3460147354320161, 0.06891224211999024, 0.9918946301925026, 
0.3460147354320161, 0.06891224211999024, 0.9918946301925026, 
0.3057468184862693, 0.07164797532633112, 0.9949341438703141, 
0.31201607501674483, 0.07129255728749537, 0.9959473150962512, 
0.3258673811118553, 0.07889495699123818, 0.9898682877406282, 
0.3402277294038848, 0.06941128127108448, 0.9959473150962512, 
0.31386470194239785, 0.07266183093990755, 0.993920972644377, 
0.3303683858004019, 0.07213384356498888, 0.9918946301925026, 
0.30170127260549234, 0.07249090532763089, 0.9959473150962512, 
0.33642330877427995, 0.07412642540858057, 0.9898682877406282, 
0.3415137307434695, 0.06910202018822555, 0.993920972644377, 
0.3209109176155392, 0.0739727125903767, 0.9908814589665653, 
0.3258673811118553, 0.07889495699123818, 0.9898682877406282, 
0.3255726724715339, 0.07890737807316073, 0.9898682877406282, 
0.29966510381781647, 0.07266183093990755, 0.9949341438703141, 
0.32246483590087077, 0.06999843214203583, 0.9949341438703141, 
0.33862022772940387, 0.07024504378873721, 0.993920972644377, 
0.36211654387139985, 0.0679770680717685, 0.9949341438703141, 
0.3495512391158741, 0.06827732523097693, 0.9959473150962512, 
0.3093636972538513, 0.0839489202650736, 0.9908814589665653, 
0.3098459477561956, 0.08338166603442966, 0.9888551165146909, 
0.3144273275284662, 0.08284676445853148, 0.9888551165146909, 
0.311667782987274, 0.08288254943605228, 0.9888551165146909, 
0.3322705961152043, 0.08468439866010438, 0.9858156028368794, 
0.3419959812458138, 0.08747553916924615, 0.9848024316109423, 
0.3550971198928332, 0.08717707575410572, 0.9848024316109423, 
0.32329537843268585, 0.08057596272811264, 0.9878419452887538, 
0.36450100468854657, 0.08653382569990453, 0.9848024316109423, 
0.38312123241795043, 0.0850993842206596, 0.9848024316109423, 
0.380629604822505, 0.06828801918432678, 0.9898682877406282, 
0.35402545210984593, 0.06888301985193318, 0.9898682877406282, 
0.3379236436704621, 0.07847554502057795, 0.9878419452887538, 
0.33990622906898865, 0.07565697219632136, 0.9888551165146909, 
0.35244474212993976, 0.07197903023713942, 0.9878419452887538, 
0.3729403884795713, 0.0717793023593796, 0.9878419452887538, 
0.33669122572002674, 0.07085908619779493, 0.9908814589665653, 
0.324715338245144, 0.07892259348555396, 0.9898682877406282, 
0.34499665103817817, 0.06909712286614375, 0.9898682877406282, 
0.32771600803750833, 0.07690446703667506, 0.9898682877406282, 
0.32241125251172137, 0.08290443912532412, 0.9878419452887538, 
0.31734762223710644, 0.07372482522986126, 0.9918946301925026, 
0.3142665773610181, 0.07590435235837072, 0.9918946301925026, 
0.3292431346282652, 0.07925594744333347, 0.9878419452887538, 
0.32626925653047556, 0.08440189940469231, 0.9868287740628167, 
0.31882116543871397, 0.07348760366004725, 0.9918946301925026, 
0.3187139986604153, 0.08631449607726152, 0.9878419452887538, 
0.30976557267247157, 0.0802376486238818, 0.9908814589665653, 
0.29977227059611516, 0.07897201216364716, 0.9918946301925026, 
0.2948961821835231, 0.08433409945341196, 0.9959473150962512, 
0.29607501674480907, 0.07744458059809207, 0.993920972644377, 
0.3088278633623577, 0.0882848037031127, 0.9908814589665653, 
0.29347622237106497, 0.09300382805781145, 0.9929078014184397, 
0.30534494306764903, 0.07877219059092243, 0.9918946301925026, 
0.29347622237106497, 0.08631474222964043, 0.993920972644377, 
0.30154052243804425, 0.09339533571820129, 0.9908814589665653, 
0.30973878097789687, 0.08251216944865901, 0.9908814589665653, 
0.30550569323509713, 0.07778562539603995, 0.9918946301925026, 
0.31356999330207636, 0.07763861880848887, 0.9929078014184397, 
0.2980040187541862, 0.0792495225683701, 0.9929078014184397, 
0.31014065639651706, 0.07969115838895734, 0.9908814589665653, 
0.3093369055592766, 0.08710932319189721, 0.9908814589665653, 
0.316463496316142, 0.07895726360131028, 0.9898682877406282, 
0.3123643670462157, 0.08977572510295041, 0.9878419452887538, 
0.36522438044206296, 0.07878888345917842, 0.9858156028368794, 
0.4112257200267917, 0.07535380832684332, 0.9868287740628167, 
0.3266711319490958, 0.07741458223243555, 0.9898682877406282, 
0.32278633623576686, 0.08741329809149055, 0.9868287740628167, 
0.3930341594105827, 0.07537069914602228, 0.9868287740628167, 
0.33077026121902214, 0.08201498009613489, 0.9868287740628167, 
0.3326456798392498, 0.07659036576941523, 0.9888551165146909, 
0.3346818486269256, 0.08034428513811506, 0.9868287740628167, 
0.3063094440723376, 0.08981827859390414, 0.9888551165146909, 
0.3195177494976557, 0.0860956812353361, 0.9878419452887538, 
0.3062022772940388, 0.08977572510295041, 0.9898682877406282, 
0.312926992632284, 0.08769147519275568, 0.9878419452887538, 
0.31458807769591424, 0.08271737198279304, 0.9898682877406282, 
0.34065639651707974, 0.07888830735667691, 0.9858156028368794, 
0.34341594105827195, 0.07599425051083904, 0.9868287740628167, 
0.30925653047555257, 0.08769147519275568, 0.9888551165146909, 
0.3328064300066979, 0.07631799910994766, 0.9898682877406282, 
0.3261352980576021, 0.07925397118364019, 0.9888551165146909, 
0.33454789015405223, 0.07655709809939082, 0.9888551165146909, 
0.33470864032150033, 0.07895484161354696, 0.9878419452887538, 
0.3574012056262559, 0.06816943899922044, 0.9979736575481256, 
