0.32631822386679, 0.3828789978424009, 0.9915966386554622, 
0.1743755781683626, 0.7286508316245113, 0.957983193277311, 
0.18432007400555042, 0.8387458487434739, 0.9159663865546218, 
0.22178538390379277, 0.6501755276168178, 0.9243697478991597, 
0.2382053654024052, 0.5811568035469993, 0.9243697478991597, 
0.1931082331174838, 0.6013344504919227, 0.9411764705882353, 
0.23889916743755782, 0.45540092576834434, 0.9327731092436975, 
0.20860314523589268, 0.6593107245396338, 0.9243697478991597, 
0.21877890841813136, 0.5250093260187229, 0.9411764705882353, 
0.2761332099907493, 0.6296726786816231, 0.907563025210084, 
0.20860314523589268, 0.4840373996711538, 0.9495798319327731, 
0.18362627197039777, 0.6101612550095104, 0.9327731092436975, 
0.22525439407955597, 0.4586292802129592, 0.9495798319327731, 
0.23450508788159113, 0.4209076267900787, 0.9411764705882353, 
0.23311748381128583, 0.6044571533935679, 0.9243697478991597, 
0.23635522664199815, 0.6196923455914177, 0.9159663865546218, 
0.2259481961147086, 0.4586292802129592, 0.9411764705882353, 
0.20467160037002774, 0.5539192781584317, 0.9495798319327731, 
0.2215541165587419, 0.4589219244238619, 0.9327731092436975, 
0.2402867715078631, 0.5072773315016337, 0.9243697478991597, 
0.2247918593894542, 0.6360256455154892, 0.9159663865546218, 
0.242368177613321, 0.5396386977245775, 0.9159663865546218, 
0.2606382978723404, 0.413978893580315, 0.9327731092436975, 
0.23311748381128583, 0.6044571533935679, 0.9243697478991597, 
0.23311748381128583, 0.6044571533935679, 0.9243697478991597, 
0.33094357076780756, 0.33176791575730713, 0.9747899159663865, 
0.16859389454209062, 0.7589700821075609, 0.957983193277311, 
0.18339500462534689, 0.6563528469830483, 0.957983193277311, 
0.26503237742830715, 0.39349918194707045, 0.9663865546218487, 
0.25208140610545793, 0.42037383359254293, 0.9411764705882353, 
0.17969472710453283, 0.6641595585313409, 0.9495798319327731, 
0.21901017576318224, 0.424309384038707, 0.9663865546218487, 
0.16836262719703976, 0.7693521388881656, 0.9411764705882353, 
0.18963922294172061, 0.5257600847454977, 0.9747899159663865, 
0.1547178538390379, 1.779252502028018, 0.9243697478991597, 
0.16419981498612393, 0.7650443653194311, 0.9495798319327731, 
0.16836262719703976, 1.0417354014492524, 0.9243697478991597, 
0.2160037002775208, 0.531985070203937, 0.9411764705882353, 
0.2259481961147086, 0.40270866098481706, 0.957983193277311, 
0.17506938020351526, 0.7510709483120801, 0.9411764705882353, 
0.30573543015726173, 0.393795137290737, 0.957983193277311, 
0.23797409805735428, 0.394093824826776, 0.9495798319327731, 
0.15633672525439407, 1.3346574021713637, 0.9327731092436975, 
0.16836262719703976, 0.7693521388881656, 0.9411764705882353, 
0.17460684551341352, 0.7536590505466966, 0.9411764705882353, 
0.17506938020351526, 0.8184639925281345, 0.9327731092436975, 
0.22548566142460683, 0.4346278538663448, 0.957983193277311, 
0.21762257169287696, 0.48242113013795895, 0.9747899159663865, 
0.20166512488436633, 0.5970469499937293, 0.9411764705882353, 
0.17252543940795562, 0.6563528469830483, 0.9663865546218487, 
0.15564292321924145, 0.8046263675130668, 0.9495798319327731, 
0.17160037002775208, 0.7536590505466966, 0.9495798319327731, 
0.20166512488436633, 0.5728376688114005, 0.957983193277311, 
0.20120259019426454, 0.579750730003206, 0.957983193277311, 
0.2606382978723404, 0.6806355926539657, 0.907563025210084, 
0.22710453283996299, 0.6198549618218268, 0.9243697478991597, 
0.18547641073080479, 1.0033506276709212, 0.8991596638655462, 
0.20513413506012948, 0.6946345846070193, 0.9243697478991597, 
0.22756706753006475, 0.6921621485684553, 0.907563025210084, 
0.26040703052728953, 0.47315723578186397, 0.9243697478991597, 
0.24768732654949122, 0.6855475006777666, 0.907563025210084, 
0.2726641998149861, 0.6520221138572208, 0.907563025210084, 
0.1887141535615171, 0.7907439812645952, 0.907563025210084, 
0.1868640148011101, 0.9918523128749884, 0.8991596638655462, 
0.21577243293246992, 0.723448214269536, 0.8991596638655462, 
0.17067530064754857, 1.4613620921532533, 0.907563025210084, 
0.23427382053654025, 1.4249787356209997, 0.8823529411764706, 
0.1986586493987049, 1.5974283295156446, 0.8907563025210085, 
0.2703515263644773, 1.383610900379066, 0.8823529411764706, 
0.21716003700277522, 1.418668920159976, 0.8907563025210085, 
0.17506938020351526, 1.3759000085439415, 0.9159663865546218, 
0.26133209990749307, 1.4235758208572358, 0.8823529411764706, 
0.1810823311748381, 1.2964916608410368, 0.907563025210084, 
0.16998149861239592, 1.4613620921532533, 0.9159663865546218, 
0.23311748381128583, 1.2572078383409917, 0.8907563025210085, 
0.16558741905642924, 0.8214679771006123, 0.9411764705882353, 
0.17738205365402404, 0.7925546274949234, 0.9327731092436975, 
0.16859389454209062, 0.974537475380306, 0.9327731092436975, 
0.2125346901017576, 0.5899293958832179, 0.9411764705882353, 
0.1868640148011101, 0.5901783859572545, 0.9495798319327731, 
0.17044403330249766, 0.9134724629339002, 0.9327731092436975, 
0.198427382053654, 0.7505034546896671, 0.9243697478991597, 
0.14014801110083258, 0.9134724629339002, 0.9411764705882353, 
0.17298797409805736, 0.8312354581854109, 0.9243697478991597, 
0.17853839037927846, 0.7414190064627219, 0.9327731092436975, 
0.2104532839962997, 0.7155865795604466, 0.9159663865546218, 
0.2150786308973173, 0.5732423583016986, 0.9411764705882353, 
0.1790009250693802, 1.026686008489582, 0.9159663865546218, 
0.19935245143385752, 0.7318429362751577, 0.907563025210084, 
0.44264569842738205, 0.31797418356505647, 1.0, 
0.30874190564292325, 0.617363324260288, 0.907563025210084, 
0.21369102682701202, 0.65405536774639, 0.9243697478991597, 
0.314754856614246, 0.5840623327040015, 0.907563025210084, 
0.16396854764107308, 1.0437884256449388, 0.9327731092436975, 
0.1713691026827012, 0.9058558114219292, 0.9327731092436975, 
0.1845513413506013, 0.9756483451872564, 0.907563025210084, 
0.288159111933395, 0.7043010507504023, 0.8991596638655462, 
0.2368177613320999, 0.9136626245387116, 0.8907563025210085, 
0.28769657724329323, 0.8541768040483413, 0.8907563025210085, 
