0.33340572471007257, 0.19215594589687363, 0.9905808477237049, 
0.31677018633540377, 0.1973769636291753, 0.9905808477237049, 
0.31594492464057683, 0.19819192061563387, 0.9921507064364207, 
0.3298006341484603, 0.1978847759076311, 0.989010989010989, 
0.33983407896451373, 0.1970934055173281, 0.989010989010989, 
0.326369282891022, 0.19892205308316505, 0.9858712715855573, 
0.34747860834817357, 0.19868329893101552, 0.9874411302982732, 
0.282326369282891, 0.26872903557891237, 0.9795918367346939, 
0.27624549363679796, 0.3029363209068181, 0.9827315541601256, 
0.3272379794118925, 0.2343572643604614, 0.9795918367346939, 
0.27450810059505715, 0.2585459883411957, 0.9858712715855573, 
0.2789384528514963, 0.25730827532007944, 0.9811616954474097, 
0.26690700603744083, 0.3075094288519486, 0.9858712715855573, 
0.2862789384528515, 0.25771186867712087, 0.9795918367346939, 
0.3717152412804587, 0.2281309228144553, 0.9795918367346939, 
0.3669374104156713, 0.18913912509159553, 0.9905808477237049, 
0.3483907396950875, 0.19020320922222975, 0.9905808477237049, 
0.35364635364635366, 0.18918635114889618, 0.9905808477237049, 
0.33357946401424665, 0.18862329495639651, 0.9937205651491365, 
0.35542718151413805, 0.1884024514626949, 0.9937205651491365, 
0.3267167614993702, 0.197327733988772, 0.9921507064364207, 
0.32832385006298054, 0.1963552842687979, 0.9905808477237049, 
0.29018807279676845, 0.23527446487989268, 0.9827315541601256, 
0.2878425921904183, 0.22484328612196952, 0.9843014128728415, 
0.2836728488902402, 0.22481821930610754, 0.9858712715855573, 
0.2766798418972332, 0.25230660059686033, 0.9843014128728415, 
0.3218086261564523, 0.20943147026340506, 0.9827315541601256, 
0.32810667593276294, 0.2076268357379724, 0.9827315541601256, 
0.33110367892976594, 0.20762681371089345, 0.9827315541601256, 
0.27815662598271296, 0.23315251442247442, 0.9858712715855573, 
0.279242496633801, 0.22988513559397108, 0.9858712715855573, 
0.2894496807540286, 0.2106237458260326, 0.9843014128728415, 
0.3058246101724363, 0.23938726502614613, 0.9795918367346939, 
0.2941840767927725, 0.19930412069755893, 0.9843014128728415, 
0.28680015636537376, 0.20646133541145137, 0.9874411302982732, 
0.2761151891586674, 0.26848339928621107, 0.9843014128728415, 
0.2776354080701907, 0.21208549362405094, 0.9874411302982732, 
0.2884941145810711, 0.22258357038295665, 0.9858712715855573, 
0.29140424792598707, 0.24589547036108547, 0.9811616954474097, 
0.3333188550579855, 0.2359096271559253, 0.978021978021978, 
0.27602831950658036, 0.2983063231843035, 0.9843014128728415, 
0.2828041523693698, 0.22824094102521947, 0.9843014128728415, 
0.2822829344568475, 0.2371810292726936, 0.9827315541601256, 
0.27993745385049734, 0.22824094102521947, 0.9858712715855573, 
0.3094297007340486, 0.21945821863528606, 0.9811616954474097, 
0.2940537723146419, 0.23393459114762055, 0.9827315541601256, 
0.27112018416366246, 0.2608006096573856, 0.9858712715855573, 
0.31937627589801504, 0.21812833814819874, 0.9827315541601256, 
0.3022629544368675, 0.24563077183424795, 0.9795918367346939, 
0.31898536246362336, 0.2502960437210168, 0.978021978021978, 
0.3171610997697954, 0.2612705468141029, 0.978021978021978, 
0.2714676627720106, 0.22854112165193674, 0.9874411302982732, 
0.34400382226469184, 0.19880587345787284, 0.9874411302982732, 
0.3237197585023672, 0.19863724030890004, 0.989010989010989, 
0.3188984928115363, 0.19880587345787284, 0.989010989010989, 
0.30595491465056684, 0.19911770112286356, 0.9905808477237049, 
0.30704078530165485, 0.1985636760327395, 0.9905808477237049, 
0.33722798940190246, 0.19754809905431855, 0.989010989010989, 
0.28953655040611564, 0.2008985331867668, 0.989010989010989, 
0.31785605698649183, 0.19881758745846637, 0.989010989010989, 
0.3248924988055423, 0.19861088534946017, 0.989010989010989, 
0.32532684706597753, 0.19881758745846637, 0.9874411302982732, 
0.35130087304000346, 0.1985296873688136, 0.9874411302982732, 
0.35768579246840115, 0.1943175600748423, 0.9843014128728415, 
0.3469139556096078, 0.20274763950354632, 0.9827315541601256, 
0.33140772271207053, 0.23215145593234077, 0.9795918367346939, 
0.2828041523693698, 0.20944897209926738, 0.9937205651491365, 
0.2830213264995874, 0.20871879557757822, 0.9937205651491365, 
0.31577118533640275, 0.1973620724427119, 0.9952904238618524, 
0.30061243104721364, 0.19848545346991953, 0.9937205651491365, 
0.2884941145810711, 0.1981785096488769, 0.9968602825745683, 
0.2859748946705469, 0.20818560810415493, 0.9937205651491365, 
0.2777222777222777, 0.2075098402296753, 0.9952904238618524, 
0.2845849802371542, 0.20689587593335526, 0.9952904238618524, 
0.2712939234678365, 0.2387198771335879, 0.9952904238618524, 
0.28697389566954784, 0.20149522032342995, 0.9937205651491365, 
0.2801111931546714, 0.23310344161487337, 0.9843014128728415, 
0.29731138426790604, 0.2203181091006666, 0.9811616954474097, 
0.3166833166833167, 0.2756354200148836, 0.978021978021978, 
0.29518307779177344, 0.22714984376602593, 0.9827315541601256, 
0.35108369890978586, 0.2685068008549033, 0.9764521193092621, 
0.3235460191981931, 0.27797652404850526, 0.9764521193092621, 
