0.00578168362627197, 0.7954730812422379, 0.15126050420168066, 
0.0, 1.0, 0.0, 
0.00578168362627197, 0.9640869309671071, 0.01680672268907563, 
0.008325624421831634, 0.654751665448996, 0.21008403361344538, 
0.5055504162812211, 0.2159746219752853, 0.9747899159663865, 
0.00578168362627197, 0.9640869309671071, 0.01680672268907563, 
0.020582793709528216, 0.6435846467527153, 0.21008403361344538, 
0.015494912118408878, 0.9034223726049794, 0.05042016806722689, 
0.011332099907493067, 0.9328805863735796, 0.03361344537815126, 
0.011332099907493067, 0.7584410829427383, 0.14285714285714285, 
0.027058279370952818, 0.8711510366912919, 0.06722689075630252, 
0.005550416281221097, 0.9650006360218825, 0.008403361344537815, 
0.00578168362627197, 0.9640869309671071, 0.01680672268907563, 
0.014107308048103603, 0.713953982892535, 0.18487394957983194, 
0.03654024051803885, 0.7448053202224936, 0.14285714285714285, 
0.008325624421831634, 0.9407893945677028, 0.025210084033613446, 
0.026364477335800177, 0.4640602184543203, 0.37815126050420167, 
0.019426456984273817, 0.6521773511368542, 0.21008403361344538, 
0.011332099907493067, 0.7897641906720068, 0.12605042016806722, 
0.011100832562442183, 0.642681880624279, 0.226890756302521, 
0.7770582793709528, 0.1718191532007502, 0.9831932773109243, 
0.7277983348751156, 0.17288409881508982, 0.9747899159663865, 
0.38899167437557813, 0.28150996835816533, 0.9495798319327731, 
0.0, 1.0, 0.0, 
0.008325624421831634, 0.764526614864841, 0.15126050420168066, 
0.005550416281221097, 0.644754736067576, 0.2184873949579832, 
0.0, 1.0, 0.0, 
0.058048103607770574, 0.43673007783843415, 0.37815126050420167, 
0.03283996299722479, 0.4457081026018882, 0.4117647058823529, 
0.015263644773358004, 0.5874510993427992, 0.2857142857142857, 
0.027058279370952818, 0.45462831965943845, 0.3949579831932773, 
0.0, 1.0, 0.0, 
0.01387604070305273, 0.6373696403983875, 0.2184873949579832, 
0.04116558741905643, 0.4474643132001701, 0.3697478991596639, 
0.005550416281221097, 0.8122920562918572, 0.11764705882352941, 
0.034921369102682696, 0.6854295339554228, 0.17647058823529413, 
0.015494912118408878, 0.9114682017701112, 0.04201680672268908, 
0.027520814061054586, 0.684492056795637, 0.18487394957983194, 
0.0, 1.0, 0.0, 
0.035383903792784464, 0.43363107086543223, 0.40336134453781514, 
0.011100832562442183, 0.9368926178924758, 0.03361344537815126, 
0.014107308048103603, 0.8947121230077291, 0.06722689075630252, 
0.024745605920444037, 0.6187323913248648, 0.226890756302521, 
0.024051803885291396, 0.7802083123001919, 0.12605042016806722, 
0.0, 1.0, 0.0, 
0.019426456984273817, 0.5948952316966168, 0.2605042016806723, 
0.05157261794634598, 0.447143285674825, 0.3865546218487395, 
0.0, 1.0, 0.0, 
0.022664199814986123, 0.7164166785129383, 0.17647058823529413, 
0.01665124884366328, 0.6574912063017317, 0.19327731092436976, 
0.011332099907493067, 0.8974868573421404, 0.06722689075630252, 
0.019195189639222943, 0.539892964281653, 0.35294117647058826, 
0.005550416281221097, 0.9556132953234252, 0.03361344537815126, 
0.0, 1.0, 0.0, 
0.005550416281221097, 0.8393015401073856, 0.10084033613445378, 
0.01665124884366328, 0.7811985949177648, 0.13445378151260504, 
0.016882516188714152, 0.8342790341551674, 0.09243697478991597, 
0.033765032377428304, 0.7431850844397766, 0.15126050420168066, 
0.01665124884366328, 0.629008420759088, 0.24369747899159663, 
0.8554579093432008, 0.06533246332473565, 0.9831932773109243, 
0.8596207215541165, 0.05674662497049945, 0.9831932773109243, 
0.85268270120259, 0.12203827807607993, 0.9831932773109243, 
0.8614708603145236, 0.055958072608713126, 0.9831932773109243, 
0.7007400555041627, 0.23422679443386807, 0.9663865546218487, 
0.0, 1.0, 0.0, 
0.030989824236817756, 0.45419002115590396, 0.453781512605042, 
0.02428307123034227, 0.47770081075624937, 0.31932773109243695, 
0.0, 1.0, 0.0, 
0.008556891766882518, 0.8895391128674965, 0.07563025210084033, 
0.047641073080481024, 0.7021930729233724, 0.15966386554621848, 
0.008325624421831634, 0.6431653923409966, 0.2184873949579832, 
0.0027752081406105483, 0.9722394324385298, 0.01680672268907563, 
0.040703052728954664, 0.677668106718256, 0.18487394957983194, 
0.021970397779833492, 0.5654819315141552, 0.2689075630252101, 
0.02659574468085107, 0.4611804876936978, 0.4117647058823529, 
0.011332099907493067, 0.8382895980093877, 0.10084033613445378, 
0.020582793709528216, 0.5376231472231602, 0.2857142857142857, 
0.03607770582793708, 0.48923880328267744, 0.31092436974789917, 
0.02775208140610546, 0.8602724217214698, 0.07563025210084033, 
0.0, 1.0, 0.0, 
0.030758556891766882, 0.5678858748417006, 0.24369747899159663, 
0.016882516188714152, 0.8850143737695232, 0.058823529411764705, 
0.008556891766882518, 0.9381912573663055, 0.03361344537815126, 
0.03954671600370027, 0.4530150717888117, 0.3865546218487395, 
0.016882516188714152, 0.7252919007295584, 0.16806722689075632, 
0.03330249768732656, 0.6300589893537129, 0.21008403361344538, 
0.0, 1.0, 0.0, 
0.024745605920444037, 0.5233657396402275, 0.2857142857142857, 
0.02012025901942646, 0.479395811104223, 0.3949579831932773, 
0.019888991674375574, 0.8608827366191336, 0.08403361344537816, 
0.018270120259019425, 0.7824027807746127, 0.12605042016806722, 
0.01803885291396854, 0.6149894858330849, 0.25210084033613445, 
0.03584643848288621, 0.5291100674565093, 0.2689075630252101, 
0.0013876040703052742, 0.9874594706177189, 0.01680672268907563, 
0.01665124884366328, 0.7506295875185816, 0.15126050420168066, 
0.027983348751156333, 0.8267136696520626, 0.09243697478991597, 
0.030989824236817756, 0.45419002115590396, 0.453781512605042, 
0.020582793709528216, 0.5761257302926762, 0.2605042016806723, 
0.021970397779833492, 0.5932460387374908, 0.25210084033613445, 
0.0, 1.0, 0.0, 
6.938020351526319E-4, 0.9990375420701763, 0.008403361344537815, 
0.030296022201665114, 0.5434609789910455, 0.2689075630252101, 
0.009944495837187792, 0.8886299733163328, 0.08403361344537816, 
0.0, 1.0, 0.0, 
0.017113783533765036, 0.5713392491967864, 0.2857142857142857, 
0.03954671600370027, 0.5580797063191811, 0.23529411764705882, 
0.053422756706753, 0.5147314531164119, 0.2773109243697479, 
0.06197964847363551, 0.4341950705318001, 0.3697478991596639, 
0.009944495837187792, 0.936331975064692, 0.04201680672268908, 
0.02497687326549491, 0.5109846931004485, 0.3025210084033613, 
0.053422756706753, 0.4410325749241294, 0.3865546218487395, 
0.025208140610545788, 0.8505765819708699, 0.08403361344537816, 
0.028214616096207207, 0.6894275134737712, 0.17647058823529413, 
0.018732654949121186, 0.6113846576246065, 0.23529411764705882, 
0.007631822386679002, 0.9455026193904078, 0.03361344537815126, 
0.06382978723404255, 0.42043570403803415, 0.42857142857142855, 
0.011100832562442183, 0.6528412281775531, 0.21008403361344538, 
0.025670675300647556, 0.5091493504918536, 0.3025210084033613, 
0.04509713228492137, 0.5237961158015666, 0.2689075630252101, 
0.030758556891766882, 0.6855485265195124, 0.16806722689075632, 
0.01271970397779833, 0.9123583937195247, 0.058823529411764705, 
0.0, 1.0, 0.0, 
0.02243293246993525, 0.6028012975415186, 0.23529411764705882, 
0.039084181313598525, 0.4842432688428949, 0.31092436974789917, 
0.023358001850138754, 0.6533193262937703, 0.19327731092436976, 
0.009944495837187792, 0.9373010552600433, 0.03361344537815126, 
0.03746530989824237, 0.7321176841181782, 0.15126050420168066, 
0.03954671600370027, 0.8810120775903633, 0.05042016806722689, 
0.004162812210915822, 0.9713492303322675, 0.01680672268907563, 
0.004856614246068454, 0.9703760975541779, 0.025210084033613446, 
0.021970397779833492, 0.8217260473976264, 0.10084033613445378, 
0.019888991674375574, 0.803844731965428, 0.11764705882352941, 
0.02775208140610546, 0.637236753264909, 0.19327731092436976, 
0.04440333024976873, 0.5222405283625335, 0.2857142857142857, 
0.03607770582793708, 0.5232135037094642, 0.2857142857142857, 
0.004856614246068454, 0.9703760975541779, 0.025210084033613446, 
0.05943570767807586, 0.445499242238126, 0.3697478991596639, 
0.027983348751156333, 0.8810120775903633, 0.058823529411764705, 
0.0448658649398705, 0.5220078806584872, 0.2857142857142857, 
0.025208140610545788, 0.5804936933483975, 0.226890756302521, 
0.04162812210915818, 0.5480073572557462, 0.2605042016806723, 
0.026133209990749303, 0.7676215184708597, 0.11764705882352941, 
0.007631822386679002, 0.9455026193904078, 0.03361344537815126, 
0.022895467160037007, 0.9185303858184711, 0.03361344537815126, 
0.03399629972247918, 0.8356782721396049, 0.08403361344537816, 
0.02497687326549491, 0.5661859382651282, 0.2605042016806723, 
0.0293709528214616, 0.9113143712140599, 0.04201680672268908, 
0.027520814061054586, 0.6413874613211957, 0.21008403361344538, 
0.0196577243293247, 0.7166146761267288, 0.15966386554621848, 
0.028908418131359852, 0.6109042742173713, 0.2184873949579832, 
0.02428307123034227, 0.47101934603462203, 0.4369747899159664, 
0.7675763182238667, 0.03559036054904351, 1.0, 
0.15772432932469935, 0.32761918828656933, 0.7815126050420168, 
0.6512488436632747, 0.12090993341047936, 1.0, 
0.12927844588344126, 0.3149317959466291, 0.7983193277310925, 
0.021276595744680847, 0.5287310443235546, 0.35294117647058826, 
0.0, 1.0, 0.0, 
1.0, 0.0, 1.0, 
0.014107308048103603, 0.5978103184484983, 0.2857142857142857, 
0.8240055504162812, 0.14775371839193682, 0.9831932773109243, 
0.7035152636447733, 0.06598593467366635, 0.9915966386554622, 
0.23959296947271042, 0.3035554496715336, 0.8991596638655462, 
0.15263644773358, 0.3322584407782373, 0.7815126050420168, 
0.42021276595744683, 0.23943797909094827, 0.9831932773109243, 
0.6833950046253469, 0.13076410827964796, 0.9915966386554622, 
0.9144310823311748, 0.00113682563448922, 1.0, 
0.12627197039777985, 0.3355299618309679, 0.7647058823529411, 
0.46577243293246995, 0.14424567479727846, 0.9915966386554622, 
0.8138297872340424, 0.02719801524608035, 1.0, 
0.8568455134135059, 0.012479486719980918, 0.9915966386554622, 
0.12789084181313595, 0.32107275379355266, 0.7899159663865546, 
0.006475485661424602, 0.937305498881467, 0.04201680672268908, 
0.7539315448658649, 0.047069189430230446, 1.0, 
0.15263644773358, 0.3322584407782373, 0.7815126050420168, 
0.03145235892691953, 0.44574425590579136, 0.47058823529411764, 
0.9419518963922293, 8.945847865922188E-4, 1.0, 
0.15263644773358, 0.3322584407782373, 0.7815126050420168, 
0.6857076780758556, 0.10495661644159024, 1.0, 
0.8496762257169288, 0.015604154971901483, 0.9915966386554622, 
0.13506012950971322, 0.3075007557711318, 0.7983193277310925, 
0.11956521739130434, 0.35974120836357204, 0.7563025210084033, 
0.008556891766882518, 0.8978084079452073, 0.06722689075630252, 
0.687095282146161, 0.10597148879051553, 0.9915966386554622, 
0.8808973172987975, 0.0040631712534522696, 1.0, 
0.13066604995374653, 0.36127532930231027, 0.6554621848739496, 
0.06544865864939871, 0.4494117569508295, 0.36134453781512604, 
0.16951896392229415, 0.3404613913184862, 0.7478991596638656, 
0.4463459759481961, 0.24878721129207593, 0.9747899159663865, 
0.0393154486586494, 0.5000920566006255, 0.29411764705882354, 
0.043478260869565216, 0.4206784578068041, 0.5882352941176471, 
0.022664199814986123, 0.5523979650062427, 0.2773109243697479, 
0.061054579093431996, 0.3819639825541088, 0.46218487394957986, 
0.009250693802035151, 0.7623820520678269, 0.15126050420168066, 
0.041859389454209056, 0.6055276344905953, 0.2184873949579832, 
0.039084181313598525, 0.4282833375308205, 0.4117647058823529, 
0.0, 1.0, 0.0, 
0.051110083256244214, 0.4200201365624909, 0.44537815126050423, 
0.1255781683626272, 0.36968322981946855, 0.5798319327731093, 
0.16951896392229415, 0.3404613913184862, 0.7478991596638656, 
0.04856614246068454, 0.4211537526327061, 0.42857142857142855, 
0.043478260869565216, 0.4211522798896057, 0.5630252100840336, 
0.04278445883441257, 0.4232523607665627, 0.3949579831932773, 
0.0446345975948196, 0.5577142781285707, 0.25210084033613445, 
0.043478260869565216, 0.421869399132597, 0.4369747899159664, 
0.023589269195189628, 0.5525073542696327, 0.2689075630252101, 
0.4641535615171138, 0.279150222558906, 0.957983193277311, 
0.014801110083256247, 0.8372747866015562, 0.1092436974789916, 
0.04787234042553192, 0.42262608438074495, 0.3949579831932773, 
0.0393154486586494, 0.5000920566006255, 0.29411764705882354, 
0.050416281221091576, 0.4062047042624192, 0.5462184873949579, 
0.14315448658649396, 0.3607014521003207, 0.6638655462184874, 
0.056429232192414434, 0.4223615035435418, 0.4117647058823529, 
0.05434782608695651, 0.40188626600226796, 0.4369747899159664, 
0.020582793709528216, 0.6373051494858624, 0.226890756302521, 
0.36794634597594816, 0.2696292939043915, 0.9747899159663865, 
0.3695652173913043, 0.27434678968208787, 0.9663865546218487, 
0.07146160962072155, 0.40492085823911206, 0.40336134453781514, 
0.045559666975023116, 0.41236783958906537, 0.5546218487394958, 
0.06776133209990748, 0.39053340236198747, 0.42857142857142855, 
0.03122109158186863, 0.45343618490389176, 0.35294117647058826, 
0.02428307123034227, 0.6367376710987229, 0.2184873949579832, 
0.04833487511563367, 0.4214300138462228, 0.42016806722689076, 
0.007631822386679002, 0.955647904786285, 0.025210084033613446, 
0.043478260869565216, 0.421869399132597, 0.4369747899159664, 
0.03469010175763182, 0.579162028880147, 0.23529411764705882, 
0.3367252543940795, 0.28553780393405637, 0.907563025210084, 
0.051110083256244214, 0.40591777327906114, 0.5546218487394958, 
0.05203515263644773, 0.41150582273869035, 0.47058823529411764, 
0.043478260869565216, 0.421869399132597, 0.4369747899159664, 
0.008556891766882518, 0.9234278761951614, 0.058823529411764705, 
0.03445883441258095, 0.4952426995311965, 0.3025210084033613, 
0.04787234042553192, 0.42262608438074495, 0.3949579831932773, 
