0.27759197324414714, 0.2300764566342777, 0.989010989010989, 
0.2815011075880641, 0.22474289550687931, 0.989010989010989, 
0.32880163314945926, 0.2278120685112748, 0.9795918367346939, 
0.2776354080701907, 0.22703204647205452, 0.9874411302982732, 
0.2882769404508535, 0.22177339062938403, 0.989010989010989, 
0.30343569474004256, 0.22327854322704418, 0.9827315541601256, 
0.3383138600529905, 0.2073613371876269, 0.9858712715855573, 
0.307214524605829, 0.24444625685208127, 0.9811616954474097, 
0.3071276549537419, 0.4519681080073746, 0.9795918367346939, 
0.369413195500152, 0.1967977025552228, 0.9968602825745683, 
0.3206793206793207, 0.3270566049910424, 0.978021978021978, 
0.3204187117230595, 0.4498041448617051, 0.978021978021978, 
0.3509533944316553, 0.43665981853886177, 0.9764521193092621, 
0.332276419232941, 0.45179858760766106, 0.9764521193092621, 
0.3388785127915563, 0.3259763961575227, 0.978021978021978, 
0.3360552490987274, 0.44664511194813095, 0.9764521193092621, 
0.3176823176823177, 0.4754684452406319, 0.978021978021978, 
0.3122095296008339, 0.4377135719694615, 0.9795918367346939, 
0.3575554879902706, 0.3769349446320162, 0.9764521193092621, 
0.3525604829952656, 0.20056747940617237, 0.9952904238618524, 
0.2630847413456109, 0.29691155092258575, 0.9921507064364207, 
0.2756808408982322, 0.23491826762920148, 0.9874411302982732, 
0.3186813186813187, 0.2026512084761708, 0.9874411302982732, 
0.29961343004821267, 0.21221120128262022, 0.9858712715855573, 
0.321374277896017, 0.2022095435158465, 0.9874411302982732, 
0.32120053859184294, 0.20233164049563185, 0.9874411302982732, 
0.3044781305650871, 0.20662756408448438, 0.989010989010989, 
0.3100812231247014, 0.20315965953991655, 0.9874411302982732, 
0.3026538678712592, 0.21218899710594047, 0.9858712715855573, 
0.31981062415845024, 0.20180581006658282, 0.989010989010989, 
0.29070929070929075, 0.2111020929214987, 0.9874411302982732, 
0.3094731355600921, 0.2022095435158465, 0.989010989010989, 
0.3936498284324371, 0.21971230099114566, 0.9811616954474097, 
0.35616557355687795, 0.28619415846817536, 0.978021978021978, 
0.2845849802371542, 0.29433323198909256, 0.9843014128728415, 
0.3589019675976198, 0.2015055695262108, 0.9905808477237049, 
0.39217304434695743, 0.20128038934120254, 0.9874411302982732, 
0.37366980845241715, 0.1995858664213489, 0.9905808477237049, 
0.2933588150979456, 0.222935551650734, 0.9843014128728415, 
0.285236502627807, 0.23276021919477563, 0.9843014128728415, 
0.3010033444816054, 0.22359236390213966, 0.9827315541601256, 
0.3046518698692612, 0.2223258976132258, 0.9827315541601256, 
0.3027841723493897, 0.20895756470814145, 0.9874411302982732, 
0.3081266559527429, 0.21762887325158747, 0.9827315541601256, 
0.3081266559527429, 0.21762887325158747, 0.9827315541601256, 
0.3081266559527429, 0.21762887325158747, 0.9827315541601256, 
0.30143769274204063, 0.21753375944353406, 0.9843014128728415, 
0.29774573252834124, 0.22191231717858168, 0.9843014128728415, 
0.3026104330452157, 0.21500131058036046, 0.9843014128728415, 
0.2878425921904183, 0.2316710065724583, 0.9858712715855573, 
0.31477218433740173, 0.21485269387858458, 0.9843014128728415, 
0.32445815054510707, 0.22293555076965083, 0.9811616954474097, 
0.343352299874039, 0.2017741985650188, 0.9858712715855573, 
0.3286278938452851, 0.21141756650859966, 0.9843014128728415, 
0.29083959518742125, 0.22597459337327186, 0.9843014128728415, 
0.31711766494375193, 0.21500131058036046, 0.9827315541601256, 
0.285236502627807, 0.23276021919477563, 0.9843014128728415, 
0.33062589584328717, 0.21495884237211624, 0.9827315541601256, 
0.2944446857490336, 0.22597459337327186, 0.9827315541601256, 
0.3386179038352951, 0.20202097233607785, 0.9843014128728415, 
0.3354471615341181, 0.2093480757424441, 0.9843014128728415, 
0.2946618598792512, 0.22194095238123598, 0.9843014128728415, 
0.2917082917082917, 0.2340668320378108, 0.9827315541601256, 
0.30143769274204063, 0.21753375944353406, 0.9843014128728415, 
0.3663727576771055, 0.20091275827436228, 0.9905808477237049, 
0.3663727576771055, 0.20091275827436228, 0.9905808477237049, 
0.3663727576771055, 0.20091275827436228, 0.9905808477237049, 
0.31546714155409805, 0.2971772723869704, 0.9795918367346939, 
0.34465534465534464, 0.3196885523637973, 0.978021978021978, 
0.3663727576771055, 0.20091275827436228, 0.9905808477237049, 
0.2881032011466794, 0.26422812799321294, 0.9827315541601256, 
0.30069930069930073, 0.25339022627086905, 0.9811616954474097, 
0.28805976632063585, 0.2766036176275343, 0.9827315541601256, 
0.35842418451114105, 0.20091275827436228, 0.9937205651491365, 
0.29657299222516614, 0.28067493021109907, 0.9811616954474097, 
0.29040524692698605, 0.2614012352357677, 0.9827315541601256, 
0.3068670459974808, 0.24959722935435785, 0.9811616954474097, 
0.3663727576771055, 0.20091275827436228, 0.9905808477237049, 
0.3663727576771055, 0.20091275827436228, 0.9905808477237049, 
0.3186813186813187, 0.2919473398552701, 0.9795918367346939, 
0.29053555140511667, 0.2541109989920065, 0.9827315541601256, 
0.40542066629023155, 0.19685796071352224, 0.9937205651491365, 
0.3785779437953351, 0.18910625452219784, 0.9952904238618524, 
0.372236459192981, 0.1955132463103768, 0.9952904238618524, 
0.40542066629023155, 0.19685796071352224, 0.9937205651491365, 
0.40542066629023155, 0.19685796071352224, 0.9937205651491365, 
0.36185553576857926, 0.1973129811323645, 0.9921507064364207, 
0.3918255657386092, 0.18516984898646127, 0.9984301412872841, 
0.28241323893497805, 0.2165705522858936, 0.9905808477237049, 
0.2719020110324458, 0.21881817339638845, 0.9921507064364207, 
0.3099943534726144, 0.23104677765734064, 0.9811616954474097, 
0.2721191851626635, 0.21870755340582698, 0.9921507064364207, 
0.329192546583851, 0.20837286735110044, 0.9858712715855573, 
0.2661251791686574, 0.24298423239395114, 0.9858712715855573, 
0.3099943534726144, 0.23104677765734064, 0.9811616954474097, 
0.3099943534726144, 0.23104677765734064, 0.9811616954474097, 
0.26959996525213914, 0.21897795782719953, 0.9905808477237049, 
0.28953655040611564, 0.20608478249654716, 0.9905808477237049, 
0.29883160317942925, 0.20910248967148284, 0.989010989010989, 
0.3159014898145333, 0.2093374895282936, 0.9858712715855573, 
0.30000434348260435, 0.26567262770731864, 0.9811616954474097, 
