0.25661971830985914, 0.16599215855971552, 0.9861511829197923, 
0.27396378269617705, 0.161081436607402, 0.9896133871898442, 
0.25935613682092556, 0.1613679624276488, 0.9884593190998269, 
0.25114688128772633, 0.16676658642413114, 0.9873052510098096, 
0.24788732394366197, 0.1663986578836707, 0.9884593190998269, 
0.26309859154929577, 0.16599208509155647, 0.9849971148297749, 
0.25175050301810864, 0.16160666047636202, 0.9896133871898442, 
0.26398390342052314, 0.16213195781348105, 0.9873052510098096, 
0.258430583501006, 0.1661830655709748, 0.9855741488747836, 
0.26575452716297787, 0.16203648594081166, 0.9873052510098096, 
0.2493360160965795, 0.1668516258182172, 0.9844200807847663, 
0.2613682092555332, 0.16603983939493092, 0.9855741488747836, 
0.269215291750503, 0.16122462604936638, 0.9884593190998269, 
0.25082494969818914, 0.2738005473561519, 0.9838430467397576, 
0.2624949698189135, 0.1654588899273409, 0.9861511829197923, 
0.2831790744466801, 0.1690662867383269, 0.983266012694749, 
0.2832193158953722, 0.16261993332580896, 0.9855741488747836, 
0.2749295774647887, 0.17013385255730262, 0.983266012694749, 
0.2543259557344065, 0.2271687272495514, 0.983266012694749, 
0.2592354124748491, 0.19641756399604704, 0.9821119446047317, 
0.25726358148893363, 0.24032393580682873, 0.9826889786497404, 
0.27243460764587524, 0.19398220472618832, 0.9809578765147143, 
0.2645070422535211, 0.16285870484268125, 0.9855741488747836, 
0.2490543259557344, 0.17130247382903466, 0.9855741488747836, 
0.28527162977867204, 0.1697996459018405, 0.981534910559723, 
0.26177062374245474, 0.18682471626826566, 0.9826889786497404, 
0.30672032193158955, 0.16261985985764996, 0.986728216964801, 
0.2762977867203219, 0.17042092938874215, 0.9826889786497404, 
0.26124748490945676, 0.1793067195539454, 0.9838430467397576, 
0.27613682092555336, 0.17158929352191754, 0.9821119446047317, 
0.2682897384305835, 0.17606554314872222, 0.9838430467397576, 
0.26273641851106644, 0.3207824799746461, 0.981534910559723, 
0.2701006036217304, 0.17517193156330782, 0.983266012694749, 
0.2627766599597585, 0.18672920766151674, 0.9826889786497404, 
0.2711066398390342, 0.225816619250623, 0.9809578765147143, 
0.2835010060362173, 0.17464854439832378, 0.9809578765147143, 
0.2627766599597585, 0.17687991932461455, 0.983266012694749, 
0.2618108651911469, 0.18006182529253414, 0.983266012694749, 
0.2712676056338028, 0.17231750991429848, 0.9821119446047317, 
0.2552917505030181, 0.18317500179767401, 0.983266012694749, 
0.3273239436619719, 0.16190365550927166, 0.9878822850548182, 
0.2793561368209256, 0.17545842064947506, 0.9809578765147143, 
0.27074446680080483, 0.17643819201840083, 0.9821119446047317, 
0.2631388329979879, 0.17687991932461455, 0.9821119446047317, 
0.2906237424547284, 0.16405076245714623, 0.9821119446047317, 
0.2731187122736419, 0.17672468110456804, 0.9809578765147143, 
0.2862374245472837, 0.16333628461050534, 0.983266012694749, 
0.25798792756539235, 0.19684731599233768, 0.9821119446047317, 
0.27790744466800804, 0.1662088896288765, 0.9838430467397576, 
0.2490543259557344, 0.17130247382903466, 0.9855741488747836, 
0.2490543259557344, 0.17130247382903466, 0.9855741488747836, 
0.24571428571428572, 0.2389734808414786, 0.9855741488747836, 
0.24869215291750502, 0.2337074301379796, 0.9844200807847663, 
0.2483702213279678, 0.18221249544612206, 0.9855741488747836, 
0.329738430583501, 0.16271544193255788, 0.9849971148297749, 
0.28354124748490944, 0.1646005246912248, 0.9821119446047317, 
0.30885311871227367, 0.16917887669205203, 0.979803808424697, 
0.27835010060362175, 0.16460221445888268, 0.9844200807847663, 
0.2767002012072435, 0.1697996459018405, 0.9826889786497404, 
0.24241448692152917, 0.2541830427958455, 0.9878822850548182, 
0.2421327967806841, 0.20767046151136306, 0.9901904212348529, 
0.24313883299798794, 0.2687715416677879, 0.986728216964801, 
0.2421327967806841, 0.20767046151136306, 0.9901904212348529, 
0.23686116700201207, 0.25509033782588064, 0.9878822850548182, 
0.24169014084507043, 0.2388062305774294, 0.9901904212348529, 
0.24233400402414487, 0.25489954101685997, 0.9878822850548182, 
0.24241448692152917, 0.2541830427958455, 0.9878822850548182, 
0.23537223340040242, 0.25509033782588064, 0.9890363531448355, 
0.24313883299798794, 0.20669135135586866, 0.9890363531448355, 
