0.0, 1.0, 0.0, 
0.019278096800656275, 0.12901163631686835, 0.04081632653061224, 
0.015586546349466776, 0.13883454718058602, 0.0, 
0.01804757998359311, 0.1322623395046107, 0.027210884353741496, 
0.016817063166529946, 0.13554074754906675, 0.013605442176870748, 
0.01804757998359311, 0.1322623395046107, 0.027210884353741496, 
0.01804757998359311, 0.1322623395046107, 0.027210884353741496, 
0.05783429040196884, 0.07196518152114377, 0.3401360544217687, 
0.016817063166529946, 0.13554074754906675, 0.013605442176870748, 
0.019278096800656275, 0.12901163631686835, 0.04081632653061224, 
0.01804757998359311, 0.13222336800616674, 0.05442176870748299, 
0.020508613617719443, 0.12576708976395123, 0.06802721088435375, 
0.016817063166529946, 0.13554074754906675, 0.013605442176870748, 
0.01804757998359311, 0.1322623395046107, 0.027210884353741496, 
0.019278096800656275, 0.12901163631686835, 0.04081632653061224, 
0.020508613617719443, 0.12578555966842705, 0.05442176870748299, 
0.016817063166529946, 0.13554074754906675, 0.013605442176870748, 
0.01804757998359311, 0.1322623395046107, 0.027210884353741496, 
0.036915504511895, 0.10074437101186665, 0.1836734693877551, 
0.019278096800656275, 0.12901163631686835, 0.04081632653061224, 
0.02173913043478261, 0.1225810312418742, 0.06802721088435375, 
0.019278096800656275, 0.12901163631686835, 0.04081632653061224, 
0.02543068088597211, 0.12242299042590954, 0.08843537414965986, 
0.031993437243642335, 0.10210603393617151, 0.17006802721088435, 
0.019278096800656275, 0.12901163631686835, 0.04081632653061224, 
0.019278096800656275, 0.12901163631686835, 0.04081632653061224, 
0.6111566858080394, 0.053955270016304915, 0.9931972789115646, 
0.7719442165709598, 0.015129222070095193, 0.9931972789115646, 
0.0, 1.0, 0.0, 
0.0036915504511894994, 0.692182418996617, 0.23809523809523808, 
0.0, 1.0, 0.0, 
0.6324856439704676, 0.050575277497231896, 0.9931972789115646, 
0.0036915504511894994, 0.7134720622223993, 0.2108843537414966, 
0.006152584085315833, 0.45920504484508196, 0.04081632653061224, 
0.012305168170631665, 0.3825707638219761, 0.12244897959183673, 
0.006152584085315833, 0.4591950403134909, 0.05442176870748299, 
0.009844134536505332, 0.34827978543758237, 0.2653061224489796, 
0.013535684987694833, 0.36178134717574684, 0.14285714285714285, 
0.004922067268252666, 0.4911295051521644, 0.0, 
0.013535684987694833, 0.36178134717574684, 0.14285714285714285, 
0.012305168170631665, 0.3825707638219761, 0.12244897959183673, 
0.006152584085315833, 0.4591950403134909, 0.05442176870748299, 
0.0110746513535685, 0.3825707638219761, 0.1360544217687075, 
0.008613617719442166, 0.4037603617318478, 0.09523809523809523, 
0.012305168170631665, 0.3825707638219761, 0.12244897959183673, 
0.0, 1.0, 0.0, 
0.0036915504511894994, 0.8879701787384988, 0.08163265306122448, 
0.0036915504511894994, 0.8879701787384988, 0.08163265306122448, 
0.671862182116489, 0.04669493526590921, 0.9931972789115646, 
0.0036915504511894994, 0.8879701787384988, 0.08163265306122448, 
0.646431501230517, 0.04791548812001892, 0.9931972789115646, 
0.0012305168170631665, 0.9786903477110356, 0.013605442176870748, 
0.0036915504511894994, 0.845871109803305, 0.12244897959183673, 
0.6439704675963905, 0.05035659382823832, 0.9931972789115646, 
0.0036915504511894994, 0.8879701787384988, 0.08163265306122448, 
0.002461033634126333, 0.978590302395125, 0.013605442176870748, 
0.671862182116489, 0.04669493526590921, 0.9931972789115646, 
0.8859721082854799, 0.014731287978163893, 1.0, 
0.0012305168170631665, 0.9572806501061605, 0.027210884353741496, 
0.0036915504511894994, 0.9154817171186986, 0.05442176870748299, 
0.002461033634126333, 0.823661049671145, 0.16326530612244897, 
0.0036915504511894994, 0.6750580470618708, 0.3197278911564626, 
0.8658736669401148, 0.023879985762166298, 0.9863945578231292, 
0.6173092698933552, 0.049358510973539736, 1.0, 
0.002461033634126333, 0.909861078921317, 0.08163265306122448, 
0.0, 1.0, 0.0, 
0.002461033634126333, 0.9361510793858351, 0.04081632653061224, 
0.0036915504511894994, 0.8672808074081803, 0.10884353741496598, 
0.002461033634126333, 0.978590302395125, 0.013605442176870748, 
0.7711238720262511, 0.027396655574360308, 0.9863945578231292, 
0.815422477440525, 0.05593401244914657, 0.9727891156462585, 
0.9692370795734209, 0.006310550695901362, 1.0, 
0.0, 1.0, 0.0, 
0.0036915504511894994, 0.8183409168195848, 0.17006802721088435, 
0.0, 1.0, 0.0, 
0.0012305168170631665, 0.9366513059653883, 0.05442176870748299, 
0.9585726004922066, 0.0071747267431503375, 1.0, 
0.7420016406890895, 0.041584989927283676, 1.0, 
0.006152584085315833, 0.4804246563497269, 0.013605442176870748, 
0.007383100902378999, 0.44872029573764777, 0.05442176870748299, 
1.0, 0.0, 1.0, 
0.013535684987694833, 0.29581442104899264, 0.3673469387755102, 
0.009844134536505332, 0.3827318213890052, 0.17687074829931973, 
0.007383100902378999, 0.44872029573764777, 0.05442176870748299, 
0.006152584085315833, 0.46976983020524465, 0.027210884353741496, 
0.006152584085315833, 0.4804246563497269, 0.013605442176870748, 
0.004922067268252666, 0.4911295051521644, 0.0, 
0.007383100902378999, 0.44872029573764777, 0.05442176870748299, 
0.015176374077112387, 0.49066692639456777, 0.006802721088435374, 
0.013535684987694833, 0.4383055783513511, 0.06802721088435375, 
0.009844134536505332, 0.3827318213890052, 0.17687074829931973, 
0.006152584085315833, 0.4804246563497269, 0.013605442176870748, 
0.0, 1.0, 0.0, 
0.0012305168170631665, 0.9786903477110356, 0.013605442176870748, 
0.0012305168170631665, 0.9786903477110356, 0.013605442176870748, 
0.0012305168170631665, 0.9786903477110356, 0.013605442176870748, 
0.9474979491386382, 0.007359825969172067, 1.0, 
0.9474979491386382, 0.007359825969172067, 1.0, 
0.025840853158326498, 0.10529517077566118, 0.1564625850340136, 
0.025840853158326498, 0.09475926003282903, 0.2108843537414966, 
0.016817063166529946, 0.13554074754906675, 0.013605442176870748, 
0.06070549630844955, 0.07106415801446556, 0.3469387755102041, 
0.045529122231337156, 0.0946624777333758, 0.19727891156462585, 
0.015586546349466776, 0.13883454718058602, 0.0, 
0.025840853158326498, 0.11180889042079646, 0.10204081632653061, 
0.015586546349466776, 0.13883454718058602, 0.0, 
0.08859721082854798, 0.0822371265458425, 0.25170068027210885, 
0.025840853158326498, 0.12480862485435326, 0.05442176870748299, 
0.025840853158326498, 0.12810242448587253, 0.04081632653061224, 
0.01804757998359311, 0.1322623395046107, 0.027210884353741496, 
0.025840853158326498, 0.11828567025698009, 0.07482993197278912, 
0.015586546349466776, 0.13883454718058602, 0.0, 
0.016817063166529946, 0.13553766923165414, 0.027210884353741496, 
0.025840853158326498, 0.11180889042079646, 0.10204081632653061, 
0.019278096800656275, 0.12901163631686835, 0.04081632653061224, 
0.025840853158326498, 0.12480862485435326, 0.05442176870748299, 
0.06767842493847416, 0.06719520555756962, 0.46938775510204084, 
0.03814602132895817, 0.09458145641907525, 0.2108843537414966, 
0.025840853158326498, 0.11828567025698009, 0.07482993197278912, 
0.09803117309269893, 0.06750839357113109, 0.4557823129251701, 
0.016817063166529946, 0.13554074754906675, 0.013605442176870748, 
0.01804757998359311, 0.1322438696001349, 0.04081632653061224, 
0.040607054963084505, 0.08426773862708706, 0.29931972789115646, 
0.016817063166529946, 0.13553766923165414, 0.027210884353741496, 
0.025840853158326498, 0.10541522515475395, 0.1292517006802721, 
0.04306808859721082, 0.07707691228386863, 0.3945578231292517, 
0.025840853158326498, 0.12156407830143617, 0.061224489795918366, 
0.025840853158326498, 0.11828567025698009, 0.07482993197278912, 
0.016817063166529946, 0.13553766923165414, 0.027210884353741496, 
0.07506152584085317, 0.06464580464277374, 0.46938775510204084, 
0.025840853158326498, 0.12810242448587253, 0.04081632653061224, 
0.03814602132895817, 0.10217067860183686, 0.1564625850340136, 
0.025840853158326498, 0.10864130180319523, 0.11564625850340136, 
0.025840853158326498, 0.10204446758791882, 0.1836734693877551, 
0.025840853158326498, 0.11503496706923773, 0.08843537414965986, 
0.07588187038556195, 0.08818465126927184, 0.22448979591836735, 
0.025840853158326498, 0.12810242448587253, 0.04081632653061224, 
0.025840853158326498, 0.12480862485435326, 0.05442176870748299, 
0.05783429040196884, 0.07165731899670616, 0.36054421768707484, 
0.030762920426579164, 0.09400839684953916, 0.2925170068027211, 
0.025840853158326498, 0.10864130180319523, 0.11564625850340136, 
0.025840853158326498, 0.11827951362215483, 0.08163265306122448, 
0.03609515996718622, 0.10441458729660288, 0.14285714285714285, 
0.040607054963084505, 0.07769599269872363, 0.41496598639455784, 
0.025840853158326498, 0.12153021680989719, 0.06802721088435375, 
0.025840853158326498, 0.11503496706923773, 0.08843537414965986, 
0.07054963084495489, 0.06774677847156554, 0.3741496598639456, 
0.030762920426579164, 0.10202599768344302, 0.1836734693877551, 
0.03568498769483183, 0.08885553976618148, 0.2925170068027211, 
0.025840853158326498, 0.10864130180319523, 0.11564625850340136, 
0.07588187038556195, 0.08818465126927184, 0.22448979591836735, 
0.06070549630844955, 0.07106415801446556, 0.3469387755102041, 
0.025840853158326498, 0.11828567025698009, 0.07482993197278912, 
0.03609515996718622, 0.10441458729660288, 0.14285714285714285, 
0.04306808859721082, 0.0804415132158785, 0.3469387755102041, 
0.040607054963084505, 0.08831301710537873, 0.22448979591836735, 
0.03814602132895817, 0.0883099387879661, 0.25170068027210885, 
0.11279737489745693, 0.057907244693819616, 0.5034013605442177, 
0.025840853158326498, 0.11503496706923773, 0.08843537414965986, 
0.025840853158326498, 0.11827951362215483, 0.08163265306122448, 
0.025840853158326498, 0.12480862485435326, 0.05442176870748299, 
0.04306808859721082, 0.08173766954564252, 0.2585034013605442, 
0.027071369975389666, 0.10860436199424361, 0.11564625850340136, 
0.025840853158326498, 0.11827951362215483, 0.08163265306122448, 
0.045529122231337156, 0.07854348426559611, 0.2585034013605442, 
0.025840853158326498, 0.11828567025698009, 0.07482993197278912, 
0.04101722723543889, 0.08496263799981525, 0.2585034013605442, 
0.025840853158326498, 0.11828567025698009, 0.07482993197278912, 
0.025840853158326498, 0.10204446758791882, 0.1836734693877551, 
0.025840853158326498, 0.12480862485435326, 0.05442176870748299, 
0.027071369975389666, 0.10532903226720017, 0.14285714285714285, 
0.025840853158326498, 0.11828567025698009, 0.07482993197278912, 
0.06111566858080395, 0.08509001877435007, 0.23129251700680273, 
0.014766201804757998, 0.39283541323440685, 0.11564625850340136, 
0.007383100902378999, 0.4351850879901632, 0.08163265306122448, 
0.9897456931911403, 0.001502218897365787, 1.0, 
0.012305168170631665, 0.30553777912758573, 0.32653061224489793, 
0.0110746513535685, 0.3583712179292041, 0.14965986394557823, 
0.006152584085315833, 0.45622511045695496, 0.06802721088435375, 
0.006152584085315833, 0.4804246563497269, 0.013605442176870748, 
0.012305168170631665, 0.3265973181267736, 0.2585034013605442, 
0.012305168170631665, 0.3928854358923622, 0.11564625850340136, 
0.009844134536505332, 0.4035402620368444, 0.10204081632653061, 
0.0110746513535685, 0.382240614279471, 0.14285714285714285, 
0.004922067268252666, 0.4911295051521644, 0.0, 
0.013535684987694833, 0.42447974665693955, 0.08163265306122448, 
0.014766201804757998, 0.2925058147107187, 0.42857142857142855, 
0.013535684987694833, 0.3056669145430458, 0.2585034013605442, 
0.006152584085315833, 0.4804246563497269, 0.013605442176870748, 
0.0110746513535685, 0.33732168346160735, 0.17687074829931973, 
0.009844134536505332, 0.4141050473970071, 0.08843537414965986, 
0.0110746513535685, 0.4034502212525249, 0.10204081632653061, 
0.012305168170631665, 0.3928854358923622, 0.11564625850340136, 
0.013535684987694833, 0.3265167893432591, 0.23809523809523808, 
0.012305168170631665, 0.3928854358923622, 0.11564625850340136, 
0.012305168170631665, 0.3266268391907608, 0.20408163265306123, 
0.012305168170631665, 0.4350650336110704, 0.08163265306122448, 
0.0110746513535685, 0.39301549480304604, 0.12244897959183673, 
0.012305168170631665, 0.3266268391907608, 0.20408163265306123, 
0.0110746513535685, 0.38326243096142104, 0.1292517006802721, 
0.0, 1.0, 0.0, 
0.0036915504511894994, 0.6657933582777602, 0.3401360544217687, 
0.9273995077932732, 0.011509397841403795, 1.0, 
0.9794913863822805, 0.00408184888915376, 1.0, 
0.0, 1.0, 0.0, 
0.0036915504511894994, 0.7763809262650938, 0.1836734693877551, 
0.002461033634126333, 0.8942325229837182, 0.11564625850340136, 
0.0036915504511894994, 0.8185204442910895, 0.14965986394557823, 
0.002461033634126333, 0.8942325229837182, 0.11564625850340136, 
0.0, 1.0, 0.0, 
0.002461033634126333, 0.9357513906529786, 0.061224489795918366, 
0.0, 1.0, 0.0, 
0.0, 1.0, 0.0, 
0.025840853158326498, 0.12810242448587253, 0.04081632653061224, 
0.058654634946677615, 0.10207525076204518, 0.17006802721088435, 
0.016817063166529946, 0.13554074754906675, 0.013605442176870748, 
0.019278096800656275, 0.12895419491394858, 0.09523809523809523, 
0.04799015586546349, 0.07463045030335123, 0.4217687074829932, 
0.025840853158326498, 0.12156407830143617, 0.061224489795918366, 
0.016817063166529946, 0.13554074754906675, 0.013605442176870748, 
0.019278096800656275, 0.12895419491394858, 0.09523809523809523, 
0.025840853158326498, 0.12485787793295543, 0.047619047619047616, 
0.06029532403609517, 0.07113169629849878, 0.38095238095238093, 
0.016817063166529946, 0.13554074754906675, 0.013605442176870748, 
0.03568498769483183, 0.09152265553883654, 0.22448979591836735, 
0.025840853158326498, 0.12810242448587253, 0.04081632653061224, 
0.0332239540607055, 0.0922420583181693, 0.2585034013605442, 
0.016817063166529946, 0.13554074754906675, 0.013605442176870748, 
0.9278096800656275, 0.008001655149706424, 0.9863945578231292, 
0.6903199343724363, 0.0428032340433339, 0.9863945578231292, 
0.016817063166529946, 0.13554074754906675, 0.013605442176870748, 
0.016817063166529946, 0.13554074754906675, 0.013605442176870748, 
0.01804757998359311, 0.13222336800616674, 0.05442176870748299, 
0.06111566858080395, 0.09574315184425537, 0.17006802721088435, 
0.016817063166529946, 0.13554074754906675, 0.013605442176870748, 
0.019278096800656275, 0.12895622660344092, 0.06802721088435375, 
0.01804757998359311, 0.1322623395046107, 0.027210884353741496, 
0.019278096800656275, 0.12901163631686835, 0.04081632653061224, 
0.01804757998359311, 0.1322438696001349, 0.04081632653061224, 
0.016817063166529946, 0.13554074754906675, 0.013605442176870748, 
0.019278096800656275, 0.1289654615556788, 0.05442176870748299, 
0.016817063166529946, 0.13554074754906675, 0.013605442176870748, 
0.016817063166529946, 0.13554074754906675, 0.013605442176870748, 
0.01804757998359311, 0.1322623395046107, 0.027210884353741496, 
0.020508613617719443, 0.12567781855898483, 0.08163265306122448, 
0.016817063166529946, 0.13554074754906675, 0.013605442176870748, 
0.016817063166529946, 0.13554074754906675, 0.013605442176870748, 
0.048400328137817895, 0.10222300999785164, 0.14285714285714285, 
0.01804757998359311, 0.1322438696001349, 0.04081632653061224, 
0.09187858900738309, 0.07531525279496598, 0.3333333333333333, 
0.019278096800656275, 0.12901163631686835, 0.04081632653061224, 
0.01804757998359311, 0.1322623395046107, 0.027210884353741496, 
0.01804757998359311, 0.13222336800616674, 0.05442176870748299, 
0.01804757998359311, 0.1322623395046107, 0.027210884353741496, 
0.01804757998359311, 0.1322623395046107, 0.027210884353741496, 
0.016817063166529946, 0.13554074754906675, 0.013605442176870748, 
0.07342083675143561, 0.09574007352684274, 0.17006802721088435, 
0.01804757998359311, 0.13222336800616674, 0.05442176870748299, 
0.019278096800656275, 0.12901163631686835, 0.04081632653061224, 
0.016817063166529946, 0.13554074754906675, 0.013605442176870748, 
0.04347826086956522, 0.08510541036141325, 0.24489795918367346, 
0.02296964725184578, 0.1225440914329226, 0.09523809523809523, 
0.016817063166529946, 0.13554074754906675, 0.013605442176870748, 
0.016817063166529946, 0.13554074754906675, 0.013605442176870748, 
0.016817063166529946, 0.13554074754906675, 0.013605442176870748, 
0.03568498769483183, 0.08904885809969496, 0.2857142857142857, 
0.02173913043478261, 0.12241788041900456, 0.10884353741496598, 
0.016817063166529946, 0.13554074754906675, 0.013605442176870748, 
0.01804757998359311, 0.1322438696001349, 0.04081632653061224, 
0.016817063166529946, 0.13554074754906675, 0.013605442176870748, 
0.04306808859721082, 0.08159305019359692, 0.3333333333333333, 
0.013535684987694833, 0.41390495676518585, 0.08843537414965986, 
0.009844134536505332, 0.36111104355914564, 0.1836734693877551, 
0.008613617719442166, 0.3928854358923622, 0.1292517006802721, 
0.009844134536505332, 0.4383556010093064, 0.06802721088435375, 
0.006152584085315833, 0.4804246563497269, 0.013605442176870748, 
0.009844134536505332, 0.36111104355914564, 0.1836734693877551, 
0.006152584085315833, 0.4804246563497269, 0.013605442176870748, 
0.004922067268252666, 0.4911295051521644, 0.0, 
0.009844134536505332, 0.392855422297589, 0.1360544217687075, 
0.6739130434782609, 0.05553438528263833, 0.9863945578231292, 
0.009844134536505332, 0.4383556010093064, 0.06802721088435375, 
