0.081214109926169, 0.4460851944660842, 0.9183673469387755, 
0.0951599671862182, 0.2978368448059196, 0.8639455782312925, 
0.09146841673502872, 0.24717395839512415, 0.891156462585034, 
0.09885151763740771, 0.19971246052712058, 0.8775510204081632, 
0.10131255127153403, 0.21844192872716284, 0.8707482993197279, 
0.10664479081214111, 0.19265277050568042, 0.9047619047619048, 
0.1177194421657096, 0.1708177110007274, 0.8571428571428571, 
0.1103363412633306, 0.1917273051587459, 0.891156462585034, 
0.11648892534864642, 0.19636934625065094, 0.8503401360544217, 
0.10787530762920426, 0.2393475210725449, 0.8435374149659864, 
0.0951599671862182, 0.23492939678923488, 0.8707482993197279, 
0.17145200984413453, 0.12601138503381795, 0.9183673469387755, 
0.08531583264971289, 0.3047769114127048, 0.8571428571428571, 
0.28506972928630026, 0.09135023898055486, 0.9047619047619048, 
0.32608695652173914, 0.09779420395311982, 0.8843537414965986, 
0.27276456111566855, 0.11205297020844426, 0.8843537414965986, 
0.1390484003281378, 0.15716263357319482, 0.8843537414965986, 
0.16324856439704674, 0.139328401643095, 0.8299319727891157, 
0.12633305988515178, 0.16666693858470477, 0.8775510204081632, 
0.28506972928630026, 0.09135023898055486, 0.9047619047619048, 
0.28465955701394585, 0.09793014245006176, 0.9047619047619048, 
0.14889253486464316, 0.152280422156756, 0.8843537414965986, 
0.15750615258408532, 0.13561798253294977, 0.8707482993197279, 
0.18949958982772766, 0.1299564027139801, 0.8775510204081632, 
0.14971287940935193, 0.14156710798143368, 0.8639455782312925, 
0.28465955701394585, 0.09793014245006176, 0.9047619047619048, 
0.17104183757178015, 0.1380129750463279, 0.8367346938775511, 
0.1513535684987695, 0.13672002016667303, 0.8843537414965986, 
0.285890073831009, 0.09175580729966949, 0.891156462585034, 
0.1718621821164889, 0.13979784504852183, 0.8231292517006803, 
0.22231337161607875, 0.2660678703113493, 0.782312925170068, 
0.20590648072190318, 0.2682300496788099, 0.782312925170068, 
0.2793273174733388, 0.10840239358880065, 0.9387755102040817, 
0.26784249384741593, 0.1092643224643384, 0.9251700680272109, 
0.11484823625922887, 0.18613880459515217, 0.8979591836734694, 
0.21123872026251025, 0.12913895552505492, 0.8435374149659864, 
0.1611977030352748, 0.13857707671219324, 0.8435374149659864, 
0.17965545529122232, 0.15204767057718668, 0.8095238095238095, 
0.19278096800656278, 0.12941107878433183, 0.8299319727891157, 
0.2317473338802297, 0.1185220234679222, 0.8367346938775511, 
0.12018047579983593, 0.19671898154237802, 0.8095238095238095, 
0.2182116488925349, 0.12887077251206616, 0.8435374149659864, 
0.1878589007383101, 0.13184732075103928, 0.8095238095238095, 
0.1251025430680886, 0.17002713752281456, 0.8095238095238095, 
0.15176374077112387, 0.1475411370177858, 0.8435374149659864, 
0.15299425758818705, 0.13185433931474008, 0.8843537414965986, 
0.24446267432321575, 0.11571481346981813, 0.8571428571428571, 
0.13453650533223954, 0.16414884415799535, 0.8843537414965986, 
0.14150943396226415, 0.17971121627122238, 0.7959183673469388, 
0.10172272354388844, 0.28267970239689183, 0.8503401360544217, 
0.18580803937653817, 0.130231204109406, 0.8163265306122449, 
0.2136997538966366, 0.11621636372585872, 0.9115646258503401, 
0.1739130434782609, 0.13571116320103024, 0.8299319727891157, 
0.22231337161607875, 0.11533488753475074, 0.8707482993197279, 
0.1669401148482363, 0.13099210260746105, 0.8435374149659864, 
0.1324856439704676, 0.16560122509645062, 0.8163265306122449, 
0.20016406890894176, 0.1200088507782248, 0.8571428571428571, 
0.15996718621821163, 0.15090099734098023, 0.8163265306122449, 
0.19770303527481545, 0.12901643849203204, 0.8571428571428571, 
0.20672682526661199, 0.12927095377570869, 0.8435374149659864, 
0.17063166529942578, 0.1522972605530031, 0.7959183673469388, 
0.13863822805578344, 0.1797113394039189, 0.7959183673469388, 
0.2239540607054963, 0.11789641702015242, 0.8571428571428571, 
0.14561115668580804, 0.1522972605530031, 0.8095238095238095, 
0.23379819524200166, 0.11418399700368898, 0.8707482993197279, 
0.14930270713699753, 0.15434003198802757, 0.7959183673469388, 
0.24528301886792453, 0.11533488753475074, 0.8435374149659864, 
0.22149302707136997, 0.12610699757265437, 0.8367346938775511, 
0.13863822805578344, 0.15924650054567793, 0.8163265306122449, 
0.1739130434782609, 0.13571116320103024, 0.8299319727891157, 
0.23010664479081216, 0.11690590682628892, 0.8435374149659864, 
0.12387202625102543, 0.15606493636702334, 0.8979591836734694, 
0.12961443806398687, 0.2278140507889743, 0.7959183673469388, 
0.18498769483182936, 0.14863652548589779, 0.8095238095238095, 
0.1177194421657096, 0.23393186803167057, 0.8231292517006803, 
0.10910582444626743, 0.3277793304468771, 0.8027210884353742, 
0.12223133716160788, 0.2689525615587294, 0.7959183673469388, 
0.14273995077932733, 0.1563805870345149, 0.7959183673469388, 
0.18539786710418374, 0.1315272373064735, 0.8367346938775511, 
0.18662838392124692, 0.13208749107557302, 0.8095238095238095, 
0.13002461033634127, 0.22084985017367403, 0.7959183673469388, 
0.10172272354388844, 0.28267970239689183, 0.8503401360544217, 
0.17350287120590646, 0.15046079795097342, 0.8163265306122449, 
0.11156685808039377, 0.24069890241669156, 0.8095238095238095, 
0.14561115668580804, 0.1522972605530031, 0.8095238095238095, 
0.11648892534864642, 0.21086988355556374, 0.8299319727891157, 
0.10910582444626743, 0.2256366953166694, 0.8435374149659864, 
0.1587366694011485, 0.15278856001205962, 0.7959183673469388, 
0.2690730106644791, 0.1185220234679222, 0.8231292517006803, 
0.18170631665299425, 0.1307519322829273, 0.8571428571428571, 
0.2136997538966366, 0.11621636372585872, 0.9115646258503401, 
0.15299425758818705, 0.13185433931474008, 0.8843537414965986, 
0.10295324036095159, 0.24085885178945207, 0.8095238095238095, 
0.11977030352748154, 0.2753359452446137, 0.7959183673469388, 
0.219442165709598, 0.11875834589569018, 0.8435374149659864, 
0.13125512715340443, 0.2128665417957469, 0.7959183673469388, 
0.3896636587366694, 0.08832474549472086, 0.891156462585034, 
0.38228055783429044, 0.11361263050872981, 0.8775510204081632, 
0.38720262510254316, 0.08874499738789376, 0.9047619047619048, 
0.39130434782608703, 0.08735956985316334, 0.9183673469387755, 
0.34823625922887613, 0.08878932515863572, 0.891156462585034, 
0.3921246923707958, 0.11245401340096232, 0.8775510204081632, 
0.3347005742411813, 0.08278820692905241, 0.9591836734693877, 
0.3363412633305989, 0.08880924187229546, 0.9183673469387755, 
0.33798195242001644, 0.09132259569018941, 0.8843537414965986, 
0.3137817883511075, 0.08925482831777433, 0.9183673469387755, 
0.4323215750615259, 0.07858180931738343, 0.9795918367346939, 
0.4163248564397047, 0.07908203589693659, 0.9659863945578231, 
0.08039376538146022, 0.34032295058940387, 0.9523809523809523, 
0.0840853158326497, 0.32678863555396886, 0.8231292517006803, 
0.15299425758818705, 0.3101672606844472, 0.782312925170068, 
0.2752255947497949, 0.09405968161763363, 0.9455782312925171, 
0.09885151763740771, 0.3964053995041877, 0.7959183673469388, 
0.09105824446267431, 0.29507611740074635, 0.8843537414965986, 
0.12961443806398687, 0.3414994835045129, 0.782312925170068, 
0.09557013945857261, 0.38174380463224583, 0.8027210884353742, 
0.11402789171452009, 0.3500502796974592, 0.7959183673469388, 
0.0840853158326497, 0.32678863555396886, 0.8231292517006803, 
0.09269893355209187, 0.285952046156045, 0.8707482993197279, 
0.14766201804758, 0.32401033095636944, 0.7891156462585034, 
0.14602132895816244, 0.3260112372745821, 0.7891156462585034, 
0.09762100082034454, 0.28183024070687523, 0.8639455782312925, 
0.11936013125512715, 0.3240915369697148, 0.7959183673469388, 
0.0951599671862182, 0.3233516941627621, 0.8231292517006803, 
0.44175553732567685, 0.06661854435666076, 0.9863945578231292, 
0.3088597210828548, 0.07470697727422934, 1.0, 
0.3826907301066448, 0.0875320787609674, 0.9455782312925171, 
0.3457752255947499, 0.06830743242192872, 1.0, 
0.2838392124692371, 0.09399445207165992, 0.9863945578231292, 
0.42657916324856443, 0.06962212022251678, 0.9863945578231292, 
0.39704675963904845, 0.07276406645607075, 0.9863945578231292, 
0.3310090237899918, 0.0885381344577647, 0.9727891156462585, 
0.36915504511895, 0.07302479994092094, 0.9863945578231292, 
