0.2820075282308657, 0.13971801238853132, 0.9924269743959611, 
0.2816060225846926, 0.12891850284338247, 0.9927875946628201, 
0.2813801756587202, 0.14006597053009437, 0.9909844933285251, 
0.28820577164366373, 0.13091142859844926, 0.991705733862243, 
0.2770639899623588, 0.1398661378663072, 0.991705733862243, 
0.29982434127979923, 0.11957565924668168, 0.991345113595384, 
0.29962358845671266, 0.11999378328764042, 0.991345113595384, 
0.3033375156838143, 0.119267649407048, 0.991345113595384, 
0.27661229611041405, 0.14042149446529154, 0.9909844933285251, 
0.2709159347553325, 0.1595519910741866, 0.991705733862243, 
0.3021580928481807, 0.11076953122730049, 0.992066354129102, 
0.29530740276035133, 0.12044957677702432, 0.991345113595384, 
0.2887578419071518, 0.1297256499660508, 0.991345113595384, 
0.2883814303638645, 0.13975492981530005, 0.9909844933285251, 
0.2865495608531995, 0.1500632780646791, 0.9906238730616661, 
0.289861982434128, 0.10167227967275207, 0.994951316263974, 
0.2969385194479297, 0.11067808083617514, 0.9927875946628201, 
0.30416562107904643, 0.10173148428679234, 0.9927875946628201, 
0.2909159347553325, 0.11112949892683091, 0.9927875946628201, 
0.2776913425345044, 0.11521631504147001, 0.994951316263974, 
0.30210790464240905, 0.12924214561805525, 0.9899026325279481, 
0.2985696361355082, 0.1015985131848197, 0.994230075730256, 
0.2805018820577164, 0.11118571824278062, 0.9935088351965381, 
0.27703889585947306, 0.11778686179425758, 0.994230075730256, 
0.29126725219573396, 0.10190921207158836, 0.9935088351965381, 
0.26682559598494354, 0.2894094955039929, 0.992066354129102, 
0.28454203262233374, 0.12147320358832829, 0.9927875946628201, 
0.2672271016311167, 0.2752266405266977, 0.992066354129102, 
0.27232120451693853, 0.15412157432771256, 0.992066354129102, 
0.257741530740276, 0.27766126506222466, 0.994230075730256, 
0.26396486825595983, 0.12819047751438156, 0.994230075730256, 
0.2746298619824341, 0.1420139345055224, 0.991345113595384, 
0.2741530740276035, 0.1730686346237835, 0.991345113595384, 
0.2779924717691343, 0.1219620632420588, 0.9935088351965381, 
0.26562107904642407, 0.29806764617107606, 0.992066354129102, 
0.2936260978670013, 0.1015985131848197, 0.994951316263974, 
0.2731242158092848, 0.1471004494696709, 0.992066354129102, 
0.289435382685069, 0.1052814708814366, 0.994951316263974, 
0.2617063989962359, 0.1485945797697287, 0.9935088351965381, 
0.28890840652446675, 0.1212012566053993, 0.991345113595384, 
0.3096361355081556, 0.10116154302538084, 0.9927875946628201, 
0.28524466750313676, 0.11154415911046321, 0.992066354129102, 
0.3158845671267252, 0.10107968660750839, 0.9935088351965381, 
0.25889585947302385, 0.18047812169601848, 0.9927875946628201, 
0.2822835633626098, 0.12817796660864325, 0.992066354129102, 
0.310840652446675, 0.10173148428679234, 0.992066354129102, 
0.30220828105395237, 0.10228719410806983, 0.992066354129102, 
0.2657465495608532, 0.14421195707597118, 0.9935088351965381, 
0.2621831869510665, 0.14842437220149668, 0.9927875946628201, 
0.271267252195734, 0.12819047751438156, 0.9935088351965381, 
0.2829861982434128, 0.15696553792393939, 0.9906238730616661, 
0.32815558343789214, 0.11184202805200298, 0.9899026325279481, 
0.3337013801756587, 0.10672595635790443, 0.98918139199423, 
0.32815558343789214, 0.11184202805200298, 0.9899026325279481, 
0.3024843161856964, 0.11957413241483383, 0.991345113595384, 
0.33671267252195736, 0.14203314524056318, 0.988460151460512, 
0.3285570890840653, 0.10443311069314405, 0.9906238730616661, 
0.33450439146800504, 0.10184658917729171, 0.991345113595384, 
0.32584692597239645, 0.11460960447876752, 0.9899026325279481, 
0.31874529485570896, 0.10428491684976306, 0.991345113595384, 
0.3252195734002509, 0.10526252221454882, 0.9906238730616661, 
0.3095106649937265, 0.11392820449246342, 0.991345113595384, 
0.3489836888331242, 0.10107321466355633, 0.994230075730256, 
0.32878293601003766, 0.10428491684976306, 0.9906238730616661, 
0.3277038895859473, 0.1051039026163859, 0.9906238730616661, 
0.3319949811794229, 0.10428491684976306, 0.9899026325279481, 
0.3287076537013802, 0.1016984409109808, 0.992066354129102, 
0.31796737766624844, 0.10472968068818642, 0.991345113595384, 
0.30853199498117945, 0.1064599002112839, 0.991705733862243, 
0.3008281053952321, 0.11889332493044086, 0.991705733862243, 
0.34388958594730235, 0.1005692462110927, 0.995311936530833, 
0.3499623588456713, 0.1005100188085174, 0.995311936530833, 
0.3073776662484316, 0.10676319282416379, 0.991705733862243, 
0.3124215809284818, 0.10685206811082931, 0.991345113595384, 
0.31277289836888333, 0.1118419368978628, 0.9902632527948071, 
0.31854454203262234, 0.10637802100487641, 0.9909844933285251, 
0.3133249686323714, 0.10652616927118733, 0.9909844933285251, 
0.3024341279799247, 0.12103177827028866, 0.9906238730616661, 
0.2872772898368883, 0.18211190013881637, 0.9899026325279481, 
0.29739021329987453, 0.13085288485192523, 0.9906238730616661, 
0.2964115432873275, 0.1356524921598894, 0.9906238730616661, 
0.29267252195734, 0.15194597567574555, 0.9899026325279481, 
0.3310664993726474, 0.15304943072530325, 0.9877389109267941, 
0.28787954830614804, 0.15233105634089278, 0.9899026325279481, 
0.33789209535759096, 0.1526939295786411, 0.9877389109267941, 
0.2943287327478043, 0.15194597567574555, 0.98918139199423, 
0.32910915934755336, 0.149628051228171, 0.988460151460512, 
0.3454203262233375, 0.15269004413341639, 0.9877389109267941, 
0.3341781681304893, 0.1495391987300405, 0.988460151460512, 
0.30025094102885824, 0.15064242589424773, 0.98918139199423, 
0.29824341279799244, 0.12140254773542922, 0.9906238730616661, 
0.2951317440401506, 0.15137548748949306, 0.9899026325279481, 
0.31478042659974903, 0.13012709279935847, 0.98918139199423, 
0.29769134253450436, 0.1303492354389522, 0.9899026325279481, 
0.2942032622333751, 0.1214465068195261, 0.9909844933285251, 
0.29580928481806773, 0.15162009962463863, 0.988460151460512, 
0.2914178168130489, 0.13597845936513647, 0.9906238730616661, 
0.29683814303638645, 0.15137548748949306, 0.9895420122610891, 
0.3310664993726474, 0.12212083096569949, 0.98918139199423, 
0.3135508155583438, 0.12103177827028866, 0.9899026325279481, 
0.3528481806775408, 0.10080616721566148, 0.994590695997115, 
0.32910915934755336, 0.10337645190029605, 0.991705733862243, 
0.30338770388958597, 0.1104473241303354, 0.991705733862243, 
0.3138770388958595, 0.10534101732350251, 0.991345113595384, 
0.31041405269761607, 0.10933795545593421, 0.9906238730616661, 
0.30040150564617313, 0.10993043457850267, 0.9927875946628201, 
0.29841907151819325, 0.10930523111961327, 0.9931482149296791, 
0.2976411543287327, 0.1100344870295065, 0.9927875946628201, 
0.29508155583437895, 0.14707277279386186, 0.9902632527948071, 
0.3316185696361355, 0.10068770101624333, 0.997115037865128, 
0.32785445420326226, 0.10059880294104274, 0.9985575189325641, 
0.3309159347553325, 0.10012489256630011, 0.9985575189325641, 
0.3511417816813049, 0.10036182496513638, 0.99639379733141, 
0.3283061480552071, 0.10107289562406574, 0.994951316263974, 
0.31121706398996235, 0.10104317937437039, 0.997115037865128, 
0.3237139272271016, 0.1009246789921497, 0.997115037865128, 
0.32105395232120454, 0.10071732611179851, 0.997836278398846, 
0.33267252195734, 0.10086581620613508, 0.994951316263974, 
0.3078293601003764, 0.11908910123499049, 0.9906238730616661, 
0.3025094102885822, 0.10121334136553232, 0.994951316263974, 
0.30353826850690085, 0.1160248180819733, 0.991345113595384, 
