8.120178643930174E-4, 0.5946716806986602, 0.012307692307692308, 
0.004466098254161592, 0.5371766914941101, 0.08923076923076922, 
0.0038570848558668294, 0.5497657300458862, 0.07384615384615385, 
0.0032480714575720674, 0.5557923974376939, 0.05846153846153846, 
0.005075111652456354, 0.5493658737658905, 0.08307692307692308, 
2.0300446609825435E-4, 0.6071966677129388, 0.0, 
0.0032480714575720674, 0.5682708015156108, 0.043076923076923075, 
0.004466098254161592, 0.5620461566442654, 0.055384615384615386, 
0.004466098254161592, 0.5494997997079307, 0.08307692307692308, 
0.9746244417377182, 0.0030744155712082617, 1.0, 
0.9898497766950873, 0.003053278563834093, 0.9969230769230769, 
0.690824198132359, 0.09393588866165796, 0.9938461538461538, 
0.9644742184328056, 0.0036218233021298495, 0.9969230769230769, 
0.9644742184328056, 0.0036218233021298495, 0.9969230769230769, 
0.0, 1.0, 0.0, 
0.9644742184328056, 0.0036218233021298495, 0.9969230769230769, 
0.8800243605359318, 0.0450325980110076, 0.9969230769230769, 
0.9490458790093382, 0.0067494889924666936, 0.9969230769230769, 
0.8444985789687374, 0.08604013917700354, 0.9969230769230769, 
0.9234673162809581, 0.011857599107890185, 0.9969230769230769, 
0.018879415347137638, 0.20280623760657338, 0.38153846153846155, 
0.006496142915144135, 0.28357045163991, 0.018461538461538463, 
0.02842062525375558, 0.23886341012540094, 0.11384615384615385, 
0.005887129516849372, 0.28981256511239106, 0.006153846153846154, 
0.1274868047097036, 0.14978536475356272, 0.5969230769230769, 
0.015225334957369063, 0.251204976827755, 0.07076923076923076, 
0.042833942346731636, 0.1548288410447842, 0.48615384615384616, 
0.005278116118554608, 0.29295400188328985, 0.0, 
0.010962241169305727, 0.24501526915868102, 0.08923076923076922, 
0.008932196508323184, 0.2743179159050478, 0.043076923076923075, 
0.010962241169305727, 0.2767072129397149, 0.03076923076923077, 
0.015225334957369063, 0.2418603233362373, 0.12923076923076923, 
0.046691027202598455, 0.21404425454651643, 0.2246153846153846, 
0.015834348355663826, 0.26124458950112034, 0.05846153846153846, 
0.030247665448639872, 0.20409780774587472, 0.2676923076923077, 
0.025984571660576536, 0.24188547812187267, 0.1076923076923077, 
0.011571254567600489, 0.2642841260987277, 0.06153846153846154, 
0.0194884287454324, 0.17542711675992617, 0.39384615384615385, 
0.007105156313438895, 0.28049597784003133, 0.024615384615384615, 
0.006496142915144135, 0.28357045163991, 0.018461538461538463, 
0.03532277710109623, 0.22337074069285304, 0.17846153846153845, 
0.03329273244011368, 0.17147851415921833, 0.4276923076923077, 
0.010353227771010963, 0.24802080021274425, 0.09846153846153846, 
0.010962241169305727, 0.26737024563269685, 0.04923076923076923, 
0.010353227771010963, 0.2705116824035957, 0.04, 
0.005887129516849372, 0.28981256511239106, 0.006153846153846154, 
0.018270401948842874, 0.23566956755109514, 0.12615384615384614, 
0.015225334957369063, 0.2480635400568562, 0.07692307692307693, 
0.011571254567600489, 0.2642841260987277, 0.06153846153846154, 
0.03654080389768575, 0.15776245969083896, 0.44, 
0.03552578156719448, 0.2387371703678605, 0.11692307692307692, 
0.05684125050751116, 0.21395836725759934, 0.22153846153846155, 
0.010353227771010963, 0.276774175910735, 0.027692307692307693, 
0.022127486804709707, 0.22573459179853253, 0.19384615384615383, 
0.008323183110028422, 0.27736036393617775, 0.036923076923076927, 
0.006496142915144135, 0.28357045163991, 0.018461538461538463, 
0.014007308160779539, 0.261162021246419, 0.06769230769230769, 
0.011571254567600489, 0.24190876959005356, 0.10153846153846154, 
0.010353227771010963, 0.25430472187061, 0.07076923076923076, 
0.008932196508323184, 0.2743179159050478, 0.043076923076923075, 
0.03065367438083638, 0.16838074889115873, 0.4338461538461538, 
0.011571254567600489, 0.26120965229884896, 0.06461538461538462, 
0.030247665448639872, 0.22019133882881936, 0.19076923076923077, 
0.010962241169305727, 0.26745758863837527, 0.046153846153846156, 
0.024157531465692245, 0.23886341012540094, 0.12, 
0.022533495736906214, 0.22949628036708866, 0.15384615384615385, 
0.010962241169305727, 0.2767072129397149, 0.03076923076923077, 
0.015834348355663826, 0.26124458950112034, 0.05846153846153846, 
0.025375558262281772, 0.2263694007638029, 0.16615384615384615, 
0.031465692245229396, 0.1748596201376986, 0.4246153846153846, 
0.010962241169305727, 0.24501526915868102, 0.08923076923076922, 
0.02578156719447828, 0.23252999409765082, 0.14153846153846153, 
0.019691433211530655, 0.2289275027141111, 0.18769230769230769, 
0.010962241169305727, 0.2767072129397149, 0.03076923076923077, 
0.02842062525375558, 0.22635484359618988, 0.16615384615384615, 
0.020706455542021926, 0.24190585815653093, 0.1076923076923077, 
0.024563540397888755, 0.1839346166563519, 0.3723076923076923, 
0.018879415347137638, 0.22957011432122212, 0.15076923076923077, 
0.010353227771010963, 0.2736531191744945, 0.033846153846153845, 
0.047503045066991476, 0.2232309336550972, 0.17846153846153845, 
0.02720259845716606, 0.2388566555996285, 0.11692307692307692, 
0.02131546894031669, 0.20664729185295594, 0.26153846153846155, 
0.0416159155501421, 0.2201350899331625, 0.19384615384615383, 
0.6559074299634591, 0.09552407564824304, 0.9938461538461538, 
0.5119772634997971, 0.11683739943653863, 0.9876923076923076, 
0.006496142915144135, 0.28043483773605643, 0.03076923076923077, 
0.005887129516849372, 0.28669150837615054, 0.012307692307692308, 
0.005887129516849372, 0.28981256511239106, 0.006153846153846154, 
0.005887129516849372, 0.28669150837615054, 0.012307692307692308, 
0.005887129516849372, 0.28669150837615054, 0.012307692307692308, 
0.005887129516849372, 0.28981256511239106, 0.006153846153846154, 
0.005278116118554608, 0.29295400188328985, 0.0, 
0.01705237515225335, 0.2704146734386222, 0.043076923076923075, 
0.005887129516849372, 0.28669150837615054, 0.012307692307692308, 
0.005278116118554608, 0.29295400188328985, 0.0, 
0.010150223304912708, 0.2711784006802739, 0.05846153846153846, 
0.015834348355663826, 0.26423754316236586, 0.055384615384615386, 
0.005887129516849372, 0.28669150837615054, 0.012307692307692308, 
0.006496142915144135, 0.28357045163991, 0.018461538461538463, 
0.005887129516849372, 0.28669150837615054, 0.012307692307692308, 
0.005887129516849372, 0.28981256511239106, 0.006153846153846154, 
0.013398294762484777, 0.2673431110722661, 0.04923076923076923, 
0.029232643118148598, 0.20093983403256746, 0.3353846153846154, 
0.006496142915144135, 0.28357045163991, 0.018461538461538463, 
0.005887129516849372, 0.28981256511239106, 0.006153846153846154, 
0.029232643118148598, 0.194690325518939, 0.35384615384615387, 
0.7681688997157937, 0.08932272224507859, 0.9938461538461538, 
0.6384490458790094, 0.10864258750044144, 0.9938461538461538, 
0.0, 1.0, 0.0, 
0.0, 1.0, 0.0, 
0.7604547300040602, 0.08937949519876953, 0.9938461538461538, 
0.6384490458790094, 0.10864258750044144, 0.9938461538461538, 
0.8660170523751523, 0.040744172889540416, 1.0, 
0.6305318717011775, 0.1040954523961549, 1.0, 
0.0, 1.0, 0.0, 
0.0, 1.0, 0.0, 
0.0, 1.0, 0.0, 
0.9171741778319124, 0.03233443893080398, 1.0, 
0.0020300446609825425, 0.5698196841496405, 0.04923076923076923, 
2.0300446609825435E-4, 0.6071966677129388, 0.0, 
0.495939910678035, 0.12417601700230593, 0.9815384615384616, 
0.002639058059277304, 0.5760792662232573, 0.036923076923076927, 
0.5406008932196509, 0.12483830990002981, 0.9753846153846154, 
0.0014210312626877794, 0.5884295672261791, 0.018461538461538463, 
0.0020300446609825425, 0.5698196841496405, 0.04923076923076923, 
2.0300446609825435E-4, 0.6071966677129388, 0.0, 
0.4870077141697118, 0.12483830990002981, 0.9815384615384616, 
2.0300446609825435E-4, 0.6071966677129388, 0.0, 
0.002639058059277304, 0.5822806196264217, 0.024615384615384615, 
8.120178643930174E-4, 0.6009137941711412, 0.006153846153846154, 
8.120178643930174E-4, 0.6009137941711412, 0.006153846153846154, 
8.120178643930174E-4, 0.5946716806986602, 0.012307692307692308, 
8.120178643930174E-4, 0.5946716806986602, 0.012307692307692308, 
2.0300446609825435E-4, 0.6071966677129388, 0.0, 
0.0020300446609825425, 0.5822515052911956, 0.03076923076923077, 
8.120178643930174E-4, 0.5946095507072877, 0.021538461538461538, 
0.0014210312626877794, 0.5821253237623256, 0.033846153846153845, 
0.0014210312626877794, 0.5884295672261791, 0.018461538461538463, 
0.0014210312626877794, 0.5821253237623256, 0.033846153846153845, 
0.0020300446609825425, 0.569833251429856, 0.046153846153846156, 
0.0020300446609825425, 0.5883674372348067, 0.027692307692307693, 
0.0020300446609825425, 0.588400452890953, 0.024615384615384615, 
0.0020300446609825425, 0.5760152146857598, 0.043076923076923075, 
0.002639058059277304, 0.5637639024226068, 0.055384615384615386, 
0.0, 1.0, 0.0, 
0.7545676004872106, 0.08543124197008438, 1.0, 
0.6128704831506294, 0.108923599064044, 0.9969230769230769, 
0.6871701177425904, 0.09174084247161955, 1.0, 
0.6323589118960617, 0.11132468740447768, 0.9876923076923076, 
0.6760048721071863, 0.09343646135518903, 1.0, 
0.6128704831506294, 0.108923599064044, 0.9969230769230769, 
0.007714169711733659, 0.2773836554043586, 0.043076923076923075, 
0.006496142915144135, 0.28357045163991, 0.018461538461538463, 
0.02578156719447828, 0.2610485335677076, 0.06461538461538462, 
0.005887129516849372, 0.28669150837615054, 0.012307692307692308, 
0.16057653268371905, 0.13358096628207697, 0.7846153846153846, 
0.005887129516849372, 0.28981256511239106, 0.006153846153846154, 
0.005887129516849372, 0.28669150837615054, 0.012307692307692308, 
0.042021924482338616, 0.21698020233938925, 0.23076923076923078, 
0.005887129516849372, 0.28981256511239106, 0.006153846153846154, 
0.005887129516849372, 0.28669150837615054, 0.012307692307692308, 
0.008323183110028422, 0.277356404386587, 0.046153846153846156, 
0.005887129516849372, 0.28669150837615054, 0.012307692307692308, 
0.12586276898091758, 0.13725502070160248, 0.76, 
0.0020300446609825425, 0.588400452890953, 0.024615384615384615, 
8.120178643930174E-4, 0.6009137941711412, 0.006153846153846154, 
8.120178643930174E-4, 0.6009137941711412, 0.006153846153846154, 
8.120178643930174E-4, 0.6009137941711412, 0.006153846153846154, 
0.006496142915144135, 0.28056585224457403, 0.024615384615384615, 
0.005887129516849372, 0.28981256511239106, 0.006153846153846154, 
0.009541209906617946, 0.27426259866811814, 0.04923076923076923, 
0.01644336175395859, 0.26118344939714544, 0.06461538461538462, 
0.011571254567600489, 0.2643161518674764, 0.052307692307692305, 
0.012180267965895249, 0.26739062566735516, 0.046153846153846156, 
0.01644336175395859, 0.26118344939714544, 0.06461538461538462, 
0.008932196508323184, 0.27742441547367525, 0.03076923076923077, 
0.007714169711733659, 0.2743120930380025, 0.055384615384615386, 
0.011571254567600489, 0.2642899489657729, 0.05846153846153846, 
0.012180267965895249, 0.26739062566735516, 0.046153846153846156, 
0.011571254567600489, 0.2643161518674764, 0.052307692307692305, 
0.7795371498172959, 0.0592724775987754, 1.0, 
0.010353227771010963, 0.27049421380245997, 0.043076923076923075, 
0.005278116118554608, 0.29295400188328985, 0.0, 
0.015225334957369063, 0.26427830323168244, 0.05846153846153846, 
0.030247665448639872, 0.21712262966731544, 0.24, 
0.005278116118554608, 0.29295400188328985, 0.0, 
0.022533495736906214, 0.21774585112716585, 0.24307692307692308, 
0.020503451075923673, 0.2766868329050566, 0.03076923076923077, 
0.020503451075923673, 0.2766868329050566, 0.03076923076923077, 
0.0014210312626877794, 0.5810830305612305, 0.04923076923076923, 
8.120178643930174E-4, 0.6009137941711412, 0.006153846153846154, 
0.005075111652456354, 0.5686629133824361, 0.036923076923076927, 
8.120178643930174E-4, 0.5946716806986602, 0.012307692307692308, 
8.120178643930174E-4, 0.5946716806986602, 0.012307692307692308, 
8.120178643930174E-4, 0.6009137941711412, 0.006153846153846154, 
8.120178643930174E-4, 0.5946716806986602, 0.012307692307692308, 
0.0038570848558668294, 0.5623314771294814, 0.055384615384615386, 
8.120178643930174E-4, 0.5946716806986602, 0.012307692307692308, 
2.0300446609825435E-4, 0.6071966677129388, 0.0, 
0.0032480714575720674, 0.5761374948937096, 0.03076923076923077, 
8.120178643930174E-4, 0.6009137941711412, 0.006153846153846154, 
0.004466098254161592, 0.5499054788549717, 0.07076923076923076, 
0.7166057653268372, 0.08914803623372183, 1.0, 
0.008932196508323184, 0.2712230620705108, 0.055384615384615386, 
0.005887129516849372, 0.28981256511239106, 0.006153846153846154, 
0.9898497766950873, 0.0030511823316978133, 1.0, 
0.16362159967519288, 0.1261764047470225, 0.7692307692307693, 
0.005887129516849372, 0.28981256511239106, 0.006153846153846154, 
0.6356069833536339, 0.10972013816149552, 0.9692307692307692, 
0.48132358911896067, 0.11259762436923429, 0.9938461538461538, 
0.005887129516849372, 0.28981256511239106, 0.006153846153846154, 
0.6392610637434024, 0.10485685049098852, 0.9815384615384616, 
0.16747868453105969, 0.1543244060726564, 0.5846153846153846, 
0.005887129516849372, 0.28981256511239106, 0.006153846153846154, 
8.120178643930174E-4, 0.5883848476072719, 0.033846153846153845, 
8.120178643930174E-4, 0.6009137941711412, 0.006153846153846154, 
2.0300446609825435E-4, 0.6071966677129388, 0.0, 
0.0038570848558668294, 0.5759180892634455, 0.04, 
0.7645148193260252, 0.07131489450668102, 1.0, 
0.9208282582216809, 0.02400669094006432, 1.0, 
0.9208282582216809, 0.02400669094006432, 1.0, 
0.9208282582216809, 0.02400669094006432, 1.0, 
0.005887129516849372, 0.28981256511239106, 0.006153846153846154, 
1.0, 0.0, 1.0, 
0.007105156313438895, 0.28049597784003133, 0.024615384615384615, 
0.008323183110028422, 0.27658493273176515, 0.04923076923076923, 
0.018879415347137638, 0.21372393863035857, 0.3046153846153846, 
0.010353227771010963, 0.26422880886179806, 0.06769230769230769, 
0.02273650020300447, 0.22878792859103705, 0.1753846153846154, 
0.007105156313438895, 0.2773953011384491, 0.036923076923076927, 
0.010962241169305727, 0.27356577616881605, 0.036923076923076927, 
0.005887129516849372, 0.28981256511239106, 0.006153846153846154, 
0.005278116118554608, 0.29295400188328985, 0.0, 
1.0, 0.0, 1.0, 
0.008323183110028422, 0.27348425603018295, 0.06153846153846154, 
0.018270401948842874, 0.2272274002229168, 0.2, 
0.010150223304912708, 0.2706865431009638, 0.09230769230769231, 
0.025172553796183515, 0.20430067643373032, 0.3353846153846154, 
0.02273650020300447, 0.2256523146871835, 0.18769230769230769, 
0.007105156313438895, 0.28049597784003133, 0.024615384615384615, 
0.010962241169305727, 0.2704447194325756, 0.043076923076923075, 
1.0, 0.0, 1.0, 
0.005887129516849372, 0.28981256511239106, 0.006153846153846154, 
0.04060089321965083, 0.1916196365826397, 0.3230769230769231, 
1.0, 0.0, 1.0, 
0.0194884287454324, 0.22107554118963677, 0.23076923076923078, 
1.0, 0.0, 1.0, 
0.010962241169305727, 0.27356577616881605, 0.036923076923076927, 
0.010962241169305727, 0.2704447194325756, 0.043076923076923075, 
0.05196914332115306, 0.19776858418239712, 0.31076923076923074, 
0.007105156313438895, 0.2773953011384491, 0.036923076923076927, 
1.0, 0.0, 1.0, 
0.02395452699959399, 0.21950918995447127, 0.2123076923076923, 
1.0, 0.0, 1.0, 
0.020097442143727162, 0.20126405126964558, 0.3476923076923077, 
0.010353227771010963, 0.26731783982928986, 0.055384615384615386, 
1.0, 0.0, 1.0, 
0.030450669914738125, 0.22562611178547998, 0.17846153846153845, 
0.010962241169305727, 0.2704447194325756, 0.043076923076923075, 
1.0, 0.0, 1.0, 
0.010150223304912708, 0.2706865431009638, 0.09230769230769231, 
1.0, 0.0, 1.0, 
0.012789281364190013, 0.26429868326634076, 0.055384615384615386, 
0.03451075923670321, 0.21701799274651273, 0.23692307692307693, 
1.0, 0.0, 1.0, 
0.02273650020300447, 0.21027703425426728, 0.24615384615384617, 
0.029029638652050344, 0.2255853517161634, 0.19076923076923077, 
0.007105156313438895, 0.28049597784003133, 0.024615384615384615, 
8.120178643930174E-4, 0.6009137941711412, 0.006153846153846154, 
0.861144945188794, 0.06581339149368214, 0.9938461538461538, 
0.004466098254161592, 0.5131562003591487, 0.16923076923076924, 
2.0300446609825435E-4, 0.6071966677129388, 0.0, 
8.120178643930174E-4, 0.6009137941711412, 0.006153846153846154, 
