0.31417378201908586, 0.040883057303058065, 0.992239149180799, 
0.32008036162732295, 0.04137070539588381, 0.9910893935038805, 
0.26985434455047713, 0.06773616162433176, 0.9971256108077033, 
0.3152184831742843, 0.040883057303058065, 0.9916642713423397, 
0.3136514314414867, 0.043955687261364194, 0.9916642713423397, 
0.32747363134103463, 0.04072036788708491, 0.992239149180799, 
0.3358513309894525, 0.03959248388664987, 0.9945386605346364, 
0.29088900050226013, 0.04968679940814272, 0.9925265881000287, 
0.29235560020090406, 0.04835016984188599, 0.9925265881000287, 
0.28749372174786536, 0.056788153528676125, 0.9919517102615694, 
0.28761426418884983, 0.04968679940814272, 0.993101465938488, 
0.28229030637870417, 0.048193308960404524, 0.9936763437769474, 
0.3125464590657961, 0.04325617372765908, 0.9919517102615694, 
0.29402310396785536, 0.048199101737015915, 0.9919517102615694, 
0.28749372174786536, 0.056788153528676125, 0.9919517102615694, 
0.2966951280763436, 0.04805251230665558, 0.9913768324231101, 
0.3156403817177298, 0.03998999530266605, 0.9925265881000287, 
0.29605223505775996, 0.04626158334070393, 0.9919517102615694, 
0.29008538422903063, 0.05368393148310975, 0.9925265881000287, 
0.2750577599196384, 0.05588362218817238, 0.993101465938488, 
0.2913912606730286, 0.04961197604357898, 0.9925265881000287, 
0.2819286790557509, 0.0526004498305586, 0.9936763437769474, 
0.2907885484681065, 0.06905741977178713, 0.9913768324231101, 
0.288598694123556, 0.0706030362695577, 0.9913768324231101, 
0.28102461074836765, 0.05742151498379444, 0.9919517102615694, 
0.2853440482169764, 0.05695084294464928, 0.9919517102615694, 
0.2704570567553993, 0.05812128329239682, 0.993101465938488, 
0.2925565042692115, 0.05068131545446469, 0.9913768324231101, 
0.2929583124058262, 0.049193599904397735, 0.9919517102615694, 
0.2821898543445505, 0.05587497772060569, 0.9925265881000287, 
0.2826720241084882, 0.05344314685652384, 0.993101465938488, 
0.28930185836263184, 0.05425156101473498, 0.9925265881000287, 
0.29135107985936715, 0.05642117040298076, 0.9919517102615694, 
0.2946258161727775, 0.0449951867211252, 0.9925265881000287, 
0.31154193872425917, 0.043832036511227336, 0.9919517102615694, 
0.3091511803114013, 0.04409930878765821, 0.9919517102615694, 
0.3107182320441989, 0.04029625260811274, 0.9933889048577177, 
0.3130487192365645, 0.044221341493710715, 0.9913768324231101, 
0.3123455549974887, 0.04435785614129169, 0.9896521989077322, 
0.3145755901557007, 0.04033103608619129, 0.993101465938488, 
0.31748869914615774, 0.04421837358964438, 0.9908019545846508, 
0.30105474635861373, 0.04018588591051372, 0.9936763437769474, 
0.3130688096433953, 0.040124918724572904, 0.9942512216154067, 
0.29223505775991965, 0.04451767598736939, 0.9936763437769474, 
0.3036865896534405, 0.04431433880094566, 0.9913768324231101, 
0.3064791562029131, 0.10003537884678582, 0.9905145156654211, 
0.3003114013058764, 0.056214704402029275, 0.9908019545846508, 
0.3189552988448016, 0.04421260763144324, 0.9902270767461915, 
0.29492717227523857, 0.04441307524797151, 0.9936763437769474, 
0.3136112506278252, 0.04421260763144324, 0.9913768324231101, 
0.30949271722752386, 0.04390177331731595, 0.9919517102615694, 
0.3035057759919638, 0.04435785614129169, 0.9908019545846508, 
0.29890507282772477, 0.06434368189632335, 0.9908019545846508, 
0.3012958312405826, 0.04418351859580521, 0.9919517102615694, 
0.3131290808638875, 0.044221341493710715, 0.9908019545846508, 
0.3103164239075841, 0.04425325540189381, 0.9902270767461915, 
0.31503766951280765, 0.040159693263181376, 0.9925265881000287, 
0.30306378704168757, 0.052138252409048624, 0.9908019545846508, 
0.30282270215971874, 0.052141282889405505, 0.9908019545846508, 
0.2942641888498242, 0.042849383141700594, 0.993963782696177, 
0.2866097438473129, 0.04728652487344079, 0.993963782696177, 
0.3126268206931191, 0.04302014489915536, 0.992239149180799, 
0.27819186338523355, 0.047170302822939825, 0.9945386605346364, 
0.28464088397790055, 0.042849383141700594, 0.9945386605346364, 
0.30079357106981414, 0.04024120335136442, 0.994826099453866, 
0.3666700150678051, 0.03941818209904371, 0.998275366484622, 
0.3657659467604219, 0.03945305497182306, 0.998275366484622, 
0.3458362631843295, 0.039528727586044324, 1.0, 
0.3535107985936715, 0.03953438627060451, 0.998275366484622, 
0.28952285283777, 0.04031079712593176, 0.9954009772923254, 
0.31011551983927677, 0.0401685790964402, 0.9942512216154067, 
0.3754093420391763, 0.0395430307381712, 0.9977004886461627, 
0.31310899045705676, 0.04001726068640791, 0.9936763437769474, 
0.31011551983927677, 0.0401685790964402, 0.9942512216154067, 
0.30511300853842294, 0.039569223385503546, 0.9954009772923254, 
0.301958814665997, 0.039569223385503546, 0.996550732969244, 
0.2878151682571572, 0.04075853942432351, 0.9959758551307847, 
0.305715720743345, 0.03954600758170761, 0.994826099453866, 
0.27949773982923154, 0.04080782272287069, 0.994826099453866, 
0.2795580110497238, 0.05571497014565632, 0.9942512216154067, 
0.29042692114515317, 0.04470109603445643, 0.9936763437769474, 
0.28841788046207933, 0.045944241092358895, 0.993101465938488, 
0.29585133098945254, 0.040781782046529685, 0.9942512216154067, 
0.2954897036664993, 0.04470109603445643, 0.993101465938488, 
0.28580612757408336, 0.040674302797766286, 0.996550732969244, 
0.2854445002511301, 0.04077017861436676, 0.9954009772923254, 
0.28990457056755403, 0.03977566256804479, 0.9954009772923254, 
0.2948869914615771, 0.0408078137834006, 0.9942512216154067, 
0.2947865394274234, 0.04077017861436676, 0.994826099453866, 
0.29715720743345053, 0.03962733888048906, 0.9954009772923254, 
0.2883174284279256, 0.045944241092358895, 0.9936763437769474, 
0.2760421898543446, 0.05316443205839147, 0.994826099453866, 
0.29573078854846807, 0.040950308936464626, 0.9936763437769474, 
0.287674535409342, 0.04080782272287069, 0.9942512216154067, 
0.29741838272225013, 0.039569241264443694, 0.9954009772923254, 
0.2873329984932195, 0.044730149312214154, 0.9942512216154067, 
0.29571069814163736, 0.040677190246601894, 0.994826099453866, 
0.2962129583124058, 0.04212067776845152, 0.9925265881000287, 
0.2798995479658463, 0.04679883208326465, 0.9942512216154067, 
0.27614264188849824, 0.04456746883571108, 0.9954009772923254, 
0.33281767955801106, 0.0399143137489747, 0.9942512216154067, 
