0.14430583501006036, 0.24698367748727143, 0.8909405654933641, 
0.371066398390342, 0.17151314377507504, 0.9976918638199653, 
0.011468812877263581, 0.6644943723849354, 0.4218118869013272, 
0.0061569416498993956, 0.8985074851656307, 0.1436814772071552, 
0.02261569416498994, 0.48557381984193143, 0.6255049047893826, 
0.010382293762575453, 0.758336004972325, 0.3214079630698211, 
0.6933199195171026, 0.1141897596222855, 1.0, 
0.0, 1.0, 0.0, 
0.05211267605633803, 0.40798679703713936, 0.7339873052510099, 
0.005432595573440644, 0.9154092024930317, 0.10617426428159261, 
0.0077263581488933595, 0.8381774900723855, 0.21350259665320254, 
0.010784708249496983, 0.5799442211369548, 0.5274091171379112, 
0.7107847082494969, 0.10724143501314298, 1.0, 
0.36655935613682095, 0.17151318050915454, 0.9976918638199653, 
0.0033400402414486925, 0.9839484194749029, 0.027120600115406807, 
0.009899396378269618, 0.9017392025453778, 0.1286785920369302, 
0.13456740442655934, 0.26272176937775504, 0.8851702250432776, 
0.0061569416498993956, 0.8985074851656307, 0.1436814772071552, 
0.12796780684104628, 0.2845572776594073, 0.8678592036930178, 
0.01130784708249497, 0.8457053682540963, 0.20253894979803808, 
0.003943661971830986, 0.9878881495032955, 0.022504327755337564, 
0.020362173038229375, 0.5215640342504885, 0.6128101557991922, 
0.03702213279678068, 0.45020226243359057, 0.6814772071552222, 
0.017263581488933602, 0.760237948673491, 0.29890363531448355, 
0.3180684104627767, 0.20037463250997264, 0.9988459319099827, 
0.014044265593561369, 0.6487789637885546, 0.43739180611656087, 
0.011227364185110665, 0.9328003646959415, 0.08886324293133295, 
0.14498993963782697, 0.24698367748727143, 0.8874783612233121, 
0.017947686116700202, 0.6343251320521283, 0.4570109636468552, 
0.021327967806841045, 0.5311285049018415, 0.5885747259088286, 
0.006036217303822937, 0.9727959529329913, 0.03289094056549336, 
0.012635814889336015, 0.6165395009363058, 0.49509521061742645, 
0.017344064386317908, 0.7025113345298236, 0.3710328909405655, 
0.003782696177062374, 0.9882867142660746, 0.014425851125216388, 
0.019597585513078473, 0.49228374027499683, 0.6439699942296595, 
0.1430583501006036, 0.26272176937775504, 0.8828620888632429, 
0.009859154929577466, 0.9008683109881459, 0.13675706866705137, 
0.0034205231388329984, 0.9747556793412405, 0.030582804385458743, 
0.012837022132796782, 0.5705712636091729, 0.5747259088286208, 
0.02591549295774648, 0.5015225265773362, 0.6203115983843047, 
0.011146881287726357, 0.6490244209078994, 0.45816503173687245, 
0.012997987927565393, 0.6045033226434101, 0.49105597230236586, 
0.013400402414486921, 0.6997733231788094, 0.3935372186959031, 
0.007565392354124748, 0.9688849489547823, 0.038084246970571264, 
0.008611670020120725, 0.9289083155027642, 0.0934795152914022, 
0.017545271629778675, 0.5312556966521754, 0.5908828620888632, 
0.13315895372233402, 0.26953660234192617, 0.875937680323139, 
0.01022132796780684, 0.8017477891364654, 0.2787074437391806, 
0.1430583501006036, 0.26272176937775504, 0.8828620888632429, 
0.011911468812877263, 0.9057289276559956, 0.12694748990190421, 
0.005030181086519115, 0.9625501202076836, 0.05135603000577034, 
0.010985915492957746, 0.8436803286524627, 0.20600115406809003, 
0.019436619718309858, 0.5464108370677352, 0.5718407386035776, 
0.022012072434607646, 0.5081386465383503, 0.6006924408540104, 
0.18724346076458753, 0.24238525031198713, 0.9503750721292556, 
0.014849094567404427, 0.5590847006140377, 0.5481823427582228, 
0.007887323943661971, 0.9108284260429562, 0.11598384304673975, 
0.05344064386317907, 0.39498532060264835, 0.757068667051356, 
0.0, 1.0, 0.0, 
0.6129577464788732, 0.185173445925736, 0.9953837276399308, 
0.2342857142857143, 0.2371648784363698, 0.9469128678592037, 
0.7994366197183098, 0.08927296001651565, 1.0, 
0.7002816901408451, 0.1548807239846264, 0.9976918638199653, 
0.013682092555331994, 0.7360292351845259, 0.3421811886901327, 
0.05344064386317907, 0.39498532060264835, 0.757068667051356, 
0.012595573440643862, 0.6422744052270392, 0.44431621465666477, 
0.03553319919517103, 0.46107887440535567, 0.6283900750144259, 
0.0053521126760563385, 0.9804005686068169, 0.023658395845354875, 
0.05971830985915493, 0.39505146031282196, 0.7195614541257934, 
0.03187122736418511, 0.4966069740935659, 0.61800346220427, 
0.6129577464788732, 0.185173445925736, 0.9953837276399308, 
0.011428571428571429, 0.6693516646185886, 0.40507789959607615, 
0.016740442655935613, 0.5988216625642353, 0.5083669936526255, 
0.5298993963782697, 0.19762740090499914, 0.9948066935949221, 
0.023098591549295777, 0.7196767290800107, 0.3571840738603578, 
0.9918309859154929, 0.01000544490893667, 1.0, 
0.05344064386317907, 0.39498532060264835, 0.757068667051356, 
0.6606036217303822, 0.16085298736687453, 0.996537795729948, 
0.6129577464788732, 0.185173445925736, 0.9953837276399308, 
0.04780684104627767, 0.41725700934450705, 0.7097518753606463, 
0.01006036217303823, 0.8124187453640443, 0.27178303519907676, 
0.005150905432595573, 0.9647620995399883, 0.04385458742065782, 
0.02096579476861167, 0.5450341539696086, 0.5620311598384304, 
0.008772635814889337, 0.8918997956758662, 0.14425851125216388, 
0.6377464788732394, 0.16666982885867856, 0.9919215233698788, 
0.4435814889336016, 0.21351687393717975, 0.9873052510098096, 
0.015090543259557344, 0.6691542189411751, 0.41834968263127525, 
0.04595573440643863, 0.4544157348225574, 0.6745527986151183, 
0.05452716297786721, 0.38586096095801015, 0.762261973456434, 
0.026599597585513078, 0.7456734371554746, 0.33006347374495093, 
0.006800804828973843, 0.9824343876534555, 0.02192729371032891, 
0.012233400402414487, 0.6266241261536453, 0.49221004039238314, 
0.23492957746478874, 0.22964302464370007, 0.966532025389498, 
0.022857142857142857, 0.7216511858541469, 0.35487593768032316, 
0.9549698189134809, 0.038607976750266386, 1.0, 
0.012997987927565393, 0.5702606769668414, 0.5424120023081361, 
0.10293762575452715, 0.34511722809044043, 0.7968840161569533, 
0.04913480885311872, 0.4157949562455788, 0.7195614541257934, 
0.008893360160965794, 0.6111325199367329, 0.5089440276976341, 
0.007645875251509054, 0.9609650814105262, 0.04904789382573572, 
0.015130784708249497, 0.7199805199176311, 0.36295441431044434, 
0.011146881287726357, 0.8850620406460753, 0.1425274091171379, 
0.08527162977867203, 0.37051557474462243, 0.758799769186382, 
0.008088531187122735, 0.8205265077250391, 0.25851125216387766, 
0.7807243460764587, 0.11037488873017724, 0.9994229659549914, 
0.9549698189134809, 0.038607976750266386, 1.0, 
0.5644265593561368, 0.1617126382957738, 0.996537795729948, 
1.0, 0.0, 1.0, 
0.005311871227364185, 0.9805597006392924, 0.023658395845354875, 
0.058953722334004026, 0.39973937170581403, 0.7201384881708021, 
0.17641851106639841, 0.24536855347898828, 0.9007501442585113, 
0.0, 1.0, 0.0, 
0.008329979879275654, 0.9033562367257959, 0.13848817080207732, 
0.9861971830985915, 0.010359818574054666, 1.0, 
0.002937625754527163, 0.9941604935811329, 0.0075014425851125215, 
0.019637826961770622, 0.5701481604812753, 0.5337564916330063, 
0.010422535211267604, 0.7076977457489257, 0.3721869590305828, 
0.005311871227364185, 0.9805597006392924, 0.023658395845354875, 
0.008651911468812877, 0.9747061250679696, 0.030582804385458743, 
0.012957746478873239, 0.8247162498986369, 0.22735141373341028, 
0.005311871227364185, 0.9805597006392924, 0.023658395845354875, 
0.044466800804828975, 0.5239133990401936, 0.5816503173687247, 
0.0, 1.0, 0.0, 
0.150261569416499, 0.2854531116566326, 0.8667051356030006, 
0.017344064386317908, 0.623770843261101, 0.48413156376226196, 
0.010261569416498993, 0.8407842138231995, 0.20715522215810733, 
0.03002012072434608, 0.5369768826009125, 0.584535487593768, 
0.01380281690140845, 0.890471023652982, 0.13964223889209462, 
0.010261569416498993, 0.963031410117539, 0.04500865551067513, 
0.012877263581488935, 0.6031422331620392, 0.49509521061742645, 
0.010905432595573441, 0.6360682008593754, 0.46739757645701097, 
0.011670020120724345, 0.9610734836791863, 0.04731679169070975, 
0.01609657947686117, 0.8982586485109703, 0.13040969417195614, 
0.04595573440643863, 0.44237039137682177, 0.6855164454702828, 
0.006036217303822937, 0.9488705326652752, 0.06289671090594345, 
0.008812877263581488, 0.7677608310203873, 0.30813618003462206, 
0.035975855130784704, 0.4556812054949408, 0.6422388920946336, 
0.11432595573440645, 0.3177007845756539, 0.8228505481823427, 
0.009979879275653924, 0.5882046503324296, 0.5810732833237161, 
0.011549295774647889, 0.9333564819257768, 0.08251586843623773, 
3.6217303822937656E-4, 0.9961245546107653, 0.004616272360069244, 
0.04329979879275654, 0.4749121757035104, 0.6278130409694171, 
0.787645875251509, 0.08986028284690217, 1.0, 
0.01698189134808853, 0.6484504509154179, 0.4402769763416042, 
0.12008048289738431, 0.31076847602518154, 0.8320830929024813, 
0.0911871227364185, 0.38419670511837056, 0.7472590882862089, 
0.013319919517102614, 0.7423420602179929, 0.3421811886901327, 
0.0, 1.0, 0.0, 
0.007806841046277666, 0.9148060289073329, 0.11367570686670514, 
0.08941649899396378, 0.33057477538717484, 0.8020773225620311, 
0.014607645875251509, 0.6991792963789106, 0.3825735718407386, 
0.012032193158953724, 0.913134095645074, 0.11367570686670514, 
0.017424547283702213, 0.653635796846214, 0.43277553375649164, 
0.003782696177062374, 0.9621637144252251, 0.052510098095787654, 
0.04329979879275654, 0.4749121757035104, 0.6278130409694171, 
0.005553319919517102, 0.9640683764482756, 0.05020196191575303, 
0.6439436619718311, 0.1312692698945576, 1.0, 
0.349738430583501, 0.19463750397072438, 0.9988459319099827, 
0.0035412474849094563, 0.9679897394369088, 0.04558568955568378, 
0.024386317907444666, 0.5183473227422248, 0.5978072706289671, 
0.12076458752515092, 0.32685923344608553, 0.8136180034622043, 
0.010704225352112677, 0.8616047227536675, 0.17714945181765723, 
0.016780684104627765, 0.7163448378654157, 0.36757068667051357, 
0.11545271629778672, 0.3271009987904386, 0.8009232544720138, 
0.00784708249496982, 0.8521916516110511, 0.1944604731679169, 
0.011549295774647889, 0.7127317289050645, 0.36872475476053085, 
0.0035412474849094563, 0.9679897394369088, 0.04558568955568378, 
0.03694164989939638, 0.4772404918656514, 0.6237738026543566, 
0.022696177062374243, 0.531113664333716, 0.5914598961338718, 
0.014929577464788733, 0.8108045029736698, 0.24985574148874784, 
0.033682092555331986, 0.5273662739456837, 0.5781881130986728, 
0.017303822937625755, 0.5376101230306976, 0.6006924408540104, 
0.007887323943661971, 0.903569000514369, 0.1286785920369302, 
0.012193158953722335, 0.8089070040961255, 0.25389497980380843, 
0.005150905432595573, 0.957266547348254, 0.05308713214079631, 
0.04056338028169014, 0.49052166158159866, 0.6116560877091748, 
0.1166599597585513, 0.29657957047024486, 0.8482400461627236, 
0.009939637826961771, 0.7020100429136701, 0.380265435660704, 
0.06981891348088531, 0.3802392508966101, 0.7680323139065205, 
0.016941649899396376, 0.6400315876349782, 0.4570109636468552, 
0.02402414486921529, 0.5578029383773878, 0.552798615118292, 
0.5982293762575452, 0.16128273936316512, 0.9988459319099827, 
0.9856338028169014, 0.012527349670141743, 1.0, 
0.01782696177062374, 0.7736520406561773, 0.2879399884593191, 
0.011911468812877263, 0.7335404278289672, 0.3473744950952106, 
0.11054325955734406, 0.3060602323191758, 0.8436237738026544, 
0.2342857142857143, 0.23208181854999382, 0.9578765147143682, 
0.0, 1.0, 0.0, 
0.010824949698189135, 0.8163232290431387, 0.23312175418349682, 
0.035734406438631794, 0.45705043157492503, 0.641661858049625, 
0.014567404426559356, 0.6248641045687002, 0.45816503173687245, 
0.015855130784708252, 0.5478884837834193, 0.5603000577034045, 
0.8029778672032193, 0.0849959376699812, 0.9988459319099827, 
0.7676458752515091, 0.1147946597097218, 0.9976918638199653, 
0.983138832997988, 0.01625207513111082, 1.0, 
0.01782696177062374, 0.7736520406561773, 0.2879399884593191, 
0.009416498993963782, 0.9668401831524471, 0.04096941719561454, 
0.8961770623742454, 0.0615502093796615, 1.0, 
0.11126760563380281, 0.3054154022873025, 0.842469705712637, 
0.9009255533199195, 0.060354129383489184, 1.0, 
0.0031790744466800806, 0.9587745915147399, 0.058280438545874204, 
0.7597183098591549, 0.12722187227909526, 0.9988459319099827, 
0.015452716297786719, 0.6633183308291405, 0.4171956145412579, 
0.00925553319919517, 0.8504851332129252, 0.19734564339296018, 
0.9812474849094568, 0.01629933352441177, 1.0, 
0.015935613682092554, 0.7346444338548257, 0.33698788228505483, 
0.11919517102615694, 0.3119265913501712, 0.8332371609924986, 
0.0064386317907444675, 0.9480316364913041, 0.07963069821119446, 
0.02426559356136821, 0.4769976979670718, 0.6318522792844777, 
0.7853521126760563, 0.11045272824467761, 0.9988459319099827, 
0.01738430583501006, 0.5903346575662882, 0.5077899596076169, 
0.8723138832997989, 0.07271913278919752, 0.9994229659549914, 
0.051629778672032195, 0.40102322778499655, 0.7593768032313907, 
0.11118712273641851, 0.3228954609626478, 0.8349682631275245, 
0.9662776659959759, 0.03414620035079209, 1.0, 
0.4327162977867203, 0.18854519361660882, 0.996537795729948, 
0.029899396378269615, 0.501003271996298, 0.6099249855741489, 
0.09191146881287726, 0.3703259901602258, 0.7668782458165032, 
0.015452716297786719, 0.7768828580509761, 0.2873629544143104, 
0.11919517102615694, 0.3119265913501712, 0.8332371609924986, 
0.020201207243460764, 0.7430939700916636, 0.3323716099249856, 
0.01939637826961771, 0.5718427954046769, 0.5227928447778419, 
0.3445472837022133, 0.1895753274085549, 0.9994229659549914, 
0.7117505030181087, 0.11125815967220712, 0.9994229659549914, 
0.9959758551307847, 0.00195660401149005, 1.0, 
0.09843058350100604, 0.3062242316171876, 0.847663012117715, 
0.010181086519114688, 0.814435776936343, 0.23889209463358338, 
0.026841046277665995, 0.4603078260762557, 0.6474321984997115, 
0.0, 1.0, 0.0, 
0.021971830985915493, 0.5379463684275729, 0.5637622619734565, 
0.010543259557344064, 0.7277350841040526, 0.3531448355452972, 
0.006519114688128773, 0.9143861951125123, 0.12002308136180034, 
0.06160965794768611, 0.38549813845460285, 0.7547605308713214, 
0.4802414486921529, 0.18622339775358246, 0.9959607616849394, 
0.012354124748490947, 0.7654162049269402, 0.31332948643969993, 
0.009416498993963782, 0.8787086611888195, 0.1713791113675707, 
0.014124748490945672, 0.5735993639861472, 0.5256780150028851, 
0.0964185110663984, 0.3186491850406706, 0.847663012117715, 
0.5487323943661973, 0.1638480087052422, 0.9988459319099827, 
0.005311871227364185, 0.9528414866612588, 0.058857472590882864, 
0.007162977867203218, 0.9076832908886351, 0.11829197922677438, 
0.954486921529175, 0.04717563141979697, 0.9994229659549914, 
0.0058350100603621734, 0.9568367218838044, 0.05539526832083093, 
0.6620523138832999, 0.134753038160923, 0.9988459319099827, 
0.47259557344064385, 0.16565793353721361, 0.9976918638199653, 
0.0833400402414487, 0.37047446930964084, 0.777264858626659, 
0.01472837022132797, 0.722161973229856, 0.3594922100403924, 
0.01750503018108652, 0.5872830290113822, 0.502596653202539, 
0.009456740442655936, 0.879430118510569, 0.1569532602423543, 
0.49299798792756544, 0.1538914201220655, 1.0, 
0.05995975855130785, 0.38588950333779626, 0.7241777264858626, 
0.013521126760563381, 0.6987859111213436, 0.3941142527409117, 
0.004064386317907444, 0.9543199598937321, 0.060588574725908825, 
0.050462776659959754, 0.40905383021196207, 0.6999422965954991, 
0.055814889336016096, 0.3866036505777215, 0.7218695903058281, 
0.005191146881287727, 0.9504353309846175, 0.06520484708597807, 
0.015533199195171028, 0.5641415140005974, 0.5452971725331794, 
0.8915492957746479, 0.06525656780087116, 0.9994229659549914, 
0.009134808853118712, 0.6696197866649966, 0.4229659549913445, 
0.013521126760563381, 0.6987859111213436, 0.3941142527409117, 
0.011026156941649901, 0.817556190055148, 0.2296595499134449, 
0.9402816901408451, 0.046299670559591354, 1.0, 
0.35967806841046274, 0.19435872904125617, 0.9976918638199653, 
0.004949698189134809, 0.928063468407911, 0.10790536641661858, 
0.0, 1.0, 0.0, 
0.0117102615694165, 0.7512662374962933, 0.3214079630698211, 
0.09947686116700201, 0.3238702181297193, 0.8280438545874207, 
0.048490945674044265, 0.41670700833891156, 0.7397576457010964, 
0.16997987927565394, 0.24515683661168158, 0.9013271783035199, 
0.008410462776659959, 0.8271457317157725, 0.2129255626081939, 
0.008048289738430584, 0.9552602788612546, 0.054241200230813615, 
0.01311871227364185, 0.8212052065782287, 0.21869590305828043, 
0.0082897384305835, 0.9552486708921266, 0.054818234275822275, 
0.01380281690140845, 0.5896370957632657, 0.5199076745527986, 
0.01158953722334004, 0.872002414163706, 0.16445470282746683, 
0.6793158953722334, 0.12435273863123861, 1.0, 
0.006599597585513079, 0.9786414837408995, 0.026543566070398154, 
0.0082897384305835, 0.9552486708921266, 0.054818234275822275, 
0.010704225352112677, 0.9204858155484522, 0.0998268897864974, 
0.01323943661971831, 0.8654788457160395, 0.172533179457588, 
0.9088933601609659, 0.05646579033234332, 1.0, 
0.006478873239436619, 0.9572145318916554, 0.05193306405077899, 
0.01380281690140845, 0.6960318102435001, 0.3981534910559723, 
0.9258350100603622, 0.05359318531397214, 1.0, 
0.006519114688128773, 0.9234509537131314, 0.09405654933641085, 
0.06909456740442657, 0.4495202391462045, 0.6728216964800924, 
0.012233400402414487, 0.6211380015797492, 0.5060588574725908, 
0.012112676056338027, 0.7914577653134964, 0.259665320253895, 
0.96841046277666, 0.03051815898711653, 1.0, 
0.6359758551307847, 0.13538457045601043, 1.0, 
0.0072434607645875245, 0.967065399793977, 0.03981534910559723, 
0.9703822937625753, 0.018078016021752453, 1.0, 
0.00744466800804829, 0.9450842408870326, 0.07039815349105598, 
0.011790744466800805, 0.8675120770174058, 0.17080207732256203, 
0.06334004024144868, 0.4428777992172151, 0.6832083092902481, 
0.041810865191146886, 0.5105391451667457, 0.5978072706289671, 
0.1081287726358149, 0.32800746730368463, 0.8061165608770917, 
0.020925553319919517, 0.6215350235111885, 0.4852856318522793, 
0.01380281690140845, 0.7480020104561721, 0.3341027120600115, 
0.014004024144869218, 0.8524072439237471, 0.18580496249278708, 
0.42543259557344065, 0.1666337559925911, 0.9988459319099827, 
0.42543259557344065, 0.1666337559925911, 0.9988459319099827, 
0.42543259557344065, 0.1666337559925911, 0.9988459319099827, 
0.31179074446680083, 0.21105271514897825, 0.9976918638199653, 
0.21661971830985915, 0.2304745005336084, 0.9584535487593768, 
0.0, 1.0, 0.0, 
0.10627766599597585, 0.3036715436973457, 0.8499711482977496, 
0.017464788732394366, 0.910554224506388, 0.11136757068667051, 
0.0, 1.0, 0.0, 
1.0, 0.0, 1.0, 
0.01022132796780684, 0.9218682658970633, 0.10155799192152337, 
0.1146076458752515, 0.2725621313333342, 0.8718984420080784, 
0.02663983903420523, 0.5576519245764859, 0.5597230236583959, 
0.0, 1.0, 0.0, 
0.01501006036217304, 0.7824210531825901, 0.27351413733410274, 
0.013279678068410463, 0.7481583506986041, 0.31794575879976916, 
0.006881287726358149, 0.9707418934085378, 0.03577611079053664, 
0.022293762575452715, 0.65125656724986, 0.43508366993652625, 
0.1158953722334004, 0.32548969512642534, 0.8188113098672821, 
2.4144869215291773E-4, 0.9980322655624159, 0.0028851702250432777, 
0.04036217303822937, 0.45003774885846554, 0.6993652625504905, 
0.010985915492957746, 0.7995515870913138, 0.26543566070398156, 
0.19774647887323943, 0.23732476351747542, 0.9682631275245239, 
0.9969818913480886, 0.001834830537885183, 1.0, 
0.014205231388329981, 0.7560147050193722, 0.3040969417195615, 
0.0117102615694165, 0.8710646665817499, 0.1765724177726486, 
0.12020120724346077, 0.2629190313847711, 0.8799769186381996, 
6.036217303822934E-4, 0.9956804028553033, 0.015002885170225043, 
0.006036217303822937, 0.9276159003830539, 0.09694171956145413, 
0.010865191146881288, 0.7839962839805159, 0.28447778418926717, 
0.07050301810865191, 0.35160960930459545, 0.7795729948066936, 
0.019919517102615695, 0.7572361315304125, 0.3023658395845355, 
0.27798792756539237, 0.21457156446128414, 0.9861511829197923, 
0.01919517102615694, 0.6957214440056457, 0.3894979803808425, 
1.2072434607645886E-4, 0.9980328900417675, 0.002308136180034622, 
0.03529175050301811, 0.4408773163477399, 0.7080207732256203, 
0.7702213279678068, 0.10235209229510947, 1.0, 
0.004708249496981891, 0.984435770507879, 0.018465089440276975, 
0.8331187122736419, 0.07593580756338167, 1.0, 
0.013561368209255534, 0.7813397671849142, 0.2850548182342758, 
0.021327967806841045, 0.49656785229887845, 0.6306982111944605, 
0.027484909456740442, 0.6276822145801052, 0.4466243508366994, 
0.009979879275653924, 0.887271889401768, 0.15233698788228506, 
0.018229376257545272, 0.7119212832756807, 0.3577611079053664, 
0.12205231388329979, 0.2698259199522163, 0.8707443739180611, 
0.027605633802816904, 0.6003727774389569, 0.49913444893248704, 
0.07251509054325955, 0.34963757697970743, 0.7807270628967109, 
0.008370221327967806, 0.7717597212838451, 0.293133294864397, 
0.005070422535211267, 0.9863243981052194, 0.017311021350259664, 
0.017867203219315897, 0.7243076475486294, 0.34333525678015003, 
0.08587525150905433, 0.32599537646508137, 0.825735718407386, 
0.3346478873239436, 0.1972732476443583, 0.9953837276399308, 
