0.3028571428571429, 0.16203464923683572, 0.9930755914598961, 
0.3280885311871227, 0.16153370659443766, 0.996537795729948, 
0.29851106639839037, 0.1620949298613261, 0.9907674552798615, 
0.3039034205231388, 0.16174808668250948, 0.9930755914598961, 
0.28925553319919517, 0.1629419442668709, 0.9930755914598961, 
0.31287726358148893, 0.16165265154391958, 0.9907674552798615, 
0.3253521126760563, 0.16155706946901163, 0.9919215233698788, 
0.29766599597585514, 0.1627013727801022, 0.9919215233698788, 
0.2930784708249497, 0.16340725485213567, 0.9896133871898442, 
0.2619718309859155, 0.18341898955383795, 0.9942296595499135, 
0.3074446680080483, 0.1618436687574174, 0.9907674552798615, 
0.2825754527162978, 0.1634672416039899, 0.9896133871898442, 
0.298953722334004, 0.1620949298613261, 0.9884593190998269, 
0.306841046277666, 0.16232117505708246, 0.9873052510098096, 
0.31090543259557346, 0.16189134959263285, 0.9884593190998269, 
0.2966197183098591, 0.1628464723942015, 0.9861511829197923, 
0.2947686116700201, 0.1637304412837422, 0.9873052510098096, 
0.2814486921529175, 0.16356271347665932, 0.9907674552798615, 
0.2406036217303823, 0.29928316198875005, 0.9976918638199653, 
0.24953722334004022, 0.27951256815204895, 0.996537795729948, 
0.2406036217303823, 0.29928316198875005, 0.9976918638199653, 
0.24519114688128774, 0.2571748866363347, 0.9976918638199653, 
0.24185110663983905, 0.25731818628053765, 0.9976918638199653, 
0.25287726358148893, 0.24938687607051147, 0.996537795729948, 
0.2499798792756539, 0.24851383556962753, 0.9976918638199653, 
0.2512676056338028, 0.2962135704689592, 0.9907674552798615, 
0.2512676056338028, 0.3357734557888364, 0.9861511829197923, 
0.2553722334004024, 0.32077122097927363, 0.9884593190998269, 
0.2580684104627766, 0.31935631607140774, 0.9849971148297749, 
0.27947686116700204, 0.1656712863751187, 0.9924985574148875, 
0.28957746478873236, 0.1631685200693429, 0.9924985574148875, 
0.2934808853118713, 0.16270320948407813, 0.9878822850548182, 
0.27094567404426556, 0.1681729506585089, 0.9936526255049047, 
0.27549295774647886, 0.16591060890318374, 0.9936526255049047, 
0.28885311871227365, 0.16241664692975186, 0.9942296595499135, 
0.28957746478873236, 0.1631685200693429, 0.9924985574148875, 
0.2988732394366197, 0.1619873357424155, 0.9936526255049047, 
0.27919517102615693, 0.16260762740917017, 0.9936526255049047, 
0.2770221327967807, 0.16386183908618102, 0.9936526255049047, 
0.29014084507042254, 0.1620822933379716, 0.9924985574148875, 
0.3094164989939638, 0.3108789537693344, 0.979803808424697, 
0.24668008048289738, 0.343282489387754, 0.9930755914598961, 
0.3282897384305835, 0.1615571796712502, 0.9907674552798615, 
0.3245070422535211, 0.16107959990342607, 0.9976918638199653, 
0.3441046277665996, 0.1607574787601256, 0.9930755914598961, 
0.3608450704225352, 0.1607574787601256, 0.9919215233698788, 
0.3453118712273642, 0.15248257633732024, 0.9953837276399308, 
0.3343661971830986, 0.15524819334909284, 0.996537795729948, 
0.3421327967806841, 0.15248257633732024, 0.996537795729948, 
0.3186720321931589, 0.16160493397462464, 0.9896133871898442, 
0.3186720321931589, 0.16160493397462464, 0.9896133871898442, 
0.33066398390342056, 0.16036324861872975, 0.996537795729948, 
0.3286519114688129, 0.1607575522282847, 0.9907674552798615, 
0.2759758551307847, 0.17331026678033415, 0.9896133871898442, 
0.27867203219315895, 0.169703035272706, 0.9896133871898442, 
0.29637826961770625, 0.16750674139235566, 0.9861511829197923, 
0.29653923541247484, 0.1672675290665292, 0.9861511829197923, 
0.28961770623742455, 0.16862896752165543, 0.9873052510098096, 
0.25839034205231387, 0.2735084746898978, 0.9849971148297749, 
0.29637826961770625, 0.16750674139235566, 0.9861511829197923, 
0.29637826961770625, 0.16750674139235566, 0.9861511829197923, 
0.2846277665995976, 0.17012136297026623, 0.9873052510098096, 
0.27038229376257544, 0.23260864035141288, 0.981534910559723, 
0.2778672032193159, 0.1739163974594343, 0.9884593190998269, 
0.28338028169014085, 0.17390464255398833, 0.9826889786497404, 
0.2854728370221328, 0.169058646049787, 0.9849971148297749, 
0.2928370221327968, 0.16758961347575016, 0.9826889786497404, 
0.28663983903420526, 0.168736488172407, 0.9861511829197923, 
0.28885311871227365, 0.18201233144682405, 0.9803808424697057, 
0.25690140845070425, 0.2241304882666299, 0.9861511829197923, 
0.2882092555331992, 0.1688198745329147, 0.9838430467397576, 
0.29327967806841043, 0.173999710351783, 0.9803808424697057, 
0.26458752515090544, 0.23770395105330844, 0.981534910559723, 
0.2746076458752515, 0.17533730838930153, 0.981534910559723, 
0.2992354124748491, 0.16758961347575016, 0.981534910559723, 
0.2886116700201207, 0.168736488172407, 0.9849971148297749, 
0.2653118712273642, 0.22321092405403542, 0.9826889786497404, 
0.2854728370221328, 0.169058646049787, 0.9849971148297749, 
0.2655935613682093, 0.174549435851782, 0.9826889786497404, 
0.2996780684104628, 0.16739848606001376, 0.981534910559723, 
0.2607243460764588, 0.23260864035141288, 0.9826889786497404, 
0.2908249496981891, 0.16792389359937135, 0.981534910559723, 
0.26237424547283705, 0.23037631033905462, 0.9838430467397576, 
0.2713883299798793, 0.22358190152309593, 0.981534910559723, 
0.3038229376257545, 0.16634792811985522, 0.9838430467397576, 
0.3028169014084507, 0.16872432919208627, 0.9803808424697057, 
0.27287726358148895, 0.23136699172959754, 0.9803808424697057, 
0.29637826961770625, 0.16750674139235566, 0.9861511829197923, 
0.29637826961770625, 0.16750674139235566, 0.9861511829197923, 
0.29790744466800806, 0.1688674818999711, 0.9803808424697057, 
0.2635412474849094, 0.23039959974546956, 0.9826889786497404, 
0.30164989939637826, 0.16702879428373643, 0.9849971148297749, 
0.27327967806841047, 0.18313503511915757, 0.9803808424697057, 
0.26265593561368206, 0.18377979168287176, 0.9838430467397576, 
0.2756136820925553, 0.17011412635660103, 0.9930755914598961, 
0.2756136820925553, 0.17011412635660103, 0.9930755914598961, 
0.27235412474849097, 0.17129464947009715, 0.9930755914598961, 
0.25875251509054326, 0.1845460278475547, 0.9907674552798615, 
0.27758551307847085, 0.16786410888495448, 0.9919215233698788, 
0.2679678068410463, 0.17139015807684604, 0.9919215233698788, 
0.26494969818913483, 0.1774501424409851, 0.9942296595499135, 
0.2564185110663984, 0.19621901629624783, 0.9896133871898442, 
0.2516297786720322, 0.2943807419384078, 0.9924985574148875, 
0.2503822937625754, 0.26184852683943377, 0.9948066935949221, 
0.25384305835010057, 0.23081972741292625, 0.9896133871898442, 
0.26515090543259556, 0.1766597719860583, 0.9942296595499135, 
