0.2311401305876444, 0.11316221739407403, 0.996550732969244, 
0.34041185334003016, 0.06526294101378276, 1.0, 
0.0, 1.0, 0.0, 
0.6057257659467604, 0.03928678976781818, 1.0, 
0.6057257659467604, 0.03928678976781818, 1.0, 
0.7084881968859869, 0.03959770006744114, 0.9988502443230813, 
0.6892415871421396, 0.07275387277063695, 0.996550732969244, 
0.29818181818181816, 0.0840358281803099, 0.9951135383730957, 
0.0, 1.0, 0.0, 
0.9989753892516323, 0.0010556486124592558, 1.0, 
0.2763837267704671, 0.10558732613423506, 0.9818913480885312, 
0.25717729784028126, 0.11280303842575787, 0.9879275653923542, 
0.31881466599698643, 0.06583249253147502, 0.999137683242311, 
0.5340632847815168, 0.06747416363524766, 0.9977004886461627, 
0.27562029131089905, 0.10379863203580324, 0.9908019545846508, 
0.27389251632345557, 0.08986760322991635, 0.998275366484622, 
0.6907885484681064, 0.03181782675868385, 1.0, 
0.9989954796584631, 4.618756005871222E-4, 1.0, 
0.0, 1.0, 0.0, 
0.8157910597689604, 0.029897405098898513, 1.0, 
3.0135610246107464E-4, 0.9978634577115775, 0.004311583788444955, 
0.8735107985936715, 0.027738728682559718, 1.0, 
0.6101255650426921, 0.0397086791187406, 0.9994251221615407, 
0.2450828729281768, 0.10298455919303189, 0.9910893935038805, 
0.27562029131089905, 0.10379863203580324, 0.9908019545846508, 
0.22177800100452033, 0.11449901681026227, 0.9821787870077608, 
3.0135610246107464E-4, 0.9978634577115775, 0.004311583788444955, 
0.24502260170768456, 0.0930263605127015, 0.996550732969244, 
0.0, 1.0, 0.0, 
0.2722852837769965, 0.09278359132375796, 0.9971256108077033, 
1.0, 0.0, 1.0, 
0.991481667503767, 0.005681498087838409, 1.0, 
0.2722852837769965, 0.09278359132375796, 0.9971256108077033, 
0.6678252134605727, 0.055350239766420936, 0.9988502443230813, 
0.34969362129583126, 0.07096817786441674, 0.9988502443230813, 
0.24721245605223505, 0.0937029979424737, 0.9942512216154067, 
0.0, 1.0, 0.0, 
0.394776494224008, 0.06437746862348806, 0.9994251221615407, 
0.9696233048719236, 0.013370327363573091, 1.0, 
0.31272727272727274, 0.09592003568922519, 0.9936763437769474, 
0.40375690607734804, 0.06393580516475023, 0.9994251221615407, 
0.43437468608739327, 0.0502371087164893, 1.0, 
0.2458262179809141, 0.09971374565280276, 0.9925265881000287, 
0.5530085384229031, 0.03985621613292935, 1.0, 
0.38959316926167753, 0.06446769469499843, 0.9988502443230813, 
0.4201506780512305, 0.05963622846832532, 0.9988502443230813, 
0.9086087393269714, 0.032828809308891885, 0.9994251221615407, 
0.32837769964841784, 0.0812197341948694, 0.9945386605346364, 
0.08522350577599197, 0.16209324271356754, 0.8275366484622018, 
0.007513812154696133, 0.45479867803831625, 0.11095142282265019, 
5.022601707684581E-4, 0.49140270601692665, 0.0, 
0.059809141135107984, 0.19800697375212462, 0.7421672894509916, 
0.008960321446509292, 0.32669562482846276, 0.43661971830985913, 
0.011953792064289303, 0.3701570398496724, 0.32969244035642425, 
0.016474133601205424, 0.28392703661733887, 0.5418223627479161, 
0.15839276745354094, 0.12191681923213275, 0.9313020983041104, 
0.5354897036664993, 0.039996985968268055, 0.9994251221615407, 
0.008397790055248619, 0.4117429808666555, 0.22075308996838172, 
0.03318935208437971, 0.2394005463124713, 0.643575740155217, 
0.03063787041687594, 0.2819380358128402, 0.5633802816901409, 
0.013460572576594675, 0.3466668524288549, 0.39062949123311297, 
0.12747363134103465, 0.19239375980648693, 0.7732106927277953, 
0.28452034153691613, 0.09214247934808091, 0.9954009772923254, 
0.050226017076845805, 0.2281877153551865, 0.6757688991089393, 
0.5115218483174284, 0.04915092287423916, 1.0, 
0.011089904570567553, 0.37543724065591605, 0.3328542684679506, 
0.13139126067302864, 0.17886553011316814, 0.8074159241161253, 
0.0061677548970366656, 0.4706171329199257, 0.06524863466513366, 
0.007734806629834254, 0.4093655019806558, 0.2486346651336591, 
0.15839276745354094, 0.12191681923213275, 0.9313020983041104, 
0.0048417880462079356, 0.48080803941562533, 0.03420523138832998, 
0.9353289804118533, 0.019152041380735483, 1.0, 
0.004902059266700152, 0.47701322542749297, 0.04426559356136821, 
0.9512004018081366, 0.01613721403596209, 1.0, 
0.3393872425916625, 0.07280347342037195, 0.9954009772923254, 
0.8838573581115018, 0.027710363743998104, 1.0, 
0.029613259668508283, 0.27719054249835695, 0.5740155217016384, 
0.013581115017579106, 0.4012112257860373, 0.2762288013797068, 
0.03893520843797087, 0.25487451424484, 0.6202931876976142, 
0.046629834254143646, 0.21954910761114171, 0.7269330267318195, 
0.015389251632345556, 0.36303910748187695, 0.3501006036217304, 
0.1266499246609744, 0.14305035673223537, 0.8976717447542397, 
0.008257157207433452, 0.4526095984842377, 0.11784995688416211, 
0.019608237066800604, 0.33984017246597803, 0.42167289450991663, 
0.004480160723254646, 0.475584233256377, 0.047714860592124174, 
0.9805524861878453, 0.012904674836877468, 1.0, 
0.01613259668508287, 0.3526063436231819, 0.3817188847369934, 
0.04327473631341035, 0.24718846514429993, 0.6286289163552745, 
0.20779507785032647, 0.1194553942523534, 0.9473986777809715, 
0.4058262179809141, 0.07002555991164014, 0.9977004886461627, 
0.016996484178804623, 0.40108818738960084, 0.2759413624604771, 
0.025796082370668005, 0.26900451777575185, 0.60678355849382, 
0.012857860371672527, 0.333261710299058, 0.4354699626329405, 
0.1101958814665997, 0.17291882029675215, 0.8123023857430296, 
0.07907584128578604, 0.19556704819788598, 0.7620005748778385, 
0.007553992968357609, 0.4492578648608508, 0.12762288013797068, 
0.08570567553992968, 0.17303982049401048, 0.8260994538660534, 
0.011170266197890506, 0.31641947601582193, 0.46507617131359585, 
0.05024610748367655, 0.20843192451397038, 0.7395803391779247, 
0.7824811652435962, 0.03916027838725594, 0.9994251221615407, 
0.1341034655951783, 0.12610214056147417, 0.9157803966657085, 
0.9344249121044701, 0.019350256250803766, 1.0, 
0.0015469613259668509, 0.4862396524963371, 0.025869502730669732, 
0.4730085384229031, 0.05009063102950495, 0.9994251221615407, 
0.3294023103967855, 0.08115562478519571, 0.9971256108077033, 
0.03726770467101959, 0.26715959888025625, 0.5978729519977005, 
0.014324460070316425, 0.38107283009516224, 0.30612244897959184, 
0.006870919136112506, 0.41135753773524636, 0.23081345214141996, 
0.008538422903063787, 0.43449746330915184, 0.15636677206093705, 
0.029854344550477144, 0.2618246080618966, 0.5998850244323082, 
0.011712707182320443, 0.36274581240804527, 0.3667720609370509, 
0.13496735308890007, 0.1519140513934068, 0.8410462776659959, 
0.09665494726268206, 0.18996089643361094, 0.8134521414199483, 
0.00827724761426419, 0.4362725202459777, 0.15435469962632942, 
0.4365042692114516, 0.05567280266529228, 0.9994251221615407, 
0.02135610246107484, 0.31369376901235324, 0.4797355561943087, 
0.2610949271722753, 0.10588547981005487, 0.9801667145731532, 
0.010688096433952788, 0.41996512104838096, 0.21672894509916643, 
0.04263184329482672, 0.24908188066497572, 0.6269042828398965, 
0.0013661476644902062, 0.48988136911989144, 0.006898534061511929, 
0.025635359116022098, 0.2758775176028446, 0.5866628341477436, 
0.9478051230537418, 0.016740181292810782, 1.0, 
0.9513209442491211, 0.014299473534940195, 1.0, 
0.05098945253641386, 0.2223190247638876, 0.6953147456165565, 
0.004359618282270216, 0.4778396794363242, 0.04484047139982754, 
0.023907584128578605, 0.30291840443260404, 0.5208393216441506, 
0.060431943746860874, 0.19753765157296144, 0.7433170451279103, 
