1.0, 0.0, 1.0, 
0.07836888331242158, 0.3272120403680667, 0.8456545257843491, 
0.019297365119196986, 0.6806527730285836, 0.44139920663541293, 
0.0, 1.0, 0.0, 
0.03337515683814304, 0.48453748902019894, 0.6393797331410025, 
0.05927227101631117, 0.39903864286069946, 0.7403534078615218, 
0.008205771643663737, 0.761888955342789, 0.3281644428416877, 
0.004341279799247177, 0.9181076218192474, 0.10890732059141724, 
0.5194730238393978, 0.10163928187401063, 0.999278759466282, 
0.020326223337515683, 0.5815804259245565, 0.5434547421565092, 
0.5438644918444165, 0.10136504464330987, 0.999278759466282, 
0.10180677540777917, 0.32557599446603214, 0.8409664623151821, 
0.009861982434127978, 0.8518112840393771, 0.20952037504507753, 
0.025997490589711417, 0.6008350175010251, 0.5279480706815723, 
0.006248431618569637, 0.9613179430202305, 0.04796249549224666, 
0.005897114178168131, 0.9081693138018874, 0.143166245943022, 
1.0, 0.0, 1.0, 
0.0186198243412798, 0.6491569894203086, 0.44969347277316984, 
0.015156838143036387, 0.7306872008078991, 0.37071763433104943, 
0.029510664993726475, 0.516833002082986, 0.6083663901911287, 
0.6010037641154329, 0.10103912301513285, 0.999278759466282, 
0.004868255959849435, 0.9781430830586271, 0.02740714028128381, 
0.0036135508155583436, 0.9815830124232838, 0.026685899747565814, 
0.006524466750313675, 0.9205452430471324, 0.10638297872340426, 
0.11450439146800502, 0.3114777875021521, 0.8741435268662099, 
0.030690087829360103, 0.5567678929595162, 0.5867291741795889, 
0.0036135508155583436, 0.9815830124232838, 0.026685899747565814, 
0.017616060225846924, 0.6609568244996804, 0.4734944103858637, 
0.13523212045169386, 0.24904565603235881, 0.9109267940858277, 
0.02255959849435383, 0.6007634045296543, 0.5290299314821493, 
0.008833124215809283, 0.7731879439989982, 0.2985935809592499, 
0.9920702634880803, 0.01450264648954582, 1.0, 
0.017490589711417818, 0.867868860640474, 0.19293184276956366, 
0.004918444165621079, 0.9673193037236579, 0.04075009015506671, 
0.5483563362609787, 0.10127610099103922, 0.999278759466282, 
0.7593977415307402, 0.08033186487811608, 1.0, 
0.07159347553324968, 0.37685170235484183, 0.7897583844212045, 
0.03013801756587202, 0.5009142988144377, 0.6209880995311936, 
0.07969887076537013, 0.33961474614198645, 0.8402452217814641, 
0.13279799247176913, 0.2502804072265635, 0.9102055535521096, 
0.12436637390213301, 0.29813067925900344, 0.8763072484673639, 
0.014203262233375157, 0.8817480583883286, 0.16011539848539488, 
0.009385194479297365, 0.7703123727046675, 0.3260007212405337, 
0.01656210790464241, 0.8687628548701889, 0.19329246303642264, 
0.004692597239648683, 0.9564495371249734, 0.05445366029570862, 
0.02258469259723965, 0.707178901280408, 0.40605842048323115, 
0.04368883312421581, 0.46226786031493977, 0.6880634691669671, 
0.03176913425345044, 0.5596056580742115, 0.570140641904075, 
0.10973651191969887, 0.2974336007605901, 0.8806346916696718, 
0.9731744040150565, 0.03350206344487675, 1.0, 
0.004767879548306148, 0.9637619906149976, 0.04507753335737468, 
0.1351819322459222, 0.2490532446145279, 0.9120086548864046, 
0.005671267252195734, 0.876223912397225, 0.17057338622430582, 
0.47292346298619825, 0.13281233424901465, 0.9985575189325641, 
0.023237139272271015, 0.7053178755661668, 0.41904075009015507, 
0.0085069008782936, 0.886416289791773, 0.14965741074648395, 
0.0036135508155583436, 0.9815830124232838, 0.026685899747565814, 
0.028431618569636136, 0.6206436667299807, 0.5203750450775334, 
1.0, 0.0, 1.0, 
0.012271016311166874, 0.677189303107228, 0.4464478903714389, 
0.09859473023839398, 0.33144119367258096, 0.8402452217814641, 
0.023488080301129234, 0.49130848691761464, 0.6455102776776055, 
0.387754077791719, 0.134225964049035, 0.9985575189325641, 
0.12685069008782934, 0.2993431774487392, 0.864767399927876, 
0.006474278544542033, 0.8483268486657825, 0.22322394518571945, 
0.012547051442910916, 0.5926816670679347, 0.559682654165164, 
0.43121706398996235, 0.1020800805073366, 0.999639379733141, 
0.0, 1.0, 0.0, 
0.009460476787954829, 0.9137887158694685, 0.10818608005769924, 
1.0, 0.0, 1.0, 
0.023488080301129234, 0.5082956192573602, 0.6379372520735666, 
0.12685069008782934, 0.2993431774487392, 0.864767399927876, 
0.002358845671267252, 0.984928164270699, 0.02560403894698882, 
0.6776913425345044, 0.12077032540774671, 0.997836278398846, 
0.007352572145545796, 0.8615186986196869, 0.21204471691309051, 
0.08283563362609786, 0.36091934875380327, 0.7987738910926794, 
0.5279548306148055, 0.1033037792620457, 0.9985575189325641, 
0.009033877038895858, 0.6834859804362704, 0.433465560764515, 
0.006173149309912171, 0.8025000162368311, 0.284890010818608, 
0.12378920953575909, 0.32540928493792914, 0.8463757663180671, 
0.010213299874529486, 0.7415123360607031, 0.3728813559322034, 
0.10544542032622335, 0.34456203455129314, 0.8160836639019113, 
0.1447176913425345, 0.26390651550423677, 0.8781103498016588, 
0.4690338770388959, 0.10193197781809576, 0.999278759466282, 
0.011568381430363865, 0.7067087738024823, 0.40714028128380814, 
0.0010790464240903385, 0.9948800770434794, 0.009376126938333935, 
0.008230865746549562, 0.8556745104424472, 0.20879913451135954, 
1.0, 0.0, 1.0, 
0.008431618569636137, 0.9316051571822112, 0.09195816804904436, 
0.07989962358845672, 0.39626803555877427, 0.7706455102776776, 
0.002283563362609787, 0.9861336777744443, 0.02416155787955283, 
0.464792973651192, 0.10199115964360098, 0.999639379733141, 
0.21518193224592222, 0.21103854988347653, 0.9343671114316625, 
1.0, 0.0, 1.0, 
0.20662484316185697, 0.19236788033466787, 0.9459069599711504, 
0.09442910915934756, 0.3532164365043618, 0.8196898665705012, 
0.12378920953575909, 0.32540928493792914, 0.8463757663180671, 
0.008130489335006274, 0.9024887245177176, 0.141363144608727, 
0.007578419071518192, 0.8014562329662821, 0.2985935809592499, 
1.0, 0.0, 1.0, 
0.4185445420326223, 0.11253808106633936, 0.998918139199423, 
0.013450439146800502, 0.8040832497089049, 0.26794085827623515, 
0.021681304893350063, 0.5218315419076031, 0.6310854670032456, 
0.011543287327478042, 0.5761687071710847, 0.581319870176704, 
0.004918444165621079, 0.9660758473090671, 0.04147133068878471, 
0.9943287327478043, 0.007876264635509351, 1.0, 
0.010639899623588456, 0.6923568734722423, 0.428416877028489, 
0.4797490589711418, 0.1006877465933134, 1.0, 
0.3463237139272271, 0.18431369421181465, 0.9956725567976921, 
0.012120451693851945, 0.8710074344177294, 0.17850703209520374, 
0.20820577164366375, 0.22481456114465898, 0.9354489722322394, 
0.04682559598494354, 0.5320005838422677, 0.6058420483231157, 
0.10514429109159347, 0.34493867206420714, 0.8142805625676163, 
0.006850690087829361, 0.8974721475676143, 0.16588532275513884, 
0.35811794228356336, 0.14375615219231974, 0.998918139199423, 
0.2789962358845671, 0.17030588936644794, 0.9960331770645511, 
0.8287076537013802, 0.053843064246691365, 1.0, 
0.9932998745294855, 0.010851285096765246, 1.0, 
0.6004767879548306, 0.1291399390383899, 0.997836278398846, 
1.0, 0.0, 1.0, 
0.3016060225846926, 0.187185870014424, 0.995311936530833, 
0.9771141781681305, 0.031738378958069434, 1.0, 
1.0, 0.0, 1.0, 
0.9563362609786701, 0.036721422578857736, 1.0, 
0.9445420326223337, 0.03687526797892927, 1.0, 
1.0, 0.0, 1.0, 
0.950966122961104, 0.0368068795852669, 1.0, 
0.8783688833124215, 0.055416430283091705, 0.999278759466282, 
0.9286574654956086, 0.04814025614085503, 1.0, 
1.0, 0.0, 1.0, 
0.04893350062735257, 0.4149724093509107, 0.7893977641543455, 
0.011643663739021329, 0.7587548253298668, 0.3404255319148936, 
0.3386700125470515, 0.1642765671305235, 0.997836278398846, 
0.0, 1.0, 0.0, 
0.008632371392722712, 0.9125419323287615, 0.11107104219257122, 
1.0, 0.0, 1.0, 
0.011041405269761606, 0.8948866971129089, 0.139920663541291, 
0.009836888331242157, 0.6656353563209642, 0.44825099170573385, 
0.35207026348808035, 0.10863862089255172, 0.999278759466282, 
0.008632371392722712, 0.8348825928977478, 0.22502704652001443, 
0.09550815558343789, 0.31561420286331104, 0.851063829787234, 
0.010338770388958595, 0.8228672238539445, 0.25495852866931124, 
0.015959849435382686, 0.6444897151353358, 0.4861161197259286, 
0.005445420326223338, 0.9310024232188735, 0.0995311936530833, 
0.003789209535759096, 0.9691631696710122, 0.0432744320230797, 
0.011392722710163112, 0.764099967378212, 0.3267219617742517, 
0.06047678795483062, 0.4323480178475248, 0.7244861161197259, 
0.008707653701380175, 0.9244120928272742, 0.09808871258564732, 
0.02584692597239649, 0.561534616411414, 0.5878110349801658, 
0.0078042659974905905, 0.9625393401329003, 0.04652001442481067, 
0.04582183186951067, 0.4600541592323819, 0.7432383699963938, 
0.018895859473023836, 0.6452246909675247, 0.4774612333213127, 
0.009786700125470515, 0.821103140567774, 0.2585647313379012, 
0.014855708908406524, 0.5873321724093964, 0.57554994590696, 
0.009485570890840653, 0.7222213397995041, 0.38766678687342226, 
0.011041405269761606, 0.8948866971129089, 0.139920663541291, 
0.023036386449184442, 0.5333141377906492, 0.6130544536602958, 
0.13179422835633628, 0.26296758228341804, 0.9159754778218536, 
0.11631116687578419, 0.3138580385930677, 0.849621348719798, 
0.005445420326223338, 0.9310024232188735, 0.0995311936530833, 
0.023889585947302384, 0.515862540923936, 0.6364947710061305, 
0.009686323713927228, 0.7116867925512937, 0.40750090155066715, 
0.01191969887076537, 0.7904959275178738, 0.28452939055174903, 
0.009811794228356336, 0.8838582311561888, 0.15146051208077893, 
0.09227101631116688, 0.3591444750962901, 0.8175261449693473, 
0.007402760351317441, 0.957541426992997, 0.05265055896141363, 
0.031091593475533252, 0.5894654299632545, 0.5347998557518933, 
0.013023839397741531, 0.7517440806495369, 0.3332131265777137, 
0.09841907151819322, 0.3453232741701185, 0.7980526505589615, 
0.024341279799247176, 0.7021286314812444, 0.40714028128380814, 
0.00958594730238394, 0.8564786950555601, 0.20447169130905157, 
0.13513174404015058, 0.25555627212837967, 0.8961413631446087, 
0.03914680050188206, 0.4625875264902477, 0.720158672917418, 
0.006474278544542033, 0.9623806179863297, 0.04688063469166967, 
0.029962358845671267, 0.5362142067601504, 0.6072845293905518, 
0.011166875784190716, 0.8933693225071079, 0.144608727010458, 
0.3213299874529486, 0.14594609622709595, 0.999278759466282, 
0.0038393977415307396, 0.9778334096559352, 0.029570861882437793, 
0.012220828105395232, 0.8018693777123341, 0.2729895420122611, 
0.015181932245922208, 0.6045935305855752, 0.5247024882798413, 
0.01997490589711418, 0.6379139010405587, 0.48972232239451857, 
0.08090338770388959, 0.3327023112018297, 0.8240173097728092, 
0.008155583437892095, 0.9464820597827591, 0.06851785070320952, 
0.01109159347553325, 0.8256215601418494, 0.24666426253155427, 
0.01741530740276035, 0.6427859303128877, 0.48791922106022356, 
0.015156838143036387, 0.7412498121370141, 0.36386584926072846, 
0.10361355081555834, 0.3128945849085433, 0.85971871619185, 
0.02750313676286073, 0.5730440344002051, 0.5578795528308691, 
0.006072772898368883, 0.9587560559107592, 0.05120807789397764, 
0.01508155583437892, 0.8341700409840407, 0.23476379372520736, 
0.06594730238393978, 0.39704661725276685, 0.7746123332131266, 
0.020602258469259727, 0.5427445007561805, 0.6732780382257483, 
0.012973651191969887, 0.7350999613392502, 0.3757663180670754, 
0.012848180677540778, 0.6258546412782635, 0.4972953479985575, 
0.998745294855709, 0.001071311820880297, 1.0, 
0.05081555834378921, 0.41635186774263494, 0.7316985214569058, 
0.01355081555834379, 0.5974796677841784, 0.5315542733501623, 
0.012948557089084066, 0.7646320227001154, 0.31842769563649476, 
0.04592220828105396, 0.45459482383493893, 0.6718355571583123, 
0.007979924717691341, 0.8454347442892785, 0.21168409664623153, 
0.15314930991217066, 0.24167501201810368, 0.8856833754056977, 
0.10138017565872019, 0.32802458837354004, 0.8330328164442842, 
0.6300878293601004, 0.0923736914111037, 1.0, 
0.005018820577164366, 0.9259513216381812, 0.10421925712225028, 
0.0, 1.0, 0.0, 
0.005821831869510664, 0.9695673927055951, 0.03894698882077173, 
0.005294855708908406, 0.9608211757448405, 0.05156869816083664, 
0.011417816813048933, 0.7916798716732013, 0.29318427695636495, 
0.010263488080301128, 0.8560399473903879, 0.19761990623873063, 
0.008607277289836887, 0.9360359776275837, 0.0851063829787234, 
0.9873023839397741, 0.01555426901614944, 1.0, 
0.014002509410288582, 0.7319507453161298, 0.3865849260728453, 
0.18760351317440402, 0.23173107523258832, 0.9224666426253155, 
0.513952321204517, 0.10071771351689424, 0.999639379733141, 
0.03415307402760351, 0.5465712199261127, 0.5935809592499098, 
0.005043914680050188, 0.9144098401805852, 0.13162639740353407, 
0.04592220828105396, 0.45459482383493893, 0.6718355571583123, 
0.02092848180677541, 0.8191391448579436, 0.2531554273350162, 
0.9968130489335006, 0.0026432307853054516, 1.0, 
0.054504391468005016, 0.43235905889275295, 0.7003245582401731, 
0.028808030112923464, 0.5492391648776715, 0.6033177064551027, 
0.797616060225847, 0.06517454935387097, 0.999639379733141, 
0.03829360100376412, 0.4774864314213789, 0.6660656328885683, 
0.14461731493099123, 0.26752287370719213, 0.8809953119365308, 
0.007653701380175658, 0.7976035462606691, 0.2996754417598269, 
0.007402760351317441, 0.9647134347415547, 0.04435629282365669, 
0.00835633626097867, 0.8681104419004589, 0.20375045077533357, 
0.007277289836888332, 0.9758835998091688, 0.030292102416155788, 
0.007653701380175658, 0.7976035462606691, 0.2996754417598269, 
0.040727728983688836, 0.5433185439538996, 0.5838442120447169, 
0.01041405269761606, 0.8411272326070208, 0.22322394518571945, 
0.061304893350062735, 0.4241402483927531, 0.72304363505229, 
0.009937264742785445, 0.8015894661364077, 0.29282365668950594, 
0.9974905897114178, 0.0011473799508519714, 1.0, 
0.018920953575909658, 0.6434817326533386, 0.4846736386584926, 
0.13191969887076538, 0.3284335514234118, 0.8326721961774252, 
0.008808030112923462, 0.8986532659445966, 0.142084385142445, 
0.15279799247176915, 0.28436057022839695, 0.859358095924991, 
0.010614805520702635, 0.8552384062473399, 0.1997836278398846, 
0.9949309912170641, 0.0026659509547427703, 1.0, 
0.04188205771643664, 0.4736624468756519, 0.6552470248827984, 
0.17641154328732747, 0.23534833358267784, 0.9231878831590336, 
0.14366373902132998, 0.2886061198838742, 0.8633249188604399, 
0.005821831869510664, 0.9695673927055951, 0.03894698882077173, 
0.008833124215809283, 0.9204845116012443, 0.10818608005769924, 
0.049335006273525724, 0.44268445296634373, 0.6830147854309412, 
0.016486825595984946, 0.6642847254260685, 0.4558240173097728, 
0.013450439146800502, 0.6868103035626569, 0.432023079697079, 
0.1297867001254705, 0.3027928830949292, 0.8359177785791562, 
0.08175658720200753, 0.3763616576972892, 0.7623512441399206, 
0.007051442910915934, 0.8701989199829586, 0.18824377930039668, 
0.005119196988707653, 0.9104306429226843, 0.139920663541291, 
0.019523212045169384, 0.6395878328821013, 0.49404976559682656, 
1.0, 0.0, 1.0, 
1.0, 0.0, 1.0, 
1.0, 0.0, 1.0, 
1.0, 0.0, 1.0, 
1.0, 0.0, 1.0, 
1.0, 0.0, 1.0, 
1.0, 0.0, 1.0, 
1.0, 0.0, 1.0, 
0.9778920953575909, 0.020621607428059734, 1.0, 
1.0, 0.0, 1.0, 
0.632948557089084, 0.1657421433961731, 0.99639379733141, 
0.6448431618569637, 0.12588354853496495, 0.997115037865128, 
1.0, 0.0, 1.0, 
0.8151317440401505, 0.059116262889907546, 1.0, 
