0.35809987819732036, 0.11794368594646087, 0.9907692307692307, 
0.30613073487616727, 0.12938492094628226, 0.9907692307692307, 
0.3205440519691434, 0.13130407969571792, 0.9846153846153847, 
0.35180673974827453, 0.1187290451391856, 0.9907692307692307, 
0.3205440519691434, 0.13130407969571792, 0.9846153846153847, 
0.2174177831912302, 0.14554212508036649, 0.9507692307692308, 
0.2496954933008526, 0.1464699407153526, 0.9446153846153846, 
0.19204222492894843, 0.1478010772362262, 0.9507692307692308, 
0.27263499796995533, 0.14332224436238017, 0.9569230769230769, 
0.255582622817702, 0.14362430559035122, 0.9569230769230769, 
0.24766544863987008, 0.1451062834820314, 0.9507692307692308, 
0.28177019894437677, 0.14292410582816292, 0.9507692307692308, 
0.21457572066585467, 0.14745930405500676, 0.9446153846153846, 
0.21721477872513195, 0.1458633144265811, 0.9569230769230769, 
0.24766544863987008, 0.1451062834820314, 0.9507692307692308, 
0.2533495736906212, 0.14584485593804772, 0.9384615384615385, 
0.20198944376776287, 0.1476106985981826, 0.9446153846153846, 
0.24766544863987008, 0.1451062834820314, 0.9507692307692308, 
0.2578156719447828, 0.1458264556781848, 0.9446153846153846, 
0.27019894437677633, 0.1455622430860077, 0.9446153846153846, 
0.12383272431993504, 0.2759089269821498, 0.9384615384615385, 
0.17417783191230207, 0.17349916548125224, 0.9384615384615385, 
0.22025984571660576, 0.143965729399548, 0.9569230769230769, 
0.13276492082825822, 0.27380832769558494, 0.9384615384615385, 
0.17174177831912302, 0.17408628516542227, 0.9323076923076923, 
0.18026796589524968, 0.1729554552709044, 0.9384615384615385, 
0.2971985383678441, 0.14102762714586842, 0.9569230769230769, 
0.23650020300446611, 0.2689249511337719, 0.9015384615384615, 
0.33455136012992287, 0.14028192167772172, 0.9476923076923077, 
0.18351603735282176, 0.16820801354026213, 0.9384615384615385, 
0.16971173365814046, 0.17536175507734356, 0.9292307692307692, 
0.1814859926918392, 0.17170610091768093, 0.9323076923076923, 
0.21498172959805117, 0.1664577761638084, 0.9323076923076923, 
0.17559886317498988, 0.17297071118256285, 0.9323076923076923, 
0.1881851400730816, 0.18014640492840478, 0.92, 
0.18331303288672351, 0.16976271904133713, 0.9384615384615385, 
0.18250101502233051, 0.16993257207304632, 0.9323076923076923, 
0.20483150629313845, 0.16754525481317462, 0.92, 
0.18534307754770604, 0.17170610091768093, 0.9261538461538461, 
0.2289890377588307, 0.1661977269215687, 0.9323076923076923, 
0.19285424279334146, 0.16816393443672975, 0.92, 
0.20138043036946812, 0.16645783439247885, 0.9261538461538461, 
0.16463662200568413, 0.17675889379617477, 0.9261538461538461, 
0.16889971579374746, 0.17597353460345005, 0.9261538461538461, 
0.1873731222086886, 0.16837786657197132, 0.9323076923076923, 
0.18128298822574096, 0.1740581316032586, 0.9261538461538461, 
0.15164433617539586, 0.21690109869057986, 0.9230769230769231, 
0.1723507917174178, 0.21480015003199227, 0.916923076923077, 
0.15915550142103127, 0.22811797862314873, 0.9138461538461539, 
0.14190012180267966, 0.25002281836023343, 0.92, 
0.27060495330897283, 0.1623636601156404, 0.9261538461538461, 
0.22959805115712548, 0.18005990623844798, 0.9138461538461539, 
0.1368250101502233, 0.2630995220270472, 0.92, 
0.23386114494518878, 0.16152735083626996, 0.9323076923076923, 
0.1492082825822168, 0.20207805896823278, 0.9261538461538461, 
0.20950060901339831, 0.15972226205225026, 0.9384615384615385, 
0.16341859520909457, 0.1810203881575578, 0.92, 
0.17336581404790904, 0.20861641080163962, 0.9076923076923077, 
0.14088509947218839, 0.24465789069378033, 0.9261538461538461, 
0.17864393016646365, 0.1879041524640874, 0.9076923076923077, 
0.22838002436053595, 0.15777888017590647, 0.9384615384615385, 
0.14941128704831505, 0.18681996373460177, 0.9323076923076923, 
0.16057653268371905, 0.23048247024420315, 0.9076923076923077, 
0.1719447827852213, 0.22781513130812658, 0.9138461538461539, 
0.15367438083637838, 0.18584099421262332, 0.9446153846153846, 
0.13540397888753553, 0.2929905403739987, 0.92, 
0.20950060901339831, 0.15972226205225026, 0.9384615384615385, 
0.2511165245635404, 0.15970552130949525, 0.9323076923076923, 
0.12281770198944376, 0.34784267579839734, 0.9138461538461539, 
0.1360129922858303, 0.2892529293606745, 0.9323076923076923, 
0.1386520503451076, 0.2783286776114634, 0.9138461538461539, 
0.1439301664636622, 0.23080965714347437, 0.9076923076923077, 
0.2166057653268372, 0.16622058167472117, 0.9323076923076923, 
0.12342671538773854, 0.297049806562901, 0.9138461538461539, 
0.22472594397076737, 0.1833759125633626, 0.9138461538461539, 
0.33881445391798626, 0.12911281836925892, 0.9753846153846154, 
0.15814047909054, 0.18868904582744844, 0.92, 
0.2174177831912302, 0.1878484276264646, 0.9138461538461539, 
0.16138855054811205, 0.1798355802855307, 0.9384615384615385, 
0.15631343889565572, 0.18802727698775867, 0.9261538461538461, 
0.14494518879415347, 0.2194337838262356, 0.9261538461538461, 
0.3302882663418596, 0.13225935014882229, 0.9784615384615385, 
0.22594397076735687, 0.18409375561269792, 0.9107692307692308, 
0.1818920016240357, 0.23914217988519113, 0.9046153846153846, 
