0.3538367844092571, 0.14181735348887706, 0.963076923076923, 
0.15387738530247666, 0.36133650054599564, 0.9230769230769231, 
0.16626065773447016, 0.29758670401880594, 0.9230769230769231, 
0.19407226958993098, 0.19083325838818208, 0.9261538461538461, 
0.20300446609825418, 0.22907846054225856, 0.9107692307692308, 
0.2496954933008526, 0.15309356843663677, 0.9261538461538461, 
0.2285830288266342, 0.185529237911022, 0.916923076923077, 
0.24259033698741372, 0.15637912116690486, 0.9353846153846154, 
0.17945594803085668, 0.198619887344409, 0.9323076923076923, 
0.20401948842874543, 0.17315715938535095, 0.9384615384615385, 
0.21295168493706862, 0.1681618673189287, 0.9261538461538461, 
0.19569630531871704, 0.19075665857220214, 0.9261538461538461, 
0.20686155095412098, 0.18377079029203452, 0.9323076923076923, 
0.16626065773447016, 0.2904983241643072, 0.9292307692307692, 
0.2511165245635404, 0.1604306720569723, 0.9230769230769231, 
0.2565976451481933, 0.18262077405060262, 0.916923076923077, 
0.17701989443767766, 0.19941447578140037, 0.9261538461538461, 
0.17823792123426715, 0.3056746954589586, 0.9107692307692308, 
0.17823792123426715, 0.20098519416684976, 0.92, 
0.17417783191230207, 0.2851911884532779, 0.92, 
0.2821762078765733, 0.15338136364034702, 0.92, 
0.18331303288672351, 0.19321681989880965, 0.916923076923077, 
0.1766138855054811, 0.2448142055596094, 0.916923076923077, 
0.25720665854648805, 0.18137165261206098, 0.916923076923077, 
0.27040194884287455, 0.15697838152886417, 0.916923076923077, 
0.2312220868859115, 0.15848729018062854, 0.9261538461538461, 
0.1766138855054811, 0.2448142055596094, 0.916923076923077, 
0.18087697929354446, 0.2922765113025779, 0.9107692307692308, 
0.18229801055623227, 0.1917131809417212, 0.9384615384615385, 
0.21396670726755987, 0.19075665857220214, 0.9230769230769231, 
0.17458384084449857, 0.2456373551594576, 0.916923076923077, 
0.17823792123426715, 0.23847013368516648, 0.916923076923077, 
0.17438083637840032, 0.3197800085893112, 0.9138461538461539, 
0.2909053999187982, 0.14840249205899228, 0.9261538461538461, 
0.18311002842062526, 0.28601256207867737, 0.9107692307692308, 
0.21924482338611448, 0.19278665559584363, 0.916923076923077, 
0.28806333739342266, 0.14840249205899228, 0.9323076923076923, 
0.15834348355663824, 0.2906496604788126, 0.9353846153846154, 
0.21599675192854245, 0.16486187387838844, 0.92, 
0.19995939910678034, 0.23882390197249911, 0.9076923076923077, 
0.19163621599675193, 0.19185432723889748, 0.9323076923076923, 
0.25984571660576533, 0.15687945101776582, 0.92, 
0.16260657734470157, 0.3217233904656549, 0.9107692307692308, 
0.1577344701583435, 0.3217233904656549, 0.9138461538461539, 
0.18229801055623227, 0.1917131809417212, 0.9384615384615385, 
0.18534307754770604, 0.19215705809657868, 0.9261538461538461, 
0.17417783191230207, 0.29936853044898, 0.916923076923077, 
0.26634185952090944, 0.16428165429166697, 0.9107692307692308, 
0.18534307754770604, 0.23102408422241477, 0.9107692307692308, 
0.14474218432805522, 0.2961091515060802, 0.9692307692307692, 
0.20726755988631748, 0.1851143586340497, 0.9292307692307692, 
0.20726755988631748, 0.1851143586340497, 0.9292307692307692, 
0.14859926918392205, 0.28380354100773036, 0.9507692307692308, 
0.16179455948030858, 0.24345578890662892, 0.9507692307692308, 
0.2001624035728786, 0.17968418574235484, 0.9446153846153846, 
0.15570442549736094, 0.3237337935416893, 0.9261538461538461, 
0.19366626065773446, 0.1899856236324087, 0.9323076923076923, 
0.22614697523345514, 0.1551499139336579, 0.9415384615384615, 
0.2320341047503045, 0.18563818375343813, 0.9138461538461539, 
0.17641088103938285, 0.25964947330275145, 0.9138461538461539, 
0.2693869265123833, 0.20295638023333448, 0.9076923076923077, 
0.2541615915550142, 0.15391007996805342, 0.9230769230769231, 
0.2001624035728786, 0.18807776124504078, 0.9292307692307692, 
0.1881851400730816, 0.26064323290702474, 0.9076923076923077, 
0.28725131952902966, 0.1826937345746793, 0.9076923076923077, 
0.2693869265123833, 0.20341472721279935, 0.9046153846153846, 
0.2275680064961429, 0.22955028745893313, 0.9015384615384615, 
0.16930572472594396, 0.2583153088910143, 0.9230769230769231, 
0.16483962647178238, 0.3152683929740005, 0.9261538461538461, 
0.21274868047097037, 0.3627401026472472, 0.9015384615384615, 
0.16788469346325618, 0.28725105678486146, 0.9230769230769231, 
0.21315468940316687, 0.21735379748901087, 0.9107692307692308, 
0.2054405196914332, 0.2201544800804231, 0.9046153846153846, 
0.16788469346325618, 0.24093297353061477, 0.9261538461538461, 
0.18351603735282176, 0.18805088871362707, 0.9476923076923077, 
0.2626877791311409, 0.18083920964944564, 0.9138461538461539, 
0.2241169305724726, 0.35924638242011225, 0.9015384615384615, 
0.4025578562728381, 0.13319482285397288, 0.9753846153846154, 
0.3542427933414536, 0.1261171279605021, 0.9815384615384616, 
0.33982947624847754, 0.13969130827332457, 0.9753846153846154, 
0.37048315062931386, 0.13960387792464052, 0.9692307692307692, 
0.3672350791717418, 0.14120068275445252, 0.9692307692307692, 
0.40783597239139263, 0.13179946010959043, 0.9753846153846154, 
0.37048315062931386, 0.13960387792464052, 0.9692307692307692, 
0.37048315062931386, 0.13960387792464052, 0.9692307692307692, 
0.43666260657734474, 0.12106084136178111, 0.9815384615384616, 
0.3353633779943159, 0.13165036559889745, 1.0, 
0.33556638246041415, 0.1411508390125454, 0.9938461538461538, 
0.31384490458790093, 0.14198350900001255, 0.9938461538461538, 
0.2801461632155907, 0.1488898369163424, 0.9384615384615385, 
0.30410069021518477, 0.14241661385083634, 0.9723076923076923, 
0.2982135606983354, 0.1426582628332132, 0.9723076923076923, 
0.3991067803491677, 0.12167209682985357, 0.9969230769230769, 
0.34531059683313037, 0.1255300373906673, 0.9969230769230769, 
0.1611855460820138, 0.25246402625460873, 0.963076923076923, 
0.1784409257003654, 0.1967885083156801, 0.9569230769230769, 
0.12728380024360536, 0.49415237121266536, 0.9876923076923076, 
0.1390580592773041, 0.4087184798380754, 0.9815384615384616, 
0.13844904587900933, 0.466901353441013, 0.9815384615384616, 
0.13885505481120586, 0.4634076332138781, 0.9815384615384616, 
0.13885505481120586, 0.4634076332138781, 0.9815384615384616, 
0.1615915550142103, 0.24775920791073752, 0.9446153846153846, 
0.13966707267559886, 0.3799136008810696, 0.9753846153846154, 
0.12809581810799836, 0.46720408429869426, 0.9815384615384616, 
0.14190012180267966, 0.4230341440404367, 0.9507692307692308, 
0.1691027202598457, 0.22314472610849265, 0.9415384615384615, 
0.24340235485180675, 0.14909331700523776, 0.9507692307692308, 
0.1719447827852213, 0.23325031186548034, 0.9384615384615385, 
0.27649208282582216, 0.14801131185089408, 0.9507692307692308, 
0.1723507917174178, 0.23780731672940852, 0.9353846153846154, 
0.27588306942752744, 0.14341555580677992, 0.9569230769230769, 
0.2218838814453918, 0.16203452255590903, 0.9661538461538461, 
0.26065773447015833, 0.1438323566298771, 0.9569230769230769, 
0.2218838814453918, 0.16203452255590903, 0.9661538461538461, 
0.17478684531059682, 0.24032206743456502, 0.9292307692307692, 
0.27669508729192044, 0.1438323566298771, 0.9507692307692308, 
0.17498984977669507, 0.21846666383869423, 0.9415384615384615, 
0.19082419813235893, 0.18119734508706217, 0.9353846153846154, 
0.1421031262687779, 0.2987506660268112, 0.9538461538461539, 
0.23934226552984164, 0.15267615621249983, 0.9753846153846154, 
0.23000406008932198, 0.18767621633360204, 0.9107692307692308, 
0.23751522533495736, 0.1531781164661334, 0.9507692307692308, 
0.15428339423467316, 0.33699094785823447, 0.9292307692307692, 
0.16686967113276494, 0.23469438289269612, 0.9446153846153846, 
0.2492894843686561, 0.15512149834247724, 0.9446153846153846, 
0.16321559074299632, 0.2565802400832134, 0.9353846153846154, 
0.15753146569224524, 0.3010230398912102, 0.9353846153846154, 
0.26958993097848155, 0.14364264762154366, 0.9569230769230769, 
0.17600487210718638, 0.22062997540333615, 0.9292307692307692, 
0.1457572066585465, 0.2985429061306376, 0.9415384615384615, 
0.28177019894437677, 0.14375683404430054, 0.9507692307692308, 
0.15326837190418188, 0.26756504964969485, 0.9569230769230769, 
0.14190012180267966, 0.40534654487519134, 0.963076923076923, 
0.14108810393828666, 0.4103993377536852, 0.9692307692307692, 
0.15326837190418188, 0.26756504964969485, 0.9569230769230769, 
0.15326837190418188, 0.26756504964969485, 0.9569230769230769, 
