0.29239578101456554, 0.07573935630487505, 0.9925265881000287, 
0.28747363134103465, 0.0651965252208286, 0.993101465938488, 
0.27744851833249623, 0.0664770551426027, 0.9971256108077033, 
0.2750778503264691, 0.07234891924577977, 0.9954009772923254, 
0.2799196383726771, 0.09699142223875905, 0.993101465938488, 
0.286368658965344, 0.11587455988977417, 0.9925265881000287, 
0.35839276745354093, 0.03949952233729525, 0.9988502443230813, 
0.3719537920642893, 0.039476279715089074, 1.0, 
0.3407132094424912, 0.03952841470459154, 0.9971256108077033, 
0.27779005524861883, 0.05252568904228543, 0.9954009772923254, 
0.3031240582621798, 0.039892403107810344, 0.997413049726933, 
0.287674535409342, 0.05064315285669616, 0.994826099453866, 
0.2843997990959317, 0.04143881521841798, 0.996550732969244, 
0.2954696132596685, 0.05327225994648797, 0.9928140270192584, 
0.3078854846810648, 0.03987482810963444, 0.9962632940500143, 
0.28363636363636363, 0.05229237781268581, 0.994826099453866, 
0.281305876443998, 0.0411482735013707, 0.9971256108077033, 
0.298965344048217, 0.03999105016013541, 0.9968381718884737, 
0.2996685082872928, 0.04092612766990013, 0.9954009772923254, 
0.28295328980411855, 0.044968895739621983, 0.9951135383730957, 
0.29189352084379705, 0.04109614745133831, 0.9951135383730957, 
0.29778001004520344, 0.04097395383482437, 0.9942512216154067, 
0.29852335509794076, 0.0400724082773271, 0.9959758551307847, 
0.2917930688096434, 0.04478588690815859, 0.9942512216154067, 
0.2860873932697137, 0.05327225994648797, 0.9933889048577177, 
0.29275740833751884, 0.04467548445267924, 0.9942512216154067, 
0.31105976896032145, 0.03981673049358908, 0.9951135383730957, 
0.3182722250125565, 0.0396062059732216, 0.9954009772923254, 
0.28008036162732297, 0.044832345334160695, 0.996550732969244, 
0.28962330487192367, 0.044826561497019385, 0.994826099453866, 
0.302260170768458, 0.05309662617783999, 0.992239149180799, 
0.329060773480663, 0.03962945753489786, 0.994826099453866, 
0.28526368658965345, 0.041055303012545986, 0.995688416211555, 
0.30326469110999493, 0.03987482810963444, 0.9968381718884737, 
0.2858262179809141, 0.040273018925376644, 0.995688416211555, 
0.281225514816675, 0.0634401875343488, 0.9945386605346364, 
0.31182320441988953, 0.039725400397523924, 0.995688416211555, 
0.29199397287795076, 0.04134888414942024, 0.9945386605346364, 
0.28112506278252136, 0.04157838716476607, 0.9968381718884737, 
0.3046509291813159, 0.039944564915723055, 0.994826099453866, 
0.2825113008538423, 0.05204832134005088, 0.9954009772923254, 
0.28090406830738324, 0.05174616725137059, 0.995688416211555, 
0.284681064791562, 0.05682541323996664, 0.9933889048577177, 
0.298965344048217, 0.03999105016013541, 0.9968381718884737, 
0.28871923656454046, 0.05288013903092961, 0.9933889048577177, 
0.28393771973882476, 0.05315903261846358, 0.993963782696177, 
0.2802009040683074, 0.05428598244427532, 0.9951135383730957, 
0.31760924158714215, 0.03988644942073753, 0.994826099453866, 
0.3004118533400301, 0.039944564915723055, 0.9954009772923254, 
0.31274736313410345, 0.06336174368440295, 0.9902270767461915, 
0.32908086388749375, 0.05200633711882345, 0.9908019545846508, 
0.3313510798593672, 0.048577898372421074, 0.9908019545846508, 
0.3396484178804621, 0.04850016968008157, 0.9908019545846508, 
0.3095529884480161, 0.08660734273411583, 0.9908019545846508, 
0.3129884480160723, 0.0528140539983684, 0.9902270767461915, 
0.29285786037167255, 0.052466947784394355, 0.9936763437769474, 
0.33008538422903067, 0.03961274966531965, 0.994826099453866, 
0.31991963837267706, 0.03994753281978938, 0.9936763437769474, 
0.28261175288799595, 0.059814307182039984, 0.993963782696177, 
0.29119035660472126, 0.05242315332047587, 0.993963782696177, 
0.29346057257659464, 0.06943330213994643, 0.992239149180799, 
0.3259467604218986, 0.0396041320161632, 0.9971256108077033, 
0.29080863887493724, 0.05741093065122054, 0.9928140270192584, 
0.3064791562029131, 0.039836531419814726, 0.997413049726933, 
0.2930788548468106, 0.051772359898702935, 0.993963782696177, 
0.29520843797086893, 0.0572598536068804, 0.9928140270192584, 
0.28261175288799595, 0.059814307182039984, 0.993963782696177, 
0.28261175288799595, 0.059814307182039984, 0.993963782696177, 
0.32574585635359116, 0.03960411413722305, 0.998275366484622, 
0.2954696132596685, 0.057224998613041214, 0.992239149180799, 
0.34268206931190354, 0.0396273656988993, 0.9945386605346364, 
0.3379809141135108, 0.04123990306968351, 0.9919517102615694, 
0.340652938221999, 0.04360707474668179, 0.9913768324231101, 
0.32072325464590656, 0.03976682143213636, 0.9936763437769474, 
0.2933199397287795, 0.045209304908464566, 0.9936763437769474, 
0.33066800602712204, 0.039545989702767445, 0.9968381718884737, 
0.3021798091411351, 0.04004211241322836, 0.994826099453866, 
0.29380210949271723, 0.04502913882848638, 0.9936763437769474, 
0.30670015067805123, 0.03990625034696318, 0.9942512216154067, 
0.29432446007031643, 0.04128113190568923, 0.9936763437769474, 
0.28518332496233045, 0.051495106703928525, 0.9942512216154067, 
0.30539427423405324, 0.056677120840556205, 0.9913768324231101, 
0.31600200904068304, 0.04367282901885007, 0.9916642713423397, 
0.30991461577096935, 0.04750210466413812, 0.9916642713423397, 
0.3082672024108488, 0.040179932223440906, 0.9933889048577177, 
0.2930587644399799, 0.04126953741299638, 0.9942512216154067, 
0.30937217478653944, 0.053237547984170054, 0.9913768324231101, 
0.2877749874434957, 0.045209304908464566, 0.9942512216154067, 
0.2919537920642893, 0.052861911451437926, 0.993101465938488, 
0.3076443997990959, 0.03984815273091782, 0.9968381718884737, 
0.30868910095429436, 0.03983652248034465, 0.996550732969244, 
0.29444500251130085, 0.05260626942558023, 0.993101465938488, 
0.30179809141135105, 0.05486420524794452, 0.9919517102615694, 
0.3184329482672024, 0.04016833773074806, 0.992239149180799, 
0.31095931692616774, 0.04124629479079021, 0.9925265881000287, 
0.3103566047212456, 0.04112709589675284, 0.993101465938488, 
0.28867905575087893, 0.0527543517474438, 0.9936763437769474, 
0.3110798593671522, 0.04012705525792186, 0.9928140270192584, 
0.29854344550477147, 0.04095581565003348, 0.9936763437769474, 
0.2995077850326469, 0.0412665516299899, 0.993101465938488, 
0.3035861376192868, 0.043504212734214336, 0.9925265881000287, 
0.2991461577096936, 0.04003051792053552, 0.996550732969244, 
0.3037468608739327, 0.0412665516299899, 0.9919517102615694, 
0.2952486187845304, 0.05183210237724288, 0.993101465938488, 
0.3117227523857358, 0.0400275410769991, 0.9925265881000287, 
0.29629331993972874, 0.044968091187314846, 0.9925265881000287, 
0.2939628327473631, 0.058735545569690704, 0.9925265881000287, 
0.32664992466097437, 0.039604096258282886, 0.9962632940500143, 
0.29958814665996986, 0.03991490375399994, 0.995688416211555, 
0.2863887493721748, 0.052861911451437926, 0.9936763437769474, 
0.321305876443998, 0.039720327248253924, 0.9936763437769474, 
0.3167051732797589, 0.039731948559357015, 0.9954009772923254, 
0.30047212456052236, 0.04046183841239159, 0.9933889048577177, 
0.30539427423405324, 0.03991193584993362, 0.9945386605346364, 
0.31280763435459563, 0.04604393853241828, 0.9913768324231101, 
