0.34737766624843164, 0.10249829570243552, 0.9924269743959611, 
0.29588456712672523, 0.1637829902500392, 0.9902632527948071, 
0.357892095357591, 0.10092099864374034, 0.999278759466282, 
0.30757841907151817, 0.10484013671753713, 0.9927875946628201, 
0.3404767879548306, 0.10406997538724273, 0.9906238730616661, 
0.30464240903387707, 0.15139223706274924, 0.98918139199423, 
0.3404767879548306, 0.10406997538724273, 0.9906238730616661, 
0.3325721455457967, 0.10406997538724273, 0.992066354129102, 
0.32047678795483064, 0.13515802652653844, 0.9880995311936531, 
0.30293601003764115, 0.11440938440988462, 0.9899026325279481, 
0.32348808030112924, 0.1307138519996313, 0.9895420122610891, 
0.3364115432873275, 0.10398103173497207, 0.992066354129102, 
0.3398996235884567, 0.11248958706376903, 0.988460151460512, 
0.3275784190715182, 0.13398402956675692, 0.9873782906599351, 
0.324215809284818, 0.1310397736278083, 0.988460151460512, 
0.3227352572145546, 0.13080270449776177, 0.988820771727371, 
0.3175909661229611, 0.10484020508314226, 0.992066354129102, 
0.33335006273525725, 0.10454395412759049, 0.991345113595384, 
0.3243161856963614, 0.15409951502579147, 0.9873782906599351, 
0.31407779171894606, 0.1387336160403029, 0.988820771727371, 
0.29651191969887075, 0.13557653797259292, 0.9899026325279481, 
0.2997490589711418, 0.11482415853619211, 0.9899026325279481, 
0.3221329987452949, 0.1309805006481629, 0.9895420122610891, 
0.29191969887076535, 0.2869178426595223, 0.9899026325279481, 
0.2997490589711418, 0.11482415853619211, 0.9899026325279481, 
0.31119196988707654, 0.138889375677318, 0.9880995311936531, 
0.30511919698870765, 0.17366396231323228, 0.988460151460512, 
0.33204516938519446, 0.10519575180687446, 0.991345113595384, 
0.29252195734002506, 0.17084790327816496, 0.98918139199423, 
0.3356085319949812, 0.1056104347790418, 0.9906238730616661, 
0.30245922208281056, 0.2102035893537889, 0.988820771727371, 
0.3089335006273526, 0.1393412723272096, 0.98918139199423, 
0.332396486825596, 0.10711078634916617, 0.98918139199423, 
0.34115432873274776, 0.10389215644830654, 0.98918139199423, 
0.3055708908406524, 0.13996333096826322, 0.988460151460512, 
0.2839146800501882, 0.28334731220053727, 0.9906238730616661, 
0.30501882057716434, 0.2033634396467868, 0.988460151460512, 
0.2817063989962359, 0.20479305560413943, 0.991345113595384, 
0.33726474278544544, 0.10537343401460038, 0.9906238730616661, 
0.3262484316185696, 0.10184307974289518, 0.994230075730256, 
0.32584692597239645, 0.10200642796207943, 0.994951316263974, 
0.33452948557089085, 0.10219894550611797, 0.9935088351965381, 
0.29101631116687576, 0.11506781355286592, 0.9935088351965381, 
0.3330740276035131, 0.10165828751223602, 0.994230075730256, 
0.3361606022584693, 0.1027356155063675, 0.9927875946628201, 
0.34165621079046427, 0.10267602348723154, 0.9927875946628201, 
0.29101631116687576, 0.11506781355286592, 0.9935088351965381, 
0.323513174404015, 0.10169497705365434, 0.99639379733141, 
0.2865495608531995, 0.12465152057069784, 0.991345113595384, 
0.33033877038895854, 0.10264644396874643, 0.9935088351965381, 
0.3303136762860728, 0.10331728146905836, 0.9927875946628201, 
0.3454203262233375, 0.10210972839142682, 0.9927875946628201, 
0.2948055207026349, 0.12641414539062568, 0.9906238730616661, 
0.290564617314931, 0.11726744271503517, 0.992066354129102, 
0.29962358845671266, 0.11650420909939367, 0.991345113595384, 
0.3387452948557089, 0.10193234243465643, 0.9935088351965381, 
0.27811794228356335, 0.16294224143245084, 0.9935088351965381, 
0.27601003764115434, 0.14907992998906264, 0.994951316263974, 
0.2779171894604768, 0.14973168209127652, 0.994230075730256, 
0.2719447929736512, 0.19088668252824667, 0.9935088351965381, 
0.2724466750313676, 0.1873983275266247, 0.9935088351965381, 
0.27360100376411545, 0.16458012181155637, 0.9935088351965381, 
0.26449184441656215, 0.24688227203517454, 0.994230075730256, 
0.2737264742785445, 0.21243857492807655, 0.9927875946628201, 
0.2831116687578419, 0.11831078160915086, 0.9956725567976921, 
0.26622333751568383, 0.1527520175544643, 0.994951316263974, 
0.2700125470514429, 0.15049139487825397, 0.994951316263974, 
0.26936010037641156, 0.158615553197955, 0.994230075730256, 
0.27819322459222084, 0.2122903582961605, 0.9927875946628201, 
0.27764115432873276, 0.15049139487825397, 0.994230075730256, 
0.27889585947302387, 0.15938966833907928, 0.9935088351965381, 
0.36818067754077793, 0.1005100188085174, 0.998918139199423, 
0.3255708908406525, 0.10136907821401238, 0.99639379733141, 
0.3182685069008783, 0.10172462493774458, 0.997115037865128, 
0.31834378920953577, 0.10142124117072453, 0.9985575189325641, 
0.32936010037641156, 0.10153194787396072, 0.9956725567976921, 
0.31972396486825594, 0.10138430095542073, 0.997115037865128, 
0.30996235884567125, 0.10172462493774458, 0.997836278398846, 
0.3189460476787955, 0.10264295732288493, 0.9956725567976921, 
0.30732747804266, 0.10200631401940422, 0.997836278398846, 
0.33510664993726474, 0.10133945311845721, 0.994230075730256, 
0.3095357590966123, 0.10200631401940422, 0.99639379733141, 
0.32050188205771646, 0.10210204865511753, 0.994230075730256, 
0.32790464240903383, 0.10092474735775483, 0.997836278398846, 
0.2997992471769134, 0.10803848482220897, 0.9935088351965381, 
0.29282308657465494, 0.10806813270629918, 0.9935088351965381, 
0.31375156838143037, 0.10880869172957347, 0.9906238730616661, 
0.2893099121706399, 0.11851136629459447, 0.9924269743959611, 
0.2817314930991217, 0.13847861233317796, 0.992066354129102, 
0.2856210790464241, 0.1703408127964005, 0.991345113595384, 
0.2924215809284818, 0.1085124407740217, 0.992066354129102, 
0.3071267252195734, 0.10851246356255675, 0.991705733862243, 
0.3036888331242158, 0.10780157521190775, 0.992066354129102, 
0.2951317440401506, 0.10839403154594117, 0.992066354129102, 
0.296060225846926, 0.13961215964325915, 0.9899026325279481, 
0.29259723964868256, 0.10812738289740956, 0.993869455463397, 
0.3058218318695107, 0.10851250913962683, 0.991345113595384, 
0.320276035131744, 0.10857175933073719, 0.9899026325279481, 
0.29161856963613547, 0.11853340280798048, 0.991345113595384, 
0.31578419071518193, 0.10851246356255675, 0.9909844933285251, 
0.28577164366373903, 0.1382712138757567, 0.991345113595384, 
0.3109159347553325, 0.10827555395225551, 0.991705733862243, 
0.3101631116687578, 0.1374417339887468, 0.98918139199423, 
0.3248682559598495, 0.10848288404407166, 0.9906238730616661, 
0.2929736511919699, 0.13874523819317452, 0.9906238730616661, 
0.28401505646173153, 0.11928164156756407, 0.992066354129102, 
0.2976160602258469, 0.11873357729979332, 0.9906238730616661, 
0.3110915934755332, 0.10874941874992806, 0.9909844933285251, 
0.3193475533249686, 0.10815700799296474, 0.991345113595384, 
0.3135508155583438, 0.13744171120021173, 0.9895420122610891, 
0.3008030112923463, 0.10887578117673842, 0.991345113595384, 
0.2868506900878294, 0.11925199368347386, 0.992066354129102, 
0.3245671267252196, 0.10786273963996165, 0.991705733862243, 
0.2794981179422836, 0.18371271496567534, 0.9927875946628201, 
0.3020828105395232, 0.1656365299305189, 0.9895420122610891, 
0.3285319949811794, 0.10741827205249385, 0.991705733862243, 
0.3605771643663739, 0.10068772380477836, 0.9956725567976921, 
0.33698870765370137, 0.10095439524184505, 0.994951316263974, 
0.3285319949811794, 0.10741827205249385, 0.991705733862243, 
0.28868255959849437, 0.1659222867656836, 0.9906238730616661, 
0.28336260978670014, 0.12657708341617915, 0.994951316263974, 
0.27909661229611044, 0.14140223325364562, 0.994951316263974, 
0.28336260978670014, 0.12657708341617915, 0.994951316263974, 
0.2793224592220828, 0.11910180584327665, 0.997836278398846, 
0.28283563362609787, 0.12672516331688494, 0.994951316263974, 
0.26444165621079047, 0.1731754330932599, 0.997115037865128, 
0.280702634880803, 0.12157582036162444, 0.9956725567976921, 
0.2817063989962359, 0.12036340193176132, 0.99639379733141, 
0.27468005018820574, 0.1256940504718195, 0.997115037865128, 
0.27362609786700126, 0.12175352535788539, 0.997836278398846, 
0.27606022584692597, 0.1418245048079821, 0.994951316263974, 
0.26732747804266, 0.14280220132690805, 0.997836278398846, 
0.2911417816813049, 0.11483608833428685, 0.994951316263974, 
0.28092848180677543, 0.13983957782871523, 0.994951316263974, 
0.29284818067754076, 0.10501498175265027, 0.99639379733141, 
0.27207026348808033, 0.1412912302994539, 0.9956725567976921, 
0.30015056461731493, 0.1047483103155836, 0.99639379733141, 
0.2875031367628607, 0.10504460684820545, 0.997115037865128, 
0.2846925972396487, 0.11568031240346918, 0.9956725567976921, 
0.2817063989962359, 0.12036340193176132, 0.99639379733141, 
0.27703889585947306, 0.12111658580344911, 0.99639379733141, 
0.29222082810539524, 0.10534092616936233, 0.9956725567976921, 
0.2859974905897114, 0.11144408325882431, 0.9956725567976921, 
0.2767879548306148, 0.12114616532193422, 0.997115037865128, 
0.276762860727729, 0.12175352535788539, 0.997115037865128, 
0.268732747804266, 0.1412912302994539, 0.997115037865128, 
0.28110414052697613, 0.12145736555647381, 0.9956725567976921, 
0.2769134253450439, 0.1391902185226808, 0.99639379733141, 
0.27638644918444166, 0.13987159572044985, 0.9956725567976921, 
0.29633626097867, 0.10495573156153992, 0.9956725567976921, 
0.26925972396486825, 0.14034557446079762, 0.997115037865128, 
0.2706900878293601, 0.14152818548682522, 0.9956725567976921, 
0.2868255959849435, 0.11126587691479242, 0.99639379733141, 
