1.5897435897435899, 3.476986112495826E-4, 1.7567567567567568, 
1.6089743589743588, 0.08294019242335814, 1.5945945945945945, 
1.8525641025641022, 2.2770046578091937E-6, 1.6216216216216217, 
1.6794871794871795, 7.752500243069683E-4, 1.6486486486486487, 
1.8076923076923077, 2.2770046578091937E-6, 1.6486486486486487, 
1.692307692307692, 4.448916793055655E-6, 1.5675675675675675, 
1.2692307692307692, 0.08306991162717228, 1.7837837837837838, 
1.6666666666666663, 3.476986112495826E-4, 1.6756756756756757, 
1.4102564102564104, 0.08294019242335814, 1.6486486486486487, 
1.3141025641025639, 0.08294019242335814, 1.6756756756756757, 
1.128205128205128, 0.23018124484159924, 1.7567567567567568, 
1.262820512820513, 0.23107740381323666, 1.6756756756756757, 
1.185897435897436, 0.23107740381323666, 1.7297297297297298, 
1.4679487179487178, 0.2291949690317733, 1.5945945945945945, 
1.6217948717948718, 7.752500243069683E-4, 1.6756756756756757, 
1.25, 0.22953821872622984, 1.7297297297297298, 
1.3717948717948718, 0.0018868836982563941, 1.7297297297297298, 
2.032051282051282, 2.2770046578091937E-6, 1.5945945945945945, 
1.1474358974358974, 0.23330067116113518, 1.7297297297297298, 
1.6474358974358976, 3.476986112495826E-4, 1.7297297297297298, 
1.2307692307692306, 0.22953821872622984, 1.7567567567567568, 
2.5769230769230766, 4.326308849853398E-6, 1.5675675675675675, 
2.5448717948717947, 0.005785255795813152, 1.5135135135135136, 
3.0064102564102564, 0.006127296926259093, 1.4864864864864864, 
2.7435897435897436, 3.463674392957938E-4, 1.5135135135135136, 
3.243589743589743, 4.326308849853398E-6, 1.5135135135135136, 
2.5384615384615383, 0.5332744208005145, 1.4324324324324325, 
3.102564102564102, 4.2037009068104434E-6, 1.5405405405405406, 
2.519230769230769, 0.6145925451673211, 1.4054054054054055, 
1.6346153846153844, 0.246786266277934, 1.4864864864864864, 
3.2628205128205128, 4.2037009068104434E-6, 1.5135135135135136, 
3.4807692307692304, 0.3908831255721302, 1.3243243243243243, 
2.621794871794872, 0.39118295453930413, 1.3513513513513513, 
2.6282051282051277, 4.2037009068104434E-6, 1.5675675675675675, 
3.8589743589743586, 1.6982344053336975, 1.2972972972972974, 
2.942307692307692, 0.37539152438262996, 1.3783783783783783, 
3.724358974358974, 0.3851021960851669, 1.3243243243243243, 
3.2628205128205128, 0.3851021960851669, 1.3513513513513513, 
2.230769230769231, 0.246786266277934, 1.4594594594594594, 
2.6474358974358974, 0.3818427339791748, 1.4054054054054055, 
3.173076923076923, 0.375172931935479, 1.4054054054054055, 
4.641025641025641, 0.5877382178189311, 1.2972972972972974, 
3.3525641025641026, 0.023376675649917054, 1.4054054054054055, 
1.6346153846153844, 0.246786266277934, 1.4864864864864864, 
2.9038461538461537, 0.39118295453930413, 1.3243243243243243, 
3.198717948717949, 0.017595623555010712, 1.4594594594594594, 
2.3846153846153846, 3.463674392957938E-4, 1.5405405405405406, 
3.743589743589743, 0.37406129826152956, 1.3783783783783783, 
3.9358974358974357, 0.005785255795813152, 1.4864864864864864, 
3.621794871794872, 0.017595623555010712, 1.4324324324324325, 
2.4358974358974357, 0.017595746162953754, 1.4594594594594594, 
2.75, 0.017595746162953754, 1.4324324324324325, 
2.525641025641026, 0.6142927162001471, 1.3783783783783783, 
1.5064102564102562, 7.752500243069683E-4, 1.972972972972973, 
1.5064102564102562, 7.752500243069683E-4, 1.972972972972973, 
1.3333333333333333, 0.0010405385823638923, 1.9189189189189189, 
1.6282051282051282, 3.4757600330653966E-4, 2.0, 
1.3333333333333333, 0.0010405385823638923, 1.9189189189189189, 
1.6730769230769231, 5.289656974354023E-6, 2.027027027027027, 
1.1923076923076923, 0.22919593237989766, 1.972972972972973, 
