0.3141025641025642, 0.410338886778378, 0.2972972972972973, 
0.0, 1.0, 0.0, 
0.3205128205128205, 0.6383505840665828, 0.0, 
0.3205128205128205, 0.22263577686818634, 0.21621621621621623, 
0.13461538461538458, 0.9844689365682373, 0.2972972972972973, 
0.3205128205128205, 0.2630703701808795, 0.10810810810810811, 
0.16025641025641024, 0.41787699827520397, 0.21621621621621623, 
0.3782051282051281, 0.2058070309665101, 0.5945945945945946, 
0.3205128205128205, 0.3915741614549387, 0.08108108108108109, 
0.4807692307692307, 0.07876336017156976, 0.1891891891891892, 
0.09615384615384609, 0.9861463708688148, 0.1891891891891892, 
0.3205128205128205, 0.2630703701808795, 0.10810810810810811, 
0.3397435897435896, 0.17051894109684962, 0.918918918918919, 
0.8141025641025641, 5.530844313852145E-4, 0.8378378378378378, 
0.641025641025641, 0.033879850065899206, 0.13513513513513514, 
0.3205128205128205, 0.21423007405046848, 0.40540540540540543, 
0.4807692307692307, 0.22953776332529832, 0.13513513513513514, 
0.9102564102564101, 0.0027578730107145483, 0.7027027027027027, 
0.0, 0.9921692583738028, 0.10810810810810811, 
0.9807692307692306, 0.0, 0.5405405405405406, 
0.4807692307692307, 0.07876336017156976, 0.1891891891891892, 
0.4743589743589745, 0.20731057217291166, 0.5135135135135135, 
0.019230769230769246, 0.9839814649018385, 0.3783783783783784, 
0.09615384615384609, 0.9986312925001825, 0.05405405405405406, 
0.17948717948717935, 0.40236998351571224, 0.5405405405405406, 
0.641025641025641, 0.010513858822453424, 0.2702702702702703, 
0.4807692307692307, 0.07876336017156976, 0.1891891891891892, 
0.3205128205128205, 0.21423007405046848, 0.40540540540540543, 
0.3205128205128205, 0.3915741614549387, 0.08108108108108109, 
0.4807692307692307, 0.07876336017156976, 0.1891891891891892, 
0.3205128205128205, 0.2630703701808795, 0.10810810810810811, 
0.3141025641025642, 0.410338886778378, 0.2972972972972973, 
0.8525641025641025, 0.0027585210812710423, 0.8108108108108109, 
0.4166666666666666, 0.20599532173629176, 0.5675675675675675, 
0.0, 0.9899373384082045, 0.35135135135135137, 
0.17948717948717935, 0.8586998103728035, 0.02702702702702703, 
0.6794871794871795, 0.009438429522563498, 0.35135135135135137, 
0.0, 0.9921692583738028, 0.10810810810810811, 
0.3397435897435896, 0.1624981221279855, 1.0, 
0.19871794871794873, 0.4022658193103271, 0.5405405405405406, 
0.4807692307692307, 0.22953776332529832, 0.13513513513513514, 
0.7948717948717949, 0.00856304383957357, 0.35135135135135137, 
0.0, 1.0, 0.0, 
0.3205128205128205, 0.6383505840665828, 0.0, 
0.3141025641025642, 0.4088029945904149, 0.4594594594594595, 
0.19871794871794873, 0.4171656445046795, 0.2972972972972973, 
0.3205128205128205, 0.2225116976297555, 0.24324324324324326, 
0.13461538461538458, 0.9842535319276075, 0.32432432432432434, 
0.16025641025641024, 0.4181702764751316, 0.1891891891891892, 
0.3205128205128205, 0.6383505840665828, 0.0, 
0.9615384615384615, 3.47751157510864E-4, 0.21621621621621623, 
0.3141025641025642, 0.4092815509078075, 0.40540540540540543, 
0.07692307692307698, 0.9499562018154066, 0.5405405405405406, 
0.4166666666666666, 0.1851137527595764, 0.8918918918918919, 
0.0, 0.9918547689997164, 0.13513513513513514, 
0.16025641025641024, 0.8537951073090113, 0.05405405405405406, 
0.6794871794871795, 0.0152185182693455, 0.21621621621621623, 
0.3205128205128205, 0.40884557457751614, 0.05405405405405406, 
0.16025641025641024, 0.4181702764751316, 0.1891891891891892, 
0.11538461538461534, 0.9557362905621886, 0.4864864864864865, 
0.0, 1.0, 0.0, 
0.16025641025641024, 0.8595751960557934, 0.0, 
0.0, 0.9992141531463239, 0.08108108108108109, 
1.0, 0.0, 0.43243243243243246, 
0.16025641025641024, 0.41002439740429164, 0.32432432432432434, 
0.21794871794871784, 0.22958291807920506, 0.8648648648648649, 
0.16025641025641024, 0.8537951073090113, 0.05405405405405406, 
0.0, 0.9996855106259137, 0.02702702702702703, 
0.3205128205128205, 0.2630703701808795, 0.10810810810810811, 
0.057692307692307744, 0.9915550276096449, 0.16216216216216217, 
0.0, 0.9911504739436311, 0.21621621621621623, 
0.3205128205128205, 0.4091600639516024, 0.02702702702702703, 
0.16025641025641024, 0.436172870824177, 0.13513513513513514, 
0.23717948717948725, 0.4358583814500907, 0.16216216216216217, 
0.03846153846153849, 0.963299466625671, 0.4594594594594595, 
0.358974358974359, 0.21714896632133196, 0.24324324324324326, 
0.16025641025641024, 0.4173288181615432, 0.2702702702702703, 
0.16025641025641024, 0.4094581413767319, 0.3783783783783784, 
0.03846153846153849, 0.9622240373257811, 0.4864864864864865, 
0.16025641025641024, 0.41776649348761774, 0.24324324324324326, 
0.0, 1.0, 0.0, 
0.25641025641025633, 0.39917524088826367, 0.5945945945945946, 
0.3205128205128205, 0.22292905506811395, 0.1891891891891892, 
0.07692307692307698, 0.991347907762885, 0.1891891891891892, 
0.358974358974359, 0.21714896632133196, 0.24324324324324326, 
0.23717948717948725, 0.4358583814500907, 0.16216216216216217, 
0.0, 0.9993857692358418, 0.05405405405405406, 
0.17948717948717935, 0.22958291807920506, 0.8918918918918919, 
0.16025641025641024, 0.853480617934925, 0.08108108108108109, 
0.23717948717948725, 0.4089672366879257, 0.43243243243243246, 
0.3205128205128205, 0.6383505840665828, 0.0, 
0.3205128205128205, 0.2630703701808795, 0.10810810810810811, 
0.358974358974359, 0.2085402948114998, 0.5405405405405406, 
0.3397435897435896, 0.21509831344191682, 0.2972972972972973, 
0.0, 0.9915865553664451, 0.16216216216216217, 
0.019230769230769246, 0.985270704939098, 0.21621621621621623, 
0.3205128205128205, 0.40884557457751614, 0.05405405405405406, 
0.6794871794871795, 0.0152185182693455, 0.21621621621621623, 
0.16025641025641024, 0.4181702764751316, 0.1891891891891892, 
0.16025641025641024, 0.436172870824177, 0.13513513513513514, 
0.3205128205128205, 0.40884557457751614, 0.05405405405405406, 
0.019230769230769246, 0.9991630781803067, 0.08108108108108109, 
0.3205128205128205, 0.40884557457751614, 0.05405405405405406, 
0.3205128205128205, 0.40884557457751614, 0.05405405405405406, 
1.0, 0.0, 0.43243243243243246, 
0.43589743589743596, 0.2076104887171879, 0.5405405405405406, 
0.7564102564102565, 0.009438429522563498, 0.2702702702702703, 
0.4807692307692307, 0.22953776332529832, 0.13513513513513514, 
0.25641025641025633, 0.39917524088826367, 0.5945945945945946, 
0.0, 0.9915865553664451, 0.16216216216216217, 
0.019230769230769246, 0.9849562155650117, 0.24324324324324326, 
0.16025641025641024, 0.8595751960557934, 0.0, 
0.23717948717948725, 0.38095871319390545, 0.6216216216216216, 
0.3205128205128205, 0.6383505840665828, 0.0, 
0.23717948717948725, 0.38095871319390545, 0.6216216216216216, 
0.641025641025641, 0.02810219596255902, 0.24324324324324326, 
0.7948717948717949, 0.028099761319117206, 0.1891891891891892, 
0.16025641025641024, 0.8595751960557934, 0.0, 
0.0, 0.9918547689997164, 0.13513513513513514, 
0.3205128205128205, 0.2402004681906916, 0.16216216216216217, 
0.07692307692307698, 0.9641227614482584, 0.3783783783783784, 
0.0, 1.0, 0.0, 
0.07692307692307698, 0.963685611584797, 0.43243243243243246, 
0.641025641025641, 0.03280442076600928, 0.16216216216216217, 
0.3205128205128205, 0.40884557457751614, 0.05405405405405406, 
0.358974358974359, 0.4080846346517125, 0.05405405405405406, 
0.16025641025641024, 0.4181702764751316, 0.1891891891891892, 
0.07692307692307698, 0.998510383552852, 0.08108108108108109, 
0.641025641025641, 0.033879850065899206, 0.13513513513513514, 
0.16025641025641024, 0.4092637026943743, 0.43243243243243246, 
0.3205128205128205, 0.24051495756477773, 0.13513513513513514, 
0.4807692307692307, 0.22953776332529832, 0.13513513513513514, 
0.4807692307692307, 0.22953776332529832, 0.13513513513513514, 
0.3205128205128205, 0.6383505840665828, 0.0, 
0.1474358974358974, 0.943999592661382, 0.0, 
0.09615384615384609, 0.9558165987649281, 0.4864864864864865, 
0.4807692307692307, 0.07876336017156976, 0.1891891891891892, 
0.4166666666666666, 0.20779147555664396, 0.4594594594594595, 
0.03846153846153849, 0.9545936370786317, 0.5405405405405406, 
0.16025641025641024, 0.436172870824177, 0.13513513513513514, 
0.4166666666666666, 0.20824086869899605, 0.40540540540540543, 
0.3205128205128205, 0.21484870118515817, 0.32432432432432434, 
0.3205128205128205, 0.2630703701808795, 0.10810810810810811, 
0.16025641025641024, 0.8517444544295963, 0.10810810810810811, 
0.07692307692307698, 0.9641227614482584, 0.3783783783783784, 
0.641025641025641, 0.03280442076600928, 0.16216216216216217, 
0.4807692307692307, 0.07876336017156976, 0.1891891891891892, 
0.16025641025641024, 0.8517444544295963, 0.10810810810810811, 
0.16025641025641024, 0.436172870824177, 0.13513513513513514, 
0.3205128205128205, 0.40884557457751614, 0.05405405405405406, 
0.16025641025641024, 0.43596972697785824, 0.16216216216216217, 
0.358974358974359, 0.214164408739221, 0.40540540540540543, 
0.4807692307692307, 0.22953776332529832, 0.13513513513513514, 
0.0, 0.9915760986604397, 0.1891891891891892, 
0.641025641025641, 0.033879850065899206, 0.13513513513513514, 
0.358974358974359, 0.23943952826488796, 0.16216216216216217, 
0.4807692307692307, 0.22953776332529832, 0.13513513513513514, 
0.641025641025641, 0.03280442076600928, 0.16216216216216217, 
0.07692307692307698, 0.9639146432225332, 0.40540540540540543, 
0.3205128205128205, 0.6383505840665828, 0.0, 
0.3141025641025642, 0.4099596604103277, 0.35135135135135137, 
0.3205128205128205, 0.24051495756477773, 0.13513513513513514, 
0.17948717948717935, 0.40890791195887927, 0.4594594594594595, 
0.03846153846153849, 0.9988101249429236, 0.05405405405405406, 
0.0, 1.0, 0.0, 
0.3205128205128205, 0.21458907010790487, 0.35135135135135137, 
0.09615384615384609, 0.9638561066874065, 0.40540540540540543, 
0.0, 1.0, 0.0, 
0.16025641025641024, 0.8517444544295963, 0.10810810810810811, 
0.358974358974359, 0.23943952826488796, 0.16216216216216217, 
0.641025641025641, 0.033879850065899206, 0.13513513513513514, 
