0.3823681125439625, 0.12442030377169076, 0.9841269841269841, 
0.37988276670574445, 0.12464188456877541, 0.9841269841269841, 
0.36839390386869875, 0.1260151980883763, 0.9722222222222222, 
0.36332942555685815, 0.19952222098568853, 0.9431216931216931, 
0.3520750293083236, 0.20256991714738337, 0.955026455026455, 
0.3336928487690504, 0.2643881695349005, 0.958994708994709, 
0.3429308323563892, 0.22089614656589998, 0.9563492063492064, 
0.3372567409144197, 0.16160700227319902, 0.9576719576719577, 
0.3590621336459554, 0.13800449801040243, 0.9576719576719577, 
0.35305978898007034, 0.22089614656589998, 0.9537037037037037, 
0.3308792497069168, 0.2981031071595533, 0.9735449735449735, 
0.3677842907385698, 0.13779983449319164, 0.955026455026455, 
0.34888628370457214, 0.1785411332254405, 0.9563492063492064, 
0.33852286049237984, 0.13859708529125198, 0.958994708994709, 
0.3538569753810082, 0.14988124982884396, 0.9537037037037037, 
0.3534349355216882, 0.13958933531445222, 0.9563492063492064, 
0.3792262602579133, 0.13612707603114793, 0.958994708994709, 
0.3520281359906213, 0.17792937893691002, 0.9563492063492064, 
0.3458851113716296, 0.2209063011976476, 0.955026455026455, 
0.3647831184056272, 0.13955104505938196, 0.9563492063492064, 
0.3249237983587339, 0.3860605637542306, 0.9695767195767195, 
0.3417116060961313, 0.22422774827831693, 0.955026455026455, 
0.3420867526377491, 0.13958933531445222, 0.9576719576719577, 
0.37978898007033995, 0.13612707603114793, 0.9576719576719577, 
0.4392028135990621, 0.10017988049324705, 0.9761904761904762, 
0.39287221570926145, 0.12738134333561044, 0.9444444444444444, 
0.34644783118405625, 0.20546745155185359, 0.9563492063492064, 
0.44098475967174683, 0.12602982244118094, 0.9404761904761905, 
0.4090973036342321, 0.13749177999390913, 0.9404761904761905, 
0.42157092614302466, 0.13800449801040243, 0.9378306878306878, 
0.3992028135990621, 0.15123237407550297, 0.9338624338624338, 
0.40295427901524034, 0.12464790329194603, 0.9417989417989417, 
0.3856506447831184, 0.12433338685628406, 0.9788359788359788, 
0.33542790152403285, 0.33989342142853013, 0.951058201058201, 
0.3346776084407972, 0.22647723876994955, 0.9642857142857143, 
0.38250879249706915, 0.12134304416690539, 0.9854497354497355, 
0.38471277842907387, 0.12181567495122965, 0.9828042328042328, 
0.32328253223915593, 0.27562848289422437, 0.9880952380952381, 
0.3337866354044549, 0.14732489870844595, 0.9894179894179894, 
0.3287690504103165, 0.33125319816199683, 0.9642857142857143, 
0.3252051582649472, 0.33125319816199683, 0.966931216931217, 
0.321641266119578, 0.47204209002626146, 0.966931216931217, 
0.3776787807737398, 0.13446651771396514, 0.9603174603174603, 
0.38579132473622507, 0.10656067912094586, 0.9576719576719577, 
0.38382180539273153, 0.12005447245181144, 0.9894179894179894, 
0.37992966002344664, 0.12768530793072497, 0.9470899470899471, 
0.3643141852286049, 0.16739245111138942, 0.9325396825396826, 
0.3492145369284877, 0.22390683947391843, 0.9338624338624338, 
0.3788511137162955, 0.1807301722405298, 0.9166666666666666, 
0.3629073856975381, 0.20147127687905494, 0.921957671957672, 
0.39273153575615477, 0.15439491519505721, 0.9365079365079365, 
0.3570457209847597, 0.22273426843720326, 0.921957671957672, 
0.4305744431418523, 0.15525245477114114, 0.9206349206349206, 
0.36192262602579134, 0.3050134614174475, 0.9166666666666666, 
0.3786635404454865, 0.16195610448694622, 0.917989417989418, 
0.3963892145369285, 0.1806946170036788, 0.9153439153439153, 
0.3841031652989449, 0.15732684238350655, 0.9193121693121693, 
0.35137162954279016, 0.23142219490971624, 0.9206349206349206, 
0.34888628370457214, 0.24072271553173905, 0.921957671957672, 
0.3628135990621337, 0.2315750754153082, 0.917989417989418, 
0.37359906213364596, 0.23145619329004238, 0.9153439153439153, 
0.3785228604923798, 0.1906006706594559, 0.917989417989418, 
0.42039859320046896, 0.1488605146610183, 0.9365079365079365, 
0.3681594372801876, 0.23145619329004238, 0.9166666666666666, 
0.34987104337631886, 0.23142219490971624, 0.921957671957672, 
0.34485345838218057, 0.2593237567757846, 0.921957671957672, 
0.3776787807737398, 0.21123609643810456, 0.9153439153439153, 
0.3717702227432591, 0.1644400059565162, 0.9193121693121693, 
0.44506447831184054, 0.1480176802259695, 0.9259259259259259, 
0.4052520515826495, 0.2517938639467358, 0.9140211640211641, 
0.3505275498241501, 0.27668285850563273, 0.9193121693121693, 
0.36398593200468937, 0.20160592168573402, 0.917989417989418, 
0.37101992966002345, 0.2903497024702996, 0.9153439153439153, 
0.38297772567409144, 0.1545602213793202, 0.921957671957672, 
0.3578429073856976, 0.2226678986617481, 0.921957671957672, 
0.3653927315357562, 0.18067000183970508, 0.9193121693121693, 
0.3512778429073857, 0.27668285850563273, 0.917989417989418, 
0.37101992966002345, 0.2903497024702996, 0.9153439153439153, 
0.3510902696365768, 0.2903497024702996, 0.917989417989418, 
