0.49097472924187724, 0.4754139808005774, 0.9347826086956522, 
0.7184115523465703, 0.02785092229743768, 0.9347826086956522, 
0.6570397111913356, 0.025825381753009347, 0.9565217391304348, 
0.7068592057761731, 0.028164900728707157, 0.9202898550724637, 
0.5935018050541516, 0.08126341649802293, 0.9565217391304348, 
0.6613718411552346, 0.025825381753009347, 0.9420289855072463, 
0.5444043321299638, 0.08019118519970779, 0.9637681159420289, 
0.683754512635379, 3.046541267656603E-4, 0.9782608695652174, 
0.6714801444043321, 1.7835121849278342E-4, 1.0, 
0.7148014440433212, 0.011650081281279234, 0.9710144927536232, 
0.8115523465703971, 3.046541267656603E-4, 0.9710144927536232, 
0.9920577617328518, 2.3321381196307534E-5, 0.9637681159420289, 
0.6216606498194944, 0.011650081281279234, 0.9782608695652174, 
0.9292418772563176, 2.3321381196307534E-5, 0.9710144927536232, 
0.7913357400722022, 1.4962428946918446E-4, 0.9782608695652174, 
0.6649819494584838, 4.1306244154324566E-4, 0.9855072463768116, 
0.7342960288808663, 1.7835121849278342E-4, 0.9782608695652174, 
0.779783393501805, 2.3321381196307534E-5, 0.9927536231884058, 
0.7963898916967508, 4.1306244154324566E-4, 0.9710144927536232, 
0.7342960288808663, 1.7835121849278342E-4, 0.9782608695652174, 
0.7342960288808663, 1.7835121849278342E-4, 0.9782608695652174, 
0.8483754512635379, 2.3321381196307534E-5, 0.9782608695652174, 
0.607942238267148, 0.027826485822878225, 0.9565217391304348, 
0.6649819494584838, 0.024100757117595795, 0.9492753623188406, 
0.67942238267148, 0.023702498867941256, 0.9492753623188406, 
0.5054151624548736, 0.16732521779711523, 0.8985507246376812, 
0.5328519855595668, 0.15179125571184005, 0.8913043478260869, 
0.8187725631768952, 0.012347789888671122, 0.8840579710144928, 
0.740072202166065, 0.013355483831098457, 0.8840579710144928, 
0.7241877256317688, 0.025681131151557207, 0.8913043478260869, 
0.7624548736462093, 8.760598258846709E-4, 0.9057971014492754, 
0.5732851985559566, 0.15179125571184005, 0.8840579710144928, 
0.5458483754512635, 0.1514424332679545, 0.8913043478260869, 
0.5299638989169675, 0.6486813505913113, 0.8840579710144928, 
0.7790613718411551, 0.1514424332679545, 0.8768115942028986, 
0.584115523465704, 0.7850810681902001, 0.8768115942028986, 
0.6072202166064982, 0.05019788181325101, 0.8840579710144928, 
0.87942238267148, 0.0018837537683120055, 0.8840579710144928, 
0.7451263537906136, 0.0018837537683120055, 0.8985507246376812, 
0.663537906137184, 0.21312667941689203, 0.8768115942028986, 
0.7689530685920577, 0.012347789888671122, 0.8913043478260869, 
0.8187725631768952, 0.0018837537683120055, 0.8913043478260869, 
0.6057761732851985, 0.04688127555296176, 0.8913043478260869, 
0.83971119133574, 0.004052206802156626, 0.8840579710144928, 
0.6866425992779782, 0.21309504262518722, 0.8768115942028986, 
0.6895306859205776, 0.15531817920036736, 0.8768115942028986, 
0.935740072202166, 2.3395720753812033E-5, 0.8840579710144928, 
0.8577617328519855, 0.04688127555296176, 0.8695652173913043, 
0.5501805054151624, 0.16732521779711523, 0.8840579710144928, 
0.7992779783393501, 0.0038991416531666753, 0.8913043478260869, 
0.511913357400722, 0.15229509737308536, 0.8913043478260869, 
0.9054151624548735, 0.013355483831098457, 0.8768115942028986, 
1.1754512635379062, 0.04688127555296176, 0.8623188405797102, 
0.8231046931407942, 2.3395720753812033E-5, 0.8913043478260869, 
0.823826714801444, 0.0278255300285669, 0.8768115942028986, 
0.8288808664259927, 0.15531817920036736, 0.8695652173913043, 
0.6389891696750901, 0.9980273042610511, 0.8623188405797102, 
0.6498194945848375, 0.6798643099171976, 0.8695652173913043, 
0.6657039711191336, 0.9978211075682885, 0.8623188405797102, 
0.6498194945848375, 0.6798643099171976, 0.8695652173913043, 
0.6151624548736461, 1.6712314057783437, 0.8623188405797102, 
0.8447653429602887, 0.18585734733795728, 0.8333333333333334, 
1.203610108303249, 0.5448239336078085, 0.8043478260869565, 
0.8967509025270757, 0.21218732476772417, 0.8260869565217391, 
1.0418772563176895, 0.7683471594467434, 0.8043478260869565, 
0.7999999999999999, 0.1869915672073301, 0.8405797101449275, 
0.8953068592057761, 0.21416683850609394, 0.8188405797101449, 
0.8440433212996389, 0.1861172065713323, 0.8333333333333334, 
0.7927797833935017, 0.25461457759004946, 0.8478260869565217, 
0.6851985559566787, 1.1143566369544553, 0.855072463768116, 
0.9436823104693141, 0.18585734733795728, 0.8188405797101449, 
1.383393501805054, 0.5446584537527082, 0.7971014492753623, 
0.7111913357400721, 0.32948094772188496, 0.8260869565217391, 
0.7068592057761731, 0.42417658771426875, 0.855072463768116, 
0.7509025270758122, 0.2549130721534755, 0.8115942028985508, 
1.3090252707581225, 1.1822223235128193, 0.7971014492753623, 
0.9696750902527075, 0.21218732476772417, 0.8115942028985508, 
1.0765342960288808, 0.6164513185973711, 0.8043478260869565, 
1.0, 0.0, 1.0, 
