0.3842807233416097, 0.13659645453731345, 0.9662698412698413, 
0.41480081738480806, 0.13209908056922778, 0.9623015873015873, 
0.40992287578827097, 0.14583884665510582, 0.9623015873015873, 
0.3918393355452528, 0.12498323676189758, 0.9675925925925926, 
0.43527938300630614, 0.18680076363302195, 0.9596560846560847, 
0.3926523258113423, 0.20131478148410978, 0.9623015873015873, 
0.500780031201248, 0.16115549901334486, 0.9609788359788359, 
0.40442969831469316, 0.1918255933252632, 0.9603174603174603, 
0.39794774889587137, 0.2309400850240365, 0.9603174603174603, 
0.3854233042561139, 0.25018083030778726, 0.9629629629629629, 
0.38280855177869083, 0.16164025300881543, 0.9656084656084656, 
0.41383401814945836, 0.19322650373244546, 0.958994708994709, 
0.40223242732526204, 0.22507198024418254, 0.9616402116402116, 
0.37920502735602385, 0.16100099505014903, 0.9662698412698413, 
0.39728856759904196, 0.14041858319111164, 0.9656084656084656, 
0.40497901606205094, 0.16257635314921012, 0.9603174603174603, 
0.40271582694293684, 0.17884326558995867, 0.96494708994709, 
0.4133506185317835, 0.12441342312612232, 0.966931216931217, 
0.3621981498978269, 0.09576637620117079, 0.9801587301587301, 
0.33670980642042586, 0.16745248810026991, 0.9814814814814815, 
0.35877040715431435, 0.09664142659299234, 0.9801587301587301, 
0.35624354551646853, 0.10892709061417195, 0.9801587301587301, 
0.34798180659620753, 0.09664142659299234, 0.9808201058201058, 
0.340533057942036, 0.13628933146519084, 0.9821428571428571, 
0.3477840522071587, 0.09664142659299234, 0.9821428571428571, 
0.3386653776010195, 0.19911025306585808, 0.9808201058201058, 
0.3723934872887873, 0.09576637620117079, 0.9794973544973545, 
0.34185142053569467, 0.13994042077689603, 0.9781746031746031, 
0.34488365450110964, 0.12380393311794806, 0.9781746031746031, 
0.36942717145305526, 0.21836270859513285, 0.966931216931217, 
0.374063413240755, 0.2334990894214062, 0.9662698412698413, 
0.393970688405001, 0.13241843019719535, 0.966931216931217, 
0.37437103117927534, 0.1818104606585968, 0.96494708994709, 
0.349146360220606, 0.12330251188856628, 0.9742063492063492, 
0.36896574454527475, 0.12813113664217052, 0.9682539682539683, 
0.35995693348860713, 0.1040647963465234, 0.9742063492063492, 
0.3419393113752719, 0.18838269986471126, 0.9682539682539683, 
0.36052822394585926, 0.10336757977689622, 0.9742063492063492, 
0.3423567928632638, 0.13327510128645365, 0.9735449735449735, 
0.3847860956691789, 0.1133350414473095, 0.9702380952380952, 
0.3454329722484674, 0.1742189877490165, 0.9682539682539683, 
0.3460262354156138, 0.14489968578268958, 0.968915343915344, 
0.3463997714838171, 0.13872413224005756, 0.9682539682539683, 
0.36213223176814396, 0.09913153981533458, 0.9742063492063492, 
0.38111665311682885, 0.11512632251065108, 0.9682539682539683, 
0.34358726461734523, 0.15838096867854398, 0.968915343915344, 
0.34956384170859794, 0.12861751616730388, 0.9682539682539683, 
0.34886071499197996, 0.1999011872677745, 0.9675925925925926, 
0.3423567928632638, 0.13327510128645365, 0.9735449735449735, 
0.3423567928632638, 0.13327510128645365, 0.9735449735449735, 
0.3483113972446222, 0.12861751616730388, 0.968915343915344, 
0.35072839533299643, 0.17182760849672507, 0.9675925925925926, 
0.34220298389400367, 0.1742409215820906, 0.968915343915344, 
0.3423787655731581, 0.16094841852112396, 0.968915343915344, 
0.35057458636373623, 0.11475646861161702, 0.968915343915344, 
0.3888290742897322, 0.11109115913133832, 0.968915343915344, 
0.33906088637911713, 0.15058767924465258, 0.9735449735449735, 
0.3438948825558656, 0.14914044445805655, 0.9708994708994709, 
0.3769638109468041, 0.12505721911921783, 0.9682539682539683, 
0.3678011909208762, 0.2497600411969092, 0.966931216931217, 
0.3490584693810288, 0.1281353729595831, 0.968915343915344, 
0.3407527850409791, 0.2031795841431262, 0.9682539682539683, 
0.36896574454527475, 0.12813113664217052, 0.9682539682539683, 
0.3423787655731581, 0.13183638649723767, 0.9735449735449735, 
0.3437850190063941, 0.1774754048905464, 0.9682539682539683, 
0.3462459625145569, 0.1290938074682386, 0.968915343915344, 
0.3682186724088682, 0.08764216839672964, 0.9894179894179894, 
0.37461273098811276, 0.08753925716627915, 0.9880952380952381, 
0.34846520621388233, 0.09632706786734015, 0.9887566137566137, 
0.36235195886708704, 0.089001962551371, 0.9880952380952381, 
0.33605062512359646, 0.13603176892137367, 0.9880952380952381, 
0.3590121069631517, 0.089001962551371, 0.9894179894179894, 
0.3713168245039661, 0.09269831994057057, 0.9861111111111112, 
0.3768759201072268, 0.08030787883816567, 0.9894179894179894, 
0.3725472962580475, 0.08842613913362657, 0.9861111111111112, 
0.3827206609391136, 0.0864497921028984, 0.9794973544973545, 
0.38535738612643095, 0.08560913452734883, 0.9801587301587301, 
0.39150974489683815, 0.08375649673591146, 0.9808201058201058, 
0.3976840763771396, 0.09418407159405431, 0.9755291005291006, 
0.4127134099448485, 0.11063128772652801, 0.9728835978835979, 
0.3722836237393158, 0.09417480958331377, 0.9808201058201058, 
0.38197358880270704, 0.08439626106460948, 0.9821428571428571, 
0.37920502735602385, 0.08528620434870134, 0.9814814814814815, 
0.375052185185999, 0.09223272117495197, 0.9821428571428571, 
0.3933554525279603, 0.11065989178608714, 0.9735449735449735, 
0.36459317527630686, 0.0964297393614015, 0.9768518518518519, 
0.37590912087187717, 0.09427772081376423, 0.9755291005291006, 
0.367713300081299, 0.09418407159405431, 0.9814814814814815, 
0.36459317527630686, 0.0964297393614015, 0.9768518518518519, 
0.3901474368833908, 0.11071709990520541, 0.9728835978835979, 
0.38386324185361775, 0.07299062956672331, 0.9821428571428571, 
0.36459317527630686, 0.0964297393614015, 0.9768518518518519, 
0.39807958515523717, 0.09258213637736794, 0.9768518518518519, 
