2.0192307692307696, 0.07877033130890687, 1.6216216216216217, 
2.076923076923077, 5.674996224122413E-6, 1.7837837837837838, 
2.5128205128205128, 3.5822537893685E-4, 1.5945945945945945, 
2.0, 2.9904077325397255E-4, 1.7837837837837838, 
2.1474358974358974, 5.674996224122413E-6, 1.7297297297297298, 
2.0, 2.9904077325397255E-4, 1.7837837837837838, 
2.076923076923077, 6.515911559668594E-4, 1.6216216216216217, 
2.076923076923077, 6.515911559668594E-4, 1.6216216216216217, 
1.9551282051282048, 0.07911846780566767, 1.7297297297297298, 
1.6089743589743588, 0.0013423818228889656, 1.7837837837837838, 
2.096153846153846, 3.5822537893685E-4, 1.6216216216216217, 
2.2628205128205128, 6.515911559668594E-4, 1.5945945945945945, 
1.6666666666666663, 0.0010490160458591154, 1.7567567567567568, 
2.1025641025641026, 2.9904077325397255E-4, 1.7297297297297298, 
1.6089743589743588, 0.0013423818228889656, 1.7837837837837838, 
1.6025641025641024, 0.009509349459944388, 1.837837837837838, 
1.9935897435897438, 6.060335473890802E-6, 1.837837837837838, 
1.6025641025641024, 0.009509349459944388, 1.837837837837838, 
1.4807692307692304, 0.08294084049391447, 1.837837837837838, 
1.6410256410256407, 6.060335473890802E-6, 1.8918918918918919, 
1.5576923076923075, 0.08294084049391447, 1.8108108108108107, 
1.6025641025641024, 0.009509349459944388, 1.837837837837838, 
1.6602564102564101, 6.060335473890802E-6, 1.864864864864865, 
1.7435897435897434, 8.815686264068624E-4, 1.837837837837838, 
2.871794871794872, 3.748299975121163E-6, 1.972972972972973, 
3.7564102564102564, 3.748299975121163E-6, 1.9189189189189189, 
3.66025641025641, 3.748299975121163E-6, 1.945945945945946, 
2.7307692307692304, 3.765815395601386E-6, 2.081081081081081, 
4.371794871794872, 3.748299975121163E-6, 1.8918918918918919, 
2.333333333333333, 4.974379406347223E-6, 1.7837837837837838, 
1.6794871794871795, 1.1970457651137627, 1.7027027027027026, 
2.737179487179487, 3.470155098522876E-4, 1.6486486486486487, 
2.333333333333333, 4.974379406347223E-6, 1.7837837837837838, 
2.923076923076923, 4.3613396908138435E-6, 1.6216216216216217, 
2.9166666666666665, 4.974379406347223E-6, 1.7297297297297298, 
2.685897435897436, 4.72916352010201E-6, 1.7567567567567568, 
2.333333333333333, 4.974379406347223E-6, 1.7837837837837838, 
2.333333333333333, 4.974379406347223E-6, 1.7837837837837838, 
1.8269230769230766, 0.23774652275553496, 1.7297297297297298, 
3.423076923076923, 0.1886796646616706, 1.5675675675675675, 
3.4294871794871793, 4.3613396908138435E-6, 1.5675675675675675, 
