0.0, 1.0, 0.0, 
0.6237314817417704, 0.09995865846292093, 1.0, 
0.1312512298653473, 0.17562117602669464, 0.8240131578947368, 
0.9369184493857701, 0.016982093524840775, 1.0, 
0.46138925589632585, 0.12655259026258683, 0.9991776315789473, 
0.015770387653557472, 0.2659278891823978, 0.12417763157894737, 
0.0, 1.0, 0.0, 
0.5306271610491102, 0.10589475051541584, 0.9967105263157895, 
0.0, 1.0, 0.0, 
0.0, 1.0, 0.0, 
0.8869086104629915, 0.045357122647192494, 0.9983552631578947, 
0.023782081916059933, 0.20949478030116714, 0.13404605263157895, 
0.17892783852922162, 0.15828258162793438, 0.7039473684210527, 
0.04652404913839147, 0.19949676203105743, 0.33305921052631576, 
0.03584179012172153, 0.25457811495541394, 0.05016447368421053, 
0.01934051106176032, 0.25048739624873445, 0.07072368421052631, 
0.07261125010541702, 0.20439804783434057, 0.20641447368421054, 
0.028364208810052565, 0.20518215088423702, 0.17845394736842105, 
0.12492620807916115, 0.17715311452861027, 0.615953947368421, 
0.018553397239479383, 0.2522470127011285, 0.11348684210526316, 
0.04539960082084726, 0.2198621263574406, 0.1069078947368421, 
0.6684564135720912, 0.06342883839438314, 0.9967105263157895, 
0.8613836336547381, 0.02286200833449713, 1.0, 
0.08840974896691312, 0.17723662592935777, 0.5213815789473685, 
0.029685435583167004, 0.2763087653301818, 0.047697368421052634, 
0.03651645911224806, 0.33296181994347857, 0.02138157894736842, 
0.024906530233604136, 0.2278324003794859, 0.0756578947368421, 
0.03423945126922104, 0.2759370027470873, 0.046875, 
0.032384111545273105, 0.22249308207987128, 0.13157894736842105, 
0.04292581452225003, 0.21987169207362633, 0.10526315789473684, 
0.18244173952154724, 0.1472310380153315, 0.8248355263157895, 
0.9639895426306468, 0.0018165870521628805, 1.0, 
0.06516178000168667, 0.2017392695490187, 0.27713815789473684, 
0.9612346442526635, 0.005190963651346511, 1.0, 
0.028251763978298147, 0.22410655633447357, 0.1299342105263158, 
0.01934051106176032, 0.25048739624873445, 0.07072368421052631, 
0.033564782278694506, 0.2759430233108294, 0.046052631578947366, 
0.021758074944480357, 0.3251643459446531, 0.023848684210526317, 
0.07053102071796026, 0.19817661059193376, 0.3807565789473684, 
0.019762179180839404, 0.25047425371466586, 0.07319078947368421, 
0.033199336575492656, 0.22185171960236835, 0.1118421052631579, 
0.021252073201585467, 0.2504391869941551, 0.0756578947368421, 
0.0620133247125629, 0.2015443216161443, 0.31085526315789475, 
0.02212352064768223, 0.21745935488832757, 0.16200657894736842, 
0.025271975936806, 0.22710273538259326, 0.08223684210526316, 
0.831135973912799, 0.0479004404802692, 0.9991776315789473, 
0.07053102071796026, 0.19817661059193376, 0.3807565789473684, 
0.009248587411801082, 0.4236459421119691, 0.01069078947368421, 
0.04241981277935514, 0.2198815954397681, 0.0912828947368421, 
0.19363000028111205, 0.17404701544755466, 0.6570723684210527, 
0.03572934528996711, 0.2543007429166046, 0.05345394736842105, 
0.04033958339189835, 0.21989181339516553, 0.08963815789473684, 
0.25848255699547407, 0.15262965776639933, 0.7804276315789473, 
0.06516178000168667, 0.2017392695490187, 0.27713815789473684, 
0.02223596547943665, 0.330316830236025, 0.022203947368421052, 
0.022910634469963168, 0.23031133514648053, 0.07976973684210527, 
0.03792201950917831, 0.24769115071923153, 0.06085526315789474, 
0.0230511905096562, 0.20622024999494665, 0.1611842105263158, 
0.06142298934585219, 0.19718324614221922, 0.41036184210526316, 
0.022601411182638514, 0.2926998526865595, 0.028782894736842105, 
0.9439181401624827, 0.005516984818989851, 1.0, 
0.07053102071796026, 0.19817661059193376, 0.3807565789473684, 
0.2421499451831445, 0.15038889425692656, 0.8199013157894737, 
0.07053102071796026, 0.19817661059193376, 0.3807565789473684, 
0.03390211677395778, 0.2759388961338438, 0.046875, 
0.017934950664830064, 0.2873626779995098, 0.03125, 
0.04033958339189835, 0.21989181339516553, 0.08963815789473684, 
0.020970961122199424, 0.247431425279042, 0.07730263157894737, 
0.06139487813791359, 0.20239943682300282, 0.31085526315789475, 
0.02642453546228881, 0.4176731095451447, 0.01069078947368421, 
0.062238214376071736, 0.21853237512736504, 0.1225328947368421, 
0.020099513676102656, 0.43076452767839163, 0.007401315789473684, 
0.02102718353807663, 0.2504645523877944, 0.07483552631578948, 
0.16594046046158603, 0.15510374600023294, 0.7549342105263158, 
0.033564782278694506, 0.2759430233108294, 0.046052631578947366, 
0.02161751890478734, 0.25824097127881085, 0.05838815789473684, 
0.1741208219717201, 0.1582743210785512, 0.7047697368421053, 
0.031428330475360526, 0.22910268597968927, 0.07072368421052631, 
0.04033958339189835, 0.21989181339516553, 0.08963815789473684, 
0.04905405785286594, 0.348550220078985, 0.018092105263157895, 
0.016051499732943526, 0.26577466838216385, 0.10197368421052631, 
0.014449160880443034, 0.2900540709989339, 0.05180921052631579, 
0.024400528490709245, 0.3485460244082775, 0.018914473684210526, 
0.023219857757287833, 0.27301713465416944, 0.05263157894736842, 
0.0230511905096562, 0.22655662013718444, 0.125, 
0.060073651364799134, 0.3105058403276756, 0.027138157894736843, 
0.058302645264667025, 0.3201553986803112, 0.027138157894736843, 
0.056559750372473495, 0.3209940574960402, 0.027960526315789474, 
0.018918842942681247, 0.2832798002751428, 0.046875, 
0.04067691788716161, 0.28412380573146007, 0.038651315789473686, 
0.021926742192111996, 0.2379038797152602, 0.10444078947368421, 
0.020661737834874766, 0.3742024995006437, 0.017269736842105265, 
0.1536839738003542, 0.16684707345120497, 0.6710526315789473, 
0.027858207067157675, 0.2790815663879666, 0.039473684210526314, 
0.04298203693812723, 0.26891959238950996, 0.047697368421052634, 
0.05900542546313215, 0.3201508925506226, 0.027960526315789474, 
0.1377449188991651, 0.17604259414888965, 0.6891447368421053, 
0.058302645264667025, 0.3201553986803112, 0.027138157894736843, 
0.006409355410001971, 0.45865115078589425, 0.009868421052631578, 
0.04067691788716161, 0.28412380573146007, 0.038651315789473686, 
0.021814297360357577, 0.3740413499497602, 0.017269736842105265, 
0.01880639811092683, 0.24210388136000444, 0.09703947368421052, 
0.058302645264667025, 0.32015223420151834, 0.027960526315789474, 
0.019621623141146374, 0.24834598133412455, 0.08223684210526316, 
0.016220166980575153, 0.2925086732851517, 0.03700657894736842, 
0.8092935653445028, 0.08157504398982617, 0.993421052631579, 
0.0, 1.0, 0.0, 
0.8676805442329857, 0.058422609539167385, 0.993421052631579, 
0.7040452028223652, 0.09802977371635797, 0.993421052631579, 
6.465577825879189E-4, 0.48496551909183727, 0.0, 
0.2816180811289461, 0.1289290470632606, 0.8717105263157895, 
0.07612515109774266, 0.18329678764750293, 0.4597039473684211, 
0.8361678801338093, 0.05175950515870051, 0.9983552631578947, 
0.48278188513760434, 0.12553885942836804, 0.990953947368421, 
0.021982964607989205, 0.2296378942022063, 0.15789473684210525, 
0.01169426250245973, 0.3265044046194111, 0.060032894736842105, 
0.7577938324009782, 0.0232831545469416, 1.0, 
0.04244792398729374, 0.2016051908510325, 0.32730263157894735, 
0.6645208444606864, 0.12188326034179384, 0.9835526315789473, 
0.01692294717904028, 0.386839099357023, 0.012335526315789474, 
0.6333455148567734, 0.06659531348669089, 1.0, 
0.7346301970595676, 0.06114578396977453, 0.9991776315789473, 
0.012959266859696958, 0.3568078854978623, 0.018914473684210526, 
0.021982964607989205, 0.2296315655888101, 0.15953947368421054, 
0.8642790880724144, 0.02340352451903685, 0.9991776315789473, 
0.03929946869816995, 0.202749697884432, 0.25164473684210525, 
0.2816180811289461, 0.1289290470632606, 0.8717105263157895, 
0.8749894582970229, 0.01709208480501517, 0.9991776315789473, 
0.3090827312849633, 0.14411649217834202, 0.8651315789473685, 
0.022151631855620833, 0.2296343504265209, 0.15871710526315788, 
0.7247069406572401, 0.04012938888121454, 1.0, 
0.4988614960784865, 0.11250784139964225, 0.9975328947368421, 
0.973013240378939, 0.0013488682064855938, 1.0, 
0.6296629466168161, 0.08856338581831366, 0.9975328947368421, 
0.31003851235487584, 0.14409817888454907, 0.865953947368421, 
0.7051134287240322, 0.05145214698144069, 1.0, 
0.018412841199786357, 0.38167422906023013, 0.013980263157894737, 
0.7594242824614172, 0.061502870654321105, 0.9983552631578947, 
0.022657633598515723, 0.22963376736941027, 0.15871710526315788, 
0.01692294717904028, 0.386839099357023, 0.012335526315789474, 
0.6542883647710341, 0.07652219431483955, 0.9983552631578947, 
0.06901301548927556, 0.18883389585316931, 0.3824013157894737, 
0.7697973181907626, 0.05465415207340372, 0.9991776315789473, 
0.7373288730216737, 0.039836543800841846, 1.0, 
0.01875017569504962, 0.35657911027107425, 0.022203947368421052, 
0.0, 1.0, 0.0, 
1.0, 0.0, 1.0, 
