0.3585463071512309, 0.1281929503144326, 0.9537037037037037, 
0.35409144196951936, 0.10337685535192505, 0.955026455026455, 
0.34930832356389213, 0.1406038834502938, 0.9523809523809523, 
0.34762016412661195, 0.14064237006564648, 0.951058201058201, 
0.36332942555685815, 0.09125903201476669, 0.9603174603174603, 
0.3705978898007034, 0.09556608372565013, 0.9576719576719577, 
0.3570926143024619, 0.1405232074256915, 0.9523809523809523, 
0.3328956623681125, 0.12089847438899652, 0.958994708994709, 
0.35320046893317697, 0.14054555042068306, 0.951058201058201, 
0.3336928487690504, 0.12298157310451908, 0.9576719576719577, 
0.3690973036342321, 0.11654090815391861, 0.951058201058201, 
0.36994138335287224, 0.09562570712283099, 0.9537037037037037, 
0.34888628370457214, 0.14061629622528907, 0.9523809523809523, 
0.340820633059789, 0.1283599687603582, 0.955026455026455, 
0.33875732708089096, 0.10337685535192505, 0.9642857142857143, 
0.3468698710433763, 0.10337685535192505, 0.9576719576719577, 
0.3505275498241501, 0.103306109547319, 0.9563492063492064, 
0.34386869871043374, 0.14084220873020373, 0.9523809523809523, 
0.337116060961313, 0.10894048495554502, 0.9576719576719577, 
0.3495896834701055, 0.12463911476673464, 0.955026455026455, 
0.3297069167643611, 0.157637465275283, 0.9603174603174603, 
0.35685814771395075, 0.09562570712283099, 0.955026455026455, 
0.3409144196951934, 0.12048494131732565, 0.9563492063492064, 
0.36994138335287224, 0.09562570712283099, 0.9537037037037037, 
0.36994138335287224, 0.09562570712283099, 0.9537037037037037, 
0.34466588511137164, 0.12810944109146982, 0.955026455026455, 
0.32361078546307154, 0.20752711494818502, 0.9576719576719577, 
0.35320046893317697, 0.1283599687603582, 0.9537037037037037, 
0.36215709261430246, 0.13850271734467182, 0.9523809523809523, 
0.3423681125439625, 0.17776020950434798, 0.9484126984126984, 
0.35334114888628365, 0.19180186148784725, 0.9457671957671958, 
0.36862837045720986, 0.13751584815423903, 0.9523809523809523, 
0.3384290738569754, 0.13685500996642883, 0.955026455026455, 
0.333599062133646, 0.14623872619599193, 0.9537037037037037, 
0.3349589683470106, 0.20082775430197716, 0.9457671957671958, 
0.37373974208675265, 0.16363165463117643, 0.9457671957671958, 
0.3549824150058617, 0.19048375999142547, 0.9457671957671958, 
0.33500586166471275, 0.16363165463117643, 0.9497354497354498, 
0.35526377491207506, 0.14956348615514028, 0.9470899470899471, 
0.3523094958968347, 0.16671342042392845, 0.9470899470899471, 
0.37608440797186404, 0.14021229896996149, 0.9497354497354498, 
0.34602579132473626, 0.16363165463117643, 0.9484126984126984, 
0.3337866354044549, 0.17444741125257474, 0.9497354497354498, 
0.35043376318874564, 0.17449664158052225, 0.9470899470899471, 
0.3335521688159437, 0.1851934083590141, 0.9497354497354498, 
0.32600234466588507, 0.16345880147971634, 0.951058201058201, 
0.3679249706916764, 0.17112689828582028, 0.9457671957671958, 
0.33439624853458383, 0.165718702432493, 0.9497354497354498, 
0.33139507620164127, 0.22200131946030954, 0.9484126984126984, 
0.3844783118405627, 0.14015431658371222, 0.9470899470899471, 
0.3557327080890973, 0.22930898462540056, 0.9444444444444444, 
0.38658851113716297, 0.13998180566017288, 0.9497354497354498, 
0.3276905041031653, 0.16196556175917654, 0.966931216931217, 
0.32323563892145374, 0.19919211186051494, 0.9656084656084656, 
0.30935521688159434, 0.39291367281847867, 0.9695767195767195, 
0.31568581477139507, 0.21379183491442147, 0.966931216931217, 
0.3249706916764361, 0.16027359701739544, 0.9695767195767195, 
0.3325205158264947, 0.1509597670954308, 0.9642857142857143, 
0.31479484173505273, 0.22285161783020752, 0.9708994708994709, 
0.31540445486518176, 0.18827708501782872, 0.9695767195767195, 
0.32590855803048063, 0.16027359701739544, 0.9682539682539683, 
0.3298007033997655, 0.1551610496207079, 0.966931216931217, 
0.31821805392731534, 0.21360038363907005, 0.9656084656084656, 
0.31540445486518176, 0.18827708501782872, 0.9695767195767195, 
0.3225791324736225, 0.1973453983853121, 0.9682539682539683, 
0.3782883939038687, 0.5869522445487203, 0.9391534391534392, 
0.3823212192262603, 0.2374799718963778, 0.9391534391534392, 
0.40830011723329424, 0.12420001053702936, 0.9444444444444444, 
0.36708089097303637, 0.39030951975093037, 0.9417989417989417, 
0.36862837045720986, 0.22583445450753364, 0.9404761904761905, 
0.39531066822977723, 0.1381395417089695, 0.9417989417989417, 
0.3952168815943728, 0.1350003747564041, 0.9470899470899471, 
0.4403282532239156, 0.37321403674948433, 0.9298941798941799, 
0.38780773739742086, 0.1433337368331426, 0.9431216931216931, 
0.43854630715123094, 0.4072771694033795, 0.9298941798941799, 
0.3767878077373974, 0.1950519910749741, 0.9431216931216931, 
0.39169988276670575, 0.19306837633293258, 0.9338624338624338, 
0.38949589683470104, 0.13942866716005983, 0.9470899470899471, 
0.3967643610785463, 0.12441201792880238, 0.9444444444444444, 
0.4601172332942556, 0.16332904099480489, 0.9325396825396826, 
0.3709730363423212, 0.20781763896248312, 0.9417989417989417, 
0.39681125439624854, 0.2808799753877758, 0.9312169312169312, 
0.3969519343493552, 0.14332552897333778, 0.9338624338624338, 
0.3854161781946073, 0.25880861286825946, 0.9325396825396826, 
0.41547479484173505, 0.5192522886346335, 0.9298941798941799, 
0.39207502930832355, 0.2486550549309138, 0.9325396825396826, 
0.38025791324736224, 0.31383268110713347, 0.9325396825396826, 
0.4376553341148886, 0.23447174695659456, 0.9312169312169312, 
0.3937162954279015, 0.2072833280472771, 0.9325396825396826, 
0.4241500586166471, 0.2372580628971068, 0.9312169312169312, 
0.3834466588511137, 0.2707961455477439, 0.9338624338624338, 
0.38016412661195775, 0.27637972423399815, 0.9338624338624338, 
0.40792497069167644, 0.20719289011149208, 0.9325396825396826, 
0.40450175849941383, 0.12441201792880238, 0.9431216931216931, 
0.41439624853458384, 0.24133538205403862, 0.9312169312169312, 
0.4403282532239156, 0.37321403674948433, 0.9298941798941799, 
0.4403282532239156, 0.37321403674948433, 0.9298941798941799, 
0.3846658851113716, 0.20808111575045252, 0.9338624338624338, 
0.3784759671746776, 0.14109812228112398, 0.9444444444444444, 
0.45533411488862835, 0.28585653992271703, 0.9298941798941799, 
0.3943728018757327, 0.09122061945529195, 0.9775132275132276, 
0.37955451348182884, 0.06898533929922399, 0.9828042328042328, 
0.3837280187573271, 0.08754015677176047, 0.9814814814814815, 
0.3320046893317702, 0.11435158581899325, 0.9761904761904762, 
0.3948886283704572, 0.07220475028377032, 0.9814814814814815, 
0.3883235638921454, 0.07268207912810863, 0.9814814814814815, 
0.36900351699882766, 0.07957238444013923, 0.996031746031746, 
0.401031652989449, 0.08741346175137217, 0.9788359788359788, 
0.31540445486518176, 0.16414429859179178, 0.9814814814814815, 
0.36286049237983586, 0.08776351659300377, 0.9828042328042328, 
0.3932942555685815, 0.07689670629817841, 0.9801587301587301, 
0.3152168815943728, 0.20223317216672304, 0.9814814814814815, 
0.413411488862837, 0.08959924455194973, 0.9775132275132276, 
0.321641266119578, 0.15568696473126736, 0.9814814814814815, 
0.3229542790152404, 0.11641785982448939, 0.9801587301587301, 
0.3293317702227433, 0.13908686225543643, 0.9748677248677249, 
0.3264712778429074, 0.11614435800255883, 0.9801587301587301, 
0.3636107854630715, 0.08329625116152435, 0.9841269841269841, 
0.32281359906213364, 0.13617151516820455, 0.9761904761904762, 
0.33542790152403285, 0.1126853313705324, 0.9761904761904762, 
0.3335521688159437, 0.11122833134268514, 0.9788359788359788, 
0.36975381008206326, 0.08754015677176047, 0.9828042328042328, 
0.31230949589683465, 0.2112297147289262, 0.9814814814814815, 
0.3190621336459555, 0.16414429859179178, 0.9801587301587301, 
0.3325205158264947, 0.11234801245681804, 0.9775132275132276, 
