0.0, 1.0, 0.0, 
0.744039902441168, 0.05274304056540235, 1.0, 
0.8667794599107909, 0.022483020609575747, 1.0, 
0.7944452989387181, 0.04218687227758262, 1.0, 
0.9413768100019775, 0.022153938268932884, 1.0, 
0.7634637779877391, 0.04570082945109804, 1.0, 
0.8250093384017051, 0.025515632429767825, 1.0, 
0.0, 1.0, 0.0, 
1.0, 0.0, 1.0, 
0.223352596075674, 0.14577860090052058, 0.7592592592592593, 
0.018676803410164575, 0.29954052003793524, 0.06018518518518518, 
0.02746588736788908, 0.23292643461705845, 0.32605820105820105, 
0.0360791896464591, 0.21497393533206272, 0.23809523809523808, 
0.01768803146492056, 0.26401369714329476, 0.09986772486772487, 
0.06692887433807211, 0.201639053309452, 0.35648148148148145, 
5.493177473577816E-4, 0.49222964559096877, 0.0, 
0.04385752894904529, 0.20257832849519522, 0.42592592592592593, 
0.0460328272285821, 0.2331171548548908, 0.15608465608465608, 
0.0522950495484608, 0.27996263580906006, 0.05489417989417989, 
0.08178242622662653, 0.18641228397072215, 0.626984126984127, 
0.08312276153017951, 0.19294409952857103, 0.44907407407407407, 
0.040671486014370144, 0.30647091400729487, 0.03902116402116402, 
0.042736920744435414, 0.36784828720689094, 0.023809523809523808, 
0.09769066819010787, 0.18295900261548514, 0.541005291005291, 
0.2141680033398519, 0.14096130603019374, 0.792989417989418, 
0.04005625013732943, 0.22510009810665008, 0.2175925925925926, 
0.7125310364527256, 0.07165147437629339, 0.9993386243386243, 
0.10817165080969436, 0.18471551897879018, 0.4537037037037037, 
0.05627211003933115, 0.20331199902931787, 0.3392857142857143, 
0.03807870624684142, 0.4206952730851929, 0.01521164021164021, 
0.022565973061457675, 0.2964745605936555, 0.04894179894179894, 
0.44321153127815255, 0.12837244710533566, 0.9993386243386243, 
0.02935554041879985, 0.2239293375566352, 0.3187830687830688, 
0.046845817494671614, 0.22617628206643517, 0.21626984126984128, 
0.03240974709410912, 0.22565371316391872, 0.27380952380952384, 
0.06077651556766495, 0.1974485343180391, 0.36044973544973546, 
0.0405835951747929, 0.22509539956578484, 0.21825396825396826, 
0.21034475181824175, 0.14504233185782905, 0.7777777777777778, 
0.0310254663707675, 0.23298682830653747, 0.16666666666666666, 
0.03388191865702797, 0.22349353013042475, 0.35185185185185186, 
0.048845334095053934, 0.20834066538086937, 0.2791005291005291, 
0.05723890927468084, 0.19317027794779967, 0.45965608465608465, 
0.025400452637823825, 0.29140278320738877, 0.05357142857142857, 
0.10718287886445035, 0.1584184567254886, 0.6474867724867724, 
0.023093318098921133, 0.25860815437067675, 0.09656084656084656, 
0.023532772296807367, 0.3519026688901149, 0.027116402116402115, 
0.7815473182307574, 0.047441712662941005, 0.9993386243386243, 
0.030586012172881285, 0.438083047870176, 0.013227513227513227, 
0.028718331831864823, 0.2344563094605978, 0.2718253968253968, 
0.021796928215156778, 0.23669793094547503, 0.19378306878306878, 
0.018347212761749908, 0.26148653178493003, 0.09788359788359788, 
0.08666036782316362, 0.17797978160182767, 0.5509259259259259, 
0.21871635428797434, 0.144725477242477, 0.7771164021164021, 
0.05003186042934676, 0.20404275910520434, 0.3439153439153439, 
0.03423348201533695, 0.2873417084174727, 0.051587301587301584, 
0.08622091362527741, 0.19326349008714164, 0.4417989417989418, 
0.7640350684449914, 0.059902950552305385, 0.9993386243386243, 
0.04005625013732943, 0.22510009810665008, 0.2175925925925926, 
0.02605963393465316, 0.23610399515117134, 0.11970899470899471, 
0.019731493485091508, 0.29540813712088343, 0.06084656084656084, 
0.02641119729296215, 0.3104447756224644, 0.03373015873015873, 
0.8466964030673902, 0.025368253607473443, 1.0, 
0.03269539232273517, 0.2694001875972913, 0.07208994708994709, 
0.43490584693810286, 0.12914346330637674, 0.9920634920634921, 
0.0719825976137637, 0.18858468537394052, 0.5562169312169312, 
5.493177473577816E-4, 0.49222964559096877, 0.0, 
0.052185185998989254, 0.19817512941270685, 0.458994708994709, 
0.048713497835688076, 0.28344635930029327, 0.056878306878306875, 
0.04598888180879348, 0.20314398065808917, 0.416005291005291, 
5.493177473577816E-4, 0.49222964559096877, 0.0, 
0.01900639405857924, 0.24061618658227316, 0.0992063492063492, 
0.6220254443980575, 0.1376042832206092, 0.9854497354497355, 
0.03166267495770252, 0.2276672029627189, 0.2156084656084656, 
0.04493419173386654, 0.34028677454562295, 0.02513227513227513, 
0.02113774691832743, 0.28688290968682295, 0.05423280423280423, 
0.06123794247544549, 0.22854640839546989, 0.17394179894179895, 
0.027861396145986685, 0.23482060527610318, 0.19047619047619047, 
0.050713014436070396, 0.2704089644087699, 0.06547619047619048, 
0.49102414800817384, 0.08299311409233362, 0.9947089947089947, 
0.22557183977499945, 0.15804896944771304, 0.7255291005291006, 
0.04111094021225638, 0.2388698479057705, 0.09325396825396826, 
0.04464854650524049, 0.2861619475202151, 0.05291005291005291, 
0.029860912746369015, 0.2388643257827002, 0.09457671957671958, 
0.028960031640702245, 0.23001558023111598, 0.210978835978836, 
0.03744149765990639, 0.2307749794499356, 0.207010582010582, 
0.4993298323482235, 0.09699468839500786, 0.9933862433862434, 
0.25330139966162024, 0.17552782681123524, 0.6468253968253969, 
0.037880951857792625, 0.371276938864122, 0.01984126984126984, 
0.022675836610929225, 0.3040562440724392, 0.04563492063492063, 
0.025224670958669326, 0.4098385636585777, 0.017195767195767195, 
0.0245874623717343, 0.25301127944771123, 0.08068783068783068, 
0.04365977455999648, 0.33353349285039885, 0.02976190476190476, 
0.06082046098745358, 0.22826256548089932, 0.18584656084656084, 
0.03434334556480851, 0.24226825915640604, 0.08333333333333333, 
0.026477115422645067, 0.2876520407412335, 0.052248677248677246, 
0.004108896750236209, 0.4419555302288939, 0.006613756613756613, 
0.02803717782514117, 0.24430599039720632, 0.09126984126984126, 
0.22557183977499945, 0.15804896944771304, 0.7255291005291006, 
0.49715453406868665, 0.09703885631636537, 0.9933862433862434, 
0.027861396145986685, 0.23482060527610318, 0.19047619047619047, 
0.023796444815539095, 0.27296407396690076, 0.07539682539682539, 
0.035573817318889936, 0.25973977737044535, 0.07208994708994709, 
0.0569532640460548, 0.3333735711371704, 0.031746031746031744, 
0.027136296719474415, 0.3512644613861388, 0.02976190476190476, 
0.024565489661839992, 0.2453178212163931, 0.09259259259259259, 
0.02687262420074267, 0.24432002871695785, 0.09126984126984126, 
0.03443123640438576, 0.340290058349431, 0.02447089947089947, 
0.04526378238228121, 0.23094847082751097, 0.20436507936507936, 
0.02245610951198611, 0.2694336477805373, 0.07605820105820106, 
0.0581178176704533, 0.29645251741739903, 0.047619047619047616, 
0.0011645536243984995, 0.47771183727367983, 0.0033068783068783067, 
0.0, 1.0, 0.0, 
0.4323789853002571, 0.13524403753914355, 0.9880952380952381, 
0.0, 1.0, 0.0, 
0.47353387093230204, 0.13905690155094816, 0.9854497354497355, 
0.0, 1.0, 0.0, 
0.35703456307266374, 0.1311591993181984, 0.9887566137566137, 
0.6373184504844983, 0.13307647851862392, 0.9874338624338624, 
0.4820153369515062, 0.11028911987209963, 0.9940476190476191, 
0.5502845465931313, 0.12692600110993213, 0.9914021164021164, 
