0.4015073278987497, 0.09685254868990004, 0.9900793650793651, 
0.42207378435982507, 0.10398217821668883, 0.9761904761904762, 
0.4249741820658742, 0.10282539108218354, 0.9761904761904762, 
0.37641449319944625, 0.11512299836096294, 0.9788359788359788, 
0.3762606842301861, 0.12018037753053305, 0.9794973544973545, 
0.3576497989497045, 0.1488086294149392, 0.9781746031746031, 
0.3585946254751598, 0.1487698850908433, 0.9781746031746031, 
0.36276944035507896, 0.16365501253339357, 0.9761904761904762, 
0.36694425523499813, 0.13021525628954214, 0.9794973544973545, 
0.3732504229746655, 0.12124053335853692, 0.9781746031746031, 
0.3747445672474786, 0.14972245570589326, 0.9761904761904762, 
0.3695590077124212, 0.13094523166729644, 0.9768518518518519, 
0.37373382259234034, 0.1203970761297408, 0.9775132275132276, 
0.3811825712465118, 0.11170849729028022, 0.9794973544973545, 
0.364746984245567, 0.15139540727298817, 0.9775132275132276, 
0.3772494561754301, 0.09898703022831191, 0.9854497354497355, 
0.35595790028784247, 0.17922803781670918, 0.9768518518518519, 
0.368416426797917, 0.12462352751282206, 0.9775132275132276, 
0.3619125046692009, 0.175300543850448, 0.9755291005291006, 
0.3732504229746655, 0.12124053335853692, 0.9781746031746031, 
0.3732504229746655, 0.12124053335853692, 0.9781746031746031, 
0.36349453978159124, 0.1340092778982465, 0.9788359788359788, 
0.3732504229746655, 0.12124053335853692, 0.9781746031746031, 
0.3527718573531674, 0.2020417858848077, 0.9761904761904762, 
0.3792709454857068, 0.1121800482426623, 0.9768518518518519, 
0.3732504229746655, 0.12124053335853692, 0.9781746031746031, 
0.3469490892311749, 0.16305616448200458, 0.9794973544973545, 
0.3522225396058096, 0.20206386969930576, 0.9761904761904762, 
0.35079431346267936, 0.2256001738886383, 0.9761904761904762, 
0.3573202083012898, 0.16885903085078918, 0.9768518518518519, 
0.3650106567642987, 0.14302832516398503, 0.9781746031746031, 
0.3732504229746655, 0.12124053335853692, 0.9781746031746031, 
0.3732504229746655, 0.12124053335853692, 0.9781746031746031, 
0.3953989145481312, 0.11170849729028022, 0.9788359788359788, 
0.3607040056250137, 0.14135018710476457, 0.9788359788359788, 
0.40772560479883985, 0.10808575125172062, 0.9742063492063492, 
0.37083342488629123, 0.15882294814732842, 0.9755291005291006, 
0.3967392498516842, 0.12394231656314446, 0.9742063492063492, 
0.36630704664806313, 0.17346700720199426, 0.9742063492063492, 
0.36481290237524994, 0.1447374327792577, 0.9768518518518519, 
0.40561622464898595, 0.11012061091835759, 0.9821428571428571, 
0.42126079409373557, 0.10577390454651897, 0.9814814814814815, 
0.4046933708334249, 0.10617787351844736, 0.9847883597883598, 
0.40561622464898595, 0.11012061091835759, 0.9821428571428571, 
0.40561622464898595, 0.11012061091835759, 0.9821428571428571, 
0.4151963261629057, 0.10734694363455752, 0.9841269841269841, 
0.36736173672299005, 0.16147084007346954, 0.9742063492063492, 
0.39155369031662673, 0.09653987922870678, 0.9914021164021164, 
0.4018149458372701, 0.15004792124303637, 0.9702380952380952, 
0.36525235657313615, 0.1542038702471385, 0.9761904761904762, 
0.37232756915910437, 0.15096004979104946, 0.9761904761904762, 
0.36490079321482716, 0.16645970550664432, 0.9755291005291006, 
0.3690975808046406, 0.20499240464394564, 0.9735449735449735, 
0.3536947111687284, 0.1806356099718944, 0.9755291005291006, 
0.3591439432225176, 0.17748811881292878, 0.9761904761904762, 
0.41948100459229637, 0.1014062133468734, 0.9847883597883598, 
0.357122453912241, 0.1294597785148533, 0.9828042328042328, 
0.3319417283733603, 0.1390012338843107, 0.9874338624338624, 
0.3445980092724836, 0.23155523398043973, 0.9828042328042328, 
0.35958339742040385, 0.11116384866632603, 0.9834656084656085, 
0.35652919074509454, 0.12331099066298189, 0.9834656084656085, 
0.33936850431763743, 0.1097680344115812, 0.9854497354497355, 
0.3379402781745073, 0.1659363013274648, 0.9867724867724867, 
0.37065764320713673, 0.10584840584541322, 0.9867724867724867, 
0.3678011909208762, 0.12867329990143705, 0.9828042328042328, 
0.3356990617652875, 0.2693227951360166, 0.9867724867724867, 
0.34029135813319855, 0.10926305835932712, 0.9841269841269841, 
0.3560677638373141, 0.10899263542004105, 0.9867724867724867, 
0.3699105710707301, 0.10899263542004105, 0.9854497354497355, 
0.3436312100371338, 0.12428801117374591, 0.9834656084656085, 
0.3928281074904968, 0.16772876528523367, 0.96494708994709, 
0.3983212849640746, 0.17482856838924027, 0.9642857142857143, 
0.39487156951066776, 0.136396129641121, 0.9722222222222222, 
0.40985695765858804, 0.20873756417584896, 0.9616402116402116, 
0.40484717980268503, 0.16407763124222663, 0.9636243386243386, 
0.4338291841532816, 0.1782930922116811, 0.9609788359788359, 
0.38537935883632524, 0.18049166581191628, 0.96494708994709, 
0.4053964975500428, 0.13753344579540816, 0.9715608465608465, 
0.3941904155039441, 0.23530838404313695, 0.9623015873015873, 
0.4412559600975588, 0.12841607503509478, 0.9642857142857143, 
0.43123640438575284, 0.14471821907711574, 0.96494708994709, 
0.43134626793522446, 0.1432784491554262, 0.96494708994709, 
0.40036474698424557, 0.21585116206251911, 0.9636243386243386, 
0.4637999604491222, 0.1718617440349209, 0.9616402116402116, 
0.4405967788007295, 0.1757804279812435, 0.9616402116402116, 
0.41073586605436047, 0.18734223458037455, 0.9629629629629629, 
0.3941904155039441, 0.23530838404313695, 0.9623015873015873, 
0.37498626705631605, 0.21643864485489528, 0.966931216931217, 
0.3928061347806025, 0.16523813633729337, 0.9656084656084656, 
0.404561534574059, 0.16826937435103123, 0.9642857142857143, 
0.431807694843005, 0.12429051144886753, 0.96494708994709, 
0.3788314912878205, 0.1887853958948857, 0.966931216931217, 
0.41778910593043433, 0.16278748313987698, 0.9636243386243386, 
0.4199863769198655, 0.19322276326005233, 0.9623015873015873, 
0.4227109929467601, 0.15554840956603427, 0.9629629629629629, 
0.39267429852123664, 0.23497840853826388, 0.9629629629629629, 
0.4210630397046868, 0.13898463710950898, 0.9656084656084656, 
0.38524752257695943, 0.22518189791678572, 0.9656084656084656, 
0.3958163960361231, 0.14746319985542775, 0.9715608465608465, 
0.41640482520709277, 0.16171919410869154, 0.96494708994709, 
0.4416734415855507, 0.12832148879693714, 0.9642857142857143, 
0.4175913515413856, 0.14993954256110678, 0.9656084656084656, 
0.43002790534156576, 0.2651864898977496, 0.9609788359788359, 
0.3708114521763969, 0.25524427539272493, 0.966931216931217, 
0.37507415789589327, 0.14266345456586865, 0.9755291005291006, 
0.3992001933598471, 0.14893678430244084, 0.9708994708994709, 
0.43503768319746877, 0.11181445814301715, 0.9708994708994709, 
0.39974951110720486, 0.14048366343463647, 0.9715608465608465, 
0.3956625870668629, 0.15308863498373484, 0.9662698412698413, 
0.42064555821669486, 0.15254724209688947, 0.9642857142857143, 
0.4207334490562721, 0.11847846814652434, 0.9702380952380952, 
0.4051108523214168, 0.11194552261167062, 0.9775132275132276, 
0.38006196304190193, 0.271775641044309, 0.96494708994709, 
0.4193711410428248, 0.14881497161187715, 0.9656084656084656, 
0.4051108523214168, 0.11194552261167062, 0.9775132275132276, 
0.4051108523214168, 0.11194552261167062, 0.9775132275132276, 
0.4133506185317835, 0.13786796927499964, 0.9662698412698413, 
0.38698336665861, 0.17765233765475144, 0.9662698412698413, 
0.4149326536441739, 0.1544256319619398, 0.9656084656084656, 
0.38553316780558544, 0.16963097179109707, 0.966931216931217, 
0.407593768539474, 0.1396297560381664, 0.9662698412698413, 
0.3861923491024148, 0.1493308097690884, 0.9715608465608465, 
0.414866735514491, 0.1266068587662327, 0.966931216931217, 
0.38452242315044716, 0.25730459857222354, 0.9662698412698413, 
0.4023862362945222, 0.14378460020834843, 0.966931216931217, 
0.3954648326778141, 0.15900013965141682, 0.9656084656084656, 
0.4051108523214168, 0.11194552261167062, 0.9775132275132276, 
0.4207334490562721, 0.11847846814652434, 0.9702380952380952, 
0.37775482850299924, 0.151998372943041, 0.9715608465608465, 
0.3752938849948364, 0.16091710836398232, 0.9735449735449735, 
0.387334930016919, 0.16761605263716714, 0.9662698412698413, 
0.41091164773351496, 0.12229022176954134, 0.9675925925925926, 
0.38445650502076417, 0.1587951872581915, 0.9708994708994709, 
0.40845070422535207, 0.12706407640616005, 0.9728835978835979, 
0.37808441915141394, 0.1291017713941405, 0.9728835978835979, 
0.37206389664037265, 0.16758307426559096, 0.9735449735449735, 
0.38410494166245523, 0.17753270656532869, 0.966931216931217, 
0.3963657137834809, 0.10833654124254523, 0.9841269841269841, 
0.3971567313396761, 0.10738978160367833, 0.9841269841269841, 
0.4061655423963437, 0.08583544012380828, 0.9920634920634921, 
0.40166113686800997, 0.08598746807788285, 0.9920634920634921, 
0.4140757179582958, 0.08556336592705177, 0.9920634920634921, 
0.39559666893718, 0.09751523971115687, 0.9880952380952381, 
0.39414647008415543, 0.09099491278885279, 0.9933862433862434, 
0.4161191799784667, 0.08548489640619474, 0.9867724867724867, 
0.38515963173738216, 0.10836386417422984, 0.9834656084656085, 
0.4088242402935554, 0.08889061698544531, 0.9914021164021164, 
0.4070005053723275, 0.09751523971115687, 0.9861111111111112, 
