0.03176895306859205, 0.6224807558514871, 0.2028985507246377, 
0.016606498194945845, 0.6260769000880276, 0.14492753623188406, 
0.016606498194945845, 0.6365202060917677, 0.043478260869565216, 
0.09458483754512635, 0.46764819450082906, 0.036231884057971016, 
0.031046931407942246, 0.6281430087910032, 0.10144927536231885, 
0.02888086642599277, 0.6284466752636471, 0.10144927536231885, 
0.03176895306859205, 0.6225564335210702, 0.1956521739130435, 
0.0859205776173285, 0.46795297606683617, 0.043478260869565216, 
0.08664259927797835, 0.22155915348866148, 0.10869565217391304, 
0.03393501805054153, 0.6301354363725125, 0.06521739130434782, 
0.061371841155234655, 0.6233050859652556, 0.007246376811594203, 
0.09891696750902527, 0.4641436153593131, 0.050724637681159424, 
0.020938628158844765, 0.6317193893251731, 0.043478260869565216, 
0.08664259927797835, 0.7667480306044064, 0.0, 
0.08664259927797835, 0.7667480306044064, 0.0, 
0.03393501805054153, 0.6241919993665421, 0.18115942028985507, 
0.07725631768953066, 0.4707733020608763, 0.036231884057971016, 
0.043321299638989175, 0.5770423898706448, 0.028985507246376812, 
0.08880866425992778, 0.2204324737744113, 0.09420289855072464, 
0.052707581227436816, 0.39769265306082136, 0.07246376811594203, 
0.025270758122743688, 0.6340028350346064, 0.014492753623188406, 
0.0707581227436823, 0.4831644531514711, 0.014492753623188406, 
0.03393501805054153, 0.6333622616871583, 0.036231884057971016, 
0.08158844765342958, 0.4642600098665585, 0.050724637681159424, 
0.08158844765342958, 0.4681780231474055, 0.021739130434782608, 
0.031046931407942246, 0.6281430087910032, 0.10144927536231885, 
0.061371841155234655, 0.6233050859652556, 0.007246376811594203, 
0.0859205776173285, 0.22420963483357959, 0.14492753623188406, 
0.0, 1.0, 0.0, 
0.2187725631768953, 0.05997084678671353, 0.6956521739130435, 
0.06714801444043322, 0.6218553159139679, 0.007246376811594203, 
0.7999999999999999, 1.8332134891166864E-4, 1.0072463768115942, 
0.04981949458483754, 0.2551573413196391, 0.13043478260869565, 
0.07509025270758123, 0.23283241817267017, 0.10144927536231885, 
0.01877256317689529, 0.6542591219336433, 0.028985507246376812, 
0.2685920577617328, 0.05968235620374596, 0.7101449275362319, 
0.045487364620938615, 0.2623591452560865, 0.09420289855072464, 
0.4281588447653429, 0.00607610125638208, 0.7753623188405797, 
0.08375451263537906, 0.22909565535306037, 0.10869565217391304, 
0.05126353790613718, 0.7684556527210152, 0.0, 
0.07292418772563175, 0.23319382524165486, 0.10869565217391304, 
0.18411552346570395, 0.36084974532170283, 0.050724637681159424, 
0.051985559566787014, 0.2581879633020438, 0.10869565217391304, 
0.03465703971119133, 0.7984976909974127, 0.0, 
0.38916967509025263, 0.006709283127822875, 0.782608695652174, 
0.26498194945848375, 0.059205669720879074, 0.8115942028985508, 
0.036823104693140776, 0.26285212272199304, 0.11594202898550725, 
0.08375451263537906, 0.2263312327062958, 0.11594202898550725, 
0.01877256317689529, 0.6542591219336433, 0.028985507246376812, 
0.05126353790613718, 0.6218553159139679, 0.014492753623188406, 
0.4245487364620939, 0.00607610125638208, 0.7898550724637681, 
0.08375451263537906, 0.22909565535306037, 0.10869565217391304, 
0.2815884476534296, 0.05930453071248023, 0.8043478260869565, 
0.4418772563176894, 0.00607610125638208, 0.7536231884057971, 
0.03465703971119133, 0.28616962764133363, 0.10869565217391304, 
0.44259927797833937, 0.023209893099822413, 0.6376811594202898, 
0.016606498194945845, 0.6310722422368501, 0.13043478260869565, 
0.018050541516245487, 0.6341928575636342, 0.036231884057971016, 
0.03898916967509025, 0.5621594086708748, 0.043478260869565216, 
0.13212996389891696, 0.360959863446304, 0.036231884057971016, 
0.036823104693140776, 0.562034688133184, 0.07971014492753623, 
0.03465703971119133, 0.2684614989962195, 0.18115942028985507, 
0.09819494584837543, 0.4740315517684909, 0.007246376811594203, 
0.10541516245487363, 0.39561383229350533, 0.036231884057971016, 
0.1906137184115523, 0.3554043302516153, 0.057971014492753624, 
0.07942238267148015, 0.35940481796159257, 0.057971014492753624, 
0.8714801444043321, 2.830213155191011E-5, 0.9420289855072463, 
0.09819494584837543, 0.4739028593744396, 0.014492753623188406, 
0.01877256317689529, 0.6313994743492365, 0.12318840579710146, 
0.08375451263537906, 0.22401438729564999, 0.15217391304347827, 
0.043321299638989175, 0.5618339925676797, 0.043478260869565216, 
0.06570397111913358, 0.2796955442536536, 0.07246376811594203, 
0.12346570397111911, 0.36111994837351363, 0.043478260869565216, 
0.018050541516245487, 0.6340997100980275, 0.043478260869565216, 
0.03176895306859205, 0.6296525584664956, 0.09420289855072464, 
0.4953068592057761, 0.022244243487156524, 0.572463768115942, 
0.3602888086642599, 0.02383589589399156, 0.6231884057971014, 
0.7862815884476534, 0.0018886601791101036, 0.9492753623188406, 
0.03465703971119133, 0.28616962764133363, 0.10869565217391304, 
0.48158844765342956, 0.014999662445309061, 0.6666666666666666, 
0.12346570397111911, 0.3638295933863027, 0.021739130434782608, 
0.016606498194945845, 0.6347515087186656, 0.10869565217391304, 
0.03465703971119133, 0.5621594086708748, 0.050724637681159424, 
0.018050541516245487, 0.9311978580352125, 0.0, 
1.5176895306859204, 0.0, 1.0144927536231885, 
0.08303249097472923, 0.23277638738615306, 0.14492753623188406, 
0.9696750902527075, 2.8291511615192744E-5, 1.0144927536231885, 
0.03465703971119133, 0.6014714517142432, 0.036231884057971016, 
0.16678700361010826, 0.07729254779175988, 0.5579710144927537, 
0.16895306859205775, 0.07728531561480427, 0.6739130434782609, 
0.1906137184115523, 0.07702751664916692, 0.572463768115942, 
0.3342960288808664, 0.024113394842378802, 0.7028985507246377, 
0.016606498194945845, 0.9839811847004646, 0.021739130434782608, 
0.16678700361010826, 0.07729254779175988, 0.5579710144927537, 
0.0700361010830325, 0.47634426602372437, 0.057971014492753624, 
0.30324909747292417, 0.05561021578022992, 0.7101449275362319, 
0.17761732851985557, 0.06533671853022538, 0.5942028985507246, 
0.2202166064981949, 0.06510429059358537, 0.6594202898550725, 
0.35162454873646204, 0.023871462062309532, 0.6304347826086957, 
0.3285198555956678, 0.027353526937825404, 0.7608695652173914, 
0.3465703971119133, 0.03792728824512433, 0.6884057971014492, 
0.18122743682310466, 0.08547930838596192, 0.4782608695652174, 
0.06064981949458482, 0.25493039327038397, 0.10144927536231885, 
0.2332129963898917, 0.07525683334788445, 0.463768115942029, 
0.10974729241877253, 0.1860769251510785, 0.10144927536231885, 
0.1451263537906137, 0.15141566040730073, 0.39855072463768115, 
0.14729241877256316, 0.12715993717202914, 0.18840579710144928, 
0.07942238267148015, 0.47093092316275026, 0.021739130434782608, 
0.1256317689530686, 0.2000781329989696, 0.07971014492753623, 
0.04043321299638989, 0.26394447880052996, 0.10869565217391304, 
0.1747292418772563, 0.09839718710158973, 0.42028985507246375, 
0.10613718411552348, 0.25493039327038397, 0.06521739130434782, 
0.046931407942238254, 0.25771640624864767, 0.13043478260869565, 
0.08303249097472923, 0.2262558099151957, 0.2318840579710145, 
0.20722021660649817, 0.11919278625075864, 0.18115942028985507, 
0.1003610108303249, 0.1860769251510785, 0.14492753623188406, 
0.0563176895306859, 0.4769623144852359, 0.050724637681159424, 
0.07364620938628158, 0.25493039327038397, 0.07246376811594203, 
0.1855595667870036, 0.11556864786083305, 0.30434782608695654, 
0.12490974729241879, 0.16402083508407422, 0.21739130434782608, 
0.1732851985559567, 0.14010727559231925, 0.18115942028985507, 
0.016606498194945845, 0.6318279675589393, 0.12318840579710146, 
0.038267148014440415, 0.2671396036038501, 0.07971014492753623, 
0.08736462093862815, 0.19593313980905713, 0.26811594202898553, 
0.13212996389891696, 0.1515790056551057, 0.09420289855072464, 
0.10758122743682311, 0.2000781329989696, 0.08695652173913043, 
0.038267148014440415, 0.26416896302444925, 0.09420289855072464, 
0.09819494584837543, 0.18591196567288096, 0.21014492753623187, 
0.1270758122743682, 0.15159211065710768, 0.2391304347826087, 
0.0555956678700361, 0.25493039327038397, 0.10869565217391304, 
0.02310469314079421, 0.6295030509963313, 0.10869565217391304, 
0.22599277978339347, 0.08902651595376283, 0.47101449275362317, 
0.0700361010830325, 0.2644048743003573, 0.07971014492753623, 
0.01877256317689529, 0.6330928869904171, 0.09420289855072464, 
0.08953068592057763, 0.22635326907514022, 0.07971014492753623, 
0.07942238267148015, 0.4705777571647165, 0.043478260869565216, 
0.12274368231046931, 0.18595736590266873, 0.17391304347826086, 
0.1256317689530686, 0.2000781329989696, 0.07971014492753623, 
0.18339350180505415, 0.12715993717202914, 0.18115942028985507, 
0.16317689530685917, 0.09816507776305347, 0.427536231884058, 
0.20144404332129962, 0.11891394919033545, 0.2826086956521739, 
0.038267148014440415, 0.26416896302444925, 0.09420289855072464, 
0.13140794223826716, 0.17149465808152395, 0.16666666666666666, 
0.06714801444043322, 0.25493039327038397, 0.08695652173913043, 
0.08880866425992778, 0.23940224029053433, 0.08695652173913043, 
0.18772563176895302, 0.14010727559231925, 0.17391304347826086, 
0.21010830324909746, 0.0926521517547762, 0.36231884057971014, 
0.1747292418772563, 0.08914749827370275, 0.4855072463768116, 
0.09169675090252707, 0.2200407998855681, 0.10869565217391304, 
0.09602888086642598, 0.20986987402068125, 0.1956521739130435, 
0.11407942238267148, 0.15860136451957071, 0.2391304347826087, 
0.0628158844765343, 0.25493039327038397, 0.09420289855072464, 
0.1898916967509025, 0.09718642934775358, 0.37681159420289856, 
0.21516245487364621, 0.08914749827370275, 0.37681159420289856, 
0.19277978339350177, 0.0926521517547762, 0.3695652173913043, 
0.09169675090252707, 0.3369147123177535, 0.06521739130434782, 
0.06064981949458482, 0.25493039327038397, 0.10144927536231885, 
0.0707581227436823, 0.47377176687467343, 0.06521739130434782, 
