0.7263537906137184, 0.14398102497661516, 0.8768115942028986, 
0.7256317689530686, 0.1419656370917605, 0.8840579710144928, 
0.9588447653429601, 0.04688177468999105, 0.8913043478260869, 
0.951624548736462, 0.1238936481722627, 0.8840579710144928, 
0.911913357400722, 0.04701443894040264, 0.8913043478260869, 
0.6563176895306858, 0.15230000378388348, 0.8985507246376812, 
0.6664259927797833, 0.1611067456680933, 0.8695652173913043, 
1.0122743682310469, 2.830213155191011E-5, 0.9057971014492754, 
0.8245487364620938, 0.41307330573856044, 0.8623188405797102, 
0.6346570397111913, 0.15532308561116556, 0.8985507246376812, 
1.0389891696750901, 0.011655062031634933, 0.8913043478260869, 
0.6259927797833934, 0.1655111839138458, 0.8985507246376812, 
0.8815884476534296, 0.047180269253417076, 0.8913043478260869, 
0.6259927797833934, 0.15532308561116556, 0.9057971014492754, 
0.8064981949458483, 0.047180269253417076, 0.8985507246376812, 
0.7379061371841155, 0.14013063945326273, 0.8768115942028986, 
0.667870036101083, 0.15179616212263825, 0.9057971014492754, 
0.779783393501805, 0.025681651528460026, 0.9057971014492754, 
0.6902527075812274, 0.14026274084702434, 0.8985507246376812, 
0.8657039711191336, 0.024073293961050447, 0.8985507246376812, 
0.7761732851985559, 0.14010527904420228, 0.8913043478260869, 
0.8267148014440432, 0.13997560961596625, 0.8695652173913043, 
0.7371841155234657, 0.14045410148808785, 0.8840579710144928, 
0.6736462093862815, 0.1516023695160492, 0.9130434782608695, 
0.7328519855595668, 0.1438513555483791, 0.8695652173913043, 
0.9631768953068591, 5.345863782595022E-4, 0.9057971014492754, 
0.8231046931407942, 0.04847374569492983, 0.8913043478260869, 
0.9588447653429601, 0.04688177468999105, 0.8913043478260869, 
0.6953068592057762, 0.050198380950280196, 0.8985507246376812, 
0.8555956678700359, 0.023867097268287788, 0.9057971014492754, 
0.8613718411552346, 0.011500032194338362, 0.9057971014492754, 
0.8967509025270757, 1.833319688484826E-4, 0.9130434782608695, 
0.7249097472924186, 0.15532308561116556, 0.8840579710144928, 
0.9870036101083033, 0.04701443894040264, 0.8768115942028986, 
0.8064981949458483, 0.047180269253417076, 0.8985507246376812, 
0.5328519855595668, 0.15229509737308536, 0.9710144927536232, 
0.5725631768953068, 0.16003089297133186, 0.9492753623188406, 
0.7119133574007219, 0.015370871715953126, 0.9782608695652174, 
0.5740072202166064, 0.1514422845888394, 0.9347826086956522, 
0.6902527075812274, 0.025823618843501806, 0.927536231884058, 
0.7184115523465703, 0.011494977104425158, 0.9347826086956522, 
0.6180505415162455, 0.023866576891384966, 0.9782608695652174, 
0.6548736462093863, 0.02370248824800454, 0.9710144927536232, 
0.5963898916967508, 0.023867458346138785, 1.0, 
0.6137184115523465, 0.026416816652919003, 0.9637681159420289, 
0.4404332129963898, 0.23416378654865852, 0.9420289855072463, 
0.5610108303249096, 0.49149891582658284, 0.9202898550724637, 
0.8072202166064981, 0.011494977104425158, 0.9202898550724637, 
0.6158844765342959, 0.023866576891384966, 0.9855072463768116, 
0.4671480144404332, 0.1715041416850796, 0.9347826086956522, 
0.5018050541516245, 0.16947056184849943, 0.9710144927536232, 
0.5046931407942238, 0.1694696803937456, 0.9347826086956522, 
0.447653429602888, 1.3298205626805715, 0.9347826086956522, 
0.4599277978339349, 0.3886884759317027, 0.9347826086956522, 
0.5018050541516245, 0.2318322856252391, 0.927536231884058, 
0.6577617328519855, 0.023701606793250722, 0.9565217391304348, 
0.6129963898916967, 0.026952932302076626, 0.9710144927536232, 
0.6548736462093863, 0.02370248824800454, 0.9710144927536232, 
0.6548736462093863, 0.02370248824800454, 0.9710144927536232, 
0.6924187725631769, 0.012625543715541417, 0.9855072463768116, 
0.6469314079422382, 0.023702498867941256, 1.0, 
0.571841155234657, 0.2318322856252391, 0.9202898550724637, 
0.5559566787003609, 0.1715041416850796, 0.927536231884058, 
0.6086642599277977, 0.027825593748187688, 0.9202898550724637, 
0.7971119133574006, 1.7861057115517485, 0.8405797101449275, 
0.7667870036101082, 2.3557746580675056, 0.8478260869565217, 
0.7790613718411551, 1.0181019052814422, 0.8478260869565217, 
0.787725631768953, 4.660309140625263, 0.8188405797101449, 
1.1480144404332129, 0.5394159856747248, 0.782608695652174, 
0.8787003610108303, 0.48529141409226756, 0.8188405797101449, 
1.0758122743682308, 0.9171648009968808, 0.7898550724637681, 
0.8989169675090252, 0.3731705818107946, 0.7971014492753623, 
1.011552346570397, 0.3436473274467095, 0.8405797101449275, 
0.8057761732851985, 1.0176832036534622, 0.8405797101449275, 
1.5212996389891695, 2.616835335511787, 0.7681159420289855, 
1.1299638989169674, 3.2991983147774544, 0.7681159420289855, 
1.0527075812274367, 2.078117408902368, 0.782608695652174, 
1.0642599277978337, 3.2991983147774544, 0.7753623188405797, 
1.1306859205776172, 2.736366164970587, 0.7681159420289855, 
0.9328519855595667, 2.033152819541712, 0.7898550724637681, 
0.8512635379061371, 1.9402261530407872, 0.7971014492753623, 
1.0693140794223825, 2.6617999248724433, 0.7753623188405797, 
1.0931407942238267, 1.936102006786798, 0.7753623188405797, 
0.8108303249097473, 0.4609156749513041, 0.8623188405797102, 
0.8375451263537905, 0.28331749493659997, 0.8623188405797102, 
0.8346570397111913, 8.809662366827689E-4, 0.9492753623188406, 
0.9588447653429601, 2.830213155191011E-5, 0.9565217391304348, 
