0.4032833890872291, 0.18661832151228233, 0.9613486842105263, 
0.40938352120990634, 0.1635975013623771, 0.9613486842105263, 
0.4561043488038681, 0.13538677353468817, 0.9613486842105263, 
0.41053608073538916, 0.16787227956527523, 0.9605263157894737, 
0.42580046664605176, 0.15047110290019844, 0.962171052631579, 
0.41264442133078455, 0.20014211573067062, 0.959703947368421, 
0.4323222668878081, 0.14500827802904984, 0.9605263157894737, 
0.4163551007786805, 0.18046290946433707, 0.959703947368421, 
0.428274252944649, 0.14932814781751427, 0.9605263157894737, 
0.41778877238354933, 0.2081037963720305, 0.9580592105263158, 
0.4148652067579344, 0.2184571624810416, 0.9588815789473685, 
0.43220982205605374, 0.16757951881134414, 0.9588815789473685, 
0.40052849070924573, 0.18046290946433707, 0.962171052631579, 
0.4055322857223174, 0.18748279316807556, 0.9605263157894737, 
0.3951873612009108, 0.19158738064879025, 0.9638157894736842, 
0.4303263711241672, 0.17616715153114304, 0.9580592105263158, 
0.42875214347960533, 0.2049490257898196, 0.9588815789473685, 
0.4112669721417929, 0.2631487113246787, 0.9580592105263158, 
0.41160430663705616, 0.15353729595556304, 0.9613486842105263, 
0.397380035420122, 0.19630522752962712, 0.9613486842105263, 
0.4227082337728052, 0.15711519459369122, 0.9605263157894737, 
0.467573721642819, 0.15505836942571288, 0.959703947368421, 
0.39105501363393586, 0.23130171099826619, 0.9588815789473685, 
0.3869507772748995, 0.20060452751755878, 0.959703947368421, 
0.42388890450622657, 0.20561930741814435, 0.9580592105263158, 
0.39774548112332386, 0.15353729595556304, 0.9638157894736842, 
0.450341551176454, 0.14499180855871713, 0.9605263157894737, 
0.41264442133078455, 0.20014211573067062, 0.959703947368421, 
0.40246816405700947, 0.16398165786725238, 0.9629934210526315, 
0.39774548112332386, 0.1735080689822522, 0.9629934210526315, 
0.37893908301239704, 0.21032464576207774, 0.9629934210526315, 
0.41270064374666177, 0.14592832253081842, 0.9629934210526315, 
0.42532257611109553, 0.14576855558938787, 0.9629934210526315, 
0.3365473814409805, 0.13653050923928903, 0.9662828947368421, 
0.33115002951676836, 0.1488414813366893, 0.9662828947368421, 
0.33857138841256007, 0.11603666755578056, 0.9671052631578947, 
0.3352823770837433, 0.11612212982294072, 0.9671052631578947, 
0.3493660922609844, 0.16713218493640722, 0.9646381578947368, 
0.3659235937368228, 0.13653050923928903, 0.9646381578947368, 
0.3549602226407669, 0.1584135794851902, 0.9646381578947368, 
0.3601045736935316, 0.11052412760073797, 0.9671052631578947, 
0.3409608410873415, 0.11595777930917119, 0.9654605263157895, 
0.33404548393444466, 0.1488414813366893, 0.9654605263157895, 
0.3337643718550586, 0.14516330995473603, 0.9662828947368421, 
0.34410929637646526, 0.10175421587730203, 0.9695723684210527, 
0.3566187839091446, 0.11407977644910258, 0.96875, 
0.366485817895595, 0.08909879091725761, 0.9703947368421053, 
0.3303348044865487, 0.1429323355404719, 0.9736842105263158, 
0.37109605599752615, 0.102463885181844, 0.9671052631578947, 
0.35481966660107384, 0.11500456766906046, 0.9679276315789473, 
0.3809630899839766, 0.08909879091725761, 0.9679276315789473, 
0.40019115621398255, 0.1122111345124329, 0.9654605263157895, 
0.37730863295195793, 0.09751298238869077, 0.9662828947368421, 
0.3772805217440193, 0.09918342689887244, 0.9679276315789473, 
0.40868074101144125, 0.1072886311438695, 0.9654605263157895, 
0.3403142833047536, 0.11297756274016583, 0.9695723684210527, 
0.35085598628173054, 0.09386540704908411, 0.9703947368421053, 
0.3549602226407669, 0.11506005102575083, 0.9671052631578947, 
0.33418603997413765, 0.11297756274016583, 0.9703947368421053, 
0.4234672363871475, 0.11765881848494124, 0.9646381578947368, 
0.3549602226407669, 0.11506005102575083, 0.9671052631578947, 
0.3278891293958901, 0.13435702480683626, 0.9745065789473685, 
0.3295195794563292, 0.17307610558039047, 0.9703947368421053, 
0.33016613723891713, 0.17296954449334745, 0.9703947368421053, 
0.3279453518117673, 0.17803911248771695, 0.9703947368421053, 
0.3351980434599275, 0.13158455176169986, 0.9695723684210527, 
0.3304753605262418, 0.23263218846830833, 0.96875, 
0.32513423101790684, 0.21182372896139043, 0.9810855263157895, 
0.4783403142833047, 0.25883683981315453, 0.9564144736842105, 
0.4868861214966407, 0.2544083148883784, 0.9572368421052632, 
