0.0, 1.0, 0.0, 
0.9427432590855803, 0.0013817177396881243, 1.0, 
0.013786635404454862, 0.303642481219031, 0.02513227513227513, 
0.009472450175849939, 0.2848146000885084, 0.0582010582010582, 
0.017491207502930834, 0.23323983640356397, 0.07539682539682539, 
0.16487690504103164, 0.1564540803973007, 0.7407407407407407, 
0.015381008206330603, 0.2552662823500227, 0.1283068783068783, 
0.015381008206330603, 0.2832223078260795, 0.03042328042328042, 
0.013364595545134817, 0.39108597880023027, 0.006613756613756613, 
0.009800703399765532, 0.3414542730435686, 0.031746031746031744, 
0.018991793669402113, 0.26412564761893303, 0.05423280423280423, 
0.014114888628370455, 0.3354884555043661, 0.015873015873015872, 
0.016131301289566243, 0.28794770063040603, 0.0291005291005291, 
0.015146541617819463, 0.2931305977449586, 0.031746031746031744, 
0.02382180539273153, 0.2542559453006948, 0.06084656084656084, 
0.008487690504103168, 0.40209283773670657, 0.006613756613756613, 
0.026447831184056275, 0.248831534015246, 0.06878306878306878, 
0.006518171160609616, 0.39100740887991425, 0.011904761904761904, 
0.015146541617819463, 0.2931305977449586, 0.031746031746031744, 
0.011160609613130132, 0.31247933125693067, 0.03042328042328042, 
0.022415005861664717, 0.3112548627586035, 0.021164021164021163, 
0.015146541617819463, 0.2931305977449586, 0.031746031746031744, 
0.009988276670574447, 0.35049773393165123, 0.013227513227513227, 
0.009472450175849939, 0.34136542338195364, 0.03439153439153439, 
0.015427901524032821, 0.3354733727905594, 0.018518518518518517, 
0.013786635404454862, 0.303642481219031, 0.02513227513227513, 
0.014255568581477135, 0.3354792602328555, 0.017195767195767195, 
0.08164126611957796, 0.16106814084870544, 0.6124338624338624, 
0.01781946072684643, 0.27905342586945914, 0.03439153439153439, 
0.0056740914419695235, 0.4148679126008597, 0.003968253968253968, 
0.006377491207502928, 0.39214579078631456, 0.007936507936507936, 
0.5358968347010551, 0.06809752994406225, 0.9603174603174603, 
0.1550293083235639, 0.1597323231665751, 0.7275132275132276, 
0.9745838218053928, 0.0, 1.0, 
0.1926377491207503, 0.15112768038321484, 0.7341269841269841, 
0.23732708089097304, 0.13497548917627, 0.8611111111111112, 
0.022321219226260264, 0.22913683893198647, 0.23677248677248677, 
0.7178898007033998, 0.02090393780528848, 1.0, 
0.29298944900351703, 0.11628593937647144, 0.8756613756613757, 
0.016740914419695194, 0.26318588750436833, 0.08862433862433862, 
0.2848300117233294, 0.13068304554833926, 0.9153439153439153, 
0.1550293083235639, 0.1597323231665751, 0.7275132275132276, 
0.48670574443141856, 0.07543550808749318, 0.9894179894179894, 
0.6762954279015241, 0.025820790861436443, 1.0, 
0.33463071512309495, 0.0976194063679478, 0.9391534391534392, 
0.016740914419695194, 0.26318588750436833, 0.08862433862433862, 
0.3613599062133646, 0.0963615459620524, 0.9365079365079365, 
0.6641500586166471, 0.03086858256419029, 0.9894179894179894, 
0.1550293083235639, 0.1597323231665751, 0.7275132275132276, 
0.5182649472450176, 0.08942469821382586, 0.9775132275132276, 
0.16553341148886283, 0.16011979249641745, 0.7076719576719577, 
0.2637749120750293, 0.1349286892275894, 0.8994708994708994, 
0.00497069167643611, 0.42661023897510897, 0.013227513227513227, 
0.3123563892145369, 0.10739599015203138, 0.9259259259259259, 
0.29167643610785465, 0.1261507848633816, 0.8994708994708994, 
0.16553341148886283, 0.16011979249641745, 0.7076719576719577, 
0.4902696365767878, 0.08951185412774773, 0.9775132275132276, 
0.6735287221570926, 0.030827837805589862, 0.9894179894179894, 
0.00497069167643611, 0.42661023897510897, 0.013227513227513227, 
0.5281125439624854, 0.06819328924350064, 0.9682539682539683, 
0.16553341148886283, 0.16011979249641745, 0.7076719576719577, 
0.7462602579132473, 0.016200710149640606, 1.0, 
0.016459554513481835, 0.26359732625336996, 0.08862433862433862, 
0.5099179366940211, 0.07596866103806237, 0.9841269841269841, 
0.7850410316529894, 0.014065889013672044, 1.0, 
0.0, 1.0, 0.0, 
0.8795310668229778, 0.005127585789173421, 0.9973544973544973, 
0.01505275498241501, 0.26322097372065906, 0.10317460317460317, 
0.03268464243845252, 0.23374231619493233, 0.07142857142857142, 
0.031090269636576785, 0.21815901831510248, 0.0992063492063492, 
0.0011723329425556857, 0.4715115598880359, 0.0, 
0.008487690504103168, 0.2913264490076594, 0.05555555555555555, 
0.025228604923798355, 0.22971219531753975, 0.08465608465608465, 
0.0321219226260258, 0.21823853805815607, 0.08862433862433862, 
1.0, 0.0042230100710406145, 0.9986772486772487, 
0.03465416178194607, 0.21865554053550246, 0.08465608465608465, 
0.026025791324736227, 0.2295628274168854, 0.0873015873015873, 
0.005392731535756156, 0.40804409151427734, 0.01455026455026455, 
0.003048065650644785, 0.4554983928830972, 0.006613756613756613, 
0.02747948417350527, 0.22944704722305231, 0.082010582010582, 
0.009144196951934346, 0.3533622293160323, 0.01455026455026455, 
0.02236811254396248, 0.25391445569458204, 0.07407407407407407, 
0.02626025791324737, 0.2362427792517503, 0.07407407407407407, 
0.016975381008206336, 0.25439507665931227, 0.0582010582010582, 
0.01950762016412661, 0.23147437793528183, 0.09788359788359788, 
0.028745603751465412, 0.21823225228500137, 0.08994708994708994, 
0.017538100820633052, 0.2725437812347356, 0.056878306878306875, 
0.02865181711606096, 0.2245529102464325, 0.09523809523809523, 
0.009566236811254392, 0.34915557549548715, 0.01455026455026455, 
0.018804220398593207, 0.25437635118175217, 0.062169312169312166, 
0.005111371629542789, 0.439987286019552, 0.007936507936507936, 
0.029214536928487692, 0.22617447870491025, 0.07936507936507936, 
0.005392731535756156, 0.4080370820132246, 0.015873015873015872, 
0.02987104337631888, 0.22039849892056712, 0.07407407407407407, 
0.008628370457209846, 0.37331990018802624, 0.015873015873015872, 
0.05678780773739742, 0.17535920741880653, 0.14417989417989419, 
0.03484173505275498, 0.2506474385621384, 0.05555555555555555, 
0.030574443141852283, 0.18615219859009144, 0.18518518518518517, 
0.16900351699882765, 0.1555844848609061, 0.7645502645502645, 
0.025228604923798355, 0.21238803730252018, 0.13227513227513227, 
0.0442672919109027, 0.16479399866335423, 0.20105820105820105, 
0.05378663540445486, 0.2152024877442964, 0.09788359788359788, 
0.03137162954279016, 0.18662502349058058, 0.18253968253968253, 
0.03629542790152403, 0.26365606602928, 0.051587301587301584, 
0.03202813599062133, 0.17588155774869618, 0.1335978835978836, 
0.032403282532239154, 0.20643020882166496, 0.12433862433862433, 
0.04689331770222743, 0.1676434601434844, 0.17592592592592593, 
0.035920281359906214, 0.2064212362788175, 0.12566137566137567, 
0.02626025791324737, 0.22068664192618367, 0.12433862433862433, 
0.043657678780773736, 0.18385563997773538, 0.12433862433862433, 
0.06452520515826496, 0.19349267387528526, 0.10714285714285714, 
0.026588511137162964, 0.24055935611941884, 0.07142857142857142, 
0.03554513481828839, 0.32618933296755415, 0.018518518518518517, 
0.04361078546307152, 0.16522427004652726, 0.21825396825396826, 
0.03774912075029309, 0.21722031574091594, 0.10846560846560846, 
0.03329425556858148, 0.2517792014439334, 0.05555555555555555, 
0.03535756154747948, 0.20407890159639627, 0.13095238095238096, 
0.038546307151230946, 0.3028705569701961, 0.02513227513227513, 
0.042391559202813595, 0.17184612111794403, 0.21031746031746032, 
0.025275498241500587, 0.2224361576226221, 0.12433862433862433, 
0.029214536928487692, 0.25769512271331635, 0.05291005291005291, 
0.033012895662368105, 0.21015358352028535, 0.12169312169312169, 
0.044407971864009375, 0.16498525357842322, 0.18121693121693122, 
0.0196483001172333, 0.3100825727976068, 0.022486772486772486, 
0.02747948417350527, 0.2160932699941338, 0.12566137566137567, 
0.03076201641266119, 0.1975428683838341, 0.13756613756613756, 
0.033669402110199295, 0.23673948268463949, 0.0701058201058201, 
0.04407971864009378, 0.1838087940246457, 0.12698412698412698, 
0.023352872215709263, 0.30638023109037965, 0.023809523809523808, 
0.029589683470105505, 0.21104059901887673, 0.1283068783068783, 
0.04558030480656506, 0.16480011388357793, 0.18386243386243387, 
0.052051582649472454, 0.21591459223566803, 0.09259259259259259, 
0.03371629542790153, 0.19685962717088887, 0.13227513227513227, 
0.03390386869871043, 0.20581398873928314, 0.12698412698412698, 
0.038546307151230946, 0.19932666521940534, 0.10714285714285714, 
0.02822977725674091, 0.22876085219043024, 0.082010582010582, 
0.035920281359906214, 0.2064212362788175, 0.12566137566137567, 
0.01430246189917937, 0.3100842586908887, 0.022486772486772486, 
0.03071512309495897, 0.2062105848950519, 0.14417989417989419, 
0.6185697538100821, 0.06053619646762304, 0.996031746031746, 
0.7323329425556857, 0.016427118043496305, 0.9973544973544973, 
0.16393903868698712, 0.14270917929316954, 0.8015873015873016, 
0.16506447831184057, 0.14806210477626233, 0.7751322751322751, 
0.8511137162954279, 0.00824540220771748, 1.0, 
0.6978663540445487, 0.026654262838219846, 0.996031746031746, 
0.615052754982415, 0.0572593181217967, 0.9986772486772487, 
0.16393903868698712, 0.14270917929316954, 0.8015873015873016, 
0.6364361078546307, 0.03239921377073628, 1.0, 
0.663305978898007, 0.04549496461209577, 0.996031746031746, 
0.6423915592028137, 0.03238743215379158, 0.9973544973544973, 
0.0, 1.0, 0.0, 
0.0, 1.0, 0.0, 
