0.8851674641148325,0.8759871561225375,0.8523359533692484
0.9261133603238867,0.8456131215829211,0.8995849156583944
0.8572874493927125,0.8378894385142758,0.9327916629868409
0.8720095693779905,0.9129566953050421,0.8770643822308576
0.9019138755980861,0.892128785906448,0.8725602755453502
0.9419396393080604,0.8791113425323267,0.9020577585445553
0.8870077291129923,0.9041048338106396,0.8269009979687362
0.8389768126610232,0.8893517313199688,0.9448026141481939
0.8690651453809348,0.8754664583875726,0.9123023933586505
1.0254876702245124,0.9545257311464028,0.8819217521858165
0.9081707765918292,0.8535971535190489,0.9197209220171333
0.93099006256901,0.8826694437212531,0.9011746003709264
0.9319101950680898,0.9054933611038792,0.8883688068533074
0.9830695620169304,0.8374555237351384,0.9298772410138656
0.8597718071402282,0.8953397552720646,0.8610792192881745
0.7953625322046375,0.8254794758309468,0.9142453413406341
0.8834192123665808,0.8212271109954005,0.8317583679236952
0.9015458225984542,0.918597587433828,0.8571933233242074
0.8575634891424365,0.8399722294541352,0.8611675351055375
0.8554471843945528,0.759264080534583,0.8253113132562042
0.7467795362532205,0.8831033585003906,0.8827165945420825
0.8770702981229297,0.9447192571378982,0.9877241013865583
1.0110415899889584,0.8746854117851254,0.8989667049368542
1.0054287817445713,0.8856200642193873,0.9757131502252053
0.9350386455649613,0.899418554195956,0.8733551179016161
0.9261133603238867,0.8880499869825567,0.9077099708557803
0.8932646301067354,0.9780439121756487,0.9654685154111101
0.8938167096061833,0.9001996007984032,0.8848361741587918
0.8365844681634156,0.8260001735659116,0.8424445818246048
0.854527051895473,0.7937169139980907,0.9283758721186964
0.9654030180345969,0.8084700164887616,0.8970237569548706
0.8908722856091277,0.8352859498394515,0.8609909034708116
0.8675009201324991,0.8929966154647228,0.8412964761988873
0.8703533308796466,0.8226156382886401,0.8762695398745916
0.896117040853883,0.8168879632040267,0.8194824693102535
