0.8281192491718807,0.8739911481385056,0.8715888015543584
0.819377990430622,0.7735832682461165,0.8828932261768083
0.81900993743099,0.9352599149527033,0.9006447054667491
0.8732057416267942,0.8666145968931702,0.8835997527157113
0.8620721383879278,0.8239173826260523,0.9176013424004239
0.8991534781008466,0.8495183545951576,0.9454208248697342
0.8743099006256901,0.9457606526078278,1.0003532632694516
0.8981413323518587,0.9127831293933871,0.8795372251170185
0.9274935590725064,0.8776360322832596,0.8994965998410315
0.8780824438719176,0.9041048338106396,0.9142453413406341
0.8896761133603239,0.7808730365356245,0.7989931996820631
0.854066985645933,0.8437906795105441,0.8886337543053962
0.882039013617961,0.8095981949145188,0.9077099708557803
0.8432094221567906,0.8359802134860713,0.8236333127263092
0.8495583364004416,0.8949058404929272,0.9385321911154287
0.853974972396025,0.8717347912869913,0.8824516470899938
0.916083916083916,0.7953657901588128,0.9176896582177868
0.9557416267942583,0.8363273453093812,0.8480967941358297
0.9493006993006993,0.8946454916254447,0.8227501545526804
0.8015274199484725,0.8681766900980648,0.8832464894462598
0.8467979389032021,0.8712140935520264,0.8760045924225028
0.8823150533676849,0.7993578061268767,0.8916364920957344
0.8406330511593669,0.8332031588995921,0.9150401836969001
0.8620721383879278,0.9034105701640198,0.8640819570785128
0.7803643724696356,0.7333159767421679,0.8184226795018988
0.9244571218255428,0.8397986635424802,0.8164797315199153
0.8772543246227457,0.8772889004599497,0.8367923695133799
0.9756164887743836,0.8317278486505251,0.9168065000441579
0.9070666175929334,0.8677427753189274,0.9589331449262563
0.8851674641148325,0.8759871561225375,0.8523359533692484
0.9261133603238867,0.8456131215829211,0.8995849156583944
0.8572874493927125,0.8378894385142758,0.9327916629868409
0.8720095693779905,0.9129566953050421,0.8770643822308576
0.9019138755980861,0.892128785906448,0.8725602755453502
0.9419396393080604,0.8791113425323267,0.9020577585445553
0.8870077291129923,0.9041048338106396,0.8269009979687362
0.8389768126610232,0.8893517313199688,0.9448026141481939
0.8690651453809348,0.8754664583875726,0.9123023933586505
1.0254876702245124,0.9545257311464028,0.8819217521858165
0.9081707765918292,0.8535971535190489,0.9197209220171333
0.93099006256901,0.8826694437212531,0.9011746003709264
0.9319101950680898,0.9054933611038792,0.8883688068533074
0.9830695620169304,0.8374555237351384,0.9298772410138656
0.8597718071402282,0.8953397552720646,0.8610792192881745
0.7953625322046375,0.8254794758309468,0.9142453413406341
0.8834192123665808,0.8212271109954005,0.8317583679236952
0.9015458225984542,0.918597587433828,0.8571933233242074
0.8575634891424365,0.8399722294541352,0.8611675351055375
0.8554471843945528,0.759264080534583,0.8253113132562042
0.7467795362532205,0.8831033585003906,0.8827165945420825
0.8770702981229297,0.9447192571378982,0.9877241013865583
1.0110415899889584,0.8746854117851254,0.8989667049368542
1.0054287817445713,0.8856200642193873,0.9757131502252053
0.9350386455649613,0.899418554195956,0.8733551179016161
0.9261133603238867,0.8880499869825567,0.9077099708557803
0.8932646301067354,0.9780439121756487,0.9654685154111101
0.8938167096061833,0.9001996007984032,0.8848361741587918
0.8365844681634156,0.8260001735659116,0.8424445818246048
0.854527051895473,0.7937169139980907,0.9283758721186964
0.9654030180345969,0.8084700164887616,0.8970237569548706
0.8908722856091277,0.8352859498394515,0.8609909034708116
0.8675009201324991,0.8929966154647228,0.8412964761988873
0.8703533308796466,0.8226156382886401,0.8762695398745916
0.896117040853883,0.8168879632040267,0.8194824693102535
