0.0,0.787171149866982,0.8387947269303202
0.5356301531213192,0.5604493053502808,0.4760828625235405
0.991166077738516,0.0,1.0
1.0,1.0,0.0
0.5108951707891637,0.38102276086313924,0.5050847457627119
0.9193168433451119,0.6361217853975761,0.6606403013182675
0.7497055359246172,0.7644102867277565,0.6659133709981168
0.6731448763250883,0.6996748448122968,0.7743879472693032
0.6248527679623086,0.6219331953887083,0.6410546139359699
0.649587750294464,0.7109074785693171,0.8335216572504708
0.7579505300353356,0.506355305941472,0.5578154425612053
0.7108362779740872,0.666568134791605,0.6519774011299435
0.6704946996466431,0.6884422110552764,0.6572504708097928
0.682567726737338,0.6609518179130949,0.7141242937853107
0.5789163722025913,0.6207508128879693,0.5792843691148776
0.6725559481743227,0.5642920484776826,0.6598870056497175
0.48468786808009423,0.6272539166420337,0.3593220338983051
0.7176089517078916,0.4221105527638191,0.6738229755178907
0.7897526501766784,0.6231155778894473,0.56045197740113
0.6222025912838633,0.6056754360035471,0.5766478342749529
0.5942285041224971,0.513449600945906,0.624105461393597
0.598939929328622,0.5308897428318061,0.7706214689265537
0.8032979976442874,0.6278451078924032,0.49227871939736345
0.573321554770318,0.591782441619864,0.5706214689265536
0.6057126030624264,0.5382796334614248,0.5540489642184557
0.651060070671378,0.46733668341708545,0.5397363465160075
0.40547703180212014,0.40851315400532073,0.5483992467043315
0.6183745583038869,0.5388708247117943,0.4711864406779661
0.5535924617196702,0.5814365947383979,0.5382297551789077
0.5462308598351001,0.46881466154300916,0.5826741996233522
0.6071849234393404,0.4091043452556902,0.6531073446327683
0.0,0.9261296660117878,0.8726605504587156
0.9055164319248826,0.0,1.0
0.6393779342723005,0.5768172888015717,0.5159633027522936
0.698650234741784,0.6467583497053045,0.551559633027523
0.6696009389671361,0.7709233791748527,0.4946788990825688
0.6408450704225352,0.5791748526522593,0.581651376146789
0.46449530516431925,0.6903732809430255,0.5012844036697248
0.7702464788732394,0.7634577603143419,0.7504587155963303
0.7937206572769953,0.7406679764243614,0.6436697247706422
0.7004107981220657,0.8377210216110019,0.7820183486238532
0.5595657276995305,0.8302554027504911,0.6007339449541285
0.6490610328638498,0.6082514734774067,0.4069724770642202
0.6343896713615024,0.581139489194499,0.7423853211009175
0.7646713615023474,0.7304518664047152,0.6011009174311926
0.715669014084507,0.7776031434184676,0.5878899082568807
0.6892605633802817,0.7493123772102162,0.7739449541284403
0.7121478873239436,0.6880157170923379,0.6381651376146789
0.846830985915493,0.6051080550098232,0.6143119266055046
0.6449530516431925,0.6719056974459725,0.3908256880733945
0.5786384976525821,0.4538310412573674,0.43963302752293576
0.5404929577464789,0.637328094302554,0.6113761467889908
0.6836854460093896,0.7029469548133596,0.569908256880734
0.6869131455399061,0.7253438113948919,0.523302752293578
0.6355633802816901,0.4943025540275049,0.6326605504587156
0.7056924882629108,0.7642436149312377,0.6058715596330275
0.6094483568075117,0.8357563850687623,0.7981651376146789
0.7596830985915493,0.8278978388998035,0.723302752293578
0.0,0.8456636187309504,0.9406060606060606
0.6132996024575352,0.4873926295372679,0.4478787878787879
0.6053487531622697,0.5597118315322804,0.5093939393939394
0.8876039031441995,0.0,1.0
0.6046259486808818,0.5896370185646994,0.5981818181818181
0.6837730393928443,0.6375727348295926,0.5472727272727272
0.4033249006143838,0.5857578276530895,0.5493939393939394
0.654499457896639,0.6780271543363813,0.5315151515151515
0.5767979761474521,0.6940980881130507,0.5457575757575758
0.8373689916877485,0.6176226101413134,0.6296969696969696
0.6537766534152512,0.5882515932391245,0.6651515151515152
0.5262016624503072,0.5339429204765863,0.5881818181818181
0.45283700758944706,0.5829869770019396,0.5221212121212121
0.8709794000722805,0.5633139373787753,0.5618181818181818
0.8525478857968919,0.6982543640897756,0.6121212121212121
0.7228044813877846,0.7666943751731782,0.623030303030303
0.22370798698951933,0.44749238016070936,0.2696969696969697
0.5251174557282255,0.686339706289831,0.7296969696969697
0.7860498735092157,0.5896370185646994,0.68
0.8146006505240333,0.6533665835411472,0.6339393939393939
0.5525840260209613,0.6655583264062067,0.5106060606060606
0.6053487531622697,0.6475477971737323,0.6345454545454545
0.7126852186483557,0.6528124134109171,0.4712121212121212
0.5464401879291652,0.6356331393737877,0.6618181818181819
0.5963136971449223,0.6677750069271267,0.7366666666666667
0.7217202746657029,0.6622333056248269,0.566969696969697
0.567040115648717,0.6805209199224161,0.5736363636363636
0.6404047705095771,0.6178996952064284,0.7915151515151515
0.6024575352367185,0.6669437517317817,0.7772727272727272
0.6772677990603542,0.6148517594901635,0.7751515151515151
0.647632815323455,0.5034635633139374,0.4727272727272727
0.48608601373328514,0.6118038237738986,0.4918181818181818
0.9917915774446824,0.0,1.0
0.6895074946466809,0.7298219022356953,0.7977717758271439
1.0,0.9795377036756348,0.0
0.0,1.0,0.9101958136394328
0.9507494646680942,0.667298219022357,0.687373396353815
0.6113490364025695,0.6854869268662372,0.6893990546927752
0.8122769450392576,0.7279272451686245,0.612761647535449
0.7055674518201285,0.6923076923076923,0.7444294395678596
0.7880085653104925,0.6445623342175066,0.8474004051316678
0.8069236259814418,1.0852595680181887,0.8855503038487509
0.8786581013561742,0.9996210685865858,0.9604996623902768
0.8997144896502498,0.9564228874573703,0.8690074274139096
0.7312633832976445,0.5210306934444866,0.6883862255232951
0.7159172019985724,0.848048503220917,0.8136394328156651
0.693433261955746,0.8491852974611596,0.7471303173531397
0.8526052819414703,0.7032967032967034,0.7707629979743417
0.6570306923625981,0.676013641530883,0.8021607022282242
0.8229835831548894,0.6604774535809018,0.7731262660364618
0.8593861527480371,0.9397499052671466,0.6802835921674544
0.6152748037116346,0.7264115195149677,0.700877785280216
0.5,0.821523304281925,0.5871033085752869
0.7241256245538901,0.7317165593027662,0.6964888588791357
0.684154175588865,0.6506252368321334,0.8305199189736664
0.9750178443968593,0.9602122015915119,0.7437542201215395
0.8972162740899358,0.7836301629405078,0.7528696826468603
0.7326909350463955,0.5850701023114816,0.7822417285617825
1.0,0.0,0.9316455696202531
0.6388349514563106,0.4944521497919556,0.4448462929475588
0.0,1.0,1.0
0.9949514563106796,0.9299583911234397,0.0
0.6205825242718447,0.4483356449375867,0.6354430379746835
0.8869902912621359,0.6719833564493759,0.5110307414104882
0.7836893203883495,0.579750346740638,0.7312839059674503
0.7184466019417476,0.7125520110957004,0.8379746835443038
0.6601941747572816,0.5939667128987517,0.46835443037974683
0.5805825242718446,0.4750346740638003,0.42025316455696204
0.5366990291262136,0.5270457697642164,0.5547920433996384
0.5984466019417476,0.5093619972260749,0.4824593128390597
0.6357281553398059,0.48092926490984744,0.6126582278481013
0.5533980582524272,0.45284327323162277,0.7645569620253164
0.7922330097087379,0.8599167822468793,0.7475587703435804
0.8679611650485437,0.5884188626907073,0.6253164556962025
0.8512621359223301,0.7371705963938974,0.7663652802893309
0.5871803387578878,0.4749717726759503,0.6720430107526881
0.8628362670209233,0.8185923974407227,0.6480286738351254
0.9285951511125872,0.9725254045916447,0.0
0.0,1.0,0.9229390681003584
1.0,0.0,1.0
0.9113251411491199,0.6161083929243508,0.8741935483870967
0.624709398870807,0.6703048550997366,0.5709677419354838
0.6120890069744271,0.6590139254798645,0.6544802867383512
0.7539023580205911,0.5758374106134738,0.7412186379928315
0.8913982065758884,0.641701166729394,0.7032258064516129
0.7093988708070409,0.6251411366202484,0.8060931899641577
0.5410162736632348,0.6225065863756116,0.6394265232974911
0.6791763533709732,0.5837410613473842,0.8476702508960573
0.603786117568914,0.6586375611592021,0.6222222222222222
0.9179674526735304,0.6112156567557395,0.8172043010752689
0.6705413483892394,0.6443357169740309,0.7215053763440861
0.7133842577216871,0.7858487015430937,0.7154121863799283
0.7834606443042179,0.5984192698532179,0.7756272401433691
0.7409498505479907,0.6639066616484757,0.7082437275985664
0.6695450016605778,0.550621001129093,0.5369175627240144
0.6197276652274992,0.6996612721114038,0.613978494623656
0.7356360013284623,0.5024463680843057,0.7132616487455197
0.5044835602789771,0.5340609710199473,0.45806451612903226
0.5552972434407174,0.6138502070003764,0.600358422939068
0.62020629463105,0.595695618754804,0.6046233559186927
0.6048664374504099,0.8201383551114527,0.6648066958947788
1.0,0.9004611837048424,0.0
0.9129859825443004,0.0,0.8066958947787963
0.5953451467865644,0.8743274404304381,0.9402152251893184
0.666490346469188,0.8066871637202152,0.5779194898365883
0.573657762496694,0.627978478093774,0.5013949780789159
0.5760380851626554,0.8036126056879324,0.7512953367875648
0.7064268711980958,0.8028439661798616,0.5739338381825428
0.7225601692673895,0.7255956956187548,0.5767237943403747
0.5707484792382967,0.8093774019984628,0.5823037066560383
0.6979635017191219,0.7709454265949269,0.6767636508569151
0.5979899497487438,0.7540353574173713,0.863690713431646
0.5056863263686855,0.5303612605687933,0.45396572339577523
0.5204972229568897,0.5649500384319754,0.6365085691510562
0.6916159746098915,0.750576479631053,0.6329214826624153
0.550647976725734,0.9919292851652575,0.7664408130729374
0.6990214229039936,0.7874711760184473,0.48704663212435234
0.5765670457550912,0.7809377401998463,0.5831008369868473
0.6146522084104734,0.6641045349730976,0.6265444400159426
0.705368950013224,0.7513451191391237,0.5627740135512156
0.5942872256016927,0.7886241352805534,0.7146273415703468
0.6535308119545093,0.734435049961568,0.5838979673176564
0.3501719121925417,0.39815526518063027,0.44878437624551615
0.49272679185400686,0.6952344350499615,0.4834595456357114
0.5670457550912457,0.5257494235203689,0.6050219210840972
0.47341973023009787,0.5799385088393544,0.5225189318453567
0.48664866486648667,0.5114295462299556,0.4645909645909646
0.0,0.8648925281473899,0.7417582417582418
0.8037803780378038,1.0,0.0
0.5871587158715872,0.5479358580689184,0.46733821733821734
0.46354635463546356,0.6605254179460934,0.5344932844932845
0.54005400540054,0.4090754008870693,0.6089743589743589
0.5751575157515751,0.5339474582053907,0.5280830280830281
0.5589558955895589,0.6103718867280792,0.5265567765567766
0.3552355235523552,0.3527806209484817,0.3611111111111111
0.5676567656765676,0.6496076424428523,0.6330891330891331
0.5463546354635463,0.4124872057318321,0.4716117216117216
0.5460546054605461,0.601842374616172,0.5204517704517705
0.48664866486648667,0.6107130672125555,0.4993894993894994
0.6150615061506151,0.7932446264073695,0.5125152625152625
0.5475547554755475,0.38689866939611056,0.5384615384615384
0.44704470447044703,0.3834868645513477,0.37423687423687424
0.5973597359735974,0.5574889116342545,0.561965811965812
0.7902232486528099,0.0,0.8626532083633742
0.5257890685142417,0.5411089866156787,0.5046863734679163
0.0,0.8763543658381134,1.0
0.577752117013087,0.5697896749521989,0.4329488103821197
0.8144726712856043,0.6998087954110899,0.6081470800288392
0.5581216320246344,0.5197578075207139,0.6204037490987744
0.628175519630485,0.6277884002549394,0.6373467916366258
0.6451116243264049,0.7007648183556405,0.5428983417447729
0.8029253271747498,0.5994263862332696,0.6755587599134824
0.7140107775211701,0.8008285532186106,0.7541456380677721
0.6447267128560431,0.8849585723390695,0.8777937995674117
0.812933025404157,0.7845761631612492,0.6413121845710166
0.6605080831408776,0.7033142128744423,0.5746214852198991
0.5858352578906851,0.5627788400254939,0.647801009372747
0.5669745958429562,0.6226896112173359,0.6993511175198269
0.6897613548883756,0.67144678138942,0.6737563085796684
0.5254041570438799,0.6332058636073933,0.48954578226387885
0.6774441878367975,0.6096239643084768,0.7108868060562364
0.7598152424942263,0.6653919694072657,0.832732516222062
0.6797536566589685,0.8205863607393244,0.7631578947368421
0.6839876828329484,0.6676226896112173,0.6149963950973324
0.9581227436823104,0.0,0.8514096185737977
0.27075812274368233,0.37753164556962027,0.41956882255389716
1.0,0.9943037974683544,0.0
0.4956678700361011,0.4708860759493671,0.354228855721393
0.49530685920577616,0.644620253164557,0.4792703150912106
0.5361010830324909,0.5392405063291139,0.5608623548922056
0.5151624548736462,0.6338607594936709,0.7412935323383084
0.5140794223826715,0.734493670886076,0.6825870646766169
0.47581227436823104,0.3990506329113924,0.5021558872305141
0.551624548736462,0.44240506329113927,0.47495854063018245
0.7555956678700361,0.5920886075949368,0.49585406301824214
0.5270758122743683,0.5082278481012659,0.5661691542288557
0.43610108303249095,0.4810126582278481,0.4812603648424544
0.5314079422382672,0.4620253164556962,0.49917081260364843
0.49314079422382673,0.4208860759493671,0.5320066334991708
0.5904045828857859,0.44926522043386985,0.5394382454790304
0.5764411027568922,0.844996501049685,0.6456329357445171
1.0,0.8890832750174947,0.0
0.9266022198353026,0.0,0.7475952289342055
0.5864661654135338,0.6952414275717285,0.6240861869949981
0.5878983172216254,0.5276417074877536,0.5490573297422086
0.43537414965986393,0.6151154653603919,0.4243939976914198
0.49946294307196565,0.5794261721483555,0.556367833782224
0.5621195846759757,0.47900629811056683,0.6013851481338977
0.6584317937701396,0.71518544436669,0.4386302424009234
0.5764411027568922,0.8065080475857243,0.6694882647171989
0.6548514142499104,0.7827151854443667,0.633320507887649
0.6487647690655209,0.5517844646606018,0.6044632550981146
0.527389903329753,0.5643806857942617,0.5098114659484417
0.7336197636949516,0.8117564730580826,0.7256637168141593
0.7214464733261726,0.7561231630510846,0.6310119276644863
0.786609380594343,0.7137858642407278,0.8618699499807618
0.48120300751879697,0.5220433869839048,0.42862639476721814
0.47869674185463656,0.7666200139958013,0.7529819161215853
0.6680988184747583,0.7557732680195941,0.6737206617929973
0.6469745793054064,0.8240027991602519,0.632935744517122
0.7708557107053348,0.5671798460461861,0.6883416698730281
0.9905873493975904,0.7406802721088436,0.8947165445430004
0.0,0.9741496598639455,1.0
0.7420933734939759,0.7970068027210885,0.7747782491322792
1.0,0.0,0.8954878519089857
0.8253012048192772,0.7551020408163265,0.829155418434246
1.0064006024096386,0.7205442176870749,0.8719629772464327
0.9887048192771084,1.0,0.0
0.7134789156626506,0.6062585034013606,0.720786733513305
0.8181475903614458,0.8487074829931973,0.8403393752410335
0.7835090361445783,0.814421768707483,0.8885460856151176
0.8618222891566265,0.8310204081632653,0.7562668723486309
0.9359939759036144,0.7001360544217687,0.8974161203239491
0.8561746987951807,0.7994557823129251,0.7686077902043964
0.9137801204819277,0.814421768707483,0.7392981102969534
0.8919427710843374,0.8002721088435374,1.0038565368299268
0.90625,0.7564625850340136,0.8804473582722715
0.8629518072289156,0.9559183673469388,0.8056305437716931
0.8373493975903614,0.7570068027210884,0.853837254145777
0.8934487951807228,0.7621768707482993,0.8746625530273814
0.7868975903614458,0.7972789115646258,0.8708060161974547
0.6570030120481928,0.6421768707482993,0.7508677207867335
0.9156626506024096,0.7322448979591837,0.7473968376397995
0.7454819277108434,0.8571428571428571,0.8897030466640956
0.9755271084337349,0.687891156462585,0.7686077902043964
0.6137048192771084,0.6895238095238095,0.6887774778249133
0.4458804523424879,0.6389658356417359,0.5766539440203562
0.0,0.7559248999692213,0.7242366412213741
0.464297253634895,0.5275469375192366,0.4526081424936387
0.8798061389337641,1.0,0.0
0.6630048465266559,0.38873499538319484,0.5451653944020356
0.6474959612277867,0.7460757156048015,0.5124045801526718
0.5651050080775444,0.5583256386580486,0.6199109414758269
0.6730210016155089,0.6666666666666666,0.5597964376590331
0.5308562197092084,0.4927670052323792,0.5117684478371501
0.5095315024232633,0.6269621421975993,0.5089058524173028
0.5854604200323101,0.518005540166205,0.5438931297709924
0.4878836833602585,0.476762080640197,0.6501272264631043
0.4436187399030695,0.4789165897199138,0.3880407124681934
0.5350565428109855,0.5152354570637119,0.43352417302798985
0.5095315024232633,0.5186211141889813,0.47391857506361323
0.43651050080775444,0.41458910433979684,0.3241094147582697
0.5150242326332795,0.4786088027085257,0.563295165394402
0.5101777059773829,0.5004616805170822,0.5044529262086515
0.5001615508885299,0.47429978454909205,0.5267175572519084
0.51437802907916,0.6032625423207141,0.5788804071246819
0.6707592891760905,0.8313327177593105,0.5629770992366412
0.8877551020408163,0.0,1.0
0.6454081632653061,0.5414715719063545,0.646551724137931
1.0,0.9210702341137124,0.0
0.0,1.0,0.9658920539730135
0.592930029154519,0.7578595317725753,0.6656671664167916
0.7962827988338192,0.5404682274247492,0.8703148425787106
0.7233965014577259,0.7578595317725753,0.7642428785607196
0.6887755102040817,0.5769230769230769,0.8114692653673163
0.7277696793002916,0.7658862876254181,0.7290104947526237
0.6585276967930029,0.8695652173913043,0.7642428785607196
0.6953352769679301,0.7083612040133779,0.835832083958021
0.7547376093294461,0.7632107023411371,0.739880059970015
0.5838192419825073,0.7923076923076923,0.5824587706146926
0.798469387755102,0.7093645484949833,0.7181409295352323
0.6392128279883382,0.8150501672240803,0.6645427286356822
0.5973032069970845,0.5030100334448161,0.7436281859070465
0.6173469387755102,0.7224080267558528,0.712143928035982
0.8469387755102041,0.6331103678929766,0.7807346326836582
0.8527696793002916,0.8394648829431438,0.643928035982009
0.5597667638483965,0.6755852842809364,0.550599700149925
0.8651603498542274,0.6384615384615384,0.8470764617691154
0.6465014577259475,0.722742474916388,0.8680659670164917
0.6545189504373178,0.7906354515050167,0.681784107946027
0.7164723032069971,0.7351170568561873,0.7462518740629686
0.8513119533527697,0.8668896321070234,0.6656671664167916
0.8181486880466472,0.691304347826087,0.702023988005997
0.7139212827988338,0.8244147157190636,0.7342578710644677
0.7438046647230321,0.6655518394648829,0.6158170914542729
0.5040372670807454,0.7469269703543022,0.6713502398903358
0.0,0.8608098336948662,0.8978752570253599
0.6204968944099379,0.7089660159074476,0.6713502398903358
0.962111801242236,0.0,1.0
0.5555900621118013,0.6247288503253796,0.6004112405757368
0.6167701863354037,0.6117136659436009,0.5130226182316655
0.5798136645962733,0.6417208966015907,0.4794379712131597
0.6562111801242236,0.46673897324656544,0.6692940370116518
0.4518633540372671,0.47107736804049166,0.530157642220699
0.7003105590062112,0.6265365148228489,0.7289239204934886
0.5847826086956521,0.7407809110629068,0.6549006168608636
0.55527950310559,0.44866232827187275,0.5308430431802604
0.6332298136645963,0.7288503253796096,0.6130911583276216
0.6400621118012423,0.5723065798987708,0.5517477724468814
0.6347826086956522,0.5777295733911786,0.5308430431802604
0.6121118012422361,0.883586406362979,0.6877998629198081
0.5891304347826087,0.6684743311641359,0.8286497601096642
0.6975155279503106,0.6449746926970354,0.6672378341329678
0.6869565217391305,0.7002892263195951,0.639821795750514
0.5353745541022592,0.4946605644546148,0.5139372822299652
0.9384661117717004,0.8070175438596491,0.0
1.0,0.0,0.9773519163763066
0.5234839476813318,0.4874141876430206,0.6337979094076656
0.603448275862069,0.5983981693363845,0.4912891986062718
0.5612366230677764,0.475209763539283,0.770383275261324
0.5909631391200951,0.5560640732265446,0.5961672473867596
0.5104042806183116,0.4794050343249428,0.6247386759581881
0.5389417360285375,0.5499618611746758,0.581184668989547
0.5870986920332937,0.6209000762776506,0.6205574912891986
0.7999405469678954,0.6186117467581999,0.8463414634146341
0.5903686087990487,0.6205186880244088,0.6027874564459931
0.5609393579072532,0.37757437070938216,0.5836236933797909
0.5680737217598097,0.49084668192219677,0.4024390243902439
0.7089774078478003,0.5327993897787948,0.7
0.4943519619500594,0.5625476735316552,0.6337979094076656
0.5627229488703924,0.4889397406559878,0.7167247386759582
0.7265160523186682,0.7902364607170099,0.7034843205574913
0.7693222354340071,0.6838291380625476,0.713588850174216
0.6563614744351962,0.7250190694126621,0.7689895470383276
0.9527806925498427,0.0,0.865024630541872
1.0,0.8426440479672419,0.0
0.5522910108429521,0.6472652822462709,0.6469622331691297
0.7124868835257083,0.8809593448376718,0.6190476190476191
0.6376355369010144,0.6019303890026323,0.7103448275862069
0.5991605456453305,0.7876572097104416,0.6436781609195402
0.5232598810772997,0.753729160573267,0.7474548440065681
0.6194473592165093,0.584966364434045,0.6486042692939245
0.6505771248688352,0.5241298625329044,0.6683087027914614
0.5320041972717734,0.5469435507458321,0.5638752052545156
0.6803077999300454,0.5495758993857853,0.6200328407224959
0.558586918502973,0.5334893243638491,0.5865353037766831
0.534102833158447,0.5957882421760748,0.7241379310344828
0.5561385099685204,0.45627376425855515,0.5661740558292282
0.7296257432668766,0.6829482304767476,0.6016420361247947
0.664218258132214,0.5036560397777128,0.7697865353037767
0.6621196222455404,0.676513600467973,0.7523809523809524
0.6673662119622246,0.570927171687628,0.638752052545156
0.571528506470794,0.7113190991517988,0.6206896551724138
0.7089891570479189,0.6224042117578239,0.6627257799671593
0.8006295907660022,0.6247440772155601,0.5963875205254515
0.7051416579223505,0.6063176367358877,0.7628899835796388
0.6362364463098986,0.5767768353319684,0.6213464696223316
0.472193074501574,0.6194793799356537,0.5113300492610837
0.5445960125918153,0.6338110558642878,0.5668308702791461
0.6887023434767401,0.5791167007897046,0.6489326765188834
0.8023784540048968,0.5463585843813981,0.8200328407224959
0.8942141623488774,0.0,0.939124487004104
1.0,0.9555768616171301,0.0
0.2655440414507772,0.403004154682007,0.6094391244870041
0.4930915371329879,0.5001597954618089,0.7995896032831737
0.711139896373057,0.5183764781080218,0.7900136798905609
0.6411917098445595,0.6922339405560882,0.49555403556771543
0.522020725388601,0.5420262064557366,0.6333789329685362
0.7737478411053541,0.614892937040588,0.6326949384404925
0.5582901554404145,0.5458612975391499,0.5512995896032832
0.43955094991364424,0.48897411313518696,0.6668946648426812
0.7059585492227979,0.5436241610738255,0.560875512995896
0.44127806563039723,0.5982742090124641,0.5543775649794802
0.48747841105354056,0.5631192074145094,0.6703146374829001
0.4434369602763385,0.4419942473633749,0.41963064295485636
0.540587219343696,0.5001597954618089,0.5961012311901505
0.501727115716753,0.8063279002876318,0.5160738714090287
0.667098445595855,0.522211569191435,0.6740766073871409
0.6493955094991365,0.6500479386385427,0.6049931600547196
0.4900690846286701,0.5263662511984659,0.6265389876880985
0.572538860103627,0.5615212527964206,0.5013679890560876
0.4892055267702936,0.4924896132949824,0.7517099863201094
0.4015544041450777,0.6132949824224992,0.6761285909712722
0.41925734024179623,0.34675615212527966,0.5246238030095759
0.0,1.0,0.9832970225127088
0.8649876135425268,0.9849170437405732,0.0
0.7927332782824112,0.670814479638009,0.6942628903413217
0.6796036333608588,0.888763197586727,0.9687726942628904
0.7237819983484723,0.8985671191553545,0.8816267247639796
0.5412881915772089,0.5150829562594268,0.4466230936819172
0.47440132122213047,0.4249622926093514,0.47893972403776325
0.7291494632535095,0.6794871794871795,0.6132897603485838
0.6800165152766309,0.5671191553544495,0.6477850399419027
0.4888521882741536,0.6334841628959276,0.7352941176470589
0.6255161023947151,0.504524886877828,0.6855482933914306
0.6077621800165153,0.6168929110105581,0.6615831517792302
0.8154417836498762,0.8431372549019608,0.6532316630355846
0.6213872832369942,0.7620663650075414,0.7668845315904139
0.6787778695293146,0.7062594268476622,0.9339143064633261
0.6011560693641619,0.8544494720965309,0.7545388525780683
0.6948802642444261,0.521870286576169,0.6506899055918663
0.643270024772915,0.6968325791855203,0.5337690631808278
0.546242774566474,0.6681749622926093,0.7066085693536674
0.6052848885218828,0.5818250377073907,0.7066085693536674
0.9748142031379026,0.6813725490196079,0.7621641249092229
0.7646573080099092,0.7688536953242836,0.8028322440087146
0.7530966143682907,0.9264705882352942,0.7320261437908496
0.8283759666864962,0.9921030756442227,0.0
0.0,1.0,0.8559276980329612
0.4283164782867341,0.45012468827930174,0.4763423710792132
0.599940511600238,0.6795511221945137,0.4643806485911749
0.6861986912552053,0.670407315045719,0.6044657097288676
0.7647233789411065,0.6230257689110557,0.6515151515151515
0.46698393813206424,0.5997506234413965,0.529505582137161
0.5324211778703153,0.5270157938487116,0.5536948431685274
0.635930993456276,0.7489609310058188,0.5824029771398193
0.5377751338488994,0.7834580216126351,0.6079213184476342
0.5817965496728138,0.7202826267664173,0.723551302498671
0.5868530636525877,0.4941812136325852,0.676501860712387
0.5835812016656752,0.743142144638404,0.6562998405103668
0.6734086853063652,0.628428927680798,0.5810738968633705
0.516656751933373,0.7963424771404821,0.5047846889952153
0.43337299226650805,0.6259351620947631,0.7028176501860712
0.5996430696014278,0.5640066500415628,0.7395002658160553
0.5600832837596669,0.6126350789692435,0.6119085592769803
0.5353955978584176,0.757689110556941,0.5760233918128655
0.5889351576442594,0.7647547797173733,0.6041998936735778
0.5008923259964307,0.4742310889443059,0.6081871345029239
0.6261154074955384,0.7036575228595179,0.6618819776714514
0.5425342058298632,1.0494596841230257,0.5178096757044125
