0.7853356890459364,0.6089269878805794,0.6806026365348399
0.709658421672556,0.6201596216375997,0.5966101694915255
0.7123085983510011,0.49630505468519065,0.864030131826742
0.6772673733804476,0.6908069760567543,0.6606403013182675
0.6784452296819788,0.6183860478864913,0.6674199623352166
0.6643109540636042,0.6278451078924032,0.7190207156308851
0.7229093050647821,0.7449009754655631,0.5871939736346516
0.7179034157832744,0.6092225835057641,0.784557438794727
0.7102473498233216,0.6544487141590305,0.5935969868173258
0.6389870435806831,0.6875554241797222,0.5717514124293785
0.6522379269729093,0.5914868459946793,0.5883239171374764
0.7688457008244994,0.6296186816435116,0.5137476459510358
0.6113074204946997,0.632870233520544,0.5721280602636535
0.7031802120141343,0.5775938516109962,0.7129943502824859
0.6345700824499411,0.6340526160212829,0.6693032015065913
0.664605418138987,0.6213420041383387,0.8937853107344633
0.694640753828033,0.598876736624298,0.5382297551789077
0.6884570082449941,0.5551285840969553,0.5178907721280602
0.592756183745583,0.7265740467041087,0.5774011299435028
0.6189634864546525,0.4747265740467041,0.6052730696798494
0.6124852767962309,0.6098137747561336,0.43163841807909603
0.5600706713780919,0.5681347916050843,0.6135593220338983
0.6136631330977621,0.6780963641738103,0.5800376647834274
0.6866902237926973,0.7898315104936446,0.64030131826742
0.7143698468786808,0.5634052616021283,0.5570621468926553
0.5942285041224971,0.5666568134791605,0.439924670433145
0.5806831566548881,0.5530594147206621,0.559322033898305
0.6213191990577149,0.5152231746970145,0.5608286252354049
0.6275029446407538,0.6509015666568134,0.5988700564971752
0.6919905771495878,0.5104936446940586,0.4674199623352166
0.5630153121319199,0.47886491279929055,0.703954802259887
0.6213191990577149,0.6452852497783033,0.5416195856873823
0.815959952885748,0.5326633165829145,0.6523540489642184
0.607773851590106,0.6092225835057641,0.5013182674199623
0.7617370892018779,0.6954813359528488,0.6811009174311926
0.8116197183098591,0.7359528487229863,0.606605504587156
0.7925469483568075,0.6640471512770137,0.6744954128440367
0.721537558685446,0.7791748526522594,0.7647706422018349
0.7256455399061033,0.805893909626719,0.5119266055045871
0.6150234741784038,0.9642436149312377,0.7552293577981651
0.7291666666666666,0.750098231827112,0.6385321100917432
0.772593896713615,0.730844793713163,0.6598165137614679
0.7200704225352113,0.7218074656188606,0.5706422018348624
0.6496478873239436,0.649901768172888,0.6003669724770642
0.7150821596244131,0.6396856581532416,0.4271559633027523
0.6185446009389671,0.6805500982318271,0.4708256880733945
0.6992370892018779,0.593320235756385,0.4891743119266055
0.7887323943661971,0.5430255402750491,0.5335779816513762
0.6543427230046949,0.5607072691552063,0.6990825688073394
0.6954225352112676,0.5783889980353635,0.6187155963302752
0.6757629107981221,0.6793713163064833,0.45688073394495415
0.6012323943661971,0.8039292730844794,0.7310091743119266
0.5959507042253521,0.5347740667976424,0.6385321100917432
0.7447183098591549,0.7225933202357564,0.5464220183486238
0.5944835680751174,0.656188605108055,0.45357798165137614
0.7356220657276995,0.46011787819253436,0.5695412844036697
0.6065140845070423,0.6326129666011788,0.41211009174311924
0.6487676056338029,0.7469548133595285,0.6451376146788991
0.6801643192488263,0.5760314341846758,0.4873394495412844
0.5484154929577465,0.6117878192534381,0.37137614678899084
0.5102699530516432,0.6612966601178782,0.6880733944954128
0.7224178403755869,0.574459724950884,0.5625688073394496
0.6643192488262911,0.5897838899803536,0.6297247706422018
0.6687206572769953,0.730844793713163,0.516697247706422
0.6355633802816901,0.6047151277013753,0.605137614678899
0.607155764365739,0.6458852867830424,0.6527272727272727
0.5507770148174919,0.5261845386533666,0.7403030303030304
0.5157209974701843,0.5810473815461347,0.49272727272727274
0.600650524033249,0.5284012191742865,0.5627272727272727
0.5439103722443079,0.6796896647270713,0.5393939393939394
0.6895554752439466,0.5985037406483791,0.5121212121212121
0.6649801228767618,0.5638681075090053,0.52
0.6111311890133719,0.5239678581324466,0.5766666666666667
0.573545355981207,0.5816015516763646,0.5215151515151515
0.3722443079147091,0.4893322249930729,0.3881818181818182
0.44380195157209973,0.4258797450817401,0.5075757575757576
0.7553306830502349,0.5076198392906622,0.706060606060606
0.5395735453559812,0.6810750900526462,0.6821212121212121
0.6125767979761475,0.49819894707675255,0.7921212121212121
0.7574990964943983,0.6076475477971738,0.6254545454545455
0.6118539934947597,0.7287337212524245,0.5963636363636363
0.6913624864474159,0.6059850374064838,0.6851515151515152
0.6924466931694977,0.5691327237461901,0.6933333333333334
0.8265269244669317,0.5957328899972292,0.6654545454545454
0.6649801228767618,0.6372956497644777,0.5781818181818181
0.4936754607878569,0.5649764477694652,0.6133333333333333
0.5323455005421034,0.5320033250207814,0.5106060606060606
0.8370075894470546,0.6924355777223608,0.6512121212121212
0.7209974701843151,0.7281795511221946,0.6675757575757576
0.6729309721720275,0.8063175394846218,0.7866666666666666
0.9100108420672208,0.6661124965364367,0.6539393939393939
0.8030357788218287,0.8356885563868107,0.6609090909090909
0.7336465486086013,0.6600166251039069,0.7203030303030303
0.5795860099928622,0.7017809776430466,0.5776502363268062
0.8012134189864383,0.5809018567639257,0.6981769074949359
0.6513204853675946,0.6415308829101932,0.5735989196488859
0.7119914346895075,0.64759378552482,0.775489534098582
0.837615988579586,0.8416066691928761,0.7454422687373397
0.8779443254817987,0.9064039408866995,0.575962187711006
0.7905067808708066,0.7877984084880637,0.6596893990546928
0.8236973590292648,0.8840469874952633,0.7491559756920999
0.9450392576730906,1.0128836680560818,0.6728561782579339
1.0339043540328337,0.7692307692307693,0.8639432815665091
0.7573162027123483,0.8647214854111406,0.8024983119513842
0.8458244111349036,0.7968927624100038,0.7542201215395004
0.6755888650963597,0.6002273588480485,0.6147873058744092
0.7519628836545325,0.8836680560818492,0.7525320729237002
0.797644539614561,0.6544145509662751,0.6340310600945307
0.658458244111349,0.8878363016294051,0.7309250506414585
0.7651677373304783,0.7370215990905646,0.7231600270087779
0.7683797287651677,0.8776051534672225,0.6735313977042539
0.9568165596002856,0.845774914740432,0.6637407157326131
0.7619557458957887,0.8177339901477833,0.8180283592167454
0.6641684511063526,0.8465327775672603,0.799122214719784
0.9539614561027837,0.7461159530125048,0.9334908845374746
0.7408993576017131,0.8461538461538461,0.7447670492910196
0.7919343326195575,0.8381962864721485,0.8352464550979068
0.7487508922198429,0.5949223190602501,0.5982444294395679
0.7786407766990291,0.5596393897364771,0.6766726943942134
0.6485436893203883,0.7874479889042996,0.7884267631103075
0.6508737864077669,0.5807905686546463,0.5377938517179024
0.709126213592233,0.6730235783633842,0.6188065099457505
0.7405825242718447,0.5405686546463245,0.6216998191681736
0.7533980582524272,0.5312066574202496,0.7609403254972875
0.7436893203883496,0.6178918169209431,0.7171790235081374
0.5976699029126213,0.5561719833564494,0.5783001808318264
0.5398058252427185,0.5055478502080444,0.4835443037974684
0.6796116504854369,0.42857142857142855,0.5092224231464738
0.752621359223301,0.7180998613037448,0.6603978300180832
0.7642718446601942,0.7021497919556172,0.8549728752260398
0.6434951456310679,0.5450762829403606,0.4922242314647378
0.7304854368932039,0.4538834951456311,0.5265822784810127
0.6477669902912622,0.49653259361997226,0.5359855334538879
0.5250485436893204,0.5204576976421637,0.5359855334538879
0.694368932038835,0.6747572815533981,0.7305605786618445
0.6912621359223301,0.7073509015256588,0.7985533453887884
0.7840776699029126,0.5898058252427184,0.7790235081374322
0.7044660194174758,0.6553398058252428,0.7453887884267631
0.8792233009708738,0.5319001386962552,0.5634719710669078
0.7277669902912621,0.6085298196948682,0.5808318264014467
0.5965048543689321,0.5922330097087378,0.6528028933092225
0.6526071072733312,0.3955589010161837,0.6709677419354839
0.6160743938890734,0.5769665035754611,0.5684587813620071
0.7299900365327134,0.653744824990591,0.8716845878136201
0.7871139156426437,0.689499435453519,0.6709677419354839
0.7270009963467287,0.7531050056454648,0.6064516129032258
0.6781800066423115,0.6582611968385397,0.7419354838709677
0.6193955496512786,0.7587504704554008,0.6996415770609319
0.5665891730322152,0.6898757997741815,0.7724014336917563
0.603786117568914,0.7696650357546104,0.6939068100358423
0.7372965792095649,0.9213398569815582,0.7806451612903226
0.7768183327798074,0.6733157696650357,0.6885304659498208
0.5685818664895383,0.8411742566804666,0.8139784946236559
0.5871803387578878,0.4821226947685359,0.4971326164874552
0.799402191962803,0.683853970643583,0.7462365591397849
0.7910993025572899,0.6977794505080919,0.632258064516129
0.7940883427432747,0.6940158073014678,0.7154121863799283
0.5855197608767851,0.6458411742566804,0.7362007168458782
0.6350049817336433,0.4595408355287919,0.5408602150537635
0.5745599468615078,0.653744824990591,0.6835125448028674
0.7120557954168051,0.6202484004516372,0.7362007168458782
0.49485220856858186,0.5540082800150545,0.5931899641577061
0.4888741281966124,0.622882950696274,0.6688172043010753
0.5395398042845808,0.893543428132206,0.8142686329214827
0.5450938905051573,0.8262874711760184,0.7313670785173376
0.5723353610156043,0.7321291314373559,0.6970904742925468
0.6368685532927797,0.6929285165257494,0.5811080111598246
0.5784184078286168,0.6783243658724059,0.5759266640095656
0.5321343559904788,0.669869331283628,0.6572339577520925
0.5405977254694525,0.5730207532667179,0.4830609804703069
0.6466543242528432,0.7801691006917756,0.6783579115185333
0.62020629463105,0.8370484242890085,0.8082901554404145
0.5448294102089394,0.6810146041506533,0.5436428856117975
0.5305474742131712,0.7475019215987702,0.716221602231965
0.542978048135414,0.6176018447348194,0.4543642885611798
0.5569955038349643,0.5514988470407379,0.37823834196891193
0.4779158952658027,0.7701767870868562,0.7421283379832603
0.550647976725734,0.648347425057648,0.5966520526106018
0.4337476857974081,0.6360491929285165,0.5420486249501794
0.5511769373181697,0.5630284396617986,0.5404543642885612
0.5577889447236181,0.6168332052267487,0.5906735751295337
0.49748743718592964,0.7332820906994619,0.6783579115185333
0.5337212377677863,0.8862413528055342,0.666400956556397
0.6117429251520762,0.7298232129131438,0.6078118772419291
0.6651679449880984,0.6591083781706379,0.5396572339577521
0.558055805580558,0.5950187649266462,0.45726495726495725
0.5946594659465947,0.5356533606277721,0.5061050061050061
0.5322532253225323,0.5759126577959741,0.6092796092796092
0.5385538553855386,0.5783009211873081,0.5589133089133089
0.573057305730573,0.5223473217331969,0.5451770451770451
0.6729672967296729,0.5151825315591948,0.681929181929182
0.5298529852985299,0.6489252814738997,0.6083638583638583
0.47644764476447643,0.4817468440805186,0.442002442002442
0.46144614461446143,0.4322756738314568,0.5186202686202687
0.5292529252925292,0.5632889798703514,0.5006105006105006
0.5232523252325233,0.6721255544182873,0.5491452991452992
0.5781578157815782,0.6680313886045718,0.6144688644688645
0.5571557155715572,0.5206414193108154,0.6407203907203908
0.6165616561656165,0.6956670078471512,0.5976800976800977
0.46144614461446143,0.5871716137836915,0.5949328449328449
0.48814881488148815,0.5899010576595018,0.5079365079365079
0.5268526852685268,0.3493688161037189,0.40476190476190477
0.519051905190519,0.5076765609007164,0.5103785103785103
0.519051905190519,0.5725008529512112,0.5641025641025641
0.7065706570657065,0.7782326850904129,0.49786324786324787
0.5127512751275127,0.3991811668372569,0.38125763125763124
0.48004800480048004,0.3961105424769703,0.4554334554334554
0.5214521452145214,0.5315591948140567,0.4444444444444444
0.43864386438643865,0.4363698396451723,0.5082417582417582
0.45184518451845185,0.4223814397816445,0.5631868131868132
0.4734473447344735,0.4646878198567042,0.47466422466422464
0.6697459584295612,0.6303377947737412,0.7898341744772891
0.693225558121632,0.6679413639260675,0.5962509012256669
0.6674364896073903,0.7938177182919057,0.8222782984859409
0.6682063125481139,0.5583173996175909,0.5684931506849316
0.651270207852194,0.8196303377947738,0.6961067051189618
0.6616628175519631,0.6695347355003187,0.5003604902667628
0.684757505773672,0.5774378585086042,0.635183850036049
0.5538876058506543,0.7007648183556405,0.5598413842826244
0.6670515781370285,0.6564690885914596,0.6384282624369142
0.6370284834488068,0.5863607393244105,0.5227108868060563
0.6959199384141648,0.6927979604843849,0.6687094448449892
0.7286374133949192,0.577119184193754,0.6510454217736121
0.6678214010777521,0.7753346080305927,0.6701514059120404
0.7644341801385681,0.7874442319949012,0.6470800288392213
0.8144726712856043,0.6724028043339707,0.6488824801730353
0.5238645111624326,0.5458891013384322,0.5198269646719539
0.7494226327944573,0.8075207138304653,0.5767844268204758
0.6104695919938414,0.6520076481835564,0.5789473684210527
0.6720554272517321,0.4843849585723391,0.6041816870944484
0.6139337952270978,0.6545570427023581,0.4978370583994232
0.613548883756736,0.507010834926705,0.6204037490987744
0.5415704387990762,0.5691523263224985,0.5504686373467916
0.6370284834488068,0.5796685787125557,0.5010814708002884
0.5989222478829869,0.7472912683237731,0.4383561643835616
0.701693610469592,0.6163161249203314,0.7743330930064888
0.7397998460354118,0.7329509241555131,0.7346791636625811
0.6938628158844765,0.514873417721519,0.5313432835820896
0.5667870036101083,0.7129746835443038,0.6199004975124378
0.5862815884476534,0.605379746835443,0.6729684908789386
0.49458483754512633,0.4927215189873418,0.6885572139303483
0.7411552346570397,0.6765822784810127,0.5044776119402985
0.44765342960288806,0.5310126582278482,0.512106135986733
0.6288808664259928,0.604746835443038,0.5253731343283582
0.744043321299639,0.5427215189873418,0.5399668325041459
0.5913357400722021,0.6003164556962025,0.5648424543946932
0.6162454873646209,0.5231012658227848,0.5827529021558873
0.5866425992779783,0.6585443037974683,0.5442786069651742
0.36137184115523463,0.5443037974683544,0.5718076285240464
0.6151624548736462,0.5642405063291139,0.454726368159204
0.2779783393501805,0.4651898734177215,0.6819237147595356
0.4963898916967509,0.5382911392405063,0.5747927031509121
0.5787003610108303,0.5901898734177216,0.5708126036484246
0.3458483754512635,0.4120253164556962,0.38872305140961855
0.5530685920577617,0.5370253164556962,0.6262023217247098
0.4732851985559567,0.5984177215189873,0.5436152570480929
0.5891696750902528,0.5949367088607594,0.5761194029850746
0.5552346570397112,0.4481012658227848,0.5807628524046434
0.4750902527075812,0.46044303797468356,0.4845771144278607
0.6433212996389892,0.4243670886075949,0.6925373134328359
0.4855595667870036,0.49335443037974686,0.5595356550580431
0.5003610108303249,0.5563291139240506,0.5422885572139303
0.5992779783393501,0.5009493670886076,0.5744610281923714
0.5771571786609381,0.6294611616515046,0.721816083108888
0.631578947368421,0.665850244926522,0.6248557137360523
0.7035445757250268,0.6088173547935619,0.5833012697191228
0.5853920515574651,0.7239328201539538,0.5144286263947672
0.686358754027927,0.6252624212736179,0.7322046941131204
0.7551020408163265,0.7053883834849545,0.5344363216621778
0.5624776226279986,0.7260321903428971,0.7633705271258177
0.7132116004296455,0.5997200839748076,0.6379376683339746
0.6824203365556749,0.6109167249825053,0.6379376683339746
0.6172574292875045,0.7319804058782365,0.7283570604078492
0.6308628714643753,0.6417074877536739,0.6671796844940362
0.6659505907626209,0.6308607417774668,0.5232781839168911
0.4783387039026137,0.6357592722183345,0.6948826471719892
0.6115288220551378,0.5073477956613016,0.6225471335128896
0.4128177586824203,0.572778166550035,0.5548287803001154
0.5492302184031508,0.5871238628411477,0.5983070411696807
0.6996061582527748,0.6473058082575227,0.6848787995382839
0.6509129967776585,0.8047585724282715,0.880723355136591
0.7858933046902972,0.6952414275717285,0.5136590996537129
0.6158252774794128,0.8547935619314205,0.7210465563678338
0.6813462226996062,0.6766969909027292,0.9226625625240477
0.46258503401360546,0.5458362491252624,0.5252020007695267
0.4865735767991407,0.48845346396081174,0.5240477106579453
0.8298192771084337,0.8250340136054422,0.9433089086000771
0.8573042168674698,0.8340136054421768,0.7311993829541072
0.8407379518072289,0.713469387755102,1.0254531430775164
1.1359186746987953,0.8024489795918367,0.9868877747782492
0.49585843373493976,0.5866666666666667,0.5846509834168916
0.6750753012048193,0.5589115646258503,0.5530273814114924
0.6942771084337349,0.6174149659863946,0.7049749325106055
0.6942771084337349,0.6351020408163265,0.7065175472425762
0.8181475903614458,0.8239455782312926,0.6864635557269572
0.7556475903614458,0.7863945578231293,0.7061318935595835
1.0248493975903614,0.7281632653061224,0.7331276513690705
0.9130271084337349,0.6696598639455782,0.7088314693405322
0.8211596385542169,0.8187755102040817,0.95526417277285
0.8418674698795181,0.8560544217687075,0.7130736598534516
0.8091114457831325,0.7216326530612245,0.7319706903200925
0.7153614457831325,0.8552380952380952,0.8553798688777478
1.0233433734939759,0.747482993197279,0.7728499807173158
0.8460090361445783,0.6854421768707483,0.8924026224450443
0.8411144578313253,0.7872108843537415,0.870420362514462
0.7684487951807228,0.7910204081632654,0.7566525260316236
0.8994728915662651,0.7352380952380952,0.8087157732356344
0.9246987951807228,0.7836734693877551,0.7123023524874662
0.8094879518072289,0.796734693877551,0.8129579637485538
0.8185240963855421,0.651156462585034,0.6968762051677594
0.7421647819063005,0.7051400430901816,0.556615776081425
0.5489499192245557,0.538627269929209,0.5893765903307888
0.612924071082391,0.4798399507540782,0.6230916030534351
0.5770597738287561,0.5063096337334565,0.5279898218829516
0.6694668820678513,0.566943674976916,0.5423027989821882
0.5463651050080776,0.6611265004616805,0.6075063613231552
0.6310177705977383,0.5155432440751,0.5461195928753181
0.6319870759289176,0.5832563865804863,0.5448473282442748
0.41518578352180935,0.5337026777469991,0.6409033078880407
0.42294022617124394,0.592797783933518,0.40012722646310434
0.47108239095315024,0.682979378270237,0.6180025445292621
0.5841680129240711,0.7417666974453678,0.602735368956743
0.7308562197092084,0.5718682671591259,0.48314249363867684
0.6487883683360258,0.5475530932594644,0.7064249363867684
0.6620355411954766,0.5998768851954448,0.6787531806615776
0.5234248788368336,0.5918744228993537,0.5636132315521628
0.6487883683360258,0.5534010464758388,0.601145038167939
0.531502423263328,0.6072637734687596,0.5
0.35831987075928917,0.4275161588180979,0.3431933842239186
0.3802907915993538,0.2674669128962758,0.4449745547073791
0.4872374798061389,0.49061249615266234,0.419529262086514
0.43909531502423266,0.46321945213911975,0.4551526717557252
0.5176090468497577,0.4755309325946445,0.44561068702290074
0.771865889212828,0.6264214046822743,0.7586206896551724
0.8502186588921283,0.682943143812709,0.7200149925037481
0.6803935860058309,0.717056856187291,0.8755622188905547
0.7091836734693877,0.6612040133779264,0.6255622188905547
0.7809766763848397,0.6204013377926422,0.7432533733133433
0.6308309037900874,0.7481605351170568,0.8403298350824587
0.7459912536443148,0.6331103678929766,0.7919790104947526
0.7645772594752187,0.7949832775919733,0.7136431784107946
0.7441690962099126,0.7899665551839465,0.9062968515742129
0.7536443148688047,0.6635451505016723,0.7968515742128935
0.7346938775510204,0.7237458193979933,0.7687406296851574
0.8866618075801749,0.8963210702341137,0.7537481259370314
0.7026239067055393,0.794314381270903,0.9508995502248876
0.6767492711370262,0.9173913043478261,0.8152173913043478
0.7587463556851312,0.6755852842809364,0.7784857571214393
0.6975218658892128,0.6501672240802676,0.591079460269865
0.7616618075801749,0.8053511705685619,0.5412293853073463
0.6672740524781341,0.7618729096989967,0.972263868065967
0.6731049562682215,0.5809364548494983,0.7784857571214393
0.6993440233236151,0.8183946488294315,0.6124437781109445
0.6767492711370262,0.6979933110367893,0.6937781109445277
0.5947521865889213,0.5812709030100335,0.7331334332833583
0.6701895043731778,0.8826086956521739,0.6562968515742129
0.5222303206997084,0.45016722408026755,0.4943778110944528
0.6953352769679301,0.8244147157190636,0.828335832083958
0.7037172011661808,0.5558528428093645,0.6795352323838081
0.6201863354037267,0.8477946493130875,0.7440027416038383
0.8313664596273292,0.7631959508315257,0.7230980123372173
0.5677018633540373,0.8177874186550976,0.7583961617546264
0.8698757763975156,0.7158351409978309,0.7021932830705963
0.8046583850931677,0.8109182935647143,0.8379026730637423
0.49782608695652175,0.49493853940708604,0.4407128169979438
0.703416149068323,0.5383224873463485,0.6401644962302947
0.5714285714285714,0.5213304410701374,0.6881425633995888
0.6173913043478261,0.5835140997830802,0.6405071967100754
0.6003105590062112,0.7360809833694866,0.630568882796436
0.5636645962732919,0.6409978308026031,0.6494174091843729
0.5158385093167702,0.6026753434562545,0.6148046607265251
0.7956521739130434,0.7751265365148229,0.6261137765592872
0.5711180124223603,0.7158351409978309,0.6453050034270048
0.7996894409937888,0.7096890817064353,0.9006168608636053
0.6841614906832298,0.6738973246565437,0.9266620973269363
0.484472049689441,0.732827187274042,0.6764907470870459
0.6987577639751553,0.6185827910339841,0.6264564770390678
0.681055900621118,0.6778741865509761,0.7563399588759424
0.603416149068323,0.7288503253796096,0.8156271418779987
0.674223602484472,0.6417208966015907,0.6165181631254284
0.5236024844720497,0.4508315256688359,0.48252227553118576
0.6201863354037267,0.5824295010845987,0.6291980808773132
0.5527950310559007,0.6290672451193059,0.5119945167923236
0.6869797859690844,0.7170099160945843,0.645993031358885
0.6967895362663495,0.618230358504958,0.7236933797909407
0.72294887039239,0.6083142639206712,0.6543554006968642
0.5856123662306778,0.8321891685736079,0.8770034843205575
0.654577883472057,0.6361556064073226,0.8289198606271777
0.6536860879904876,0.5976353928299009,0.4609756097560976
0.5383472057074911,0.4744469870327994,0.5306620209059233
0.5835315101070154,0.45308924485125857,0.6132404181184669
0.6468489892984542,0.6807780320366132,0.5721254355400697
0.7410820451843044,0.5434782608695652,0.6010452961672473
0.6349583828775267,0.7543859649122807,0.6024390243902439
0.6197978596908442,0.6163234172387491,0.6376306620209059
0.6251486325802615,0.5816170861937452,0.6804878048780488
0.5121878715814506,0.6567505720823799,0.6139372822299651
0.5514268727705113,0.6361556064073226,0.6442508710801393
0.6747919143876338,0.6578947368421053,0.7355400696864112
0.6105826397146255,0.7974828375286042,0.8686411149825783
0.6807372175980975,0.7490465293668955,0.7226480836236934
0.6884661117717004,0.5789473684210527,0.6198606271777003
0.5725326991676576,0.6258581235697941,0.5407665505226481
0.42717003567181927,0.4843630816170862,0.46689895470383275
0.5713436385255648,0.6403508771929824,0.7362369337979094
0.6403091557669441,0.6796338672768879,0.6717770034843206
0.441141498216409,0.5221205186880244,0.562369337979094
0.477705112960761,0.4935163996948894,0.6672473867595818
0.4994054696789536,0.6613272311212814,0.6578397212543554
0.6033578174186779,0.5083357706931851,0.5865353037766831
0.440713536201469,0.6022228721848494,0.5730706075533661
0.7352221056313396,0.4972214097689383,0.6367816091954023
0.45820216859041624,0.45510383152968703,0.4522167487684729
0.564882826162994,0.6531149458906113,0.6545155993431856
0.5103182931094788,0.7484644632933606,0.7467980295566502
0.6051066806575726,0.584966364434045,0.6279146141215107
0.35257082896117525,0.3919274641708102,0.4896551724137931
0.7138859741168241,0.5352442234571512,0.40164203612479477
0.4204267226302903,0.5086282538754021,0.5671592775041051
0.6533753060510669,0.6431705176952325,0.6311986863711002
0.683455753760056,0.6539923954372624,0.6105090311986864
0.6404337180832459,0.622696694940041,0.728407224958949
0.5099685204616999,0.6393682363264113,0.7004926108374384
0.6418328086743617,0.6589646095349517,0.6577996715927751
0.6638684854844351,0.5463585843813981,0.600328407224959
0.515564882826163,0.6323486399532027,0.7382594417077176
0.739069604756908,0.7715706346885054,0.5619047619047619
0.5995103182931095,0.5633226089499854,0.594088669950739
0.769849597761455,0.545481134834747,0.6637110016420361
0.5225603357817419,0.6341035390465048,0.6962233169129721
0.48933193424274224,0.6115823340157941,0.5169129720853859
0.49282966072053164,0.5138929511553085,0.5399014778325123
0.6152500874431619,0.4726528224627084,0.6627257799671593
0.5613850996852047,0.6267914594910793,0.7556650246305419
0.571528506470794,0.4852295992980404,0.5596059113300492
0.5142487046632125,0.5349952061361457,0.5017099863201094
0.707685664939551,0.6043464365612017,0.6025991792065664
0.6247841105354058,0.5174177053371685,0.7021203830369357
0.6373056994818653,0.6299137104506232,0.6207250341997264
0.616580310880829,0.7347395333972515,0.8023255813953488
0.4995682210708117,0.7238734419942474,0.841655266757866
0.6696891191709845,0.4940875679130713,0.6963064295485636
0.6329879101899827,0.6621923937360179,0.6641586867305062
0.45768566493955093,0.46915947587088525,0.4736662106703146
0.5332469775474957,0.4566954298497923,0.4524623803009576
0.48704663212435234,0.6021093000958773,0.6778385772913816
0.34628670120898103,0.6033876637903484,0.5078659370725034
0.4952504317789292,0.8104825822946629,0.8040355677154583
0.540587219343696,0.6711409395973155,0.5813953488372093
0.5259067357512953,0.5202940236497283,0.6347469220246238
0.6217616580310881,0.5819750719079578,0.6282489740082079
0.4067357512953368,0.5065516139341643,0.49794801641586867
0.6027633851468048,0.4979226589964845,0.6261969904240766
0.8285837651122625,0.6078619367209971,0.6833105335157319
0.7141623488773747,0.7491211249600511,0.6692886456908345
0.7258203799654577,0.4825822946628316,0.6880984952120383
0.6278065630397237,0.6554809843400448,0.6997264021887825
0.348013816925734,0.4509427932246724,0.33618331053351574
0.6049222797927462,0.44742729306487694,0.649452804377565
0.5414507772020726,0.5011185682326622,0.689124487004104
0.5500863557858376,0.3640140620006392,0.6282489740082079
0.38773747841105355,0.6033876637903484,0.5218878248974008
0.5526770293609672,0.700862895493768,0.6060191518467852
0.5315198618307426,0.5119846596356663,0.6415868673050615
0.48596201486374896,0.44306184012066363,0.5326797385620915
0.6705202312138728,0.4947209653092006,0.6935366739288308
0.7807597027250206,0.8216440422322775,0.6408859840232389
0.3926507018992568,0.6376319758672699,0.635439360929557
0.630057803468208,0.5588235294117647,0.6626724763979666
0.7213047068538398,0.7345399698340875,0.7429193899782135
0.6379025598678778,0.5463800904977375,0.6430646332607117
0.6874483897605285,0.5339366515837104,0.5708061002178649
0.6114781172584641,0.698340874811463,0.6063907044299202
0.6585466556564823,0.5448717948717948,0.6227305737109659
0.7745664739884393,0.69947209653092,0.5214233841684822
0.6251032204789431,0.6866515837104072,0.6387073347857661
0.6213872832369942,0.7654600301659125,0.6122004357298475
0.6189099917423617,0.6817496229260935,0.7327523602033406
0.6412056151940545,0.7405731523378583,0.7011619462599855
0.7436003303055326,0.6300904977375565,0.7371096586782862
0.7778695293146161,0.6892911010558069,0.6365286855482933
0.791494632535095,0.8416289592760181,0.8064633260711692
0.6895127993393889,0.8823529411764706,0.760711692084241
0.7283236994219653,0.7070135746606335,0.8729121278140886
0.8109000825763831,0.6730769230769231,0.70079883805374
0.6754748142031379,0.7733785822021116,0.830791575889615
0.5315288518738845,0.871571072319202,0.5925039872408293
0.6109458655562165,0.6034912718204489,0.6762360446570973
0.446162998215348,0.5523690773067331,0.6347687400318979
0.6737061273051755,0.5457190357439734,0.5372142477405635
0.42028554431885784,0.6928512053200333,0.5925039872408293
0.6002379535990482,0.6454696591853699,0.6140350877192983
0.6466389054134444,0.7963424771404821,0.5749601275917066
0.46103509815585964,0.5868661679135495,0.7185007974481659
0.5835812016656752,0.41562759767248547,0.5893141945773525
0.6635930993456276,0.5099750623441397,0.5518341307814992
0.508923259964307,0.6525353283458022,0.5587453482190324
0.5734681737061273,0.6479634247714048,0.7121212121212122
0.5050565139797739,0.6916043225270158,0.6307814992025519
0.5455086258179654,0.5947630922693267,0.5332270069112174
0.5588935157644259,0.5170407315045719,0.5794790005316321
0.40184414039262345,0.5519534497090607,0.4670388091440723
0.48274836406900656,0.6945137157107232,0.4625199362041467
0.4402141582391434,0.49625935162094764,0.5303030303030303
0.5264723378941106,0.5627597672485453,0.512227538543328
0.5544318857822724,0.6492103075644223,0.6119085592769803
0.4860202260559191,0.7556109725685786,0.6560340244550771
0.5389649018441404,0.7597672485453034,0.7360446570972887
0.5422367638310529,0.6571072319201995,0.5159489633173844
0.46579417013682334,0.4534497090606816,0.5584795321637427
