0.7088737201365187,0.7240996350943995,0.687965367965368
0.702901023890785,0.6511185149928606,0.7544588744588745
0.7718430034129693,0.8137394891321593,0.8081385281385282
0.8476109215017065,0.7544026653974298,0.7357575757575757
0.7860068259385665,0.8310328415040457,0.7716017316017316
0.8090443686006826,0.7344121846739647,0.8131601731601732
0.7745733788395904,0.7010947168015231,0.8348051948051948
0.7242320819112628,0.714104394732667,0.7321212121212122
0.6474402730375427,0.6680945581469142,0.636017316017316
0.7469283276450512,0.7090274472473426,0.7333333333333333
0.6808873720136519,0.8323020783753768,0.7196536796536797
0.8643344709897611,0.6925273679200381,0.876017316017316
0.6931740614334471,0.7799460574329684,0.8287445887445888
0.7812286689419795,0.7766143106457243,0.7316017316017316
0.5651877133105802,0.5576709503411074,0.6065800865800866
0.7414675767918089,0.7645565603680787,0.7703896103896104
0.7646757679180888,0.7456766619070284,0.7956709956709956
0.6723549488054608,0.7049024274155165,0.695064935064935
0.7604095563139932,0.6772965254640647,0.7440692640692641
0.8402730375426621,0.7881960970966206,0.729004329004329
0.6742320819112628,0.7206092336982389,0.8076190476190476
0.6679180887372014,0.6078058067586863,0.6751515151515152
0.6872618850422395,0.6881070185083379,0.6637916163532862
0.661089945337088,0.6619021440351842,0.6889770570984992
0.783998674838496,0.7152281473336999,0.8983957219251337
0.6985257578267351,0.7736851750045812,0.6848369846472313
0.6874275302302468,0.8257284222100055,0.8478523374159048
0.8182872287560047,0.7003848268279275,0.8130067276177333
0.7377836673844624,0.7243906908557816,0.7096774193548387
0.6937220473745238,0.6948873007146784,0.7310677936863895
0.6887526917343051,0.836540223566062,0.8071416249784371
0.6736789796256418,0.6686824262415246,0.8135242366741418
0.7944343216829551,0.7518783214220267,0.7429705019837847
0.762796090773563,0.8246289169873557,0.7070898740727962
0.742090442272652,0.7839472237493128,0.7879937898913231
0.9045883717078019,0.7144951438519332,0.8064516129032258
0.7424217326486665,0.684075499358622,0.8318095566672417
0.6713599469935398,0.7810152098222467,0.799206486113507
0.6639059135332118,0.727689206523731,0.6907020872865275
0.7016730163988736,0.7000183250870442,0.6843194755908228
0.6501573629286069,0.7308044713212388,0.732620320855615
0.7298326983601127,0.7410665200659703,0.7474555804726583
0.6400530064601623,0.676562213670515,0.7703984819734345
0.8273977140964055,0.6879237676378963,0.7422804899085734
0.7608083485174756,0.7452812900861279,0.6886320510608935
0.6423720390922644,0.680593732820231,0.720545109539417
0.7288388272320689,0.7454645409565696,0.6665516646541314
0.6407155872121915,0.6582371266263515,0.7308952906675866
0.7223786648997846,0.849551035367418,0.7036398136967397
0.7743912539340733,0.6509070918086861,0.8356046230809039
0.7773728673182044,0.7795492028587135,0.7220976367086424
0.6653967202252774,0.676562213670515,0.6636191133344833
0.9888579387186629,0.8456115615086359,0.9298955173576002
0.8157845868152275,0.8771589707437434,0.8105830805527469
0.823769730733519,0.824286217835742,0.8318166498146276
0.9112349117920149,0.8561861120902362,0.801314459049545
0.8843082636954503,0.8380331335918223,0.7703067071115605
0.740761374187558,0.7759957701797674,0.8582743511964948
0.7987000928505107,0.714839619316179,0.7595214020896528
0.8807799442896936,0.8189989425449419,0.7976070104482642
0.942246982358403,0.8165315474092351,0.9202898550724637
0.7522748375116063,0.8279873105393021,0.8658577687900236
0.8467966573816156,0.87222418047233,0.7271654870239299
0.8612813370473538,0.9324991187874515,0.9025952140208965
0.9526462395543176,0.8281635530489955,0.8793394000674082
0.9309192200557103,0.8443778639407825,0.8474890461745871
0.9060352831940576,0.8438491364117024,0.8852376137512639
1.0105849582172701,0.7721184349665139,0.8314796090326929
0.8794800371402043,0.9661614381388791,0.7935625210650489
0.9234911792014856,0.7767007402185407,0.7863161442534546
0.8256267409470752,0.853013746915756,0.7610380856083586
0.8505106778087279,0.8406767712372224,0.8196831816649814
0.8583101207056639,0.7023264011279521,0.7906976744186046
0.8425255338904364,0.7994360239689813,0.9041118975396023
0.7598885793871867,0.8981318293972507,0.8434445567913718
0.9099350046425255,0.8161790623898484,0.8668688911358274
0.9855153203342618,0.825872400422982,0.8129423660262892
0.9637883008356546,0.7915051110327811,0.8200202224469161
0.8726090993500464,0.8175890024673952,0.8948432760364005
0.9435468895078923,0.7832217130771942,0.8859116953151331
0.8644382544103992,0.8577722946774762,0.8110886417256488
0.8193129062209842,0.8343320408882623,0.7360970677451971
0.8219127205199629,0.712724709199859,0.679474216380182
0.7690655209452202,0.7898207642881299,0.6303445787479705
0.6682778374507697,0.6890429489347312,0.8020927295688255
0.8845327604726101,0.7815353398714914,0.9123218473750676
0.8619763694951665,0.8349678728440988,0.8621685008118347
0.7930540637307555,0.9900236726411904,0.9247699801551507
0.8689581095596133,0.8611768684477511,0.8028143604546275
0.8208020050125313,0.8875549543456206,0.9372181129352336
0.8861439312567132,0.7967534663510315,0.8733537795417644
0.8741496598639455,0.8214406493067298,0.8755186721991701
0.8582169709989259,0.8227933716604667,0.8654158397979433
0.807733619763695,0.8219479201893811,0.7187443622587046
0.7860723236663086,0.7172810280689889,0.8120151542486018
0.7593984962406015,0.8089279675346636,0.8284322569005953
0.7334407447189402,0.7154210348326006,0.7319141259245896
0.6462585034013606,0.7512681772066283,0.6738228396175356
0.7443609022556391,0.8224551910720325,0.810571892476998
0.7457930540637308,0.6981738248224552,0.8103914847555476
0.8510562119584676,0.7972607372336827,0.7813458416020206
0.7894736842105263,0.8391951301995265,0.8080461843766913
0.826530612244898,0.826344267839026,0.7914486740032474
0.9101324740422485,0.7987825498816368,0.95471766191593
0.7261009667024705,0.8358133243151843,0.847916290817247
0.7996777658431794,0.7882989516401758,0.9043839076312467
0.8311851056211959,0.9156239431856611,0.782608695652174
0.6749015395631937,0.6589448765640852,0.6952913584701426
0.692266380236305,0.8150152181264796,0.7268627097239762
0.809702828499821,0.7411227595536016,0.8464730290456431
0.7300393841747225,0.7693608386878593,0.7398520656684107
0.7708557107053348,0.7578626986810957,0.7378675807324554
0.874351371386212,0.7477109221713538,0.9228944246737841
0.8005930318754633,0.8451602354480052,0.9092526690391459
0.6510378057820608,0.8893067364290386,0.847172795571372
0.7792809488510007,0.8212884238064094,0.8200869909054962
0.850815418828762,0.7773054283845651,0.8459865559509687
0.9251297257227576,0.762589928057554,0.8849347568208779
0.7965159377316531,0.9058207979071289,0.987149070778964
0.8278354336545589,0.8216154349247874,0.9707394226967181
0.8291326908821349,0.8670699803793329,0.9211150652431791
0.7322090437361009,0.7339764551994767,0.72499011466983
0.7766864343958487,0.7972531066056245,0.9489916963226572
0.7994810971089696,0.7836821451929366,0.8232502965599051
0.7787249814677539,0.8243950294310006,0.8900751285092922
0.676056338028169,0.6568018312622629,0.6239620403321471
0.6438102297998517,0.6913015042511446,0.7633451957295374
0.6834692364714603,0.6283518639633747,0.7105575326215896
0.8380281690140845,0.762753433616743,0.8588374851720048
0.7546330615270571,0.8706671026814912,1.0015816528272043
0.8011489992587102,0.894865925441465,0.9260577303281929
0.7283172720533728,0.7815565729234794,0.7319098457888493
0.7188658265381764,0.7137017658600392,0.7953736654804271
0.7732727272727272,0.820599785790789,0.8322559793148029
0.7729090909090909,0.8996786861835059,0.8658694246929541
0.8852727272727273,0.8434487682970367,0.7925016160310278
0.7703636363636364,0.8048911103177436,0.7352941176470589
0.771090909090909,0.7877543734380579,0.7819974143503555
0.8221818181818182,0.7477686540521242,0.8419521654815773
0.6785454545454546,0.755980007140307,0.7941176470588235
0.7165454545454546,0.7973937879328811,0.7844214608920491
0.888,0.9393073902177793,0.7792501616031028
0.8725454545454545,0.7504462691895751,0.7808661926308985
0.7907272727272727,0.7333095323098894,0.8146412411118293
0.5429090909090909,0.6574437700821135,0.6205559146735617
0.8009090909090909,0.7927525883612996,0.7186489980607628
0.7810909090909091,0.6747590146376294,0.8020361990950227
0.8576363636363636,0.7247411638700464,0.766321913380737
0.7781818181818182,0.8266690467690111,0.8724951519069166
0.8354545454545454,0.773473759371653,0.7532320620555915
0.7536363636363637,0.9600142806140664,0.7960568842921784
0.8343636363636364,0.9584077115315959,0.8663542340012929
0.8047272727272727,0.8309532309889325,0.7359405300581772
0.9183636363636364,0.8163156015708676,0.8293471234647706
0.7774545454545455,0.8902177793645126,0.8172268907563025
0.8118181818181818,0.8564798286326312,0.6168390433096316
0.7958181818181819,0.7920385576579793,0.8327407886231416
0.8361818181818181,0.8357729382363441,0.7508080155138979
0.856909090909091,0.9459121742234916,0.6711376858435681
0.7649090909090909,0.8953945019635844,0.7462831286360698
0.8605454545454545,0.8272045697965013,0.8585972850678733
0.904,0.7416993930739022,0.78409825468649
0.8298181818181818,0.8639771510174937,0.7070135746606335
0.8018181818181818,0.9018207782934666,0.8191661279896574
0.775090909090909,0.9289539450196358,0.9036845507433743
0.8138181818181818,0.8213138164941093,0.8437297996121526
0.7178714859437751,0.8346146634164635,0.830394922425952
0.802376171352075,0.6936058503656478,0.6373413258110014
0.8360107095046854,0.7464841552597037,0.8887517630465445
0.7046519410977242,0.7599849990624414,0.6815937940761636
0.7653949129852744,0.6962310144384024,0.6898801128349789
0.7110107095046854,0.6714794674667167,0.7263751763046544
0.768574297188755,0.8717419838739922,0.8152327221438646
0.8316599732262383,0.6823551471966998,0.8822284908321579
0.856760374832664,0.8578661166322895,0.7424188998589563
0.8714859437751004,0.8558034877179824,0.7808533145275035
0.8048862115127176,0.7717982373898369,0.8482016925246827
0.7341030789825971,0.698856178511157,0.6995768688293371
0.6859103078982597,0.8128633039564973,0.8427362482369535
0.8201137884872824,0.7734858428651791,0.8159379407616361
0.7498326639892905,0.7987999249953122,0.7995416078984485
0.7667336010709505,0.8779298706169135,0.7297249647390691
0.874665327978581,0.849615600975061,0.7776798307475318
0.7570281124497992,0.6697918619913744,0.5636459802538787
0.731760374832664,0.8708044252765798,0.8178772919605077
0.8169344042838019,0.7633602100131258,0.7561706629055007
0.8217871485943775,0.8329270579411213,0.7782087447108603
0.8544176706827309,0.8042377648603037,0.7979548660084627
0.7724230254350736,0.7687980498781174,0.8510225669957687
0.8554216867469879,0.8394899681230077,0.7519393511988717
0.8068942436412316,0.8205512844552785,0.6999294781382228
0.8005354752342704,0.6317269829364335,0.7145627644569816
0.7146873966258683,0.7743550250288794,0.5825037707390649
0.687231227257691,0.676742395071236,0.5944193061840121
0.6802844856103208,0.7113977666538314,0.7079939668174963
0.7401587826662256,0.8979591836734694,0.7610859728506787
0.7497519020840225,0.7610704659222179,0.6650075414781297
0.7730731061859081,0.8024643819792068,0.657315233785822
0.7742308964604697,0.8877551020408163,0.6963800904977375
0.7828316242143566,0.7966884867154409,0.6586726998491704
0.7026132980482964,0.7552945706584521,0.7571644042232277
0.7568640423420443,0.9510974201001156,0.6992458521870286
0.775554085345683,0.7277628032345014,0.7521870286576169
0.7699305325835263,0.8706199460916442,0.6849170437405732
0.7507442937479325,0.8086253369272237,0.7034690799396682
0.8096261991399272,0.8802464381979207,0.6336349924585218
0.8814091961627523,0.8779360800924143,0.6840120663650076
0.7730731061859081,0.6857912976511359,0.6512820512820513
0.7729077075752564,0.777820562187139,0.6524886877828054
0.816242143565994,0.9805544859453216,0.6992458521870286
0.7115448230234867,0.8084328070850982,0.702262443438914
0.6434005954349984,0.7366191759722757,0.585369532428356
0.7722461131326497,0.7477859068155565,0.6812971342383107
0.6844194508766126,0.7780130920292645,0.6671191553544494
0.8099569963612305,0.7360415864458991,0.7310708898944193
0.8503142573602381,0.7668463611859838,0.7297134238310709
0.7618260006615944,0.800731613400077,0.7832579185520362
0.8524644392987099,0.8280708509819021,0.6808446455505279
0.8092954019186239,0.8386599922988063,0.6122171945701358
0.7070790605358915,0.8538698498267231,0.6536953242835596
0.7262652993714853,0.6979206777050443,0.6458521870286577
0.7449553423751241,0.8221024258760108,0.598340874811463
0.685062789160608,0.6667274052478134,0.7211082756106453
0.8339391936549901,0.8177842565597667,0.6868392271235874
0.6658955717118308,0.7909985422740525,0.6565803864382064
0.67911434236616,0.7720481049562682,0.6020780167699599
0.7161269001982815,0.7079081632653061,0.6591323368574553
0.6288830138797092,0.7232142857142857,0.5667152752460809
0.7708195637805684,0.7680393586005831,0.6412686839227124
0.7037343027098479,0.6762026239067055,0.6890266131972294
0.7660277594183741,0.7942784256559767,0.7632154575282537
0.7038995373430271,0.7332361516034985,0.7951148377688662
0.7541308658294779,0.8145043731778425,0.7302223842508203
0.7956047587574355,0.8008381924198251,0.6779074006562158
0.777594183740912,0.8017492711370262,0.7624863288370397
0.6320224719101124,0.6798469387755102,0.6423623769595334
0.6708526107072043,0.6000364431486881,0.556872037914692
0.6384666226040978,0.6778425655976676,0.5284360189573459
0.628552544613351,0.6592565597667639,0.6008020415603355
0.6566424322538004,0.7844387755102041,0.7790740065621582
0.657468605419696,0.6614431486880467,0.5512212905577835
0.6898545935228024,0.7552842565597667,0.7395187750637987
0.7116655651024455,0.6785714285714286,0.6491068173532628
0.7127729980145598,0.7307816018012222,0.7206355210894647
0.7167438782263402,0.7089096172402701,0.8494420276149045
0.663633355393779,0.7121260855580572,0.7565727255532438
0.8630046326935804,0.6971695078803474,0.9141289956497068
0.7198874917273329,0.6767449340623994,0.6877246075278987
0.6846459298477829,0.6653264715342554,0.7662190278040477
0.6949040370615487,0.80347378578321,0.7964819368261774
0.7271674387822634,0.7534577034416211,0.8290145640249669
0.7754798146922568,0.8567063364425861,0.793833932286741
0.7382528127068166,0.7023158571888067,0.7495744278418763
0.700860357379219,0.6436153103891926,0.8348780026480045
0.7418927862342819,0.6159536828562239,0.6731605825609986
0.6229318332230311,0.5278224509488582,0.5657272555324381
0.613831899404368,0.6293020263750402,0.7569510119160204
0.7043348775645268,0.6217433258282405,0.740306411953849
0.7030112508272667,0.749758764876166,0.7809721959523359
0.7172402382528127,0.7140559665487295,0.6841308870815207
0.7046657842488419,0.7195239626889676,0.6464913939852468
0.6585043017868961,0.6503698938565455,0.6432759599016455
0.6616479152878888,0.6167577999356706,0.7584641573671269
0.7481800132362674,0.7468639433901576,0.729903536977492
0.7048312375909993,0.7761338050820199,0.7416304142235672
0.7314692256783587,0.7319073657124477,0.7350104028749763
0.7374255459960292,0.7055323255065937,0.7300926801588803
0.7054930509596293,0.7048890318430363,0.7389824096841309
0.71409662475182,0.6342875522676101,0.9039152638547381
0.7805353660698457,0.7338274932614556,0.7569131832797428
0.7615670980322637,0.7811657681940701,0.8038585209003215
0.7356851622052828,0.7077156334231806,0.8096463022508038
0.7989718135082432,0.9078504043126685,0.7091639871382637
0.6617620989186315,0.7425876010781671,0.7217041800643087
0.579861726644212,0.7540431266846361,0.7561093247588424
0.6591029959227087,0.6421832884097035,0.6064308681672026
0.7803580925367842,0.77088948787062,0.730064308681672
0.7970218046445665,0.6875,0.7604501607717041
0.7610352774330792,0.733322102425876,0.7435691318327974
0.8521538734266974,0.7803234501347709,0.7168810289389067
0.7438397447261124,0.7493261455525606,0.7387459807073955
0.68268037581989,0.7109164420485176,0.6906752411575563
0.5706435029250133,0.7860512129380054,0.7522508038585209
0.7340897004077291,0.6128706199460916,0.7244372990353698
0.7239851090232229,0.7024932614555256,0.8334405144694533
0.7968445311115051,0.7660040431266847,0.7340836012861737
0.8627902854103883,0.8512466307277629,0.7128617363344052
0.7801808190037227,0.6559973045822103,0.7971061093247589
0.8494947704307747,0.8242924528301887,0.7106109324758842
0.7987945399751817,0.7036725067385444,0.7776527331189711
0.7722035100159547,0.7725741239892183,0.7395498392282959
0.707853217514625,0.7473045822102425,0.7906752411575563
0.6926076936713349,0.7407345013477089,0.859967845659164
0.8441765644389293,0.8028975741239892,0.8159163987138264
0.6791349051586598,0.8042452830188679,0.7557877813504823
0.9567452579329906,0.7993598382749326,0.8435691318327975
0.7312533238787449,0.6984501347708895,0.7842443729903537
0.8087218578266265,0.7085579514824798,0.6736334405144695
0.6810849140223365,0.6873315363881402,0.7580385852090032
0.7390533593334515,0.7058625336927223,0.6810289389067524
0.7034213791880872,0.6997978436657682,0.7491961414790996
0.6231164687112214,0.7247304582210242,0.614951768488746
0.5570701563067976,0.5422378068218042,0.582055833467807
0.683387858960378,0.6452024226968441,0.5859286751654026
0.6474009451108688,0.6142811603442779,0.7169598192673875
0.7511813885859687,0.5913292955052598,0.7243827658544457
0.613958560523446,0.696525342684093,0.74116507987736
0.7484551072337332,0.6938157475294868,0.8047442310795546
0.7033805888767721,0.6818616512591648,0.6745199289979023
0.7379134860050891,0.6424928275422378,0.621752460868162
0.75281715739731,0.720592923175008,0.7282556075520413
0.7397310069065794,0.6931781957284029,0.756172341455543
0.871501272264631,0.6501434491552439,0.7616588671938035
0.8135223555070883,0.6477526299011794,0.7629498144263354
0.747364594692839,0.8312081606630539,0.7421332903017589
0.7406397673573246,0.6978004462862608,0.7949007584314991
0.6613958560523446,0.7180427159706726,0.6407939325480071
0.6424936386768448,0.6010519604717883,0.6879135065354204
0.7171937477280989,0.724577621931782,0.6398257221236082
0.8627771719374773,0.7771756455211986,0.7500403421010167
0.7891675754271175,0.75581766018489,0.785541390995643
0.7382769901853872,0.7983742429072362,0.7184121349039858
0.8175209014903672,0.7849856550844756,0.6838792964337582
0.757542711741185,0.6356391456805865,0.681136033564628
0.6403126135950563,0.6687918393369461,0.7048571889624011
0.618684114867321,0.6871214536181065,0.6185250927868323
0.7735531628532974,0.7151850145862122,0.672429648703329
0.7690107671601615,0.7064332872716106,0.8381460364171418
0.845222072678331,0.7073545217257792,0.7561155048740114
0.7230820995962315,0.6880085981882389,0.8263748390656612
0.7875168236877523,0.689236910793797,0.8028324443627001
0.7814602960969045,0.7340703208966682,0.7989700202317455
0.8026581426648721,0.6387225548902196,0.7936361964318558
0.8379878869448183,0.8350990327038231,0.7717491263564465
0.7429340511440108,0.7687701520036849,0.7956593709766415
0.8082099596231493,0.7944111776447106,0.7824167739562259
0.7720390309555855,0.7848917549516352,0.8002574949420637
0.7727119784656796,0.7465069860279441,0.7800257494942063
0.806864064602961,0.7128819284507907,0.8337318374103366
0.7792732166890982,0.6786427145708582,0.8399852860033107
0.6783310901749664,0.6061722708429296,0.6985469928269266
0.6971736204576043,0.6445570397666206,0.6315983078903807
0.7108008075370121,0.680178105327806,0.6584513518484458
0.778263795423957,0.6586826347305389,0.8317086628655509
0.710464333781965,0.6425610317825887,0.7673349273496414
0.6944818304172274,0.6292031321971442,0.8723560787198823
0.6902759084791387,0.6095501305082144,0.672613573661946
0.7726557583385777,0.8092857142857143,0.8649628075529278
0.7297042164883575,0.8853571428571428,0.8491321762349799
0.7909062303335431,0.7544642857142857,0.741560175472058
0.7039018250471994,0.7185714285714285,0.7402250619874118
0.7004405286343612,0.8230357142857143,0.8497043677283997
0.7279735682819384,0.7278571428571429,0.730116345603662
0.6382945248584015,0.7121428571428572,0.7264924661453367
0.7320641913152927,0.79375,0.7806599275224109
0.6883259911894273,0.8607142857142858,0.895288956704177
0.7142857142857143,0.7235714285714285,0.879076864390616
0.6329452485840151,0.7319642857142857,0.7449933244325768
0.6005349276274387,0.6567857142857143,0.7747472820904062
0.7341095028319697,0.8444642857142857,0.7989700553118444
0.7721837633731907,0.8232142857142857,0.7461377074194163
0.7023285084959093,0.7758928571428572,0.8230020980354759
0.7625865324103209,0.7501785714285715,0.7182910547396528
0.7910635619886721,0.7246428571428571,0.7160022887659737
0.6812460667086218,0.7808928571428572,0.8498950982262063
0.6903713027061045,0.7716071428571428,0.7665458706847225
0.6960352422907489,0.6289285714285714,0.8212855235552164
0.7816236626809314,0.7926785714285715,0.7610146862483311
0.829137822529893,0.7183928571428572,0.9834064466908259
0.7004405286343612,0.8375,0.8695403395002861
0.760373831775701,0.7977989487516426,0.8456556934700485
0.7977570093457944,0.8597240473061761,0.8386400431732326
0.8454205607476636,0.7890932982917214,0.8325238352221622
0.7557009345794392,0.8648160315374507,0.716495772620975
0.7485981308411215,0.7752956636005256,0.7217125382262997
0.7822429906542057,0.7992772667542707,0.6878935060262638
0.722803738317757,0.8065045992115637,0.7886310487497752
0.708411214953271,0.8028909329829172,0.6094621334772441
0.6816822429906542,0.7516425755584757,0.6898722791869041
0.8725233644859813,1.0676741130091985,0.8165137614678899
0.8549532710280374,0.9467805519053877,0.8285662889008815
0.8538317757009346,0.7959921156373193,0.8692210829285842
0.8302803738317757,0.8777923784494087,0.8595071055945314
0.9422429906542056,0.7848226018396847,0.9273250584637525
0.9074766355140187,0.91080814717477,0.7862924986508365
0.8770093457943925,0.859395532194481,0.8661629789530491
0.7932710280373831,0.8958607095926413,0.8917071415722252
0.88,0.8805847568988173,0.8436769203094082
0.697196261682243,0.6189224704336399,0.5518978233495233
0.8977570093457944,0.8234231274638634,0.9257060622414103
0.9177570093457944,0.8620236530880421,0.7665047670444325
0.8478504672897196,0.8249014454664915,0.7697427594891167
0.8299065420560747,0.8354139290407359,0.9391976974275948
0.908411214953271,0.8230946123521682,0.8411584817413204
0.7142056074766355,0.8037122207621551,0.6702644360496492
0.6970093457943926,0.7915571616294349,0.7578701205252744
0.7661682242990654,0.7509855453350854,0.7001259219284044
0.8261682242990654,0.8772996057818659,0.7352041734124842
0.843177570093458,0.8247371879106439,0.7303471847454578
0.7102803738317757,0.7348883048620236,0.7438388199316424
0.7102803738317757,0.6438896189224704,0.7075013491635186
0.6713483146067416,0.7488524590163934,0.729083025533965
0.6981076286221171,0.6911475409836065,0.7130239280552433
0.7235363690124187,0.719672131147541,0.645415127669825
0.765966883500887,0.6642622950819672,0.7196081580215192
0.7149615612063868,0.6001639344262295,0.7738879074995986
0.6160555884092254,0.6937704918032787,0.7417697125421552
0.7653755174452986,0.698688524590164,0.6651678175686526
0.6232998225901834,0.5937704918032787,0.6674160912156737
0.7007687758722649,0.7636065573770492,0.7239441143407741
0.726788882318155,0.7039344262295082,0.725389433113859
0.7402424600827913,0.6752459016393443,0.7210534767946042
0.7813424009461857,0.6377049180327868,0.6372249879556768
0.7618273211117682,0.6437704918032787,0.7229805684920507
0.6609994086339445,0.6619672131147541,0.7454633049622611
0.7086043761088113,0.6701639344262295,0.6092821583427012
0.6673565937315198,0.6485245901639344,0.7128633370804561
0.6824364281490243,0.7113114754098361,0.6524811305604625
0.70816085156712,0.5708196721311476,0.6375461699052514
0.637344766410408,0.6975409836065574,0.7061185161393929
0.7068302779420461,0.6321311475409837,0.7573470370965152
0.783264340626848,0.6759016393442623,0.7348643006263048
0.6815493790656416,0.6577049180327869,0.8069696483057652
0.6904198698994678,0.68,0.7857716396338525
0.7306327616794795,0.6265573770491804,0.7876987313312992
0.6428149024246008,0.5980327868852459,0.5864782399229164
0.735659373151981,0.6895081967213115,0.692789465232054
0.7131874630396215,0.7131147540983607,0.716556929500562
0.6837670017740982,0.5778688524590164,0.6574594507788663
0.7191011235955056,0.5795081967213115,0.7748514533483218
0.6481371969248965,0.6316393442622951,0.5998072908302553
0.7416508046374806,0.7567837522889962,0.7256475738781467
0.7451116110053643,0.7318128849675378,0.7980663991244071
0.9934244679010209,0.8258698185450308,0.9863188617292958
0.8210763107804119,0.8298651573164642,0.7334914264866836
0.8205571898252293,0.7456300982187448,0.7989784750091208
0.8596643017823152,0.839520559347428,0.7721634439985406
0.7736632635404049,0.8295322124188447,0.8562568405691353
0.8299013670185154,0.792242383885467,0.7925939438161255
0.8127703754974909,0.8959547194939238,0.7851149215614739
0.8013497144834747,0.8829698684867654,0.6950018241517695
0.8681432773836304,0.7745963043116364,0.914812112367749
0.7797196746842014,0.77842517063426,0.7632251003283473
0.7800657553209898,0.8058931246878641,0.7980663991244071
0.8210763107804119,0.7729315798235392,0.8102882159795695
0.8082713272192421,0.8243715665057433,0.9328712148850784
0.9809655649766396,0.8217080073247878,0.897117840204305
0.8563765357328258,0.827534543033128,0.8805180591025173
0.9276691469112304,0.855668386881971,0.7681503101058008
0.7973697871604084,0.8320292991509906,0.9000364830353885
0.9238622599065582,0.8871316797070085,0.8520612914994528
0.8210763107804119,0.9330780755784918,0.8799708135716892
0.8487627617234815,0.9327451306808723,0.8153958409339657
0.9736978716040837,0.8336940236390877,0.8122947829259395
0.9200553729018861,0.7967371400033294,0.8690259029551258
0.8447828344004154,0.7512901614782753,0.8836191171105436
0.775566707042741,0.8390211420009989,0.804086099963517
0.9007832898172323,0.7556962025316456,0.6944974830758549
0.6786879895561357,0.7018987341772152,0.7095990279465371
0.7039817232375979,0.707120253164557,0.644159000173581
0.6985966057441253,0.7393987341772152,0.7573337962159348
0.7212793733681462,0.6732594936708861,0.70525950355841
0.6535574412532638,0.607753164556962,0.6879014060059018
0.6736292428198434,0.7579113924050633,0.6493664294393334
0.7051240208877284,0.6623417721518987,0.5775039055719493
0.6643276762402088,0.7599683544303798,0.7043915986807846
0.7012075718015666,0.6686708860759494,0.5835792397153272
0.7734986945169713,0.7393987341772152,0.8449921888561014
0.7196475195822454,0.7645569620253164,0.7500433952438813
0.6821148825065274,0.638132911392405,0.6787016143030724
0.7522845953002611,0.7401898734177215,0.6743620899149453
0.633322454308094,0.700632911392405,0.6708904704044437
0.8779373368146214,0.8919303797468354,0.6858184342996008
0.7676240208877284,0.792879746835443,0.6913730255164034
0.7216057441253264,0.6319620253164557,0.7321645547647978
0.7452676240208878,0.7981012658227848,0.7021350459989585
0.7987924281984334,0.6917721518987342,0.7302551640340219
0.6966383812010444,0.714873417721519,0.8113174796042354
0.6816253263707572,0.7335443037974684,0.66325290748134
0.6810472583566606,0.6332085743450153,0.6006996501749126
0.8458751852461716,0.8303844845185437,0.7481259370314842
0.8341840935287338,0.804525348758081,0.7851074462768616
0.8412646138646468,0.7026199387546784,0.7757787772780277
0.7500411658159065,0.8307247363048657,0.7907712810261536
0.6943849827103573,0.7728819326301463,0.7144760952856904
0.8223283385476701,0.6682545083361687,0.8169248708978843
0.7698007574510127,0.8104797550187138,0.7787772780276528
0.6998188704100116,0.661959850289214,0.8290854572713643
0.6596410340852956,0.7300102075535897,0.6711644177911045
0.7701300839782644,0.7078938414426675,0.8027652840246543
0.8318788078379713,0.8157536577067029,0.6671664167916042
0.7190844722542401,0.7386866281047976,0.6996501749125438
0.6795652889840277,0.6810139503232392,0.6786606696651675
0.6565124320764038,0.7259271861177271,0.7304680992836915
0.7250123497447719,0.6932630146308268,0.6200233216724971
0.6836818705746748,0.5940796189179993,0.7001499250374813
0.6558537790219002,0.7386866281047976,0.6679993336665001
0.7179318294088589,0.7174208914596801,0.757288022655339
0.836654042483122,0.6970057842803675,0.9115442278860569
0.7571216861518195,0.7058523307247363,0.672663668165917
0.802161263507897,0.7639257294429708,0.8294298174769827
0.6989193682460515,0.7662466843501327,0.7541592634469391
0.8026600166251039,0.7370689655172413,0.6900339202067517
0.8088113050706567,0.7461870026525199,0.662413180423195
0.713549459684123,0.679210875331565,0.7530285898885479
0.7052369077306733,0.7949270557029178,0.6921337425294782
0.6,0.7398872679045093,0.7976094330479728
0.856691604322527,0.7211538461538461,0.718300759166532
0.8798004987531172,0.6737400530503979,0.8896785656598288
0.7110556940980881,0.8007294429708223,0.7336456146018414
0.7201995012468828,0.7392241379310345,0.6803424325633984
0.8655029093931838,0.7337533156498673,0.7856565982878372
0.8370739817123857,0.6933023872679045,0.8255532224196415
0.8184538653366583,0.7291114058355438,0.6966564367630431
0.7810473815461346,0.7619363395225465,0.7095784202875142
0.7956774729842061,0.7201591511936339,0.7825876272007753
0.7218620116375727,0.7410477453580901,0.8098853173962203
0.7975062344139651,0.7017572944297082,0.8053626231626555
0.886783042394015,0.7098806366047745,0.7113551930221289
0.744139650872818,0.8095159151193634,0.7552899370053303
0.9015793848711554,0.7057360742705571,0.7761266354385398
0.7812136325852037,0.6631299734748011,0.6973025359392667
0.8698254364089776,0.6359416445623343,0.7896947181392344
0.7310058187863674,0.6518567639257294,0.676788887094169
0.6408977556109726,0.7208222811671088,0.765789048618963
0.7310058187863674,0.6513594164456233,0.6761427879179454
0.7230257689110557,0.789290450928382,0.8287837183007591
0.6601828761429759,0.7314323607427056,0.6104021967371992
0.6392352452202826,0.5750994694960212,0.6430302051364885
0.8550290939318371,0.7130305039787799,0.9384590534647068
0.8709891936824605,0.7650862068965517,0.6981101599095462
0.9054031587697423,0.7508289124668435,0.8184461314811824
0.7295095594347465,0.7617705570291777,0.8187691810692941
0.7803823773898587,0.7889588859416445,0.7632046519140688
0.8081463009143807,0.7438660477453581,0.8625424002584396
0.8182876142975893,0.6923076923076923,0.7207236310773704
0.8475477971737323,0.7306034482758621,0.6989177838798255
0.9060681629260183,0.7493368700265252,0.695364238410596
0.7938487115544473,0.7808355437665783,0.6871264739137457
0.771404821280133,0.7932692307692307,0.7100629946696818
0.6932668329177057,0.8690318302387268,0.7368761104829591
0.7875311720698255,0.7193302387267905,0.7273461476336618
0.7265170407315046,0.6647877984084881,0.7346147633661767
