0.8813176358663337,0.6666319299708212,0.8151488806781134
0.6567962896896182,0.7052938724468528,0.6642034340360791
0.7439647996194554,0.6700708628595248,0.6894153444903282
0.7439647996194554,0.6684035014589412,0.6752879808737231
0.70484005232489,0.6920591913297207,0.7412519017604868
0.693304792484243,0.560754481033764,0.6086720278200392
0.7870139136639315,0.732388495206336,0.5922625516192133
0.8473064573671066,0.7050854522717799,0.8551401869158879
0.7555000594601022,0.6860150062526053,0.7157139752227777
0.7334998216196932,0.75,0.7814605520539013
0.8286359852538946,0.7397874114214256,0.7025646598565529
0.6835533357117374,0.649645685702376,0.6734405564007825
0.788203115709359,0.7404126719466444,0.7479895674853293
0.8590795576168391,0.641517298874531,0.927841773527494
0.7954572481864669,0.7319716548561901,0.7585307541838731
0.800689737186348,0.7604210087536474,0.7522277765703108
0.7978356522773219,0.6837223843268029,0.7858074331667029
0.7449161612557974,0.7151938307628178,0.7866768093892632
0.7313592579379237,0.75177157148812,0.7605955227124538
0.7775002973005114,0.769383076281784,0.7585307541838731
0.787251754073017,0.6790329303876615,0.7447294066507281
0.7308835771197526,0.7606294289287203,0.7680938926320365
0.7509810916874777,0.7287411421425594,0.8173223212345142
0.7315970983470091,0.746040016673614,0.7579873940447729
0.7409917945058866,0.6778866194247604,0.6903933927407085
0.7694137233916042,0.6259899958315965,0.7827646163877418
0.7208942799381615,0.682680283451438,0.6343186263855684
0.6639315019621834,0.6153605669028762,0.7128885024994567
0.7506243310738494,0.7021675698207587,0.7061508367746142
0.7801165418004519,0.6817423926636098,0.6801782221256248
0.7716732072779166,0.7359316381825761,0.7097370136926755
0.8210250921631586,0.688620258441017,0.7587480982395132
0.7632298727553811,0.7710504376823677,0.7858074331667029
0.8662147698894042,0.7546894539391413,0.7704846772440773
0.7970032108455226,0.7322842851187995,0.7927624429471853
0.7908193602092995,0.8842225927469779,0.7743968702455988
0.7961707694137234,0.7742809503959983,0.8430775918278635
0.8639552860030919,0.7218632763651521,0.7988480765051076
0.8264954215721251,0.769383076281784,0.7711367094109977
0.7224402425972173,0.6822634431012922,0.8025429254509889
0.7974448027784669,0.6443129520052597,0.7089589340757682
0.722153311833292,0.7461100153407846,0.7491299592323755
0.7833043909699826,0.7569581415735261,0.7360047727950682
0.778714959067229,0.6995397764628534,0.7515163567664314
0.8216323492929795,0.767477536708306,0.7900964502336681
0.7988092284792855,0.7810650887573964,0.8280799443173908
0.8120813693872488,0.7841332456717072,0.712836830068609
0.8577276110146366,0.7817225509533202,0.7722979019588346
0.849913172909948,0.8023230330922638,0.7351098737197972
0.9837509302902505,0.760026298487837,0.8870438500546883
0.9477797072686678,0.7710935787858865,0.8658645719399424
0.8674026296204416,0.7793118562349332,0.7928805806900666
0.9689903249813941,0.782160859083936,0.7855225216267276
0.8814190027288514,0.8115275038351961,0.7632494779755394
0.8904738278342843,0.7224413762875301,0.8139604255742269
0.747953361448772,0.7909270216962525,0.7708064035000497
0.8009178863805507,0.7728468113083498,0.7821417917868152
0.8553708757132226,0.777229892614508,0.7746842994928905
0.5578020342346812,0.5737453429761122,0.5876503927612609
0.7864053584718432,0.6898969975893052,0.7501242915382321
0.9338873728603324,0.8330046022353714,0.7492293924629612
0.790746712974448,0.6740083278544817,0.7727950681117629
0.8811709253287026,0.6745562130177515,0.7493288256935468
0.8742247581245348,0.7493973263204032,0.7673262404295516
0.6368146861820888,0.6996493534955074,0.7422690663219648
0.8814190027288514,0.6745562130177515,0.7149249279109078
0.8155544529893327,0.7466579005040543,0.7414736004772795
0.8545026048127016,0.7292351523120754,0.7339166749527692
0.8597122302158273,0.700306815691431,0.7070697026946405
0.7168196477300918,0.6861713784790708,0.7709058367306354
0.8151823368891093,0.7240850317773395,0.7346127075668688
0.8646737782188043,0.7419460880999342,0.7734911007258626
0.8456958571074175,0.7493973263204032,0.7072685691558118
0.8324237161994542,0.8014464168310322,0.8018295714427762
0.8427189283056313,0.7483015559938637,0.7587749825991846
0.7273629372364178,0.6811308349769888,0.7144277617579795
0.7135946415281568,0.6038790269559501,0.6548672566371682
0.7037955842222774,0.7701073854920009,0.7491299592323755
0.7736293723641776,0.8533859303090072,0.8076961320473303
0.8134457950880675,0.7885163269778654,0.798051108680521
0.832919870999752,0.7115932500547885,0.7350104404892115
0.7743736045646241,0.8053911900065747,0.7973550760664214
0.9095757876457454,0.772189349112426,0.8370289350701005
0.8478045150086827,0.9031339031339032,0.7785621954857314
0.82473331679484,0.7918036379574841,0.7998409068310629
0.8590920367154552,0.7372342756958141,0.7819429253256438
0.8728603324237162,0.794652640806487,0.7551953862981008
0.9424460431654677,0.7296734604426912,0.7861191210102416
0.8198958074919375,0.8255533640149024,0.8857512180570747
0.8755891838253536,0.8361823361823362,0.7468429949289053
0.9073430910444058,0.81689677843524,0.7379934374067814
0.8218804266931282,0.6986631602016218,0.8175400218753107
0.8081121309848672,0.811965811965812,0.7846276225514567
0.855494914413297,0.7908174446635985,0.8020284379039475
0.8939469114363682,0.7447950909489371,0.804215968976832
0.9661374348796825,0.7937760245452553,0.7870140200855126
0.757628380054577,0.6919789612097305,0.7884060853137118
0.7942197965765319,0.6437650668419899,0.7210897882072188
0.7814438104688662,0.8185404339250493,0.852142786119121
0.8712478293227487,0.7685733070348455,0.7880083523913692
0.8502852890101712,0.9040105193951348,0.8337476384607736
0.8548747209129248,0.8310322156476002,0.850651287660336
0.8236169684941702,0.762546570238878,0.7134334294521228
0.8350285289010171,0.7601358755204909,0.8104802625037287
0.8128256015876953,0.8406749945211484,0.7747837327234762
0.9002728851401637,0.7091825553364015,0.7173113254449637
0.8229967749937981,0.7165242165242165,0.7665307745848663
0.7745860511791269,0.7529758530778823,0.811051051051051
0.7629202207727045,0.7808638476363224,0.8756756756756757
0.922980431510286,0.7914068699693912,0.7836636636636637
0.8408178625188159,0.6685183085817934,0.8378378378378378
0.7530105368790768,0.8374333975739712,0.8057657657657658
0.7584044154540893,0.716245323659449,0.7102702702702702
0.7691921726041144,0.7553565355401882,0.8007207207207208
0.8291520321123934,0.7122775195556059,0.8923723723723723
0.8679126944305068,0.8528511506631901,0.7967567567567567
0.8502257902659307,0.7078562521256093,0.772972972972973
0.8227546412443553,0.7691871669878698,0.8581381381381381
0.8294029101856498,0.8468427615916563,0.8556156156156156
0.8435775213246363,0.710463666250992,0.8539339339339339
0.6303311590566985,0.6143294411064505,0.7836636636636637
0.8028098344204716,0.7873257000340097,0.7795795795795796
0.7448569994982438,0.6925518648679289,0.8144144144144144
0.7684395383843452,0.7842648225824737,0.8013213213213213
0.9075514300050176,0.8251898877678268,0.7852252252252252
0.842197691921726,0.7647658995578732,0.876996996996997
0.7920220772704466,0.8272304727355175,0.9148348348348349
0.8667837431008529,0.8962702641423875,0.8504504504504504
0.8287757150025088,0.7857385783924725,0.8671471471471471
0.8886101354741596,0.8595397347239542,0.8458858858858859
0.8393125940792775,0.7670332161886407,0.8657057057057057
0.9234821876567988,0.8674753429316404,0.8028828828828829
0.8092072252885097,0.7187393719532933,0.8385585585585585
0.7760913196186653,0.7601179004647999,0.8324324324324325
0.8203712995484195,0.8384536900578166,0.8224624624624625
0.8955092824887105,0.7449268790386577,0.8321921921921922
0.8019317611640743,0.7646525337263349,0.8413213213213213
0.8227546412443553,0.7597778029701848,0.8996996996996997
0.8641495233316608,0.6525337263348827,0.7956756756756757
0.8035624686402408,0.7975286248724635,0.8368768768768768
0.8241344706472654,0.7632921437478744,0.8737537537537537
0.8682890115403914,0.719873030268677,0.9060660660660661
0.8336678374310086,0.7471941956694252,0.7876276276276276
0.8098344204716508,0.7763292143747874,0.8658258258258258
0.8230055193176117,0.7864187733817027,0.8445645645645645
0.8508529854490717,0.7320031742432831,0.8572972972972973
0.7336929252383342,0.7164720553225258,0.7821021021021021
0.8109633718013045,0.7002607414125382,0.7642042042042042
0.8399397892624184,0.7393719532932774,0.8387987987987988
0.8432012042147516,0.7105770320825303,0.7608408408408408
1.020822880080281,0.79707516154631,0.8819219219219219
0.9421726041144004,0.8153270604239882,0.8415615615615616
0.9231058705469142,0.8733703661716359,0.8112912912912913
0.8824636226793778,0.8174810112232174,0.8980180180180181
0.8302809834420471,0.7762158485432491,0.9037837837837838
0.9371550426492724,0.8721233420247138,0.8576576576576577
0.7655544405418966,0.6851830858179345,0.7442642642642643
0.8430757651781234,0.6990137172656161,0.7300900900900901
0.7934019066733567,0.850697199863961,0.8103303303303303
0.8311590566984446,0.7231606393832899,0.8158558558558558
0.6467636728549925,0.6821222083663984,0.7804204204204204
0.692548921224285,0.61296905112799,0.6654654654654655
0.798670346211741,0.8154404262555266,0.8681081081081081
0.805569493226292,0.819181498696293,0.8276276276276276
0.7139989964877069,0.7563768280240336,0.8958558558558558
0.9155795283492223,0.8785851944224011,0.8236636636636636
0.8872303060712494,0.836186373427049,0.8239039039039039
0.7094831911690919,0.6365491440879719,0.6484084084084084
0.8917461113898645,0.7911801383063145,0.8914114114114114
0.7926492724535875,0.7926538941163134,0.8393993993993994
0.9170847967887606,0.7585307788232627,0.8108108108108109
0.7877571500250878,0.8281373993878245,0.7943543543543543
0.8028511437727925,0.6394240729231406,0.7044515832950895
0.7536744391645486,0.7860990263103377,0.7086966498393759
0.7847275942093049,0.7289206546509219,0.6730151445617255
0.7972151618963421,0.6789931634555625,0.8238871041762277
0.763067742291966,0.7129687176299979,0.7104176227627352
0.7412973809260692,0.7055106691526828,0.6628040385497935
0.6939993369433086,0.7012637248808784,0.6958467186782928
0.7412973809260692,0.6167391754713072,0.7199403396053236
0.7779865178472759,0.6925626683240108,0.7438044974759064
0.7619626478063874,0.7527449761756785,0.7340523175768702
0.7846170847607471,0.7151439817692148,0.687471317117944
0.7494750801193502,0.6841723637870313,0.7222349701698026
0.8021880870814455,0.7797804019059458,0.6894217530977512
0.7064869046303459,0.736378703128237,0.7262505736576411
0.7224002652226765,0.6949451004764864,0.7363469481413493
0.7283677754448006,0.6601408742490159,0.6700321248279028
0.6746601834456846,0.7185622539879842,0.6079623680587426
0.6872582605812797,0.7020923969339135,0.7251032583754016
0.9079456293513095,0.8481458462813342,0.7278568150527766
0.805503370538181,0.7844416822042677,0.7973841211564938
0.8396507901425572,0.7345141910089082,0.7504589261128958
0.8214167311305116,0.7730474414750362,0.825608077099587
0.8849596640512764,0.8057799875699192,0.7392152363469482
0.8231848823074372,0.7496374559767972,0.781092244148692
0.7415183998231849,0.7079966853117878,0.6443322625057366
0.6925627141120566,0.7686969131966025,0.742198256080771
0.8434081113935241,0.6490573855396726,0.7859109683340982
0.7620731572549453,0.6850010358400663,0.7042221202386416
0.7508011935020444,0.7614460327325461,0.6514456172556219
0.882970493977235,0.7088253573648229,0.7284304726938963
0.7603050060780197,0.7567847524342242,0.8531436438733364
0.803956238258371,0.7261238864719287,0.7529830197338229
0.8408663940766935,0.7458048477315102,0.7380679210647085
0.8330202232290861,0.7236378703128237,0.8036943552088114
0.8274947508011935,0.7103791174642635,0.8110371730151446
0.7467123439054039,0.7246737103791174,0.7093850390087196
0.7841750469665156,0.7289206546509219,0.6809316200091785
0.8013040114929827,0.6776465713693806,0.7569986232216613
0.7689247430655322,0.7212554381603481,0.7186782927948601
0.7807492540612222,0.7376217112077895,0.7153510784763653
0.8279367885954249,0.756474000414336,0.6746213859568609
0.7117913581611228,0.6548580899109178,0.7162689307021569
0.7721295170737098,0.7002278848145846,0.7074346030289124
0.7530113824732014,0.7086181893515641,0.6918311151904544
0.837551110619958,0.6846902838201782,0.7477053694355209
0.7224002652226765,0.6761963952765693,0.7479348324919688
0.6784175046966515,0.6561010979904702,0.6521340064249656
0.6822853353961764,0.635384296664595,0.6408903166590179
0.7379820974693336,0.7924176507147297,0.7340523175768702
0.7472648911481932,0.68272218769422,0.6937815511702616
0.8474969609901647,0.6598301222291278,0.6844882973841212
0.7976571996905736,0.691526828257717,0.6777191372189078
0.6672560503923085,0.6449140252744976,0.6447911886186324
0.7218477179798872,0.6112492231199502,0.6000458926112896
0.6139904961874241,0.6800290035218562,0.5793942175309775
0.8141231075256935,0.7213590221669774,0.7104176227627352
0.7633992706376396,0.652993577791589,0.7208581918311152
0.7284782848933584,0.6704992749119536,0.6902248737953189
0.6649353519725937,0.667598922726331,0.7309545663148234
0.7048292629019781,0.5939506940128444,0.6062413951353832
0.7044977345563046,0.7960430909467578,0.7661771454795778
0.7835447085154001,0.7581678063605775,0.703121387283237
0.734839603538314,0.8776728535764681,0.8136416184971098
0.7502930832356389,0.8124389449690654,0.7617341040462428
0.779601406799531,0.8223162921958103,0.7322543352601156
0.7302568474901417,0.7680451535873223,0.7913294797687861
0.7349461792603645,0.7661999348746337,0.8196531791907514
0.788873494617926,0.864105068924346,0.758728323699422
0.6737717148033678,0.8351242809074134,0.7420809248554914
0.7377171480336779,0.8798436991208075,0.7353757225433526
0.7675583502078227,0.7965917724953869,0.7583815028901734
0.7338804220398594,0.8152610441767069,0.8323699421965318
0.7234360012789086,0.8237273417996309,0.7432369942196532
0.7083022487477353,0.7481819168566156,0.8268208092485549
0.6978578279867846,0.7922500814067079,0.7380346820809248
0.7400618139187893,0.8705090632801477,0.8559537572254335
0.7576468080571246,0.8490176923911864,0.8126011560693641
0.8328892678247896,0.8436991208075545,0.8492485549132948
0.766599168709368,0.845869966351894,0.8564161849710983
0.7496536289033359,0.873114077933355,0.728092485549133
0.7586059895555792,0.7642461738847282,0.8505202312138729
0.7015879782585527,0.818625854770433,0.7910982658959538
0.7845038900138549,0.7835666992293499,0.7665895953757226
0.7102206117446446,0.8177575165526972,0.764393063583815
0.6508579345625066,0.6928253554759579,0.7743352601156069
0.7706490461472877,0.850645826549441,0.8055491329479769
0.8562293509538527,0.8908064691197222,0.7790751445086705
0.79175103911329,0.8013676326929339,0.8308670520231214
0.864755408717894,0.8888527081298165,0.7959537572254335
0.7372908451454758,0.7642461738847282,0.8169942196531792
0.7782159224128743,0.8255725605123195,0.7690173410404624
0.7544495363956091,0.8666015413003365,0.7889017341040463
0.7356922093147181,0.7803104309128406,0.7839306358381503
0.823510604284344,0.8397915988277435,0.7445086705202312
0.7513588404561441,0.7731466406165202,0.7691329479768786
0.7508259618458915,0.7747747747747747,0.8119075144508671
0.7798145582436321,0.8256811027895365,0.8411560693641619
0.7721411062559949,0.9253229132747205,0.8878612716763006
0.7335606948737078,0.8034299359600564,0.7926011560693642
0.7128850047959074,0.8265494410072723,0.7598843930635838
0.734626452094213,0.7982199066536416,0.8554913294797688
0.7111797932430992,0.9611418647563226,0.8559537572254335
0.7448577214110625,0.7485075436882666,0.7242774566473988
0.6755835020782266,0.7360251818083143,0.7441618497109826
0.7393157838644356,0.7571909258656246,0.7495953757225433
0.8118938505808377,0.8525995875393466,0.8220809248554913
0.8316103591601833,0.814284163681754,0.858728323699422
0.7489075988489822,0.8861391511993921,0.8121387283236994
0.7275924544388789,0.7904048626940193,0.7817341040462428
0.7123521261856549,0.8334961467491588,0.7980346820809249
0.7283384844932325,0.8267665255617063,0.8442774566473988
0.7522114462325482,0.8294800824921307,0.7701734104046243
0.7274858787168283,0.8432649516986866,0.8194219653179191
0.8349142065437494,0.8980788016932595,0.7114450867052023
0.7810934669082383,0.7694562031911429,0.7583815028901734
0.6981775551529361,0.7533919461630305,0.8009248554913295
0.7967600980496643,0.8054922392271789,0.7664739884393064
0.8759633027522936,0.7807793449677265,0.8621831468371774
0.8435474006116208,0.830863016973464,0.7493720027403517
0.7714984709480123,0.8129333014582836,0.8367207124914364
0.7734556574923548,0.8691130767391824,0.7708380908883307
0.7922935779816513,0.7983504661726034,0.8645809545558346
0.8134556574923547,0.8479560124312694,0.7638730303722311
0.8392660550458716,0.8369591202486254,0.7912765471568851
0.8095412844036697,0.847477886684198,0.8010961406713861
0.708868501529052,0.7126464260100407,0.6637360127883078
0.6391437308868502,0.7856801338752092,0.7802009591230875
0.7500917431192661,0.7874731054267272,0.7398949531856588
0.7611009174311927,0.7854410710016735,0.7203699474765928
0.8659327217125382,0.7716949557733684,0.7756337063256451
0.8264220183486238,0.7966770260578532,0.709180178122859
0.6724159021406728,0.7842457566339948,0.8084037451472939
0.6960244648318042,0.715993306239541,0.7316738981502626
0.7373700305810398,0.7860387281855128,0.7224252112354419
0.7211009174311926,0.8668419794405928,0.861498058917561
0.7338226299694189,0.7290222328472388,0.7396665905457868
0.7582874617737003,0.7715754243366005,0.6812057547385247
0.7350458715596331,0.8296677026057854,0.7016442110070792
0.6825688073394496,0.7514941429595984,0.7021009362868235
0.7729663608562691,0.7678699497967966,0.7626170358529345
0.9341896024464832,0.7517332058331341,0.8151404430235214
0.8395107033639144,0.7666746354291178,0.8176524320621147
0.8418348623853211,0.7579488405450634,0.783169673441425
0.8046483180428134,0.7869949796796557,0.7456040191824618
0.7109480122324159,0.7918957685871384,0.7356702443480246
0.8013455657492354,0.7995457805402821,0.7228819365151861
0.8615290519877676,0.7633277551996175,0.8371774377711806
0.7911926605504587,0.7817355964618695,0.7124914364010048
0.7878899082568808,0.8872818551278986,0.7461749257821421
0.7980428134556575,0.6161845565383696,0.7437771180634848
0.7814067278287462,0.8177145589289984,0.7276775519525006
0.7155963302752294,0.7211331580205594,0.7306462662708381
0.7334556574923548,0.7816160650251016,0.7414934916647636
0.7151070336391437,0.7087018885967009,0.7953870746745832
0.7533944954128441,0.8100645469758546,0.722653573875314
0.9536391437308869,0.7924934257709778,0.7919616350765015
0.8250764525993883,0.792254362897442,0.8263302123772551
0.8455045871559633,0.7704996414056897,0.841858871888559
0.8528440366972477,0.8299067654793211,0.7727791733272437
0.8864831804281346,0.8568013387520917,0.7553094313770267
0.8151681957186544,0.8619411905331102,0.7715231788079471
0.7877675840978593,0.8805880946688979,0.7739209865266042
0.8051376146788991,0.7685871384174038,0.7221968485955698
0.6848929663608563,0.8650490078890748,0.7193423155971683
0.6858715596330275,0.666268228544107,0.6742406942224252
0.8187155963302752,0.8571599330623955,0.7797442338433432
0.7784709480122324,0.8651685393258427,0.8049783055492121
0.8069724770642202,0.8025340664594789,0.8092030143868463
0.8198165137614679,0.7543628974420272,0.7490294587805435
0.8125993883792049,0.8450872579488405,0.7698104590089061
0.793394495412844,0.8753287114511117,0.8414021466088148
0.7234250764525993,0.7387042792254362,0.6864580954555835
0.7850764525993884,0.7180253406645948,0.8216487782598767
0.7664831804281346,0.7566339947406168,0.738296414706554
0.8215290519877676,0.807912981114033,0.712948161680749
0.7710286062081558,0.8107551487414187,0.7567447540801598
0.8092513694461351,0.7882151029748283,0.7363161985122683
0.7980523432744979,0.8774599542334096,0.7500832685688908
0.7842970176506391,0.7203661327231121,0.8360164316642611
0.7611685940353012,0.7100686498855835,0.747196624847341
0.8110772976262933,0.7516018306636155,0.8210280892639058
0.8871576384662203,0.8363844393592678,0.7776174086821361
0.7532562385879489,0.9002288329519451,0.8591095814366604
0.8430919050517346,0.8250572082379862,0.8150327523037637
0.809373097991479,0.8421052631578947,0.7898301321194626
0.7962264150943397,0.7218535469107551,0.8170311979571444
0.8579427875836884,0.8506864988558352,0.7478627733984679
0.7733414485696896,0.8036613272311213,0.7947152214943932
0.8642726719415703,0.7596109839816934,0.7550793827023426
0.7920876445526476,0.8164759725400458,0.6896857999333852
0.7218502738892271,0.6709382151029748,0.7639613633840346
0.7689592209373098,0.7225400457665904,0.7278783168646609
0.7237979306147292,0.7462242562929062,0.7455312534695238
0.7264759586122946,0.6551487414187643,0.7134450982569113
0.7790626902008521,0.667162471395881,0.770178749861219
0.695800365185636,0.7332951945080092,0.7062284889530366
0.8300669506999392,0.7308924485125858,0.7574109026312867
0.7642118076688984,0.7403890160183066,0.6822471411124681
0.7315885575167377,0.7969107551487414,0.7303208615521262
0.837492391965916,0.7635011441647597,0.7062284889530366
0.7425441265976872,0.7797482837528604,0.8148107027867214
0.7608034083992696,0.7736842105263158,0.7320972576884646
0.8163116250760803,0.7577803203661327,0.8663261907405352
0.7362142422398052,0.7592677345537757,0.7340957033418453
0.7534996956786366,0.7037757437070938,0.7825024980570667
0.8615946439440049,0.825858123569794,0.7237704007993783
0.8399269628727937,0.7964530892448513,0.7748417897191073
0.7438831405964699,0.8096109839816934,0.7497501942933275
0.7782105903834449,0.7164759725400458,0.8213611635394693
0.7247717589774803,0.7684210526315789,0.8033751526590429
0.7392574558734023,0.6955377574370709,0.753191961807483
0.745830797321972,0.7971395881006865,0.7882757855001665
0.8189896530736458,0.782837528604119,0.699900077717331
0.8253195374315276,0.7249427917620137,0.8903075385811036
0.8477175897748022,0.7188787185354691,0.7855001665371378
0.7532562385879489,0.7556064073226545,0.7207727323193072
0.852099817407182,0.7782608695652173,0.7964916176307316
0.7191722458916616,0.8011441647597254,0.7192183857000111
0.955203895313451,0.7624713958810069,0.7795048295769956
0.7368228849665247,0.7596109839816934,0.8081492172754524
0.7554473524041387,0.6874141876430206,0.6278450094371045
0.7855143031040779,0.7879862700228834,0.7202176085267015
0.7900182592818016,0.7425629290617849,0.8200288664372155
0.7191722458916616,0.7096109839816933,0.6704785167092262
0.7057821059038345,0.6067505720823798,0.7745087154435439
0.7413268411442483,0.7220823798627002,0.7116687021205729
0.7723676202069385,0.7195652173913043,0.7566337293216387
0.5730249189853615,0.630842797369994,0.6557291666666667
0.7588557380712929,0.7496712492528392,0.7376041666666666
0.7341602413677506,0.7732217573221757,0.7515625
0.7491339814504414,0.817931858936043,0.7341666666666666
0.7358364063023801,0.7616258218768679,0.779375
0.7367303609341825,0.7654512851165571,0.7655208333333333
0.7337132640518493,0.7322175732217573,0.7314583333333333
0.7800871605766008,0.7212193664076509,0.8041666666666667
0.7496927030953179,0.7497907949790795,0.7275
0.6922561180020114,0.7867304243873281,0.7534375
0.7253324393787015,0.7526598924088463,0.8290625
0.7115878869147391,0.9543335325762105,0.8335416666666666
0.7229858084702201,0.8534369396294083,0.7226041666666667
0.7369538495921332,0.7285116557083084,0.7958333333333333
0.8286959436808582,0.7695158398087268,0.7746875
0.7743881997988602,0.8257023311416617,0.7334375
0.7368421052631579,0.8441123729826658,0.7905208333333333
0.7355011733154543,0.704602510460251,0.7571875
0.748240026818639,0.7145248057381949,0.7202083333333333
0.7131523075203934,0.7151225343693963,0.724375
0.608783104257459,0.6369396294082487,0.69375
0.6068834506648788,0.6768679019725045,0.7167708333333334
0.7085707900324059,0.7052002390914525,0.778125
0.6689015532461727,0.7939031679617453,0.7371875
0.8061235892278467,0.8071727435744173,0.700625
0.7083473013744552,0.7905558876270173,0.8014583333333334
0.7548329422281819,0.7679617453676031,0.7455208333333333
0.7153871940998995,0.6665869695158398,0.686875
0.7037657838864677,0.764136282127914,0.7272916666666667
0.6934853056207397,0.6783024506873879,0.7188541666666667
0.6818638954073081,0.7352062163777645,0.67625
0.6904682087384065,0.6882247459653318,0.7176041666666667
0.7512571237009722,0.7472803347280335,0.7232291666666667
0.6943792602525422,0.6745965331739391,0.75625
0.6515811822550006,0.6068141063956963,0.5953125
0.6502402503072969,0.7087866108786611,0.7384375
0.6551570007822103,0.6631201434548715,0.666875
0.6342608112638284,0.6329946204423191,0.6466666666666666
0.7594144597161694,0.6523610280932457,0.6667708333333333
0.7124818415465415,0.7110579796772265,0.6425
0.7100234663090849,0.7216975493126121,0.8014583333333334
0.6386188400938653,0.6936043036461447,0.665
0.7150519611129735,0.7441721458457861,0.7089583333333334
0.8057883562409208,0.7077106993424985,0.8373958333333333
0.7807576265504526,0.7178720860729229,0.7064583333333333
0.7515923566878981,0.8750747160789002,0.6984375
0.6636495697843334,0.7751344889420203,0.7145833333333333
0.7361716392893061,0.7531380753138075,0.773125
0.8009833500949827,0.732098027495517,0.779375
0.8042239356352665,0.7607890017931859,0.7652083333333334
0.6580623533355682,0.7899581589958159,0.78375
0.7036540395574925,0.7759713090257023,0.7294791666666667
0.7508101463850709,0.7269575612671847,0.7735416666666667
0.7503631690691698,0.7747758517632994,0.759375
0.7471225835288859,0.7560071727435744,0.789375
0.8110403397027601,0.697907949790795,0.709375
0.7669013297575148,0.6826060968320382,0.7069791666666667
0.6893507654486535,0.6909742976688583,0.70625
0.6872808415683774,0.8324538258575198,0.7918002748511223
0.7908830092445012,0.8600383785080356,0.7331653687585891
0.7435979173307832,0.8161429599424322,0.8449381584974806
0.7763255764530869,0.8698728711921324,0.7931745304626661
0.7226649665285304,0.8151834972415447,0.8223774622079707
0.7896079056423334,0.7610937874790118,0.7588181401740723
0.7329720539793858,0.9200047973135045,0.81539166284929
0.7882265434066518,0.8611177740465339,0.8319972514887769
0.7588991605567953,0.9094507076037419,0.76099404489235
0.7065136542344066,0.9016550731590309,0.7370590929912963
0.7142705344809266,0.8036699448308947,0.7753092075125974
0.7418977791945596,0.7736867354281602,0.9216674301420064
0.7172457762193178,0.8120652434636604,0.7630554283096656
0.8706832430134949,0.8691532741664668,0.929798442510307
0.8783338646265009,0.9141280882705685,0.7961520842876775
0.7259589841674636,0.8967378268169824,0.8246678882272103
0.7960896822866858,0.9245622451427201,0.8244388456252864
0.7625119540962704,0.8891820580474934,0.935066422354558
0.8193603230262458,0.8746701846965699,0.8213467704993128
0.7700563170757624,0.8693931398416886,0.8926935409986257
0.885984486239507,0.849244423123051,0.8488318827301878
0.6900435660397407,0.8913408491244903,0.799015116811727
0.759642970991393,0.8608779083713121,0.7549244159413651
0.74030389969185,0.8825857519788918,0.7795464956481906
0.7630432472638402,0.7944351163348525,0.7968392120934494
0.6996068430559983,0.7350683617174383,0.7356848373797527
0.6599723727552864,1.0027584552650515,0.918346312414109
0.8735522261183721,0.8599184456704245,0.8561612459917545
0.7566677292530019,0.9803310146318062,0.9757214841960604
0.7855700775688025,0.8620772367474214,0.8242098030233623
0.7838699394325789,0.8771887742863996,0.841960604672469
0.7737753692487515,0.8198608779083714,0.7754237288135594
0.7371161406864307,0.9628208203406092,0.8826156665139716
0.7495484008075656,0.9153274166466778,0.8434493815849748
0.7273403464031453,0.721875749580235,0.8022217132386624
0.6816491339921369,0.9160470136723435,0.837036188731104
0.617893953883753,0.721995682417846,0.7402656894182318
0.7169270003187759,0.8551211321659871,0.7241181859825928
0.7820635426628414,0.9484288798272967,0.8995648190563444
0.7547550738497503,0.9841688654353562,0.8056573522675218
0.7389225374561683,0.7771647877188774,0.8569628950984883
0.6222505578578259,0.8816262892780043,0.7158726523133303
0.7696312825417065,0.9076517150395779,0.7803481447549244
0.7183083625544575,0.9122091628687935,0.7267521759047183
0.7937519923493784,0.8782681698248981,0.836692624828218
0.7700563170757624,0.8762293115855121,0.912734768666972
0.7648496440335777,0.9627008875029983,0.9653000458085204
0.8210604611624694,0.7798033101463181,0.831081081081081
0.8292423759430454,0.9041736627488607,0.7874484654145671
0.6995005844224843,0.8167426241304869,0.8735684837379752
0.7081075337371161,0.78388102662509,0.841960604672469
0.7705876102433322,0.8294555049172463,0.842647732478241
0.7425353309956434,0.90537299112497,0.9831653687585891
0.7458293486345765,0.7246342048452866,0.8137883646358223
0.838380618425247,0.7790837131206524,0.7628263857077416
0.825689084895259,0.7180323906212231,0.7475409836065574
0.7858875413450938,0.6890258641527677,0.7819672131147541
0.8564498346196251,0.7843848199178148,0.8147540983606557
0.8624035281146637,0.9738941261783901,0.797423887587822
0.8067254685777288,0.9118926758520667,0.9058548009367682
0.8154355016538037,0.8097655305777133,0.9127634660421545
0.8328555678059537,0.8345419386028523,0.8536299765807962
0.8077177508269019,0.9312303601643703,0.8444964871194379
0.7325248070562294,0.9230118443316413,0.9017564402810304
0.7502756339581036,0.7260091854000483,0.7555035128805621
0.7378169790518192,0.8496495044718395,0.8379391100702576
0.7341786108048511,0.8601643703166546,0.8147540983606557
0.7796030871003308,0.7571912013536379,0.8070257611241218
0.7805953693495039,0.7662557408750302,0.844847775175644
0.8126791620727674,0.8506163886874547,0.793559718969555
0.6647188533627343,0.7993715252598501,0.819672131147541
0.885005512679162,0.8182257674643462,0.8186182669789227
0.7103638368246968,0.8199178148416727,0.7772833723653396
0.785226019845645,0.8039642252840222,0.8674473067915691
0.7616317530319735,0.7538071065989848,0.8269320843091335
0.8143329658213891,0.7729030698573846,0.769672131147541
0.7662624035281147,0.7962291515591008,0.7838407494145199
0.7476295479603087,0.7609378776891468,0.8208430913348946
0.7680264608599779,0.7580372250423012,0.7788056206088994
0.7658213891951489,0.780638143582306,0.815807962529274
0.7972436604189637,0.7693981145757796,0.8048009367681499
0.8142227122381478,0.8341793570219966,0.7156908665105386
0.7839029768467475,0.8126661832245589,0.8181498829039813
0.8711135611907387,0.8999274836838289,0.8112412177985948
0.8130099228224917,0.9128595600676819,0.8344262295081967
0.8381477398015436,0.8176214648295866,0.8254098360655737
0.7821389195148842,0.8239062122310853,0.9008196721311476
0.8270121278941566,0.8547256466038192,0.826463700234192
0.8202866593164277,0.8247522359197486,0.8268149882903981
0.8001102535832415,0.8343002175489486,0.7419203747072599
0.7413450937155458,0.7835387962291516,0.8579625292740047
0.7618522601984564,0.8944887599709934,0.8097189695550351
0.754244762954796,0.8260817017162195,0.8496487119437939
0.785226019845645,0.8275320280396422,0.7953161592505855
0.7235942668136714,0.7864394488759971,0.7330210772833724
0.7498346196251379,0.7489726855209089,0.740983606557377
0.7366041896361631,0.7371283538796229,0.8271662763466042
0.7133406835722161,0.8037225042301185,0.8240046838407494
0.82954796030871,0.8248730964467005,0.7970725995316159
0.8435501653803749,0.8486826202562243,0.7820843091334895
0.8237045203969129,0.8118201595358956,0.8347775175644028
0.7926130099228225,0.765288856659415,0.8599531615925059
0.8102535832414554,0.9110466521634034,0.8428571428571429
0.6700110253583241,0.7100555958423979,0.8692037470725995
0.8179713340683572,0.8281363306744017,0.7903981264637002
0.9202866593164278,0.9270002417210539,0.7571428571428571
0.7781697905181918,0.7922407541696882,0.843208430913349
0.7522601984564499,0.8156876963983563,0.8765807962529274
0.8543550165380375,0.8161711385061639,0.8044496487119438
0.8122381477398015,0.8884457336233986,0.7621779859484777
0.8405733186328556,0.8681411650954798,0.7921545667447307
0.8115766262403528,0.8184674885182499,0.8072599531615925
0.8857772877618523,0.8097655305777133,0.8909836065573771
0.781367144432194,0.8299492385786802,0.8206088992974239
0.8,0.7831762146482959,0.746135831381733
0.7658213891951489,0.8307952622673435,0.77903981264637
0.5896361631753032,0.6347594875513657,0.6163934426229508
0.7037486218302095,0.6978486826202562,0.7482435597189696
0.7732083792723263,0.6787527193618564,0.7237704918032787
0.8125689084895259,0.8042059463379261,0.7925058548009367
0.8648291069459757,0.7958665699782451,0.8305620608899298
0.7497243660418964,0.7634759487551366,0.8556206088992975
0.7911797133406836,0.8826444283297075,0.8459016393442623
0.82348401323043,0.7917573120618806,0.7877049180327869
0.732194046306505,0.7984046410442349,0.7434426229508196
0.7583980741875479,0.7158237075249524,0.7254782502741562
0.8673815515920779,0.7464393854435348,0.8883879614962836
0.8340080971659919,0.7686441628350342,0.8175947362008041
0.8099354415143889,0.8524167320847819,0.9629584501035702
0.8151876572929204,0.8986206123135584,0.9373705373461679
0.8581901739796477,0.7587753728832567,0.9183623735835262
0.8229565597986651,0.8056521251541998,0.9101986109418789
0.7971331655542182,0.7667376920488954,0.7850615328378213
0.7158332421490317,0.7899517775036448,0.8730352138418424
0.7973520078783237,0.6514522821576764,0.8196661386621177
0.7914432651274756,0.7500280363350903,0.8875350310710369
0.7306050990261517,0.7581025008410901,0.789326184964055
0.7424225845278477,0.737243467533924,0.861094187888388
0.7928657402341612,0.828641919928227,0.7788473254538808
0.8767917715286137,0.7762700459795896,0.8062629462653832
0.8290841448736186,0.7856902545699226,0.8102839039844035
0.7651821862348178,0.7622518784344511,0.8403801632752528
0.7750300908195645,0.812044409554783,0.7821371999512611
0.808622387569756,0.7967926432656723,0.803704154989643
0.7787504103293577,0.9014242458225861,0.8681613256975752
0.857643068169384,0.7734664124705618,0.7600828560984525
0.7931940037203196,0.7994841314343389,0.9089801389058121
0.802275960170697,0.7195245037568689,0.9069087364444987
0.8723055038844513,0.7365705954917573,0.8134519312781772
0.8042455410876463,0.7443086239766737,0.761057633727306
0.8023853813327497,0.8615005046540316,0.8798586572438163
0.7980085348506402,0.7483458562296736,0.761423175338126
0.7402341612867929,0.7112257485701469,0.8415986353113196
0.7360761571287887,0.7773914993832006,0.8015109053247228
0.769340190392822,0.6535830436245375,0.7514317046423784
0.7369515264252107,0.7418414264887294,0.6898988668210064
0.7313710471605208,0.8059885611752832,0.7876203241135616
0.7622278148593938,0.7353369967477851,0.853174119653954
0.7626654995076048,0.7261410788381742,0.8306323869867187
0.7726228252544042,0.6753392396545923,0.6139880589740465
0.7109092898566582,0.7823258943590894,0.7465578164981114
0.7645256592625014,0.7417292811483683,0.8623126599244547
0.7505197505197505,0.6527980262420097,0.7131716827098818
0.8050114892220155,0.7430750252327016,0.7809187279151943
0.6397855345223766,0.6207244588987327,0.7922505178506153
0.8023853813327497,0.6792643265672311,0.7938345314975022
0.7981179560126929,0.7219917012448133,0.8167418057755574
0.784112047269942,0.8025120556240888,0.7838430608017546
0.7474559579822738,0.6683862285522036,0.8252711100280249
0.73892110734216,0.8740607827744757,0.8822956013159498
0.7016084910821753,0.6958618369406752,0.7482636773486049
0.7739358791990371,0.6600874733654817,0.8314853174119654
0.7393587919903709,0.8424357967926432,0.784452296819788
0.7877229456176824,0.7886060334193115,0.7937126842938954
0.7238209869788818,0.7224402826062577,0.858048007798221
0.7407812670970566,0.6605360547269261,0.8027293773607895
0.8071999124630703,0.7147022541213413,0.734616790544657
0.7822518875150454,0.7462150947628126,0.7826245887656879
0.781157675894518,0.8091286307053942,0.7377848178384306
0.7377174745595798,0.7068520802960637,0.927135372243207
0.6754568333515701,0.7213188292026467,0.791641281832582
0.7417660575555313,0.698889761130425,0.8687705617156086
0.8738374001531897,0.7145901087809802,0.7943219203119288
0.7504103293576978,0.7671862734103398,0.7962714755696356
0.7914432651274756,0.7511494897387013,0.7913975874253686
0.6950432213590109,0.6714141527419536,0.8881442670890703
0.812452128241602,0.7554110126724235,0.7816498111368344
0.6871648976912135,0.6494336660311764,0.7382722066528573
0.8846700951964109,0.7071885163171471,0.9289630802973072
0.7848779954043112,0.7126836379948414,0.7749482149384672
0.8223000328263487,0.8235953796119772,0.7481418301449981
0.7132071342597658,0.635415498486038,0.798830266845376
0.7523799102746471,0.6606482000672872,0.7711709516266602
0.6940584309005362,0.6876752270943143,0.7938345314975022
0.8305066199803042,0.7184030503532578,0.777263311806994
0.7471633237822349,0.7411964785914366,0.6852867260680832
0.7032664756446991,0.9005602240896359,0.818368745716244
0.7112893982808023,0.7795118047218887,0.6832305231893991
0.7318051575931233,0.7626050420168067,0.7442312085903587
0.7462464183381089,0.7471988795518207,0.7700479780671693
0.7954154727793696,0.6805722288915567,0.783184829792095
0.664756446991404,0.7421968787515006,0.6086360520904729
0.6971919770773639,0.6887755102040817,0.7276673520676262
0.6669340974212035,0.635954381752701,0.6173177975782499
0.7463610315186247,0.6978791516606643,0.8486406214302034
0.6778223495702006,0.8303321328531412,0.6947681060086818
0.7015472779369627,0.7663065226090436,0.6462188713730865
0.7807449856733525,0.7146858743497398,0.6850582590815627
0.7144985673352435,0.7513005202080832,0.7538268220242175
0.5824641833810889,0.6754701880752301,0.711217729038154
0.6010315186246419,0.7583033213285314,0.7339501941969385
0.7318051575931233,0.6790716286514605,0.6927119031299978
0.7468194842406877,0.7343937575030012,0.6788896504455106
0.7073925501432665,0.7234893957583033,0.7820424948594928
0.691461318051576,0.772609043617447,0.6895133653187114
0.5630945558739255,0.6549619847939175,0.5838473840530043
0.7660744985673352,0.7141856742697079,0.787754169522504
0.6687679083094555,0.734093637454982,0.7702764450536898
0.7475071633237822,0.7753101240496199,0.6505597441169751
0.6814899713467049,0.8202280912364946,0.7424034726981951
0.7088825214899713,0.7703081232492998,0.6814027872972356
0.7193123209169054,0.7362945178071229,0.7406899702992917
0.5820057306590258,0.6682673069227691,0.6734064427690198
0.6055014326647564,0.6790716286514605,0.5625999543066027
0.7056733524355301,0.7732092837134854,0.6736349097555403
0.6922636103151862,0.7474989995998399,0.6983093442997487
0.7464756446991404,0.7272909163665466,0.7574822938085447
0.7928939828080229,0.7443977591036415,0.753027187571396
0.6924928366762177,0.6729691876750701,0.680146218871373
0.6378223495702006,0.7122849139655862,0.6240575736806031
0.7430372492836677,0.7208883553421368,0.7050491204021019
0.6014899713467049,0.6988795518207283,0.7628512679917752
0.806647564469914,0.7737094837935174,0.6895133653187114
0.7191977077363897,0.758203281312525,0.6936257710760795
0.6534097421203439,0.7265906362545018,0.7459447109892621
0.6722063037249284,0.7115846338535414,0.6442769019876627
0.6943266475644699,0.6754701880752301,0.7565684258624629
0.6304871060171919,0.6993797519007603,0.6456477039067855
0.6297994269340974,0.7050820328131252,0.6825451222298378
0.5944985673352435,0.7303921568627451,0.6980808773132282
0.6163896848137536,0.7189875950380152,0.7043637194425405
0.7068194842406876,0.6361544617847139,0.7623943340187342
0.667163323782235,0.7306922769107643,0.7219556774046151
0.6879083094555873,0.6612645058023209,0.5795065113091158
0.7073925501432665,0.748999599839936,0.6459904043865662
0.6040114613180516,0.7229891956782714,0.6840301576422207
0.6634957020057307,0.7150860344137655,0.6345670550605438
0.7202292263610315,0.6920768307322929,0.7312085903586931
0.7588538681948424,0.7693077230892357,0.7502855837331506
0.7179369627507163,0.7859143657462985,0.7109892620516335
0.7365042979942693,0.7362945178071229,0.8248800548320767
0.6990257879656161,0.7713085234093637,0.8383596070367831
0.7265329512893983,0.7783113245298119,0.7706191455334704
0.6993696275071634,0.7854141656662665,0.795407813570939
0.7064756446991404,0.798219287715086,0.7458304774960018
0.6805730659025788,0.821828731492597,0.8909070139364862
0.6810315186246418,0.6963785514205683,0.7241261137765593
0.7714853972574061,0.8138437336130048,0.7316460991424388
0.7356851250915942,0.8446512847404299,0.8513909224011713
0.8097979692243275,0.7859202936549554,0.7897929303492993
0.7482466240971423,0.8091242789722076,0.821690023007739
0.8289542552077881,0.7597011012060828,0.8099769922610333
0.7417565162776091,0.7743838489774515,0.746601129470822
0.7906416832408667,0.7652071316203461,0.8504496967161682
0.7403956872186748,0.895254326166754,0.7637523530642125
0.7562022401339893,0.7679601468274777,0.8060029282576867
0.7531665445409819,0.8749344520188779,0.8392595691277975
0.7735789804249974,0.928814892501311,0.7594645471658649
0.8113681566000209,0.7657315154693235,0.8226312486927421
0.7706479639903695,0.8112218143681175,0.8481489228194938
0.7758819219093478,0.8557944415312009,0.7722233842292408
0.7710666806238878,0.7995542737283692,0.7685630621208952
0.7170522349000314,0.9282905086523335,0.8855887889562853
0.798073903485816,0.7187991609858416,0.705187199330684
0.6866952789699571,0.775301520713162,0.7218155197657394
0.8253951638228829,0.7716308337703198,0.7555950637941853
0.7268920757877106,0.7735972732039853,0.7042459736456809
0.7621689521616246,0.7965390665967488,0.8136373143693788
0.8153459646184444,0.826953329837441,0.7699226103325664
0.7931539830419764,0.8682485579444154,0.7927211880359757
0.7926305872500785,0.8354745673833246,0.8101861535243673
0.8414110750549566,0.8850288411116938,0.7637523530642125
0.790118287448969,0.8089931830099633,0.8687513072578958
0.7704386056736103,0.9240954378605138,0.7710729972809036
0.7896995708154506,0.8171211326691138,0.7924074461409747
0.8044593321469695,0.8200052438384898,0.7869692532942899
0.84057364178792,0.8314105925537494,0.7645889981175487
0.6333089081963781,0.6249344520188779,0.671198494038904
0.7926305872500785,0.8050603041426324,0.69901694206233
0.6875327122369936,0.7911641321447299,0.7495293871574984
0.7882340625981367,0.7220765600419508,0.7406400334658021
0.7327541086569664,0.7907708442579968,0.7965906714076553
0.7440594577619596,0.9142632406921867,0.7338422924074461
0.7639484978540773,0.8449134766649187,0.7112528759673709
0.6911964827802785,0.751442055584688,0.7215017778707383
0.7543180152831571,0.7414787624541164,0.7818448023426061
0.7559928818172302,0.7742527530152071,0.7539217736875131
0.7804878048780488,0.7686156266386995,0.7337377117757792
0.8219407515963572,0.824069218668065,0.7061284250156871
0.8168114728357584,0.8352123754588359,0.8298473122777662
0.7876059876478593,0.7620608285264814,0.8166701526877223
0.8585784570292054,0.8828002097535396,0.8021334448860071
0.863289019156286,0.7585212375458836,0.8271282158544238
0.7577724275096829,0.8314105925537494,0.8321480861744405
0.7793363341358736,0.708442579968537,0.8487764066094959
0.6806238877839422,0.7434452018877818,0.6764275256222547
0.7319166753899299,0.7922128998426848,0.7833089311859444
0.7134931435151262,0.8367855270057682,0.7759882869692533
0.6235737464670784,0.6924488725747246,0.6843756536289479
0.7099340521302209,0.7374147876245412,0.7428362267308094
0.6638752224432115,0.7316465652857892,0.6991215226939971
0.6988380613419868,0.7585212375458836,0.685316879313951
0.7903246669253654,0.8192498383272256,0.7346491228070176
0.7643254430216013,0.7849752101746066,0.7962614870509608
0.7766136334238779,0.8820866566070273,0.7598162071846283
0.8097270728236968,0.7913343392972624,0.7843567251461988
0.8268011900142285,0.7827117913343393,0.847953216374269
0.7683352735739232,0.8255011856003449,0.7774644945697577
0.8565515457250032,0.8505065746928218,0.7525062656641605
0.7803647652308886,0.8542789394266006,0.775375939849624
0.7951105937136205,0.7934899762879931,0.7647243107769424
0.84387530720476,0.7601853847812029,0.7541771094402674
0.8114086146682189,0.803082560896745,0.7045739348370927
0.7932997024964429,0.8020047424013796,0.7508354218880535
0.705859526581296,0.6802112524250916,0.7818504594820385
0.7909714137886431,0.7875619745634835,0.6625939849624061
0.7740266459707671,0.794675576632895,0.6859857978279031
0.6590350536799896,0.6850614356542358,0.6819131161236425
0.7670417798473678,0.8129984910541065,0.7835213032581454
0.7745440434613892,0.8127829273550334,0.7221177944862155
0.7894192213167767,0.7472515628368183,0.7787176274018379
0.8048117966627862,0.7836818279801682,0.7598162071846283
0.764972189884879,0.7535029101099375,0.7691102756892231
0.7572112275255465,0.8123517999568872,0.7828947368421053
0.6241107230629931,0.681289070920457,0.7020676691729323
0.7653602380028457,0.763418840267299,0.7157477025898078
0.6671840641572888,0.7526406553136452,0.643796992481203
0.8278359849954727,0.7407846518646259,0.797827903091061
0.9274350019402406,0.7776460444061221,0.8241436925647452
0.7357392316647264,0.7835740461306316,0.6702172096908939
0.7128443927046954,0.7206294460012934,0.775375939849624
0.7392316647264261,0.6427031687863763,0.641499582289056
0.770922261027034,0.6891571459366242,0.7225355054302423
0.6913723968438753,0.786268592369045,0.7035296574770259
0.6638209804682448,0.7876697564130201,0.7568922305764411
0.8402535247704048,0.7595386936839836,0.7471804511278195
0.7825637045660329,0.7834662642810951,0.7873851294903926
0.7824343551933773,0.6918516921750377,0.7942773600668338
0.8121847109041521,0.8085794352231084,0.7652464494569757
0.7802354158582331,0.8177408924337142,0.7874895572263994
0.8182641314189626,0.7901487389523604,0.672514619883041
0.7740266459707671,0.8237766760077603,0.7732873851294904
0.7362566291553486,0.8347704246604871,0.7406015037593985
0.7617384555684905,0.7616943306747144,0.8108813700918964
0.7943344974776873,0.6866781633972839,0.6694862155388471
0.7381968697451817,0.6881871092907954,0.710735171261487
0.6701590997283663,0.6652295753395129,0.7490601503759399
0.7463458802224809,0.7306531580081914,0.7136591478696742
0.924459966369163,0.7042466048717396,0.827172096908939
0.8268011900142285,0.7951067040310412,0.6735588972431078
0.738972965981115,0.8359560250053891,0.7888471177944862
0.7792006208769887,0.7040310411726666,0.7461361737677528
0.7538128841338493,0.8935258842246971,0.7396422388920947
0.8209651718643296,0.841512666748256,0.7944604731679169
0.904393353061689,0.8624403377799535,0.8377380265435661
0.8060550876394263,0.8713743727817893,0.7793421811886901
0.8148190302754382,0.8712519887406682,0.9542989036353144
0.7428864101980424,0.8169134744829274,0.8451240623196768
0.7179603915319827,0.8982988618284176,0.8782458165031737
0.9597086273617118,0.8663566270958267,0.8011540680900173
0.8684270430229911,0.8657447068902215,0.8315060588574726
0.8202822672433416,0.8526496144902704,0.790536641661858
0.8018438424766674,0.9165340839554522,0.8431621465666475
0.8211928067379922,0.812385264961449,0.813733410271206
0.8033234691554746,0.8719862929873945,0.8440854010386613
0.8007056681083542,0.8073675192754864,0.8350836699365263
0.8625085363077624,0.877248806755599,0.7991921523369879
0.859890735260642,0.9214294456002937,0.8002308136180034
0.858524926018666,0.8604821931220169,0.8027697634160416
0.8279080355110403,0.8573002080528699,0.6962492787074437
0.732187571135898,0.8128748011259331,0.7352567801500288
0.918506715228773,0.8681923877126423,0.8105020196191576
0.9127020259503756,0.8307428711296047,0.8529717253317946
0.8504438880036421,0.8313547913352098,0.8325447201384881
0.8737764625540633,0.867458083465916,0.8258511252163878
0.806282722513089,0.8888752906620977,0.78199653779573
0.8384930571363532,0.831721943458573,0.8529717253317946
0.8818575005690872,0.8118957287969649,0.8078476630121177
0.841566127930799,0.9028270713498959,0.7764570109636468
0.7521056225813795,0.7932933545465671,0.8683208309290248
0.8178921010698839,0.9238771264227145,0.7455279861511829
0.7519918051445481,0.8280504222249419,0.7532602423542989
0.8058274527657637,0.8150777138661118,0.6760530871321409
0.7670157068062827,0.763921184677518,0.7496826312752453
0.8042340086501252,0.7608615836494921,0.8125793421811887
0.6973594354655133,0.6354179415004283,0.6155799192152337
0.8621670839972684,0.8226655244156162,0.8228505481823427
0.7547234236284999,0.9308530167666136,0.8499711482977496
0.8124288641019805,0.8593807367519275,0.8264281592613965
0.7856817664466196,0.8531391506547547,0.8005770340450087
0.8709310266332803,0.808836127768939,0.784535487593768
0.7608695652173914,0.9194713009423571,0.806462781304097
0.7730480309583428,0.8571778240117489,0.7739180611656088
0.7722513089005235,0.8849590013462244,0.7219849971148298
0.736057363988163,0.7737119079672011,0.850201961915753
0.7069201001593444,0.7781177334475584,0.7693017888055396
0.8206237195538356,0.8412678986660139,0.7538372763993075
0.7795356248577282,0.8681923877126423,0.7798038084246971
0.7538128841338493,0.8663566270958267,0.8421234852856319
0.7732756658320055,0.8118957287969649,0.8453548759376803
0.7383337127247894,0.9627952514992045,0.8953260242354298
0.8332574550421125,0.8129971851670542,0.9107905366416619
0.7739585704529934,0.8205849957165585,0.8062319676860935
0.6889369451399955,0.8215640680455268,0.748066935949221
0.6512322628827483,0.7496674325795138,0.6401990993126333
0.7403179344926918,0.7060104002902406,0.755510784546101
0.6429104875706817,0.7176200266053936,0.7122540886465987
0.7085244852235143,0.8722941105333172,0.7764873192699692
0.8195881788114798,0.8475027210061676,0.7098838587342973
0.7630427824602581,0.7070988027572862,0.7299123014932448
0.738290835378214,0.7703470794533801,0.8122777909457217
0.7196201856396031,0.7763937598258556,0.7277790945721735
0.7149258508481809,0.8676986334502358,0.8097890495378052
0.7652832604288915,0.7662353368000967,0.6578573121592795
0.6817454390269925,0.6966985125166284,0.7056174448921545
0.6535794302784594,0.6917402346111985,0.6884332780279687
0.8019844233436466,0.9181279477566816,0.6697084617207869
0.7360503574095807,0.7855847139920183,0.6870111400805878
0.5634268643977381,0.503204740597412,0.5306944773643043
0.5956470713752268,0.64445519409844,0.6742118985541597
0.7589885842313027,0.7393880759463055,0.7866793078928656
0.6847327429851702,0.7705889466682792,0.7160464565062811
0.6934812760055479,0.7967106058773733,0.7148613415501304
0.711085031473381,0.7507558350465594,0.7309789049537805
0.8131868131868132,0.7988874108114645,0.6494429959706092
0.7956897471460578,0.7565606482041359,0.795330647072766
0.6449375866851595,0.8499213931551578,0.7447262384451292
0.7222874213165476,0.8634659571895029,0.699928893102631
0.7462925424090473,0.845446849679526,0.8100260725290354
0.7797930225114691,0.7964687386624743,0.6822706802559848
0.7743518617305025,0.8132785100979563,0.7126096231334439
0.7627227141790248,0.8482283226508647,0.790471675752548
0.7500266723567695,0.8618938202926594,0.7064470253614601
0.7565347274085138,0.7715564155278752,0.6661531168523347
0.6936946548597034,0.822469464264119,0.7372600142213794
0.7563213485543583,0.8248881364131092,0.7044323299360038
0.7465059212632028,0.8043294231466924,0.7328750888836217
0.7146057825669476,0.7749425565364615,0.6819151457691396
0.766030086418436,0.7443463538517354,0.7726949514102868
0.7493865357943028,0.7560769137743378,0.7310974164493956
0.723994452149792,0.7252388438747128,0.5789286560796397
0.6902805931932146,0.8880154795017535,0.6531168523346764
0.7242078310039475,0.8178739871810377,0.7018250770324721
0.681958817881148,0.7494255653646148,0.7351268073003081
0.7574949322522138,0.7084290724392308,0.6614126570277317
0.6697962231942814,0.9100253960575644,0.7838350319981038
0.7143924037127921,0.6654976417946548,0.6265702773168997
0.608876560332871,0.6416737211271012,0.5636406731452951
0.7614424410540915,0.7525698391583021,0.6553685707513629
0.7158860556918809,0.7249969766598138,0.7466224223749703
0.8124399871972687,0.7439835530293869,0.7244607726949515
0.6648885095487037,0.7719192163502238,0.6703010191988623
0.6265870052277819,0.7734913532470674,0.6910405309315003
0.7289021657953697,0.6970613133389769,0.6561981512206684
0.6830257121519258,0.8326278872898779,0.7155724105238208
0.6904939720473701,0.7831660418430282,0.7435411234889784
0.737330630534514,0.7929616640464385,0.6685233467646362
0.6143177211138376,0.6651348409723062,0.6643754444181086
0.7549343860023472,0.8256137380578062,0.6479023465276131
0.6803584764749814,0.7948966017656307,0.690447973453425
0.6689427077776592,0.6677953803361955,0.7379710831950699
0.6784380667875813,0.8378280324102068,0.7014695425456269
0.7636829190227249,0.774821622929012,0.6639013984356482
0.7550410754294249,0.7554722457370904,0.7918938136999288
0.6996692627760589,0.8239206675535131,0.693647783835032
0.8173223212345142,0.8838667820069204,0.7411819668301799
0.7822212562486416,0.7237240484429066,0.7466713384723196
0.7732014779395784,0.8049307958477508,0.8462975940200888
0.774722886329059,0.7772491349480969,0.8165148329829479
0.7995001086720278,0.7524870242214533,0.8111422564821303
0.8422082156053032,0.7321583044982699,0.7771548703573932
0.8094979352314714,0.7408088235294118,0.8401074515300163
0.7057161486633341,0.7291306228373703,0.7980612006540528
0.7374483807867854,0.7817906574394463,0.7973604298061201
0.6548576396435557,0.7068555363321799,0.7293856575566456
0.741903933927407,0.8014705882352942,0.7544966129409016
0.752771136709411,0.6803633217993079,0.7355758000467181
0.7549445772658118,0.7548659169550173,0.7164213968698903
0.6461638774179527,0.6439230103806228,0.7769212800747489
0.8252553792653771,0.7410250865051903,0.7068441952814762
0.7516844164312106,0.7093425605536332,0.7265825741649148
0.7323407954792437,0.7877378892733564,0.7877832282177062
0.7999347967833079,0.7645977508650519,0.6771782293856575
0.8450336883286242,0.6790657439446367,0.7662929222144359
0.7379917409258857,0.6867430795847751,0.7860313010978743
0.7786350793305803,0.7121539792387543,0.6975005839757066
0.6828950228211258,0.71875,0.6600093436113058
0.7621169311019343,0.8213667820069204,0.7796075683251577
0.7774396870245599,0.6615484429065744,0.7553141789301565
0.8189524016518148,0.7698961937716263,0.7455033870590984
0.7897196261682243,0.6043468858131488,0.5948376547535622
0.7173440556400782,0.7106401384083045,0.7261153935996263
0.7501630080417301,0.6852292387543253,0.8093903293622985
0.6381221473592698,0.5967776816608996,0.6524176594253679
0.697348402521191,0.709666955017301,0.6975005839757066
0.8610084764181699,0.738538062283737,0.7898855407615043
0.7841773527494023,0.6634948096885813,0.8177995795374913
0.6836557270158661,0.6956098615916955,0.6555711282410652
0.7433166702890676,0.6749567474048442,0.707544966129409
0.7271245381438818,0.7226427335640139,0.7537958420929689
0.7596174744620735,0.7086937716262975,0.8681382854473254
0.7051727885242338,0.6174307958477508,0.6806820836253212
0.8493805694414258,0.7466479238754326,0.6888577435178697
0.8050423820908498,0.7298875432525952,0.8487502919878533
0.7441860465116279,0.7448096885813149,0.8180331698201355
0.7683112366876766,0.7977941176470589,0.7300864284045784
0.8146055205390133,0.720371972318339,0.6986685353889278
0.725059769615301,0.72469723183391,0.7704975473020322
0.7272332101717018,0.6573313148788927,0.7843961691193646
0.6745488487865589,0.6865618721191349,0.6910916224324948
0.6309894212818917,0.8244888311074341,0.676782829448419
0.6497614602779507,0.7604302091951306,0.6442418647588276
0.6500725990458411,0.7419926722609621,0.722940226171244
0.659717900850446,0.7159910176102116,0.6833602584814217
0.7315909562331466,0.7236733246661151,0.6740133856450496
0.6960174237710018,0.6720245833825789,0.7530579275328871
0.6681186475834889,0.69436236851436,0.6890145395799677
0.7158265919933624,0.6897529842808179,0.7442880221555505
0.757104335200166,0.6875073868337076,0.763904915762751
0.771416718523128,0.7642122680534216,0.752827140549273
0.6872018253474383,0.7583028010873419,0.8258712208631434
0.7503629952292056,0.8142063585864555,0.7325178859912301
0.6624144368388302,0.8045148327620849,0.7568659127625202
0.7079444098734702,0.7490840326202577,0.7532887145165013
0.7600082970338105,0.7581846117480203,0.7792522501730902
0.8282514001244555,0.8691644013709964,0.7519039926148166
0.6944617299315494,0.7707126817161092,0.8676436648972998
0.7417548226509023,0.8929204585746365,0.8066005077313639
0.7767060775772662,0.805342158137336,0.7627509808446804
0.713026343082348,0.8023874246542961,0.8307177475190399
0.7508815598423564,0.7943505495804278,0.7804061850911609
0.7563783447417548,0.7821770476303037,0.8434110316178167
0.7484961626218627,0.7932868455265335,0.8404108008308332
0.7466293300145198,0.8032147500295473,0.775098084468036
0.6466500725990458,0.8280345112870819,0.7624048003692592
0.7472516075503007,0.7783949887720127,0.7093237941380106
0.8053308442231902,0.6669424417917503,0.760212324024925
0.6968471271520431,0.6677697671670015,0.7850219247634433
0.7406139805019706,0.7271008155064413,0.7575582737133626
0.7850031113876789,0.750147736674152,0.8026771290099238
0.7846919726197884,0.8664460465665997,0.6595891991691668
0.7499481435386849,0.8270889965725091,0.8019847680590815
0.7618751296411533,0.8275617539297956,0.7816755135010386
0.7761875129641154,0.7744947405744002,0.756635125778906
0.7669570628500311,0.7572390970334476,0.7247865220401569
0.6429164073843601,0.7389197494386006,0.7555965843526425
0.6719560257208048,0.7547571209076941,0.7258250634664205
0.5416925948973242,0.6909348776740338,0.6482806369720747
0.7453847749429579,0.7326557144545562,0.6436648972997923
0.7711055797552375,0.8647913958160974,0.7314793445649665
0.6764156813939017,0.7474293818697554,0.7741749365335795
0.693528313627878,0.7049994090533034,0.7414031848603738
0.8421489317568969,0.8485994563290391,0.7335564274174936
0.6685334992740095,0.6280581491549462,0.5747749826909763
0.7249533291848165,0.7759130126462593,0.7348257558273713
0.8217174859987555,0.7450655950833235,0.7887145165012693
0.6557768097904999,0.7935232242051767,0.7446342026309716
0.7645716656295375,0.7675215695544262,0.7775213477959843
0.7592823065753993,0.8290982153409763,0.6788599123009462
0.8209914955403443,0.7782767994326911,0.7615970459266097
0.7482887367766023,0.7178820470393571,0.8212554811908608
0.7239161999585149,0.776031201985581,0.8263327948303716
0.7525409666044389,0.7518023874246543,0.8192937918301407
0.7171748599875545,0.8136154118898475,0.7595199630740826
0.793507571043352,0.8074695662451247,0.7665589660743134
0.7830325658577059,0.7893865973289209,0.8143318716824371
0.7342874922215308,0.7572390970334476,0.827140549273021
0.5677245384774943,0.6020564945041957,0.6272790214631895
0.7222567931964323,0.7826498049875901,0.8705285021924763
0.7280647168637212,0.7347831225623449,0.743364874221094
0.7608380004148517,0.7358468266162392,0.771290099238403
0.7812694461729932,0.8207067722491431,0.6948996076621279
0.6507985895042522,0.7739037938777922,0.7690976228940688
0.7686164696121137,0.7302919276681243,0.8150242326332795
0.8047085666874092,0.7763857700035457,0.7685206554350335
0.733146650072599,0.7201276444864673,0.8184860373874914
0.6878241028832193,0.7232005673088288,0.7892914839603047
0.7294129848579133,0.7583028010873419,0.7040156935148858
0.7491184401576436,0.687980144190994,0.6830140780060004
0.6710226094171333,0.8508450537761494,0.7820216939764597
0.6896909354905622,0.7302919276681243,0.7704823447957535
0.762393694254304,0.7078359531970216,0.7129009923840295
0.6745488487865589,0.701926486230942,0.7520193861066236
0.7207010993569799,0.8191703108379624,0.6522040156935149
0.6431238332296204,0.6898711736201395,0.697092084006462
0.7930229844825575,0.7491485613623018,0.7838725985844287
0.699101621747754,0.8113916617733412,0.8326592517694641
0.7712052269280131,0.7529066353493834,0.8161021233569262
0.8487924396219811,0.8205519671168526,0.8152173913043478
0.6481157391202893,0.6535525543159131,0.6956521739130435
0.9798156574495391,0.8958308866705813,0.868680485338726
0.9108622097771555,0.8169113329418672,0.8766430738119313
0.8318749270796874,0.9036993540810335,0.8756319514661274
0.8987282697468206,0.845331767469172,0.9598078867542973
0.8804106872010267,0.8756312389900176,0.9106420626895855
0.8578928946447323,0.8634174985320023,0.9309908998988877
0.7484540893711352,0.8690546095126248,0.8091506572295247
0.776338816940847,0.7984732824427481,0.9445146612740142
0.840042002100105,0.7904873752201996,0.8025783619817998
0.7971065219927663,0.8279506752789195,0.8317745197168858
0.8259246295648116,0.8028185554903112,0.8806875631951466
0.7647882394119706,0.7080446271285966,0.6899646107178968
0.6563994866409987,0.7368173810921903,0.7762891809908999
0.7274530393186326,0.7429242513211979,0.7376137512639029
0.7926729669816824,0.7795654726952437,0.7934782608695652
0.7847392369618481,0.8553141514973576,0.9323811931243681
0.7912728969781823,0.8075161479741633,0.8004297269969667
0.7882394119705985,0.7994128009395185,0.8540192113245703
0.8584762571461907,0.832413388138579,0.8292467138523761
0.7420371018550928,0.8824427480916031,0.8676693629929222
0.8230078170575196,0.7907222548443923,0.8561678463094035
0.858359584645899,0.8991192014092777,0.849721941354904
0.9456306148640765,0.8133881385789783,0.9836956521739131
0.8098238245245596,0.8364063417498532,0.8262133468149646
0.768288414420721,0.8385202583675866,0.9011627906976745
0.8791272896978182,0.8628302994715209,0.96840242669363
0.8961614747404036,0.7895478567234292,0.9038169868554095
0.8459922996149808,0.8930123311802701,0.9499494438827099
0.8876443822191109,0.9013505578391074,0.9216380182002022
0.9522809473807023,0.964063417498532,0.801567239635996
0.9879827324699568,0.926952436876101,0.8785389282103134
0.8392252945980633,0.9143863769817968,0.7709807886754297
0.831641582079104,0.8551967116852613,0.8501011122345804
0.7744720569361802,0.8649442160892542,0.8651415571284126
0.8469256796173142,0.8507339988256019,0.9108948432760364
0.8666433321666084,0.8446271285965943,0.9955763397371082
0.8298914945747288,0.8528479154433353,0.875252780586451
0.8441255396103139,0.7805049911920141,1.0269211324570273
0.8386419320966049,0.7728714034057546,0.8319009100101112
0.8414420721036052,0.884791544333529,0.7970171890798786
0.850309182125773,0.8567234292425132,0.7824823053589485
0.8214910745537277,0.797651203758074,0.8959807886754297
0.8084237545210594,0.8090428655314151,0.7513902932254802
0.783689184459223,0.8129183793305931,0.7498736097067745
0.8017734220044336,0.7675866118614211,0.8679221435793731
0.783689184459223,0.809395184967704,0.90659757330637
0.8403920196009801,0.9221374045801527,0.8669110212335692
0.8514759071286898,0.7142689371697005,0.7524014155712841
0.7323532843308832,0.7551379917792131,0.7654196157735086
0.8101738420254346,0.867997651203758,0.8111729019211324
0.8387586045968966,0.7770992366412214,0.8203993933265925
0.8717769221794424,0.8452143276570757,0.8733569261880687
0.78695601446739,0.8463887257780388,0.7933518705763397
0.8815774122039435,0.8344098649442161,0.8263397371081901
0.8546260646365652,0.8124486200822079,0.8900404448938322
0.8326916345817291,0.8400469759248386,0.8574317492416582
0.8629098121572746,0.9203758073987082,0.8140798786653185
0.7954701441317776,0.7784030953218432,0.7216547497446374
0.7749942804850148,0.8927189588462892,0.8457609805924413
0.7657286662091055,0.7656231680150076,0.8529111338100103
0.7656142759094029,0.7744166959784266,0.8387129724208376
0.9636238846945779,0.8865048657521397,0.8187946884576098
0.828185769846717,0.8114667604642983,0.8204290091930542
0.7920384351407,0.7852034236135538,0.8220633299284985
0.6847403340196752,0.8386680736311408,0.8473953013278857
0.8643331045527339,0.7801618009145269,0.7981613891726251
0.8272706474490963,0.7886035877594091,0.7891726251276813
0.7069320521619766,0.7767616367686716,0.8903983656792646
0.7644703729123771,0.8437096963301677,0.7928498467824311
0.750972317547472,0.7523742525501231,0.8568947906026557
0.7903225806451613,0.8165083831633251,0.8164453524004086
0.7805994051704416,0.825301911126744,0.8156281920326864
0.766415008007321,0.7769961308476961,0.8582226762002043
0.7947838023335622,0.7478016180091452,0.7770173646578141
0.7775108670784717,0.8091218196740533,0.780388151174668
0.7780828185769847,0.7785203423613554,0.7941777323799796
0.7888355067490277,0.8527377183726111,0.8338100102145046
0.820750400366049,0.8644624223238363,0.7816138917262513
0.867879203843514,0.8109977723062493,0.820020429009193
0.7975291695264242,0.7787548364403799,0.8253319713993871
0.7944406314344543,0.8404267792238246,0.8892747701736465
0.7483413406543125,0.7459256653769493,0.8440245148110317
0.7608098833218943,0.8326884746160159,0.7778345250255363
0.7862045298558682,0.7156759291827881,0.7767109295199183
0.747654998856097,0.7667956384101301,0.7729315628192033
0.7030427819720888,0.7544846992613436,0.7677221654749745
0.742964996568291,0.85684136475554,0.7493360572012258
0.7323266986959506,0.6833157462774065,0.7250255362614914
0.7196293754289637,0.8587173173877359,0.867926455566905
0.7286662091054679,0.7373666314925548,0.7915219611848825
0.7687028140013726,0.809942548950639,0.8717058222676201
0.7842598947609243,0.7683198499237894,0.7153217568947906
0.8633035918554106,0.8045491851330754,0.7866189989785496
0.7365591397849462,0.7665611443311057,0.8117466802860062
0.846373827499428,0.7308007972798687,0.8053115423901941
0.7671013498055365,0.7520225114315864,0.8631256384065373
0.8245252802562343,0.846640872317974,0.8426966292134831
0.7108213223518646,0.6962129206237543,0.7507660878447395
0.7566918325326012,0.8397232969867511,0.7955056179775281
0.9144360558224662,0.8045491851330754,0.7876404494382022
0.758979638526653,0.8369093680384571,0.785291113381001
0.7500571951498513,0.7554226755774417,0.779979570990807
0.8025623427133379,0.8268261226404033,0.7767109295199183
0.744909631663235,0.811349513424786,0.8234933605720123
0.6909174102036147,0.7377183726110915,0.6684371807967313
0.6708991077556623,0.759291827881346,0.8153217568947906
0.7895218485472432,0.764450697619885,0.8221654749744637
0.7139098604438343,0.8201430413882049,0.8790602655771195
