0.7308835771197526,0.7606294289287203,0.7680938926320365
0.7509810916874777,0.7287411421425594,0.8173223212345142
0.7315970983470091,0.746040016673614,0.7579873940447729
0.7409917945058866,0.6778866194247604,0.6903933927407085
0.7694137233916042,0.6259899958315965,0.7827646163877418
0.7208942799381615,0.682680283451438,0.6343186263855684
0.6639315019621834,0.6153605669028762,0.7128885024994567
0.7506243310738494,0.7021675698207587,0.7061508367746142
0.7801165418004519,0.6817423926636098,0.6801782221256248
0.7716732072779166,0.7359316381825761,0.7097370136926755
0.8210250921631586,0.688620258441017,0.7587480982395132
0.7632298727553811,0.7710504376823677,0.7858074331667029
0.8662147698894042,0.7546894539391413,0.7704846772440773
0.7970032108455226,0.7322842851187995,0.7927624429471853
0.7908193602092995,0.8842225927469779,0.7743968702455988
0.7961707694137234,0.7742809503959983,0.8430775918278635
0.8639552860030919,0.7218632763651521,0.7988480765051076
0.8264954215721251,0.769383076281784,0.7711367094109977
0.7224402425972173,0.6822634431012922,0.8025429254509889
0.7273629372364178,0.6811308349769888,0.7144277617579795
0.7135946415281568,0.6038790269559501,0.6548672566371682
0.7037955842222774,0.7701073854920009,0.7491299592323755
0.7736293723641776,0.8533859303090072,0.8076961320473303
0.8134457950880675,0.7885163269778654,0.798051108680521
0.832919870999752,0.7115932500547885,0.7350104404892115
0.7743736045646241,0.8053911900065747,0.7973550760664214
0.9095757876457454,0.772189349112426,0.8370289350701005
0.8478045150086827,0.9031339031339032,0.7785621954857314
0.82473331679484,0.7918036379574841,0.7998409068310629
0.8590920367154552,0.7372342756958141,0.7819429253256438
0.8728603324237162,0.794652640806487,0.7551953862981008
0.9424460431654677,0.7296734604426912,0.7861191210102416
0.8198958074919375,0.8255533640149024,0.8857512180570747
0.8755891838253536,0.8361823361823362,0.7468429949289053
0.9073430910444058,0.81689677843524,0.7379934374067814
0.8218804266931282,0.6986631602016218,0.8175400218753107
0.8081121309848672,0.811965811965812,0.7846276225514567
0.855494914413297,0.7908174446635985,0.8020284379039475
0.8939469114363682,0.7447950909489371,0.804215968976832
0.9661374348796825,0.7937760245452553,0.7870140200855126
0.757628380054577,0.6919789612097305,0.7884060853137118
0.7942197965765319,0.6437650668419899,0.7210897882072188
0.7814438104688662,0.8185404339250493,0.852142786119121
0.8712478293227487,0.7685733070348455,0.7880083523913692
0.8502852890101712,0.9040105193951348,0.8337476384607736
0.8548747209129248,0.8310322156476002,0.850651287660336
0.8236169684941702,0.762546570238878,0.7134334294521228
0.8350285289010171,0.7601358755204909,0.8104802625037287
0.8128256015876953,0.8406749945211484,0.7747837327234762
0.9002728851401637,0.7091825553364015,0.7173113254449637
0.8229967749937981,0.7165242165242165,0.7665307745848663
0.7336929252383342,0.7164720553225258,0.7821021021021021
0.8109633718013045,0.7002607414125382,0.7642042042042042
0.8399397892624184,0.7393719532932774,0.8387987987987988
0.8432012042147516,0.7105770320825303,0.7608408408408408
1.020822880080281,0.79707516154631,0.8819219219219219
0.9421726041144004,0.8153270604239882,0.8415615615615616
0.9231058705469142,0.8733703661716359,0.8112912912912913
0.8824636226793778,0.8174810112232174,0.8980180180180181
0.8302809834420471,0.7762158485432491,0.9037837837837838
0.9371550426492724,0.8721233420247138,0.8576576576576577
0.7655544405418966,0.6851830858179345,0.7442642642642643
0.8430757651781234,0.6990137172656161,0.7300900900900901
0.7934019066733567,0.850697199863961,0.8103303303303303
0.8311590566984446,0.7231606393832899,0.8158558558558558
0.6467636728549925,0.6821222083663984,0.7804204204204204
0.692548921224285,0.61296905112799,0.6654654654654655
0.798670346211741,0.8154404262555266,0.8681081081081081
0.805569493226292,0.819181498696293,0.8276276276276276
0.7139989964877069,0.7563768280240336,0.8958558558558558
0.9155795283492223,0.8785851944224011,0.8236636636636636
0.8872303060712494,0.836186373427049,0.8239039039039039
0.7094831911690919,0.6365491440879719,0.6484084084084084
0.8917461113898645,0.7911801383063145,0.8914114114114114
0.7926492724535875,0.7926538941163134,0.8393993993993994
0.9170847967887606,0.7585307788232627,0.8108108108108109
0.7877571500250878,0.8281373993878245,0.7943543543543543
0.8279367885954249,0.756474000414336,0.6746213859568609
0.7117913581611228,0.6548580899109178,0.7162689307021569
0.7721295170737098,0.7002278848145846,0.7074346030289124
0.7530113824732014,0.7086181893515641,0.6918311151904544
0.837551110619958,0.6846902838201782,0.7477053694355209
0.7224002652226765,0.6761963952765693,0.7479348324919688
0.6784175046966515,0.6561010979904702,0.6521340064249656
0.6822853353961764,0.635384296664595,0.6408903166590179
0.7379820974693336,0.7924176507147297,0.7340523175768702
0.7472648911481932,0.68272218769422,0.6937815511702616
0.8474969609901647,0.6598301222291278,0.6844882973841212
0.7976571996905736,0.691526828257717,0.6777191372189078
0.6672560503923085,0.6449140252744976,0.6447911886186324
0.7218477179798872,0.6112492231199502,0.6000458926112896
0.6139904961874241,0.6800290035218562,0.5793942175309775
0.8141231075256935,0.7213590221669774,0.7104176227627352
0.7633992706376396,0.652993577791589,0.7208581918311152
0.7284782848933584,0.6704992749119536,0.6902248737953189
0.6649353519725937,0.667598922726331,0.7309545663148234
0.7048292629019781,0.5939506940128444,0.6062413951353832
0.7044977345563046,0.7960430909467578,0.7661771454795778
0.7513588404561441,0.7731466406165202,0.7691329479768786
0.7508259618458915,0.7747747747747747,0.8119075144508671
0.7798145582436321,0.8256811027895365,0.8411560693641619
0.7721411062559949,0.9253229132747205,0.8878612716763006
0.7335606948737078,0.8034299359600564,0.7926011560693642
0.7128850047959074,0.8265494410072723,0.7598843930635838
0.734626452094213,0.7982199066536416,0.8554913294797688
0.7111797932430992,0.9611418647563226,0.8559537572254335
0.7448577214110625,0.7485075436882666,0.7242774566473988
0.6755835020782266,0.7360251818083143,0.7441618497109826
0.7393157838644356,0.7571909258656246,0.7495953757225433
0.8118938505808377,0.8525995875393466,0.8220809248554913
0.8316103591601833,0.814284163681754,0.858728323699422
0.7489075988489822,0.8861391511993921,0.8121387283236994
0.7275924544388789,0.7904048626940193,0.7817341040462428
0.7123521261856549,0.8334961467491588,0.7980346820809249
0.7283384844932325,0.8267665255617063,0.8442774566473988
0.7522114462325482,0.8294800824921307,0.7701734104046243
0.7274858787168283,0.8432649516986866,0.8194219653179191
0.8349142065437494,0.8980788016932595,0.7114450867052023
0.7810934669082383,0.7694562031911429,0.7583815028901734
0.6981775551529361,0.7533919461630305,0.8009248554913295
0.7967600980496643,0.8054922392271789,0.7664739884393064
0.7814067278287462,0.8177145589289984,0.7276775519525006
0.7155963302752294,0.7211331580205594,0.7306462662708381
0.7334556574923548,0.7816160650251016,0.7414934916647636
0.7151070336391437,0.7087018885967009,0.7953870746745832
0.7533944954128441,0.8100645469758546,0.722653573875314
0.9536391437308869,0.7924934257709778,0.7919616350765015
0.8250764525993883,0.792254362897442,0.8263302123772551
0.8455045871559633,0.7704996414056897,0.841858871888559
0.8528440366972477,0.8299067654793211,0.7727791733272437
0.8864831804281346,0.8568013387520917,0.7553094313770267
0.8151681957186544,0.8619411905331102,0.7715231788079471
0.7877675840978593,0.8805880946688979,0.7739209865266042
0.8051376146788991,0.7685871384174038,0.7221968485955698
0.6848929663608563,0.8650490078890748,0.7193423155971683
0.6858715596330275,0.666268228544107,0.6742406942224252
0.8187155963302752,0.8571599330623955,0.7797442338433432
0.7784709480122324,0.8651685393258427,0.8049783055492121
0.8069724770642202,0.8025340664594789,0.8092030143868463
0.8198165137614679,0.7543628974420272,0.7490294587805435
0.8125993883792049,0.8450872579488405,0.7698104590089061
0.793394495412844,0.8753287114511117,0.8414021466088148
0.7234250764525993,0.7387042792254362,0.6864580954555835
0.7850764525993884,0.7180253406645948,0.8216487782598767
0.7664831804281346,0.7566339947406168,0.738296414706554
0.8215290519877676,0.807912981114033,0.712948161680749
0.7534996956786366,0.7037757437070938,0.7825024980570667
0.8615946439440049,0.825858123569794,0.7237704007993783
0.8399269628727937,0.7964530892448513,0.7748417897191073
0.7438831405964699,0.8096109839816934,0.7497501942933275
0.7782105903834449,0.7164759725400458,0.8213611635394693
0.7247717589774803,0.7684210526315789,0.8033751526590429
0.7392574558734023,0.6955377574370709,0.753191961807483
0.745830797321972,0.7971395881006865,0.7882757855001665
0.8189896530736458,0.782837528604119,0.699900077717331
0.8253195374315276,0.7249427917620137,0.8903075385811036
0.8477175897748022,0.7188787185354691,0.7855001665371378
0.7532562385879489,0.7556064073226545,0.7207727323193072
0.852099817407182,0.7782608695652173,0.7964916176307316
0.7191722458916616,0.8011441647597254,0.7192183857000111
0.955203895313451,0.7624713958810069,0.7795048295769956
0.7368228849665247,0.7596109839816934,0.8081492172754524
0.7554473524041387,0.6874141876430206,0.6278450094371045
0.7855143031040779,0.7879862700228834,0.7202176085267015
0.7900182592818016,0.7425629290617849,0.8200288664372155
0.7191722458916616,0.7096109839816933,0.6704785167092262
0.7057821059038345,0.6067505720823798,0.7745087154435439
0.7413268411442483,0.7220823798627002,0.7116687021205729
0.7723676202069385,0.7195652173913043,0.7566337293216387
0.7512571237009722,0.7472803347280335,0.7232291666666667
0.6943792602525422,0.6745965331739391,0.75625
0.6515811822550006,0.6068141063956963,0.5953125
0.6502402503072969,0.7087866108786611,0.7384375
0.6551570007822103,0.6631201434548715,0.666875
0.6342608112638284,0.6329946204423191,0.6466666666666666
0.7594144597161694,0.6523610280932457,0.6667708333333333
0.7124818415465415,0.7110579796772265,0.6425
0.7100234663090849,0.7216975493126121,0.8014583333333334
0.6386188400938653,0.6936043036461447,0.665
0.7150519611129735,0.7441721458457861,0.7089583333333334
0.8057883562409208,0.7077106993424985,0.8373958333333333
0.7807576265504526,0.7178720860729229,0.7064583333333333
0.7515923566878981,0.8750747160789002,0.6984375
0.6636495697843334,0.7751344889420203,0.7145833333333333
0.7361716392893061,0.7531380753138075,0.773125
0.8009833500949827,0.732098027495517,0.779375
0.8042239356352665,0.7607890017931859,0.7652083333333334
0.6580623533355682,0.7899581589958159,0.78375
0.7036540395574925,0.7759713090257023,0.7294791666666667
0.7508101463850709,0.7269575612671847,0.7735416666666667
0.7503631690691698,0.7747758517632994,0.759375
0.7471225835288859,0.7560071727435744,0.789375
0.8110403397027601,0.697907949790795,0.709375
0.7669013297575148,0.6826060968320382,0.7069791666666667
0.6893507654486535,0.6909742976688583,0.70625
0.7737753692487515,0.8198608779083714,0.7754237288135594
0.7371161406864307,0.9628208203406092,0.8826156665139716
0.7495484008075656,0.9153274166466778,0.8434493815849748
0.7273403464031453,0.721875749580235,0.8022217132386624
0.6816491339921369,0.9160470136723435,0.837036188731104
0.617893953883753,0.721995682417846,0.7402656894182318
0.7169270003187759,0.8551211321659871,0.7241181859825928
0.7820635426628414,0.9484288798272967,0.8995648190563444
0.7547550738497503,0.9841688654353562,0.8056573522675218
0.7389225374561683,0.7771647877188774,0.8569628950984883
0.6222505578578259,0.8816262892780043,0.7158726523133303
0.7696312825417065,0.9076517150395779,0.7803481447549244
0.7183083625544575,0.9122091628687935,0.7267521759047183
0.7937519923493784,0.8782681698248981,0.836692624828218
0.7700563170757624,0.8762293115855121,0.912734768666972
0.7648496440335777,0.9627008875029983,0.9653000458085204
0.8210604611624694,0.7798033101463181,0.831081081081081
0.8292423759430454,0.9041736627488607,0.7874484654145671
0.6995005844224843,0.8167426241304869,0.8735684837379752
0.7081075337371161,0.78388102662509,0.841960604672469
0.7705876102433322,0.8294555049172463,0.842647732478241
0.7425353309956434,0.90537299112497,0.9831653687585891
0.7458293486345765,0.7246342048452866,0.8137883646358223
0.838380618425247,0.7790837131206524,0.7628263857077416
0.7235942668136714,0.7864394488759971,0.7330210772833724
0.7498346196251379,0.7489726855209089,0.740983606557377
0.7366041896361631,0.7371283538796229,0.8271662763466042
0.7133406835722161,0.8037225042301185,0.8240046838407494
0.82954796030871,0.8248730964467005,0.7970725995316159
0.8435501653803749,0.8486826202562243,0.7820843091334895
0.8237045203969129,0.8118201595358956,0.8347775175644028
0.7926130099228225,0.765288856659415,0.8599531615925059
0.8102535832414554,0.9110466521634034,0.8428571428571429
0.6700110253583241,0.7100555958423979,0.8692037470725995
0.8179713340683572,0.8281363306744017,0.7903981264637002
0.9202866593164278,0.9270002417210539,0.7571428571428571
0.7781697905181918,0.7922407541696882,0.843208430913349
0.7522601984564499,0.8156876963983563,0.8765807962529274
0.8543550165380375,0.8161711385061639,0.8044496487119438
0.8122381477398015,0.8884457336233986,0.7621779859484777
0.8405733186328556,0.8681411650954798,0.7921545667447307
0.8115766262403528,0.8184674885182499,0.8072599531615925
0.8857772877618523,0.8097655305777133,0.8909836065573771
0.781367144432194,0.8299492385786802,0.8206088992974239
0.8,0.7831762146482959,0.746135831381733
0.7658213891951489,0.8307952622673435,0.77903981264637
0.5896361631753032,0.6347594875513657,0.6163934426229508
0.7037486218302095,0.6978486826202562,0.7482435597189696
0.7732083792723263,0.6787527193618564,0.7237704918032787
0.8125689084895259,0.8042059463379261,0.7925058548009367
0.8648291069459757,0.7958665699782451,0.8305620608899298
0.7497243660418964,0.7634759487551366,0.8556206088992975
0.7911797133406836,0.8826444283297075,0.8459016393442623
0.82348401323043,0.7917573120618806,0.7877049180327869
0.732194046306505,0.7984046410442349,0.7434426229508196
0.8023853813327497,0.6792643265672311,0.7938345314975022
0.7981179560126929,0.7219917012448133,0.8167418057755574
0.784112047269942,0.8025120556240888,0.7838430608017546
0.7474559579822738,0.6683862285522036,0.8252711100280249
0.73892110734216,0.8740607827744757,0.8822956013159498
0.7016084910821753,0.6958618369406752,0.7482636773486049
0.7739358791990371,0.6600874733654817,0.8314853174119654
0.7393587919903709,0.8424357967926432,0.784452296819788
0.7877229456176824,0.7886060334193115,0.7937126842938954
0.7238209869788818,0.7224402826062577,0.858048007798221
0.7407812670970566,0.6605360547269261,0.8027293773607895
0.8071999124630703,0.7147022541213413,0.734616790544657
0.7822518875150454,0.7462150947628126,0.7826245887656879
0.781157675894518,0.8091286307053942,0.7377848178384306
0.7377174745595798,0.7068520802960637,0.927135372243207
0.6754568333515701,0.7213188292026467,0.791641281832582
0.7417660575555313,0.698889761130425,0.8687705617156086
0.8738374001531897,0.7145901087809802,0.7943219203119288
0.7504103293576978,0.7671862734103398,0.7962714755696356
0.7914432651274756,0.7511494897387013,0.7913975874253686
0.6950432213590109,0.6714141527419536,0.8881442670890703
0.812452128241602,0.7554110126724235,0.7816498111368344
0.6871648976912135,0.6494336660311764,0.7382722066528573
0.8846700951964109,0.7071885163171471,0.9289630802973072
0.7848779954043112,0.7126836379948414,0.7749482149384672
0.8223000328263487,0.8235953796119772,0.7481418301449981
0.7132071342597658,0.635415498486038,0.798830266845376
0.7523799102746471,0.6606482000672872,0.7711709516266602
0.6940584309005362,0.6876752270943143,0.7938345314975022
0.8305066199803042,0.7184030503532578,0.777263311806994
0.6924928366762177,0.6729691876750701,0.680146218871373
0.6378223495702006,0.7122849139655862,0.6240575736806031
0.7430372492836677,0.7208883553421368,0.7050491204021019
0.6014899713467049,0.6988795518207283,0.7628512679917752
0.806647564469914,0.7737094837935174,0.6895133653187114
0.7191977077363897,0.758203281312525,0.6936257710760795
0.6534097421203439,0.7265906362545018,0.7459447109892621
0.6722063037249284,0.7115846338535414,0.6442769019876627
0.6943266475644699,0.6754701880752301,0.7565684258624629
0.6304871060171919,0.6993797519007603,0.6456477039067855
0.6297994269340974,0.7050820328131252,0.6825451222298378
0.5944985673352435,0.7303921568627451,0.6980808773132282
0.6163896848137536,0.7189875950380152,0.7043637194425405
0.7068194842406876,0.6361544617847139,0.7623943340187342
0.667163323782235,0.7306922769107643,0.7219556774046151
0.6879083094555873,0.6612645058023209,0.5795065113091158
0.7073925501432665,0.748999599839936,0.6459904043865662
0.6040114613180516,0.7229891956782714,0.6840301576422207
0.6634957020057307,0.7150860344137655,0.6345670550605438
0.7202292263610315,0.6920768307322929,0.7312085903586931
0.7588538681948424,0.7693077230892357,0.7502855837331506
0.7179369627507163,0.7859143657462985,0.7109892620516335
0.7365042979942693,0.7362945178071229,0.8248800548320767
0.6990257879656161,0.7713085234093637,0.8383596070367831
0.7265329512893983,0.7783113245298119,0.7706191455334704
0.6993696275071634,0.7854141656662665,0.795407813570939
0.7064756446991404,0.798219287715086,0.7458304774960018
0.6805730659025788,0.821828731492597,0.8909070139364862
0.6810315186246418,0.6963785514205683,0.7241261137765593
0.7639484978540773,0.8449134766649187,0.7112528759673709
0.6911964827802785,0.751442055584688,0.7215017778707383
0.7543180152831571,0.7414787624541164,0.7818448023426061
0.7559928818172302,0.7742527530152071,0.7539217736875131
0.7804878048780488,0.7686156266386995,0.7337377117757792
0.8219407515963572,0.824069218668065,0.7061284250156871
0.8168114728357584,0.8352123754588359,0.8298473122777662
0.7876059876478593,0.7620608285264814,0.8166701526877223
0.8585784570292054,0.8828002097535396,0.8021334448860071
0.863289019156286,0.7585212375458836,0.8271282158544238
0.7577724275096829,0.8314105925537494,0.8321480861744405
0.7793363341358736,0.708442579968537,0.8487764066094959
0.6806238877839422,0.7434452018877818,0.6764275256222547
0.7319166753899299,0.7922128998426848,0.7833089311859444
0.7134931435151262,0.8367855270057682,0.7759882869692533
0.6235737464670784,0.6924488725747246,0.6843756536289479
0.7099340521302209,0.7374147876245412,0.7428362267308094
0.6638752224432115,0.7316465652857892,0.6991215226939971
0.6988380613419868,0.7585212375458836,0.685316879313951
0.6671840641572888,0.7526406553136452,0.643796992481203
0.8278359849954727,0.7407846518646259,0.797827903091061
0.9274350019402406,0.7776460444061221,0.8241436925647452
0.7357392316647264,0.7835740461306316,0.6702172096908939
0.7128443927046954,0.7206294460012934,0.775375939849624
0.7392316647264261,0.6427031687863763,0.641499582289056
0.770922261027034,0.6891571459366242,0.7225355054302423
0.6913723968438753,0.786268592369045,0.7035296574770259
0.6638209804682448,0.7876697564130201,0.7568922305764411
0.8402535247704048,0.7595386936839836,0.7471804511278195
0.7825637045660329,0.7834662642810951,0.7873851294903926
0.7824343551933773,0.6918516921750377,0.7942773600668338
0.8121847109041521,0.8085794352231084,0.7652464494569757
0.7802354158582331,0.8177408924337142,0.7874895572263994
0.8182641314189626,0.7901487389523604,0.672514619883041
0.7740266459707671,0.8237766760077603,0.7732873851294904
0.7362566291553486,0.8347704246604871,0.7406015037593985
0.7617384555684905,0.7616943306747144,0.8108813700918964
0.7943344974776873,0.6866781633972839,0.6694862155388471
0.7381968697451817,0.6881871092907954,0.710735171261487
0.6701590997283663,0.6652295753395129,0.7490601503759399
0.7463458802224809,0.7306531580081914,0.7136591478696742
0.924459966369163,0.7042466048717396,0.827172096908939
0.8268011900142285,0.7951067040310412,0.6735588972431078
0.738972965981115,0.8359560250053891,0.7888471177944862
0.7792006208769887,0.7040310411726666,0.7461361737677528
0.8058274527657637,0.8150777138661118,0.6760530871321409
0.7670157068062827,0.763921184677518,0.7496826312752453
0.8042340086501252,0.7608615836494921,0.8125793421811887
0.6973594354655133,0.6354179415004283,0.6155799192152337
0.8621670839972684,0.8226655244156162,0.8228505481823427
0.7547234236284999,0.9308530167666136,0.8499711482977496
0.8124288641019805,0.8593807367519275,0.8264281592613965
0.7856817664466196,0.8531391506547547,0.8005770340450087
0.8709310266332803,0.808836127768939,0.784535487593768
0.7608695652173914,0.9194713009423571,0.806462781304097
0.7730480309583428,0.8571778240117489,0.7739180611656088
0.7722513089005235,0.8849590013462244,0.7219849971148298
0.736057363988163,0.7737119079672011,0.850201961915753
0.7069201001593444,0.7781177334475584,0.7693017888055396
0.8206237195538356,0.8412678986660139,0.7538372763993075
0.7795356248577282,0.8681923877126423,0.7798038084246971
0.7538128841338493,0.8663566270958267,0.8421234852856319
0.7732756658320055,0.8118957287969649,0.8453548759376803
0.7383337127247894,0.9627952514992045,0.8953260242354298
0.8332574550421125,0.8129971851670542,0.9107905366416619
0.7739585704529934,0.8205849957165585,0.8062319676860935
0.6889369451399955,0.8215640680455268,0.748066935949221
0.723994452149792,0.7252388438747128,0.5789286560796397
0.6902805931932146,0.8880154795017535,0.6531168523346764
0.7242078310039475,0.8178739871810377,0.7018250770324721
0.681958817881148,0.7494255653646148,0.7351268073003081
0.7574949322522138,0.7084290724392308,0.6614126570277317
0.6697962231942814,0.9100253960575644,0.7838350319981038
0.7143924037127921,0.6654976417946548,0.6265702773168997
0.608876560332871,0.6416737211271012,0.5636406731452951
0.7614424410540915,0.7525698391583021,0.6553685707513629
0.7158860556918809,0.7249969766598138,0.7466224223749703
0.8124399871972687,0.7439835530293869,0.7244607726949515
0.6648885095487037,0.7719192163502238,0.6703010191988623
0.6265870052277819,0.7734913532470674,0.6910405309315003
0.7289021657953697,0.6970613133389769,0.6561981512206684
0.6830257121519258,0.8326278872898779,0.7155724105238208
0.6904939720473701,0.7831660418430282,0.7435411234889784
0.737330630534514,0.7929616640464385,0.6685233467646362
0.6143177211138376,0.6651348409723062,0.6643754444181086
0.7549343860023472,0.8256137380578062,0.6479023465276131
0.6803584764749814,0.7948966017656307,0.690447973453425
0.6689427077776592,0.6677953803361955,0.7379710831950699
0.6784380667875813,0.8378280324102068,0.7014695425456269
0.7636829190227249,0.774821622929012,0.6639013984356482
0.7550410754294249,0.7554722457370904,0.7918938136999288
0.6996692627760589,0.8239206675535131,0.693647783835032
0.6381221473592698,0.5967776816608996,0.6524176594253679
0.697348402521191,0.709666955017301,0.6975005839757066
0.8610084764181699,0.738538062283737,0.7898855407615043
0.7841773527494023,0.6634948096885813,0.8177995795374913
0.6836557270158661,0.6956098615916955,0.6555711282410652
0.7433166702890676,0.6749567474048442,0.707544966129409
0.7271245381438818,0.7226427335640139,0.7537958420929689
0.7596174744620735,0.7086937716262975,0.8681382854473254
0.7051727885242338,0.6174307958477508,0.6806820836253212
0.8493805694414258,0.7466479238754326,0.6888577435178697
0.8050423820908498,0.7298875432525952,0.8487502919878533
0.7441860465116279,0.7448096885813149,0.8180331698201355
0.7683112366876766,0.7977941176470589,0.7300864284045784
0.8146055205390133,0.720371972318339,0.6986685353889278
0.725059769615301,0.72469723183391,0.7704975473020322
0.7272332101717018,0.6573313148788927,0.7843961691193646
0.6685334992740095,0.6280581491549462,0.5747749826909763
0.7249533291848165,0.7759130126462593,0.7348257558273713
0.8217174859987555,0.7450655950833235,0.7887145165012693
0.6557768097904999,0.7935232242051767,0.7446342026309716
0.7645716656295375,0.7675215695544262,0.7775213477959843
0.7592823065753993,0.8290982153409763,0.6788599123009462
0.8209914955403443,0.7782767994326911,0.7615970459266097
0.7482887367766023,0.7178820470393571,0.8212554811908608
0.7239161999585149,0.776031201985581,0.8263327948303716
0.7525409666044389,0.7518023874246543,0.8192937918301407
0.7171748599875545,0.8136154118898475,0.7595199630740826
0.793507571043352,0.8074695662451247,0.7665589660743134
0.7830325658577059,0.7893865973289209,0.8143318716824371
0.7342874922215308,0.7572390970334476,0.827140549273021
0.5677245384774943,0.6020564945041957,0.6272790214631895
0.7222567931964323,0.7826498049875901,0.8705285021924763
0.7280647168637212,0.7347831225623449,0.743364874221094
0.7608380004148517,0.7358468266162392,0.771290099238403
0.7812694461729932,0.8207067722491431,0.6948996076621279
0.6507985895042522,0.7739037938777922,0.7690976228940688
0.7686164696121137,0.7302919276681243,0.8150242326332795
0.8047085666874092,0.7763857700035457,0.7685206554350335
0.733146650072599,0.7201276444864673,0.8184860373874914
0.6878241028832193,0.7232005673088288,0.7892914839603047
0.7294129848579133,0.7583028010873419,0.7040156935148858
0.7491184401576436,0.687980144190994,0.6830140780060004
0.6710226094171333,0.8508450537761494,0.7820216939764597
0.6896909354905622,0.7302919276681243,0.7704823447957535
0.762393694254304,0.7078359531970216,0.7129009923840295
0.6745488487865589,0.701926486230942,0.7520193861066236
0.7207010993569799,0.8191703108379624,0.6522040156935149
0.6431238332296204,0.6898711736201395,0.697092084006462
0.8791272896978182,0.8628302994715209,0.96840242669363
0.8961614747404036,0.7895478567234292,0.9038169868554095
0.8459922996149808,0.8930123311802701,0.9499494438827099
0.8876443822191109,0.9013505578391074,0.9216380182002022
0.9522809473807023,0.964063417498532,0.801567239635996
0.9879827324699568,0.926952436876101,0.8785389282103134
0.8392252945980633,0.9143863769817968,0.7709807886754297
0.831641582079104,0.8551967116852613,0.8501011122345804
0.7744720569361802,0.8649442160892542,0.8651415571284126
0.8469256796173142,0.8507339988256019,0.9108948432760364
0.8666433321666084,0.8446271285965943,0.9955763397371082
0.8298914945747288,0.8528479154433353,0.875252780586451
0.8441255396103139,0.7805049911920141,1.0269211324570273
0.8386419320966049,0.7728714034057546,0.8319009100101112
0.8414420721036052,0.884791544333529,0.7970171890798786
0.850309182125773,0.8567234292425132,0.7824823053589485
0.8214910745537277,0.797651203758074,0.8959807886754297
0.8084237545210594,0.8090428655314151,0.7513902932254802
0.783689184459223,0.8129183793305931,0.7498736097067745
0.8017734220044336,0.7675866118614211,0.8679221435793731
0.783689184459223,0.809395184967704,0.90659757330637
0.8403920196009801,0.9221374045801527,0.8669110212335692
0.8514759071286898,0.7142689371697005,0.7524014155712841
0.7323532843308832,0.7551379917792131,0.7654196157735086
0.8101738420254346,0.867997651203758,0.8111729019211324
0.8387586045968966,0.7770992366412214,0.8203993933265925
0.8717769221794424,0.8452143276570757,0.8733569261880687
0.78695601446739,0.8463887257780388,0.7933518705763397
0.8815774122039435,0.8344098649442161,0.8263397371081901
0.8546260646365652,0.8124486200822079,0.8900404448938322
0.8326916345817291,0.8400469759248386,0.8574317492416582
0.8629098121572746,0.9203758073987082,0.8140798786653185
0.7687028140013726,0.809942548950639,0.8717058222676201
0.7842598947609243,0.7683198499237894,0.7153217568947906
0.8633035918554106,0.8045491851330754,0.7866189989785496
0.7365591397849462,0.7665611443311057,0.8117466802860062
0.846373827499428,0.7308007972798687,0.8053115423901941
0.7671013498055365,0.7520225114315864,0.8631256384065373
0.8245252802562343,0.846640872317974,0.8426966292134831
0.7108213223518646,0.6962129206237543,0.7507660878447395
0.7566918325326012,0.8397232969867511,0.7955056179775281
0.9144360558224662,0.8045491851330754,0.7876404494382022
0.758979638526653,0.8369093680384571,0.785291113381001
0.7500571951498513,0.7554226755774417,0.779979570990807
0.8025623427133379,0.8268261226404033,0.7767109295199183
0.744909631663235,0.811349513424786,0.8234933605720123
0.6909174102036147,0.7377183726110915,0.6684371807967313
0.6708991077556623,0.759291827881346,0.8153217568947906
0.7895218485472432,0.764450697619885,0.8221654749744637
0.7139098604438343,0.8201430413882049,0.8790602655771195
