0.8813176358663337,0.6666319299708212,0.8151488806781134
0.6567962896896182,0.7052938724468528,0.6642034340360791
0.7439647996194554,0.6700708628595248,0.6894153444903282
0.7439647996194554,0.6684035014589412,0.6752879808737231
0.70484005232489,0.6920591913297207,0.7412519017604868
0.693304792484243,0.560754481033764,0.6086720278200392
0.7870139136639315,0.732388495206336,0.5922625516192133
0.8473064573671066,0.7050854522717799,0.8551401869158879
0.7555000594601022,0.6860150062526053,0.7157139752227777
0.7334998216196932,0.75,0.7814605520539013
0.8286359852538946,0.7397874114214256,0.7025646598565529
0.6835533357117374,0.649645685702376,0.6734405564007825
0.788203115709359,0.7404126719466444,0.7479895674853293
0.8590795576168391,0.641517298874531,0.927841773527494
0.7954572481864669,0.7319716548561901,0.7585307541838731
0.800689737186348,0.7604210087536474,0.7522277765703108
0.7978356522773219,0.6837223843268029,0.7858074331667029
0.7449161612557974,0.7151938307628178,0.7866768093892632
0.7313592579379237,0.75177157148812,0.7605955227124538
0.7775002973005114,0.769383076281784,0.7585307541838731
0.787251754073017,0.6790329303876615,0.7447294066507281
0.7308835771197526,0.7606294289287203,0.7680938926320365
0.7509810916874777,0.7287411421425594,0.8173223212345142
0.7315970983470091,0.746040016673614,0.7579873940447729
0.7409917945058866,0.6778866194247604,0.6903933927407085
0.7694137233916042,0.6259899958315965,0.7827646163877418
0.7208942799381615,0.682680283451438,0.6343186263855684
0.6639315019621834,0.6153605669028762,0.7128885024994567
0.7506243310738494,0.7021675698207587,0.7061508367746142
0.7801165418004519,0.6817423926636098,0.6801782221256248
0.7716732072779166,0.7359316381825761,0.7097370136926755
0.8210250921631586,0.688620258441017,0.7587480982395132
0.7632298727553811,0.7710504376823677,0.7858074331667029
0.8662147698894042,0.7546894539391413,0.7704846772440773
0.7970032108455226,0.7322842851187995,0.7927624429471853
0.7908193602092995,0.8842225927469779,0.7743968702455988
0.7961707694137234,0.7742809503959983,0.8430775918278635
0.8639552860030919,0.7218632763651521,0.7988480765051076
0.8264954215721251,0.769383076281784,0.7711367094109977
0.7224402425972173,0.6822634431012922,0.8025429254509889
